host: cpu-p-597
Building DAG of jobs...
Using shell: /usr/bin/bash
Provided remote nodes: 1
Provided resources: mem_mb=100000, mem_mib=95368, disk_mb=1000, disk_mib=954
Select jobs to execute...
Execute 1 jobs...

[Wed May 21 23:19:13 2025]
rule CALL_PLOIDY:
    input: sharks/HemOce/temp/NC_083442.1_pileup.vcf.gz
    output: sharks/HemOce/MSMC/Output_bam_caller_BED/NC_083442.1_unmodified_bed.txt.gz, sharks/HemOce/temp/NC_083442.1_only_snps.vcf.bgz
    jobid: 0
    reason: Forced execution
    wildcards: CLADE=sharks, SPEC_NAME=HemOce, CHROM=NC_083442.1
    resources: mem_mb=100000, mem_mib=95368, disk_mb=1000, disk_mib=954, tmpdir=<TBD>, slurm_account=DURBIN-SL2-CPU, slurm_partition=cclake-himem, runtime=120

host: cpu-p-597
Building DAG of jobs...
Using shell: /usr/bin/bash
Provided cores: 1 (use --cores to define parallelism)
Rules claiming more threads will be scaled down.
Provided resources: mem_mb=100000, mem_mib=95368, disk_mb=1000, disk_mib=954
Select jobs to execute...
Execute 1 jobs...

[Wed May 21 23:19:14 2025]
localrule CALL_PLOIDY:
    input: sharks/HemOce/temp/NC_083442.1_pileup.vcf.gz
    output: sharks/HemOce/MSMC/Output_bam_caller_BED/NC_083442.1_unmodified_bed.txt.gz, sharks/HemOce/temp/NC_083442.1_only_snps.vcf.bgz
    jobid: 0
    reason: Forced execution
    wildcards: CLADE=sharks, SPEC_NAME=HemOce, CHROM=NC_083442.1
    resources: mem_mb=100000, mem_mib=95368, disk_mb=1000, disk_mib=954, tmpdir=/tmp, slurm_account=DURBIN-SL2-CPU, slurm_partition=cclake-himem, runtime=120

parsing position 42072
parsing position 569441
parsing position 579441
parsing position 589441
parsing position 625133
parsing position 640554
parsing position 923989
parsing position 968574
parsing position 1621553
parsing position 1631553
parsing position 2554745
parsing position 2564745
parsing position 2574745
parsing position 2584745
parsing position 2594745
parsing position 2604745
parsing position 2614745
parsing position 2624745
parsing position 2634745
parsing position 2644745
parsing position 2654745
parsing position 2664745
parsing position 2674745
parsing position 2684745
parsing position 2694745
parsing position 2704745
parsing position 2714745
parsing position 2724745
parsing position 2734745
parsing position 2744745
parsing position 2754745
parsing position 2764745
parsing position 2774745
parsing position 2784745
parsing position 2794745
parsing position 2804745
parsing position 2814745
parsing position 2824745
parsing position 2834745
parsing position 2844745
parsing position 2854745
parsing position 2864745
parsing position 2874745
parsing position 2884745
parsing position 2894745
parsing position 2904745
parsing position 2914745
parsing position 2924745
parsing position 2934745
parsing position 2944745
parsing position 2954745
parsing position 2964745
parsing position 2974745
parsing position 2984745
parsing position 2994745
parsing position 3004745
parsing position 3014745
parsing position 3024745
parsing position 3034745
parsing position 3044745
parsing position 3054745
parsing position 3064745
parsing position 3074745
parsing position 3084745
parsing position 3094745
parsing position 3104745
parsing position 3114745
parsing position 3124745
parsing position 3134745
parsing position 3155521
parsing position 3185355
parsing position 3195355
parsing position 3205355
parsing position 3215355
parsing position 3225355
parsing position 3235355
parsing position 3245355
parsing position 3255355
parsing position 3265355
parsing position 3275355
parsing position 3285355
parsing position 3295355
parsing position 3305355
parsing position 3315355
parsing position 3325355
parsing position 3335355
parsing position 3345355
parsing position 3355355
parsing position 3365355
parsing position 3375355
parsing position 3385355
parsing position 3395355
parsing position 3405355
parsing position 3415355
parsing position 3425355
parsing position 3435540
parsing position 3445540
parsing position 3455540
parsing position 3465540
parsing position 3475540
parsing position 3485540
parsing position 3495540
parsing position 3505540
parsing position 3515540
parsing position 3525540
parsing position 3535540
parsing position 3545540
parsing position 3555540
parsing position 3565540
parsing position 3577603
parsing position 3587603
parsing position 3597603
parsing position 3607603
parsing position 3617603
parsing position 3627603
parsing position 3638672
parsing position 3648672
parsing position 3658672
parsing position 3668672
parsing position 3678672
parsing position 3688672
parsing position 3698672
parsing position 3708672
parsing position 3718672
parsing position 3728672
parsing position 3738672
parsing position 3748672
parsing position 3758672
parsing position 3768672
parsing position 3779185
parsing position 3789185
parsing position 3799185
parsing position 3809185
parsing position 3819185
parsing position 3829185
parsing position 3839185
parsing position 3849185
parsing position 3859185
parsing position 3869696
parsing position 3879696
parsing position 3889696
parsing position 3899696
parsing position 3909696
parsing position 3920197
parsing position 3930197
parsing position 3940197
parsing position 3950197
parsing position 3960197
parsing position 3970197
parsing position 3980197
parsing position 3990197
parsing position 4000197
parsing position 4010197
parsing position 4020197
parsing position 4030197
parsing position 4040197
parsing position 4050197
parsing position 4060197
parsing position 4071950
parsing position 4081950
parsing position 4091950
parsing position 4101950
parsing position 4111950
parsing position 4121950
parsing position 4131950
parsing position 4141950
parsing position 4151950
parsing position 4161950
parsing position 4171950
parsing position 4181950
parsing position 4191950
parsing position 4201950
parsing position 4211950
parsing position 4221950
parsing position 4231950
parsing position 4241950
parsing position 4251950
parsing position 4261950
parsing position 4271950
parsing position 4281950
parsing position 4291950
parsing position 4301950
parsing position 4311950
parsing position 4321950
parsing position 4331950
parsing position 4341950
parsing position 4351950
parsing position 4361950
parsing position 4371950
parsing position 4381950
parsing position 4391950
parsing position 4401950
parsing position 4411950
parsing position 4421950
parsing position 4431950
parsing position 4441950
parsing position 4451950
parsing position 4461950
parsing position 4471950
parsing position 4481950
parsing position 4491950
parsing position 4501950
parsing position 4511950
parsing position 4521950
parsing position 4531950
parsing position 4541950
parsing position 4551950
parsing position 4561950
parsing position 4571950
parsing position 4581950
parsing position 4591950
parsing position 4601950
parsing position 4611950
parsing position 4621950
parsing position 4631950
parsing position 4641950
parsing position 4651950
parsing position 4661950
parsing position 4671950
parsing position 4681950
parsing position 4691950
parsing position 4701950
parsing position 4711950
parsing position 4721950
parsing position 4731950
parsing position 4741950
parsing position 4751950
parsing position 4761950
parsing position 4771950
parsing position 4781950
parsing position 4791950
parsing position 4801950
parsing position 4811950
parsing position 4821950
parsing position 4831950
parsing position 4841950
parsing position 4871631
parsing position 4881631
parsing position 4891631
parsing position 4901631
parsing position 4911631
parsing position 4921831
parsing position 4931831
parsing position 4941831
parsing position 4951831
parsing position 4961831
parsing position 4971831
parsing position 4981831
parsing position 4991831
parsing position 5001831
parsing position 5011831
parsing position 5021831
parsing position 5031831
parsing position 5041831
parsing position 5051831
parsing position 5061831
parsing position 5071831
parsing position 5081831
parsing position 5091831
parsing position 5101831
parsing position 5111831
parsing position 5121831
parsing position 5131831
parsing position 5141831
parsing position 5151831
parsing position 5161831
parsing position 5171831
parsing position 5181831
parsing position 5191831
parsing position 5201831
parsing position 5211831
parsing position 5221831
parsing position 5231831
parsing position 5241831
parsing position 5251831
parsing position 5261831
parsing position 5271831
parsing position 5281831
parsing position 5291831
parsing position 5301831
parsing position 5311831
parsing position 5321831
parsing position 5331931
parsing position 5341931
parsing position 5351931
parsing position 5361931
parsing position 5371931
parsing position 5381931
parsing position 5391931
parsing position 5401931
parsing position 5411931
parsing position 5421931
parsing position 5431931
parsing position 5441931
parsing position 5451931
parsing position 5461931
parsing position 5471931
parsing position 5481931
parsing position 5491931
parsing position 5501931
parsing position 5511931
parsing position 5521931
parsing position 5531931
parsing position 5541931
parsing position 5551931
parsing position 5561931
parsing position 5571931
parsing position 5581931
parsing position 5591931
parsing position 5601931
parsing position 5611931
parsing position 5621931
parsing position 5631931
parsing position 5641931
parsing position 5651931
parsing position 5661931
parsing position 5671931
parsing position 5681931
parsing position 5691931
parsing position 5701931
parsing position 5711931
parsing position 5721931
parsing position 5731931
parsing position 5741931
parsing position 5751931
parsing position 5761931
parsing position 5771931
parsing position 5781931
parsing position 5791931
parsing position 5801931
parsing position 5811931
parsing position 5821931
parsing position 5831931
parsing position 5841931
parsing position 5851931
parsing position 5861931
parsing position 5871931
parsing position 5881931
parsing position 5891931
parsing position 5901931
parsing position 5911931
parsing position 5921931
parsing position 5931931
parsing position 5941931
parsing position 5951931
parsing position 5962031
parsing position 5972031
parsing position 5982031
parsing position 5992031
parsing position 6002031
parsing position 6012031
parsing position 6022031
parsing position 6032031
parsing position 6042031
parsing position 6052031
parsing position 6062031
parsing position 6072031
parsing position 6082031
parsing position 6092031
parsing position 6102031
parsing position 6112031
parsing position 6122031
parsing position 6132031
parsing position 6142031
parsing position 6152031
parsing position 6162031
parsing position 6172031
parsing position 6182031
parsing position 6192031
parsing position 6202031
parsing position 6212031
parsing position 6222031
parsing position 6232031
parsing position 6242031
parsing position 6252031
parsing position 6262031
parsing position 6272031
parsing position 6282031
parsing position 6292031
parsing position 6302031
parsing position 6312031
parsing position 6322031
parsing position 6332031
parsing position 6342031
parsing position 6352031
parsing position 6362031
parsing position 6372031
parsing position 6384573
parsing position 6394573
parsing position 6404573
parsing position 6414573
parsing position 6424573
parsing position 6434573
parsing position 6444573
parsing position 6454573
parsing position 6464573
parsing position 6474573
parsing position 6484573
parsing position 6494573
parsing position 6504573
parsing position 6514573
parsing position 6524573
parsing position 6534573
parsing position 6544573
parsing position 6554573
parsing position 6564573
parsing position 6574573
parsing position 6584573
parsing position 6594573
parsing position 6604573
parsing position 6614573
parsing position 6624573
parsing position 6634573
parsing position 6644573
parsing position 6654573
parsing position 6664573
parsing position 6674573
parsing position 6684573
parsing position 6694573
parsing position 6704573
parsing position 6714573
parsing position 6724573
parsing position 6734573
parsing position 6744573
parsing position 6754573
parsing position 6764573
parsing position 6774573
parsing position 6812308
parsing position 6822308
parsing position 6832308
parsing position 6842308
parsing position 6852308
parsing position 6862308
parsing position 6872308
parsing position 6882408
parsing position 6892408
parsing position 6902408
parsing position 6912408
parsing position 6922408
parsing position 6932408
parsing position 6942509
parsing position 6953026
parsing position 6963026
parsing position 6973026
parsing position 6983026
parsing position 6993026
parsing position 7003026
parsing position 7013026
parsing position 7023026
parsing position 7033026
parsing position 7043026
parsing position 7053026
parsing position 7063026
parsing position 7073026
parsing position 7083026
parsing position 7093026
parsing position 7103026
parsing position 7113026
parsing position 7123026
parsing position 7133026
parsing position 7143026
parsing position 7153026
parsing position 7163026
parsing position 7173026
parsing position 7183026
parsing position 7193026
parsing position 7203026
parsing position 7213026
parsing position 7223026
parsing position 7233026
parsing position 7243026
parsing position 7253026
parsing position 7263026
parsing position 7273026
parsing position 7283026
parsing position 7293026
parsing position 7303222
parsing position 7313222
parsing position 7323222
parsing position 7333222
parsing position 7343222
parsing position 7353222
parsing position 7363222
parsing position 7373222
parsing position 7383222
parsing position 7393222
parsing position 7403222
parsing position 7413222
parsing position 7423222
parsing position 7433222
parsing position 7443222
parsing position 7453222
parsing position 7463222
parsing position 7473222
parsing position 7483222
parsing position 7493222
parsing position 7504295
parsing position 7514295
parsing position 7524295
parsing position 7534295
parsing position 7544295
parsing position 7554295
parsing position 7564295
parsing position 7574295
parsing position 7584295
parsing position 7594295
parsing position 7604295
parsing position 7614295
parsing position 7624295
parsing position 7634295
parsing position 7644295
parsing position 7654295
parsing position 7664295
parsing position 7674295
parsing position 7684295
parsing position 7694295
parsing position 7704295
parsing position 7714295
parsing position 7724295
parsing position 7734295
parsing position 7744295
parsing position 7754295
parsing position 7764295
parsing position 7774295
parsing position 7784295
parsing position 7794295
parsing position 7804295
parsing position 7814295
parsing position 7824295
parsing position 7834295
parsing position 7844295
parsing position 7854295
parsing position 7864295
parsing position 7874295
parsing position 7884295
parsing position 7894295
parsing position 7904295
parsing position 7914295
parsing position 7924295
parsing position 7934295
parsing position 7944295
parsing position 7954295
parsing position 7964395
parsing position 7974395
parsing position 7984395
parsing position 7994395
parsing position 8004395
parsing position 8014395
parsing position 8024395
parsing position 8034395
parsing position 8044395
parsing position 8054595
parsing position 8064595
parsing position 8074595
parsing position 8084595
parsing position 8094595
parsing position 8104595
parsing position 8114595
parsing position 8124595
parsing position 8134595
parsing position 8144595
parsing position 8257731
parsing position 8267731
parsing position 8277731
parsing position 8287731
parsing position 8297731
parsing position 8307731
parsing position 8317731
parsing position 8327731
parsing position 8337831
parsing position 8347831
parsing position 8357831
parsing position 8367831
parsing position 8377831
parsing position 8387831
parsing position 8397831
parsing position 8407831
parsing position 8417831
parsing position 8427831
parsing position 8437831
parsing position 8447831
parsing position 8457831
parsing position 8467831
parsing position 8477831
parsing position 8487831
parsing position 8497831
parsing position 8507831
parsing position 8517931
parsing position 8527931
parsing position 8537931
parsing position 8547931
parsing position 8557931
parsing position 8567931
parsing position 8577931
parsing position 8587931
parsing position 8597931
parsing position 8607931
parsing position 8617931
parsing position 8627931
parsing position 8637931
parsing position 8647931
parsing position 8657931
parsing position 8667931
parsing position 8677931
parsing position 8687931
parsing position 8697931
parsing position 8707931
parsing position 8717931
parsing position 8727931
parsing position 8737931
parsing position 8747931
parsing position 8757931
parsing position 8767931
parsing position 8777931
parsing position 8787931
parsing position 8797931
parsing position 8807931
parsing position 8817931
parsing position 8827931
parsing position 8837931
parsing position 8847931
parsing position 8857931
parsing position 8867931
parsing position 8877931
parsing position 8887931
parsing position 8897931
parsing position 8907931
parsing position 8917931
parsing position 8927931
parsing position 8937931
parsing position 8947931
parsing position 8957931
parsing position 8967931
parsing position 8977931
parsing position 8987931
parsing position 8997931
parsing position 9007931
parsing position 9017931
parsing position 9027931
parsing position 9037931
parsing position 9047931
parsing position 9057931
parsing position 9067931
parsing position 9077931
parsing position 9087931
parsing position 9097931
parsing position 9107931
parsing position 9117931
parsing position 9127931
parsing position 9137931
parsing position 9147931
parsing position 9157931
parsing position 9167931
parsing position 9177931
parsing position 9187931
parsing position 9197931
parsing position 9207931
parsing position 9217931
parsing position 9227931
parsing position 9237931
parsing position 9247931
parsing position 9257931
parsing position 9267931
parsing position 9277931
parsing position 9287931
parsing position 9297931
parsing position 9307931
parsing position 9317931
parsing position 9327931
parsing position 9337931
parsing position 9347931
parsing position 9357931
parsing position 9367931
parsing position 9377931
parsing position 9387931
parsing position 9397931
parsing position 9407931
parsing position 9417931
parsing position 9427931
parsing position 9437931
parsing position 9447931
parsing position 9457931
parsing position 9467931
parsing position 9477931
parsing position 9487931
parsing position 9497931
parsing position 9507931
parsing position 9517931
parsing position 9527931
parsing position 9537931
parsing position 9547931
parsing position 9557931
parsing position 9567931
parsing position 9577931
parsing position 9587931
parsing position 9597931
parsing position 9607931
parsing position 9617931
parsing position 9627931
parsing position 9637931
parsing position 9647931
parsing position 9657931
parsing position 9669034
parsing position 9679034
parsing position 9689034
parsing position 9699034
parsing position 9709034
parsing position 9719034
parsing position 9729034
parsing position 9739034
parsing position 9749034
parsing position 9759034
parsing position 9769034
parsing position 9779034
parsing position 9789034
parsing position 9799034
parsing position 9809034
parsing position 9819034
parsing position 9829034
parsing position 9839034
parsing position 9849034
parsing position 9859034
parsing position 9869034
parsing position 9879034
parsing position 9889034
parsing position 9899034
parsing position 9909034
parsing position 9919034
parsing position 9929034
parsing position 9939034
parsing position 9949034
parsing position 9959034
parsing position 9969034
parsing position 9979034
parsing position 9989034
parsing position 9999034
parsing position 10009034
parsing position 10019034
parsing position 10029034
parsing position 10039034
parsing position 10049034
parsing position 10059034
parsing position 10069034
parsing position 10079034
parsing position 10089034
parsing position 10099034
parsing position 10109034
parsing position 10119034
parsing position 10129034
parsing position 10139034
parsing position 10149034
parsing position 10159034
parsing position 10169034
parsing position 10179034
parsing position 10189034
parsing position 10199034
parsing position 10209034
parsing position 10219034
parsing position 10229034
parsing position 10239034
parsing position 10249034
parsing position 10259034
parsing position 10269034
parsing position 10279034
parsing position 10289034
parsing position 10299034
parsing position 10309034
parsing position 10319034
parsing position 10329034
parsing position 10339034
parsing position 10349034
parsing position 10359034
parsing position 10369034
parsing position 10379034
parsing position 10389034
parsing position 10399034
parsing position 10409034
parsing position 10419034
parsing position 10429034
parsing position 10439034
parsing position 10449034
parsing position 10459034
parsing position 10469034
parsing position 10479034
parsing position 10489034
parsing position 10499034
parsing position 10509034
parsing position 10519034
parsing position 10529034
parsing position 10539034
parsing position 10549034
parsing position 10559034
parsing position 10569034
parsing position 10579034
parsing position 10589034
parsing position 10599034
parsing position 10609034
parsing position 10626977
parsing position 10636977
parsing position 10646977
parsing position 10656977
parsing position 10666977
parsing position 10676977
parsing position 10686977
parsing position 10696977
parsing position 10706977
parsing position 10716977
parsing position 10726977
parsing position 10736977
parsing position 10746977
parsing position 10756977
parsing position 10766977
parsing position 10776977
parsing position 10786977
parsing position 10796977
parsing position 10806977
parsing position 10816977
parsing position 10826977
parsing position 10836977
parsing position 10846977
parsing position 10856977
parsing position 10866977
parsing position 10876977
parsing position 10886977
parsing position 10896977
parsing position 10906977
parsing position 10916977
parsing position 10926977
parsing position 10936977
parsing position 10946977
parsing position 10960902
parsing position 10970902
parsing position 10980902
parsing position 10990902
parsing position 11000902
parsing position 11010902
parsing position 11020902
parsing position 11030902
parsing position 11040902
parsing position 11050902
parsing position 11060902
parsing position 11070902
parsing position 11080929
parsing position 11090929
parsing position 11100929
parsing position 11110929
parsing position 11120929
parsing position 11130929
parsing position 11140929
parsing position 11150929
parsing position 11160929
parsing position 11170929
parsing position 11180929
parsing position 11190929
parsing position 11200929
parsing position 11210929
parsing position 11220929
parsing position 11230929
parsing position 11240929
parsing position 11250929
parsing position 11260929
parsing position 11270929
parsing position 11280929
parsing position 11290929
parsing position 11300929
parsing position 11310929
parsing position 11320929
parsing position 11330929
parsing position 11340929
parsing position 11350929
parsing position 11360929
parsing position 11370929
parsing position 11380929
parsing position 11390929
parsing position 11400929
parsing position 11410929
parsing position 11420929
parsing position 11430929
parsing position 11440929
parsing position 11450929
parsing position 11460929
parsing position 11470929
parsing position 11489619
parsing position 11499992
parsing position 11509992
parsing position 11519992
parsing position 11529992
parsing position 11539992
parsing position 11549992
parsing position 11559992
parsing position 11569992
parsing position 11579992
parsing position 11589992
parsing position 11599992
parsing position 11609992
parsing position 11619992
parsing position 11629992
parsing position 11639992
parsing position 11649992
parsing position 11659992
parsing position 11669992
parsing position 11679992
parsing position 11689992
parsing position 11699992
parsing position 11709992
parsing position 11719992
parsing position 11729992
parsing position 11739992
parsing position 11749992
parsing position 11759992
parsing position 11769992
parsing position 11779992
parsing position 11789992
parsing position 11799992
parsing position 11809992
parsing position 11819992
parsing position 11829992
parsing position 11839992
parsing position 11849992
parsing position 11859992
parsing position 11869992
parsing position 11879992
parsing position 11889992
parsing position 11899992
parsing position 11909992
parsing position 11919992
parsing position 11929992
parsing position 11939992
parsing position 11949992
parsing position 11959992
parsing position 11969992
parsing position 11979992
parsing position 11989992
parsing position 11999992
parsing position 12009992
parsing position 12019992
parsing position 12029992
parsing position 12039992
parsing position 12049992
parsing position 12059992
parsing position 12069992
parsing position 12079992
parsing position 12089992
parsing position 12099992
parsing position 12109992
parsing position 12119992
parsing position 12129992
parsing position 12139992
parsing position 12149992
parsing position 12159992
parsing position 12169992
parsing position 12179992
parsing position 12189992
parsing position 12199992
parsing position 12209992
parsing position 12219992
parsing position 12229992
parsing position 12239992
parsing position 12249992
parsing position 12259992
parsing position 12269992
parsing position 12279992
parsing position 12289992
parsing position 12299992
parsing position 12309992
parsing position 12319992
parsing position 12329992
parsing position 12339992
parsing position 12349992
parsing position 12359992
parsing position 12369992
parsing position 12433623
parsing position 12443888
parsing position 12453888
parsing position 12463888
parsing position 12474157
parsing position 12484157
parsing position 12501686
parsing position 12511686
parsing position 12521686
parsing position 12531686
parsing position 12541686
parsing position 12551686
parsing position 12561686
parsing position 12571686
parsing position 12581686
parsing position 12591686
parsing position 12601686
parsing position 12611686
parsing position 12621686
parsing position 12631686
parsing position 12641686
parsing position 12651686
parsing position 12661686
parsing position 12672770
parsing position 12682770
parsing position 12692770
parsing position 12702770
parsing position 12712770
parsing position 12723220
parsing position 12733220
parsing position 12743220
parsing position 12763519
parsing position 12773519
parsing position 12783519
parsing position 12793519
parsing position 12803519
parsing position 12813519
parsing position 12823519
parsing position 12833519
parsing position 12843519
parsing position 12853519
parsing position 12863519
parsing position 12873519
parsing position 12883519
parsing position 12893519
parsing position 12903519
parsing position 12913519
parsing position 12923519
parsing position 12933519
parsing position 12943519
parsing position 12953519
parsing position 12963519
parsing position 12973519
parsing position 12983519
parsing position 12993519
parsing position 13003519
parsing position 13013519
parsing position 13023519
parsing position 13033519
parsing position 13043519
parsing position 13053519
parsing position 13063519
parsing position 13073519
parsing position 13083519
parsing position 13093519
parsing position 13103519
parsing position 13113519
parsing position 13123519
parsing position 13133519
parsing position 13143519
parsing position 13153519
parsing position 13163519
parsing position 13173519
parsing position 13183519
parsing position 13193519
parsing position 13203519
parsing position 13213519
parsing position 13223519
parsing position 13233519
parsing position 13243519
parsing position 13253519
parsing position 13263519
parsing position 13273519
parsing position 13283519
parsing position 13293519
parsing position 13303519
parsing position 13313519
parsing position 13323616
parsing position 13333616
parsing position 13343616
parsing position 13353616
parsing position 13363616
parsing position 13373616
parsing position 13383616
parsing position 13393616
parsing position 13403616
parsing position 13413616
parsing position 13423616
parsing position 13433616
parsing position 13443616
parsing position 13453616
parsing position 13463616
parsing position 13473616
parsing position 13483616
parsing position 13493616
parsing position 13503616
parsing position 13513616
parsing position 13523616
parsing position 13533616
parsing position 13543616
parsing position 13553616
parsing position 13563616
parsing position 13573616
parsing position 13583616
parsing position 13593616
parsing position 13603616
parsing position 13613616
parsing position 13623847
parsing position 13633847
parsing position 13643847
parsing position 13653847
parsing position 13663847
parsing position 13673847
parsing position 13683847
parsing position 13693847
parsing position 13703847
parsing position 13713847
parsing position 13723847
parsing position 13733847
parsing position 13743847
parsing position 13753847
parsing position 13763847
parsing position 13773847
parsing position 13783847
parsing position 13793847
parsing position 13803847
parsing position 13813847
parsing position 13823847
parsing position 13833847
parsing position 13843847
parsing position 13853847
parsing position 13863847
parsing position 13873847
parsing position 13883847
parsing position 13893847
parsing position 13903847
parsing position 13913847
parsing position 13923847
parsing position 13933847
parsing position 13943847
parsing position 13953847
parsing position 13963847
parsing position 13973847
parsing position 13983847
parsing position 13993847
parsing position 14003847
parsing position 14013847
parsing position 14023847
parsing position 14033847
parsing position 14043847
parsing position 14053847
parsing position 14063847
parsing position 14075192
parsing position 14085192
parsing position 14095192
parsing position 14105192
parsing position 14115192
parsing position 14125192
parsing position 14135219
parsing position 14145219
parsing position 14155219
parsing position 14165219
parsing position 14175219
parsing position 14185219
parsing position 14195219
parsing position 14205219
parsing position 14215219
parsing position 14225219
parsing position 14235219
parsing position 14245219
parsing position 14255219
parsing position 14265219
parsing position 14275219
parsing position 14285219
parsing position 14295219
parsing position 14305219
parsing position 14315219
parsing position 14325219
parsing position 14335219
parsing position 14345219
parsing position 14355219
parsing position 14365219
parsing position 14375219
parsing position 14385219
parsing position 14395219
parsing position 14405219
parsing position 14415219
parsing position 14425219
parsing position 14435219
parsing position 14445219
parsing position 14455219
parsing position 14465219
parsing position 14475219
parsing position 14485219
parsing position 14495219
parsing position 14505219
parsing position 14515219
parsing position 14525219
parsing position 14535219
parsing position 14545219
parsing position 14555219
parsing position 14565219
parsing position 14575219
parsing position 14585219
parsing position 14595219
parsing position 14605219
parsing position 14615219
parsing position 14625219
parsing position 14635219
parsing position 14645219
parsing position 14655219
parsing position 14665219
parsing position 14675219
parsing position 14685262
parsing position 14695288
parsing position 14705288
parsing position 14715288
parsing position 14725288
parsing position 14735288
parsing position 14745288
parsing position 14755288
parsing position 14765288
parsing position 14775288
parsing position 14785288
parsing position 14795288
parsing position 14805288
parsing position 14815650
parsing position 14825650
parsing position 14835650
parsing position 14845650
parsing position 14855650
parsing position 14865650
parsing position 14875650
parsing position 14885650
parsing position 14895650
parsing position 14905650
parsing position 14915650
parsing position 14925650
parsing position 14935650
parsing position 14945650
parsing position 14955650
parsing position 14967324
parsing position 14977324
parsing position 14987324
parsing position 14997324
parsing position 15007324
parsing position 15017324
parsing position 15027324
parsing position 15037324
parsing position 15047324
parsing position 15057324
parsing position 15067324
parsing position 15077324
parsing position 15087324
parsing position 15097324
parsing position 15107324
parsing position 15117324
parsing position 15127324
parsing position 15137324
parsing position 15147324
parsing position 15157324
parsing position 15167324
parsing position 15177324
parsing position 15187324
parsing position 15197324
parsing position 15207324
parsing position 15217324
parsing position 15227324
parsing position 15237324
parsing position 15247324
parsing position 15257324
parsing position 15267324
parsing position 15277718
parsing position 15287718
parsing position 15297718
parsing position 15307718
parsing position 15317718
parsing position 15327718
parsing position 15337718
parsing position 15347718
parsing position 15357718
parsing position 15367718
parsing position 15377718
parsing position 15387860
parsing position 15397860
parsing position 15407860
parsing position 15417860
parsing position 15427860
parsing position 15437860
parsing position 15447860
parsing position 15457860
parsing position 15467860
parsing position 15477860
parsing position 15487860
parsing position 15497860
parsing position 15507860
parsing position 15517860
parsing position 15527860
parsing position 15537860
parsing position 15547860
parsing position 15557860
parsing position 15567860
parsing position 15577860
parsing position 15587860
parsing position 15597860
parsing position 15607860
parsing position 15617860
parsing position 15627860
parsing position 15637860
parsing position 15648903
parsing position 15658903
parsing position 15668903
parsing position 15678903
parsing position 15688903
parsing position 15698903
parsing position 15708903
parsing position 15718903
parsing position 15728903
parsing position 15738903
parsing position 15748903
parsing position 15758903
parsing position 15768903
parsing position 15778903
parsing position 15788903
parsing position 15798903
parsing position 15808903
parsing position 15818903
parsing position 15828903
parsing position 15838903
parsing position 15848903
parsing position 15858903
parsing position 15868903
parsing position 15878955
parsing position 15888955
parsing position 15898955
parsing position 15908955
parsing position 15918955
parsing position 15928955
parsing position 15938955
parsing position 15948955
parsing position 15959280
parsing position 15970037
parsing position 15980037
parsing position 15990037
parsing position 16000037
parsing position 16010037
parsing position 16020037
parsing position 16030037
parsing position 16040037
parsing position 16051726
parsing position 16061726
parsing position 16071726
parsing position 16081726
parsing position 16091726
parsing position 16101726
parsing position 16111726
parsing position 16121726
parsing position 16131726
parsing position 16141726
parsing position 16151726
parsing position 16161726
parsing position 16171726
parsing position 16181726
parsing position 16191726
parsing position 16201726
parsing position 16211726
parsing position 16221726
parsing position 16231726
parsing position 16241726
parsing position 16251726
parsing position 16261726
parsing position 16271726
parsing position 16281726
parsing position 16291766
parsing position 16301766
parsing position 16311766
parsing position 16321766
parsing position 16331766
parsing position 16341766
parsing position 16351766
parsing position 16361766
parsing position 16371766
parsing position 16381766
parsing position 16391766
parsing position 16401766
parsing position 16411766
parsing position 16421766
parsing position 16433030
parsing position 16443850
parsing position 16456241
parsing position 16466241
parsing position 16476241
parsing position 16486241
parsing position 16496241
parsing position 16506420
parsing position 16516420
parsing position 16526420
parsing position 16536420
parsing position 16546420
parsing position 16556420
parsing position 16566433
parsing position 16576433
parsing position 16586532
parsing position 16596532
parsing position 16606532
parsing position 16616532
parsing position 16627558
parsing position 16637558
parsing position 16647558
parsing position 16658278
parsing position 16668278
parsing position 16678278
parsing position 16688278
parsing position 16698278
parsing position 16708278
parsing position 16718278
parsing position 16728278
parsing position 16738278
parsing position 16748278
parsing position 16758278
parsing position 16768278
parsing position 16778278
parsing position 16788278
parsing position 16798278
parsing position 16808824
parsing position 16819898
parsing position 16839748
parsing position 16849748
parsing position 16859748
parsing position 16869748
parsing position 16879748
parsing position 16889748
parsing position 16899987
parsing position 16910374
parsing position 16920374
parsing position 16930374
parsing position 16940374
parsing position 16950374
parsing position 16960374
parsing position 16970374
parsing position 16980374
parsing position 16998542
parsing position 17037421
parsing position 17047421
parsing position 17057421
parsing position 17067421
parsing position 17077421
parsing position 17087421
parsing position 17097421
parsing position 17107421
parsing position 17117421
parsing position 17127421
parsing position 17137421
parsing position 17147421
parsing position 17157773
parsing position 17170277
parsing position 17180277
parsing position 17190277
parsing position 17200277
parsing position 17210277
parsing position 17220277
parsing position 17230277
parsing position 17241269
parsing position 17251269
parsing position 17261269
parsing position 17271269
parsing position 17281269
parsing position 17291269
parsing position 17301269
parsing position 17311269
parsing position 17321269
parsing position 17331269
parsing position 17341269
parsing position 17351269
parsing position 17361269
parsing position 17371269
parsing position 17381269
parsing position 17391269
parsing position 17401269
parsing position 17411269
parsing position 17421269
parsing position 17431269
parsing position 17441269
parsing position 17451269
parsing position 17461269
parsing position 17471269
parsing position 17481269
parsing position 17491269
parsing position 17501269
parsing position 17511269
parsing position 17521269
parsing position 17531269
parsing position 17541269
parsing position 17551269
parsing position 17561269
parsing position 17571269
parsing position 17581269
parsing position 17591269
parsing position 17601269
parsing position 17611269
parsing position 17621269
parsing position 17631269
parsing position 17641269
parsing position 17651269
parsing position 17661269
parsing position 17671269
parsing position 17681269
parsing position 17691269
parsing position 17701269
parsing position 17711269
parsing position 17721269
parsing position 17731269
parsing position 17741269
parsing position 17753163
parsing position 17763163
parsing position 17773163
parsing position 17783163
parsing position 17793163
parsing position 17909668
parsing position 17919668
parsing position 17929668
parsing position 17939668
parsing position 17949668
parsing position 17959668
parsing position 17969668
parsing position 17979668
parsing position 17989668
parsing position 17999668
parsing position 18009668
parsing position 18019668
parsing position 18029668
parsing position 18039668
parsing position 18049668
parsing position 18059668
parsing position 18069668
parsing position 18079668
parsing position 18089668
parsing position 18099668
parsing position 18110024
parsing position 18120024
parsing position 18130024
parsing position 18140024
parsing position 18150138
parsing position 18160138
parsing position 18170138
parsing position 18180138
parsing position 18190138
parsing position 18200138
parsing position 18210138
parsing position 18220138
parsing position 18230138
parsing position 18240138
parsing position 18250138
parsing position 18260138
parsing position 18270138
parsing position 18280138
parsing position 18290138
parsing position 18300138
parsing position 18310138
parsing position 18320138
parsing position 18330138
parsing position 18340138
parsing position 18350138
parsing position 18360138
parsing position 18370138
parsing position 18380138
parsing position 18390138
parsing position 18400138
parsing position 18410138
parsing position 18420138
parsing position 18430138
parsing position 18440138
parsing position 18450138
parsing position 18460138
parsing position 18470138
parsing position 18480138
parsing position 18490138
parsing position 18500138
parsing position 18510138
parsing position 18520138
parsing position 18530138
parsing position 18540138
parsing position 18550138
parsing position 18560138
parsing position 18570138
parsing position 18580138
parsing position 18590138
parsing position 18600138
parsing position 18610138
parsing position 18620138
parsing position 18630138
parsing position 18640138
parsing position 18660120
parsing position 18670120
parsing position 18680120
parsing position 18690120
parsing position 18700120
parsing position 18710489
parsing position 18720489
parsing position 18730489
parsing position 18740489
parsing position 18750489
parsing position 18760489
parsing position 18770489
parsing position 18780489
parsing position 18790489
parsing position 18800489
parsing position 18810489
parsing position 18820489
parsing position 18830489
parsing position 18840489
parsing position 18850489
parsing position 18860489
parsing position 18870489
parsing position 18880489
parsing position 18890489
parsing position 18900489
parsing position 18910489
parsing position 18920489
parsing position 18930489
parsing position 18940489
parsing position 18950489
parsing position 18960489
parsing position 18970489
parsing position 18980529
parsing position 18990529
parsing position 19000529
parsing position 19010529
parsing position 19020808
parsing position 19030808
parsing position 19040808
parsing position 19050808
parsing position 19060808
parsing position 19070808
parsing position 19080808
parsing position 19090808
parsing position 19100808
parsing position 19110860
parsing position 19120860
parsing position 19130860
parsing position 19140860
parsing position 19150860
parsing position 19160860
parsing position 19170860
parsing position 19180860
parsing position 19190860
parsing position 19200860
parsing position 19210860
parsing position 19220860
parsing position 19230860
parsing position 19240860
parsing position 19250860
parsing position 19260860
parsing position 19270860
parsing position 19280860
parsing position 19290860
parsing position 19300860
parsing position 19310860
parsing position 19320860
parsing position 19330860
parsing position 19340860
parsing position 19350860
parsing position 19360860
parsing position 19370860
parsing position 19380860
parsing position 19390860
parsing position 19400860
parsing position 19411534
parsing position 19421534
parsing position 19431534
parsing position 19441534
parsing position 19451534
parsing position 19461534
parsing position 19471534
parsing position 19481534
parsing position 19491635
parsing position 19501635
parsing position 19511635
parsing position 19521635
parsing position 19531635
parsing position 19541635
parsing position 19551635
parsing position 19561635
parsing position 19572217
parsing position 19582217
parsing position 19592217
parsing position 19602217
parsing position 19612217
parsing position 19623027
parsing position 19634921
parsing position 19644921
parsing position 19654921
parsing position 19664921
parsing position 19674921
parsing position 19684921
parsing position 19694921
parsing position 19704921
parsing position 19718866
parsing position 19728866
parsing position 19738866
parsing position 19749884
parsing position 19759884
parsing position 19769884
parsing position 19779884
parsing position 19789884
parsing position 19799884
parsing position 19809884
parsing position 19819909
parsing position 19829909
parsing position 19839909
parsing position 19849909
parsing position 19859909
parsing position 19869909
parsing position 19879909
parsing position 19889909
parsing position 19899909
parsing position 19909909
parsing position 19919909
parsing position 19929909
parsing position 19939909
parsing position 19949909
parsing position 19959909
parsing position 19969909
parsing position 19979909
parsing position 19989909
parsing position 19999909
parsing position 20009909
parsing position 20019909
parsing position 20029909
parsing position 20039909
parsing position 20049909
parsing position 20059909
parsing position 20069909
parsing position 20079909
parsing position 20089909
parsing position 20099909
parsing position 20109909
parsing position 20119909
parsing position 20132161
parsing position 20142161
parsing position 20152161
parsing position 20162161
parsing position 20172161
parsing position 20182161
parsing position 20192161
parsing position 20202161
parsing position 20212161
parsing position 20222161
parsing position 20232161
parsing position 20242161
parsing position 20252161
parsing position 20262161
parsing position 20272161
parsing position 20282161
parsing position 20292161
parsing position 20302161
parsing position 20312161
parsing position 20322161
parsing position 20332161
parsing position 20342885
parsing position 20352885
parsing position 20362885
parsing position 20372885
parsing position 20382885
parsing position 20392885
parsing position 20402885
parsing position 20413451
parsing position 20423451
parsing position 20433451
parsing position 20443451
parsing position 20453451
parsing position 20463451
parsing position 20473451
parsing position 20483599
parsing position 20493599
parsing position 20503599
parsing position 20513599
parsing position 20523599
parsing position 20533599
parsing position 20543599
parsing position 20553599
parsing position 20563599
parsing position 20573599
parsing position 20583599
parsing position 20593599
parsing position 20603599
parsing position 20613599
parsing position 20623599
parsing position 20633599
parsing position 20643599
parsing position 20653599
parsing position 20663599
parsing position 20673599
parsing position 20683599
parsing position 20693599
parsing position 20703599
parsing position 20713599
parsing position 20723599
parsing position 20733599
parsing position 20743599
parsing position 20753599
parsing position 20763599
parsing position 20773599
parsing position 20783599
parsing position 20793599
parsing position 20803599
parsing position 20813682
parsing position 20823682
parsing position 20833682
parsing position 20843732
parsing position 20853732
parsing position 20863732
parsing position 20873732
parsing position 20883732
parsing position 20893732
parsing position 20903732
parsing position 20913732
parsing position 20923732
parsing position 20933732
parsing position 20943732
parsing position 20953732
parsing position 20963732
parsing position 20973942
parsing position 20983942
parsing position 20993942
parsing position 21003942
parsing position 21013942
parsing position 21023942
parsing position 21033942
parsing position 21043942
parsing position 21053942
parsing position 21063966
parsing position 21073966
parsing position 21083966
parsing position 21093966
parsing position 21103966
parsing position 21113966
parsing position 21123966
parsing position 21133966
parsing position 21143966
parsing position 21153966
parsing position 21163966
parsing position 21173966
parsing position 21184083
parsing position 21194083
parsing position 21204083
parsing position 21214083
parsing position 21224083
parsing position 21234083
parsing position 21244083
parsing position 21254083
parsing position 21264083
parsing position 21274083
parsing position 21284083
parsing position 21294083
parsing position 21304083
parsing position 21314083
parsing position 21324083
parsing position 21334083
parsing position 21344083
parsing position 21354083
parsing position 21364083
parsing position 21374083
parsing position 21384083
parsing position 21394083
parsing position 21404083
parsing position 21414083
parsing position 21424083
parsing position 21434083
parsing position 21444083
parsing position 21454083
parsing position 21464083
parsing position 21474083
parsing position 21484083
parsing position 21494083
parsing position 21504083
parsing position 21514083
parsing position 21524083
parsing position 21534083
parsing position 21544083
parsing position 21554083
parsing position 21564083
parsing position 21574083
parsing position 21584083
parsing position 21594083
parsing position 21604083
parsing position 21614083
parsing position 21624083
parsing position 21634083
parsing position 21644083
parsing position 21654083
parsing position 21664083
parsing position 21674083
parsing position 21684083
parsing position 21694083
parsing position 21704083
parsing position 21714083
parsing position 21724083
parsing position 21734083
parsing position 21744083
parsing position 21754083
parsing position 21764083
parsing position 21774083
parsing position 21784083
parsing position 21794083
parsing position 21804083
parsing position 21814083
parsing position 21824083
parsing position 21834083
parsing position 21844083
parsing position 21854083
parsing position 21864083
parsing position 21874083
parsing position 21884083
parsing position 21894083
parsing position 21904083
parsing position 21914083
parsing position 21924083
parsing position 21934083
parsing position 21944083
parsing position 21954083
parsing position 21964083
parsing position 21974083
parsing position 21984083
parsing position 21994083
parsing position 22004083
parsing position 22014083
parsing position 22024083
parsing position 22034083
parsing position 22044083
parsing position 22054083
parsing position 22064083
parsing position 22074083
parsing position 22084083
parsing position 22094083
parsing position 22104083
parsing position 22114083
parsing position 22124083
parsing position 22134083
parsing position 22144083
parsing position 22154083
parsing position 22164083
parsing position 22174083
parsing position 22184083
parsing position 22194083
parsing position 22204083
parsing position 22214083
parsing position 22224083
parsing position 22234083
parsing position 22244083
parsing position 22254083
parsing position 22264083
parsing position 22274083
parsing position 22284083
parsing position 22294083
parsing position 22304083
parsing position 22314083
parsing position 22324083
parsing position 22334083
parsing position 22344083
parsing position 22354083
parsing position 22364083
parsing position 22374083
parsing position 22384083
parsing position 22394083
parsing position 22404083
parsing position 22414083
parsing position 22424083
parsing position 22434083
parsing position 22444083
parsing position 22454083
parsing position 22464083
parsing position 22474083
parsing position 22484083
parsing position 22494083
parsing position 22504083
parsing position 22514083
parsing position 22524083
parsing position 22534083
parsing position 22544083
parsing position 22554083
parsing position 22564083
parsing position 22574083
parsing position 22584083
parsing position 22594083
parsing position 22604083
parsing position 22614083
parsing position 22624083
parsing position 22634083
parsing position 22644083
parsing position 22654083
parsing position 22664083
parsing position 22674083
parsing position 22684083
parsing position 22694083
parsing position 22704083
parsing position 22714083
parsing position 22724083
parsing position 22734083
parsing position 22744083
parsing position 22754083
parsing position 22764083
parsing position 22774083
parsing position 22784083
parsing position 22794083
parsing position 22804083
parsing position 22814083
parsing position 22824083
parsing position 22834083
parsing position 22844083
parsing position 22854083
parsing position 22864083
parsing position 22874083
parsing position 22884083
parsing position 22894083
parsing position 22904083
parsing position 22914083
parsing position 22924083
parsing position 22934083
parsing position 22944083
parsing position 22954083
parsing position 22964083
parsing position 22974083
parsing position 22984083
parsing position 22994083
parsing position 23004083
parsing position 23014083
parsing position 23024083
parsing position 23034083
parsing position 23044083
parsing position 23054083
parsing position 23064083
parsing position 23074083
parsing position 23084083
parsing position 23094083
parsing position 23104083
parsing position 23114083
parsing position 23124083
parsing position 23134083
parsing position 23144083
parsing position 23154083
parsing position 23164083
parsing position 23174083
parsing position 23184083
parsing position 23194083
parsing position 23204083
parsing position 23214083
parsing position 23224083
parsing position 23234083
parsing position 23244083
parsing position 23254083
parsing position 23264083
parsing position 23274083
parsing position 23284083
parsing position 23294083
parsing position 23304083
parsing position 23314083
parsing position 23324083
parsing position 23334083
parsing position 23344083
parsing position 23354083
parsing position 23364083
parsing position 23374083
parsing position 23384083
parsing position 23394083
parsing position 23404368
parsing position 23414368
parsing position 23424368
parsing position 23434368
parsing position 23444368
parsing position 23454368
parsing position 23464368
parsing position 23474368
parsing position 23484368
parsing position 23494368
parsing position 23504368
parsing position 23514368
parsing position 23524368
parsing position 23534368
parsing position 23544368
parsing position 23554368
parsing position 23564368
parsing position 23574368
parsing position 23584368
parsing position 23594368
parsing position 23604368
parsing position 23614368
parsing position 23624368
parsing position 23634368
parsing position 23644368
parsing position 23654368
parsing position 23664368
parsing position 23674368
parsing position 23684368
parsing position 23694368
parsing position 23704368
parsing position 23714368
parsing position 23724368
parsing position 23734368
parsing position 23744368
parsing position 23754368
parsing position 23764368
parsing position 23774368
parsing position 23784368
parsing position 23794368
parsing position 23804368
parsing position 23814368
parsing position 23824368
parsing position 23834368
parsing position 23844368
parsing position 23854368
parsing position 23864368
parsing position 23874368
parsing position 23884368
parsing position 23894368
parsing position 23904368
parsing position 23914368
parsing position 23924368
parsing position 23934368
parsing position 23944368
parsing position 23954368
parsing position 23964368
parsing position 23974370
parsing position 23984370
parsing position 23994370
parsing position 24004370
parsing position 24014370
parsing position 24024370
parsing position 24034370
parsing position 24044370
parsing position 24054370
parsing position 24064370
parsing position 24074370
parsing position 24084370
parsing position 24094370
parsing position 24104370
parsing position 24114370
parsing position 24124370
parsing position 24134370
parsing position 24144370
parsing position 24154370
parsing position 24164370
parsing position 24174370
parsing position 24184370
parsing position 24194370
parsing position 24204370
parsing position 24214370
parsing position 24224370
parsing position 24234370
parsing position 24244370
parsing position 24254370
parsing position 24264370
parsing position 24274370
parsing position 24284370
parsing position 24419185
parsing position 24429185
parsing position 24439185
parsing position 24449185
parsing position 24459185
parsing position 24469185
parsing position 24479185
parsing position 24489185
parsing position 24499185
parsing position 24509185
parsing position 24519185
parsing position 24529185
parsing position 24539185
parsing position 24549185
parsing position 24559185
parsing position 24569185
parsing position 24579185
parsing position 24589185
parsing position 24599185
parsing position 24609185
parsing position 24619185
parsing position 24631151
parsing position 24641151
parsing position 24651151
parsing position 24661151
parsing position 24671151
parsing position 24681151
parsing position 24691151
parsing position 24701151
parsing position 24711151
parsing position 24721151
parsing position 24731151
parsing position 24741151
parsing position 24751151
parsing position 24761151
parsing position 24771151
parsing position 24781151
parsing position 24791151
parsing position 24801151
parsing position 24811151
parsing position 24821151
parsing position 24831151
parsing position 24841151
parsing position 24851151
parsing position 24861151
parsing position 24871151
parsing position 24881151
parsing position 24891151
parsing position 24901151
parsing position 24911151
parsing position 24921151
parsing position 24931151
parsing position 24941151
parsing position 24951151
parsing position 24961151
parsing position 24971151
parsing position 24981151
parsing position 24991151
parsing position 25001151
parsing position 25011151
parsing position 25021151
parsing position 25031151
parsing position 25041151
parsing position 25051151
parsing position 25061151
parsing position 25071151
parsing position 25081151
parsing position 25091151
parsing position 25101151
parsing position 25111151
parsing position 25121151
parsing position 25131151
parsing position 25141151
parsing position 25151151
parsing position 25161151
parsing position 25171151
parsing position 25181151
parsing position 25191151
parsing position 25201151
parsing position 25211151
parsing position 25221151
parsing position 25231151
parsing position 25241151
parsing position 25251151
parsing position 25261151
parsing position 25271151
parsing position 25281151
parsing position 25291151
parsing position 25301151
parsing position 25311151
parsing position 25321151
parsing position 25331151
parsing position 25341151
parsing position 25351151
parsing position 25361151
parsing position 25371151
parsing position 25381151
parsing position 25391151
parsing position 25401151
parsing position 25411151
parsing position 25421151
parsing position 25431151
parsing position 25441151
parsing position 25451151
parsing position 25461151
parsing position 25471151
parsing position 25481151
parsing position 25491151
parsing position 25501151
parsing position 25511151
parsing position 25521151
parsing position 25531151
parsing position 25541151
parsing position 25551151
parsing position 25561151
parsing position 25571151
parsing position 25581151
parsing position 25591151
parsing position 25601151
parsing position 25611151
parsing position 25621151
parsing position 25631151
parsing position 25641151
parsing position 25651151
parsing position 25661151
parsing position 25671151
parsing position 25681151
parsing position 25691151
parsing position 25701151
parsing position 25711151
parsing position 25721151
parsing position 25731151
parsing position 25741151
parsing position 25751151
parsing position 25761151
parsing position 25771151
parsing position 25781151
parsing position 25791151
parsing position 25801151
parsing position 25811151
parsing position 25821151
parsing position 25831151
parsing position 25841444
parsing position 25851444
parsing position 25861444
parsing position 25871444
parsing position 25881444
parsing position 25891444
parsing position 25901444
parsing position 25911444
parsing position 25921444
parsing position 25931444
parsing position 25941444
parsing position 25951444
parsing position 25961444
parsing position 25971444
parsing position 25981444
parsing position 25991444
parsing position 26001444
parsing position 26011444
parsing position 26021444
parsing position 26031444
parsing position 26041444
parsing position 26051444
parsing position 26061444
parsing position 26071444
parsing position 26081444
parsing position 26091444
parsing position 26101444
parsing position 26111444
parsing position 26121444
parsing position 26131444
parsing position 26141444
parsing position 26151444
parsing position 26161444
parsing position 26171444
parsing position 26181444
parsing position 26191444
parsing position 26201444
parsing position 26211444
parsing position 26221444
parsing position 26231444
parsing position 26241444
parsing position 26251444
parsing position 26261444
parsing position 26271444
parsing position 26281444
parsing position 26291444
parsing position 26301444
parsing position 26311444
parsing position 26321444
parsing position 26331444
parsing position 26341444
parsing position 26351444
parsing position 26361444
parsing position 26371444
parsing position 26381444
parsing position 26391444
parsing position 26401444
parsing position 26411444
parsing position 26421444
parsing position 26431444
parsing position 26441444
parsing position 26451444
parsing position 26461444
parsing position 26471444
parsing position 26481444
parsing position 26491444
parsing position 26501444
parsing position 26511444
parsing position 26521444
parsing position 26531444
parsing position 26541444
parsing position 26551444
parsing position 26561444
parsing position 26571444
parsing position 26581444
parsing position 26591562
parsing position 26601562
parsing position 26611562
parsing position 26621562
parsing position 26631562
parsing position 26641562
parsing position 26651562
parsing position 26661562
parsing position 26671562
parsing position 26681562
parsing position 26691562
parsing position 26701562
parsing position 26711562
parsing position 26721562
parsing position 26731562
parsing position 26741562
parsing position 26751562
parsing position 26761562
parsing position 26771562
parsing position 26781562
parsing position 26791562
parsing position 26801562
parsing position 26811562
parsing position 26821562
parsing position 26831562
parsing position 26841562
parsing position 26851562
parsing position 26861562
parsing position 26871562
parsing position 26881562
parsing position 26891562
parsing position 26901562
parsing position 26911562
parsing position 26921562
parsing position 26931562
parsing position 26941562
parsing position 26951562
parsing position 26961562
parsing position 26971562
parsing position 26981562
parsing position 26991562
parsing position 27001562
parsing position 27011562
parsing position 27021562
parsing position 27031562
parsing position 27041562
parsing position 27051562
parsing position 27061562
parsing position 27071562
parsing position 27081562
parsing position 27091562
parsing position 27101562
parsing position 27111562
parsing position 27121562
parsing position 27131562
parsing position 27141562
parsing position 27151562
parsing position 27161562
parsing position 27171562
parsing position 27181562
parsing position 27191562
parsing position 27201562
parsing position 27211562
parsing position 27221562
parsing position 27231815
parsing position 27241815
parsing position 27251815
parsing position 27261815
parsing position 27271815
parsing position 27281927
parsing position 27291927
parsing position 27301927
parsing position 27311927
parsing position 27321927
parsing position 27331927
parsing position 27341927
parsing position 27351927
parsing position 27361927
parsing position 27371927
parsing position 27381927
parsing position 27391927
parsing position 27401927
parsing position 27411927
parsing position 27421927
parsing position 27431927
parsing position 27442015
parsing position 27452015
parsing position 27462015
parsing position 27472015
parsing position 27482015
parsing position 27492015
parsing position 27502015
parsing position 27512015
parsing position 27522015
parsing position 27532015
parsing position 27542015
parsing position 27552015
parsing position 27562015
parsing position 27572015
parsing position 27582015
parsing position 27592015
parsing position 27602015
parsing position 27612015
parsing position 27622015
parsing position 27632015
parsing position 27642015
parsing position 27652015
parsing position 27662015
parsing position 27672015
parsing position 27682015
parsing position 27692453
parsing position 27702453
parsing position 27712453
parsing position 27722453
parsing position 27732453
parsing position 27742453
parsing position 27752453
parsing position 27762453
parsing position 27772453
parsing position 27782453
parsing position 27792453
parsing position 27802453
parsing position 27812453
parsing position 27822453
parsing position 27832453
parsing position 27842453
parsing position 27852453
parsing position 27862453
parsing position 27872453
parsing position 27882764
parsing position 27892764
parsing position 27902764
parsing position 27913516
parsing position 27923516
parsing position 27933516
parsing position 27943516
parsing position 27953516
parsing position 27963516
parsing position 27973516
parsing position 27983516
parsing position 27993516
parsing position 28003677
parsing position 28013677
parsing position 28023677
parsing position 28033677
parsing position 28043677
parsing position 28053677
parsing position 28063677
parsing position 28073677
parsing position 28083677
parsing position 28093677
parsing position 28103677
parsing position 28113677
parsing position 28123677
parsing position 28133677
parsing position 28143677
parsing position 28153677
parsing position 28163677
parsing position 28173677
parsing position 28183677
parsing position 28193677
parsing position 28203677
parsing position 28213677
parsing position 28223677
parsing position 28233677
parsing position 28243677
parsing position 28253677
parsing position 28263677
parsing position 28273677
parsing position 28283677
parsing position 28293677
parsing position 28303677
parsing position 28313677
parsing position 28323677
parsing position 28333677
parsing position 28343677
parsing position 28353677
parsing position 28363677
parsing position 28373677
parsing position 28383677
parsing position 28393677
parsing position 28403677
parsing position 28413775
parsing position 28423775
parsing position 28433775
parsing position 28443775
parsing position 28453775
parsing position 28463775
parsing position 28474018
parsing position 28484018
parsing position 28494018
parsing position 28504018
parsing position 28514018
parsing position 28524018
parsing position 28534018
parsing position 28544018
parsing position 28554018
parsing position 28564018
parsing position 28574018
parsing position 28584018
parsing position 28594018
parsing position 28604018
parsing position 28614018
parsing position 28624018
parsing position 28634018
parsing position 28644018
parsing position 28654018
parsing position 28664018
parsing position 28674018
parsing position 28684018
parsing position 28694018
parsing position 28704018
parsing position 28714018
parsing position 28724018
parsing position 28734018
parsing position 28744018
parsing position 28754018
parsing position 28764018
parsing position 28774018
parsing position 28784018
parsing position 28794018
parsing position 28804018
parsing position 28814018
parsing position 28824018
parsing position 28834018
parsing position 28844018
parsing position 28854018
parsing position 28864018
parsing position 28874018
parsing position 28884018
parsing position 28894018
parsing position 28904018
parsing position 28914018
parsing position 28924018
parsing position 28934018
parsing position 28944018
parsing position 28954018
parsing position 28964018
parsing position 28974018
parsing position 28984018
parsing position 28994018
parsing position 29004018
parsing position 29014018
parsing position 29024018
parsing position 29034018
parsing position 29044018
parsing position 29054018
parsing position 29064018
parsing position 29074018
parsing position 29084018
parsing position 29094018
parsing position 29104018
parsing position 29114018
parsing position 29124018
parsing position 29134018
parsing position 29144018
parsing position 29154018
parsing position 29164018
parsing position 29174018
parsing position 29184018
parsing position 29194018
parsing position 29204018
parsing position 29214018
parsing position 29224018
parsing position 29234018
parsing position 29244018
parsing position 29254018
parsing position 29264018
parsing position 29274018
parsing position 29284018
parsing position 29294018
parsing position 29304018
parsing position 29314018
parsing position 29324018
parsing position 29334018
parsing position 29344018
parsing position 29354050
parsing position 29364050
parsing position 29374050
parsing position 29384050
parsing position 29394050
parsing position 29404050
parsing position 29414050
parsing position 29424050
parsing position 29434050
parsing position 29444050
parsing position 29454050
parsing position 29464050
parsing position 29474050
parsing position 29484050
parsing position 29494050
parsing position 29504050
parsing position 29514050
parsing position 29524050
parsing position 29534050
parsing position 29544050
parsing position 29554050
parsing position 29564050
parsing position 29574050
parsing position 29584050
parsing position 29594050
parsing position 29604050
parsing position 29614050
parsing position 29624050
parsing position 29634050
parsing position 29644050
parsing position 29654050
parsing position 29664050
parsing position 29674050
parsing position 29684050
parsing position 29694050
parsing position 29704050
parsing position 29714050
parsing position 29726446
parsing position 29736446
parsing position 29746446
parsing position 29756446
parsing position 29766446
parsing position 29776446
parsing position 29786446
parsing position 29796446
parsing position 29806446
parsing position 29816446
parsing position 29826446
parsing position 29836446
parsing position 29846446
parsing position 29856446
parsing position 29866446
parsing position 29876446
parsing position 29886446
parsing position 29896446
parsing position 29906446
parsing position 29916446
parsing position 29926446
parsing position 29936446
parsing position 29946446
parsing position 29956446
parsing position 29966446
parsing position 29976446
parsing position 29986446
parsing position 29996446
parsing position 30006446
parsing position 30016446
parsing position 30026446
parsing position 30036446
parsing position 30046446
parsing position 30056446
parsing position 30066584
parsing position 30076584
parsing position 30086584
parsing position 30096584
parsing position 30106584
parsing position 30116584
parsing position 30126584
parsing position 30136584
parsing position 30146584
parsing position 30156584
parsing position 30166584
parsing position 30176584
parsing position 30186584
parsing position 30196584
parsing position 30206584
parsing position 30216584
parsing position 30226584
parsing position 30236584
parsing position 30246584
parsing position 30256584
parsing position 30266584
parsing position 30276584
parsing position 30286584
parsing position 30296584
parsing position 30306584
parsing position 30316584
parsing position 30326584
parsing position 30336584
parsing position 30346584
parsing position 30356584
parsing position 30366584
parsing position 30376584
parsing position 30386584
parsing position 30396584
parsing position 30406584
parsing position 30416584
parsing position 30426584
parsing position 30436584
parsing position 30446584
parsing position 30456584
parsing position 30466584
parsing position 30476584
parsing position 30486584
parsing position 30496584
parsing position 30506584
parsing position 30516584
parsing position 30526584
parsing position 30536584
parsing position 30546584
parsing position 30556584
parsing position 30566584
parsing position 30576584
parsing position 30586584
parsing position 30596584
parsing position 30606584
parsing position 30616584
parsing position 30626584
parsing position 30636584
parsing position 30646584
parsing position 30656584
parsing position 30666584
parsing position 30676584
parsing position 30686584
parsing position 30696584
parsing position 30706657
parsing position 30716657
parsing position 30726657
parsing position 30736657
parsing position 30746657
parsing position 30756657
parsing position 30766657
parsing position 30776657
parsing position 30786681
parsing position 30796681
parsing position 30806681
parsing position 30816681
parsing position 30826681
parsing position 30836681
parsing position 30846681
parsing position 30856681
parsing position 30866681
parsing position 30876681
parsing position 30886681
parsing position 30896681
parsing position 30906681
parsing position 30916681
parsing position 30926681
parsing position 30936681
parsing position 30946681
parsing position 30956681
parsing position 30966681
parsing position 30976681
parsing position 30986681
parsing position 30996681
parsing position 31006681
parsing position 31016681
parsing position 31026681
parsing position 31036681
parsing position 31046681
parsing position 31056681
parsing position 31066681
parsing position 31076681
parsing position 31086681
parsing position 31096681
parsing position 31106681
parsing position 31116681
parsing position 31126681
parsing position 31136681
parsing position 31146681
parsing position 31156681
parsing position 31166681
parsing position 31176681
parsing position 31186681
parsing position 31197290
parsing position 31207488
parsing position 31217488
parsing position 31227488
parsing position 31237488
parsing position 31248885
parsing position 31258885
parsing position 31268885
parsing position 31278885
parsing position 31288885
parsing position 31298885
parsing position 31308885
parsing position 31319012
parsing position 31329012
parsing position 31339012
parsing position 31349012
parsing position 31359012
parsing position 31369012
parsing position 31379012
parsing position 31389012
parsing position 31399012
parsing position 31409012
parsing position 31419012
parsing position 31429012
parsing position 31439012
parsing position 31449012
parsing position 31459012
parsing position 31469012
parsing position 31479012
parsing position 31489012
parsing position 31499012
parsing position 31509012
parsing position 31519012
parsing position 31529012
parsing position 31539012
parsing position 31549012
parsing position 31559012
parsing position 31569012
parsing position 31579012
parsing position 31589012
parsing position 31599012
parsing position 31614090
parsing position 31625889
parsing position 31635889
parsing position 31645889
parsing position 31655889
parsing position 31665889
parsing position 31675889
parsing position 31686294
parsing position 31696294
parsing position 31706294
parsing position 31716294
parsing position 31726294
parsing position 31737116
parsing position 31750716
parsing position 31760824
parsing position 31770824
parsing position 31780824
parsing position 31790824
parsing position 31800824
parsing position 31810824
parsing position 31821072
parsing position 31831072
parsing position 31841072
parsing position 31852783
parsing position 31863083
parsing position 31906376
parsing position 31916376
parsing position 31926376
parsing position 31936376
parsing position 31946376
parsing position 31956376
parsing position 31967584
parsing position 31977584
parsing position 31987584
parsing position 31997584
parsing position 32007584
parsing position 32019158
parsing position 32029158
parsing position 32039158
parsing position 32049158
parsing position 32059158
parsing position 32069158
parsing position 32079158
parsing position 32089158
parsing position 32099158
parsing position 32109158
parsing position 32119158
parsing position 32129158
parsing position 32139158
parsing position 32149158
parsing position 32159158
parsing position 32169158
parsing position 32179158
parsing position 32189158
parsing position 32199158
parsing position 32209158
parsing position 32219158
parsing position 32229288
parsing position 32239288
parsing position 32249288
parsing position 32259288
parsing position 32269576
parsing position 32279576
parsing position 32289576
parsing position 32299576
parsing position 32309576
parsing position 32319576
parsing position 32329576
parsing position 32339576
parsing position 32349576
parsing position 32359576
parsing position 32369576
parsing position 32379576
parsing position 32389576
parsing position 32399576
parsing position 32409576
parsing position 32419576
parsing position 32429576
parsing position 32439576
parsing position 32450266
parsing position 32460266
parsing position 32470266
parsing position 32480266
parsing position 32490266
parsing position 32500266
parsing position 32510266
parsing position 32520266
parsing position 32530266
parsing position 32540266
parsing position 32550266
parsing position 32560266
parsing position 32570266
parsing position 32580266
parsing position 32590266
parsing position 32600266
parsing position 32610266
parsing position 32620531
parsing position 32630531
parsing position 32640555
parsing position 32650555
parsing position 32660555
parsing position 32670555
parsing position 32680555
parsing position 32690555
parsing position 32700555
parsing position 32710555
parsing position 32720677
parsing position 32730677
parsing position 32740677
parsing position 32750677
parsing position 32760677
parsing position 32770677
parsing position 32780677
parsing position 32790677
parsing position 32800677
parsing position 32810677
parsing position 32820677
parsing position 32830677
parsing position 32840677
parsing position 32850677
parsing position 32860677
parsing position 32870677
parsing position 32880677
parsing position 32890677
parsing position 32900677
parsing position 32910677
parsing position 32920677
parsing position 32930677
parsing position 32940677
parsing position 32950677
parsing position 32960677
parsing position 32970677
parsing position 32980919
parsing position 32990919
parsing position 33000919
parsing position 33010919
parsing position 33020919
parsing position 33031462
parsing position 33041462
parsing position 33051462
parsing position 33061462
parsing position 33071462
parsing position 33081462
parsing position 33091462
parsing position 33101462
parsing position 33111517
parsing position 33121517
parsing position 33131517
parsing position 33141517
parsing position 33151517
parsing position 33161517
parsing position 33171517
parsing position 33181517
parsing position 33191517
parsing position 33202197
parsing position 33212647
parsing position 33222647
parsing position 33232647
parsing position 33242647
parsing position 33252647
parsing position 33262647
parsing position 33273032
parsing position 33283032
parsing position 33293032
parsing position 33303032
parsing position 33313032
parsing position 33323057
parsing position 33333057
parsing position 33343057
parsing position 33353057
parsing position 33363057
parsing position 33373057
parsing position 33383057
parsing position 33393057
parsing position 33403057
parsing position 33413057
parsing position 33423057
parsing position 33433057
parsing position 33443057
parsing position 33453057
parsing position 33463057
parsing position 33473057
parsing position 33483057
parsing position 33493057
parsing position 33503057
parsing position 33513057
parsing position 33523057
parsing position 33533057
parsing position 33543057
parsing position 33553057
parsing position 33563285
parsing position 33573285
parsing position 33585410
parsing position 33595410
parsing position 33606174
parsing position 33616174
parsing position 33626174
parsing position 33636245
parsing position 33646245
parsing position 33656245
parsing position 33666245
parsing position 33676245
parsing position 33686245
parsing position 33696245
parsing position 33706245
parsing position 33716245
parsing position 33726245
parsing position 33736245
parsing position 33746245
parsing position 33756245
parsing position 33766245
parsing position 33776245
parsing position 33786245
parsing position 33796245
parsing position 33806245
parsing position 33816245
parsing position 33826245
parsing position 33836245
parsing position 33846245
parsing position 33856245
parsing position 33867126
parsing position 33877126
parsing position 33887126
parsing position 33897126
parsing position 33907126
parsing position 33917126
parsing position 33927126
parsing position 33937126
parsing position 33947126
parsing position 33957126
parsing position 33967126
parsing position 33977126
parsing position 33987126
parsing position 33997126
parsing position 34007126
parsing position 34017126
parsing position 34027126
parsing position 34037126
parsing position 34047126
parsing position 34057149
parsing position 34067149
parsing position 34077149
parsing position 34087149
parsing position 34097149
parsing position 34107149
parsing position 34117149
parsing position 34127149
parsing position 34137149
parsing position 34147149
parsing position 34157149
parsing position 34167149
parsing position 34177149
parsing position 34187149
parsing position 34197149
parsing position 34207149
parsing position 34217149
parsing position 34227149
parsing position 34237149
parsing position 34247149
parsing position 34257149
parsing position 34267149
parsing position 34277371
parsing position 34287558
parsing position 34297558
parsing position 34307558
parsing position 34317558
parsing position 34327558
parsing position 34337558
parsing position 34347558
parsing position 34357558
parsing position 34367558
parsing position 34377558
parsing position 34387558
parsing position 34397558
parsing position 34407558
parsing position 34417558
parsing position 34427558
parsing position 34437558
parsing position 34447558
parsing position 34457558
parsing position 34467558
parsing position 34477558
parsing position 34487558
parsing position 34497558
parsing position 34507558
parsing position 34517558
parsing position 34527558
parsing position 34537558
parsing position 34547586
parsing position 34557586
parsing position 34567586
parsing position 34577586
parsing position 34587586
parsing position 34597586
parsing position 34607586
parsing position 34617586
parsing position 34627586
parsing position 34637586
parsing position 34647586
parsing position 34657586
parsing position 34667586
parsing position 34677586
parsing position 34687586
parsing position 34697586
parsing position 34707586
parsing position 34717586
parsing position 34727586
parsing position 34737586
parsing position 34747586
parsing position 34759141
parsing position 34769141
parsing position 34779464
parsing position 34789464
parsing position 34799464
parsing position 34809464
parsing position 34819464
parsing position 34829464
parsing position 34839464
parsing position 34849464
parsing position 34859464
parsing position 34869464
parsing position 34879464
parsing position 34889464
parsing position 34899464
parsing position 34909464
parsing position 34919464
parsing position 34929464
parsing position 34939672
parsing position 34949672
parsing position 34959672
parsing position 34969672
parsing position 34979672
parsing position 34998370
parsing position 35008370
parsing position 35018370
parsing position 35028370
parsing position 35038370
parsing position 35048370
parsing position 35058370
parsing position 35068370
parsing position 35078370
parsing position 35088370
parsing position 35098370
parsing position 35108370
parsing position 35118370
parsing position 35128370
parsing position 35138370
parsing position 35150099
parsing position 35160861
parsing position 35170861
parsing position 35180861
parsing position 35190861
parsing position 35200861
parsing position 35210861
parsing position 35222279
parsing position 35232279
parsing position 35242279
parsing position 35252279
parsing position 35262279
parsing position 35272279
parsing position 35282279
parsing position 35292279
parsing position 35302279
parsing position 35312279
parsing position 35322279
parsing position 35332306
parsing position 35342306
parsing position 35352306
parsing position 35362306
parsing position 35372306
parsing position 35382306
parsing position 35392306
parsing position 35402306
parsing position 35412306
parsing position 35422306
parsing position 35432306
parsing position 35442306
parsing position 35452306
parsing position 35462306
parsing position 35472306
parsing position 35482306
parsing position 35492306
parsing position 35502306
parsing position 35512306
parsing position 35522306
parsing position 35532306
parsing position 35542306
parsing position 35552306
parsing position 35562306
parsing position 35572306
parsing position 35582306
parsing position 35592306
parsing position 35602306
parsing position 35612306
parsing position 35622306
parsing position 35632306
parsing position 35642306
parsing position 35652306
parsing position 35662306
parsing position 35672516
parsing position 35682516
parsing position 35692516
parsing position 35702516
parsing position 35712516
parsing position 35722516
parsing position 35732516
parsing position 35742516
parsing position 35752516
parsing position 35762516
parsing position 35772516
parsing position 35782516
parsing position 35792516
parsing position 35802516
parsing position 35812516
parsing position 35822516
parsing position 35832516
parsing position 35842516
parsing position 35852516
parsing position 35862516
parsing position 35872516
parsing position 35882516
parsing position 35892516
parsing position 35902516
parsing position 35912516
parsing position 35922516
parsing position 35932516
parsing position 35942516
parsing position 35952516
parsing position 35962516
parsing position 35972516
parsing position 35982516
parsing position 35992516
parsing position 36002516
parsing position 36012516
parsing position 36022516
parsing position 36032516
parsing position 36042516
parsing position 36052516
parsing position 36062516
parsing position 36072516
parsing position 36082516
parsing position 36092516
parsing position 36102516
parsing position 36112516
parsing position 36122516
parsing position 36132516
parsing position 36142516
parsing position 36152516
parsing position 36162516
parsing position 36172516
parsing position 36182516
parsing position 36192516
parsing position 36202516
parsing position 36212516
parsing position 36222516
parsing position 36232516
parsing position 36242516
parsing position 36252516
parsing position 36262516
parsing position 36272539
parsing position 36282539
parsing position 36292539
parsing position 36302539
parsing position 36312539
parsing position 36322539
parsing position 36332539
parsing position 36342539
parsing position 36352539
parsing position 36362539
parsing position 36372539
parsing position 36382539
parsing position 36392539
parsing position 36402539
parsing position 36412539
parsing position 36422539
parsing position 36432539
parsing position 36442539
parsing position 36452539
parsing position 36462539
parsing position 36472539
parsing position 36482539
parsing position 36492539
parsing position 36502539
parsing position 36512539
parsing position 36522539
parsing position 36532539
parsing position 36542539
parsing position 36552539
parsing position 36562539
parsing position 36572539
parsing position 36582539
parsing position 36592539
parsing position 36602539
parsing position 36612539
parsing position 36622597
parsing position 36632597
parsing position 36642597
parsing position 36652597
parsing position 36662597
parsing position 36672597
parsing position 36682597
parsing position 36692597
parsing position 36702597
parsing position 36712597
parsing position 36722597
parsing position 36732597
parsing position 36742597
parsing position 36752597
parsing position 36762597
parsing position 36772597
parsing position 36782597
parsing position 36792597
parsing position 36802597
parsing position 36812597
parsing position 36822597
parsing position 36832597
parsing position 36842597
parsing position 36852597
parsing position 36862597
parsing position 36872597
parsing position 36882597
parsing position 36892597
parsing position 36902597
parsing position 36912597
parsing position 36922597
parsing position 36932597
parsing position 36942597
parsing position 36952597
parsing position 36962597
parsing position 36972597
parsing position 36982597
parsing position 36992597
parsing position 37002597
parsing position 37012597
parsing position 37022597
parsing position 37033268
parsing position 37043268
parsing position 37053268
parsing position 37063268
parsing position 37073268
parsing position 37083268
parsing position 37093268
parsing position 37103268
parsing position 37113268
parsing position 37123268
parsing position 37133268
parsing position 37143268
parsing position 37153268
parsing position 37163268
parsing position 37173268
parsing position 37183268
parsing position 37193268
parsing position 37203268
parsing position 37213268
parsing position 37223268
parsing position 37233268
parsing position 37243268
parsing position 37253268
parsing position 37263268
parsing position 37273268
parsing position 37283268
parsing position 37293268
parsing position 37303268
[Wed May 21 23:23:00 2025]
Finished job 0.
1 of 1 steps (100%) done
Storing output in storage.
[Wed May 21 23:23:00 2025]
Finished job 0.
1 of 1 steps (100%) done
Storing output in storage.
