host: cpu-p-248
Building DAG of jobs...
Using shell: /usr/bin/bash
Provided remote nodes: 1
Provided resources: mem_mb=100000, mem_mib=95368, disk_mb=4127, disk_mib=3936
Select jobs to execute...
Execute 1 jobs...

[Tue May 20 16:21:51 2025]
rule CALC_HET_PER_CHR:
    input: sharks/HetFra/temp/HetFra_Var_Only.txt, sharks/HetFra/Reference_HetFra_Chroms_Lengths.txt, sharks/HetFra/HetFra_ROH_Results.csv
    output: sharks/HetFra/20250411_CM071012.1_het.txt
    jobid: 0
    reason: Forced execution
    wildcards: CLADE=sharks, SPEC_NAME=HetFra, TODAY_DATE=20250411, CHR=CM071012.1
    resources: mem_mb=100000, mem_mib=95368, disk_mb=4127, disk_mib=3936, tmpdir=<TBD>, slurm_account=DURBIN-SL2-CPU, slurm_partition=cclake-himem, runtime=120

host: cpu-p-248
Building DAG of jobs...
Using shell: /usr/bin/bash
Provided cores: 1 (use --cores to define parallelism)
Rules claiming more threads will be scaled down.
Provided resources: mem_mb=100000, mem_mib=95368, disk_mb=4127, disk_mib=3936
Select jobs to execute...
Execute 1 jobs...

[Tue May 20 16:21:54 2025]
localrule CALC_HET_PER_CHR:
    input: sharks/HetFra/temp/HetFra_Var_Only.txt, sharks/HetFra/Reference_HetFra_Chroms_Lengths.txt, sharks/HetFra/HetFra_ROH_Results.csv
    output: sharks/HetFra/20250411_CM071012.1_het.txt
    jobid: 0
    reason: Forced execution
    wildcards: CLADE=sharks, SPEC_NAME=HetFra, TODAY_DATE=20250411, CHR=CM071012.1
    resources: mem_mb=100000, mem_mib=95368, disk_mb=4127, disk_mib=3936, tmpdir=/tmp, slurm_account=DURBIN-SL2-CPU, slurm_partition=cclake-himem, runtime=120

Waiting at most 60 seconds for missing files:
sharks/HetFra/20250411_CM071012.1_het.txt (missing locally)
MissingOutputException in rule CALC_HET_PER_CHR in file /rds/project/rds-p67MZilb2eQ/projects/VGP/heterozygosity/Snakefile, line 454:
Job 0 completed successfully, but some output files are missing. Missing files after 60 seconds. This might be due to filesystem latency. If that is the case, consider to increase the wait time with --latency-wait:
sharks/HetFra/20250411_CM071012.1_het.txt (missing locally, parent dir contents: 20250411_CM070986.1_ROH_Results.txt, 20250411_CM070997.1_het.txt, 20250411_CM070962.1_GCA_036365495.1_FROH.txt, 20250411_CM070975.1_GCA_036365495.1_FROH.txt, 20250411_CM070997.1_GCA_036365495.1_FROH.txt, 20250411_CM070976.1_het.txt, 20250411_CM070963.1_het.txt, 20250411_CM070967.1_ROH_Results.txt, 20250411_CM070980.1_het.txt, 20250411_CM071005.1_het.txt, 20250411_CM070968.1_ROH_Results.txt, 20250411_CM070980.1_ROH_Results.txt, 20250411_CM071012.1_ROH_Results.txt, 20250411_CM070999.1_het.txt, 20250411_CM070968.1_GCA_036365495.1_FROH.txt, 20250411_CM071010.1_het.txt, 20250411_CM071005.1_GCA_036365495.1_FROH.txt, 20250411_CM071004.1_het.txt, 20250411_CM070963.1_GCA_036365495.1_FROH.txt, HetFra_ALN.chain.1aln, 20250411_CM071002.1_ROH_Results.txt, HetFra_ROH_Results.csv, 20250411_CM070987.1_ROH_Results.txt, 20250411_CM070982.1_GCA_036365495.1_FROH.txt, 20250411_CM070979.1_ROH_Results.txt, 20250411_CM071007.1_ROH_Results.txt, 20250411_CM070985.1_GCA_036365495.1_FROH.txt, 20250411_CM070999.1_GCA_036365495.1_FROH.txt, 20250411_CM070990.1_GCA_036365495.1_FROH.txt, 20250411_CM070983.1_ROH_Results.txt, temp, 20250411_CM070966.1_ROH_Results.txt, 20250411_CM070981.1_GCA_036365495.1_FROH.txt, 20250411_CM070969.1_GCA_036365495.1_FROH.txt, 20250411_CM071009.1_GCA_036365495.1_FROH.txt, 20250411_CM070965.1_het.txt, 20250411_CM071011.1_ROH_Results.txt, 20250411_CM070969.1_het.txt, 20250411_CM071008.1_het.txt, 20250411_CM070994.1_ROH_Results.txt, 20250411_CM070979.1_het.txt, 20250411_CM070989.1_het.txt, 20250411_CM071005.1_ROH_Results.txt, 20250411_CM071007.1_GCA_036365495.1_FROH.txt, 20250411_CM070981.1_het.txt, 20250411_CM070988.1_GCA_036365495.1_FROH.txt, 20250411_CM070976.1_ROH_Results.txt, 20250411_CM070977.1_GCA_036365495.1_FROH.txt, 20250411_CM070986.1_GCA_036365495.1_FROH.txt, 20250411_CM070995.1_het.txt, 20250411_CM070989.1_ROH_Results.txt, Reference_HetFra_Chroms_Lengths.txt, 20250411_CM070973.1_het.txt, 20250411_CM071004.1_ROH_Results.txt, 20250411_CM070965.1_GCA_036365495.1_FROH.txt, 20250411_CM071010.1_ROH_Results.txt, 20250411_CM070992.1_het.txt, 20250411_CM070962.1_ROH_Results.txt, 20250411_CM070993.1_ROH_Results.txt, 20250411_CM070974.1_het.txt, 20250411_CM070981.1_ROH_Results.txt, 20250411_CM070995.1_GCA_036365495.1_FROH.txt, 20250411_CM071003.1_ROH_Results.txt, MSMC, HetFra.sam, 20250411_CM070975.1_het.txt, 20250411_CM070967.1_GCA_036365495.1_FROH.txt, 20250411_CM070963.1_ROH_Results.txt, 20250411_CM071001.1_GCA_036365495.1_FROH.txt, 20250411_CM070982.1_het.txt, 20250411_CM070983.1_GCA_036365495.1_FROH.txt, 20250411_CM071012.1_GCA_036365495.1_FROH.txt, 20250411_CM071000.1_ROH_Results.txt, 20250411_CM070996.1_ROH_Results.txt, 20250411_CM070993.1_het.txt, 20250411_CM070998.1_het.txt, 20250411_CM070987.1_GCA_036365495.1_FROH.txt, 20250411_CM070973.1_ROH_Results.txt, 20250411_CM070991.1_het.txt, 20250411_CM070987.1_het.txt, 20250411_CM070974.1_GCA_036365495.1_FROH.txt, 20250411_CM070970.1_ROH_Results.txt, 20250411_CM071006.1_ROH_Results.txt, 20250411_CM070964.1_het.txt, 20250411_CM070995.1_ROH_Results.txt, 20250411_CM070971.1_GCA_036365495.1_FROH.txt, HetFra_FASTGA.chain.fltr.paf, 20250411_CM070968.1_het.txt, 20250411_CM070984.1_het.txt, 20250411_CM070990.1_ROH_Results.txt, 20250411_CM070982.1_ROH_Results.txt, HetFra_FASTGA.chain.chr.fltr.srt.paf, 20250411_CM070983.1_het.txt, 20250411_CM071003.1_GCA_036365495.1_FROH.txt, 20250411_CM070984.1_GCA_036365495.1_FROH.txt, 20250411_CM070978.1_ROH_Results.txt, 20250411_CM070985.1_ROH_Results.txt, 20250411_CM070996.1_het.txt, 20250411_CM070974.1_ROH_Results.txt, 20250411_CM070992.1_GCA_036365495.1_FROH.txt, 20250411_CM070975.1_ROH_Results.txt, HetFra_FASTGA.chain.paf, 20250411_CM070984.1_ROH_Results.txt, 20250411_CM070972.1_het.txt, 20250411_CM071001.1_het.txt, 20250411_CM070962.1_het.txt, 20250411_CM070965.1_ROH_Results.txt, 20250411_CM070971.1_ROH_Results.txt, 20250411_CM070998.1_ROH_Results.txt, 20250411_CM070988.1_het.txt, 20250411_CM070991.1_ROH_Results.txt, 20250411_CM070994.1_het.txt, 20250411_CM070970.1_het.txt, 20250411_CM070989.1_GCA_036365495.1_FROH.txt, 20250411_CM070977.1_het.txt, 20250411_CM070997.1_ROH_Results.txt, 20250411_CM070993.1_GCA_036365495.1_FROH.txt, 20250411_CM070973.1_GCA_036365495.1_FROH.txt, 20250411_CM070969.1_ROH_Results.txt, 20250411_CM070988.1_ROH_Results.txt, 20250411_CM070971.1_het.txt, HetFra_ALN.1aln, 20250411_CM071007.1_het.txt, 20250411_CM070967.1_het.txt, 20250411_CM071000.1_het.txt, 20250411_CM071010.1_GCA_036365495.1_FROH.txt, 20250411_CM071008.1_ROH_Results.txt, 20250411_CM070994.1_GCA_036365495.1_FROH.txt, 20250411_CM070985.1_het.txt, 20250411_CM071001.1_ROH_Results.txt, 20250411_CM070976.1_GCA_036365495.1_FROH.txt, HetFra_FASTGA.chain.fltr.srt.paf, 20250411_CM070986.1_het.txt, 20250411_CM071011.1_GCA_036365495.1_FROH.txt, 20250411_CM071006.1_het.txt, 20250411_CM071002.1_het.txt, 20250411_CM070990.1_het.txt, 20250411_CM070978.1_het.txt, 20250411_CM070966.1_GCA_036365495.1_FROH.txt, 20250411_CM070996.1_GCA_036365495.1_FROH.txt, 20250411_CM071011.1_het.txt, 20250411_CM070964.1_GCA_036365495.1_FROH.txt, 20250411_CM070972.1_GCA_036365495.1_FROH.txt, 20250411_HetFra_FROH.txt, 20250411_HetFra_ROH_Map.pdf, 20250411_CM070980.1_GCA_036365495.1_FROH.txt, 20250411_CM070964.1_ROH_Results.txt, 20250411_CM070970.1_GCA_036365495.1_FROH.txt, 20250411_CM070977.1_ROH_Results.txt, 20250411_CM070966.1_het.txt, 20250411_CM071003.1_het.txt, 20250411_CM071002.1_GCA_036365495.1_FROH.txt, 20250411_CM070992.1_ROH_Results.txt, 20250411_CM071006.1_GCA_036365495.1_FROH.txt, 20250411_CM071008.1_GCA_036365495.1_FROH.txt, 20250411_CM071004.1_GCA_036365495.1_FROH.txt, 20250411_CM070999.1_ROH_Results.txt, 20250411_CM071009.1_het.txt, 20250411_CM070979.1_GCA_036365495.1_FROH.txt, 20250411_CM070978.1_GCA_036365495.1_FROH.txt, 20250411_CM070991.1_GCA_036365495.1_FROH.txt, 20250411_CM070972.1_ROH_Results.txt, 20250411_CM070998.1_GCA_036365495.1_FROH.txt, 20250411_CM071000.1_GCA_036365495.1_FROH.txt, 20250411_CM071009.1_ROH_Results.txt)
Shutting down, this might take some time.
Exiting because a job execution failed. Look above for error message
Storing output in storage.
WorkflowError:
At least one job did not complete successfully.
srun: error: cpu-p-248: task 0: Exited with exit code 1
[Tue May 20 16:40:21 2025]
Error in rule CALC_HET_PER_CHR:
    jobid: 0
    input: sharks/HetFra/temp/HetFra_Var_Only.txt, sharks/HetFra/Reference_HetFra_Chroms_Lengths.txt, sharks/HetFra/HetFra_ROH_Results.csv
    output: sharks/HetFra/20250411_CM071012.1_het.txt
    shell:
        
        python /rds/project/rds-p67MZilb2eQ/projects/VGP/heterozygosity/20250325_find_het_per_chr_V3.py sharks/HetFra/temp/HetFra_Var_Only.txt sharks/HetFra/Reference_HetFra_Chroms_Lengths.txt sharks HetFra 20250411 1000000 500000 50 sharks/HetFra/HetFra_ROH_Results.csv
        
        (one of the commands exited with non-zero exit code; note that snakemake uses bash strict mode!)

Shutting down, this might take some time.
Exiting because a job execution failed. Look above for error message
Storing output in storage.
WorkflowError:
At least one job did not complete successfully.
