host: cpu-p-597
Building DAG of jobs...
Using shell: /usr/bin/bash
Provided remote nodes: 1
Provided resources: mem_mb=10000, mem_mib=9537, disk_mb=2893, disk_mib=2759
Select jobs to execute...
Execute 1 jobs...

[Sun May 25 14:11:12 2025]
rule UNZIP_REFERENCE:
    input: /rds/project/rds-p67MZilb2eQ/projects/VGP/250430.VGP-Phase1/alignment/reference/sharks/GCA_036365495.1.fa.gz
    output: sharks/HetFra/temp/GCA_036365495.1.fa
    jobid: 0
    reason: Forced execution
    wildcards: CLADE=sharks, SPEC_NAME=HetFra, REF_NAME=GCA_036365495.1
    resources: mem_mb=10000, mem_mib=9537, disk_mb=2893, disk_mib=2759, tmpdir=<TBD>, slurm_account=DURBIN-SL2-CPU, slurm_partition=cclake-himem, runtime=60

host: cpu-p-597
Building DAG of jobs...
Using shell: /usr/bin/bash
Provided cores: 1 (use --cores to define parallelism)
Rules claiming more threads will be scaled down.
Provided resources: mem_mb=10000, mem_mib=9537, disk_mb=2893, disk_mib=2759
Select jobs to execute...
Execute 1 jobs...

[Sun May 25 14:11:13 2025]
localrule UNZIP_REFERENCE:
    input: /rds/project/rds-p67MZilb2eQ/projects/VGP/250430.VGP-Phase1/alignment/reference/sharks/GCA_036365495.1.fa.gz
    output: sharks/HetFra/temp/GCA_036365495.1.fa
    jobid: 0
    reason: Forced execution
    wildcards: CLADE=sharks, SPEC_NAME=HetFra, REF_NAME=GCA_036365495.1
    resources: mem_mb=10000, mem_mib=9537, disk_mb=2893, disk_mib=2759, tmpdir=/tmp, slurm_account=DURBIN-SL2-CPU, slurm_partition=cclake-himem, runtime=60

[Sun May 25 14:11:44 2025]
Finished job 0.
1 of 1 steps (100%) done
Storing output in storage.
[Sun May 25 14:11:44 2025]
Finished job 0.
1 of 1 steps (100%) done
Storing output in storage.
