host: cpu-p-200
Building DAG of jobs...
Using shell: /usr/bin/bash
Provided remote nodes: 1
Provided resources: mem_mb=100000, mem_mib=95368, disk_mb=1000, disk_mib=954
Select jobs to execute...
Execute 1 jobs...

[Tue May 20 08:33:44 2025]
rule BOOTSTRAPPING_MULTIHET_FILE:
    input: sharks/HydCol/MSMC/Output_multihet_filtered_95/CM068772.1_multihet.txt
    output: sharks/HydCol/MSMC/Output_Multihet_Bootstrapped/10/CM068772.1_multihet.txt
    jobid: 0
    reason: Forced execution
    wildcards: CLADE=sharks, SPEC_NAME=HydCol, BOOT=10, CHR=CM068772.1
    resources: mem_mb=100000, mem_mib=95368, disk_mb=1000, disk_mib=954, tmpdir=<TBD>, slurm_account=DURBIN-SL2-CPU, slurm_partition=cclake-himem, runtime=120

host: cpu-p-200
Building DAG of jobs...
Using shell: /usr/bin/bash
Provided cores: 1 (use --cores to define parallelism)
Rules claiming more threads will be scaled down.
Provided resources: mem_mb=100000, mem_mib=95368, disk_mb=1000, disk_mib=954
Select jobs to execute...
Execute 1 jobs...

[Tue May 20 08:33:46 2025]
localrule BOOTSTRAPPING_MULTIHET_FILE:
    input: sharks/HydCol/MSMC/Output_multihet_filtered_95/CM068772.1_multihet.txt
    output: sharks/HydCol/MSMC/Output_Multihet_Bootstrapped/10/CM068772.1_multihet.txt
    jobid: 0
    reason: Forced execution
    wildcards: CLADE=sharks, SPEC_NAME=HydCol, BOOT=10, CHR=CM068772.1
    resources: mem_mb=100000, mem_mib=95368, disk_mb=1000, disk_mib=954, tmpdir=/tmp, slurm_account=DURBIN-SL2-CPU, slurm_partition=cclake-himem, runtime=120

inmhs is sharks/HydCol/MSMC/Output_multihet_filtered_95/CM068772.1_multihet.txt
outmhs is sharks/HydCol/MSMC/Output_Multihet_Bootstrapped/10/CM068772.1_multihet.txt
start_block is 1000
windowsize is 5e+06
heterozygosity of sharks/HydCol/MSMC/Output_multihet_filtered_95/CM068772.1_multihet.txt = 0.0019233435350400772
seq_length=2916812
num_windows=0
Traceback (most recent call last):
  File "/rds/project/rds-8b3VcZwY7rY/users/ag2427/hpc-work/20241011_jaskaran_script_msmc_fileprep/block_bootstrap_mhs.py", line 87, in <module>
    if np.min([newmhs_np[i+1,0]-newmhs_np[i,0] for i in range(0,len(newmhs_np[:,0])-1)])<1:
       ^^^^^^^^^^^^^^^^^^^^^^^^^^^^^^^^^^^^^^^^^^^^^^^^^^^^^^^^^^^^^^^^^^^^^^^^^^^^^^^^^
  File "/home/ag2427/.conda/envs/snakemake/lib/python3.11/site-packages/numpy/core/fromnumeric.py", line 2953, in min
    return _wrapreduction(a, np.minimum, 'min', axis, None, out,
           ^^^^^^^^^^^^^^^^^^^^^^^^^^^^^^^^^^^^^^^^^^^^^^^^^^^^^
  File "/home/ag2427/.conda/envs/snakemake/lib/python3.11/site-packages/numpy/core/fromnumeric.py", line 88, in _wrapreduction
    return ufunc.reduce(obj, axis, dtype, out, **passkwargs)
           ^^^^^^^^^^^^^^^^^^^^^^^^^^^^^^^^^^^^^^^^^^^^^^^^^
ValueError: zero-size array to reduction operation minimum which has no identity
RuleException:
CalledProcessError in file /rds/project/rds-p67MZilb2eQ/projects/VGP/heterozygosity/Snakefile, line 737:
Command 'set -euo pipefail;  
        mkdir -p sharks/HydCol/MSMC/Output_Multihet_Bootstrapped/10
        python /rds/project/rds-8b3VcZwY7rY/users/ag2427/hpc-work/20241011_jaskaran_script_msmc_fileprep/block_bootstrap_mhs.py --inmhs sharks/HydCol/MSMC/Output_multihet_filtered_95/CM068772.1_multihet.txt --windowsize 5e+06 --outmhs sharks/HydCol/MSMC/Output_Multihet_Bootstrapped/10/CM068772.1_multihet.txt' returned non-zero exit status 1.
[Tue May 20 08:33:46 2025]
Error in rule BOOTSTRAPPING_MULTIHET_FILE:
    jobid: 0
    input: sharks/HydCol/MSMC/Output_multihet_filtered_95/CM068772.1_multihet.txt
    output: sharks/HydCol/MSMC/Output_Multihet_Bootstrapped/10/CM068772.1_multihet.txt
    shell:
        
        mkdir -p sharks/HydCol/MSMC/Output_Multihet_Bootstrapped/10
        python /rds/project/rds-8b3VcZwY7rY/users/ag2427/hpc-work/20241011_jaskaran_script_msmc_fileprep/block_bootstrap_mhs.py --inmhs sharks/HydCol/MSMC/Output_multihet_filtered_95/CM068772.1_multihet.txt --windowsize 5e+06 --outmhs sharks/HydCol/MSMC/Output_Multihet_Bootstrapped/10/CM068772.1_multihet.txt
        
        (one of the commands exited with non-zero exit code; note that snakemake uses bash strict mode!)

Shutting down, this might take some time.
Exiting because a job execution failed. Look above for error message
Storing output in storage.
WorkflowError:
At least one job did not complete successfully.
srun: error: cpu-p-200: task 0: Exited with exit code 1
[Tue May 20 08:33:46 2025]
Error in rule BOOTSTRAPPING_MULTIHET_FILE:
    jobid: 0
    input: sharks/HydCol/MSMC/Output_multihet_filtered_95/CM068772.1_multihet.txt
    output: sharks/HydCol/MSMC/Output_Multihet_Bootstrapped/10/CM068772.1_multihet.txt
    shell:
        
        mkdir -p sharks/HydCol/MSMC/Output_Multihet_Bootstrapped/10
        python /rds/project/rds-8b3VcZwY7rY/users/ag2427/hpc-work/20241011_jaskaran_script_msmc_fileprep/block_bootstrap_mhs.py --inmhs sharks/HydCol/MSMC/Output_multihet_filtered_95/CM068772.1_multihet.txt --windowsize 5e+06 --outmhs sharks/HydCol/MSMC/Output_Multihet_Bootstrapped/10/CM068772.1_multihet.txt
        
        (one of the commands exited with non-zero exit code; note that snakemake uses bash strict mode!)

Shutting down, this might take some time.
Exiting because a job execution failed. Look above for error message
Storing output in storage.
WorkflowError:
At least one job did not complete successfully.
