host: cpu-p-247
Building DAG of jobs...
Using shell: /usr/bin/bash
Provided remote nodes: 1
Provided resources: mem_mb=100000, mem_mib=95368, disk_mb=3763, disk_mib=3589
Select jobs to execute...
Execute 1 jobs...

[Tue May 20 13:13:21 2025]
rule MAKE_SAM:
    input: /rds/project/rds-p67MZilb2eQ/projects/VGP/250430.VGP-Phase1/alignment/reference/sharks/GCA_036971175.1.fa.gz, /rds/project/rds-p67MZilb2eQ/projects/VGP/250430.VGP-Phase1/alignment/alternate/sharks/GCA_036971445.1.fa.gz
    output: sharks/NarBan/NarBan.sam
    jobid: 0
    reason: Forced execution
    wildcards: CLADE=sharks, SPEC_NAME=NarBan
    resources: mem_mb=100000, mem_mib=95368, disk_mb=3763, disk_mib=3589, tmpdir=<TBD>, slurm_account=DURBIN-SL2-CPU, slurm_partition=cclake-himem, runtime=720

host: cpu-p-247
Building DAG of jobs...
Using shell: /usr/bin/bash
Provided cores: 1 (use --cores to define parallelism)
Rules claiming more threads will be scaled down.
Provided resources: mem_mb=100000, mem_mib=95368, disk_mb=3763, disk_mib=3589
Select jobs to execute...
Execute 1 jobs...

[Tue May 20 13:13:22 2025]
localrule MAKE_SAM:
    input: /rds/project/rds-p67MZilb2eQ/projects/VGP/250430.VGP-Phase1/alignment/reference/sharks/GCA_036971175.1.fa.gz, /rds/project/rds-p67MZilb2eQ/projects/VGP/250430.VGP-Phase1/alignment/alternate/sharks/GCA_036971445.1.fa.gz
    output: sharks/NarBan/NarBan.sam
    jobid: 0
    reason: Forced execution
    wildcards: CLADE=sharks, SPEC_NAME=NarBan
    resources: mem_mb=100000, mem_mib=95368, disk_mb=3763, disk_mib=3589, tmpdir=/tmp, slurm_account=DURBIN-SL2-CPU, slurm_partition=cclake-himem, runtime=720

[M::mm_idx_gen::79.147*1.00] collected minimizers
[M::mm_idx_gen::99.684*1.00] sorted minimizers
[M::main::99.685*1.00] loaded/built the index for 445 target sequence(s)
[M::mm_mapopt_update::101.623*1.00] mid_occ = 357
[M::mm_idx_stat] kmer size: 19; skip: 19; is_hpc: 0; #seq: 445
[M::mm_idx_stat::103.033*1.00] distinct minimizers: 172164787 (90.09% are singletons); average occurrences: 1.808; average spacing: 9.994; total length: 3110263114
[M::worker_pipeline::4670.093*1.00] mapped 2 sequences
[M::worker_pipeline::7988.429*1.00] mapped 2 sequences
[M::worker_pipeline::9803.074*1.00] mapped 2 sequences
[M::worker_pipeline::11885.378*1.00] mapped 3 sequences
[M::worker_pipeline::16541.785*1.00] mapped 8 sequences
[M::worker_pipeline::21319.576*1.00] mapped 579 sequences
[M::main] Version: 2.28-r1209
[M::main] CMD: minimap2 -t 16 -ax asm5 /rds/project/rds-p67MZilb2eQ/projects/VGP/250430.VGP-Phase1/alignment/reference/sharks/GCA_036971175.1.fa.gz /rds/project/rds-p67MZilb2eQ/projects/VGP/250430.VGP-Phase1/alignment/alternate/sharks/GCA_036971445.1.fa.gz
[M::main] Real time: 21319.657 sec; CPU: 21237.331 sec; Peak RSS: 77.020 GB
[Tue May 20 19:08:43 2025]
Finished job 0.
1 of 1 steps (100%) done
Storing output in storage.
[Tue May 20 19:08:43 2025]
Finished job 0.
1 of 1 steps (100%) done
Storing output in storage.
