host: cpu-p-248
Building DAG of jobs...
Using shell: /usr/bin/bash
Provided remote nodes: 1
Provided resources: mem_mb=100000, mem_mib=95368, disk_mb=4184, disk_mib=3991
Select jobs to execute...
Execute 1 jobs...

[Wed May 21 22:34:41 2025]
rule SEPARATE_BAM_BY_CHR:
    input: sharks/HemOce/HemOce.bam
    output: sharks/HemOce/HemOce_NC_083454.1.bam
    jobid: 0
    reason: Forced execution
    wildcards: CLADE=sharks, SPEC_NAME=HemOce, CHROM=NC_083454.1
    resources: mem_mb=100000, mem_mib=95368, disk_mb=4184, disk_mib=3991, tmpdir=<TBD>, slurm_account=DURBIN-SL2-CPU, slurm_partition=cclake-himem, runtime=120

host: cpu-p-248
Building DAG of jobs...
Using shell: /usr/bin/bash
Provided cores: 1 (use --cores to define parallelism)
Rules claiming more threads will be scaled down.
Provided resources: mem_mb=100000, mem_mib=95368, disk_mb=4184, disk_mib=3991
Select jobs to execute...
Execute 1 jobs...

[Wed May 21 22:34:44 2025]
localrule SEPARATE_BAM_BY_CHR:
    input: sharks/HemOce/HemOce.bam
    output: sharks/HemOce/HemOce_NC_083454.1.bam
    jobid: 0
    reason: Forced execution
    wildcards: CLADE=sharks, SPEC_NAME=HemOce, CHROM=NC_083454.1
    resources: mem_mb=100000, mem_mib=95368, disk_mb=4184, disk_mib=3991, tmpdir=/tmp, slurm_account=DURBIN-SL2-CPU, slurm_partition=cclake-himem, runtime=120

[Wed May 21 22:35:23 2025]
Finished job 0.
1 of 1 steps (100%) done
Storing output in storage.
[Wed May 21 22:35:24 2025]
Finished job 0.
1 of 1 steps (100%) done
Storing output in storage.
