host: cpu-p-250
Building DAG of jobs...
Using shell: /usr/bin/bash
Provided remote nodes: 1
Provided resources: mem_mb=100000, mem_mib=95368, disk_mb=2930, disk_mib=2795
Select jobs to execute...
Execute 1 jobs...

[Wed May 21 09:49:53 2025]
rule CALC_HET_PER_CHR:
    input: sharks/HypSab/temp/HypSab_Var_Only.txt, sharks/HypSab/Reference_HypSab_Chroms_Lengths.txt, sharks/HypSab/HypSab_ROH_Results.csv
    output: sharks/HypSab/20250425_NC_082723.1_het.txt
    jobid: 0
    reason: Forced execution
    wildcards: CLADE=sharks, SPEC_NAME=HypSab, TODAY_DATE=20250425, CHR=NC_082723.1
    resources: mem_mb=100000, mem_mib=95368, disk_mb=2930, disk_mib=2795, tmpdir=<TBD>, slurm_account=DURBIN-SL2-CPU, slurm_partition=cclake-himem, runtime=120

host: cpu-p-250
Building DAG of jobs...
Using shell: /usr/bin/bash
Provided cores: 1 (use --cores to define parallelism)
Rules claiming more threads will be scaled down.
Provided resources: mem_mb=100000, mem_mib=95368, disk_mb=2930, disk_mib=2795
Select jobs to execute...
Execute 1 jobs...

[Wed May 21 09:49:55 2025]
localrule CALC_HET_PER_CHR:
    input: sharks/HypSab/temp/HypSab_Var_Only.txt, sharks/HypSab/Reference_HypSab_Chroms_Lengths.txt, sharks/HypSab/HypSab_ROH_Results.csv
    output: sharks/HypSab/20250425_NC_082723.1_het.txt
    jobid: 0
    reason: Forced execution
    wildcards: CLADE=sharks, SPEC_NAME=HypSab, TODAY_DATE=20250425, CHR=NC_082723.1
    resources: mem_mb=100000, mem_mib=95368, disk_mb=2930, disk_mib=2795, tmpdir=/tmp, slurm_account=DURBIN-SL2-CPU, slurm_partition=cclake-himem, runtime=120

[Wed May 21 09:50:14 2025]
Finished job 0.
1 of 1 steps (100%) done
Storing output in storage.
[Wed May 21 09:50:15 2025]
Finished job 0.
1 of 1 steps (100%) done
Storing output in storage.
