host: cpu-q-222
Building DAG of jobs...
Using shell: /usr/bin/bash
Provided remote nodes: 1
Provided resources: mem_mb=100000, mem_mib=95368, disk_mb=3672, disk_mib=3502
Select jobs to execute...
Execute 1 jobs...

[Thu May 22 10:54:08 2025]
rule MAKE_SAM:
    input: /rds/project/rds-p67MZilb2eQ/projects/VGP/250430.VGP-Phase1/alignment/reference/sharks/GCA_035084215.1.fa.gz, /rds/project/rds-p67MZilb2eQ/projects/VGP/250430.VGP-Phase1/alignment/alternate/sharks/GCA_035084135.1.fa.gz
    output: sharks/HepPer/HepPer.sam
    jobid: 0
    reason: Forced execution
    wildcards: CLADE=sharks, SPEC_NAME=HepPer
    resources: mem_mb=100000, mem_mib=95368, disk_mb=3672, disk_mib=3502, tmpdir=<TBD>, slurm_account=DURBIN-SL2-CPU, slurm_partition=icelake, runtime=720

host: cpu-q-222
Building DAG of jobs...
Using shell: /usr/bin/bash
Provided cores: 1 (use --cores to define parallelism)
Rules claiming more threads will be scaled down.
Provided resources: mem_mb=100000, mem_mib=95368, disk_mb=3672, disk_mib=3502
Select jobs to execute...
Execute 1 jobs...

[Thu May 22 10:54:09 2025]
localrule MAKE_SAM:
    input: /rds/project/rds-p67MZilb2eQ/projects/VGP/250430.VGP-Phase1/alignment/reference/sharks/GCA_035084215.1.fa.gz, /rds/project/rds-p67MZilb2eQ/projects/VGP/250430.VGP-Phase1/alignment/alternate/sharks/GCA_035084135.1.fa.gz
    output: sharks/HepPer/HepPer.sam
    jobid: 0
    reason: Forced execution
    wildcards: CLADE=sharks, SPEC_NAME=HepPer
    resources: mem_mb=100000, mem_mib=95368, disk_mb=3672, disk_mib=3502, tmpdir=/tmp, slurm_account=DURBIN-SL2-CPU, slurm_partition=icelake, runtime=720

[M::mm_idx_gen::0.000*7.87] collected minimizers
[M::mm_idx_gen::0.000*5.53] sorted minimizers
[M::main::0.002*1.51] loaded/built the index for 0 target sequence(s)
[M::mm_mapopt_update::0.002*1.51] mid_occ = 500
[M::mm_idx_stat] kmer size: 19; skip: 19; is_hpc: 0; #seq: 0
[M::mm_idx_stat::0.002*1.50] distinct minimizers: 0 (-nan% are singletons); average occurrences: -nan; average spacing: -nan; total length: 0
[M::worker_pipeline::16.091*0.99] mapped 3 sequences
[M::worker_pipeline::29.945*0.99] mapped 5 sequences
[M::worker_pipeline::42.895*0.99] mapped 7 sequences
[M::worker_pipeline::54.781*1.00] mapped 9 sequences
[M::worker_pipeline::66.408*1.00] mapped 15 sequences
[M::worker_pipeline::75.203*1.00] mapped 1457 sequences
[M::worker_pipeline::75.975*1.00] mapped 384 sequences
[M::worker_pipeline::92.058*1.00] mapped 3 sequences
[M::worker_pipeline::105.748*1.00] mapped 5 sequences
[M::worker_pipeline::118.452*1.00] mapped 7 sequences
[M::worker_pipeline::130.718*1.00] mapped 10 sequences
[M::worker_pipeline::141.340*1.00] mapped 18 sequences
[M::worker_pipeline::147.457*1.00] mapped 1151 sequences
[M::main] Version: 2.28-r1209
[M::main] CMD: minimap2 -t -L -ax asm5 16 /rds/project/rds-p67MZilb2eQ/projects/VGP/250430.VGP-Phase1/alignment/reference/sharks/GCA_035084215.1.fa.gz /rds/project/rds-p67MZilb2eQ/projects/VGP/250430.VGP-Phase1/alignment/alternate/sharks/GCA_035084135.1.fa.gz
[M::main] Real time: 147.467 sec; CPU: 146.857 sec; Peak RSS: 2.469 GB
[Thu May 22 10:56:38 2025]
Finished job 0.
1 of 1 steps (100%) done
Storing output in storage.
[Thu May 22 10:56:38 2025]
Finished job 0.
1 of 1 steps (100%) done
Storing output in storage.
