host: cpu-p-249
Building DAG of jobs...
Using shell: /usr/bin/bash
Provided remote nodes: 1
Provided resources: mem_mb=100000, mem_mib=95368, disk_mb=3672, disk_mib=3502
Select jobs to execute...
Execute 1 jobs...

[Mon May 26 12:02:32 2025]
rule MAKE_SAM:
    input: /rds/project/rds-p67MZilb2eQ/projects/VGP/250430.VGP-Phase1/alignment/reference/sharks/GCA_035084215.1.fa.gz, /rds/project/rds-p67MZilb2eQ/projects/VGP/250430.VGP-Phase1/alignment/alternate/sharks/GCA_035084135.1.fa.gz
    output: sharks/HepPer/HepPer.sam
    jobid: 0
    reason: Forced execution
    wildcards: CLADE=sharks, SPEC_NAME=HepPer
    resources: mem_mb=100000, mem_mib=95368, disk_mb=3672, disk_mib=3502, tmpdir=<TBD>, slurm_account=DURBIN-SL2-CPU, slurm_partition=cclake-himem, runtime=720

host: cpu-p-249
Building DAG of jobs...
Using shell: /usr/bin/bash
Provided cores: 1 (use --cores to define parallelism)
Rules claiming more threads will be scaled down.
Provided resources: mem_mb=100000, mem_mib=95368, disk_mb=3672, disk_mib=3502
Select jobs to execute...
Execute 1 jobs...

[Mon May 26 12:02:33 2025]
localrule MAKE_SAM:
    input: /rds/project/rds-p67MZilb2eQ/projects/VGP/250430.VGP-Phase1/alignment/reference/sharks/GCA_035084215.1.fa.gz, /rds/project/rds-p67MZilb2eQ/projects/VGP/250430.VGP-Phase1/alignment/alternate/sharks/GCA_035084135.1.fa.gz
    output: sharks/HepPer/HepPer.sam
    jobid: 0
    reason: Forced execution
    wildcards: CLADE=sharks, SPEC_NAME=HepPer
    resources: mem_mb=100000, mem_mib=95368, disk_mb=3672, disk_mib=3502, tmpdir=/tmp, slurm_account=DURBIN-SL2-CPU, slurm_partition=cclake-himem, runtime=720

[M::mm_idx_gen::72.957*1.00] collected minimizers
[M::mm_idx_gen::94.699*1.00] sorted minimizers
[M::main::94.700*1.00] loaded/built the index for 1880 target sequence(s)
[M::mm_mapopt_update::96.548*1.00] mid_occ = 500
[M::mm_idx_stat] kmer size: 19; skip: 19; is_hpc: 0; #seq: 1880
[M::mm_idx_stat::97.999*1.00] distinct minimizers: 157998463 (89.93% are singletons); average occurrences: 2.055; average spacing: 10.007; total length: 3249935392
[M::worker_pipeline::4338.620*1.00] mapped 3 sequences
[M::worker_pipeline::7484.491*1.00] mapped 5 sequences
[M::worker_pipeline::11942.593*1.00] mapped 7 sequences
[M::worker_pipeline::14727.470*1.00] mapped 10 sequences
[M::worker_pipeline::18200.438*1.00] mapped 18 sequences
[M::worker_pipeline::27058.404*1.00] mapped 1151 sequences
[M::main] Version: 2.28-r1209
[M::main] CMD: minimap2 -L -t 16 -ax asm5 /rds/project/rds-p67MZilb2eQ/projects/VGP/250430.VGP-Phase1/alignment/reference/sharks/GCA_035084215.1.fa.gz /rds/project/rds-p67MZilb2eQ/projects/VGP/250430.VGP-Phase1/alignment/alternate/sharks/GCA_035084135.1.fa.gz
[M::main] Real time: 27058.500 sec; CPU: 26963.947 sec; Peak RSS: 64.825 GB
[Mon May 26 19:33:33 2025]
Finished job 0.
1 of 1 steps (100%) done
Storing output in storage.
[Mon May 26 19:33:33 2025]
Finished job 0.
1 of 1 steps (100%) done
Storing output in storage.
