host: cpu-p-197
Building DAG of jobs...
Using shell: /usr/bin/bash
Provided remote nodes: 1
Provided resources: mem_mb=100000, mem_mib=95368, disk_mb=1000, disk_mib=954
Select jobs to execute...
Execute 1 jobs...

[Tue May 20 09:06:28 2025]
rule MAIN_MULTIHETSEP:
    input: sharks/HydCol/CM068750.1.recode.vcf.gz, sharks/HydCol/MSMC/Output_Bed/CM068750.1/CM068750.1_95.txt, sharks/HydCol/MSMC/Output_bam_caller_BED/CM068750.1_modified_bed.txt.gz, sharks/HydCol/MSMC/Output_indel_BED_file/CM068750.1_indel_bed.txt
    output: sharks/HydCol/MSMC/Output_multihet_filtered_95/CM068750.1_multihet.txt
    jobid: 0
    reason: Forced execution
    wildcards: CLADE=sharks, SPEC_NAME=HydCol, CHR=CM068750.1
    resources: mem_mb=100000, mem_mib=95368, disk_mb=1000, disk_mib=954, tmpdir=<TBD>, slurm_account=DURBIN-SL2-CPU, slurm_partition=cclake-himem, runtime=120

host: cpu-p-197
Building DAG of jobs...
Using shell: /usr/bin/bash
Provided cores: 1 (use --cores to define parallelism)
Rules claiming more threads will be scaled down.
Provided resources: mem_mb=100000, mem_mib=95368, disk_mb=1000, disk_mib=954
Select jobs to execute...
Execute 1 jobs...

[Tue May 20 09:06:30 2025]
localrule MAIN_MULTIHETSEP:
    input: sharks/HydCol/CM068750.1.recode.vcf.gz, sharks/HydCol/MSMC/Output_Bed/CM068750.1/CM068750.1_95.txt, sharks/HydCol/MSMC/Output_bam_caller_BED/CM068750.1_modified_bed.txt.gz, sharks/HydCol/MSMC/Output_indel_BED_file/CM068750.1_indel_bed.txt
    output: sharks/HydCol/MSMC/Output_multihet_filtered_95/CM068750.1_multihet.txt
    jobid: 0
    reason: Forced execution
    wildcards: CLADE=sharks, SPEC_NAME=HydCol, CHR=CM068750.1
    resources: mem_mb=100000, mem_mib=95368, disk_mb=1000, disk_mib=954, tmpdir=/tmp, slurm_account=DURBIN-SL2-CPU, slurm_partition=cclake-himem, runtime=120

generating msmc input file with 2 haplotypes
adding mask: sharks/HydCol/MSMC/Output_bam_caller_BED/CM068750.1_modified_bed.txt.gz
adding negative mask: sharks/HydCol/MSMC/Output_Bed/CM068750.1/CM068750.1_95.txt
adding negative mask: sharks/HydCol/MSMC/Output_indel_BED_file/CM068750.1_indel_bed.txt
processing pos 1000000
processing pos 2000000
processing pos 3000000
processing pos 4000000
processing pos 5000000
processing pos 6000000
processing pos 7000000
processing pos 8000000
processing pos 9000000
processing pos 10000000
processing pos 11000000
processing pos 12000000
processing pos 13000000
processing pos 14000000
processing pos 15000000
processing pos 16000000
processing pos 17000000
processing pos 18000000
processing pos 19000000
processing pos 20000000
processing pos 21000000
processing pos 22000000
[Tue May 20 09:06:46 2025]
Finished job 0.
1 of 1 steps (100%) done
Storing output in storage.
[Tue May 20 09:06:47 2025]
Finished job 0.
1 of 1 steps (100%) done
Storing output in storage.
