host: cpu-p-598
Building DAG of jobs...
Using shell: /usr/bin/bash
Provided remote nodes: 1
Provided resources: mem_mb=100000, mem_mib=95368, disk_mb=1000, disk_mib=954
Select jobs to execute...
Execute 1 jobs...

[Wed May 21 23:21:14 2025]
rule CALL_PLOIDY:
    input: sharks/HemOce/temp/NC_083443.1_pileup.vcf.gz
    output: sharks/HemOce/MSMC/Output_bam_caller_BED/NC_083443.1_unmodified_bed.txt.gz, sharks/HemOce/temp/NC_083443.1_only_snps.vcf.bgz
    jobid: 0
    reason: Forced execution
    wildcards: CLADE=sharks, SPEC_NAME=HemOce, CHROM=NC_083443.1
    resources: mem_mb=100000, mem_mib=95368, disk_mb=1000, disk_mib=954, tmpdir=<TBD>, slurm_account=DURBIN-SL2-CPU, slurm_partition=cclake-himem, runtime=120

host: cpu-p-598
Building DAG of jobs...
Using shell: /usr/bin/bash
Provided cores: 1 (use --cores to define parallelism)
Rules claiming more threads will be scaled down.
Provided resources: mem_mb=100000, mem_mib=95368, disk_mb=1000, disk_mib=954
Select jobs to execute...
Execute 1 jobs...

[Wed May 21 23:21:17 2025]
localrule CALL_PLOIDY:
    input: sharks/HemOce/temp/NC_083443.1_pileup.vcf.gz
    output: sharks/HemOce/MSMC/Output_bam_caller_BED/NC_083443.1_unmodified_bed.txt.gz, sharks/HemOce/temp/NC_083443.1_only_snps.vcf.bgz
    jobid: 0
    reason: Forced execution
    wildcards: CLADE=sharks, SPEC_NAME=HemOce, CHROM=NC_083443.1
    resources: mem_mb=100000, mem_mib=95368, disk_mb=1000, disk_mib=954, tmpdir=/tmp, slurm_account=DURBIN-SL2-CPU, slurm_partition=cclake-himem, runtime=120

parsing position 5
parsing position 10005
parsing position 20005
parsing position 30005
parsing position 40005
parsing position 50005
parsing position 60005
parsing position 70005
parsing position 80005
parsing position 90005
parsing position 100005
parsing position 110005
parsing position 120005
parsing position 130005
parsing position 140005
parsing position 150005
parsing position 160005
parsing position 170005
parsing position 180207
parsing position 190207
parsing position 200207
parsing position 210207
parsing position 220207
parsing position 230207
parsing position 240207
parsing position 258750
parsing position 268750
parsing position 278750
parsing position 288750
parsing position 298750
parsing position 308750
parsing position 318750
parsing position 328750
parsing position 338750
parsing position 348750
parsing position 358750
parsing position 368750
parsing position 378750
parsing position 388750
parsing position 398750
parsing position 408750
parsing position 418750
parsing position 428750
parsing position 438750
parsing position 448750
parsing position 522678
parsing position 532678
parsing position 542678
parsing position 552678
parsing position 562678
parsing position 572678
parsing position 582678
parsing position 592678
parsing position 602678
parsing position 612678
parsing position 622778
parsing position 635584
parsing position 645584
parsing position 655584
parsing position 665584
parsing position 675584
parsing position 685584
parsing position 695584
parsing position 705584
parsing position 715584
parsing position 725584
parsing position 735584
parsing position 745584
parsing position 755584
parsing position 765584
parsing position 775584
parsing position 785584
parsing position 795584
parsing position 805584
parsing position 815584
parsing position 825584
parsing position 835584
parsing position 845584
parsing position 856327
parsing position 866327
parsing position 876327
parsing position 886327
parsing position 896327
parsing position 906327
parsing position 916327
parsing position 935821
parsing position 945821
parsing position 956014
parsing position 966014
parsing position 976014
parsing position 986014
parsing position 996014
parsing position 1006014
parsing position 1016014
parsing position 1026014
parsing position 1036014
parsing position 1046014
parsing position 1056014
parsing position 1066014
parsing position 1076014
parsing position 1086014
parsing position 1154445
parsing position 1164445
parsing position 1174445
parsing position 1184445
parsing position 1194445
parsing position 1204445
parsing position 1214445
parsing position 1224445
parsing position 1234445
parsing position 1244445
parsing position 1254445
parsing position 1264445
parsing position 1274445
parsing position 1284445
parsing position 1294445
parsing position 1304445
parsing position 1314607
parsing position 1324607
parsing position 1334607
parsing position 1344607
parsing position 1354607
parsing position 1364607
parsing position 1374607
parsing position 1384607
parsing position 1394607
parsing position 1404607
parsing position 1414607
parsing position 1424707
parsing position 1434707
parsing position 1444707
parsing position 1454707
parsing position 1464707
parsing position 1474707
parsing position 1484707
parsing position 1494707
parsing position 1504707
parsing position 1514707
parsing position 1524707
parsing position 1535415
parsing position 1545415
parsing position 1555415
parsing position 1565415
parsing position 1575415
parsing position 1585415
parsing position 1595415
parsing position 1605415
parsing position 1615415
parsing position 1625415
parsing position 1635415
parsing position 1645515
parsing position 1655515
parsing position 1665515
parsing position 1675515
parsing position 1685515
parsing position 1695515
parsing position 1705515
parsing position 1846867
parsing position 1856867
parsing position 1866867
parsing position 1876867
parsing position 1886867
parsing position 1896867
parsing position 1906867
parsing position 1916867
parsing position 1926867
parsing position 1936867
parsing position 1946867
parsing position 1956867
parsing position 1966867
parsing position 1976867
parsing position 1986867
parsing position 1996867
parsing position 2006867
parsing position 2016867
parsing position 2026867
parsing position 2036867
parsing position 2046867
parsing position 2056867
parsing position 2066867
parsing position 2076867
parsing position 2086867
parsing position 2096867
parsing position 2106867
parsing position 2116867
parsing position 2126867
parsing position 2136867
parsing position 2146867
parsing position 2156867
parsing position 2166867
parsing position 2176867
parsing position 2186867
parsing position 2196867
parsing position 2206867
parsing position 2216867
parsing position 2226867
parsing position 2236867
parsing position 2246867
parsing position 2256867
parsing position 2266867
parsing position 2276867
parsing position 2286867
parsing position 2296867
parsing position 2306867
parsing position 2316867
parsing position 2326867
parsing position 2336867
parsing position 2346867
parsing position 2356867
parsing position 2366867
parsing position 2376867
parsing position 2386867
parsing position 2396867
parsing position 2406867
parsing position 2416867
parsing position 2426867
parsing position 2436867
parsing position 2446867
parsing position 2456867
parsing position 2466867
parsing position 2476867
parsing position 2486867
parsing position 2496867
parsing position 2506867
parsing position 2516867
parsing position 2526867
parsing position 2539159
parsing position 2549159
parsing position 2559159
parsing position 2569159
parsing position 2579159
parsing position 2589159
parsing position 2599159
parsing position 2609359
parsing position 2619359
parsing position 2629359
parsing position 2639359
parsing position 2649359
parsing position 2659359
parsing position 2669359
parsing position 2679359
parsing position 2689359
parsing position 2699359
parsing position 2709359
parsing position 2719359
parsing position 2729359
parsing position 2739359
parsing position 2749359
parsing position 2759359
parsing position 2769359
parsing position 2779359
parsing position 2789359
parsing position 2799359
parsing position 2809359
parsing position 2819359
parsing position 2829359
parsing position 2839359
parsing position 2849359
parsing position 2859459
parsing position 2869459
parsing position 2879459
parsing position 2889459
parsing position 2899459
parsing position 2909459
parsing position 2919459
parsing position 2929459
parsing position 2939459
parsing position 2949459
parsing position 2959459
parsing position 2969559
parsing position 2979559
parsing position 2989559
parsing position 2999559
parsing position 3009559
parsing position 3019559
parsing position 3029559
parsing position 3039834
parsing position 3049834
parsing position 3059834
parsing position 3069834
parsing position 3079834
parsing position 3089834
parsing position 3099834
parsing position 3109834
parsing position 3119834
parsing position 3129834
parsing position 3139834
parsing position 3149834
parsing position 3159834
parsing position 3169834
parsing position 3180034
parsing position 3190034
parsing position 3200034
parsing position 3210034
parsing position 3220034
parsing position 3230034
parsing position 3240034
parsing position 3250034
parsing position 3260034
parsing position 3270034
parsing position 3280034
parsing position 3290034
parsing position 3300034
parsing position 3310034
parsing position 3320034
parsing position 3330034
parsing position 3340034
parsing position 3350235
parsing position 3360235
parsing position 3370235
parsing position 3380235
parsing position 3390235
parsing position 3400235
parsing position 3410235
parsing position 3420235
parsing position 3453964
parsing position 3463964
parsing position 3473964
parsing position 3483964
parsing position 3493964
parsing position 3503964
parsing position 3513964
parsing position 3523964
parsing position 3533964
parsing position 3543964
parsing position 3553964
parsing position 3563964
parsing position 3573964
parsing position 3584064
parsing position 3594064
parsing position 3604064
parsing position 3614064
parsing position 3624064
parsing position 3634064
parsing position 3644064
parsing position 3654064
parsing position 3664064
parsing position 3674064
parsing position 3684064
parsing position 3694064
parsing position 3704064
parsing position 3714064
parsing position 3724064
parsing position 3734064
parsing position 3744064
parsing position 3754064
parsing position 3764064
parsing position 3774064
parsing position 3784064
parsing position 3794064
parsing position 3804064
parsing position 3814064
parsing position 3824064
parsing position 3834064
parsing position 3844064
parsing position 3854064
parsing position 3864064
parsing position 3874184
parsing position 3884184
parsing position 3894184
parsing position 3904184
parsing position 3914184
parsing position 3924184
parsing position 3934184
parsing position 3944184
parsing position 3954184
parsing position 3964184
parsing position 3974184
parsing position 3984184
parsing position 3994184
parsing position 4004184
parsing position 4014184
parsing position 4024184
parsing position 4034184
parsing position 4044184
parsing position 4054184
parsing position 4064184
parsing position 4074184
parsing position 4084184
parsing position 4094184
parsing position 4104184
parsing position 4114184
parsing position 4124184
parsing position 4134184
parsing position 4144184
parsing position 4154184
parsing position 4164184
parsing position 4174184
parsing position 4184184
parsing position 4194184
parsing position 4204184
parsing position 4214184
parsing position 4224184
parsing position 4234184
parsing position 4244184
parsing position 4254184
parsing position 4264184
parsing position 4274184
parsing position 4284184
parsing position 4294184
parsing position 4304184
parsing position 4314184
parsing position 4324184
parsing position 4334284
parsing position 4344284
parsing position 4354284
parsing position 4364284
parsing position 4374284
parsing position 4384284
parsing position 4394284
parsing position 4404284
parsing position 4414284
parsing position 4424284
parsing position 4434284
parsing position 4444284
parsing position 4454284
parsing position 4464284
parsing position 4474384
parsing position 4484384
parsing position 4494384
parsing position 4527914
parsing position 4537914
parsing position 4547914
parsing position 4557914
parsing position 4567914
parsing position 4577914
parsing position 4587914
parsing position 4597914
parsing position 4607914
parsing position 4617914
parsing position 4627914
parsing position 4637914
parsing position 4647914
parsing position 4657914
parsing position 4667914
parsing position 4677914
parsing position 4687914
parsing position 4697914
parsing position 4707914
parsing position 4717914
parsing position 4727914
parsing position 4737914
parsing position 4747914
parsing position 4757914
parsing position 4767914
parsing position 4777914
parsing position 4787914
parsing position 4797914
parsing position 4807914
parsing position 4817914
parsing position 4827914
parsing position 4837914
parsing position 4847914
parsing position 4857914
parsing position 4867914
parsing position 4877914
parsing position 4887914
parsing position 4897914
parsing position 4907914
parsing position 4917914
parsing position 4927914
parsing position 4937914
parsing position 4947914
parsing position 4957914
parsing position 4967914
parsing position 4977914
parsing position 4987914
parsing position 4997914
parsing position 5007914
parsing position 5017914
parsing position 5027914
parsing position 5037914
parsing position 5047914
parsing position 5057914
parsing position 5067914
parsing position 5077914
parsing position 5087914
parsing position 5097938
parsing position 5107938
parsing position 5117938
parsing position 5127988
parsing position 5137988
parsing position 5147988
parsing position 5157988
parsing position 5167988
parsing position 5177988
parsing position 5187988
parsing position 5197988
parsing position 5207988
parsing position 5217988
parsing position 5227988
parsing position 5237988
parsing position 5247988
parsing position 5257988
parsing position 5267988
parsing position 5277988
parsing position 5287988
parsing position 5297988
parsing position 5307988
parsing position 5317988
parsing position 5327988
parsing position 5337988
parsing position 5347988
parsing position 5357988
parsing position 5367988
parsing position 5377988
parsing position 5387988
parsing position 5397988
parsing position 5407988
parsing position 5417988
parsing position 5427988
parsing position 5437988
parsing position 5447988
parsing position 5457988
parsing position 5467988
parsing position 5477988
parsing position 5487988
parsing position 5497988
parsing position 5507988
parsing position 5517988
parsing position 5527988
parsing position 5537988
parsing position 5547988
parsing position 5557988
parsing position 5567988
parsing position 5577988
parsing position 5587988
parsing position 5597988
parsing position 5607988
parsing position 5617988
parsing position 5627988
parsing position 5637988
parsing position 5647988
parsing position 5657988
parsing position 5667988
parsing position 5677988
parsing position 5687988
parsing position 5697988
parsing position 5707988
parsing position 5717988
parsing position 5727988
parsing position 5737988
parsing position 5747988
parsing position 5757988
parsing position 5767988
parsing position 5777988
parsing position 5787988
parsing position 5797988
parsing position 5807988
parsing position 5817988
parsing position 5827988
parsing position 5837988
parsing position 5847988
parsing position 5857988
parsing position 5867988
parsing position 5877988
parsing position 5887988
parsing position 5897988
parsing position 5907988
parsing position 5917988
parsing position 5927988
parsing position 5937988
parsing position 5947988
parsing position 5957988
parsing position 5967988
parsing position 5977988
parsing position 5987988
parsing position 5999236
parsing position 6009236
parsing position 6019236
parsing position 6029236
parsing position 6039236
parsing position 6049236
parsing position 6059236
parsing position 6069236
parsing position 6079236
parsing position 6089236
parsing position 6099236
parsing position 6109236
parsing position 6119236
parsing position 6129236
parsing position 6139236
parsing position 6149236
parsing position 6159236
parsing position 6169236
parsing position 6179236
parsing position 6189236
parsing position 6199236
parsing position 6209236
parsing position 6219236
parsing position 6229236
parsing position 6240167
parsing position 6250167
parsing position 6260167
parsing position 6270167
parsing position 6280167
parsing position 6290167
parsing position 6300167
parsing position 6310167
parsing position 6320167
parsing position 6330167
parsing position 6340167
parsing position 6350167
parsing position 6360167
parsing position 6370167
parsing position 6380167
parsing position 6390167
parsing position 6400462
parsing position 6410801
parsing position 6420801
parsing position 6430801
parsing position 6440801
parsing position 6450801
parsing position 6460801
parsing position 6470801
parsing position 6480801
parsing position 6490801
parsing position 6500801
parsing position 6510801
parsing position 6520948
parsing position 6531511
parsing position 6541511
parsing position 6605846
parsing position 6618986
parsing position 6628986
parsing position 6638986
parsing position 6648986
parsing position 6658986
parsing position 6668986
parsing position 6678986
parsing position 6688986
parsing position 6698986
parsing position 6708986
parsing position 6718986
parsing position 6728986
parsing position 6738986
parsing position 6748986
parsing position 6758986
parsing position 6768986
parsing position 6778986
parsing position 6788986
parsing position 6798986
parsing position 6808986
parsing position 6818986
parsing position 6828986
parsing position 6838986
parsing position 6848986
parsing position 6858986
parsing position 6868986
parsing position 6878986
parsing position 6888986
parsing position 6898986
parsing position 6908986
parsing position 6918986
parsing position 6928986
parsing position 6938986
parsing position 6948986
parsing position 6958986
parsing position 6968986
parsing position 6979086
parsing position 6993300
parsing position 7003300
parsing position 7013300
parsing position 7023300
parsing position 7033300
parsing position 7043300
parsing position 7053300
parsing position 7063300
parsing position 7073300
parsing position 7083300
parsing position 7093300
parsing position 7103300
parsing position 7113300
parsing position 7123300
parsing position 7133300
parsing position 7143300
parsing position 7153300
parsing position 7164200
parsing position 7174200
parsing position 7184200
parsing position 7194200
parsing position 7204200
parsing position 7214200
parsing position 7224200
parsing position 7234200
parsing position 7244200
parsing position 7254200
parsing position 7264200
parsing position 7274200
parsing position 7284200
parsing position 7294200
parsing position 7304200
parsing position 7314200
parsing position 7324200
parsing position 7334200
parsing position 7344200
parsing position 7354200
parsing position 7364200
parsing position 7374200
parsing position 7384300
parsing position 7394300
parsing position 7404300
parsing position 7414300
parsing position 7424300
parsing position 7434300
parsing position 7444300
parsing position 7454300
parsing position 7464300
parsing position 7474300
parsing position 7484300
parsing position 7494300
parsing position 7504300
parsing position 7514300
parsing position 7524300
parsing position 7534300
parsing position 7544300
parsing position 7554300
parsing position 7564300
parsing position 7574300
parsing position 7584726
parsing position 7594794
parsing position 7604794
parsing position 7614794
parsing position 7624794
parsing position 7634794
parsing position 7644794
parsing position 7654794
parsing position 7664794
parsing position 7674794
parsing position 7684794
parsing position 7694794
parsing position 7704794
parsing position 7714794
parsing position 7724794
parsing position 7734794
parsing position 7744794
parsing position 7754794
parsing position 7764794
parsing position 7774794
parsing position 7784794
parsing position 7794794
parsing position 7804794
parsing position 7814794
parsing position 7824794
parsing position 7834794
parsing position 7844794
parsing position 7854794
parsing position 7864794
parsing position 7874794
parsing position 7884794
parsing position 7894794
parsing position 7904794
parsing position 7914794
parsing position 7929468
parsing position 7939468
parsing position 7949468
parsing position 7959468
parsing position 7969468
parsing position 7979468
parsing position 7989468
parsing position 7999468
parsing position 8009468
parsing position 8019468
parsing position 8029468
parsing position 8039468
parsing position 8049468
parsing position 8059468
parsing position 8069468
parsing position 8079468
parsing position 8089468
parsing position 8099468
parsing position 8109843
parsing position 8127086
parsing position 8159231
parsing position 8169231
parsing position 8179231
parsing position 8193993
parsing position 8203993
parsing position 8213993
parsing position 8223993
parsing position 8233993
parsing position 8243993
parsing position 8253993
parsing position 8263993
parsing position 8273993
parsing position 8283993
parsing position 8293993
parsing position 8303993
parsing position 8313993
parsing position 8323993
parsing position 8333993
parsing position 8343993
parsing position 8353993
parsing position 8363993
parsing position 8373993
parsing position 8383993
parsing position 8393993
parsing position 8403993
parsing position 8413993
parsing position 8423993
parsing position 8433993
parsing position 8443993
parsing position 8454777
parsing position 8464777
parsing position 8474777
parsing position 8484777
parsing position 8494777
parsing position 8504777
parsing position 8514777
parsing position 8524777
parsing position 8534777
parsing position 8544777
parsing position 8554777
parsing position 8564777
parsing position 8574777
parsing position 8584777
parsing position 8594777
parsing position 8604777
parsing position 8614777
parsing position 8624777
parsing position 8634777
parsing position 8644777
parsing position 8654777
parsing position 8664777
parsing position 8674777
parsing position 8684777
parsing position 8694777
parsing position 8704777
parsing position 8714777
parsing position 8724777
parsing position 8734777
parsing position 8744777
parsing position 8754777
parsing position 8764777
parsing position 8774777
parsing position 8784777
parsing position 8794777
parsing position 8804777
parsing position 8814777
parsing position 8824777
parsing position 8834777
parsing position 8844777
parsing position 8854777
parsing position 8864777
parsing position 8874777
parsing position 8884853
parsing position 8894853
parsing position 8904905
parsing position 8914905
parsing position 8924905
parsing position 8934905
parsing position 8944905
parsing position 8954905
parsing position 8964905
parsing position 8974905
parsing position 8984905
parsing position 8994905
parsing position 9004905
parsing position 9014905
parsing position 9024905
parsing position 9034905
parsing position 9044905
parsing position 9054905
parsing position 9064905
parsing position 9074905
parsing position 9084905
parsing position 9094905
parsing position 9104905
parsing position 9114905
parsing position 9124905
parsing position 9134905
parsing position 9144905
parsing position 9154905
parsing position 9164905
parsing position 9174905
parsing position 9184905
parsing position 9194905
parsing position 9204905
parsing position 9214905
parsing position 9224905
parsing position 9234905
parsing position 9244905
parsing position 9254905
parsing position 9264905
parsing position 9274905
parsing position 9284905
parsing position 9294905
parsing position 9304905
parsing position 9314905
parsing position 9324905
parsing position 9334905
parsing position 9344905
parsing position 9354905
parsing position 9364905
parsing position 9374905
parsing position 9384905
parsing position 9394905
parsing position 9404905
parsing position 9414905
parsing position 9424905
parsing position 9434905
parsing position 9444905
parsing position 9454905
parsing position 9464905
parsing position 9474905
parsing position 9484905
parsing position 9494905
parsing position 9504905
parsing position 9514905
parsing position 9524905
parsing position 9534905
parsing position 9544905
parsing position 9554905
parsing position 9564905
parsing position 9574905
parsing position 9584905
parsing position 9594905
parsing position 9604905
parsing position 9614905
parsing position 9624905
parsing position 9634905
parsing position 9644905
parsing position 9654905
parsing position 9664905
parsing position 9674905
parsing position 9684905
parsing position 9694905
parsing position 9704905
parsing position 9714905
parsing position 9724905
parsing position 9734905
parsing position 9744905
parsing position 9754905
parsing position 9764905
parsing position 9774905
parsing position 9784905
parsing position 9794905
parsing position 9804905
parsing position 9814905
parsing position 9824905
parsing position 9834905
parsing position 9844905
parsing position 9854905
parsing position 9864905
parsing position 9874905
parsing position 9884905
parsing position 9894905
parsing position 9904905
parsing position 9914905
parsing position 9924905
parsing position 9934905
parsing position 9944905
parsing position 9954905
parsing position 9964905
parsing position 9974905
parsing position 9984905
parsing position 9994905
parsing position 10004905
parsing position 10014905
parsing position 10024905
parsing position 10034905
parsing position 10044905
parsing position 10054905
parsing position 10065759
parsing position 10075907
parsing position 10086492
parsing position 10096492
parsing position 10106492
parsing position 10116492
parsing position 10126492
parsing position 10136492
parsing position 10146492
parsing position 10156492
parsing position 10166492
parsing position 10176492
parsing position 10186492
parsing position 10196492
parsing position 10206492
parsing position 10216492
parsing position 10226492
parsing position 10236492
parsing position 10246492
parsing position 10256492
parsing position 10266492
parsing position 10276492
parsing position 10286492
parsing position 10296492
parsing position 10306492
parsing position 10316492
parsing position 10326492
parsing position 10336492
parsing position 10346492
parsing position 10356492
parsing position 10366492
parsing position 10376492
parsing position 10386492
parsing position 10396492
parsing position 10406492
parsing position 10416492
parsing position 10426492
parsing position 10436492
parsing position 10446492
parsing position 10456492
parsing position 10466492
parsing position 10476492
parsing position 10486492
parsing position 10496492
parsing position 10506492
parsing position 10516492
parsing position 10526492
parsing position 10536492
parsing position 10546492
parsing position 10556492
parsing position 10566492
parsing position 10576492
parsing position 10586492
parsing position 10596492
parsing position 10606492
parsing position 10616492
parsing position 10626492
parsing position 10636492
parsing position 10646492
parsing position 10658594
parsing position 10668594
parsing position 10678594
parsing position 10688594
parsing position 10698594
parsing position 10708594
parsing position 10718594
parsing position 10728594
parsing position 10738594
parsing position 10748594
parsing position 10758594
parsing position 10768594
parsing position 10778594
parsing position 10788755
parsing position 10798755
parsing position 10808755
parsing position 10818755
parsing position 10828755
parsing position 10838755
parsing position 10848994
parsing position 10858994
parsing position 10868994
parsing position 10878994
parsing position 10888994
parsing position 10898994
parsing position 10908994
parsing position 10918994
parsing position 10928994
parsing position 10938994
parsing position 10948994
parsing position 10958994
parsing position 10968994
parsing position 10978994
parsing position 10988994
parsing position 10998994
parsing position 11008994
parsing position 11018994
parsing position 11028994
parsing position 11038994
parsing position 11048994
parsing position 11058994
parsing position 11068994
parsing position 11078994
parsing position 11088994
parsing position 11098994
parsing position 11108994
parsing position 11118994
parsing position 11128994
parsing position 11138994
parsing position 11150961
parsing position 11161037
parsing position 11171037
parsing position 11181037
parsing position 11191037
parsing position 11201037
parsing position 11211037
parsing position 11221037
parsing position 11231037
parsing position 11241037
parsing position 11251037
parsing position 11261037
parsing position 11271037
parsing position 11281037
parsing position 11291037
parsing position 11301037
parsing position 11311037
parsing position 11321037
parsing position 11331037
parsing position 11341037
parsing position 11351037
parsing position 11361037
parsing position 11371037
parsing position 11381037
parsing position 11391037
parsing position 11401037
parsing position 11411037
parsing position 11421037
parsing position 11431037
parsing position 11441037
parsing position 11451037
parsing position 11461037
parsing position 11471037
parsing position 11481037
parsing position 11491037
parsing position 11501037
parsing position 11511037
parsing position 11521037
parsing position 11531037
parsing position 11541037
parsing position 11551037
parsing position 11561037
parsing position 11571037
parsing position 11581037
parsing position 11591037
parsing position 11601037
parsing position 11611636
parsing position 11621636
parsing position 11631636
parsing position 11641636
parsing position 11651636
parsing position 11661636
parsing position 11671636
parsing position 11681636
parsing position 11691636
parsing position 11701636
parsing position 11711636
parsing position 11721636
parsing position 11731636
parsing position 11741636
parsing position 11751636
parsing position 11761636
parsing position 11771636
parsing position 11781636
parsing position 11791636
parsing position 11801636
parsing position 11811636
parsing position 11821636
parsing position 11831636
parsing position 11841636
parsing position 11851636
parsing position 11861636
parsing position 11871636
parsing position 11881636
parsing position 11891636
parsing position 11901636
parsing position 11911636
parsing position 11921636
parsing position 11931636
parsing position 11941636
parsing position 11951636
parsing position 11961636
parsing position 11971636
parsing position 11981636
parsing position 11991636
parsing position 12001636
parsing position 12011636
parsing position 12021636
parsing position 12031778
parsing position 12041778
parsing position 12051778
parsing position 12061778
parsing position 12071778
parsing position 12081778
parsing position 12091778
parsing position 12101778
parsing position 12111778
parsing position 12121778
parsing position 12131778
parsing position 12141778
parsing position 12151778
parsing position 12161778
parsing position 12171778
parsing position 12181778
parsing position 12191778
parsing position 12201778
parsing position 12211778
parsing position 12221778
parsing position 12231778
parsing position 12241778
parsing position 12251778
parsing position 12261778
parsing position 12271778
parsing position 12281778
parsing position 12292987
parsing position 12302987
parsing position 12312987
parsing position 12322987
parsing position 12332987
parsing position 12342987
parsing position 12352987
parsing position 12362987
parsing position 12372987
parsing position 12382987
parsing position 12392987
parsing position 12402987
parsing position 12412987
parsing position 12422987
parsing position 12432987
parsing position 12442987
parsing position 12452987
parsing position 12462987
parsing position 12472987
parsing position 12482987
parsing position 12492987
parsing position 12502987
parsing position 12512987
parsing position 12522987
parsing position 12532987
parsing position 12542987
parsing position 12552987
parsing position 12562987
parsing position 12572987
parsing position 12582987
parsing position 12592987
parsing position 12602987
parsing position 12612987
parsing position 12622987
parsing position 12632987
parsing position 12642987
parsing position 12652987
parsing position 12662987
parsing position 12672987
parsing position 12691233
parsing position 12714374
parsing position 12731092
parsing position 12741092
parsing position 12751092
parsing position 12761092
parsing position 12771092
parsing position 12781092
parsing position 12791092
parsing position 12801092
parsing position 12811092
parsing position 12821092
parsing position 12831092
parsing position 12841092
parsing position 12851092
parsing position 12861092
parsing position 12871092
parsing position 12881092
parsing position 12891092
parsing position 12901092
parsing position 12911092
parsing position 12921092
parsing position 12931092
parsing position 12941092
parsing position 12951092
parsing position 12961092
parsing position 12971092
parsing position 12981092
parsing position 12991092
parsing position 13001092
parsing position 13011092
parsing position 13021092
parsing position 13031092
parsing position 13041092
parsing position 13051092
parsing position 13061092
parsing position 13071092
parsing position 13081092
parsing position 13091092
parsing position 13101092
parsing position 13111092
parsing position 13121092
parsing position 13131092
parsing position 13141092
parsing position 13151092
parsing position 13161092
parsing position 13171092
parsing position 13181092
parsing position 13191092
parsing position 13201092
parsing position 13211092
parsing position 13221092
parsing position 13231092
parsing position 13241092
parsing position 13251092
parsing position 13261092
parsing position 13271092
parsing position 13281092
parsing position 13291092
parsing position 13301092
parsing position 13311092
parsing position 13321092
parsing position 13331092
parsing position 13341092
parsing position 13351092
parsing position 13361092
parsing position 13371092
parsing position 13381092
parsing position 13391092
parsing position 13401092
parsing position 13411092
parsing position 13421092
parsing position 13431092
parsing position 13441092
parsing position 13451092
parsing position 13461092
parsing position 13471092
parsing position 13481092
parsing position 13491092
parsing position 13501092
parsing position 13511092
parsing position 13521173
parsing position 13531173
parsing position 13541173
parsing position 13551173
parsing position 13561173
parsing position 13571173
parsing position 13581173
parsing position 13591173
parsing position 13601173
parsing position 13611173
parsing position 13621173
parsing position 13631173
parsing position 13641173
parsing position 13651173
parsing position 13661173
parsing position 13671173
parsing position 13681173
parsing position 13691173
parsing position 13701173
parsing position 13711173
parsing position 13721173
parsing position 13731173
parsing position 13741173
parsing position 13751173
parsing position 13761173
parsing position 13771173
parsing position 13781173
parsing position 13791173
parsing position 13801173
parsing position 13811173
parsing position 13821173
parsing position 13831173
parsing position 13841173
parsing position 13851173
parsing position 13861173
parsing position 13871173
parsing position 13881173
parsing position 13891173
parsing position 13901173
parsing position 13911173
parsing position 13921173
parsing position 13931173
parsing position 13941173
parsing position 13951173
parsing position 13961173
parsing position 13971173
parsing position 13981173
parsing position 13991173
parsing position 14001173
parsing position 14011173
parsing position 14021173
parsing position 14031173
parsing position 14041173
parsing position 14051173
parsing position 14061173
parsing position 14071173
parsing position 14081173
parsing position 14091173
parsing position 14101173
parsing position 14111173
parsing position 14121173
parsing position 14131173
parsing position 14141173
parsing position 14151173
parsing position 14161173
parsing position 14171173
parsing position 14181173
parsing position 14191173
parsing position 14201173
parsing position 14211173
parsing position 14221173
parsing position 14231173
parsing position 14241173
parsing position 14251173
parsing position 14261173
parsing position 14271173
parsing position 14281173
parsing position 14291173
parsing position 14301173
parsing position 14311173
parsing position 14321173
parsing position 14331173
parsing position 14341173
parsing position 14351173
parsing position 14361173
parsing position 14371173
parsing position 14381173
parsing position 14391173
parsing position 14401173
parsing position 14411173
parsing position 14421173
parsing position 14431173
parsing position 14441173
parsing position 14451173
parsing position 14461173
parsing position 14471173
parsing position 14481173
parsing position 14491173
parsing position 14501205
parsing position 14511205
parsing position 14521205
parsing position 14531205
parsing position 14541205
parsing position 14551205
parsing position 14561205
parsing position 14571205
parsing position 14581205
parsing position 14591205
parsing position 14601205
parsing position 14611205
parsing position 14621205
parsing position 14631205
parsing position 14641205
parsing position 14651205
parsing position 14661205
parsing position 14671205
parsing position 14681205
parsing position 14691205
parsing position 14701205
parsing position 14711205
parsing position 14721205
parsing position 14731205
parsing position 14741205
parsing position 14751205
parsing position 14761205
parsing position 14771318
parsing position 14781318
parsing position 14791318
parsing position 14801318
parsing position 14811318
parsing position 14821365
parsing position 14831365
parsing position 14841365
parsing position 14851365
parsing position 14861365
parsing position 14871365
parsing position 14881365
parsing position 14891365
parsing position 14901365
parsing position 14911365
parsing position 14921365
parsing position 14931365
parsing position 14941365
parsing position 14951365
parsing position 14961365
parsing position 14971365
parsing position 14981365
parsing position 14991365
parsing position 15001365
parsing position 15011365
parsing position 15021365
parsing position 15031365
parsing position 15041365
parsing position 15051365
parsing position 15061365
parsing position 15071365
parsing position 15081365
parsing position 15091365
parsing position 15101365
parsing position 15111365
parsing position 15121365
parsing position 15131365
parsing position 15141365
parsing position 15151365
parsing position 15161365
parsing position 15171365
parsing position 15181365
parsing position 15191365
parsing position 15201365
parsing position 15211365
parsing position 15221365
parsing position 15231365
parsing position 15241365
parsing position 15251365
parsing position 15261365
parsing position 15271365
parsing position 15282518
parsing position 15292518
parsing position 15302518
parsing position 15312518
parsing position 15322518
parsing position 15332518
parsing position 15342518
parsing position 15352518
parsing position 15362518
parsing position 15372641
parsing position 15382641
parsing position 15392641
parsing position 15402641
parsing position 15412641
parsing position 15422641
parsing position 15432641
parsing position 15442641
parsing position 15452641
parsing position 15462641
parsing position 15472641
parsing position 15482641
parsing position 15492641
parsing position 15502641
parsing position 15512641
parsing position 15522641
parsing position 15532641
parsing position 15542641
parsing position 15552641
parsing position 15562641
parsing position 15572641
parsing position 15582641
parsing position 15592641
parsing position 15602641
parsing position 15612641
parsing position 15622641
parsing position 15632641
parsing position 15642641
parsing position 15652641
parsing position 15662641
parsing position 15672641
parsing position 15682641
parsing position 15692641
parsing position 15702641
parsing position 15712641
parsing position 15722641
parsing position 15732641
parsing position 15742641
parsing position 15752641
parsing position 15762641
parsing position 15772641
parsing position 15782641
parsing position 15792641
parsing position 15802641
parsing position 15812641
parsing position 15822641
parsing position 15832641
parsing position 15842641
parsing position 15852641
parsing position 15862641
parsing position 15872641
parsing position 15882641
parsing position 15892641
parsing position 15902641
parsing position 15912641
parsing position 15922641
parsing position 15932641
parsing position 15942641
parsing position 15952641
parsing position 15962641
parsing position 15972641
parsing position 15982641
parsing position 15992641
parsing position 16002641
parsing position 16012641
parsing position 16022641
parsing position 16032641
parsing position 16042641
parsing position 16052641
parsing position 16062641
parsing position 16072641
parsing position 16082641
parsing position 16092641
parsing position 16102641
parsing position 16112641
parsing position 16122641
parsing position 16132641
parsing position 16142641
parsing position 16152641
parsing position 16162641
parsing position 16172641
parsing position 16182641
parsing position 16192641
parsing position 16202641
parsing position 16212641
parsing position 16222641
parsing position 16232641
parsing position 16242641
parsing position 16252641
parsing position 16262641
parsing position 16272641
parsing position 16282641
parsing position 16292641
parsing position 16302641
parsing position 16312641
parsing position 16322641
parsing position 16332641
parsing position 16342641
parsing position 16352641
parsing position 16362641
parsing position 16372641
parsing position 16382641
parsing position 16392641
parsing position 16402641
parsing position 16412641
parsing position 16422641
parsing position 16432641
parsing position 16442641
parsing position 16452641
parsing position 16462641
parsing position 16472641
parsing position 16482641
parsing position 16492641
parsing position 16502641
parsing position 16512641
parsing position 16522641
parsing position 16532641
parsing position 16542641
parsing position 16552641
parsing position 16562641
parsing position 16572641
parsing position 16582641
parsing position 16592641
parsing position 16602641
parsing position 16612641
parsing position 16622641
parsing position 16632641
parsing position 16642641
parsing position 16652641
parsing position 16662641
parsing position 16672641
parsing position 16682641
parsing position 16692641
parsing position 16702641
parsing position 16712641
parsing position 16722641
parsing position 16732641
parsing position 16742641
parsing position 16752641
parsing position 16762641
parsing position 16772641
parsing position 16782641
parsing position 16792641
parsing position 16802641
parsing position 16812641
parsing position 16822641
parsing position 16832641
parsing position 16842641
parsing position 16852641
parsing position 16862641
parsing position 16872641
parsing position 16882641
parsing position 16892641
parsing position 16902641
parsing position 16912641
parsing position 16922641
parsing position 16932641
parsing position 16942641
parsing position 16952641
parsing position 16962641
parsing position 16972641
parsing position 16982641
parsing position 16992641
parsing position 17002641
parsing position 17012641
parsing position 17022641
parsing position 17032641
parsing position 17042641
parsing position 17052641
parsing position 17062641
parsing position 17072641
parsing position 17082641
parsing position 17092641
parsing position 17102641
parsing position 17112641
parsing position 17122641
parsing position 17132641
parsing position 17142641
parsing position 17152641
parsing position 17162641
parsing position 17172641
parsing position 17182641
parsing position 17192641
parsing position 17202641
parsing position 17212641
parsing position 17222641
parsing position 17232641
parsing position 17242641
parsing position 17252641
parsing position 17262641
parsing position 17272641
parsing position 17282641
parsing position 17292641
parsing position 17302641
parsing position 17312641
parsing position 17322641
parsing position 17332641
parsing position 17342641
parsing position 17352641
parsing position 17362641
parsing position 17372641
parsing position 17382641
parsing position 17392641
parsing position 17402641
parsing position 17412641
parsing position 17422641
parsing position 17432641
parsing position 17442641
parsing position 17452641
parsing position 17462641
parsing position 17472641
parsing position 17482641
parsing position 17492641
parsing position 17502641
parsing position 17512641
parsing position 17522641
parsing position 17532641
parsing position 17542641
parsing position 17552641
parsing position 17562641
parsing position 17572641
parsing position 17582641
parsing position 17592641
parsing position 17602641
parsing position 17612641
parsing position 17622641
parsing position 17632641
parsing position 17642641
parsing position 17653065
parsing position 17663065
parsing position 17673065
parsing position 17683065
parsing position 17693065
parsing position 17703065
parsing position 17713065
parsing position 17723065
parsing position 17733065
parsing position 17743065
parsing position 17753065
parsing position 17763323
parsing position 17773323
parsing position 17783323
parsing position 17793323
parsing position 17803323
parsing position 17813323
parsing position 17823323
parsing position 17833323
parsing position 17843323
parsing position 17853323
parsing position 17863323
parsing position 17873323
parsing position 17883323
parsing position 17893323
parsing position 17903323
parsing position 17913323
parsing position 17923323
parsing position 17933323
parsing position 17943348
parsing position 17953348
parsing position 17963348
parsing position 17973348
parsing position 17983348
parsing position 17993348
parsing position 18003348
parsing position 18013348
parsing position 18023348
parsing position 18033348
parsing position 18043348
parsing position 18053348
parsing position 18063348
parsing position 18073348
parsing position 18083348
parsing position 18093348
parsing position 18103348
parsing position 18113348
parsing position 18123348
parsing position 18133348
parsing position 18143348
parsing position 18153348
parsing position 18163348
parsing position 18173348
parsing position 18183348
parsing position 18193348
parsing position 18203348
parsing position 18213348
parsing position 18223348
parsing position 18233348
parsing position 18243348
parsing position 18253348
parsing position 18263348
parsing position 18273348
parsing position 18283348
parsing position 18293348
parsing position 18303348
parsing position 18313348
parsing position 18323348
parsing position 18333348
parsing position 18343348
parsing position 18353348
parsing position 18363348
parsing position 18373348
parsing position 18383348
parsing position 18393348
parsing position 18403348
parsing position 18413348
parsing position 18423348
parsing position 18433348
parsing position 18443348
parsing position 18453348
parsing position 18463348
parsing position 18473348
parsing position 18483348
parsing position 18493348
parsing position 18503348
parsing position 18513348
parsing position 18523348
parsing position 18533348
parsing position 18543348
parsing position 18553456
parsing position 18563456
parsing position 18573456
parsing position 18583456
parsing position 18593456
parsing position 18603456
parsing position 18613456
parsing position 18623456
parsing position 18633456
parsing position 18643456
parsing position 18653456
parsing position 18663456
parsing position 18673456
parsing position 18683456
parsing position 18693456
parsing position 18703456
parsing position 18713456
parsing position 18723456
parsing position 18733456
parsing position 18743456
parsing position 18753456
parsing position 18763456
parsing position 18773456
parsing position 18783456
parsing position 18793456
parsing position 18803456
parsing position 18813456
parsing position 18823456
parsing position 18833456
parsing position 18843456
parsing position 18854023
parsing position 18864023
parsing position 18874023
parsing position 18884023
parsing position 18894023
parsing position 18904023
parsing position 18914023
parsing position 18924023
parsing position 18934023
parsing position 18944023
parsing position 18954023
parsing position 18964023
parsing position 18974023
parsing position 18984023
parsing position 18994023
parsing position 19004023
parsing position 19014023
parsing position 19024023
parsing position 19034023
parsing position 19044023
parsing position 19054023
parsing position 19064023
parsing position 19074023
parsing position 19084023
parsing position 19094023
parsing position 19104023
parsing position 19114023
parsing position 19124023
parsing position 19134023
parsing position 19144023
parsing position 19154023
parsing position 19164023
parsing position 19174023
parsing position 19184023
parsing position 19194023
parsing position 19204023
parsing position 19214023
parsing position 19224023
parsing position 19234023
parsing position 19244023
parsing position 19254023
parsing position 19264023
parsing position 19274023
parsing position 19284023
parsing position 19294107
parsing position 19304107
parsing position 19314107
parsing position 19324107
parsing position 19334107
parsing position 19344107
parsing position 19354107
parsing position 19364107
parsing position 19374107
parsing position 19384107
parsing position 19394107
parsing position 19404107
parsing position 19414107
parsing position 19424107
parsing position 19434107
parsing position 19444107
parsing position 19455135
parsing position 19465135
parsing position 19475135
parsing position 19485135
parsing position 19495135
parsing position 19505135
parsing position 19515135
parsing position 19525135
parsing position 19535135
parsing position 19545135
parsing position 19555135
parsing position 19565135
parsing position 19575135
parsing position 19585135
parsing position 19595135
parsing position 19605135
parsing position 19615135
parsing position 19625135
parsing position 19635135
parsing position 19645135
parsing position 19655135
parsing position 19665135
parsing position 19675135
parsing position 19685135
parsing position 19695135
parsing position 19705135
parsing position 19715135
parsing position 19725135
parsing position 19735135
parsing position 19745135
parsing position 19755135
parsing position 19765135
parsing position 19775135
parsing position 19785135
parsing position 19795135
parsing position 19805135
parsing position 19815135
parsing position 19825135
parsing position 19835135
parsing position 19845135
parsing position 19855135
parsing position 19865135
parsing position 19875135
parsing position 19885135
parsing position 19895135
parsing position 19905135
parsing position 19915135
parsing position 19925135
parsing position 19935135
parsing position 19945135
parsing position 19955135
parsing position 19965135
parsing position 19975135
parsing position 19985135
parsing position 19995135
parsing position 20005135
parsing position 20015135
parsing position 20025135
parsing position 20035135
parsing position 20045135
parsing position 20055135
parsing position 20065135
parsing position 20075135
parsing position 20085135
parsing position 20095135
parsing position 20105135
parsing position 20115135
parsing position 20125135
parsing position 20135135
parsing position 20145135
parsing position 20155135
parsing position 20165135
parsing position 20175135
parsing position 20185135
parsing position 20195135
parsing position 20205135
parsing position 20215135
parsing position 20225135
parsing position 20235135
parsing position 20245135
parsing position 20255135
parsing position 20265135
parsing position 20275135
parsing position 20285135
parsing position 20295135
parsing position 20305135
parsing position 20315135
parsing position 20325135
parsing position 20335135
parsing position 20345135
parsing position 20355135
parsing position 20365135
parsing position 20375135
parsing position 20385135
parsing position 20395135
parsing position 20405135
parsing position 20415135
parsing position 20425135
parsing position 20435135
parsing position 20445135
parsing position 20455135
parsing position 20465135
parsing position 20475135
parsing position 20485135
parsing position 20495135
parsing position 20505135
parsing position 20515135
parsing position 20525135
parsing position 20535135
parsing position 20545135
parsing position 20555135
parsing position 20565135
parsing position 20575135
parsing position 20585135
parsing position 20595135
parsing position 20605135
parsing position 20615135
parsing position 20625135
parsing position 20635135
parsing position 20645135
parsing position 20655135
parsing position 20665135
parsing position 20675135
parsing position 20686737
parsing position 20696737
parsing position 20706737
parsing position 20716737
parsing position 20726737
parsing position 20736737
parsing position 20746737
parsing position 20756737
parsing position 20766737
parsing position 20776737
parsing position 20786737
parsing position 20796737
parsing position 20806737
parsing position 20816737
parsing position 20826737
parsing position 20836737
parsing position 20846737
parsing position 20856737
parsing position 20866737
parsing position 20876737
parsing position 20886737
parsing position 20896737
parsing position 20906737
parsing position 20916737
parsing position 20926737
parsing position 20936737
parsing position 20946737
parsing position 20956737
parsing position 20966737
parsing position 20976737
parsing position 20986737
parsing position 20996737
parsing position 21006737
parsing position 21016737
parsing position 21026737
parsing position 21036737
parsing position 21046737
parsing position 21056737
parsing position 21073045
parsing position 21083045
parsing position 21093045
parsing position 21103045
parsing position 21113045
parsing position 21123045
parsing position 21133045
parsing position 21143045
parsing position 21153045
parsing position 21163045
parsing position 21173045
parsing position 21183045
parsing position 21193045
parsing position 21203045
parsing position 21213045
parsing position 21223045
parsing position 21233045
parsing position 21243045
parsing position 21253045
parsing position 21263045
parsing position 21273045
parsing position 21283045
parsing position 21293045
parsing position 21303045
parsing position 21313045
parsing position 21323045
parsing position 21333045
parsing position 21343045
parsing position 21353045
parsing position 21363045
parsing position 21373045
parsing position 21383045
parsing position 21393045
parsing position 21403045
parsing position 21413045
parsing position 21423045
parsing position 21433045
parsing position 21443045
parsing position 21453045
parsing position 21463045
parsing position 21473045
parsing position 21483045
parsing position 21493045
parsing position 21503045
parsing position 21513045
parsing position 21523045
parsing position 21533045
parsing position 21543045
parsing position 21553045
parsing position 21563045
parsing position 21573045
parsing position 21583045
parsing position 21593045
parsing position 21603045
parsing position 21613045
parsing position 21623045
parsing position 21633045
parsing position 21643045
parsing position 21653045
parsing position 21663045
parsing position 21673045
parsing position 21683045
parsing position 21693045
parsing position 21703045
parsing position 21713045
parsing position 21723045
parsing position 21733045
parsing position 21743045
parsing position 21753045
parsing position 21763045
parsing position 21773045
parsing position 21783045
parsing position 21793045
parsing position 21803045
parsing position 21813045
parsing position 21823045
parsing position 21833045
parsing position 21843045
parsing position 21853045
parsing position 21863045
parsing position 21873045
parsing position 21883045
parsing position 21893045
parsing position 21903045
parsing position 21913045
parsing position 21923045
parsing position 21933045
parsing position 21943045
parsing position 21953045
parsing position 21963045
parsing position 21973045
parsing position 21983045
parsing position 21993045
parsing position 22003045
parsing position 22013045
parsing position 22023045
parsing position 22033045
parsing position 22043045
parsing position 22053045
parsing position 22063045
parsing position 22073045
parsing position 22083045
parsing position 22093045
parsing position 22103045
parsing position 22113045
parsing position 22123045
parsing position 22133045
parsing position 22143045
parsing position 22153045
parsing position 22163045
parsing position 22173045
parsing position 22183045
parsing position 22193045
parsing position 22203045
parsing position 22213045
parsing position 22223045
parsing position 22233045
parsing position 22243045
parsing position 22253045
parsing position 22263045
parsing position 22273045
parsing position 22283045
parsing position 22293045
parsing position 22303045
parsing position 22313045
parsing position 22323045
parsing position 22333045
parsing position 22343045
parsing position 22353045
parsing position 22363045
parsing position 22373045
parsing position 22383045
parsing position 22393045
parsing position 22403045
parsing position 22413045
parsing position 22423045
parsing position 22433045
parsing position 22443045
parsing position 22453045
parsing position 22463045
parsing position 22473045
parsing position 22483045
parsing position 22493045
parsing position 22503045
parsing position 22513045
parsing position 22523045
parsing position 22533045
parsing position 22543045
parsing position 22553045
parsing position 22563045
parsing position 22573045
parsing position 22583045
parsing position 22593045
parsing position 22603045
parsing position 22613045
parsing position 22623045
parsing position 22633045
parsing position 22643045
parsing position 22653045
parsing position 22663045
parsing position 22673045
parsing position 22683045
parsing position 22693045
parsing position 22703045
parsing position 22713045
parsing position 22723045
parsing position 22733045
parsing position 22743045
parsing position 22753045
parsing position 22763045
parsing position 22773045
parsing position 22783045
parsing position 22793045
parsing position 22803045
parsing position 22813045
parsing position 22823045
parsing position 22833045
parsing position 22843045
parsing position 22853045
parsing position 22863045
parsing position 22873045
parsing position 22883045
parsing position 22893045
parsing position 22903045
parsing position 22913045
parsing position 22923045
parsing position 22933045
parsing position 22943045
parsing position 22953045
parsing position 22963045
parsing position 22973045
parsing position 22983045
parsing position 22993045
parsing position 23003045
parsing position 23013045
parsing position 23023045
parsing position 23033045
parsing position 23043045
parsing position 23053045
parsing position 23063045
parsing position 23073045
parsing position 23083045
parsing position 23093045
parsing position 23103045
parsing position 23113045
parsing position 23123045
parsing position 23133045
parsing position 23143045
parsing position 23153045
parsing position 23163045
parsing position 23173045
parsing position 23183045
parsing position 23193045
parsing position 23203045
parsing position 23213045
parsing position 23223045
parsing position 23233045
parsing position 23243045
parsing position 23253045
parsing position 23263045
parsing position 23273045
parsing position 23283045
parsing position 23293045
parsing position 23303045
parsing position 23313045
parsing position 23323045
parsing position 23333045
parsing position 23343045
parsing position 23353045
parsing position 23363045
parsing position 23373045
parsing position 23383045
parsing position 23393045
parsing position 23403045
parsing position 23413045
parsing position 23423045
parsing position 23433045
parsing position 23443045
parsing position 23453045
parsing position 23463045
parsing position 23473045
parsing position 23483045
parsing position 23493045
parsing position 23503045
parsing position 23513045
parsing position 23523045
parsing position 23533045
parsing position 23543045
parsing position 23553045
parsing position 23563045
parsing position 23573045
parsing position 23583045
parsing position 23593045
parsing position 23603045
parsing position 23613045
parsing position 23623045
parsing position 23633045
parsing position 23643045
parsing position 23653045
parsing position 23663045
parsing position 23673045
parsing position 23683045
parsing position 23693045
parsing position 23703045
parsing position 23713045
parsing position 23723045
parsing position 23733045
parsing position 23743045
parsing position 23753045
parsing position 23763045
parsing position 23773045
parsing position 23783045
parsing position 23793045
parsing position 23803045
parsing position 23813045
parsing position 23823045
parsing position 23833045
parsing position 23843045
parsing position 23853045
parsing position 23863045
parsing position 23873045
parsing position 23883045
parsing position 23893045
parsing position 23903045
parsing position 23913045
parsing position 23923045
parsing position 23933045
parsing position 23943045
parsing position 23953045
parsing position 23963045
parsing position 23973045
parsing position 23983045
parsing position 23993045
parsing position 24003045
parsing position 24013045
parsing position 24023045
parsing position 24033045
parsing position 24043045
parsing position 24053045
parsing position 24063045
parsing position 24073045
parsing position 24083045
parsing position 24093045
parsing position 24103045
parsing position 24113045
parsing position 24123045
parsing position 24133045
parsing position 24143045
parsing position 24153045
parsing position 24163045
parsing position 24173045
parsing position 24183045
parsing position 24193045
parsing position 24203045
parsing position 24213045
parsing position 24223045
parsing position 24233045
parsing position 24243045
parsing position 24253045
parsing position 24263045
parsing position 24273045
parsing position 24283045
parsing position 24293270
parsing position 24303270
parsing position 24313270
parsing position 24323270
parsing position 24333270
parsing position 24343270
parsing position 24353270
parsing position 24363270
parsing position 24373270
parsing position 24383270
parsing position 24393270
parsing position 24404056
parsing position 24414056
parsing position 24424529
parsing position 24436877
parsing position 24447466
parsing position 24457808
parsing position 24467808
parsing position 24477808
parsing position 24487808
parsing position 24497808
parsing position 24507808
parsing position 24517808
parsing position 24527968
parsing position 24537968
parsing position 24547968
parsing position 24557968
parsing position 24567968
parsing position 24577968
parsing position 24588635
parsing position 24598635
parsing position 24608635
parsing position 24618635
parsing position 24628635
parsing position 24638635
parsing position 24648635
parsing position 24658635
parsing position 24668635
parsing position 24678635
parsing position 24688635
parsing position 24698635
parsing position 24708635
parsing position 24718635
parsing position 24728635
parsing position 24738635
parsing position 24748635
parsing position 24758635
parsing position 24768635
parsing position 24778635
parsing position 24788806
parsing position 24798806
parsing position 24808860
parsing position 24818860
parsing position 24829240
parsing position 24839240
parsing position 24849240
parsing position 24859240
parsing position 24869240
parsing position 24879240
parsing position 24889240
parsing position 24899240
parsing position 24909240
parsing position 24919240
parsing position 24929240
parsing position 24939240
parsing position 24949240
parsing position 24959240
parsing position 24969240
parsing position 24979240
parsing position 24989240
parsing position 25000475
parsing position 25012410
parsing position 25023232
parsing position 25033901
parsing position 25043901
parsing position 25053901
parsing position 25063901
parsing position 25073901
parsing position 25083901
parsing position 25093901
parsing position 25103901
parsing position 25113901
parsing position 25124502
parsing position 25134502
parsing position 25144502
parsing position 25154502
parsing position 25164728
parsing position 25174728
parsing position 25184728
parsing position 25194728
parsing position 25204728
parsing position 25214728
parsing position 25224728
parsing position 25234728
parsing position 25244728
parsing position 25255014
parsing position 25265014
parsing position 25275014
parsing position 25285014
parsing position 25295014
parsing position 25305014
parsing position 25315014
parsing position 25325014
parsing position 25335014
parsing position 25345014
parsing position 25355014
parsing position 25365014
parsing position 25375014
parsing position 25385014
parsing position 25395014
parsing position 25405014
parsing position 25415014
parsing position 25425014
parsing position 25435014
parsing position 25445014
parsing position 25455014
parsing position 25465014
parsing position 25475014
parsing position 25485014
parsing position 25495014
parsing position 25505014
parsing position 25515014
parsing position 25525014
parsing position 25535014
parsing position 25545114
parsing position 25555114
parsing position 25565114
parsing position 25575114
parsing position 25585114
parsing position 25595114
parsing position 25605114
parsing position 25615114
parsing position 25625114
parsing position 25635114
parsing position 25645114
parsing position 25655114
parsing position 25665114
parsing position 25675114
parsing position 25685114
parsing position 25695114
parsing position 25705114
parsing position 25715114
parsing position 25725114
parsing position 25735114
parsing position 25745114
parsing position 25755114
parsing position 25765114
parsing position 25775114
parsing position 25785114
parsing position 25795114
parsing position 25805114
parsing position 25815114
parsing position 25825114
parsing position 25835114
parsing position 25845114
parsing position 25855114
parsing position 25865114
parsing position 25875114
parsing position 25885114
parsing position 25895114
parsing position 25905114
parsing position 25915114
parsing position 25925280
parsing position 25935280
parsing position 25945280
parsing position 25955280
parsing position 25965280
parsing position 25976150
parsing position 25986384
parsing position 25996384
parsing position 26006384
parsing position 26016384
parsing position 26026384
parsing position 26036384
parsing position 26046384
parsing position 26056384
parsing position 26066384
parsing position 26076384
parsing position 26086384
parsing position 26096384
parsing position 26106384
parsing position 26116384
parsing position 26126384
parsing position 26136384
parsing position 26146384
parsing position 26156384
parsing position 26166384
parsing position 26176384
parsing position 26186384
parsing position 26196384
parsing position 26206384
parsing position 26216596
parsing position 26226596
parsing position 26236596
parsing position 26246596
parsing position 26256596
parsing position 26266830
parsing position 26276830
parsing position 26286830
parsing position 26296830
parsing position 26306830
parsing position 26316830
parsing position 26326830
parsing position 26336830
parsing position 26346830
parsing position 26356830
parsing position 26366830
parsing position 26376830
parsing position 26386830
parsing position 26396830
parsing position 26406830
parsing position 26416830
parsing position 26426830
parsing position 26436830
parsing position 26446830
parsing position 26456830
parsing position 26466875
parsing position 26476875
parsing position 26486875
parsing position 26496875
parsing position 26506875
parsing position 26516875
parsing position 26526875
parsing position 26536875
parsing position 26546875
parsing position 26556875
parsing position 26566875
parsing position 26606175
parsing position 26647691
parsing position 26664634
parsing position 26674634
parsing position 26684634
parsing position 26699058
parsing position 26709058
parsing position 26719058
parsing position 26729058
parsing position 26739058
parsing position 26749058
parsing position 26759058
parsing position 26769058
parsing position 26779058
parsing position 26789058
parsing position 26799058
parsing position 26809058
parsing position 26819058
parsing position 26829058
parsing position 26839058
parsing position 26849058
parsing position 26859058
parsing position 26869058
parsing position 26879058
parsing position 26889058
parsing position 26899058
parsing position 26909058
parsing position 26919058
parsing position 26929058
parsing position 26939058
parsing position 26949058
parsing position 26959058
parsing position 26969058
parsing position 26979119
parsing position 26989149
parsing position 26999149
parsing position 27009149
parsing position 27019149
parsing position 27029149
parsing position 27040202
parsing position 27050202
parsing position 27060202
parsing position 27070202
parsing position 27080202
parsing position 27090202
parsing position 27100202
parsing position 27110202
parsing position 27120202
parsing position 27130202
parsing position 27140202
parsing position 27150202
parsing position 27160202
parsing position 27170202
parsing position 27180202
parsing position 27190202
parsing position 27200793
parsing position 27210793
parsing position 27220793
parsing position 27230793
parsing position 27240985
parsing position 27250985
parsing position 27260985
parsing position 27270985
parsing position 27280985
parsing position 27290985
parsing position 27300985
parsing position 27310985
parsing position 27320985
parsing position 27331329
parsing position 27341329
parsing position 27351329
parsing position 27361329
parsing position 27371329
parsing position 27381329
parsing position 27391329
parsing position 27401329
parsing position 27411329
parsing position 27421329
parsing position 27431329
parsing position 27441329
parsing position 27451561
parsing position 27461561
parsing position 27471561
parsing position 27481561
parsing position 27491561
parsing position 27501561
parsing position 27511561
parsing position 27521561
parsing position 27531561
parsing position 27541561
parsing position 27551561
parsing position 27561561
parsing position 27572745
parsing position 27582745
parsing position 27592745
parsing position 27602745
parsing position 27612745
parsing position 27622745
parsing position 27667426
parsing position 27677426
parsing position 27687426
parsing position 27697426
parsing position 27707426
parsing position 27717426
parsing position 27727426
parsing position 27737426
parsing position 27747426
parsing position 27757426
parsing position 27767426
parsing position 27777426
parsing position 27787426
parsing position 27797426
parsing position 27807426
parsing position 27817426
parsing position 27827426
parsing position 27837426
parsing position 27847426
parsing position 27857426
parsing position 27867426
parsing position 27877426
parsing position 27887426
parsing position 27897426
parsing position 27907426
parsing position 27917426
parsing position 27927426
parsing position 27937426
parsing position 27947426
parsing position 27957426
parsing position 27967426
parsing position 27977426
parsing position 27987426
parsing position 27997426
parsing position 28007426
parsing position 28017426
parsing position 28027426
parsing position 28038447
parsing position 28048457
parsing position 28058457
parsing position 28068457
parsing position 28078457
parsing position 28088457
parsing position 28098457
parsing position 28108457
parsing position 28118457
parsing position 28128457
parsing position 28138457
parsing position 28148457
parsing position 28158457
parsing position 28168457
parsing position 28178457
parsing position 28188457
parsing position 28198457
parsing position 28208457
parsing position 28218457
parsing position 28228457
parsing position 28238457
parsing position 28248457
parsing position 28258457
parsing position 28268457
parsing position 28278457
parsing position 28288457
parsing position 28298457
parsing position 28308457
parsing position 28318457
parsing position 28328457
parsing position 28338457
parsing position 28348457
parsing position 28358457
parsing position 28368457
parsing position 28378457
parsing position 28388457
parsing position 28398457
parsing position 28408457
parsing position 28418457
parsing position 28428457
parsing position 28438457
parsing position 28448457
parsing position 28458457
parsing position 28468457
parsing position 28478457
parsing position 28488457
parsing position 28498457
parsing position 28508457
parsing position 28518457
parsing position 28528457
parsing position 28538457
parsing position 28548457
parsing position 28558457
parsing position 28568457
parsing position 28578457
parsing position 28588457
parsing position 28598457
parsing position 28608457
parsing position 28618457
parsing position 28628457
parsing position 28638457
parsing position 28648457
parsing position 28658457
parsing position 28668457
parsing position 28678457
parsing position 28688457
parsing position 28698457
parsing position 28708457
parsing position 28718457
parsing position 28728457
parsing position 28738457
parsing position 28748457
parsing position 28758457
parsing position 28768695
parsing position 28778695
parsing position 28788695
parsing position 28798695
parsing position 28808695
parsing position 28818695
parsing position 28828695
parsing position 28838695
parsing position 28848695
parsing position 28858695
parsing position 28868695
parsing position 28878695
parsing position 28888695
parsing position 28898695
parsing position 28908695
parsing position 28918695
parsing position 28928695
parsing position 28938695
parsing position 28948695
parsing position 28958695
parsing position 28968695
parsing position 28978827
parsing position 28988988
parsing position 29000646
parsing position 29010646
parsing position 29020646
parsing position 29030646
parsing position 29040646
parsing position 29050646
parsing position 29060646
parsing position 29070646
parsing position 29080646
parsing position 29090646
parsing position 29100646
parsing position 29110646
parsing position 29120646
parsing position 29130646
parsing position 29140646
parsing position 29150646
parsing position 29160646
parsing position 29170646
parsing position 29180646
parsing position 29190646
parsing position 29200646
parsing position 29212573
parsing position 29222573
parsing position 29232573
parsing position 29242573
parsing position 29252573
parsing position 29262573
parsing position 29272573
parsing position 29282573
parsing position 29292573
parsing position 29303236
parsing position 29313236
parsing position 29323236
parsing position 29333236
parsing position 29343236
parsing position 29353236
parsing position 29363236
parsing position 29373236
parsing position 29383236
parsing position 29393236
parsing position 29403236
parsing position 29413236
parsing position 29423236
parsing position 29433236
parsing position 29443236
parsing position 29453236
parsing position 29463236
parsing position 29473236
parsing position 29486748
parsing position 29496748
parsing position 29506748
parsing position 29516748
parsing position 29526748
parsing position 29536748
parsing position 29546748
parsing position 29556748
parsing position 29566748
parsing position 29576748
parsing position 29586748
parsing position 29596748
parsing position 29606748
parsing position 29616748
parsing position 29626748
parsing position 29636748
parsing position 29646748
parsing position 29656748
parsing position 29666748
parsing position 29676748
parsing position 29686748
parsing position 29696748
parsing position 29706748
parsing position 29716748
parsing position 29726748
parsing position 29736748
parsing position 29746748
parsing position 29756748
parsing position 29766748
parsing position 29776748
parsing position 29786748
parsing position 29796748
parsing position 29806748
parsing position 29816748
parsing position 29826748
parsing position 29836748
parsing position 29846748
parsing position 29856748
parsing position 29866748
parsing position 29876748
parsing position 29886748
parsing position 29896773
parsing position 29906986
parsing position 29916986
parsing position 29926986
parsing position 29936986
parsing position 29946986
parsing position 29956986
parsing position 29966986
parsing position 29976986
parsing position 29986986
parsing position 29996986
parsing position 30006986
parsing position 30016986
parsing position 30026986
parsing position 30036986
parsing position 30046986
parsing position 30056986
parsing position 30066986
parsing position 30076986
parsing position 30086986
parsing position 30096986
parsing position 30106986
parsing position 30116986
parsing position 30127370
parsing position 30137370
parsing position 30147370
parsing position 30157370
parsing position 30167370
parsing position 30177370
parsing position 30187370
parsing position 30197370
parsing position 30207370
parsing position 30217370
parsing position 30227370
parsing position 30237370
parsing position 30247370
parsing position 30257370
parsing position 30267370
parsing position 30277370
parsing position 30287370
parsing position 30297370
parsing position 30307370
parsing position 30317370
parsing position 30327370
parsing position 30337370
parsing position 30347370
parsing position 30357370
parsing position 30367370
parsing position 30377370
parsing position 30387370
parsing position 30397370
parsing position 30407370
parsing position 30417370
parsing position 30427370
parsing position 30437370
parsing position 30447370
parsing position 30457370
parsing position 30467370
parsing position 30477370
parsing position 30487370
parsing position 30497370
parsing position 30507370
parsing position 30517370
parsing position 30527370
parsing position 30537370
parsing position 30547370
parsing position 30557370
parsing position 30567370
parsing position 30577370
parsing position 30587370
parsing position 30597370
parsing position 30607370
parsing position 30617370
parsing position 30627370
parsing position 30637370
parsing position 30647370
parsing position 30657370
parsing position 30667370
parsing position 30677370
parsing position 30687370
parsing position 30697370
parsing position 30707370
parsing position 30717370
parsing position 30727370
parsing position 30737370
parsing position 30747370
parsing position 30757550
parsing position 30767550
parsing position 30777550
parsing position 30787550
parsing position 30797550
parsing position 30807550
parsing position 30817550
parsing position 30827550
parsing position 30837550
parsing position 30847550
parsing position 30857550
parsing position 30867550
parsing position 30877550
parsing position 30887550
parsing position 30897550
parsing position 30907550
parsing position 30917550
parsing position 30927550
parsing position 30937550
parsing position 30947828
parsing position 30957828
parsing position 30967828
parsing position 30977828
parsing position 30987828
parsing position 30997828
parsing position 31007828
parsing position 31017828
parsing position 31027828
parsing position 31037828
parsing position 31047828
parsing position 31057828
parsing position 31067828
parsing position 31077828
parsing position 31087828
parsing position 31097828
parsing position 31107828
parsing position 31117828
parsing position 31127828
parsing position 31137828
parsing position 31147828
parsing position 31157828
parsing position 31167828
parsing position 31177828
parsing position 31187828
parsing position 31197828
parsing position 31207828
parsing position 31217828
parsing position 31227828
parsing position 31237828
parsing position 31247828
parsing position 31257828
parsing position 31267828
parsing position 31277828
parsing position 31287828
parsing position 31297828
parsing position 31307828
parsing position 31318105
parsing position 31330769
parsing position 31340769
parsing position 31350874
parsing position 31360874
parsing position 31370874
parsing position 31380874
parsing position 31390874
parsing position 31400885
parsing position 31410885
parsing position 31420885
parsing position 31430885
parsing position 31440885
parsing position 31450885
parsing position 31460885
parsing position 31470885
parsing position 31480885
parsing position 31490885
parsing position 31500885
parsing position 31510885
parsing position 31520885
parsing position 31530943
parsing position 31540943
parsing position 31550943
parsing position 31560943
parsing position 31570943
parsing position 31580943
parsing position 31590943
parsing position 31600943
parsing position 31610943
parsing position 31620943
parsing position 31630943
parsing position 31640943
parsing position 31651176
parsing position 31661176
parsing position 31671176
parsing position 31681176
parsing position 31691176
parsing position 31701176
parsing position 31711176
parsing position 31721176
parsing position 31731176
parsing position 31741176
parsing position 31751176
parsing position 31761176
parsing position 31771176
parsing position 31781176
parsing position 31791176
parsing position 31801176
parsing position 31811176
parsing position 31821176
parsing position 31831176
parsing position 31841176
parsing position 31851176
parsing position 31861176
parsing position 31871176
parsing position 31881176
parsing position 31891176
parsing position 31901176
parsing position 31911176
parsing position 31921176
parsing position 31931176
parsing position 31941176
parsing position 31951176
parsing position 31961176
parsing position 31971176
parsing position 31981176
parsing position 31991176
parsing position 32001176
parsing position 32011176
parsing position 32021176
parsing position 32031176
parsing position 32041176
parsing position 32051176
parsing position 32061176
parsing position 32071176
parsing position 32081176
parsing position 32091176
parsing position 32101176
parsing position 32111176
parsing position 32121176
parsing position 32131176
parsing position 32141176
parsing position 32151176
parsing position 32161176
parsing position 32171176
parsing position 32181176
parsing position 32191176
parsing position 32201176
parsing position 32211176
parsing position 32221176
parsing position 32231176
parsing position 32241176
parsing position 32251176
parsing position 32261176
parsing position 32271176
parsing position 32281176
parsing position 32291176
parsing position 32301176
parsing position 32311176
parsing position 32321176
parsing position 32331176
parsing position 32341176
parsing position 32351176
parsing position 32361176
parsing position 32371176
parsing position 32381176
parsing position 32391176
parsing position 32401176
parsing position 32411176
parsing position 32421176
parsing position 32431176
parsing position 32441176
parsing position 32451176
parsing position 32461176
parsing position 32471176
parsing position 32481176
parsing position 32491176
parsing position 32501176
parsing position 32511176
parsing position 32521176
parsing position 32531176
parsing position 32541176
parsing position 32551176
parsing position 32561176
parsing position 32571176
parsing position 32581176
parsing position 32591176
parsing position 32601176
parsing position 32611176
parsing position 32621176
parsing position 32631176
parsing position 32641176
parsing position 32651176
parsing position 32661176
parsing position 32671176
parsing position 32681176
parsing position 32691176
parsing position 32701176
parsing position 32711176
parsing position 32721176
parsing position 32731176
parsing position 32741176
parsing position 32751176
parsing position 32761176
parsing position 32771176
parsing position 32781176
parsing position 32791176
parsing position 32801176
parsing position 32811176
parsing position 32821176
parsing position 32831176
parsing position 32841176
parsing position 32851176
parsing position 32861176
parsing position 32871176
parsing position 32881176
parsing position 32891176
parsing position 32901176
parsing position 32911176
parsing position 32921176
parsing position 32931176
parsing position 32941176
parsing position 32951176
parsing position 32961176
parsing position 32971176
parsing position 32981176
parsing position 32991176
parsing position 33001176
parsing position 33011176
parsing position 33021176
parsing position 33031176
parsing position 33041176
parsing position 33051176
parsing position 33061176
parsing position 33071176
parsing position 33081176
parsing position 33091176
parsing position 33101176
parsing position 33111176
parsing position 33121176
parsing position 33131176
parsing position 33141176
parsing position 33151176
parsing position 33161176
parsing position 33171176
parsing position 33181176
parsing position 33191176
parsing position 33201176
parsing position 33211176
parsing position 33221176
parsing position 33231176
parsing position 33241176
parsing position 33251176
parsing position 33261176
parsing position 33271176
parsing position 33281176
parsing position 33291176
parsing position 33301176
parsing position 33311176
parsing position 33321176
parsing position 33331176
parsing position 33341176
parsing position 33351176
parsing position 33361176
parsing position 33371176
parsing position 33381176
parsing position 33391176
parsing position 33401176
parsing position 33411176
parsing position 33421176
parsing position 33431176
parsing position 33441176
parsing position 33451176
parsing position 33461176
parsing position 33471176
parsing position 33481176
parsing position 33491176
parsing position 33501176
parsing position 33511176
parsing position 33521176
parsing position 33531176
parsing position 33541176
parsing position 33551176
parsing position 33561176
parsing position 33571176
parsing position 33581176
parsing position 33591176
parsing position 33601176
parsing position 33611176
parsing position 33621176
parsing position 33631176
parsing position 33641176
parsing position 33651176
parsing position 33661176
parsing position 33671176
parsing position 33681176
parsing position 33691176
parsing position 33701176
parsing position 33711176
parsing position 33721176
parsing position 33731176
parsing position 33741176
parsing position 33751176
parsing position 33761176
parsing position 33771176
parsing position 33781176
parsing position 33791176
parsing position 33801176
parsing position 33811176
parsing position 33821176
parsing position 33831176
parsing position 33841176
parsing position 33851176
parsing position 33861176
parsing position 33871176
parsing position 33881176
parsing position 33891176
parsing position 33901176
parsing position 33911176
parsing position 33921176
parsing position 33931176
parsing position 33941176
parsing position 33951176
parsing position 33961176
parsing position 33971176
parsing position 33981176
parsing position 33991176
parsing position 34001176
parsing position 34011176
parsing position 34021548
parsing position 34031548
parsing position 34041548
parsing position 34051548
parsing position 34061548
parsing position 34071548
parsing position 34081548
parsing position 34091548
parsing position 34101548
parsing position 34111548
parsing position 34121548
parsing position 34131548
parsing position 34141548
parsing position 34151548
parsing position 34161548
parsing position 34171548
parsing position 34181548
parsing position 34191548
parsing position 34201548
parsing position 34211548
parsing position 34221548
parsing position 34231548
parsing position 34241548
parsing position 34251548
parsing position 34261548
parsing position 34271548
parsing position 34281548
parsing position 34291631
parsing position 34301631
parsing position 34311631
parsing position 34321631
parsing position 34331631
parsing position 34341631
parsing position 34351631
parsing position 34361631
parsing position 34371631
parsing position 34381631
parsing position 34391631
parsing position 34401631
parsing position 34411631
parsing position 34421631
parsing position 34431631
parsing position 34441631
parsing position 34451631
parsing position 34461631
parsing position 34471631
parsing position 34481631
parsing position 34491631
parsing position 34501631
parsing position 34511631
parsing position 34521631
parsing position 34531631
parsing position 34541631
parsing position 34551631
parsing position 34561631
parsing position 34571631
parsing position 34581631
parsing position 34591631
parsing position 34601631
parsing position 34611631
parsing position 34621631
parsing position 34631631
parsing position 34641631
parsing position 34651631
parsing position 34661631
parsing position 34671631
parsing position 34681631
parsing position 34691631
parsing position 34701631
parsing position 34711631
parsing position 34721631
parsing position 34731631
parsing position 34741631
parsing position 34751631
parsing position 34761631
parsing position 34771631
parsing position 34781631
parsing position 34791631
parsing position 34801631
parsing position 34811631
parsing position 34821631
parsing position 34831631
parsing position 34841631
parsing position 34851631
parsing position 34861631
parsing position 34871631
parsing position 34881631
parsing position 34891631
parsing position 34901631
parsing position 34911631
parsing position 34921631
parsing position 34931631
parsing position 34941631
parsing position 34951631
parsing position 34961631
parsing position 34971631
parsing position 34981631
parsing position 34991631
parsing position 35001631
parsing position 35011631
parsing position 35021631
parsing position 35031631
parsing position 35041631
parsing position 35051631
parsing position 35061631
parsing position 35071631
parsing position 35081746
parsing position 35091746
parsing position 35101746
parsing position 35111746
parsing position 35121746
parsing position 35131746
parsing position 35143962
parsing position 35153962
parsing position 35163962
parsing position 35173962
parsing position 35183962
parsing position 35193962
parsing position 35203962
parsing position 35213962
parsing position 35223962
parsing position 35233962
parsing position 35243962
parsing position 35253962
parsing position 35263962
parsing position 35273962
parsing position 35283962
parsing position 35293962
parsing position 35303962
parsing position 35313962
parsing position 35323962
parsing position 35333962
parsing position 35343962
parsing position 35353962
parsing position 35363962
parsing position 35373962
parsing position 35383962
parsing position 35393962
parsing position 35403962
parsing position 35413962
parsing position 35423962
parsing position 35437488
parsing position 35447488
parsing position 35457488
parsing position 35467488
parsing position 35477488
parsing position 35487488
parsing position 35497488
parsing position 35507488
parsing position 35517488
parsing position 35527488
parsing position 35537488
parsing position 35547488
parsing position 35557488
parsing position 35567488
parsing position 35577488
parsing position 35587488
parsing position 35597488
parsing position 35607488
parsing position 35617488
parsing position 35627488
parsing position 35637488
parsing position 35647488
parsing position 35657488
parsing position 35667488
parsing position 35677488
parsing position 35687488
parsing position 35699054
parsing position 35709054
parsing position 35719054
parsing position 35729054
parsing position 35739054
parsing position 35749054
parsing position 35759054
parsing position 35769054
parsing position 35779054
parsing position 35789054
parsing position 35799054
parsing position 35809054
parsing position 35819054
parsing position 35829054
parsing position 35839054
parsing position 35849054
parsing position 35859054
parsing position 35869054
parsing position 35879054
parsing position 35889054
parsing position 35899054
parsing position 35909054
parsing position 35919054
parsing position 35929054
parsing position 35939054
parsing position 35949054
parsing position 35959054
parsing position 35969054
parsing position 35979054
parsing position 35989054
parsing position 36072977
parsing position 36082977
parsing position 36092977
parsing position 36102977
parsing position 36112977
parsing position 36122977
parsing position 36132977
parsing position 36142977
parsing position 36152977
parsing position 36162977
parsing position 36172977
parsing position 36182977
parsing position 36192977
parsing position 36203433
parsing position 36213433
parsing position 36223433
parsing position 36233433
parsing position 36243433
parsing position 36253433
parsing position 36263433
parsing position 36273433
parsing position 36283433
parsing position 36293433
parsing position 36303433
parsing position 36313433
parsing position 36323433
parsing position 36333433
parsing position 36343433
parsing position 36353751
parsing position 36363751
parsing position 36373751
parsing position 36383751
parsing position 36393751
parsing position 36403751
parsing position 36413751
parsing position 36423751
parsing position 36433751
parsing position 36443751
parsing position 36471426
parsing position 36481426
parsing position 36491426
parsing position 36501426
parsing position 36511426
parsing position 36521426
parsing position 36532486
parsing position 36543100
parsing position 36561915
parsing position 36580761
parsing position 36591375
parsing position 36602506
parsing position 36612506
parsing position 36622506
parsing position 36632506
parsing position 36642506
parsing position 36652506
parsing position 36662506
parsing position 36672506
parsing position 36683410
parsing position 36693410
parsing position 36703410
parsing position 36713410
parsing position 36723410
parsing position 36733410
parsing position 36743410
parsing position 36753410
parsing position 36763410
parsing position 36773410
parsing position 36783410
parsing position 36793410
parsing position 36803410
parsing position 36813991
[Wed May 21 23:25:26 2025]
Finished job 0.
1 of 1 steps (100%) done
Storing output in storage.
[Wed May 21 23:25:26 2025]
Finished job 0.
1 of 1 steps (100%) done
Storing output in storage.
