host: login-q-3
Building DAG of jobs...
Using shell: /usr/bin/bash
Provided cores: 76
Rules claiming more threads will be scaled down.
Job stats:
job                       count
----------------------  -------
GET_ALN_ONLY_PER_CHROM       40
all                           1
total                        41

Select jobs to execute...
Execute 40 jobs...

[Fri Apr  4 14:58:36 2025]
localrule GET_ALN_ONLY_PER_CHROM:
    input: sharks/HydCol_Test2/HydCol_Test2_FASTGA_Updated.paf
    output: sharks/HydCol_Test2/temp/20250403_CM068781.1_Aln_Only.txt
    jobid: 49
    reason: Missing output files: sharks/HydCol_Test2/temp/20250403_CM068781.1_Aln_Only.txt; Set of input files has changed since last execution; Code has changed since last execution
    wildcards: CLADE=sharks, SPEC_NAME=HydCol_Test2, TODAY_DATE=20250403, CHR=CM068781.1
    resources: tmpdir=/tmp


[Fri Apr  4 14:58:36 2025]
localrule GET_ALN_ONLY_PER_CHROM:
    input: sharks/HydCol_Test2/HydCol_Test2_FASTGA_Updated.paf
    output: sharks/HydCol_Test2/temp/20250403_CM068774.1_Aln_Only.txt
    jobid: 42
    reason: Missing output files: sharks/HydCol_Test2/temp/20250403_CM068774.1_Aln_Only.txt; Set of input files has changed since last execution; Code has changed since last execution
    wildcards: CLADE=sharks, SPEC_NAME=HydCol_Test2, TODAY_DATE=20250403, CHR=CM068774.1
    resources: tmpdir=/tmp


[Fri Apr  4 14:58:36 2025]
localrule GET_ALN_ONLY_PER_CHROM:
    input: sharks/HydCol_Test2/HydCol_Test2_FASTGA_Updated.paf
    output: sharks/HydCol_Test2/temp/20250403_CM068767.1_Aln_Only.txt
    jobid: 35
    reason: Missing output files: sharks/HydCol_Test2/temp/20250403_CM068767.1_Aln_Only.txt; Set of input files has changed since last execution; Code has changed since last execution
    wildcards: CLADE=sharks, SPEC_NAME=HydCol_Test2, TODAY_DATE=20250403, CHR=CM068767.1
    resources: tmpdir=/tmp


[Fri Apr  4 14:58:36 2025]
localrule GET_ALN_ONLY_PER_CHROM:
    input: sharks/HydCol_Test2/HydCol_Test2_FASTGA_Updated.paf
    output: sharks/HydCol_Test2/temp/20250403_CM068761.1_Aln_Only.txt
    jobid: 29
    reason: Missing output files: sharks/HydCol_Test2/temp/20250403_CM068761.1_Aln_Only.txt; Set of input files has changed since last execution; Code has changed since last execution
    wildcards: CLADE=sharks, SPEC_NAME=HydCol_Test2, TODAY_DATE=20250403, CHR=CM068761.1
    resources: tmpdir=/tmp


[Fri Apr  4 14:58:36 2025]
localrule GET_ALN_ONLY_PER_CHROM:
    input: sharks/HydCol_Test2/HydCol_Test2_FASTGA_Updated.paf
    output: sharks/HydCol_Test2/temp/20250403_CM068754.1_Aln_Only.txt
    jobid: 22
    reason: Missing output files: sharks/HydCol_Test2/temp/20250403_CM068754.1_Aln_Only.txt; Set of input files has changed since last execution; Code has changed since last execution
    wildcards: CLADE=sharks, SPEC_NAME=HydCol_Test2, TODAY_DATE=20250403, CHR=CM068754.1
    resources: tmpdir=/tmp


[Fri Apr  4 14:58:36 2025]
localrule GET_ALN_ONLY_PER_CHROM:
    input: sharks/HydCol_Test2/HydCol_Test2_FASTGA_Updated.paf
    output: sharks/HydCol_Test2/temp/20250403_CM068746.1_Aln_Only.txt
    jobid: 14
    reason: Missing output files: sharks/HydCol_Test2/temp/20250403_CM068746.1_Aln_Only.txt; Set of input files has changed since last execution; Code has changed since last execution
    wildcards: CLADE=sharks, SPEC_NAME=HydCol_Test2, TODAY_DATE=20250403, CHR=CM068746.1
    resources: tmpdir=/tmp


[Fri Apr  4 14:58:36 2025]
localrule GET_ALN_ONLY_PER_CHROM:
    input: sharks/HydCol_Test2/HydCol_Test2_FASTGA_Updated.paf
    output: sharks/HydCol_Test2/temp/20250403_CM068775.1_Aln_Only.txt
    jobid: 43
    reason: Missing output files: sharks/HydCol_Test2/temp/20250403_CM068775.1_Aln_Only.txt; Set of input files has changed since last execution; Code has changed since last execution
    wildcards: CLADE=sharks, SPEC_NAME=HydCol_Test2, TODAY_DATE=20250403, CHR=CM068775.1
    resources: tmpdir=/tmp


[Fri Apr  4 14:58:36 2025]
localrule GET_ALN_ONLY_PER_CHROM:
    input: sharks/HydCol_Test2/HydCol_Test2_FASTGA_Updated.paf
    output: sharks/HydCol_Test2/temp/20250403_CM068768.1_Aln_Only.txt
    jobid: 36
    reason: Missing output files: sharks/HydCol_Test2/temp/20250403_CM068768.1_Aln_Only.txt; Set of input files has changed since last execution; Code has changed since last execution
    wildcards: CLADE=sharks, SPEC_NAME=HydCol_Test2, TODAY_DATE=20250403, CHR=CM068768.1
    resources: tmpdir=/tmp


[Fri Apr  4 14:58:36 2025]
localrule GET_ALN_ONLY_PER_CHROM:
    input: sharks/HydCol_Test2/HydCol_Test2_FASTGA_Updated.paf
    output: sharks/HydCol_Test2/temp/20250403_CM068762.1_Aln_Only.txt
    jobid: 30
    reason: Missing output files: sharks/HydCol_Test2/temp/20250403_CM068762.1_Aln_Only.txt; Set of input files has changed since last execution; Code has changed since last execution
    wildcards: CLADE=sharks, SPEC_NAME=HydCol_Test2, TODAY_DATE=20250403, CHR=CM068762.1
    resources: tmpdir=/tmp


[Fri Apr  4 14:58:36 2025]
localrule GET_ALN_ONLY_PER_CHROM:
    input: sharks/HydCol_Test2/HydCol_Test2_FASTGA_Updated.paf
    output: sharks/HydCol_Test2/temp/20250403_CM068755.1_Aln_Only.txt
    jobid: 23
    reason: Missing output files: sharks/HydCol_Test2/temp/20250403_CM068755.1_Aln_Only.txt; Set of input files has changed since last execution; Code has changed since last execution
    wildcards: CLADE=sharks, SPEC_NAME=HydCol_Test2, TODAY_DATE=20250403, CHR=CM068755.1
    resources: tmpdir=/tmp


[Fri Apr  4 14:58:36 2025]
localrule GET_ALN_ONLY_PER_CHROM:
    input: sharks/HydCol_Test2/HydCol_Test2_FASTGA_Updated.paf
    output: sharks/HydCol_Test2/temp/20250403_CM068752.1_Aln_Only.txt
    jobid: 20
    reason: Missing output files: sharks/HydCol_Test2/temp/20250403_CM068752.1_Aln_Only.txt; Set of input files has changed since last execution; Code has changed since last execution
    wildcards: CLADE=sharks, SPEC_NAME=HydCol_Test2, TODAY_DATE=20250403, CHR=CM068752.1
    resources: tmpdir=/tmp


[Fri Apr  4 14:58:36 2025]
localrule GET_ALN_ONLY_PER_CHROM:
    input: sharks/HydCol_Test2/HydCol_Test2_FASTGA_Updated.paf
    output: sharks/HydCol_Test2/temp/20250403_CM068776.1_Aln_Only.txt
    jobid: 44
    reason: Missing output files: sharks/HydCol_Test2/temp/20250403_CM068776.1_Aln_Only.txt; Set of input files has changed since last execution; Code has changed since last execution
    wildcards: CLADE=sharks, SPEC_NAME=HydCol_Test2, TODAY_DATE=20250403, CHR=CM068776.1
    resources: tmpdir=/tmp


[Fri Apr  4 14:58:36 2025]
localrule GET_ALN_ONLY_PER_CHROM:
    input: sharks/HydCol_Test2/HydCol_Test2_FASTGA_Updated.paf
    output: sharks/HydCol_Test2/temp/20250403_CM068769.1_Aln_Only.txt
    jobid: 37
    reason: Missing output files: sharks/HydCol_Test2/temp/20250403_CM068769.1_Aln_Only.txt; Set of input files has changed since last execution; Code has changed since last execution
    wildcards: CLADE=sharks, SPEC_NAME=HydCol_Test2, TODAY_DATE=20250403, CHR=CM068769.1
    resources: tmpdir=/tmp


[Fri Apr  4 14:58:36 2025]
localrule GET_ALN_ONLY_PER_CHROM:
    input: sharks/HydCol_Test2/HydCol_Test2_FASTGA_Updated.paf
    output: sharks/HydCol_Test2/temp/20250403_CM068763.1_Aln_Only.txt
    jobid: 31
    reason: Missing output files: sharks/HydCol_Test2/temp/20250403_CM068763.1_Aln_Only.txt; Set of input files has changed since last execution; Code has changed since last execution
    wildcards: CLADE=sharks, SPEC_NAME=HydCol_Test2, TODAY_DATE=20250403, CHR=CM068763.1
    resources: tmpdir=/tmp


[Fri Apr  4 14:58:36 2025]
localrule GET_ALN_ONLY_PER_CHROM:
    input: sharks/HydCol_Test2/HydCol_Test2_FASTGA_Updated.paf
    output: sharks/HydCol_Test2/temp/20250403_CM068756.1_Aln_Only.txt
    jobid: 24
    reason: Missing output files: sharks/HydCol_Test2/temp/20250403_CM068756.1_Aln_Only.txt; Set of input files has changed since last execution; Code has changed since last execution
    wildcards: CLADE=sharks, SPEC_NAME=HydCol_Test2, TODAY_DATE=20250403, CHR=CM068756.1
    resources: tmpdir=/tmp


[Fri Apr  4 14:58:36 2025]
localrule GET_ALN_ONLY_PER_CHROM:
    input: sharks/HydCol_Test2/HydCol_Test2_FASTGA_Updated.paf
    output: sharks/HydCol_Test2/temp/20250403_CM068747.1_Aln_Only.txt
    jobid: 15
    reason: Missing output files: sharks/HydCol_Test2/temp/20250403_CM068747.1_Aln_Only.txt; Set of input files has changed since last execution; Code has changed since last execution
    wildcards: CLADE=sharks, SPEC_NAME=HydCol_Test2, TODAY_DATE=20250403, CHR=CM068747.1
    resources: tmpdir=/tmp


[Fri Apr  4 14:58:36 2025]
localrule GET_ALN_ONLY_PER_CHROM:
    input: sharks/HydCol_Test2/HydCol_Test2_FASTGA_Updated.paf
    output: sharks/HydCol_Test2/temp/20250403_CM068742.1_Aln_Only.txt
    jobid: 10
    reason: Missing output files: sharks/HydCol_Test2/temp/20250403_CM068742.1_Aln_Only.txt; Set of input files has changed since last execution; Code has changed since last execution
    wildcards: CLADE=sharks, SPEC_NAME=HydCol_Test2, TODAY_DATE=20250403, CHR=CM068742.1
    resources: tmpdir=/tmp


[Fri Apr  4 14:58:36 2025]
localrule GET_ALN_ONLY_PER_CHROM:
    input: sharks/HydCol_Test2/HydCol_Test2_FASTGA_Updated.paf
    output: sharks/HydCol_Test2/temp/20250403_CM068777.1_Aln_Only.txt
    jobid: 45
    reason: Missing output files: sharks/HydCol_Test2/temp/20250403_CM068777.1_Aln_Only.txt; Set of input files has changed since last execution; Code has changed since last execution
    wildcards: CLADE=sharks, SPEC_NAME=HydCol_Test2, TODAY_DATE=20250403, CHR=CM068777.1
    resources: tmpdir=/tmp


[Fri Apr  4 14:58:36 2025]
localrule GET_ALN_ONLY_PER_CHROM:
    input: sharks/HydCol_Test2/HydCol_Test2_FASTGA_Updated.paf
    output: sharks/HydCol_Test2/temp/20250403_CM068770.1_Aln_Only.txt
    jobid: 38
    reason: Missing output files: sharks/HydCol_Test2/temp/20250403_CM068770.1_Aln_Only.txt; Set of input files has changed since last execution; Code has changed since last execution
    wildcards: CLADE=sharks, SPEC_NAME=HydCol_Test2, TODAY_DATE=20250403, CHR=CM068770.1
    resources: tmpdir=/tmp


[Fri Apr  4 14:58:36 2025]
localrule GET_ALN_ONLY_PER_CHROM:
    input: sharks/HydCol_Test2/HydCol_Test2_FASTGA_Updated.paf
    output: sharks/HydCol_Test2/temp/20250403_CM068764.1_Aln_Only.txt
    jobid: 32
    reason: Missing output files: sharks/HydCol_Test2/temp/20250403_CM068764.1_Aln_Only.txt; Set of input files has changed since last execution; Code has changed since last execution
    wildcards: CLADE=sharks, SPEC_NAME=HydCol_Test2, TODAY_DATE=20250403, CHR=CM068764.1
    resources: tmpdir=/tmp


[Fri Apr  4 14:58:36 2025]
localrule GET_ALN_ONLY_PER_CHROM:
    input: sharks/HydCol_Test2/HydCol_Test2_FASTGA_Updated.paf
    output: sharks/HydCol_Test2/temp/20250403_CM068757.1_Aln_Only.txt
    jobid: 25
    reason: Missing output files: sharks/HydCol_Test2/temp/20250403_CM068757.1_Aln_Only.txt; Set of input files has changed since last execution; Code has changed since last execution
    wildcards: CLADE=sharks, SPEC_NAME=HydCol_Test2, TODAY_DATE=20250403, CHR=CM068757.1
    resources: tmpdir=/tmp


[Fri Apr  4 14:58:36 2025]
localrule GET_ALN_ONLY_PER_CHROM:
    input: sharks/HydCol_Test2/HydCol_Test2_FASTGA_Updated.paf
    output: sharks/HydCol_Test2/temp/20250403_CM068748.1_Aln_Only.txt
    jobid: 16
    reason: Missing output files: sharks/HydCol_Test2/temp/20250403_CM068748.1_Aln_Only.txt; Set of input files has changed since last execution; Code has changed since last execution
    wildcards: CLADE=sharks, SPEC_NAME=HydCol_Test2, TODAY_DATE=20250403, CHR=CM068748.1
    resources: tmpdir=/tmp


[Fri Apr  4 14:58:36 2025]
localrule GET_ALN_ONLY_PER_CHROM:
    input: sharks/HydCol_Test2/HydCol_Test2_FASTGA_Updated.paf
    output: sharks/HydCol_Test2/temp/20250403_CM068743.1_Aln_Only.txt
    jobid: 11
    reason: Missing output files: sharks/HydCol_Test2/temp/20250403_CM068743.1_Aln_Only.txt; Set of input files has changed since last execution; Code has changed since last execution
    wildcards: CLADE=sharks, SPEC_NAME=HydCol_Test2, TODAY_DATE=20250403, CHR=CM068743.1
    resources: tmpdir=/tmp


[Fri Apr  4 14:58:36 2025]
localrule GET_ALN_ONLY_PER_CHROM:
    input: sharks/HydCol_Test2/HydCol_Test2_FASTGA_Updated.paf
    output: sharks/HydCol_Test2/temp/20250403_CM068778.1_Aln_Only.txt
    jobid: 46
    reason: Missing output files: sharks/HydCol_Test2/temp/20250403_CM068778.1_Aln_Only.txt; Set of input files has changed since last execution; Code has changed since last execution
    wildcards: CLADE=sharks, SPEC_NAME=HydCol_Test2, TODAY_DATE=20250403, CHR=CM068778.1
    resources: tmpdir=/tmp


[Fri Apr  4 14:58:36 2025]
localrule GET_ALN_ONLY_PER_CHROM:
    input: sharks/HydCol_Test2/HydCol_Test2_FASTGA_Updated.paf
    output: sharks/HydCol_Test2/temp/20250403_CM068771.1_Aln_Only.txt
    jobid: 39
    reason: Missing output files: sharks/HydCol_Test2/temp/20250403_CM068771.1_Aln_Only.txt; Set of input files has changed since last execution; Code has changed since last execution
    wildcards: CLADE=sharks, SPEC_NAME=HydCol_Test2, TODAY_DATE=20250403, CHR=CM068771.1
    resources: tmpdir=/tmp


[Fri Apr  4 14:58:36 2025]
localrule GET_ALN_ONLY_PER_CHROM:
    input: sharks/HydCol_Test2/HydCol_Test2_FASTGA_Updated.paf
    output: sharks/HydCol_Test2/temp/20250403_CM068765.1_Aln_Only.txt
    jobid: 33
    reason: Missing output files: sharks/HydCol_Test2/temp/20250403_CM068765.1_Aln_Only.txt; Set of input files has changed since last execution; Code has changed since last execution
    wildcards: CLADE=sharks, SPEC_NAME=HydCol_Test2, TODAY_DATE=20250403, CHR=CM068765.1
    resources: tmpdir=/tmp


[Fri Apr  4 14:58:36 2025]
localrule GET_ALN_ONLY_PER_CHROM:
    input: sharks/HydCol_Test2/HydCol_Test2_FASTGA_Updated.paf
    output: sharks/HydCol_Test2/temp/20250403_CM068758.1_Aln_Only.txt
    jobid: 26
    reason: Missing output files: sharks/HydCol_Test2/temp/20250403_CM068758.1_Aln_Only.txt; Set of input files has changed since last execution; Code has changed since last execution
    wildcards: CLADE=sharks, SPEC_NAME=HydCol_Test2, TODAY_DATE=20250403, CHR=CM068758.1
    resources: tmpdir=/tmp


[Fri Apr  4 14:58:36 2025]
localrule GET_ALN_ONLY_PER_CHROM:
    input: sharks/HydCol_Test2/HydCol_Test2_FASTGA_Updated.paf
    output: sharks/HydCol_Test2/temp/20250403_CM068749.1_Aln_Only.txt
    jobid: 17
    reason: Missing output files: sharks/HydCol_Test2/temp/20250403_CM068749.1_Aln_Only.txt; Set of input files has changed since last execution; Code has changed since last execution
    wildcards: CLADE=sharks, SPEC_NAME=HydCol_Test2, TODAY_DATE=20250403, CHR=CM068749.1
    resources: tmpdir=/tmp


[Fri Apr  4 14:58:36 2025]
localrule GET_ALN_ONLY_PER_CHROM:
    input: sharks/HydCol_Test2/HydCol_Test2_FASTGA_Updated.paf
    output: sharks/HydCol_Test2/temp/20250403_CM068744.1_Aln_Only.txt
    jobid: 12
    reason: Missing output files: sharks/HydCol_Test2/temp/20250403_CM068744.1_Aln_Only.txt; Set of input files has changed since last execution; Code has changed since last execution
    wildcards: CLADE=sharks, SPEC_NAME=HydCol_Test2, TODAY_DATE=20250403, CHR=CM068744.1
    resources: tmpdir=/tmp


[Fri Apr  4 14:58:36 2025]
localrule GET_ALN_ONLY_PER_CHROM:
    input: sharks/HydCol_Test2/HydCol_Test2_FASTGA_Updated.paf
    output: sharks/HydCol_Test2/temp/20250403_CM068779.1_Aln_Only.txt
    jobid: 47
    reason: Missing output files: sharks/HydCol_Test2/temp/20250403_CM068779.1_Aln_Only.txt; Set of input files has changed since last execution; Code has changed since last execution
    wildcards: CLADE=sharks, SPEC_NAME=HydCol_Test2, TODAY_DATE=20250403, CHR=CM068779.1
    resources: tmpdir=/tmp


[Fri Apr  4 14:58:36 2025]
localrule GET_ALN_ONLY_PER_CHROM:
    input: sharks/HydCol_Test2/HydCol_Test2_FASTGA_Updated.paf
    output: sharks/HydCol_Test2/temp/20250403_CM068772.1_Aln_Only.txt
    jobid: 40
    reason: Missing output files: sharks/HydCol_Test2/temp/20250403_CM068772.1_Aln_Only.txt; Set of input files has changed since last execution; Code has changed since last execution
    wildcards: CLADE=sharks, SPEC_NAME=HydCol_Test2, TODAY_DATE=20250403, CHR=CM068772.1
    resources: tmpdir=/tmp


[Fri Apr  4 14:58:36 2025]
localrule GET_ALN_ONLY_PER_CHROM:
    input: sharks/HydCol_Test2/HydCol_Test2_FASTGA_Updated.paf
    output: sharks/HydCol_Test2/temp/20250403_CM068766.1_Aln_Only.txt
    jobid: 34
    reason: Missing output files: sharks/HydCol_Test2/temp/20250403_CM068766.1_Aln_Only.txt; Set of input files has changed since last execution; Code has changed since last execution
    wildcards: CLADE=sharks, SPEC_NAME=HydCol_Test2, TODAY_DATE=20250403, CHR=CM068766.1
    resources: tmpdir=/tmp


[Fri Apr  4 14:58:36 2025]
localrule GET_ALN_ONLY_PER_CHROM:
    input: sharks/HydCol_Test2/HydCol_Test2_FASTGA_Updated.paf
    output: sharks/HydCol_Test2/temp/20250403_CM068759.1_Aln_Only.txt
    jobid: 27
    reason: Missing output files: sharks/HydCol_Test2/temp/20250403_CM068759.1_Aln_Only.txt; Set of input files has changed since last execution; Code has changed since last execution
    wildcards: CLADE=sharks, SPEC_NAME=HydCol_Test2, TODAY_DATE=20250403, CHR=CM068759.1
    resources: tmpdir=/tmp


[Fri Apr  4 14:58:36 2025]
localrule GET_ALN_ONLY_PER_CHROM:
    input: sharks/HydCol_Test2/HydCol_Test2_FASTGA_Updated.paf
    output: sharks/HydCol_Test2/temp/20250403_CM068750.1_Aln_Only.txt
    jobid: 18
    reason: Missing output files: sharks/HydCol_Test2/temp/20250403_CM068750.1_Aln_Only.txt; Set of input files has changed since last execution; Code has changed since last execution
    wildcards: CLADE=sharks, SPEC_NAME=HydCol_Test2, TODAY_DATE=20250403, CHR=CM068750.1
    resources: tmpdir=/tmp


[Fri Apr  4 14:58:36 2025]
localrule GET_ALN_ONLY_PER_CHROM:
    input: sharks/HydCol_Test2/HydCol_Test2_FASTGA_Updated.paf
    output: sharks/HydCol_Test2/temp/20250403_CM068745.1_Aln_Only.txt
    jobid: 13
    reason: Missing output files: sharks/HydCol_Test2/temp/20250403_CM068745.1_Aln_Only.txt; Set of input files has changed since last execution; Code has changed since last execution
    wildcards: CLADE=sharks, SPEC_NAME=HydCol_Test2, TODAY_DATE=20250403, CHR=CM068745.1
    resources: tmpdir=/tmp


[Fri Apr  4 14:58:36 2025]
localrule GET_ALN_ONLY_PER_CHROM:
    input: sharks/HydCol_Test2/HydCol_Test2_FASTGA_Updated.paf
    output: sharks/HydCol_Test2/temp/20250403_CM068780.1_Aln_Only.txt
    jobid: 48
    reason: Missing output files: sharks/HydCol_Test2/temp/20250403_CM068780.1_Aln_Only.txt; Set of input files has changed since last execution; Code has changed since last execution
    wildcards: CLADE=sharks, SPEC_NAME=HydCol_Test2, TODAY_DATE=20250403, CHR=CM068780.1
    resources: tmpdir=/tmp


[Fri Apr  4 14:58:36 2025]
localrule GET_ALN_ONLY_PER_CHROM:
    input: sharks/HydCol_Test2/HydCol_Test2_FASTGA_Updated.paf
    output: sharks/HydCol_Test2/temp/20250403_CM068773.1_Aln_Only.txt
    jobid: 41
    reason: Missing output files: sharks/HydCol_Test2/temp/20250403_CM068773.1_Aln_Only.txt; Set of input files has changed since last execution; Code has changed since last execution
    wildcards: CLADE=sharks, SPEC_NAME=HydCol_Test2, TODAY_DATE=20250403, CHR=CM068773.1
    resources: tmpdir=/tmp


[Fri Apr  4 14:58:36 2025]
localrule GET_ALN_ONLY_PER_CHROM:
    input: sharks/HydCol_Test2/HydCol_Test2_FASTGA_Updated.paf
    output: sharks/HydCol_Test2/temp/20250403_CM068760.1_Aln_Only.txt
    jobid: 28
    reason: Missing output files: sharks/HydCol_Test2/temp/20250403_CM068760.1_Aln_Only.txt; Set of input files has changed since last execution; Code has changed since last execution
    wildcards: CLADE=sharks, SPEC_NAME=HydCol_Test2, TODAY_DATE=20250403, CHR=CM068760.1
    resources: tmpdir=/tmp


[Fri Apr  4 14:58:36 2025]
localrule GET_ALN_ONLY_PER_CHROM:
    input: sharks/HydCol_Test2/HydCol_Test2_FASTGA_Updated.paf
    output: sharks/HydCol_Test2/temp/20250403_CM068753.1_Aln_Only.txt
    jobid: 21
    reason: Missing output files: sharks/HydCol_Test2/temp/20250403_CM068753.1_Aln_Only.txt; Set of input files has changed since last execution; Code has changed since last execution
    wildcards: CLADE=sharks, SPEC_NAME=HydCol_Test2, TODAY_DATE=20250403, CHR=CM068753.1
    resources: tmpdir=/tmp


[Fri Apr  4 14:58:36 2025]
localrule GET_ALN_ONLY_PER_CHROM:
    input: sharks/HydCol_Test2/HydCol_Test2_FASTGA_Updated.paf
    output: sharks/HydCol_Test2/temp/20250403_CM068751.1_Aln_Only.txt
    jobid: 19
    reason: Missing output files: sharks/HydCol_Test2/temp/20250403_CM068751.1_Aln_Only.txt; Set of input files has changed since last execution; Code has changed since last execution
    wildcards: CLADE=sharks, SPEC_NAME=HydCol_Test2, TODAY_DATE=20250403, CHR=CM068751.1
    resources: tmpdir=/tmp

RuleException:
CalledProcessError in file /rds/project/rds-p67MZilb2eQ/projects/VGP/heterozygosity/Snakefile, line 232:
Command 'set -euo pipefail;  
        k8 paftools.js call sharks/HydCol_Test2/HydCol_Test2_FASTGA_Updated.paf | awk '$1 == "R" && $2 == "CM068745.1"' > sharks/HydCol_Test2/temp/20250403_CM068745.1_Aln_Only.txt' returned non-zero exit status 143.
[Fri Apr  4 15:52:31 2025]
Error in rule GET_ALN_ONLY_PER_CHROM:
    jobid: 13
    input: sharks/HydCol_Test2/HydCol_Test2_FASTGA_Updated.paf
    output: sharks/HydCol_Test2/temp/20250403_CM068745.1_Aln_Only.txt
    shell:
        
        k8 paftools.js call sharks/HydCol_Test2/HydCol_Test2_FASTGA_Updated.paf | awk '$1 == "R" && $2 == "CM068745.1"' > sharks/HydCol_Test2/temp/20250403_CM068745.1_Aln_Only.txt
        
        (one of the commands exited with non-zero exit code; note that snakemake uses bash strict mode!)

RuleException:
CalledProcessError in file /rds/project/rds-p67MZilb2eQ/projects/VGP/heterozygosity/Snakefile, line 232:
Command 'set -euo pipefail;  
        k8 paftools.js call sharks/HydCol_Test2/HydCol_Test2_FASTGA_Updated.paf | awk '$1 == "R" && $2 == "CM068743.1"' > sharks/HydCol_Test2/temp/20250403_CM068743.1_Aln_Only.txt' returned non-zero exit status 143.
RuleException:
CalledProcessError in file /rds/project/rds-p67MZilb2eQ/projects/VGP/heterozygosity/Snakefile, line 232:
Command 'set -euo pipefail;  
        k8 paftools.js call sharks/HydCol_Test2/HydCol_Test2_FASTGA_Updated.paf | awk '$1 == "R" && $2 == "CM068773.1"' > sharks/HydCol_Test2/temp/20250403_CM068773.1_Aln_Only.txt' returned non-zero exit status 143.
[Fri Apr  4 15:52:31 2025]
[Fri Apr  4 15:52:31 2025]
Error in rule GET_ALN_ONLY_PER_CHROM:
    jobid: 11
    input: sharks/HydCol_Test2/HydCol_Test2_FASTGA_Updated.paf
    output: sharks/HydCol_Test2/temp/20250403_CM068743.1_Aln_Only.txt
    shell:
        
        k8 paftools.js call sharks/HydCol_Test2/HydCol_Test2_FASTGA_Updated.paf | awk '$1 == "R" && $2 == "CM068743.1"' > sharks/HydCol_Test2/temp/20250403_CM068743.1_Aln_Only.txt
        
        (one of the commands exited with non-zero exit code; note that snakemake uses bash strict mode!)

Error in rule GET_ALN_ONLY_PER_CHROM:
    jobid: 41
    input: sharks/HydCol_Test2/HydCol_Test2_FASTGA_Updated.paf
    output: sharks/HydCol_Test2/temp/20250403_CM068773.1_Aln_Only.txt
    shell:
        
        k8 paftools.js call sharks/HydCol_Test2/HydCol_Test2_FASTGA_Updated.paf | awk '$1 == "R" && $2 == "CM068773.1"' > sharks/HydCol_Test2/temp/20250403_CM068773.1_Aln_Only.txt
        
        (one of the commands exited with non-zero exit code; note that snakemake uses bash strict mode!)

RuleException:
CalledProcessError in file /rds/project/rds-p67MZilb2eQ/projects/VGP/heterozygosity/Snakefile, line 232:
Command 'set -euo pipefail;  
        k8 paftools.js call sharks/HydCol_Test2/HydCol_Test2_FASTGA_Updated.paf | awk '$1 == "R" && $2 == "CM068750.1"' > sharks/HydCol_Test2/temp/20250403_CM068750.1_Aln_Only.txt' returned non-zero exit status 143.
[Fri Apr  4 15:52:31 2025]
Error in rule GET_ALN_ONLY_PER_CHROM:
    jobid: 18
    input: sharks/HydCol_Test2/HydCol_Test2_FASTGA_Updated.paf
    output: sharks/HydCol_Test2/temp/20250403_CM068750.1_Aln_Only.txt
    shell:
        
        k8 paftools.js call sharks/HydCol_Test2/HydCol_Test2_FASTGA_Updated.paf | awk '$1 == "R" && $2 == "CM068750.1"' > sharks/HydCol_Test2/temp/20250403_CM068750.1_Aln_Only.txt
        
        (one of the commands exited with non-zero exit code; note that snakemake uses bash strict mode!)

Removing output files of failed job GET_ALN_ONLY_PER_CHROM since they might be corrupted:
sharks/HydCol_Test2/temp/20250403_CM068745.1_Aln_Only.txt
Removing output files of failed job GET_ALN_ONLY_PER_CHROM since they might be corrupted:
sharks/HydCol_Test2/temp/20250403_CM068743.1_Aln_Only.txt
RuleException:
CalledProcessError in file /rds/project/rds-p67MZilb2eQ/projects/VGP/heterozygosity/Snakefile, line 232:
Command 'set -euo pipefail;  
        k8 paftools.js call sharks/HydCol_Test2/HydCol_Test2_FASTGA_Updated.paf | awk '$1 == "R" && $2 == "CM068756.1"' > sharks/HydCol_Test2/temp/20250403_CM068756.1_Aln_Only.txt' returned non-zero exit status 143.
[Fri Apr  4 15:52:31 2025]
Error in rule GET_ALN_ONLY_PER_CHROM:
    jobid: 24
    input: sharks/HydCol_Test2/HydCol_Test2_FASTGA_Updated.paf
    output: sharks/HydCol_Test2/temp/20250403_CM068756.1_Aln_Only.txt
    shell:
        
        k8 paftools.js call sharks/HydCol_Test2/HydCol_Test2_FASTGA_Updated.paf | awk '$1 == "R" && $2 == "CM068756.1"' > sharks/HydCol_Test2/temp/20250403_CM068756.1_Aln_Only.txt
        
        (one of the commands exited with non-zero exit code; note that snakemake uses bash strict mode!)

RuleException:
CalledProcessError in file /rds/project/rds-p67MZilb2eQ/projects/VGP/heterozygosity/Snakefile, line 232:
Command 'set -euo pipefail;  
        k8 paftools.js call sharks/HydCol_Test2/HydCol_Test2_FASTGA_Updated.paf | awk '$1 == "R" && $2 == "CM068742.1"' > sharks/HydCol_Test2/temp/20250403_CM068742.1_Aln_Only.txt' returned non-zero exit status 143.
[Fri Apr  4 15:52:31 2025]
Error in rule GET_ALN_ONLY_PER_CHROM:
    jobid: 10
    input: sharks/HydCol_Test2/HydCol_Test2_FASTGA_Updated.paf
    output: sharks/HydCol_Test2/temp/20250403_CM068742.1_Aln_Only.txt
    shell:
        
        k8 paftools.js call sharks/HydCol_Test2/HydCol_Test2_FASTGA_Updated.paf | awk '$1 == "R" && $2 == "CM068742.1"' > sharks/HydCol_Test2/temp/20250403_CM068742.1_Aln_Only.txt
        
        (one of the commands exited with non-zero exit code; note that snakemake uses bash strict mode!)

RuleException:
CalledProcessError in file /rds/project/rds-p67MZilb2eQ/projects/VGP/heterozygosity/Snakefile, line 232:
Command 'set -euo pipefail;  
        k8 paftools.js call sharks/HydCol_Test2/HydCol_Test2_FASTGA_Updated.paf | awk '$1 == "R" && $2 == "CM068778.1"' > sharks/HydCol_Test2/temp/20250403_CM068778.1_Aln_Only.txt' returned non-zero exit status 143.
[Fri Apr  4 15:52:31 2025]
Error in rule GET_ALN_ONLY_PER_CHROM:
    jobid: 46
    input: sharks/HydCol_Test2/HydCol_Test2_FASTGA_Updated.paf
    output: sharks/HydCol_Test2/temp/20250403_CM068778.1_Aln_Only.txt
    shell:
        
        k8 paftools.js call sharks/HydCol_Test2/HydCol_Test2_FASTGA_Updated.paf | awk '$1 == "R" && $2 == "CM068778.1"' > sharks/HydCol_Test2/temp/20250403_CM068778.1_Aln_Only.txt
        
        (one of the commands exited with non-zero exit code; note that snakemake uses bash strict mode!)

Removing output files of failed job GET_ALN_ONLY_PER_CHROM since they might be corrupted:
sharks/HydCol_Test2/temp/20250403_CM068773.1_Aln_Only.txt
Removing output files of failed job GET_ALN_ONLY_PER_CHROM since they might be corrupted:
sharks/HydCol_Test2/temp/20250403_CM068750.1_Aln_Only.txt
RuleException:
CalledProcessError in file /rds/project/rds-p67MZilb2eQ/projects/VGP/heterozygosity/Snakefile, line 232:
Command 'set -euo pipefail;  
        k8 paftools.js call sharks/HydCol_Test2/HydCol_Test2_FASTGA_Updated.paf | awk '$1 == "R" && $2 == "CM068764.1"' > sharks/HydCol_Test2/temp/20250403_CM068764.1_Aln_Only.txt' returned non-zero exit status 143.
[Fri Apr  4 15:52:31 2025]
Error in rule GET_ALN_ONLY_PER_CHROM:
    jobid: 32
    input: sharks/HydCol_Test2/HydCol_Test2_FASTGA_Updated.paf
    output: sharks/HydCol_Test2/temp/20250403_CM068764.1_Aln_Only.txt
    shell:
        
        k8 paftools.js call sharks/HydCol_Test2/HydCol_Test2_FASTGA_Updated.paf | awk '$1 == "R" && $2 == "CM068764.1"' > sharks/HydCol_Test2/temp/20250403_CM068764.1_Aln_Only.txt
        
        (one of the commands exited with non-zero exit code; note that snakemake uses bash strict mode!)

RuleException:
CalledProcessError in file /rds/project/rds-p67MZilb2eQ/projects/VGP/heterozygosity/Snakefile, line 232:
Command 'set -euo pipefail;  
        k8 paftools.js call sharks/HydCol_Test2/HydCol_Test2_FASTGA_Updated.paf | awk '$1 == "R" && $2 == "CM068757.1"' > sharks/HydCol_Test2/temp/20250403_CM068757.1_Aln_Only.txt' returned non-zero exit status 143.
[Fri Apr  4 15:52:31 2025]
Error in rule GET_ALN_ONLY_PER_CHROM:
    jobid: 25
    input: sharks/HydCol_Test2/HydCol_Test2_FASTGA_Updated.paf
    output: sharks/HydCol_Test2/temp/20250403_CM068757.1_Aln_Only.txt
    shell:
        
        k8 paftools.js call sharks/HydCol_Test2/HydCol_Test2_FASTGA_Updated.paf | awk '$1 == "R" && $2 == "CM068757.1"' > sharks/HydCol_Test2/temp/20250403_CM068757.1_Aln_Only.txt
        
        (one of the commands exited with non-zero exit code; note that snakemake uses bash strict mode!)

RuleException:
CalledProcessError in file /rds/project/rds-p67MZilb2eQ/projects/VGP/heterozygosity/Snakefile, line 232:
Command 'set -euo pipefail;  
        k8 paftools.js call sharks/HydCol_Test2/HydCol_Test2_FASTGA_Updated.paf | awk '$1 == "R" && $2 == "CM068768.1"' > sharks/HydCol_Test2/temp/20250403_CM068768.1_Aln_Only.txt' returned non-zero exit status 143.
[Fri Apr  4 15:52:31 2025]
Error in rule GET_ALN_ONLY_PER_CHROM:
    jobid: 36
    input: sharks/HydCol_Test2/HydCol_Test2_FASTGA_Updated.paf
    output: sharks/HydCol_Test2/temp/20250403_CM068768.1_Aln_Only.txt
    shell:
        
        k8 paftools.js call sharks/HydCol_Test2/HydCol_Test2_FASTGA_Updated.paf | awk '$1 == "R" && $2 == "CM068768.1"' > sharks/HydCol_Test2/temp/20250403_CM068768.1_Aln_Only.txt
        
        (one of the commands exited with non-zero exit code; note that snakemake uses bash strict mode!)

Removing output files of failed job GET_ALN_ONLY_PER_CHROM since they might be corrupted:
sharks/HydCol_Test2/temp/20250403_CM068756.1_Aln_Only.txt
Removing output files of failed job GET_ALN_ONLY_PER_CHROM since they might be corrupted:
sharks/HydCol_Test2/temp/20250403_CM068742.1_Aln_Only.txt
RuleException:
CalledProcessError in file /rds/project/rds-p67MZilb2eQ/projects/VGP/heterozygosity/Snakefile, line 232:
Command 'set -euo pipefail;  
        k8 paftools.js call sharks/HydCol_Test2/HydCol_Test2_FASTGA_Updated.paf | awk '$1 == "R" && $2 == "CM068746.1"' > sharks/HydCol_Test2/temp/20250403_CM068746.1_Aln_Only.txt' returned non-zero exit status 143.
[Fri Apr  4 15:52:31 2025]
Removing output files of failed job GET_ALN_ONLY_PER_CHROM since they might be corrupted:
sharks/HydCol_Test2/temp/20250403_CM068778.1_Aln_Only.txt
Error in rule GET_ALN_ONLY_PER_CHROM:
    jobid: 14
    input: sharks/HydCol_Test2/HydCol_Test2_FASTGA_Updated.paf
    output: sharks/HydCol_Test2/temp/20250403_CM068746.1_Aln_Only.txt
    shell:
        
        k8 paftools.js call sharks/HydCol_Test2/HydCol_Test2_FASTGA_Updated.paf | awk '$1 == "R" && $2 == "CM068746.1"' > sharks/HydCol_Test2/temp/20250403_CM068746.1_Aln_Only.txt
        
        (one of the commands exited with non-zero exit code; note that snakemake uses bash strict mode!)

RuleException:
CalledProcessError in file /rds/project/rds-p67MZilb2eQ/projects/VGP/heterozygosity/Snakefile, line 232:
Command 'set -euo pipefail;  
        k8 paftools.js call sharks/HydCol_Test2/HydCol_Test2_FASTGA_Updated.paf | awk '$1 == "R" && $2 == "CM068770.1"' > sharks/HydCol_Test2/temp/20250403_CM068770.1_Aln_Only.txt' returned non-zero exit status 143.
[Fri Apr  4 15:52:31 2025]
Error in rule GET_ALN_ONLY_PER_CHROM:
    jobid: 38
    input: sharks/HydCol_Test2/HydCol_Test2_FASTGA_Updated.paf
    output: sharks/HydCol_Test2/temp/20250403_CM068770.1_Aln_Only.txt
    shell:
        
        k8 paftools.js call sharks/HydCol_Test2/HydCol_Test2_FASTGA_Updated.paf | awk '$1 == "R" && $2 == "CM068770.1"' > sharks/HydCol_Test2/temp/20250403_CM068770.1_Aln_Only.txt
        
        (one of the commands exited with non-zero exit code; note that snakemake uses bash strict mode!)

RuleException:
CalledProcessError in file /rds/project/rds-p67MZilb2eQ/projects/VGP/heterozygosity/Snakefile, line 232:
Command 'set -euo pipefail;  
        k8 paftools.js call sharks/HydCol_Test2/HydCol_Test2_FASTGA_Updated.paf | awk '$1 == "R" && $2 == "CM068761.1"' > sharks/HydCol_Test2/temp/20250403_CM068761.1_Aln_Only.txt' returned non-zero exit status 143.
[Fri Apr  4 15:52:31 2025]
Error in rule GET_ALN_ONLY_PER_CHROM:
    jobid: 29
    input: sharks/HydCol_Test2/HydCol_Test2_FASTGA_Updated.paf
    output: sharks/HydCol_Test2/temp/20250403_CM068761.1_Aln_Only.txt
    shell:
        
        k8 paftools.js call sharks/HydCol_Test2/HydCol_Test2_FASTGA_Updated.paf | awk '$1 == "R" && $2 == "CM068761.1"' > sharks/HydCol_Test2/temp/20250403_CM068761.1_Aln_Only.txt
        
        (one of the commands exited with non-zero exit code; note that snakemake uses bash strict mode!)

RuleException:
CalledProcessError in file /rds/project/rds-p67MZilb2eQ/projects/VGP/heterozygosity/Snakefile, line 232:
Command 'set -euo pipefail;  
        k8 paftools.js call sharks/HydCol_Test2/HydCol_Test2_FASTGA_Updated.paf | awk '$1 == "R" && $2 == "CM068760.1"' > sharks/HydCol_Test2/temp/20250403_CM068760.1_Aln_Only.txt' returned non-zero exit status 143.
[Fri Apr  4 15:52:31 2025]
Error in rule GET_ALN_ONLY_PER_CHROM:
    jobid: 28
    input: sharks/HydCol_Test2/HydCol_Test2_FASTGA_Updated.paf
    output: sharks/HydCol_Test2/temp/20250403_CM068760.1_Aln_Only.txt
    shell:
        
        k8 paftools.js call sharks/HydCol_Test2/HydCol_Test2_FASTGA_Updated.paf | awk '$1 == "R" && $2 == "CM068760.1"' > sharks/HydCol_Test2/temp/20250403_CM068760.1_Aln_Only.txt
        
        (one of the commands exited with non-zero exit code; note that snakemake uses bash strict mode!)

RuleException:
CalledProcessError in file /rds/project/rds-p67MZilb2eQ/projects/VGP/heterozygosity/Snakefile, line 232:
Command 'set -euo pipefail;  
        k8 paftools.js call sharks/HydCol_Test2/HydCol_Test2_FASTGA_Updated.paf | awk '$1 == "R" && $2 == "CM068769.1"' > sharks/HydCol_Test2/temp/20250403_CM068769.1_Aln_Only.txt' returned non-zero exit status 143.
[Fri Apr  4 15:52:31 2025]
Error in rule GET_ALN_ONLY_PER_CHROM:
    jobid: 37
    input: sharks/HydCol_Test2/HydCol_Test2_FASTGA_Updated.paf
    output: sharks/HydCol_Test2/temp/20250403_CM068769.1_Aln_Only.txt
    shell:
        
        k8 paftools.js call sharks/HydCol_Test2/HydCol_Test2_FASTGA_Updated.paf | awk '$1 == "R" && $2 == "CM068769.1"' > sharks/HydCol_Test2/temp/20250403_CM068769.1_Aln_Only.txt
        
        (one of the commands exited with non-zero exit code; note that snakemake uses bash strict mode!)

Removing output files of failed job GET_ALN_ONLY_PER_CHROM since they might be corrupted:
sharks/HydCol_Test2/temp/20250403_CM068764.1_Aln_Only.txt
Removing output files of failed job GET_ALN_ONLY_PER_CHROM since they might be corrupted:
sharks/HydCol_Test2/temp/20250403_CM068757.1_Aln_Only.txt
RuleException:
CalledProcessError in file /rds/project/rds-p67MZilb2eQ/projects/VGP/heterozygosity/Snakefile, line 232:
Command 'set -euo pipefail;  
        k8 paftools.js call sharks/HydCol_Test2/HydCol_Test2_FASTGA_Updated.paf | awk '$1 == "R" && $2 == "CM068755.1"' > sharks/HydCol_Test2/temp/20250403_CM068755.1_Aln_Only.txt' returned non-zero exit status 143.
[Fri Apr  4 15:52:31 2025]
Error in rule GET_ALN_ONLY_PER_CHROM:
    jobid: 23
    input: sharks/HydCol_Test2/HydCol_Test2_FASTGA_Updated.paf
    output: sharks/HydCol_Test2/temp/20250403_CM068755.1_Aln_Only.txt
    shell:
        
        k8 paftools.js call sharks/HydCol_Test2/HydCol_Test2_FASTGA_Updated.paf | awk '$1 == "R" && $2 == "CM068755.1"' > sharks/HydCol_Test2/temp/20250403_CM068755.1_Aln_Only.txt
        
        (one of the commands exited with non-zero exit code; note that snakemake uses bash strict mode!)

RuleException:
CalledProcessError in file /rds/project/rds-p67MZilb2eQ/projects/VGP/heterozygosity/Snakefile, line 232:
Command 'set -euo pipefail;  
        k8 paftools.js call sharks/HydCol_Test2/HydCol_Test2_FASTGA_Updated.paf | awk '$1 == "R" && $2 == "CM068780.1"' > sharks/HydCol_Test2/temp/20250403_CM068780.1_Aln_Only.txt' returned non-zero exit status 143.
[Fri Apr  4 15:52:31 2025]
Error in rule GET_ALN_ONLY_PER_CHROM:
    jobid: 48
    input: sharks/HydCol_Test2/HydCol_Test2_FASTGA_Updated.paf
    output: sharks/HydCol_Test2/temp/20250403_CM068780.1_Aln_Only.txt
    shell:
        
        k8 paftools.js call sharks/HydCol_Test2/HydCol_Test2_FASTGA_Updated.paf | awk '$1 == "R" && $2 == "CM068780.1"' > sharks/HydCol_Test2/temp/20250403_CM068780.1_Aln_Only.txt
        
        (one of the commands exited with non-zero exit code; note that snakemake uses bash strict mode!)

RuleException:
CalledProcessError in file /rds/project/rds-p67MZilb2eQ/projects/VGP/heterozygosity/Snakefile, line 232:
Command 'set -euo pipefail;  
        k8 paftools.js call sharks/HydCol_Test2/HydCol_Test2_FASTGA_Updated.paf | awk '$1 == "R" && $2 == "CM068775.1"' > sharks/HydCol_Test2/temp/20250403_CM068775.1_Aln_Only.txt' returned non-zero exit status 143.
[Fri Apr  4 15:52:31 2025]
Error in rule GET_ALN_ONLY_PER_CHROM:
    jobid: 43
    input: sharks/HydCol_Test2/HydCol_Test2_FASTGA_Updated.paf
    output: sharks/HydCol_Test2/temp/20250403_CM068775.1_Aln_Only.txt
    shell:
        
        k8 paftools.js call sharks/HydCol_Test2/HydCol_Test2_FASTGA_Updated.paf | awk '$1 == "R" && $2 == "CM068775.1"' > sharks/HydCol_Test2/temp/20250403_CM068775.1_Aln_Only.txt
        
        (one of the commands exited with non-zero exit code; note that snakemake uses bash strict mode!)

Removing output files of failed job GET_ALN_ONLY_PER_CHROM since they might be corrupted:
sharks/HydCol_Test2/temp/20250403_CM068768.1_Aln_Only.txt
RuleException:
CalledProcessError in file /rds/project/rds-p67MZilb2eQ/projects/VGP/heterozygosity/Snakefile, line 232:
Command 'set -euo pipefail;  
        k8 paftools.js call sharks/HydCol_Test2/HydCol_Test2_FASTGA_Updated.paf | awk '$1 == "R" && $2 == "CM068763.1"' > sharks/HydCol_Test2/temp/20250403_CM068763.1_Aln_Only.txt' returned non-zero exit status 143.
[Fri Apr  4 15:52:31 2025]
Error in rule GET_ALN_ONLY_PER_CHROM:
    jobid: 31
    input: sharks/HydCol_Test2/HydCol_Test2_FASTGA_Updated.paf
    output: sharks/HydCol_Test2/temp/20250403_CM068763.1_Aln_Only.txt
    shell:
        
        k8 paftools.js call sharks/HydCol_Test2/HydCol_Test2_FASTGA_Updated.paf | awk '$1 == "R" && $2 == "CM068763.1"' > sharks/HydCol_Test2/temp/20250403_CM068763.1_Aln_Only.txt
        
        (one of the commands exited with non-zero exit code; note that snakemake uses bash strict mode!)

Removing output files of failed job GET_ALN_ONLY_PER_CHROM since they might be corrupted:
sharks/HydCol_Test2/temp/20250403_CM068746.1_Aln_Only.txt
RuleException:
CalledProcessError in file /rds/project/rds-p67MZilb2eQ/projects/VGP/heterozygosity/Snakefile, line 232:
Command 'set -euo pipefail;  
        k8 paftools.js call sharks/HydCol_Test2/HydCol_Test2_FASTGA_Updated.paf | awk '$1 == "R" && $2 == "CM068753.1"' > sharks/HydCol_Test2/temp/20250403_CM068753.1_Aln_Only.txt' returned non-zero exit status 143.
[Fri Apr  4 15:52:31 2025]
Error in rule GET_ALN_ONLY_PER_CHROM:
    jobid: 21
    input: sharks/HydCol_Test2/HydCol_Test2_FASTGA_Updated.paf
    output: sharks/HydCol_Test2/temp/20250403_CM068753.1_Aln_Only.txt
    shell:
        
        k8 paftools.js call sharks/HydCol_Test2/HydCol_Test2_FASTGA_Updated.paf | awk '$1 == "R" && $2 == "CM068753.1"' > sharks/HydCol_Test2/temp/20250403_CM068753.1_Aln_Only.txt
        
        (one of the commands exited with non-zero exit code; note that snakemake uses bash strict mode!)

RuleException:
CalledProcessError in file /rds/project/rds-p67MZilb2eQ/projects/VGP/heterozygosity/Snakefile, line 232:
Command 'set -euo pipefail;  
        k8 paftools.js call sharks/HydCol_Test2/HydCol_Test2_FASTGA_Updated.paf | awk '$1 == "R" && $2 == "CM068771.1"' > sharks/HydCol_Test2/temp/20250403_CM068771.1_Aln_Only.txt' returned non-zero exit status 143.
[Fri Apr  4 15:52:31 2025]
Error in rule GET_ALN_ONLY_PER_CHROM:
    jobid: 39
    input: sharks/HydCol_Test2/HydCol_Test2_FASTGA_Updated.paf
    output: sharks/HydCol_Test2/temp/20250403_CM068771.1_Aln_Only.txt
    shell:
        
        k8 paftools.js call sharks/HydCol_Test2/HydCol_Test2_FASTGA_Updated.paf | awk '$1 == "R" && $2 == "CM068771.1"' > sharks/HydCol_Test2/temp/20250403_CM068771.1_Aln_Only.txt
        
        (one of the commands exited with non-zero exit code; note that snakemake uses bash strict mode!)

RuleException:
CalledProcessError in file /rds/project/rds-p67MZilb2eQ/projects/VGP/heterozygosity/Snakefile, line 232:
Command 'set -euo pipefail;  
        k8 paftools.js call sharks/HydCol_Test2/HydCol_Test2_FASTGA_Updated.paf | awk '$1 == "R" && $2 == "CM068747.1"' > sharks/HydCol_Test2/temp/20250403_CM068747.1_Aln_Only.txt' returned non-zero exit status 143.
[Fri Apr  4 15:52:31 2025]
Error in rule GET_ALN_ONLY_PER_CHROM:
    jobid: 15
    input: sharks/HydCol_Test2/HydCol_Test2_FASTGA_Updated.paf
    output: sharks/HydCol_Test2/temp/20250403_CM068747.1_Aln_Only.txt
    shell:
        
        k8 paftools.js call sharks/HydCol_Test2/HydCol_Test2_FASTGA_Updated.paf | awk '$1 == "R" && $2 == "CM068747.1"' > sharks/HydCol_Test2/temp/20250403_CM068747.1_Aln_Only.txt
        
        (one of the commands exited with non-zero exit code; note that snakemake uses bash strict mode!)

Removing output files of failed job GET_ALN_ONLY_PER_CHROM since they might be corrupted:
sharks/HydCol_Test2/temp/20250403_CM068770.1_Aln_Only.txt
RuleException:
CalledProcessError in file /rds/project/rds-p67MZilb2eQ/projects/VGP/heterozygosity/Snakefile, line 232:
Command 'set -euo pipefail;  
        k8 paftools.js call sharks/HydCol_Test2/HydCol_Test2_FASTGA_Updated.paf | awk '$1 == "R" && $2 == "CM068758.1"' > sharks/HydCol_Test2/temp/20250403_CM068758.1_Aln_Only.txt' returned non-zero exit status 143.
[Fri Apr  4 15:52:31 2025]
Error in rule GET_ALN_ONLY_PER_CHROM:
    jobid: 26
    input: sharks/HydCol_Test2/HydCol_Test2_FASTGA_Updated.paf
    output: sharks/HydCol_Test2/temp/20250403_CM068758.1_Aln_Only.txt
    shell:
        
        k8 paftools.js call sharks/HydCol_Test2/HydCol_Test2_FASTGA_Updated.paf | awk '$1 == "R" && $2 == "CM068758.1"' > sharks/HydCol_Test2/temp/20250403_CM068758.1_Aln_Only.txt
        
        (one of the commands exited with non-zero exit code; note that snakemake uses bash strict mode!)

RuleException:
CalledProcessError in file /rds/project/rds-p67MZilb2eQ/projects/VGP/heterozygosity/Snakefile, line 232:
Command 'set -euo pipefail;  
        k8 paftools.js call sharks/HydCol_Test2/HydCol_Test2_FASTGA_Updated.paf | awk '$1 == "R" && $2 == "CM068766.1"' > sharks/HydCol_Test2/temp/20250403_CM068766.1_Aln_Only.txt' returned non-zero exit status 143.
[Fri Apr  4 15:52:31 2025]
Error in rule GET_ALN_ONLY_PER_CHROM:
    jobid: 34
    input: sharks/HydCol_Test2/HydCol_Test2_FASTGA_Updated.paf
    output: sharks/HydCol_Test2/temp/20250403_CM068766.1_Aln_Only.txt
    shell:
        
        k8 paftools.js call sharks/HydCol_Test2/HydCol_Test2_FASTGA_Updated.paf | awk '$1 == "R" && $2 == "CM068766.1"' > sharks/HydCol_Test2/temp/20250403_CM068766.1_Aln_Only.txt
        
        (one of the commands exited with non-zero exit code; note that snakemake uses bash strict mode!)

RuleException:
CalledProcessError in file /rds/project/rds-p67MZilb2eQ/projects/VGP/heterozygosity/Snakefile, line 232:
Command 'set -euo pipefail;  
        k8 paftools.js call sharks/HydCol_Test2/HydCol_Test2_FASTGA_Updated.paf | awk '$1 == "R" && $2 == "CM068751.1"' > sharks/HydCol_Test2/temp/20250403_CM068751.1_Aln_Only.txt' returned non-zero exit status 143.
[Fri Apr  4 15:52:31 2025]
Error in rule GET_ALN_ONLY_PER_CHROM:
    jobid: 19
    input: sharks/HydCol_Test2/HydCol_Test2_FASTGA_Updated.paf
    output: sharks/HydCol_Test2/temp/20250403_CM068751.1_Aln_Only.txt
    shell:
        
        k8 paftools.js call sharks/HydCol_Test2/HydCol_Test2_FASTGA_Updated.paf | awk '$1 == "R" && $2 == "CM068751.1"' > sharks/HydCol_Test2/temp/20250403_CM068751.1_Aln_Only.txt
        
        (one of the commands exited with non-zero exit code; note that snakemake uses bash strict mode!)

Removing output files of failed job GET_ALN_ONLY_PER_CHROM since they might be corrupted:
sharks/HydCol_Test2/temp/20250403_CM068761.1_Aln_Only.txt
RuleException:
CalledProcessError in file /rds/project/rds-p67MZilb2eQ/projects/VGP/heterozygosity/Snakefile, line 232:
Command 'set -euo pipefail;  
        k8 paftools.js call sharks/HydCol_Test2/HydCol_Test2_FASTGA_Updated.paf | awk '$1 == "R" && $2 == "CM068767.1"' > sharks/HydCol_Test2/temp/20250403_CM068767.1_Aln_Only.txt' returned non-zero exit status 143.
[Fri Apr  4 15:52:31 2025]
RuleException:
CalledProcessError in file /rds/project/rds-p67MZilb2eQ/projects/VGP/heterozygosity/Snakefile, line 232:
Command 'set -euo pipefail;  
        k8 paftools.js call sharks/HydCol_Test2/HydCol_Test2_FASTGA_Updated.paf | awk '$1 == "R" && $2 == "CM068754.1"' > sharks/HydCol_Test2/temp/20250403_CM068754.1_Aln_Only.txt' returned non-zero exit status 143.
Error in rule GET_ALN_ONLY_PER_CHROM:
    jobid: 35
    input: sharks/HydCol_Test2/HydCol_Test2_FASTGA_Updated.paf
    output: sharks/HydCol_Test2/temp/20250403_CM068767.1_Aln_Only.txt
    shell:
        
        k8 paftools.js call sharks/HydCol_Test2/HydCol_Test2_FASTGA_Updated.paf | awk '$1 == "R" && $2 == "CM068767.1"' > sharks/HydCol_Test2/temp/20250403_CM068767.1_Aln_Only.txt
        
        (one of the commands exited with non-zero exit code; note that snakemake uses bash strict mode!)

[Fri Apr  4 15:52:31 2025]
Error in rule GET_ALN_ONLY_PER_CHROM:
    jobid: 22
    input: sharks/HydCol_Test2/HydCol_Test2_FASTGA_Updated.paf
    output: sharks/HydCol_Test2/temp/20250403_CM068754.1_Aln_Only.txt
    shell:
        
        k8 paftools.js call sharks/HydCol_Test2/HydCol_Test2_FASTGA_Updated.paf | awk '$1 == "R" && $2 == "CM068754.1"' > sharks/HydCol_Test2/temp/20250403_CM068754.1_Aln_Only.txt
        
        (one of the commands exited with non-zero exit code; note that snakemake uses bash strict mode!)

RuleException:
CalledProcessError in file /rds/project/rds-p67MZilb2eQ/projects/VGP/heterozygosity/Snakefile, line 232:
Command 'set -euo pipefail;  
        k8 paftools.js call sharks/HydCol_Test2/HydCol_Test2_FASTGA_Updated.paf | awk '$1 == "R" && $2 == "CM068765.1"' > sharks/HydCol_Test2/temp/20250403_CM068765.1_Aln_Only.txt' returned non-zero exit status 143.
[Fri Apr  4 15:52:31 2025]
Error in rule GET_ALN_ONLY_PER_CHROM:
    jobid: 33
    input: sharks/HydCol_Test2/HydCol_Test2_FASTGA_Updated.paf
    output: sharks/HydCol_Test2/temp/20250403_CM068765.1_Aln_Only.txt
    shell:
        
        k8 paftools.js call sharks/HydCol_Test2/HydCol_Test2_FASTGA_Updated.paf | awk '$1 == "R" && $2 == "CM068765.1"' > sharks/HydCol_Test2/temp/20250403_CM068765.1_Aln_Only.txt
        
        (one of the commands exited with non-zero exit code; note that snakemake uses bash strict mode!)

Removing output files of failed job GET_ALN_ONLY_PER_CHROM since they might be corrupted:
sharks/HydCol_Test2/temp/20250403_CM068760.1_Aln_Only.txt
Removing output files of failed job GET_ALN_ONLY_PER_CHROM since they might be corrupted:
sharks/HydCol_Test2/temp/20250403_CM068769.1_Aln_Only.txt
RuleException:
CalledProcessError in file /rds/project/rds-p67MZilb2eQ/projects/VGP/heterozygosity/Snakefile, line 232:
Command 'set -euo pipefail;  
        k8 paftools.js call sharks/HydCol_Test2/HydCol_Test2_FASTGA_Updated.paf | awk '$1 == "R" && $2 == "CM068762.1"' > sharks/HydCol_Test2/temp/20250403_CM068762.1_Aln_Only.txt' returned non-zero exit status 143.
[Fri Apr  4 15:52:31 2025]
Error in rule GET_ALN_ONLY_PER_CHROM:
    jobid: 30
    input: sharks/HydCol_Test2/HydCol_Test2_FASTGA_Updated.paf
    output: sharks/HydCol_Test2/temp/20250403_CM068762.1_Aln_Only.txt
    shell:
        
        k8 paftools.js call sharks/HydCol_Test2/HydCol_Test2_FASTGA_Updated.paf | awk '$1 == "R" && $2 == "CM068762.1"' > sharks/HydCol_Test2/temp/20250403_CM068762.1_Aln_Only.txt
        
        (one of the commands exited with non-zero exit code; note that snakemake uses bash strict mode!)

Removing output files of failed job GET_ALN_ONLY_PER_CHROM since they might be corrupted:
sharks/HydCol_Test2/temp/20250403_CM068755.1_Aln_Only.txt
RuleException:
CalledProcessError in file /rds/project/rds-p67MZilb2eQ/projects/VGP/heterozygosity/Snakefile, line 232:
Command 'set -euo pipefail;  
        k8 paftools.js call sharks/HydCol_Test2/HydCol_Test2_FASTGA_Updated.paf | awk '$1 == "R" && $2 == "CM068774.1"' > sharks/HydCol_Test2/temp/20250403_CM068774.1_Aln_Only.txt' returned non-zero exit status 143.
[Fri Apr  4 15:52:31 2025]
Error in rule GET_ALN_ONLY_PER_CHROM:
    jobid: 42
    input: sharks/HydCol_Test2/HydCol_Test2_FASTGA_Updated.paf
    output: sharks/HydCol_Test2/temp/20250403_CM068774.1_Aln_Only.txt
    shell:
        
        k8 paftools.js call sharks/HydCol_Test2/HydCol_Test2_FASTGA_Updated.paf | awk '$1 == "R" && $2 == "CM068774.1"' > sharks/HydCol_Test2/temp/20250403_CM068774.1_Aln_Only.txt
        
        (one of the commands exited with non-zero exit code; note that snakemake uses bash strict mode!)

RuleException:
CalledProcessError in file /rds/project/rds-p67MZilb2eQ/projects/VGP/heterozygosity/Snakefile, line 232:
Command 'set -euo pipefail;  
        k8 paftools.js call sharks/HydCol_Test2/HydCol_Test2_FASTGA_Updated.paf | awk '$1 == "R" && $2 == "CM068781.1"' > sharks/HydCol_Test2/temp/20250403_CM068781.1_Aln_Only.txt' returned non-zero exit status 143.
RuleException:
CalledProcessError in file /rds/project/rds-p67MZilb2eQ/projects/VGP/heterozygosity/Snakefile, line 232:
Command 'set -euo pipefail;  
        k8 paftools.js call sharks/HydCol_Test2/HydCol_Test2_FASTGA_Updated.paf | awk '$1 == "R" && $2 == "CM068776.1"' > sharks/HydCol_Test2/temp/20250403_CM068776.1_Aln_Only.txt' returned non-zero exit status 143.
RuleException:
CalledProcessError in file /rds/project/rds-p67MZilb2eQ/projects/VGP/heterozygosity/Snakefile, line 232:
Command 'set -euo pipefail;  
        k8 paftools.js call sharks/HydCol_Test2/HydCol_Test2_FASTGA_Updated.paf | awk '$1 == "R" && $2 == "CM068779.1"' > sharks/HydCol_Test2/temp/20250403_CM068779.1_Aln_Only.txt' returned non-zero exit status 143.
RuleException:
CalledProcessError in file /rds/project/rds-p67MZilb2eQ/projects/VGP/heterozygosity/Snakefile, line 232:
Command 'set -euo pipefail;  
        k8 paftools.js call sharks/HydCol_Test2/HydCol_Test2_FASTGA_Updated.paf | awk '$1 == "R" && $2 == "CM068777.1"' > sharks/HydCol_Test2/temp/20250403_CM068777.1_Aln_Only.txt' returned non-zero exit status 143.
[Fri Apr  4 15:52:31 2025]
[Fri Apr  4 15:52:31 2025]
[Fri Apr  4 15:52:31 2025]
RuleException:
CalledProcessError in file /rds/project/rds-p67MZilb2eQ/projects/VGP/heterozygosity/Snakefile, line 232:
Command 'set -euo pipefail;  
        k8 paftools.js call sharks/HydCol_Test2/HydCol_Test2_FASTGA_Updated.paf | awk '$1 == "R" && $2 == "CM068772.1"' > sharks/HydCol_Test2/temp/20250403_CM068772.1_Aln_Only.txt' returned non-zero exit status 143.
[Fri Apr  4 15:52:31 2025]
Error in rule GET_ALN_ONLY_PER_CHROM:
    jobid: 49
    input: sharks/HydCol_Test2/HydCol_Test2_FASTGA_Updated.paf
    output: sharks/HydCol_Test2/temp/20250403_CM068781.1_Aln_Only.txt
    shell:
        
        k8 paftools.js call sharks/HydCol_Test2/HydCol_Test2_FASTGA_Updated.paf | awk '$1 == "R" && $2 == "CM068781.1"' > sharks/HydCol_Test2/temp/20250403_CM068781.1_Aln_Only.txt
        
        (one of the commands exited with non-zero exit code; note that snakemake uses bash strict mode!)

RuleException:
CalledProcessError in file /rds/project/rds-p67MZilb2eQ/projects/VGP/heterozygosity/Snakefile, line 232:
Command 'set -euo pipefail;  
        k8 paftools.js call sharks/HydCol_Test2/HydCol_Test2_FASTGA_Updated.paf | awk '$1 == "R" && $2 == "CM068759.1"' > sharks/HydCol_Test2/temp/20250403_CM068759.1_Aln_Only.txt' returned non-zero exit status 143.
Error in rule GET_ALN_ONLY_PER_CHROM:
    jobid: 44
    input: sharks/HydCol_Test2/HydCol_Test2_FASTGA_Updated.paf
    output: sharks/HydCol_Test2/temp/20250403_CM068776.1_Aln_Only.txt
    shell:
        
        k8 paftools.js call sharks/HydCol_Test2/HydCol_Test2_FASTGA_Updated.paf | awk '$1 == "R" && $2 == "CM068776.1"' > sharks/HydCol_Test2/temp/20250403_CM068776.1_Aln_Only.txt
        
        (one of the commands exited with non-zero exit code; note that snakemake uses bash strict mode!)

RuleException:
CalledProcessError in file /rds/project/rds-p67MZilb2eQ/projects/VGP/heterozygosity/Snakefile, line 232:
Command 'set -euo pipefail;  
        k8 paftools.js call sharks/HydCol_Test2/HydCol_Test2_FASTGA_Updated.paf | awk '$1 == "R" && $2 == "CM068748.1"' > sharks/HydCol_Test2/temp/20250403_CM068748.1_Aln_Only.txt' returned non-zero exit status 143.
Error in rule GET_ALN_ONLY_PER_CHROM:
    jobid: 47
    input: sharks/HydCol_Test2/HydCol_Test2_FASTGA_Updated.paf
    output: sharks/HydCol_Test2/temp/20250403_CM068779.1_Aln_Only.txt
    shell:
        
        k8 paftools.js call sharks/HydCol_Test2/HydCol_Test2_FASTGA_Updated.paf | awk '$1 == "R" && $2 == "CM068779.1"' > sharks/HydCol_Test2/temp/20250403_CM068779.1_Aln_Only.txt
        
        (one of the commands exited with non-zero exit code; note that snakemake uses bash strict mode!)

RuleException:
CalledProcessError in file /rds/project/rds-p67MZilb2eQ/projects/VGP/heterozygosity/Snakefile, line 232:
Command 'set -euo pipefail;  
        k8 paftools.js call sharks/HydCol_Test2/HydCol_Test2_FASTGA_Updated.paf | awk '$1 == "R" && $2 == "CM068752.1"' > sharks/HydCol_Test2/temp/20250403_CM068752.1_Aln_Only.txt' returned non-zero exit status 143.
[Fri Apr  4 15:52:31 2025]
Error in rule GET_ALN_ONLY_PER_CHROM:
    jobid: 45
    input: sharks/HydCol_Test2/HydCol_Test2_FASTGA_Updated.paf
    output: sharks/HydCol_Test2/temp/20250403_CM068777.1_Aln_Only.txt
    shell:
        
        k8 paftools.js call sharks/HydCol_Test2/HydCol_Test2_FASTGA_Updated.paf | awk '$1 == "R" && $2 == "CM068777.1"' > sharks/HydCol_Test2/temp/20250403_CM068777.1_Aln_Only.txt
        
        (one of the commands exited with non-zero exit code; note that snakemake uses bash strict mode!)

[Fri Apr  4 15:52:31 2025]
RuleException:
CalledProcessError in file /rds/project/rds-p67MZilb2eQ/projects/VGP/heterozygosity/Snakefile, line 232:
Command 'set -euo pipefail;  
        k8 paftools.js call sharks/HydCol_Test2/HydCol_Test2_FASTGA_Updated.paf | awk '$1 == "R" && $2 == "CM068744.1"' > sharks/HydCol_Test2/temp/20250403_CM068744.1_Aln_Only.txt' returned non-zero exit status 143.
[Fri Apr  4 15:52:31 2025]
Removing output files of failed job GET_ALN_ONLY_PER_CHROM since they might be corrupted:
sharks/HydCol_Test2/temp/20250403_CM068780.1_Aln_Only.txt
RuleException:
CalledProcessError in file /rds/project/rds-p67MZilb2eQ/projects/VGP/heterozygosity/Snakefile, line 232:
Command 'set -euo pipefail;  
        k8 paftools.js call sharks/HydCol_Test2/HydCol_Test2_FASTGA_Updated.paf | awk '$1 == "R" && $2 == "CM068749.1"' > sharks/HydCol_Test2/temp/20250403_CM068749.1_Aln_Only.txt' returned non-zero exit status 143.
[Fri Apr  4 15:52:31 2025]
Error in rule GET_ALN_ONLY_PER_CHROM:
    jobid: 40
    input: sharks/HydCol_Test2/HydCol_Test2_FASTGA_Updated.paf
    output: sharks/HydCol_Test2/temp/20250403_CM068772.1_Aln_Only.txt
    shell:
        
        k8 paftools.js call sharks/HydCol_Test2/HydCol_Test2_FASTGA_Updated.paf | awk '$1 == "R" && $2 == "CM068772.1"' > sharks/HydCol_Test2/temp/20250403_CM068772.1_Aln_Only.txt
        
        (one of the commands exited with non-zero exit code; note that snakemake uses bash strict mode!)

Error in rule GET_ALN_ONLY_PER_CHROM:
    jobid: 27
    input: sharks/HydCol_Test2/HydCol_Test2_FASTGA_Updated.paf
    output: sharks/HydCol_Test2/temp/20250403_CM068759.1_Aln_Only.txt
    shell:
        
        k8 paftools.js call sharks/HydCol_Test2/HydCol_Test2_FASTGA_Updated.paf | awk '$1 == "R" && $2 == "CM068759.1"' > sharks/HydCol_Test2/temp/20250403_CM068759.1_Aln_Only.txt
        
        (one of the commands exited with non-zero exit code; note that snakemake uses bash strict mode!)

[Fri Apr  4 15:52:31 2025]
Error in rule GET_ALN_ONLY_PER_CHROM:
    jobid: 16
    input: sharks/HydCol_Test2/HydCol_Test2_FASTGA_Updated.paf
    output: sharks/HydCol_Test2/temp/20250403_CM068748.1_Aln_Only.txt
    shell:
        
        k8 paftools.js call sharks/HydCol_Test2/HydCol_Test2_FASTGA_Updated.paf | awk '$1 == "R" && $2 == "CM068748.1"' > sharks/HydCol_Test2/temp/20250403_CM068748.1_Aln_Only.txt
        
        (one of the commands exited with non-zero exit code; note that snakemake uses bash strict mode!)

[Fri Apr  4 15:52:31 2025]
Error in rule GET_ALN_ONLY_PER_CHROM:
    jobid: 20
    input: sharks/HydCol_Test2/HydCol_Test2_FASTGA_Updated.paf
    output: sharks/HydCol_Test2/temp/20250403_CM068752.1_Aln_Only.txt
    shell:
        
        k8 paftools.js call sharks/HydCol_Test2/HydCol_Test2_FASTGA_Updated.paf | awk '$1 == "R" && $2 == "CM068752.1"' > sharks/HydCol_Test2/temp/20250403_CM068752.1_Aln_Only.txt
        
        (one of the commands exited with non-zero exit code; note that snakemake uses bash strict mode!)

Error in rule GET_ALN_ONLY_PER_CHROM:
    jobid: 12
    input: sharks/HydCol_Test2/HydCol_Test2_FASTGA_Updated.paf
    output: sharks/HydCol_Test2/temp/20250403_CM068744.1_Aln_Only.txt
    shell:
        
        k8 paftools.js call sharks/HydCol_Test2/HydCol_Test2_FASTGA_Updated.paf | awk '$1 == "R" && $2 == "CM068744.1"' > sharks/HydCol_Test2/temp/20250403_CM068744.1_Aln_Only.txt
        
        (one of the commands exited with non-zero exit code; note that snakemake uses bash strict mode!)

Error in rule GET_ALN_ONLY_PER_CHROM:
    jobid: 17
    input: sharks/HydCol_Test2/HydCol_Test2_FASTGA_Updated.paf
    output: sharks/HydCol_Test2/temp/20250403_CM068749.1_Aln_Only.txt
    shell:
        
        k8 paftools.js call sharks/HydCol_Test2/HydCol_Test2_FASTGA_Updated.paf | awk '$1 == "R" && $2 == "CM068749.1"' > sharks/HydCol_Test2/temp/20250403_CM068749.1_Aln_Only.txt
        
        (one of the commands exited with non-zero exit code; note that snakemake uses bash strict mode!)

Removing output files of failed job GET_ALN_ONLY_PER_CHROM since they might be corrupted:
sharks/HydCol_Test2/temp/20250403_CM068775.1_Aln_Only.txt
Removing output files of failed job GET_ALN_ONLY_PER_CHROM since they might be corrupted:
sharks/HydCol_Test2/temp/20250403_CM068763.1_Aln_Only.txt
Removing output files of failed job GET_ALN_ONLY_PER_CHROM since they might be corrupted:
sharks/HydCol_Test2/temp/20250403_CM068777.1_Aln_Only.txt
Removing output files of failed job GET_ALN_ONLY_PER_CHROM since they might be corrupted:
sharks/HydCol_Test2/temp/20250403_CM068772.1_Aln_Only.txt
Removing output files of failed job GET_ALN_ONLY_PER_CHROM since they might be corrupted:
sharks/HydCol_Test2/temp/20250403_CM068759.1_Aln_Only.txt
Removing output files of failed job GET_ALN_ONLY_PER_CHROM since they might be corrupted:
sharks/HydCol_Test2/temp/20250403_CM068748.1_Aln_Only.txt
Removing output files of failed job GET_ALN_ONLY_PER_CHROM since they might be corrupted:
sharks/HydCol_Test2/temp/20250403_CM068752.1_Aln_Only.txt
Removing output files of failed job GET_ALN_ONLY_PER_CHROM since they might be corrupted:
sharks/HydCol_Test2/temp/20250403_CM068744.1_Aln_Only.txt
Removing output files of failed job GET_ALN_ONLY_PER_CHROM since they might be corrupted:
sharks/HydCol_Test2/temp/20250403_CM068749.1_Aln_Only.txt
Removing output files of failed job GET_ALN_ONLY_PER_CHROM since they might be corrupted:
sharks/HydCol_Test2/temp/20250403_CM068753.1_Aln_Only.txt
Removing output files of failed job GET_ALN_ONLY_PER_CHROM since they might be corrupted:
sharks/HydCol_Test2/temp/20250403_CM068771.1_Aln_Only.txt
Removing output files of failed job GET_ALN_ONLY_PER_CHROM since they might be corrupted:
sharks/HydCol_Test2/temp/20250403_CM068747.1_Aln_Only.txt
Removing output files of failed job GET_ALN_ONLY_PER_CHROM since they might be corrupted:
sharks/HydCol_Test2/temp/20250403_CM068758.1_Aln_Only.txt
Removing output files of failed job GET_ALN_ONLY_PER_CHROM since they might be corrupted:
sharks/HydCol_Test2/temp/20250403_CM068766.1_Aln_Only.txt
Removing output files of failed job GET_ALN_ONLY_PER_CHROM since they might be corrupted:
sharks/HydCol_Test2/temp/20250403_CM068751.1_Aln_Only.txt
Removing output files of failed job GET_ALN_ONLY_PER_CHROM since they might be corrupted:
sharks/HydCol_Test2/temp/20250403_CM068767.1_Aln_Only.txt
Removing output files of failed job GET_ALN_ONLY_PER_CHROM since they might be corrupted:
sharks/HydCol_Test2/temp/20250403_CM068754.1_Aln_Only.txt
Removing output files of failed job GET_ALN_ONLY_PER_CHROM since they might be corrupted:
sharks/HydCol_Test2/temp/20250403_CM068765.1_Aln_Only.txt
Removing output files of failed job GET_ALN_ONLY_PER_CHROM since they might be corrupted:
sharks/HydCol_Test2/temp/20250403_CM068762.1_Aln_Only.txt
Removing output files of failed job GET_ALN_ONLY_PER_CHROM since they might be corrupted:
sharks/HydCol_Test2/temp/20250403_CM068774.1_Aln_Only.txt
Removing output files of failed job GET_ALN_ONLY_PER_CHROM since they might be corrupted:
sharks/HydCol_Test2/temp/20250403_CM068781.1_Aln_Only.txt
Removing output files of failed job GET_ALN_ONLY_PER_CHROM since they might be corrupted:
sharks/HydCol_Test2/temp/20250403_CM068776.1_Aln_Only.txt
Removing output files of failed job GET_ALN_ONLY_PER_CHROM since they might be corrupted:
sharks/HydCol_Test2/temp/20250403_CM068779.1_Aln_Only.txt
Shutting down, this might take some time.
Exiting because a job execution failed. Look above for error message
Complete log: .snakemake/log/2025-04-04T145836.066400.snakemake.log
WorkflowError:
At least one job did not complete successfully.
