host: login-p-4
Building DAG of jobs...
Using shell: /usr/bin/bash
Provided cores: 56
Rules claiming more threads will be scaled down.
Job stats:
job                       count
----------------------  -------
GET_ALN_ONLY_PER_CHROM       46
GET_VAR_ONLY_PER_CHROM       46
all                           1
total                        93

Select jobs to execute...
Execute 56 jobs...

[Tue Apr 22 14:29:50 2025]
localrule GET_ALN_ONLY_PER_CHROM:
    input: sharks/HepPer/temp/HepPer_Aln_Only.txt
    output: sharks/HepPer/temp/20250422_CM068662.1_Aln_Only.txt
    jobid: 37
    reason: Missing output files: sharks/HepPer/temp/20250422_CM068662.1_Aln_Only.txt
    wildcards: CLADE=sharks, SPEC_NAME=HepPer, TODAY_DATE=20250422, CHR=CM068662.1
    resources: tmpdir=/tmp


[Tue Apr 22 14:29:50 2025]
localrule GET_VAR_ONLY_PER_CHROM:
    input: sharks/HepPer/temp/HepPer_Var_Only.txt
    output: sharks/HepPer/temp/20250422_CM068672.1_Var_Only.txt
    jobid: 93
    reason: Missing output files: sharks/HepPer/temp/20250422_CM068672.1_Var_Only.txt
    wildcards: CLADE=sharks, SPEC_NAME=HepPer, TODAY_DATE=20250422, CHR=CM068672.1
    resources: tmpdir=/tmp


[Tue Apr 22 14:29:50 2025]
localrule GET_ALN_ONLY_PER_CHROM:
    input: sharks/HepPer/temp/HepPer_Aln_Only.txt
    output: sharks/HepPer/temp/20250422_CM068649.1_Aln_Only.txt
    jobid: 24
    reason: Missing output files: sharks/HepPer/temp/20250422_CM068649.1_Aln_Only.txt
    wildcards: CLADE=sharks, SPEC_NAME=HepPer, TODAY_DATE=20250422, CHR=CM068649.1
    resources: tmpdir=/tmp


[Tue Apr 22 14:29:50 2025]
localrule GET_VAR_ONLY_PER_CHROM:
    input: sharks/HepPer/temp/HepPer_Var_Only.txt
    output: sharks/HepPer/temp/20250422_CM068659.1_Var_Only.txt
    jobid: 80
    reason: Missing output files: sharks/HepPer/temp/20250422_CM068659.1_Var_Only.txt
    wildcards: CLADE=sharks, SPEC_NAME=HepPer, TODAY_DATE=20250422, CHR=CM068659.1
    resources: tmpdir=/tmp


[Tue Apr 22 14:29:50 2025]
localrule GET_VAR_ONLY_PER_CHROM:
    input: sharks/HepPer/temp/HepPer_Var_Only.txt
    output: sharks/HepPer/temp/20250422_CM068652.1_Var_Only.txt
    jobid: 73
    reason: Missing output files: sharks/HepPer/temp/20250422_CM068652.1_Var_Only.txt
    wildcards: CLADE=sharks, SPEC_NAME=HepPer, TODAY_DATE=20250422, CHR=CM068652.1
    resources: tmpdir=/tmp


[Tue Apr 22 14:29:50 2025]
localrule GET_VAR_ONLY_PER_CHROM:
    input: sharks/HepPer/temp/HepPer_Var_Only.txt
    output: sharks/HepPer/temp/20250422_CM068645.1_Var_Only.txt
    jobid: 66
    reason: Missing output files: sharks/HepPer/temp/20250422_CM068645.1_Var_Only.txt
    wildcards: CLADE=sharks, SPEC_NAME=HepPer, TODAY_DATE=20250422, CHR=CM068645.1
    resources: tmpdir=/tmp


[Tue Apr 22 14:29:50 2025]
localrule GET_ALN_ONLY_PER_CHROM:
    input: sharks/HepPer/temp/HepPer_Aln_Only.txt
    output: sharks/HepPer/temp/20250422_CM068677.1_Aln_Only.txt
    jobid: 52
    reason: Missing output files: sharks/HepPer/temp/20250422_CM068677.1_Aln_Only.txt
    wildcards: CLADE=sharks, SPEC_NAME=HepPer, TODAY_DATE=20250422, CHR=CM068677.1
    resources: tmpdir=/tmp


[Tue Apr 22 14:29:50 2025]
localrule GET_ALN_ONLY_PER_CHROM:
    input: sharks/HepPer/temp/HepPer_Aln_Only.txt
    output: sharks/HepPer/temp/20250422_CM068670.1_Aln_Only.txt
    jobid: 45
    reason: Missing output files: sharks/HepPer/temp/20250422_CM068670.1_Aln_Only.txt
    wildcards: CLADE=sharks, SPEC_NAME=HepPer, TODAY_DATE=20250422, CHR=CM068670.1
    resources: tmpdir=/tmp


[Tue Apr 22 14:29:50 2025]
localrule GET_VAR_ONLY_PER_CHROM:
    input: sharks/HepPer/temp/HepPer_Var_Only.txt
    output: sharks/HepPer/temp/20250422_CM068680.1_Var_Only.txt
    jobid: 101
    reason: Missing output files: sharks/HepPer/temp/20250422_CM068680.1_Var_Only.txt
    wildcards: CLADE=sharks, SPEC_NAME=HepPer, TODAY_DATE=20250422, CHR=CM068680.1
    resources: tmpdir=/tmp


[Tue Apr 22 14:29:50 2025]
localrule GET_ALN_ONLY_PER_CHROM:
    input: sharks/HepPer/temp/HepPer_Aln_Only.txt
    output: sharks/HepPer/temp/20250422_CM068663.1_Aln_Only.txt
    jobid: 38
    reason: Missing output files: sharks/HepPer/temp/20250422_CM068663.1_Aln_Only.txt
    wildcards: CLADE=sharks, SPEC_NAME=HepPer, TODAY_DATE=20250422, CHR=CM068663.1
    resources: tmpdir=/tmp


[Tue Apr 22 14:29:50 2025]
localrule GET_VAR_ONLY_PER_CHROM:
    input: sharks/HepPer/temp/HepPer_Var_Only.txt
    output: sharks/HepPer/temp/20250422_CM068673.1_Var_Only.txt
    jobid: 94
    reason: Missing output files: sharks/HepPer/temp/20250422_CM068673.1_Var_Only.txt
    wildcards: CLADE=sharks, SPEC_NAME=HepPer, TODAY_DATE=20250422, CHR=CM068673.1
    resources: tmpdir=/tmp


[Tue Apr 22 14:29:50 2025]
localrule GET_ALN_ONLY_PER_CHROM:
    input: sharks/HepPer/temp/HepPer_Aln_Only.txt
    output: sharks/HepPer/temp/20250422_CM068650.1_Aln_Only.txt
    jobid: 25
    reason: Missing output files: sharks/HepPer/temp/20250422_CM068650.1_Aln_Only.txt
    wildcards: CLADE=sharks, SPEC_NAME=HepPer, TODAY_DATE=20250422, CHR=CM068650.1
    resources: tmpdir=/tmp


[Tue Apr 22 14:29:50 2025]
localrule GET_VAR_ONLY_PER_CHROM:
    input: sharks/HepPer/temp/HepPer_Var_Only.txt
    output: sharks/HepPer/temp/20250422_CM068660.1_Var_Only.txt
    jobid: 81
    reason: Missing output files: sharks/HepPer/temp/20250422_CM068660.1_Var_Only.txt
    wildcards: CLADE=sharks, SPEC_NAME=HepPer, TODAY_DATE=20250422, CHR=CM068660.1
    resources: tmpdir=/tmp


[Tue Apr 22 14:29:50 2025]
localrule GET_VAR_ONLY_PER_CHROM:
    input: sharks/HepPer/temp/HepPer_Var_Only.txt
    output: sharks/HepPer/temp/20250422_CM068653.1_Var_Only.txt
    jobid: 74
    reason: Missing output files: sharks/HepPer/temp/20250422_CM068653.1_Var_Only.txt
    wildcards: CLADE=sharks, SPEC_NAME=HepPer, TODAY_DATE=20250422, CHR=CM068653.1
    resources: tmpdir=/tmp


[Tue Apr 22 14:29:50 2025]
localrule GET_ALN_ONLY_PER_CHROM:
    input: sharks/HepPer/temp/HepPer_Aln_Only.txt
    output: sharks/HepPer/temp/20250422_CM068641.1_Aln_Only.txt
    jobid: 16
    reason: Missing output files: sharks/HepPer/temp/20250422_CM068641.1_Aln_Only.txt
    wildcards: CLADE=sharks, SPEC_NAME=HepPer, TODAY_DATE=20250422, CHR=CM068641.1
    resources: tmpdir=/tmp


[Tue Apr 22 14:29:50 2025]
localrule GET_VAR_ONLY_PER_CHROM:
    input: sharks/HepPer/temp/HepPer_Var_Only.txt
    output: sharks/HepPer/temp/20250422_CM068646.1_Var_Only.txt
    jobid: 67
    reason: Missing output files: sharks/HepPer/temp/20250422_CM068646.1_Var_Only.txt
    wildcards: CLADE=sharks, SPEC_NAME=HepPer, TODAY_DATE=20250422, CHR=CM068646.1
    resources: tmpdir=/tmp


[Tue Apr 22 14:29:50 2025]
localrule GET_ALN_ONLY_PER_CHROM:
    input: sharks/HepPer/temp/HepPer_Aln_Only.txt
    output: sharks/HepPer/temp/20250422_CM068678.1_Aln_Only.txt
    jobid: 53
    reason: Missing output files: sharks/HepPer/temp/20250422_CM068678.1_Aln_Only.txt
    wildcards: CLADE=sharks, SPEC_NAME=HepPer, TODAY_DATE=20250422, CHR=CM068678.1
    resources: tmpdir=/tmp


[Tue Apr 22 14:29:50 2025]
localrule GET_ALN_ONLY_PER_CHROM:
    input: sharks/HepPer/temp/HepPer_Aln_Only.txt
    output: sharks/HepPer/temp/20250422_CM068671.1_Aln_Only.txt
    jobid: 46
    reason: Missing output files: sharks/HepPer/temp/20250422_CM068671.1_Aln_Only.txt
    wildcards: CLADE=sharks, SPEC_NAME=HepPer, TODAY_DATE=20250422, CHR=CM068671.1
    resources: tmpdir=/tmp


[Tue Apr 22 14:29:50 2025]
localrule GET_VAR_ONLY_PER_CHROM:
    input: sharks/HepPer/temp/HepPer_Var_Only.txt
    output: sharks/HepPer/temp/20250422_CM068681.1_Var_Only.txt
    jobid: 102
    reason: Missing output files: sharks/HepPer/temp/20250422_CM068681.1_Var_Only.txt
    wildcards: CLADE=sharks, SPEC_NAME=HepPer, TODAY_DATE=20250422, CHR=CM068681.1
    resources: tmpdir=/tmp


[Tue Apr 22 14:29:50 2025]
localrule GET_ALN_ONLY_PER_CHROM:
    input: sharks/HepPer/temp/HepPer_Aln_Only.txt
    output: sharks/HepPer/temp/20250422_CM068664.1_Aln_Only.txt
    jobid: 39
    reason: Missing output files: sharks/HepPer/temp/20250422_CM068664.1_Aln_Only.txt
    wildcards: CLADE=sharks, SPEC_NAME=HepPer, TODAY_DATE=20250422, CHR=CM068664.1
    resources: tmpdir=/tmp


[Tue Apr 22 14:29:51 2025]
localrule GET_VAR_ONLY_PER_CHROM:
    input: sharks/HepPer/temp/HepPer_Var_Only.txt
    output: sharks/HepPer/temp/20250422_CM068674.1_Var_Only.txt
    jobid: 95
    reason: Missing output files: sharks/HepPer/temp/20250422_CM068674.1_Var_Only.txt
    wildcards: CLADE=sharks, SPEC_NAME=HepPer, TODAY_DATE=20250422, CHR=CM068674.1
    resources: tmpdir=/tmp


[Tue Apr 22 14:29:51 2025]
localrule GET_ALN_ONLY_PER_CHROM:
    input: sharks/HepPer/temp/HepPer_Aln_Only.txt
    output: sharks/HepPer/temp/20250422_CM068657.1_Aln_Only.txt
    jobid: 32
    reason: Missing output files: sharks/HepPer/temp/20250422_CM068657.1_Aln_Only.txt
    wildcards: CLADE=sharks, SPEC_NAME=HepPer, TODAY_DATE=20250422, CHR=CM068657.1
    resources: tmpdir=/tmp


[Tue Apr 22 14:29:51 2025]
localrule GET_VAR_ONLY_PER_CHROM:
    input: sharks/HepPer/temp/HepPer_Var_Only.txt
    output: sharks/HepPer/temp/20250422_CM068667.1_Var_Only.txt
    jobid: 88
    reason: Missing output files: sharks/HepPer/temp/20250422_CM068667.1_Var_Only.txt
    wildcards: CLADE=sharks, SPEC_NAME=HepPer, TODAY_DATE=20250422, CHR=CM068667.1
    resources: tmpdir=/tmp


[Tue Apr 22 14:29:51 2025]
localrule GET_ALN_ONLY_PER_CHROM:
    input: sharks/HepPer/temp/HepPer_Aln_Only.txt
    output: sharks/HepPer/temp/20250422_CM068651.1_Aln_Only.txt
    jobid: 26
    reason: Missing output files: sharks/HepPer/temp/20250422_CM068651.1_Aln_Only.txt
    wildcards: CLADE=sharks, SPEC_NAME=HepPer, TODAY_DATE=20250422, CHR=CM068651.1
    resources: tmpdir=/tmp


[Tue Apr 22 14:29:51 2025]
localrule GET_VAR_ONLY_PER_CHROM:
    input: sharks/HepPer/temp/HepPer_Var_Only.txt
    output: sharks/HepPer/temp/20250422_CM068661.1_Var_Only.txt
    jobid: 82
    reason: Missing output files: sharks/HepPer/temp/20250422_CM068661.1_Var_Only.txt
    wildcards: CLADE=sharks, SPEC_NAME=HepPer, TODAY_DATE=20250422, CHR=CM068661.1
    resources: tmpdir=/tmp


[Tue Apr 22 14:29:51 2025]
localrule GET_ALN_ONLY_PER_CHROM:
    input: sharks/HepPer/temp/HepPer_Aln_Only.txt
    output: sharks/HepPer/temp/20250422_CM068642.1_Aln_Only.txt
    jobid: 17
    reason: Missing output files: sharks/HepPer/temp/20250422_CM068642.1_Aln_Only.txt
    wildcards: CLADE=sharks, SPEC_NAME=HepPer, TODAY_DATE=20250422, CHR=CM068642.1
    resources: tmpdir=/tmp


[Tue Apr 22 14:29:51 2025]
localrule GET_VAR_ONLY_PER_CHROM:
    input: sharks/HepPer/temp/HepPer_Var_Only.txt
    output: sharks/HepPer/temp/20250422_CM068654.1_Var_Only.txt
    jobid: 75
    reason: Missing output files: sharks/HepPer/temp/20250422_CM068654.1_Var_Only.txt
    wildcards: CLADE=sharks, SPEC_NAME=HepPer, TODAY_DATE=20250422, CHR=CM068654.1
    resources: tmpdir=/tmp


[Tue Apr 22 14:29:51 2025]
localrule GET_ALN_ONLY_PER_CHROM:
    input: sharks/HepPer/temp/HepPer_Aln_Only.txt
    output: sharks/HepPer/temp/20250422_CM068637.1_Aln_Only.txt
    jobid: 12
    reason: Missing output files: sharks/HepPer/temp/20250422_CM068637.1_Aln_Only.txt
    wildcards: CLADE=sharks, SPEC_NAME=HepPer, TODAY_DATE=20250422, CHR=CM068637.1
    resources: tmpdir=/tmp


[Tue Apr 22 14:29:51 2025]
localrule GET_ALN_ONLY_PER_CHROM:
    input: sharks/HepPer/temp/HepPer_Aln_Only.txt
    output: sharks/HepPer/temp/20250422_CM068648.1_Aln_Only.txt
    jobid: 23
    reason: Missing output files: sharks/HepPer/temp/20250422_CM068648.1_Aln_Only.txt
    wildcards: CLADE=sharks, SPEC_NAME=HepPer, TODAY_DATE=20250422, CHR=CM068648.1
    resources: tmpdir=/tmp


[Tue Apr 22 14:29:51 2025]
localrule GET_VAR_ONLY_PER_CHROM:
    input: sharks/HepPer/temp/HepPer_Var_Only.txt
    output: sharks/HepPer/temp/20250422_CM068640.1_Var_Only.txt
    jobid: 61
    reason: Missing output files: sharks/HepPer/temp/20250422_CM068640.1_Var_Only.txt
    wildcards: CLADE=sharks, SPEC_NAME=HepPer, TODAY_DATE=20250422, CHR=CM068640.1
    resources: tmpdir=/tmp


[Tue Apr 22 14:29:51 2025]
localrule GET_ALN_ONLY_PER_CHROM:
    input: sharks/HepPer/temp/HepPer_Aln_Only.txt
    output: sharks/HepPer/temp/20250422_CM068679.1_Aln_Only.txt
    jobid: 54
    reason: Missing output files: sharks/HepPer/temp/20250422_CM068679.1_Aln_Only.txt
    wildcards: CLADE=sharks, SPEC_NAME=HepPer, TODAY_DATE=20250422, CHR=CM068679.1
    resources: tmpdir=/tmp


[Tue Apr 22 14:29:51 2025]
localrule GET_ALN_ONLY_PER_CHROM:
    input: sharks/HepPer/temp/HepPer_Aln_Only.txt
    output: sharks/HepPer/temp/20250422_CM068672.1_Aln_Only.txt
    jobid: 47
    reason: Missing output files: sharks/HepPer/temp/20250422_CM068672.1_Aln_Only.txt
    wildcards: CLADE=sharks, SPEC_NAME=HepPer, TODAY_DATE=20250422, CHR=CM068672.1
    resources: tmpdir=/tmp


[Tue Apr 22 14:29:51 2025]
localrule GET_VAR_ONLY_PER_CHROM:
    input: sharks/HepPer/temp/HepPer_Var_Only.txt
    output: sharks/HepPer/temp/20250422_CM068682.1_Var_Only.txt
    jobid: 103
    reason: Missing output files: sharks/HepPer/temp/20250422_CM068682.1_Var_Only.txt
    wildcards: CLADE=sharks, SPEC_NAME=HepPer, TODAY_DATE=20250422, CHR=CM068682.1
    resources: tmpdir=/tmp


[Tue Apr 22 14:29:52 2025]
localrule GET_ALN_ONLY_PER_CHROM:
    input: sharks/HepPer/temp/HepPer_Aln_Only.txt
    output: sharks/HepPer/temp/20250422_CM068658.1_Aln_Only.txt
    jobid: 33
    reason: Missing output files: sharks/HepPer/temp/20250422_CM068658.1_Aln_Only.txt
    wildcards: CLADE=sharks, SPEC_NAME=HepPer, TODAY_DATE=20250422, CHR=CM068658.1
    resources: tmpdir=/tmp


[Tue Apr 22 14:29:52 2025]
localrule GET_ALN_ONLY_PER_CHROM:
    input: sharks/HepPer/temp/HepPer_Aln_Only.txt
    output: sharks/HepPer/temp/20250422_CM068652.1_Aln_Only.txt
    jobid: 27
    reason: Missing output files: sharks/HepPer/temp/20250422_CM068652.1_Aln_Only.txt
    wildcards: CLADE=sharks, SPEC_NAME=HepPer, TODAY_DATE=20250422, CHR=CM068652.1
    resources: tmpdir=/tmp


[Tue Apr 22 14:29:52 2025]
localrule GET_VAR_ONLY_PER_CHROM:
    input: sharks/HepPer/temp/HepPer_Var_Only.txt
    output: sharks/HepPer/temp/20250422_CM068662.1_Var_Only.txt
    jobid: 83
    reason: Missing output files: sharks/HepPer/temp/20250422_CM068662.1_Var_Only.txt
    wildcards: CLADE=sharks, SPEC_NAME=HepPer, TODAY_DATE=20250422, CHR=CM068662.1
    resources: tmpdir=/tmp


[Tue Apr 22 14:29:52 2025]
localrule GET_ALN_ONLY_PER_CHROM:
    input: sharks/HepPer/temp/HepPer_Aln_Only.txt
    output: sharks/HepPer/temp/20250422_CM068643.1_Aln_Only.txt
    jobid: 18
    reason: Missing output files: sharks/HepPer/temp/20250422_CM068643.1_Aln_Only.txt
    wildcards: CLADE=sharks, SPEC_NAME=HepPer, TODAY_DATE=20250422, CHR=CM068643.1
    resources: tmpdir=/tmp


[Tue Apr 22 14:29:52 2025]
localrule GET_VAR_ONLY_PER_CHROM:
    input: sharks/HepPer/temp/HepPer_Var_Only.txt
    output: sharks/HepPer/temp/20250422_CM068655.1_Var_Only.txt
    jobid: 76
    reason: Missing output files: sharks/HepPer/temp/20250422_CM068655.1_Var_Only.txt
    wildcards: CLADE=sharks, SPEC_NAME=HepPer, TODAY_DATE=20250422, CHR=CM068655.1
    resources: tmpdir=/tmp


[Tue Apr 22 14:29:52 2025]
localrule GET_ALN_ONLY_PER_CHROM:
    input: sharks/HepPer/temp/HepPer_Aln_Only.txt
    output: sharks/HepPer/temp/20250422_CM068680.1_Aln_Only.txt
    jobid: 55
    reason: Missing output files: sharks/HepPer/temp/20250422_CM068680.1_Aln_Only.txt
    wildcards: CLADE=sharks, SPEC_NAME=HepPer, TODAY_DATE=20250422, CHR=CM068680.1
    resources: tmpdir=/tmp


[Tue Apr 22 14:29:52 2025]
localrule GET_ALN_ONLY_PER_CHROM:
    input: sharks/HepPer/temp/HepPer_Aln_Only.txt
    output: sharks/HepPer/temp/20250422_CM068673.1_Aln_Only.txt
    jobid: 48
    reason: Missing output files: sharks/HepPer/temp/20250422_CM068673.1_Aln_Only.txt
    wildcards: CLADE=sharks, SPEC_NAME=HepPer, TODAY_DATE=20250422, CHR=CM068673.1
    resources: tmpdir=/tmp


[Tue Apr 22 14:29:52 2025]
localrule GET_ALN_ONLY_PER_CHROM:
    input: sharks/HepPer/temp/HepPer_Aln_Only.txt
    output: sharks/HepPer/temp/20250422_CM068653.1_Aln_Only.txt
    jobid: 28
    reason: Missing output files: sharks/HepPer/temp/20250422_CM068653.1_Aln_Only.txt
    wildcards: CLADE=sharks, SPEC_NAME=HepPer, TODAY_DATE=20250422, CHR=CM068653.1
    resources: tmpdir=/tmp


[Tue Apr 22 14:29:52 2025]
localrule GET_VAR_ONLY_PER_CHROM:
    input: sharks/HepPer/temp/HepPer_Var_Only.txt
    output: sharks/HepPer/temp/20250422_CM068663.1_Var_Only.txt
    jobid: 84
    reason: Missing output files: sharks/HepPer/temp/20250422_CM068663.1_Var_Only.txt
    wildcards: CLADE=sharks, SPEC_NAME=HepPer, TODAY_DATE=20250422, CHR=CM068663.1
    resources: tmpdir=/tmp


[Tue Apr 22 14:29:52 2025]
localrule GET_ALN_ONLY_PER_CHROM:
    input: sharks/HepPer/temp/HepPer_Aln_Only.txt
    output: sharks/HepPer/temp/20250422_CM068646.1_Aln_Only.txt
    jobid: 21
    reason: Missing output files: sharks/HepPer/temp/20250422_CM068646.1_Aln_Only.txt
    wildcards: CLADE=sharks, SPEC_NAME=HepPer, TODAY_DATE=20250422, CHR=CM068646.1
    resources: tmpdir=/tmp


[Tue Apr 22 14:29:52 2025]
localrule GET_VAR_ONLY_PER_CHROM:
    input: sharks/HepPer/temp/HepPer_Var_Only.txt
    output: sharks/HepPer/temp/20250422_CM068656.1_Var_Only.txt
    jobid: 77
    reason: Missing output files: sharks/HepPer/temp/20250422_CM068656.1_Var_Only.txt
    wildcards: CLADE=sharks, SPEC_NAME=HepPer, TODAY_DATE=20250422, CHR=CM068656.1
    resources: tmpdir=/tmp


[Tue Apr 22 14:29:52 2025]
localrule GET_ALN_ONLY_PER_CHROM:
    input: sharks/HepPer/temp/HepPer_Aln_Only.txt
    output: sharks/HepPer/temp/20250422_CM068681.1_Aln_Only.txt
    jobid: 56
    reason: Missing output files: sharks/HepPer/temp/20250422_CM068681.1_Aln_Only.txt
    wildcards: CLADE=sharks, SPEC_NAME=HepPer, TODAY_DATE=20250422, CHR=CM068681.1
    resources: tmpdir=/tmp


[Tue Apr 22 14:29:52 2025]
localrule GET_ALN_ONLY_PER_CHROM:
    input: sharks/HepPer/temp/HepPer_Aln_Only.txt
    output: sharks/HepPer/temp/20250422_CM068674.1_Aln_Only.txt
    jobid: 49
    reason: Missing output files: sharks/HepPer/temp/20250422_CM068674.1_Aln_Only.txt
    wildcards: CLADE=sharks, SPEC_NAME=HepPer, TODAY_DATE=20250422, CHR=CM068674.1
    resources: tmpdir=/tmp


[Tue Apr 22 14:29:52 2025]
localrule GET_ALN_ONLY_PER_CHROM:
    input: sharks/HepPer/temp/HepPer_Aln_Only.txt
    output: sharks/HepPer/temp/20250422_CM068654.1_Aln_Only.txt
    jobid: 29
    reason: Missing output files: sharks/HepPer/temp/20250422_CM068654.1_Aln_Only.txt
    wildcards: CLADE=sharks, SPEC_NAME=HepPer, TODAY_DATE=20250422, CHR=CM068654.1
    resources: tmpdir=/tmp


[Tue Apr 22 14:29:53 2025]
localrule GET_VAR_ONLY_PER_CHROM:
    input: sharks/HepPer/temp/HepPer_Var_Only.txt
    output: sharks/HepPer/temp/20250422_CM068664.1_Var_Only.txt
    jobid: 85
    reason: Missing output files: sharks/HepPer/temp/20250422_CM068664.1_Var_Only.txt
    wildcards: CLADE=sharks, SPEC_NAME=HepPer, TODAY_DATE=20250422, CHR=CM068664.1
    resources: tmpdir=/tmp


[Tue Apr 22 14:29:53 2025]
localrule GET_ALN_ONLY_PER_CHROM:
    input: sharks/HepPer/temp/HepPer_Aln_Only.txt
    output: sharks/HepPer/temp/20250422_CM068647.1_Aln_Only.txt
    jobid: 22
    reason: Missing output files: sharks/HepPer/temp/20250422_CM068647.1_Aln_Only.txt
    wildcards: CLADE=sharks, SPEC_NAME=HepPer, TODAY_DATE=20250422, CHR=CM068647.1
    resources: tmpdir=/tmp


[Tue Apr 22 14:29:53 2025]
localrule GET_VAR_ONLY_PER_CHROM:
    input: sharks/HepPer/temp/HepPer_Var_Only.txt
    output: sharks/HepPer/temp/20250422_CM068657.1_Var_Only.txt
    jobid: 78
    reason: Missing output files: sharks/HepPer/temp/20250422_CM068657.1_Var_Only.txt
    wildcards: CLADE=sharks, SPEC_NAME=HepPer, TODAY_DATE=20250422, CHR=CM068657.1
    resources: tmpdir=/tmp


[Tue Apr 22 14:29:53 2025]
localrule GET_ALN_ONLY_PER_CHROM:
    input: sharks/HepPer/temp/HepPer_Aln_Only.txt
    output: sharks/HepPer/temp/20250422_CM068682.1_Aln_Only.txt
    jobid: 57
    reason: Missing output files: sharks/HepPer/temp/20250422_CM068682.1_Aln_Only.txt
    wildcards: CLADE=sharks, SPEC_NAME=HepPer, TODAY_DATE=20250422, CHR=CM068682.1
    resources: tmpdir=/tmp


[Tue Apr 22 14:29:53 2025]
localrule GET_ALN_ONLY_PER_CHROM:
    input: sharks/HepPer/temp/HepPer_Aln_Only.txt
    output: sharks/HepPer/temp/20250422_CM068675.1_Aln_Only.txt
    jobid: 50
    reason: Missing output files: sharks/HepPer/temp/20250422_CM068675.1_Aln_Only.txt
    wildcards: CLADE=sharks, SPEC_NAME=HepPer, TODAY_DATE=20250422, CHR=CM068675.1
    resources: tmpdir=/tmp


[Tue Apr 22 14:29:53 2025]
localrule GET_VAR_ONLY_PER_CHROM:
    input: sharks/HepPer/temp/HepPer_Var_Only.txt
    output: sharks/HepPer/temp/20250422_CM068671.1_Var_Only.txt
    jobid: 92
    reason: Missing output files: sharks/HepPer/temp/20250422_CM068671.1_Var_Only.txt
    wildcards: CLADE=sharks, SPEC_NAME=HepPer, TODAY_DATE=20250422, CHR=CM068671.1
    resources: tmpdir=/tmp


[Tue Apr 22 14:29:53 2025]
localrule GET_VAR_ONLY_PER_CHROM:
    input: sharks/HepPer/temp/HepPer_Var_Only.txt
    output: sharks/HepPer/temp/20250422_CM068658.1_Var_Only.txt
    jobid: 79
    reason: Missing output files: sharks/HepPer/temp/20250422_CM068658.1_Var_Only.txt
    wildcards: CLADE=sharks, SPEC_NAME=HepPer, TODAY_DATE=20250422, CHR=CM068658.1
    resources: tmpdir=/tmp


[Tue Apr 22 14:29:53 2025]
localrule GET_VAR_ONLY_PER_CHROM:
    input: sharks/HepPer/temp/HepPer_Var_Only.txt
    output: sharks/HepPer/temp/20250422_CM068637.1_Var_Only.txt
    jobid: 58
    reason: Missing output files: sharks/HepPer/temp/20250422_CM068637.1_Var_Only.txt
    wildcards: CLADE=sharks, SPEC_NAME=HepPer, TODAY_DATE=20250422, CHR=CM068637.1
    resources: tmpdir=/tmp


[Tue Apr 22 14:29:53 2025]
localrule GET_ALN_ONLY_PER_CHROM:
    input: sharks/HepPer/temp/HepPer_Aln_Only.txt
    output: sharks/HepPer/temp/20250422_CM068676.1_Aln_Only.txt
    jobid: 51
    reason: Missing output files: sharks/HepPer/temp/20250422_CM068676.1_Aln_Only.txt
    wildcards: CLADE=sharks, SPEC_NAME=HepPer, TODAY_DATE=20250422, CHR=CM068676.1
    resources: tmpdir=/tmp

[Tue Apr 22 14:29:53 2025]
Finished job 37.
1 of 93 steps (1%) done
[Tue Apr 22 14:29:54 2025]
Finished job 24.
2 of 93 steps (2%) done
[Tue Apr 22 14:29:54 2025]
Finished job 52.
3 of 93 steps (3%) done
[Tue Apr 22 14:29:54 2025]
Finished job 45.
4 of 93 steps (4%) done
[Tue Apr 22 14:29:54 2025]
Finished job 38.
5 of 93 steps (5%) done
[Tue Apr 22 14:29:54 2025]
Finished job 25.
6 of 93 steps (6%) done
[Tue Apr 22 14:29:54 2025]
Finished job 16.
7 of 93 steps (8%) done
[Tue Apr 22 14:29:54 2025]
Finished job 53.
8 of 93 steps (9%) done
[Tue Apr 22 14:29:54 2025]
Finished job 46.
9 of 93 steps (10%) done
[Tue Apr 22 14:29:54 2025]
Finished job 39.
10 of 93 steps (11%) done
[Tue Apr 22 14:29:54 2025]
Finished job 32.
11 of 93 steps (12%) done
[Tue Apr 22 14:29:54 2025]
Finished job 26.
12 of 93 steps (13%) done
[Tue Apr 22 14:29:55 2025]
Finished job 17.
13 of 93 steps (14%) done
[Tue Apr 22 14:29:55 2025]
Finished job 12.
14 of 93 steps (15%) done
[Tue Apr 22 14:29:55 2025]
Finished job 23.
15 of 93 steps (16%) done
[Tue Apr 22 14:29:55 2025]
Finished job 47.
16 of 93 steps (17%) done
[Tue Apr 22 14:29:55 2025]
Finished job 54.
17 of 93 steps (18%) done
[Tue Apr 22 14:29:55 2025]
Finished job 33.
18 of 93 steps (19%) done
[Tue Apr 22 14:29:55 2025]
Finished job 27.
19 of 93 steps (20%) done
[Tue Apr 22 14:29:55 2025]
Finished job 18.
20 of 93 steps (22%) done
[Tue Apr 22 14:29:55 2025]
Finished job 55.
21 of 93 steps (23%) done
[Tue Apr 22 14:29:55 2025]
Finished job 48.
22 of 93 steps (24%) done
[Tue Apr 22 14:29:56 2025]
Finished job 28.
23 of 93 steps (25%) done
[Tue Apr 22 14:29:56 2025]
Finished job 21.
24 of 93 steps (26%) done
[Tue Apr 22 14:29:56 2025]
Finished job 56.
25 of 93 steps (27%) done
[Tue Apr 22 14:29:56 2025]
Finished job 49.
26 of 93 steps (28%) done
[Tue Apr 22 14:29:56 2025]
Finished job 29.
27 of 93 steps (29%) done
[Tue Apr 22 14:29:56 2025]
Finished job 22.
28 of 93 steps (30%) done
[Tue Apr 22 14:29:56 2025]
Finished job 57.
29 of 93 steps (31%) done
[Tue Apr 22 14:29:56 2025]
Finished job 50.
30 of 93 steps (32%) done
Select jobs to execute...
Execute 30 jobs...

[Tue Apr 22 14:29:57 2025]
localrule GET_ALN_ONLY_PER_CHROM:
    input: sharks/HepPer/temp/HepPer_Aln_Only.txt
    output: sharks/HepPer/temp/20250422_CM068669.1_Aln_Only.txt
    jobid: 44
    reason: Missing output files: sharks/HepPer/temp/20250422_CM068669.1_Aln_Only.txt
    wildcards: CLADE=sharks, SPEC_NAME=HepPer, TODAY_DATE=20250422, CHR=CM068669.1
    resources: tmpdir=/tmp


[Tue Apr 22 14:29:57 2025]
localrule GET_VAR_ONLY_PER_CHROM:
    input: sharks/HepPer/temp/HepPer_Var_Only.txt
    output: sharks/HepPer/temp/20250422_CM068679.1_Var_Only.txt
    jobid: 100
    reason: Missing output files: sharks/HepPer/temp/20250422_CM068679.1_Var_Only.txt
    wildcards: CLADE=sharks, SPEC_NAME=HepPer, TODAY_DATE=20250422, CHR=CM068679.1
    resources: tmpdir=/tmp


[Tue Apr 22 14:29:57 2025]
localrule GET_VAR_ONLY_PER_CHROM:
    input: sharks/HepPer/temp/HepPer_Var_Only.txt
    output: sharks/HepPer/temp/20250422_CM068665.1_Var_Only.txt
    jobid: 86
    reason: Missing output files: sharks/HepPer/temp/20250422_CM068665.1_Var_Only.txt
    wildcards: CLADE=sharks, SPEC_NAME=HepPer, TODAY_DATE=20250422, CHR=CM068665.1
    resources: tmpdir=/tmp


[Tue Apr 22 14:29:57 2025]
localrule GET_ALN_ONLY_PER_CHROM:
    input: sharks/HepPer/temp/HepPer_Aln_Only.txt
    output: sharks/HepPer/temp/20250422_CM068640.1_Aln_Only.txt
    jobid: 15
    reason: Missing output files: sharks/HepPer/temp/20250422_CM068640.1_Aln_Only.txt
    wildcards: CLADE=sharks, SPEC_NAME=HepPer, TODAY_DATE=20250422, CHR=CM068640.1
    resources: tmpdir=/tmp


[Tue Apr 22 14:29:57 2025]
localrule GET_VAR_ONLY_PER_CHROM:
    input: sharks/HepPer/temp/HepPer_Var_Only.txt
    output: sharks/HepPer/temp/20250422_CM068638.1_Var_Only.txt
    jobid: 59
    reason: Missing output files: sharks/HepPer/temp/20250422_CM068638.1_Var_Only.txt
    wildcards: CLADE=sharks, SPEC_NAME=HepPer, TODAY_DATE=20250422, CHR=CM068638.1
    resources: tmpdir=/tmp


[Tue Apr 22 14:29:57 2025]
localrule GET_VAR_ONLY_PER_CHROM:
    input: sharks/HepPer/temp/HepPer_Var_Only.txt
    output: sharks/HepPer/temp/20250422_CM068666.1_Var_Only.txt
    jobid: 87
    reason: Missing output files: sharks/HepPer/temp/20250422_CM068666.1_Var_Only.txt
    wildcards: CLADE=sharks, SPEC_NAME=HepPer, TODAY_DATE=20250422, CHR=CM068666.1
    resources: tmpdir=/tmp


[Tue Apr 22 14:29:57 2025]
localrule GET_ALN_ONLY_PER_CHROM:
    input: sharks/HepPer/temp/HepPer_Aln_Only.txt
    output: sharks/HepPer/temp/20250422_CM068656.1_Aln_Only.txt
    jobid: 31
    reason: Missing output files: sharks/HepPer/temp/20250422_CM068656.1_Aln_Only.txt
    wildcards: CLADE=sharks, SPEC_NAME=HepPer, TODAY_DATE=20250422, CHR=CM068656.1
    resources: tmpdir=/tmp


[Tue Apr 22 14:29:57 2025]
localrule GET_VAR_ONLY_PER_CHROM:
    input: sharks/HepPer/temp/HepPer_Var_Only.txt
    output: sharks/HepPer/temp/20250422_CM068639.1_Var_Only.txt
    jobid: 60
    reason: Missing output files: sharks/HepPer/temp/20250422_CM068639.1_Var_Only.txt
    wildcards: CLADE=sharks, SPEC_NAME=HepPer, TODAY_DATE=20250422, CHR=CM068639.1
    resources: tmpdir=/tmp


[Tue Apr 22 14:29:57 2025]
localrule GET_VAR_ONLY_PER_CHROM:
    input: sharks/HepPer/temp/HepPer_Var_Only.txt
    output: sharks/HepPer/temp/20250422_CM068647.1_Var_Only.txt
    jobid: 68
    reason: Missing output files: sharks/HepPer/temp/20250422_CM068647.1_Var_Only.txt
    wildcards: CLADE=sharks, SPEC_NAME=HepPer, TODAY_DATE=20250422, CHR=CM068647.1
    resources: tmpdir=/tmp


[Tue Apr 22 14:29:57 2025]
localrule GET_ALN_ONLY_PER_CHROM:
    input: sharks/HepPer/temp/HepPer_Aln_Only.txt
    output: sharks/HepPer/temp/20250422_CM068645.1_Aln_Only.txt
    jobid: 20
    reason: Missing output files: sharks/HepPer/temp/20250422_CM068645.1_Aln_Only.txt
    wildcards: CLADE=sharks, SPEC_NAME=HepPer, TODAY_DATE=20250422, CHR=CM068645.1
    resources: tmpdir=/tmp


[Tue Apr 22 14:29:57 2025]
localrule GET_VAR_ONLY_PER_CHROM:
    input: sharks/HepPer/temp/HepPer_Var_Only.txt
    output: sharks/HepPer/temp/20250422_CM068675.1_Var_Only.txt
    jobid: 96
    reason: Missing output files: sharks/HepPer/temp/20250422_CM068675.1_Var_Only.txt
    wildcards: CLADE=sharks, SPEC_NAME=HepPer, TODAY_DATE=20250422, CHR=CM068675.1
    resources: tmpdir=/tmp


[Tue Apr 22 14:29:57 2025]
localrule GET_ALN_ONLY_PER_CHROM:
    input: sharks/HepPer/temp/HepPer_Aln_Only.txt
    output: sharks/HepPer/temp/20250422_CM068665.1_Aln_Only.txt
    jobid: 40
    reason: Missing output files: sharks/HepPer/temp/20250422_CM068665.1_Aln_Only.txt
    wildcards: CLADE=sharks, SPEC_NAME=HepPer, TODAY_DATE=20250422, CHR=CM068665.1
    resources: tmpdir=/tmp


[Tue Apr 22 14:29:58 2025]
localrule GET_VAR_ONLY_PER_CHROM:
    input: sharks/HepPer/temp/HepPer_Var_Only.txt
    output: sharks/HepPer/temp/20250422_CM068668.1_Var_Only.txt
    jobid: 89
    reason: Missing output files: sharks/HepPer/temp/20250422_CM068668.1_Var_Only.txt
    wildcards: CLADE=sharks, SPEC_NAME=HepPer, TODAY_DATE=20250422, CHR=CM068668.1
    resources: tmpdir=/tmp


[Tue Apr 22 14:29:58 2025]
localrule GET_ALN_ONLY_PER_CHROM:
    input: sharks/HepPer/temp/HepPer_Aln_Only.txt
    output: sharks/HepPer/temp/20250422_CM068638.1_Aln_Only.txt
    jobid: 13
    reason: Missing output files: sharks/HepPer/temp/20250422_CM068638.1_Aln_Only.txt
    wildcards: CLADE=sharks, SPEC_NAME=HepPer, TODAY_DATE=20250422, CHR=CM068638.1
    resources: tmpdir=/tmp


[Tue Apr 22 14:29:58 2025]
localrule GET_VAR_ONLY_PER_CHROM:
    input: sharks/HepPer/temp/HepPer_Var_Only.txt
    output: sharks/HepPer/temp/20250422_CM068648.1_Var_Only.txt
    jobid: 69
    reason: Missing output files: sharks/HepPer/temp/20250422_CM068648.1_Var_Only.txt
    wildcards: CLADE=sharks, SPEC_NAME=HepPer, TODAY_DATE=20250422, CHR=CM068648.1
    resources: tmpdir=/tmp


[Tue Apr 22 14:29:58 2025]
localrule GET_VAR_ONLY_PER_CHROM:
    input: sharks/HepPer/temp/HepPer_Var_Only.txt
    output: sharks/HepPer/temp/20250422_CM068641.1_Var_Only.txt
    jobid: 62
    reason: Missing output files: sharks/HepPer/temp/20250422_CM068641.1_Var_Only.txt
    wildcards: CLADE=sharks, SPEC_NAME=HepPer, TODAY_DATE=20250422, CHR=CM068641.1
    resources: tmpdir=/tmp


[Tue Apr 22 14:29:58 2025]
localrule GET_ALN_ONLY_PER_CHROM:
    input: sharks/HepPer/temp/HepPer_Aln_Only.txt
    output: sharks/HepPer/temp/20250422_CM068666.1_Aln_Only.txt
    jobid: 41
    reason: Missing output files: sharks/HepPer/temp/20250422_CM068666.1_Aln_Only.txt
    wildcards: CLADE=sharks, SPEC_NAME=HepPer, TODAY_DATE=20250422, CHR=CM068666.1
    resources: tmpdir=/tmp


[Tue Apr 22 14:29:58 2025]
localrule GET_VAR_ONLY_PER_CHROM:
    input: sharks/HepPer/temp/HepPer_Var_Only.txt
    output: sharks/HepPer/temp/20250422_CM068676.1_Var_Only.txt
    jobid: 97
    reason: Missing output files: sharks/HepPer/temp/20250422_CM068676.1_Var_Only.txt
    wildcards: CLADE=sharks, SPEC_NAME=HepPer, TODAY_DATE=20250422, CHR=CM068676.1
    resources: tmpdir=/tmp


[Tue Apr 22 14:29:58 2025]
localrule GET_ALN_ONLY_PER_CHROM:
    input: sharks/HepPer/temp/HepPer_Aln_Only.txt
    output: sharks/HepPer/temp/20250422_CM068659.1_Aln_Only.txt
    jobid: 34
    reason: Missing output files: sharks/HepPer/temp/20250422_CM068659.1_Aln_Only.txt
    wildcards: CLADE=sharks, SPEC_NAME=HepPer, TODAY_DATE=20250422, CHR=CM068659.1
    resources: tmpdir=/tmp


[Tue Apr 22 14:29:58 2025]
localrule GET_VAR_ONLY_PER_CHROM:
    input: sharks/HepPer/temp/HepPer_Var_Only.txt
    output: sharks/HepPer/temp/20250422_CM068677.1_Var_Only.txt
    jobid: 98
    reason: Missing output files: sharks/HepPer/temp/20250422_CM068677.1_Var_Only.txt
    wildcards: CLADE=sharks, SPEC_NAME=HepPer, TODAY_DATE=20250422, CHR=CM068677.1
    resources: tmpdir=/tmp


[Tue Apr 22 14:29:58 2025]
localrule GET_ALN_ONLY_PER_CHROM:
    input: sharks/HepPer/temp/HepPer_Aln_Only.txt
    output: sharks/HepPer/temp/20250422_CM068660.1_Aln_Only.txt
    jobid: 35
    reason: Missing output files: sharks/HepPer/temp/20250422_CM068660.1_Aln_Only.txt
    wildcards: CLADE=sharks, SPEC_NAME=HepPer, TODAY_DATE=20250422, CHR=CM068660.1
    resources: tmpdir=/tmp


[Tue Apr 22 14:29:58 2025]
localrule GET_VAR_ONLY_PER_CHROM:
    input: sharks/HepPer/temp/HepPer_Var_Only.txt
    output: sharks/HepPer/temp/20250422_CM068670.1_Var_Only.txt
    jobid: 91
    reason: Missing output files: sharks/HepPer/temp/20250422_CM068670.1_Var_Only.txt
    wildcards: CLADE=sharks, SPEC_NAME=HepPer, TODAY_DATE=20250422, CHR=CM068670.1
    resources: tmpdir=/tmp


[Tue Apr 22 14:29:59 2025]
localrule GET_ALN_ONLY_PER_CHROM:
    input: sharks/HepPer/temp/HepPer_Aln_Only.txt
    output: sharks/HepPer/temp/20250422_CM068639.1_Aln_Only.txt
    jobid: 14
    reason: Missing output files: sharks/HepPer/temp/20250422_CM068639.1_Aln_Only.txt
    wildcards: CLADE=sharks, SPEC_NAME=HepPer, TODAY_DATE=20250422, CHR=CM068639.1
    resources: tmpdir=/tmp


[Tue Apr 22 14:29:59 2025]
localrule GET_VAR_ONLY_PER_CHROM:
    input: sharks/HepPer/temp/HepPer_Var_Only.txt
    output: sharks/HepPer/temp/20250422_CM068650.1_Var_Only.txt
    jobid: 71
    reason: Missing output files: sharks/HepPer/temp/20250422_CM068650.1_Var_Only.txt
    wildcards: CLADE=sharks, SPEC_NAME=HepPer, TODAY_DATE=20250422, CHR=CM068650.1
    resources: tmpdir=/tmp


[Tue Apr 22 14:29:59 2025]
localrule GET_VAR_ONLY_PER_CHROM:
    input: sharks/HepPer/temp/HepPer_Var_Only.txt
    output: sharks/HepPer/temp/20250422_CM068643.1_Var_Only.txt
    jobid: 64
    reason: Missing output files: sharks/HepPer/temp/20250422_CM068643.1_Var_Only.txt
    wildcards: CLADE=sharks, SPEC_NAME=HepPer, TODAY_DATE=20250422, CHR=CM068643.1
    resources: tmpdir=/tmp


[Tue Apr 22 14:29:59 2025]
localrule GET_ALN_ONLY_PER_CHROM:
    input: sharks/HepPer/temp/HepPer_Aln_Only.txt
    output: sharks/HepPer/temp/20250422_CM068668.1_Aln_Only.txt
    jobid: 43
    reason: Missing output files: sharks/HepPer/temp/20250422_CM068668.1_Aln_Only.txt
    wildcards: CLADE=sharks, SPEC_NAME=HepPer, TODAY_DATE=20250422, CHR=CM068668.1
    resources: tmpdir=/tmp


[Tue Apr 22 14:29:59 2025]
localrule GET_VAR_ONLY_PER_CHROM:
    input: sharks/HepPer/temp/HepPer_Var_Only.txt
    output: sharks/HepPer/temp/20250422_CM068678.1_Var_Only.txt
    jobid: 99
    reason: Missing output files: sharks/HepPer/temp/20250422_CM068678.1_Var_Only.txt
    wildcards: CLADE=sharks, SPEC_NAME=HepPer, TODAY_DATE=20250422, CHR=CM068678.1
    resources: tmpdir=/tmp


[Tue Apr 22 14:29:59 2025]
localrule GET_ALN_ONLY_PER_CHROM:
    input: sharks/HepPer/temp/HepPer_Aln_Only.txt
    output: sharks/HepPer/temp/20250422_CM068661.1_Aln_Only.txt
    jobid: 36
    reason: Missing output files: sharks/HepPer/temp/20250422_CM068661.1_Aln_Only.txt
    wildcards: CLADE=sharks, SPEC_NAME=HepPer, TODAY_DATE=20250422, CHR=CM068661.1
    resources: tmpdir=/tmp


[Tue Apr 22 14:29:59 2025]
localrule GET_VAR_ONLY_PER_CHROM:
    input: sharks/HepPer/temp/HepPer_Var_Only.txt
    output: sharks/HepPer/temp/20250422_CM068651.1_Var_Only.txt
    jobid: 72
    reason: Missing output files: sharks/HepPer/temp/20250422_CM068651.1_Var_Only.txt
    wildcards: CLADE=sharks, SPEC_NAME=HepPer, TODAY_DATE=20250422, CHR=CM068651.1
    resources: tmpdir=/tmp


[Tue Apr 22 14:29:59 2025]
localrule GET_VAR_ONLY_PER_CHROM:
    input: sharks/HepPer/temp/HepPer_Var_Only.txt
    output: sharks/HepPer/temp/20250422_CM068644.1_Var_Only.txt
    jobid: 65
    reason: Missing output files: sharks/HepPer/temp/20250422_CM068644.1_Var_Only.txt
    wildcards: CLADE=sharks, SPEC_NAME=HepPer, TODAY_DATE=20250422, CHR=CM068644.1
    resources: tmpdir=/tmp

[Tue Apr 22 14:30:00 2025]
Finished job 51.
31 of 93 steps (33%) done
[Tue Apr 22 14:30:00 2025]
Finished job 44.
32 of 93 steps (34%) done
[Tue Apr 22 14:30:00 2025]
Finished job 15.
33 of 93 steps (35%) done
[Tue Apr 22 14:30:00 2025]
Finished job 31.
34 of 93 steps (37%) done
[Tue Apr 22 14:30:00 2025]
Finished job 20.
35 of 93 steps (38%) done
[Tue Apr 22 14:30:00 2025]
Finished job 40.
36 of 93 steps (39%) done
[Tue Apr 22 14:30:00 2025]
Finished job 13.
37 of 93 steps (40%) done
[Tue Apr 22 14:30:00 2025]
Finished job 41.
38 of 93 steps (41%) done
[Tue Apr 22 14:30:01 2025]
Finished job 34.
39 of 93 steps (42%) done
[Tue Apr 22 14:30:01 2025]
Finished job 35.
40 of 93 steps (43%) done
[Tue Apr 22 14:30:01 2025]
Finished job 14.
41 of 93 steps (44%) done
[Tue Apr 22 14:30:01 2025]
Finished job 43.
42 of 93 steps (45%) done
[Tue Apr 22 14:30:01 2025]
Finished job 36.
43 of 93 steps (46%) done
Select jobs to execute...
Execute 6 jobs...

[Tue Apr 22 14:30:02 2025]
localrule GET_ALN_ONLY_PER_CHROM:
    input: sharks/HepPer/temp/HepPer_Aln_Only.txt
    output: sharks/HepPer/temp/20250422_CM068655.1_Aln_Only.txt
    jobid: 30
    reason: Missing output files: sharks/HepPer/temp/20250422_CM068655.1_Aln_Only.txt
    wildcards: CLADE=sharks, SPEC_NAME=HepPer, TODAY_DATE=20250422, CHR=CM068655.1
    resources: tmpdir=/tmp


[Tue Apr 22 14:30:02 2025]
localrule GET_VAR_ONLY_PER_CHROM:
    input: sharks/HepPer/temp/HepPer_Var_Only.txt
    output: sharks/HepPer/temp/20250422_CM068669.1_Var_Only.txt
    jobid: 90
    reason: Missing output files: sharks/HepPer/temp/20250422_CM068669.1_Var_Only.txt
    wildcards: CLADE=sharks, SPEC_NAME=HepPer, TODAY_DATE=20250422, CHR=CM068669.1
    resources: tmpdir=/tmp


[Tue Apr 22 14:30:02 2025]
localrule GET_ALN_ONLY_PER_CHROM:
    input: sharks/HepPer/temp/HepPer_Aln_Only.txt
    output: sharks/HepPer/temp/20250422_CM068644.1_Aln_Only.txt
    jobid: 19
    reason: Missing output files: sharks/HepPer/temp/20250422_CM068644.1_Aln_Only.txt
    wildcards: CLADE=sharks, SPEC_NAME=HepPer, TODAY_DATE=20250422, CHR=CM068644.1
    resources: tmpdir=/tmp


[Tue Apr 22 14:30:02 2025]
localrule GET_VAR_ONLY_PER_CHROM:
    input: sharks/HepPer/temp/HepPer_Var_Only.txt
    output: sharks/HepPer/temp/20250422_CM068649.1_Var_Only.txt
    jobid: 70
    reason: Missing output files: sharks/HepPer/temp/20250422_CM068649.1_Var_Only.txt
    wildcards: CLADE=sharks, SPEC_NAME=HepPer, TODAY_DATE=20250422, CHR=CM068649.1
    resources: tmpdir=/tmp


[Tue Apr 22 14:30:02 2025]
localrule GET_VAR_ONLY_PER_CHROM:
    input: sharks/HepPer/temp/HepPer_Var_Only.txt
    output: sharks/HepPer/temp/20250422_CM068642.1_Var_Only.txt
    jobid: 63
    reason: Missing output files: sharks/HepPer/temp/20250422_CM068642.1_Var_Only.txt
    wildcards: CLADE=sharks, SPEC_NAME=HepPer, TODAY_DATE=20250422, CHR=CM068642.1
    resources: tmpdir=/tmp


[Tue Apr 22 14:30:02 2025]
localrule GET_ALN_ONLY_PER_CHROM:
    input: sharks/HepPer/temp/HepPer_Aln_Only.txt
    output: sharks/HepPer/temp/20250422_CM068667.1_Aln_Only.txt
    jobid: 42
    reason: Missing output files: sharks/HepPer/temp/20250422_CM068667.1_Aln_Only.txt
    wildcards: CLADE=sharks, SPEC_NAME=HepPer, TODAY_DATE=20250422, CHR=CM068667.1
    resources: tmpdir=/tmp

[Tue Apr 22 14:30:03 2025]
Finished job 30.
44 of 93 steps (47%) done
[Tue Apr 22 14:30:03 2025]
Finished job 19.
45 of 93 steps (48%) done
[Tue Apr 22 14:30:03 2025]
Finished job 42.
46 of 93 steps (49%) done
[Tue Apr 22 14:30:22 2025]
Finished job 93.
47 of 93 steps (51%) done
[Tue Apr 22 14:30:27 2025]
Finished job 80.
48 of 93 steps (52%) done
[Tue Apr 22 14:30:29 2025]
Finished job 66.
49 of 93 steps (53%) done
[Tue Apr 22 14:30:30 2025]
Finished job 73.
50 of 93 steps (54%) done
[Tue Apr 22 14:30:31 2025]
Finished job 74.
51 of 93 steps (55%) done
[Tue Apr 22 14:30:31 2025]
Finished job 94.
52 of 93 steps (56%) done
[Tue Apr 22 14:30:32 2025]
Finished job 101.
53 of 93 steps (57%) done
[Tue Apr 22 14:30:32 2025]
Finished job 81.
54 of 93 steps (58%) done
[Tue Apr 22 14:30:33 2025]
Finished job 102.
55 of 93 steps (59%) done
[Tue Apr 22 14:30:33 2025]
Finished job 95.
56 of 93 steps (60%) done
[Tue Apr 22 14:30:35 2025]
Finished job 67.
57 of 93 steps (61%) done
[Tue Apr 22 14:30:36 2025]
Finished job 75.
58 of 93 steps (62%) done
[Tue Apr 22 14:30:36 2025]
Finished job 88.
59 of 93 steps (63%) done
[Tue Apr 22 14:30:37 2025]
Finished job 83.
60 of 93 steps (65%) done
[Tue Apr 22 14:30:37 2025]
Finished job 103.
61 of 93 steps (66%) done
[Tue Apr 22 14:30:37 2025]
Finished job 82.
62 of 93 steps (67%) done
[Tue Apr 22 14:30:38 2025]
Finished job 76.
63 of 93 steps (68%) done
[Tue Apr 22 14:30:39 2025]
Finished job 61.
64 of 93 steps (69%) done
[Tue Apr 22 14:30:39 2025]
Finished job 79.
65 of 93 steps (70%) done
[Tue Apr 22 14:30:39 2025]
Finished job 84.
66 of 93 steps (71%) done
[Tue Apr 22 14:30:40 2025]
Finished job 85.
67 of 93 steps (72%) done
[Tue Apr 22 14:30:40 2025]
Finished job 92.
68 of 93 steps (73%) done
[Tue Apr 22 14:30:40 2025]
Finished job 77.
69 of 93 steps (74%) done
[Tue Apr 22 14:30:40 2025]
Finished job 78.
70 of 93 steps (75%) done
[Tue Apr 22 14:30:42 2025]
Finished job 58.
71 of 93 steps (76%) done
[Tue Apr 22 14:30:42 2025]
Finished job 60.
72 of 93 steps (77%) done
[Tue Apr 22 14:30:43 2025]
Finished job 86.
73 of 93 steps (78%) done
[Tue Apr 22 14:30:43 2025]
Finished job 96.
74 of 93 steps (80%) done
[Tue Apr 22 14:30:43 2025]
Finished job 98.
75 of 93 steps (81%) done
[Tue Apr 22 14:30:43 2025]
Finished job 100.
76 of 93 steps (82%) done
[Tue Apr 22 14:30:43 2025]
Finished job 99.
77 of 93 steps (83%) done
[Tue Apr 22 14:30:43 2025]
Finished job 97.
78 of 93 steps (84%) done
[Tue Apr 22 14:30:44 2025]
Finished job 87.
79 of 93 steps (85%) done
[Tue Apr 22 14:30:44 2025]
Finished job 59.
80 of 93 steps (86%) done
[Tue Apr 22 14:30:44 2025]
Finished job 65.
81 of 93 steps (87%) done
[Tue Apr 22 14:30:44 2025]
Finished job 89.
82 of 93 steps (88%) done
[Tue Apr 22 14:30:44 2025]
Finished job 91.
83 of 93 steps (89%) done
[Tue Apr 22 14:30:44 2025]
Finished job 62.
84 of 93 steps (90%) done
[Tue Apr 22 14:30:44 2025]
Finished job 71.
85 of 93 steps (91%) done
[Tue Apr 22 14:30:44 2025]
Finished job 64.
86 of 93 steps (92%) done
[Tue Apr 22 14:30:44 2025]
Finished job 68.
87 of 93 steps (94%) done
[Tue Apr 22 14:30:44 2025]
Finished job 63.
88 of 93 steps (95%) done
[Tue Apr 22 14:30:44 2025]
Finished job 69.
89 of 93 steps (96%) done
[Tue Apr 22 14:30:44 2025]
Finished job 90.
90 of 93 steps (97%) done
[Tue Apr 22 14:30:44 2025]
Finished job 72.
91 of 93 steps (98%) done
[Tue Apr 22 14:30:44 2025]
Finished job 70.
92 of 93 steps (99%) done
Select jobs to execute...
Execute 1 jobs...

[Tue Apr 22 14:30:44 2025]
localrule all:
    input: sharks/HepPer/HepPer_FASTGA.chain.fltr.srt.paf, sharks/HepPer/temp/HepPer_Var_Only.txt, sharks/HepPer/temp/HepPer_Aln_Only.txt, sharks/HepPer/temp/20250422_CM068637.1_Aln_Only.txt, sharks/HepPer/temp/20250422_CM068638.1_Aln_Only.txt, sharks/HepPer/temp/20250422_CM068639.1_Aln_Only.txt, sharks/HepPer/temp/20250422_CM068640.1_Aln_Only.txt, sharks/HepPer/temp/20250422_CM068641.1_Aln_Only.txt, sharks/HepPer/temp/20250422_CM068642.1_Aln_Only.txt, sharks/HepPer/temp/20250422_CM068643.1_Aln_Only.txt, sharks/HepPer/temp/20250422_CM068644.1_Aln_Only.txt, sharks/HepPer/temp/20250422_CM068645.1_Aln_Only.txt, sharks/HepPer/temp/20250422_CM068646.1_Aln_Only.txt, sharks/HepPer/temp/20250422_CM068647.1_Aln_Only.txt, sharks/HepPer/temp/20250422_CM068648.1_Aln_Only.txt, sharks/HepPer/temp/20250422_CM068649.1_Aln_Only.txt, sharks/HepPer/temp/20250422_CM068650.1_Aln_Only.txt, sharks/HepPer/temp/20250422_CM068651.1_Aln_Only.txt, sharks/HepPer/temp/20250422_CM068652.1_Aln_Only.txt, sharks/HepPer/temp/20250422_CM068653.1_Aln_Only.txt, sharks/HepPer/temp/20250422_CM068654.1_Aln_Only.txt, sharks/HepPer/temp/20250422_CM068655.1_Aln_Only.txt, sharks/HepPer/temp/20250422_CM068656.1_Aln_Only.txt, sharks/HepPer/temp/20250422_CM068657.1_Aln_Only.txt, sharks/HepPer/temp/20250422_CM068658.1_Aln_Only.txt, sharks/HepPer/temp/20250422_CM068659.1_Aln_Only.txt, sharks/HepPer/temp/20250422_CM068660.1_Aln_Only.txt, sharks/HepPer/temp/20250422_CM068661.1_Aln_Only.txt, sharks/HepPer/temp/20250422_CM068662.1_Aln_Only.txt, sharks/HepPer/temp/20250422_CM068663.1_Aln_Only.txt, sharks/HepPer/temp/20250422_CM068664.1_Aln_Only.txt, sharks/HepPer/temp/20250422_CM068665.1_Aln_Only.txt, sharks/HepPer/temp/20250422_CM068666.1_Aln_Only.txt, sharks/HepPer/temp/20250422_CM068667.1_Aln_Only.txt, sharks/HepPer/temp/20250422_CM068668.1_Aln_Only.txt, sharks/HepPer/temp/20250422_CM068669.1_Aln_Only.txt, sharks/HepPer/temp/20250422_CM068670.1_Aln_Only.txt, sharks/HepPer/temp/20250422_CM068671.1_Aln_Only.txt, sharks/HepPer/temp/20250422_CM068672.1_Aln_Only.txt, sharks/HepPer/temp/20250422_CM068673.1_Aln_Only.txt, sharks/HepPer/temp/20250422_CM068674.1_Aln_Only.txt, sharks/HepPer/temp/20250422_CM068675.1_Aln_Only.txt, sharks/HepPer/temp/20250422_CM068676.1_Aln_Only.txt, sharks/HepPer/temp/20250422_CM068677.1_Aln_Only.txt, sharks/HepPer/temp/20250422_CM068678.1_Aln_Only.txt, sharks/HepPer/temp/20250422_CM068679.1_Aln_Only.txt, sharks/HepPer/temp/20250422_CM068680.1_Aln_Only.txt, sharks/HepPer/temp/20250422_CM068681.1_Aln_Only.txt, sharks/HepPer/temp/20250422_CM068682.1_Aln_Only.txt, sharks/HepPer/temp/20250422_CM068637.1_Var_Only.txt, sharks/HepPer/temp/20250422_CM068638.1_Var_Only.txt, sharks/HepPer/temp/20250422_CM068639.1_Var_Only.txt, sharks/HepPer/temp/20250422_CM068640.1_Var_Only.txt, sharks/HepPer/temp/20250422_CM068641.1_Var_Only.txt, sharks/HepPer/temp/20250422_CM068642.1_Var_Only.txt, sharks/HepPer/temp/20250422_CM068643.1_Var_Only.txt, sharks/HepPer/temp/20250422_CM068644.1_Var_Only.txt, sharks/HepPer/temp/20250422_CM068645.1_Var_Only.txt, sharks/HepPer/temp/20250422_CM068646.1_Var_Only.txt, sharks/HepPer/temp/20250422_CM068647.1_Var_Only.txt, sharks/HepPer/temp/20250422_CM068648.1_Var_Only.txt, sharks/HepPer/temp/20250422_CM068649.1_Var_Only.txt, sharks/HepPer/temp/20250422_CM068650.1_Var_Only.txt, sharks/HepPer/temp/20250422_CM068651.1_Var_Only.txt, sharks/HepPer/temp/20250422_CM068652.1_Var_Only.txt, sharks/HepPer/temp/20250422_CM068653.1_Var_Only.txt, sharks/HepPer/temp/20250422_CM068654.1_Var_Only.txt, sharks/HepPer/temp/20250422_CM068655.1_Var_Only.txt, sharks/HepPer/temp/20250422_CM068656.1_Var_Only.txt, sharks/HepPer/temp/20250422_CM068657.1_Var_Only.txt, sharks/HepPer/temp/20250422_CM068658.1_Var_Only.txt, sharks/HepPer/temp/20250422_CM068659.1_Var_Only.txt, sharks/HepPer/temp/20250422_CM068660.1_Var_Only.txt, sharks/HepPer/temp/20250422_CM068661.1_Var_Only.txt, sharks/HepPer/temp/20250422_CM068662.1_Var_Only.txt, sharks/HepPer/temp/20250422_CM068663.1_Var_Only.txt, sharks/HepPer/temp/20250422_CM068664.1_Var_Only.txt, sharks/HepPer/temp/20250422_CM068665.1_Var_Only.txt, sharks/HepPer/temp/20250422_CM068666.1_Var_Only.txt, sharks/HepPer/temp/20250422_CM068667.1_Var_Only.txt, sharks/HepPer/temp/20250422_CM068668.1_Var_Only.txt, sharks/HepPer/temp/20250422_CM068669.1_Var_Only.txt, sharks/HepPer/temp/20250422_CM068670.1_Var_Only.txt, sharks/HepPer/temp/20250422_CM068671.1_Var_Only.txt, sharks/HepPer/temp/20250422_CM068672.1_Var_Only.txt, sharks/HepPer/temp/20250422_CM068673.1_Var_Only.txt, sharks/HepPer/temp/20250422_CM068674.1_Var_Only.txt, sharks/HepPer/temp/20250422_CM068675.1_Var_Only.txt, sharks/HepPer/temp/20250422_CM068676.1_Var_Only.txt, sharks/HepPer/temp/20250422_CM068677.1_Var_Only.txt, sharks/HepPer/temp/20250422_CM068678.1_Var_Only.txt, sharks/HepPer/temp/20250422_CM068679.1_Var_Only.txt, sharks/HepPer/temp/20250422_CM068680.1_Var_Only.txt, sharks/HepPer/temp/20250422_CM068681.1_Var_Only.txt, sharks/HepPer/temp/20250422_CM068682.1_Var_Only.txt
    jobid: 0
    reason: Input files updated by another job: sharks/HepPer/temp/20250422_CM068639.1_Var_Only.txt, sharks/HepPer/temp/20250422_CM068663.1_Var_Only.txt, sharks/HepPer/temp/20250422_CM068681.1_Var_Only.txt, sharks/HepPer/temp/20250422_CM068641.1_Aln_Only.txt, sharks/HepPer/temp/20250422_CM068650.1_Var_Only.txt, sharks/HepPer/temp/20250422_CM068657.1_Var_Only.txt, sharks/HepPer/temp/20250422_CM068672.1_Aln_Only.txt, sharks/HepPer/temp/20250422_CM068648.1_Var_Only.txt, sharks/HepPer/temp/20250422_CM068648.1_Aln_Only.txt, sharks/HepPer/temp/20250422_CM068637.1_Aln_Only.txt, sharks/HepPer/temp/20250422_CM068676.1_Var_Only.txt, sharks/HepPer/temp/20250422_CM068675.1_Aln_Only.txt, sharks/HepPer/temp/20250422_CM068643.1_Aln_Only.txt, sharks/HepPer/temp/20250422_CM068679.1_Aln_Only.txt, sharks/HepPer/temp/20250422_CM068656.1_Var_Only.txt, sharks/HepPer/temp/20250422_CM068657.1_Aln_Only.txt, sharks/HepPer/temp/20250422_CM068659.1_Aln_Only.txt, sharks/HepPer/temp/20250422_CM068643.1_Var_Only.txt, sharks/HepPer/temp/20250422_CM068662.1_Var_Only.txt, sharks/HepPer/temp/20250422_CM068676.1_Aln_Only.txt, sharks/HepPer/temp/20250422_CM068660.1_Aln_Only.txt, sharks/HepPer/temp/20250422_CM068664.1_Var_Only.txt, sharks/HepPer/temp/20250422_CM068671.1_Var_Only.txt, sharks/HepPer/temp/20250422_CM068678.1_Aln_Only.txt, sharks/HepPer/temp/20250422_CM068672.1_Var_Only.txt, sharks/HepPer/temp/20250422_CM068638.1_Aln_Only.txt, sharks/HepPer/temp/20250422_CM068668.1_Var_Only.txt, sharks/HepPer/temp/20250422_CM068661.1_Var_Only.txt, sharks/HepPer/temp/20250422_CM068650.1_Aln_Only.txt, sharks/HepPer/temp/20250422_CM068674.1_Aln_Only.txt, sharks/HepPer/temp/20250422_CM068645.1_Aln_Only.txt, sharks/HepPer/temp/20250422_CM068644.1_Aln_Only.txt, sharks/HepPer/temp/20250422_CM068651.1_Var_Only.txt, sharks/HepPer/temp/20250422_CM068664.1_Aln_Only.txt, sharks/HepPer/temp/20250422_CM068674.1_Var_Only.txt, sharks/HepPer/temp/20250422_CM068682.1_Aln_Only.txt, sharks/HepPer/temp/20250422_CM068647.1_Var_Only.txt, sharks/HepPer/temp/20250422_CM068678.1_Var_Only.txt, sharks/HepPer/temp/20250422_CM068668.1_Aln_Only.txt, sharks/HepPer/temp/20250422_CM068671.1_Aln_Only.txt, sharks/HepPer/temp/20250422_CM068677.1_Aln_Only.txt, sharks/HepPer/temp/20250422_CM068654.1_Aln_Only.txt, sharks/HepPer/temp/20250422_CM068649.1_Aln_Only.txt, sharks/HepPer/temp/20250422_CM068680.1_Aln_Only.txt, sharks/HepPer/temp/20250422_CM068660.1_Var_Only.txt, sharks/HepPer/temp/20250422_CM068662.1_Aln_Only.txt, sharks/HepPer/temp/20250422_CM068667.1_Var_Only.txt, sharks/HepPer/temp/20250422_CM068656.1_Aln_Only.txt, sharks/HepPer/temp/20250422_CM068670.1_Aln_Only.txt, sharks/HepPer/temp/20250422_CM068665.1_Aln_Only.txt, sharks/HepPer/temp/20250422_CM068639.1_Aln_Only.txt, sharks/HepPer/temp/20250422_CM068645.1_Var_Only.txt, sharks/HepPer/temp/20250422_CM068673.1_Aln_Only.txt, sharks/HepPer/temp/20250422_CM068666.1_Aln_Only.txt, sharks/HepPer/temp/20250422_CM068652.1_Var_Only.txt, sharks/HepPer/temp/20250422_CM068652.1_Aln_Only.txt, sharks/HepPer/temp/20250422_CM068661.1_Aln_Only.txt, sharks/HepPer/temp/20250422_CM068651.1_Aln_Only.txt, sharks/HepPer/temp/20250422_CM068663.1_Aln_Only.txt, sharks/HepPer/temp/20250422_CM068666.1_Var_Only.txt, sharks/HepPer/temp/20250422_CM068658.1_Aln_Only.txt, sharks/HepPer/temp/20250422_CM068681.1_Aln_Only.txt, sharks/HepPer/temp/20250422_CM068667.1_Aln_Only.txt, sharks/HepPer/temp/20250422_CM068646.1_Aln_Only.txt, sharks/HepPer/temp/20250422_CM068670.1_Var_Only.txt, sharks/HepPer/temp/20250422_CM068638.1_Var_Only.txt, sharks/HepPer/temp/20250422_CM068640.1_Aln_Only.txt, sharks/HepPer/temp/20250422_CM068669.1_Aln_Only.txt, sharks/HepPer/temp/20250422_CM068680.1_Var_Only.txt, sharks/HepPer/temp/20250422_CM068655.1_Aln_Only.txt, sharks/HepPer/temp/20250422_CM068677.1_Var_Only.txt, sharks/HepPer/temp/20250422_CM068665.1_Var_Only.txt, sharks/HepPer/temp/20250422_CM068669.1_Var_Only.txt, sharks/HepPer/temp/20250422_CM068653.1_Var_Only.txt, sharks/HepPer/temp/20250422_CM068654.1_Var_Only.txt, sharks/HepPer/temp/20250422_CM068640.1_Var_Only.txt, sharks/HepPer/temp/20250422_CM068659.1_Var_Only.txt, sharks/HepPer/temp/20250422_CM068682.1_Var_Only.txt, sharks/HepPer/temp/20250422_CM068655.1_Var_Only.txt, sharks/HepPer/temp/20250422_CM068641.1_Var_Only.txt, sharks/HepPer/temp/20250422_CM068679.1_Var_Only.txt, sharks/HepPer/temp/20250422_CM068646.1_Var_Only.txt, sharks/HepPer/temp/20250422_CM068649.1_Var_Only.txt, sharks/HepPer/temp/20250422_CM068653.1_Aln_Only.txt, sharks/HepPer/temp/20250422_CM068673.1_Var_Only.txt, sharks/HepPer/temp/20250422_CM068644.1_Var_Only.txt, sharks/HepPer/temp/20250422_CM068647.1_Aln_Only.txt, sharks/HepPer/temp/20250422_CM068637.1_Var_Only.txt, sharks/HepPer/temp/20250422_CM068658.1_Var_Only.txt, sharks/HepPer/temp/20250422_CM068642.1_Aln_Only.txt, sharks/HepPer/temp/20250422_CM068642.1_Var_Only.txt, sharks/HepPer/temp/20250422_CM068675.1_Var_Only.txt
    resources: tmpdir=/tmp

[Tue Apr 22 14:30:44 2025]
Finished job 0.
93 of 93 steps (100%) done
Complete log: .snakemake/log/2025-04-22T142950.261506.snakemake.log
