host: login-q-1
Building DAG of jobs...
IncompleteFilesException:
The files below seem to be incomplete. If you are sure that certain files are not incomplete, mark them as complete with

    snakemake --cleanup-metadata <filenames>

To re-generate the files rerun your command with the --rerun-incomplete flag.
Incomplete files:
sharks/HemOce/20250428_NC_083404.1_het.txt
sharks/HemOce/20250428_NC_083405.1_het.txt
sharks/HemOce/20250428_NC_083420.1_het.txt
sharks/HemOce/20250428_NC_083421.1_het.txt
sharks/HemOce/20250428_NC_083422.1_het.txt
sharks/HemOce/20250428_NC_083426.1_het.txt
sharks/HemOce/20250428_NC_083427.1_het.txt
sharks/HemOce/20250428_NC_083428.1_het.txt
sharks/HemOce/20250428_NC_083433.1_het.txt
sharks/HemOce/20250428_NC_083434.1_het.txt
sharks/HemOce/20250428_NC_083435.1_het.txt
sharks/HemOce/20250428_NC_083442.1_het.txt
sharks/HemOce/20250428_NC_083449.1_het.txt
