host: login-p-2
Building DAG of jobs...
MissingInputException in rule all in file /rds/project/rds-p67MZilb2eQ/projects/VGP/heterozygosity/Snakefile, line 93:
Missing input files for rule all:
    affected files:
        sharks/HepPer/20250422_CM068649.1_GCA_035084215.1_FROH.txt
        sharks/HepPer/20250422_CM068666.1_GCA_035084215.1_FROH.txt
        sharks/HepPer/20250422_CM068678.1_GCA_035084215.1_FROH.txt
        sharks/HepPer/20250422_CM068651.1_GCA_035084215.1_FROH.txt
        sharks/HepPer/20250422_CM068670.1_GCA_035084215.1_FROH.txt
        sharks/HepPer/20250422_CM068672.1_GCA_035084215.1_FROH.txt
        sharks/HepPer/20250422_CM068664.1_GCA_035084215.1_FROH.txt
        sharks/HepPer/20250422_CM068663.1_GCA_035084215.1_FROH.txt
        sharks/HepPer/20250422_CM068681.1_GCA_035084215.1_FROH.txt
        sharks/HepPer/20250422_CM068660.1_GCA_035084215.1_FROH.txt
        sharks/HepPer/20250422_CM068682.1_GCA_035084215.1_FROH.txt
        sharks/HepPer/20250422_CM068640.1_GCA_035084215.1_FROH.txt
        sharks/HepPer/20250422_CM068667.1_GCA_035084215.1_FROH.txt
        sharks/HepPer/20250422_CM068680.1_GCA_035084215.1_FROH.txt
        sharks/HepPer/20250422_CM068669.1_GCA_035084215.1_FROH.txt
        sharks/HepPer/20250422_CM068671.1_GCA_035084215.1_FROH.txt
        sharks/HepPer/20250422_CM068646.1_GCA_035084215.1_FROH.txt
        sharks/HepPer/20250422_CM068641.1_GCA_035084215.1_FROH.txt
        sharks/HepPer/20250422_CM068677.1_GCA_035084215.1_FROH.txt
        sharks/HepPer/20250422_CM068661.1_GCA_035084215.1_FROH.txt
        sharks/HepPer/20250422_CM068668.1_GCA_035084215.1_FROH.txt
        sharks/HepPer/20250422_CM068647.1_GCA_035084215.1_FROH.txt
        sharks/HepPer/20250422_CM068652.1_GCA_035084215.1_FROH.txt
        sharks/HepPer/20250422_CM068657.1_GCA_035084215.1_FROH.txt
        sharks/HepPer/20250422_CM068644.1_GCA_035084215.1_FROH.txt
        sharks/HepPer/20250422_CM068676.1_GCA_035084215.1_FROH.txt
        sharks/HepPer/20250422_CM068643.1_GCA_035084215.1_FROH.txt
        sharks/HepPer/20250422_CM068638.1_GCA_035084215.1_FROH.txt
        sharks/HepPer/20250422_CM068653.1_GCA_035084215.1_FROH.txt
        sharks/HepPer/20250422_CM068662.1_GCA_035084215.1_FROH.txt
        sharks/HepPer/20250422_CM068665.1_GCA_035084215.1_FROH.txt
        sharks/HepPer/20250422_CM068650.1_GCA_035084215.1_FROH.txt
        sharks/HepPer/20250422_CM068655.1_GCA_035084215.1_FROH.txt
        sharks/HepPer/20250422_CM068658.1_GCA_035084215.1_FROH.txt
        sharks/HepPer/20250422_CM068642.1_GCA_035084215.1_FROH.txt
        sharks/HepPer/20250422_CM068654.1_GCA_035084215.1_FROH.txt
        sharks/HepPer/20250422_CM068674.1_GCA_035084215.1_FROH.txt
        sharks/HepPer/20250422_CM068679.1_GCA_035084215.1_FROH.txt
        sharks/HepPer/20250422_CM068648.1_GCA_035084215.1_FROH.txt
        sharks/HepPer/20250422_CM068675.1_GCA_035084215.1_FROH.txt
        sharks/HepPer/20250422_CM068673.1_GCA_035084215.1_FROH.txt
        sharks/HepPer/20250422_CM068639.1_GCA_035084215.1_FROH.txt
        sharks/HepPer/20250422_CM068659.1_GCA_035084215.1_FROH.txt
        sharks/HepPer/20250422_CM068656.1_GCA_035084215.1_FROH.txt
        sharks/HepPer/20250422_CM068645.1_GCA_035084215.1_FROH.txt
        sharks/HepPer/20250422_CM068637.1_GCA_035084215.1_FROH.txt
