host: login-q-1
Building DAG of jobs...
SLURM run ID: a40dc875-c691-4b74-a4c0-5bba5e5e54fc
Using shell: /usr/bin/bash
Provided remote nodes: 50
Job stats:
job              count
-------------  -------
BGZIP_VCF           45
REMOVE_INDELS       45
all                  1
total               91

Select jobs to execute...
Execute 45 jobs...

[Wed May 21 16:38:29 2025]
rule REMOVE_INDELS:
    input: sharks/HepPer/temp/CM068660.1_restructured.vcf.gz
    output: sharks/HepPer/CM068660.1.recode.vcf
    jobid: 503
    reason: Missing output files: sharks/HepPer/CM068660.1.recode.vcf
    wildcards: CLADE=sharks, SPEC_NAME=HepPer, CHROM=CM068660.1
    resources: mem_mb=100000, mem_mib=95368, disk_mb=1000, disk_mib=954, tmpdir=<TBD>, slurm_account=DURBIN-SL2-CPU, slurm_partition=cclake-himem, runtime=120

Job 503 has been submitted with SLURM jobid 9688192 (log: /rds/project/rds-p67MZilb2eQ/projects/VGP/heterozygosity/.snakemake/slurm_logs/rule_REMOVE_INDELS/sharks_HepPer_CM068660.1/9688192.log).

[Wed May 21 16:38:31 2025]
rule REMOVE_INDELS:
    input: sharks/HepPer/temp/CM068653.1_restructured.vcf.gz
    output: sharks/HepPer/CM068653.1.recode.vcf
    jobid: 482
    reason: Missing output files: sharks/HepPer/CM068653.1.recode.vcf
    wildcards: CLADE=sharks, SPEC_NAME=HepPer, CHROM=CM068653.1
    resources: mem_mb=100000, mem_mib=95368, disk_mb=1000, disk_mib=954, tmpdir=<TBD>, slurm_account=DURBIN-SL2-CPU, slurm_partition=cclake-himem, runtime=120

Job 482 has been submitted with SLURM jobid 9688195 (log: /rds/project/rds-p67MZilb2eQ/projects/VGP/heterozygosity/.snakemake/slurm_logs/rule_REMOVE_INDELS/sharks_HepPer_CM068653.1/9688195.log).

[Wed May 21 16:38:34 2025]
rule REMOVE_INDELS:
    input: sharks/HepPer/temp/CM068646.1_restructured.vcf.gz
    output: sharks/HepPer/CM068646.1.recode.vcf
    jobid: 461
    reason: Missing output files: sharks/HepPer/CM068646.1.recode.vcf
    wildcards: CLADE=sharks, SPEC_NAME=HepPer, CHROM=CM068646.1
    resources: mem_mb=100000, mem_mib=95368, disk_mb=1000, disk_mib=954, tmpdir=<TBD>, slurm_account=DURBIN-SL2-CPU, slurm_partition=cclake-himem, runtime=120

