host: login-q-1
Building DAG of jobs...
SLURM run ID: 8a9ea7d2-2c98-4cc0-84d4-bce6239d2fc8
Using shell: /usr/bin/bash
Provided remote nodes: 50
Job stats:
job              count
-------------  -------
BGZIP_VCF           32
REMOVE_INDELS       32
all                  1
total               65

Select jobs to execute...
Execute 32 jobs...

[Wed May 21 16:38:25 2025]
rule REMOVE_INDELS:
    input: sharks/MobBir/temp/CM057571.1_restructured.vcf.gz
    output: sharks/MobBir/CM057571.1.recode.vcf
    jobid: 362
    reason: Missing output files: sharks/MobBir/CM057571.1.recode.vcf
    wildcards: CLADE=sharks, SPEC_NAME=MobBir, CHROM=CM057571.1
    resources: mem_mb=100000, mem_mib=95368, disk_mb=1000, disk_mib=954, tmpdir=<TBD>, slurm_account=DURBIN-SL2-CPU, slurm_partition=cclake-himem, runtime=120

Job 362 has been submitted with SLURM jobid 9688183 (log: /rds/project/rds-p67MZilb2eQ/projects/VGP/heterozygosity/.snakemake/slurm_logs/rule_REMOVE_INDELS/sharks_MobBir_CM057571.1/9688183.log).

[Wed May 21 16:38:26 2025]
rule REMOVE_INDELS:
    input: sharks/MobBir/temp/CM057564.1_restructured.vcf.gz
    output: sharks/MobBir/CM057564.1.recode.vcf
    jobid: 341
    reason: Missing output files: sharks/MobBir/CM057564.1.recode.vcf
    wildcards: CLADE=sharks, SPEC_NAME=MobBir, CHROM=CM057564.1
    resources: mem_mb=100000, mem_mib=95368, disk_mb=1000, disk_mib=954, tmpdir=<TBD>, slurm_account=DURBIN-SL2-CPU, slurm_partition=cclake-himem, runtime=120

Job 341 has been submitted with SLURM jobid 9688187 (log: /rds/project/rds-p67MZilb2eQ/projects/VGP/heterozygosity/.snakemake/slurm_logs/rule_REMOVE_INDELS/sharks_MobBir_CM057564.1/9688187.log).

[Wed May 21 16:38:29 2025]
rule REMOVE_INDELS:
    input: sharks/MobBir/temp/CM057557.1_restructured.vcf.gz
    output: sharks/MobBir/CM057557.1.recode.vcf
    jobid: 320
    reason: Missing output files: sharks/MobBir/CM057557.1.recode.vcf
    wildcards: CLADE=sharks, SPEC_NAME=MobBir, CHROM=CM057557.1
    resources: mem_mb=100000, mem_mib=95368, disk_mb=1000, disk_mib=954, tmpdir=<TBD>, slurm_account=DURBIN-SL2-CPU, slurm_partition=cclake-himem, runtime=120

Job 320 has been submitted with SLURM jobid 9688193 (log: /rds/project/rds-p67MZilb2eQ/projects/VGP/heterozygosity/.snakemake/slurm_logs/rule_REMOVE_INDELS/sharks_MobBir_CM057557.1/9688193.log).

[Wed May 21 16:38:31 2025]
rule REMOVE_INDELS:
    input: sharks/MobBir/temp/CM057586.1_restructured.vcf.gz
    output: sharks/MobBir/CM057586.1.recode.vcf
    jobid: 407
    reason: Missing output files: sharks/MobBir/CM057586.1.recode.vcf
    wildcards: CLADE=sharks, SPEC_NAME=MobBir, CHROM=CM057586.1
    resources: mem_mb=100000, mem_mib=95368, disk_mb=1000, disk_mib=954, tmpdir=<TBD>, slurm_account=DURBIN-SL2-CPU, slurm_partition=cclake-himem, runtime=120

Job 407 has been submitted with SLURM jobid 9688197 (log: /rds/project/rds-p67MZilb2eQ/projects/VGP/heterozygosity/.snakemake/slurm_logs/rule_REMOVE_INDELS/sharks_MobBir_CM057586.1/9688197.log).

[Wed May 21 16:38:34 2025]
rule REMOVE_INDELS:
    input: sharks/MobBir/temp/CM057579.1_restructured.vcf.gz
    output: sharks/MobBir/CM057579.1.recode.vcf
    jobid: 386
    reason: Missing output files: sharks/MobBir/CM057579.1.recode.vcf
    wildcards: CLADE=sharks, SPEC_NAME=MobBir, CHROM=CM057579.1
    resources: mem_mb=100000, mem_mib=95368, disk_mb=1000, disk_mib=954, tmpdir=<TBD>, slurm_account=DURBIN-SL2-CPU, slurm_partition=cclake-himem, runtime=120

Job 386 has been submitted with SLURM jobid 9688204 (log: /rds/project/rds-p67MZilb2eQ/projects/VGP/heterozygosity/.snakemake/slurm_logs/rule_REMOVE_INDELS/sharks_MobBir_CM057579.1/9688204.log).

[Wed May 21 16:38:37 2025]
rule REMOVE_INDELS:
    input: sharks/MobBir/temp/CM057572.1_restructured.vcf.gz
    output: sharks/MobBir/CM057572.1.recode.vcf
    jobid: 365
    reason: Missing output files: sharks/MobBir/CM057572.1.recode.vcf
    wildcards: CLADE=sharks, SPEC_NAME=MobBir, CHROM=CM057572.1
    resources: mem_mb=100000, mem_mib=95368, disk_mb=1000, disk_mib=954, tmpdir=<TBD>, slurm_account=DURBIN-SL2-CPU, slurm_partition=cclake-himem, runtime=120

Job 365 has been submitted with SLURM jobid 9688208 (log: /rds/project/rds-p67MZilb2eQ/projects/VGP/heterozygosity/.snakemake/slurm_logs/rule_REMOVE_INDELS/sharks_MobBir_CM057572.1/9688208.log).

[Wed May 21 16:38:37 2025]
rule REMOVE_INDELS:
    input: sharks/MobBir/temp/CM057565.1_restructured.vcf.gz
    output: sharks/MobBir/CM057565.1.recode.vcf
    jobid: 344
    reason: Missing output files: sharks/MobBir/CM057565.1.recode.vcf
    wildcards: CLADE=sharks, SPEC_NAME=MobBir, CHROM=CM057565.1
    resources: mem_mb=100000, mem_mib=95368, disk_mb=1000, disk_mib=954, tmpdir=<TBD>, slurm_account=DURBIN-SL2-CPU, slurm_partition=cclake-himem, runtime=120

