host: login-q-1
Building DAG of jobs...
SLURM run ID: d523d111-6fed-4203-961b-c41e7f256402
Using shell: /usr/bin/bash
Provided remote nodes: 30
Job stats:
job                      count
---------------------  -------
GEN_ROH_NEGATIVE_MASK       40
all                          1
total                       41

Select jobs to execute...
Execute 30 jobs...

[Wed May 28 16:25:54 2025]
rule GEN_ROH_NEGATIVE_MASK:
    input: sharks/HydCol/20250410_CM068747.1_ROH_Results.txt
    output: sharks/HydCol/MSMC/ROH_Negative_Mask/HydCol_CM068747.1_ROH_Mask.bed.gz
    jobid: 344
    reason: Missing output files: sharks/HydCol/MSMC/ROH_Negative_Mask/HydCol_CM068747.1_ROH_Mask.bed.gz
    wildcards: CLADE=sharks, SPEC_NAME=HydCol, CHROM=CM068747.1
    resources: mem_mb=10000, mem_mib=9537, disk_mb=1000, disk_mib=954, tmpdir=<TBD>, slurm_account=DURBIN-SL2-CPU, slurm_partition=cclake-himem, runtime=60

Job 344 has been submitted with SLURM jobid 10033584 (log: /rds/project/rds-p67MZilb2eQ/projects/VGP/heterozygosity/.snakemake/slurm_logs/rule_GEN_ROH_NEGATIVE_MASK/sharks_HydCol_CM068747.1/10033584.log).

[Wed May 28 16:25:55 2025]
rule GEN_ROH_NEGATIVE_MASK:
    input: sharks/HydCol/20250410_CM068769.1_ROH_Results.txt
    output: sharks/HydCol/MSMC/ROH_Negative_Mask/HydCol_CM068769.1_ROH_Mask.bed.gz
    jobid: 366
    reason: Missing output files: sharks/HydCol/MSMC/ROH_Negative_Mask/HydCol_CM068769.1_ROH_Mask.bed.gz
    wildcards: CLADE=sharks, SPEC_NAME=HydCol, CHROM=CM068769.1
    resources: mem_mb=10000, mem_mib=9537, disk_mb=1000, disk_mib=954, tmpdir=<TBD>, slurm_account=DURBIN-SL2-CPU, slurm_partition=cclake-himem, runtime=60

Job 366 has been submitted with SLURM jobid 10033585 (log: /rds/project/rds-p67MZilb2eQ/projects/VGP/heterozygosity/.snakemake/slurm_logs/rule_GEN_ROH_NEGATIVE_MASK/sharks_HydCol_CM068769.1/10033585.log).

[Wed May 28 16:25:55 2025]
rule GEN_ROH_NEGATIVE_MASK:
    input: sharks/HydCol/20250410_CM068762.1_ROH_Results.txt
    output: sharks/HydCol/MSMC/ROH_Negative_Mask/HydCol_CM068762.1_ROH_Mask.bed.gz
    jobid: 359
    reason: Missing output files: sharks/HydCol/MSMC/ROH_Negative_Mask/HydCol_CM068762.1_ROH_Mask.bed.gz
    wildcards: CLADE=sharks, SPEC_NAME=HydCol, CHROM=CM068762.1
    resources: mem_mb=10000, mem_mib=9537, disk_mb=1000, disk_mib=954, tmpdir=<TBD>, slurm_account=DURBIN-SL2-CPU, slurm_partition=cclake-himem, runtime=60

Job 359 has been submitted with SLURM jobid 10033586 (log: /rds/project/rds-p67MZilb2eQ/projects/VGP/heterozygosity/.snakemake/slurm_logs/rule_GEN_ROH_NEGATIVE_MASK/sharks_HydCol_CM068762.1/10033586.log).

[Wed May 28 16:25:55 2025]
rule GEN_ROH_NEGATIVE_MASK:
    input: sharks/HydCol/20250410_CM068755.1_ROH_Results.txt
    output: sharks/HydCol/MSMC/ROH_Negative_Mask/HydCol_CM068755.1_ROH_Mask.bed.gz
    jobid: 352
    reason: Missing output files: sharks/HydCol/MSMC/ROH_Negative_Mask/HydCol_CM068755.1_ROH_Mask.bed.gz
    wildcards: CLADE=sharks, SPEC_NAME=HydCol, CHROM=CM068755.1
    resources: mem_mb=10000, mem_mib=9537, disk_mb=1000, disk_mib=954, tmpdir=<TBD>, slurm_account=DURBIN-SL2-CPU, slurm_partition=cclake-himem, runtime=60

Job 352 has been submitted with SLURM jobid 10033587 (log: /rds/project/rds-p67MZilb2eQ/projects/VGP/heterozygosity/.snakemake/slurm_logs/rule_GEN_ROH_NEGATIVE_MASK/sharks_HydCol_CM068755.1/10033587.log).

[Wed May 28 16:25:55 2025]
rule GEN_ROH_NEGATIVE_MASK:
    input: sharks/HydCol/20250410_CM068748.1_ROH_Results.txt
    output: sharks/HydCol/MSMC/ROH_Negative_Mask/HydCol_CM068748.1_ROH_Mask.bed.gz
    jobid: 345
    reason: Missing output files: sharks/HydCol/MSMC/ROH_Negative_Mask/HydCol_CM068748.1_ROH_Mask.bed.gz
    wildcards: CLADE=sharks, SPEC_NAME=HydCol, CHROM=CM068748.1
    resources: mem_mb=10000, mem_mib=9537, disk_mb=1000, disk_mib=954, tmpdir=<TBD>, slurm_account=DURBIN-SL2-CPU, slurm_partition=cclake-himem, runtime=60

Job 345 has been submitted with SLURM jobid 10033588 (log: /rds/project/rds-p67MZilb2eQ/projects/VGP/heterozygosity/.snakemake/slurm_logs/rule_GEN_ROH_NEGATIVE_MASK/sharks_HydCol_CM068748.1/10033588.log).

[Wed May 28 16:25:56 2025]
rule GEN_ROH_NEGATIVE_MASK:
    input: sharks/HydCol/20250410_CM068777.1_ROH_Results.txt
    output: sharks/HydCol/MSMC/ROH_Negative_Mask/HydCol_CM068777.1_ROH_Mask.bed.gz
    jobid: 374
    reason: Missing output files: sharks/HydCol/MSMC/ROH_Negative_Mask/HydCol_CM068777.1_ROH_Mask.bed.gz
    wildcards: CLADE=sharks, SPEC_NAME=HydCol, CHROM=CM068777.1
    resources: mem_mb=10000, mem_mib=9537, disk_mb=1000, disk_mib=954, tmpdir=<TBD>, slurm_account=DURBIN-SL2-CPU, slurm_partition=cclake-himem, runtime=60

Job 374 has been submitted with SLURM jobid 10033589 (log: /rds/project/rds-p67MZilb2eQ/projects/VGP/heterozygosity/.snakemake/slurm_logs/rule_GEN_ROH_NEGATIVE_MASK/sharks_HydCol_CM068777.1/10033589.log).

[Wed May 28 16:25:56 2025]
rule GEN_ROH_NEGATIVE_MASK:
    input: sharks/HydCol/20250410_CM068770.1_ROH_Results.txt
    output: sharks/HydCol/MSMC/ROH_Negative_Mask/HydCol_CM068770.1_ROH_Mask.bed.gz
    jobid: 367
    reason: Missing output files: sharks/HydCol/MSMC/ROH_Negative_Mask/HydCol_CM068770.1_ROH_Mask.bed.gz
    wildcards: CLADE=sharks, SPEC_NAME=HydCol, CHROM=CM068770.1
    resources: mem_mb=10000, mem_mib=9537, disk_mb=1000, disk_mib=954, tmpdir=<TBD>, slurm_account=DURBIN-SL2-CPU, slurm_partition=cclake-himem, runtime=60

Job 367 has been submitted with SLURM jobid 10033590 (log: /rds/project/rds-p67MZilb2eQ/projects/VGP/heterozygosity/.snakemake/slurm_logs/rule_GEN_ROH_NEGATIVE_MASK/sharks_HydCol_CM068770.1/10033590.log).

[Wed May 28 16:25:56 2025]
rule GEN_ROH_NEGATIVE_MASK:
    input: sharks/HydCol/20250410_CM068763.1_ROH_Results.txt
    output: sharks/HydCol/MSMC/ROH_Negative_Mask/HydCol_CM068763.1_ROH_Mask.bed.gz
    jobid: 360
    reason: Missing output files: sharks/HydCol/MSMC/ROH_Negative_Mask/HydCol_CM068763.1_ROH_Mask.bed.gz
    wildcards: CLADE=sharks, SPEC_NAME=HydCol, CHROM=CM068763.1
    resources: mem_mb=10000, mem_mib=9537, disk_mb=1000, disk_mib=954, tmpdir=<TBD>, slurm_account=DURBIN-SL2-CPU, slurm_partition=cclake-himem, runtime=60

Job 360 has been submitted with SLURM jobid 10033591 (log: /rds/project/rds-p67MZilb2eQ/projects/VGP/heterozygosity/.snakemake/slurm_logs/rule_GEN_ROH_NEGATIVE_MASK/sharks_HydCol_CM068763.1/10033591.log).

[Wed May 28 16:25:56 2025]
rule GEN_ROH_NEGATIVE_MASK:
    input: sharks/HydCol/20250410_CM068756.1_ROH_Results.txt
    output: sharks/HydCol/MSMC/ROH_Negative_Mask/HydCol_CM068756.1_ROH_Mask.bed.gz
    jobid: 353
    reason: Missing output files: sharks/HydCol/MSMC/ROH_Negative_Mask/HydCol_CM068756.1_ROH_Mask.bed.gz
    wildcards: CLADE=sharks, SPEC_NAME=HydCol, CHROM=CM068756.1
    resources: mem_mb=10000, mem_mib=9537, disk_mb=1000, disk_mib=954, tmpdir=<TBD>, slurm_account=DURBIN-SL2-CPU, slurm_partition=cclake-himem, runtime=60

Job 353 has been submitted with SLURM jobid 10033592 (log: /rds/project/rds-p67MZilb2eQ/projects/VGP/heterozygosity/.snakemake/slurm_logs/rule_GEN_ROH_NEGATIVE_MASK/sharks_HydCol_CM068756.1/10033592.log).

[Wed May 28 16:25:56 2025]
rule GEN_ROH_NEGATIVE_MASK:
    input: sharks/HydCol/20250410_CM068749.1_ROH_Results.txt
    output: sharks/HydCol/MSMC/ROH_Negative_Mask/HydCol_CM068749.1_ROH_Mask.bed.gz
    jobid: 346
    reason: Missing output files: sharks/HydCol/MSMC/ROH_Negative_Mask/HydCol_CM068749.1_ROH_Mask.bed.gz
    wildcards: CLADE=sharks, SPEC_NAME=HydCol, CHROM=CM068749.1
    resources: mem_mb=10000, mem_mib=9537, disk_mb=1000, disk_mib=954, tmpdir=<TBD>, slurm_account=DURBIN-SL2-CPU, slurm_partition=cclake-himem, runtime=60

Job 346 has been submitted with SLURM jobid 10033593 (log: /rds/project/rds-p67MZilb2eQ/projects/VGP/heterozygosity/.snakemake/slurm_logs/rule_GEN_ROH_NEGATIVE_MASK/sharks_HydCol_CM068749.1/10033593.log).

[Wed May 28 16:25:57 2025]
rule GEN_ROH_NEGATIVE_MASK:
    input: sharks/HydCol/20250410_CM068742.1_ROH_Results.txt
    output: sharks/HydCol/MSMC/ROH_Negative_Mask/HydCol_CM068742.1_ROH_Mask.bed.gz
    jobid: 339
    reason: Missing output files: sharks/HydCol/MSMC/ROH_Negative_Mask/HydCol_CM068742.1_ROH_Mask.bed.gz
    wildcards: CLADE=sharks, SPEC_NAME=HydCol, CHROM=CM068742.1
    resources: mem_mb=10000, mem_mib=9537, disk_mb=1000, disk_mib=954, tmpdir=<TBD>, slurm_account=DURBIN-SL2-CPU, slurm_partition=cclake-himem, runtime=60

Job 339 has been submitted with SLURM jobid 10033594 (log: /rds/project/rds-p67MZilb2eQ/projects/VGP/heterozygosity/.snakemake/slurm_logs/rule_GEN_ROH_NEGATIVE_MASK/sharks_HydCol_CM068742.1/10033594.log).

[Wed May 28 16:25:57 2025]
rule GEN_ROH_NEGATIVE_MASK:
    input: sharks/HydCol/20250410_CM068778.1_ROH_Results.txt
    output: sharks/HydCol/MSMC/ROH_Negative_Mask/HydCol_CM068778.1_ROH_Mask.bed.gz
    jobid: 375
    reason: Missing output files: sharks/HydCol/MSMC/ROH_Negative_Mask/HydCol_CM068778.1_ROH_Mask.bed.gz
    wildcards: CLADE=sharks, SPEC_NAME=HydCol, CHROM=CM068778.1
    resources: mem_mb=10000, mem_mib=9537, disk_mb=1000, disk_mib=954, tmpdir=<TBD>, slurm_account=DURBIN-SL2-CPU, slurm_partition=cclake-himem, runtime=60

Job 375 has been submitted with SLURM jobid 10033595 (log: /rds/project/rds-p67MZilb2eQ/projects/VGP/heterozygosity/.snakemake/slurm_logs/rule_GEN_ROH_NEGATIVE_MASK/sharks_HydCol_CM068778.1/10033595.log).

[Wed May 28 16:25:57 2025]
rule GEN_ROH_NEGATIVE_MASK:
    input: sharks/HydCol/20250410_CM068771.1_ROH_Results.txt
    output: sharks/HydCol/MSMC/ROH_Negative_Mask/HydCol_CM068771.1_ROH_Mask.bed.gz
    jobid: 368
    reason: Missing output files: sharks/HydCol/MSMC/ROH_Negative_Mask/HydCol_CM068771.1_ROH_Mask.bed.gz
    wildcards: CLADE=sharks, SPEC_NAME=HydCol, CHROM=CM068771.1
    resources: mem_mb=10000, mem_mib=9537, disk_mb=1000, disk_mib=954, tmpdir=<TBD>, slurm_account=DURBIN-SL2-CPU, slurm_partition=cclake-himem, runtime=60

Job 368 has been submitted with SLURM jobid 10033596 (log: /rds/project/rds-p67MZilb2eQ/projects/VGP/heterozygosity/.snakemake/slurm_logs/rule_GEN_ROH_NEGATIVE_MASK/sharks_HydCol_CM068771.1/10033596.log).

[Wed May 28 16:25:57 2025]
rule GEN_ROH_NEGATIVE_MASK:
    input: sharks/HydCol/20250410_CM068764.1_ROH_Results.txt
    output: sharks/HydCol/MSMC/ROH_Negative_Mask/HydCol_CM068764.1_ROH_Mask.bed.gz
    jobid: 361
    reason: Missing output files: sharks/HydCol/MSMC/ROH_Negative_Mask/HydCol_CM068764.1_ROH_Mask.bed.gz
    wildcards: CLADE=sharks, SPEC_NAME=HydCol, CHROM=CM068764.1
    resources: mem_mb=10000, mem_mib=9537, disk_mb=1000, disk_mib=954, tmpdir=<TBD>, slurm_account=DURBIN-SL2-CPU, slurm_partition=cclake-himem, runtime=60

Job 361 has been submitted with SLURM jobid 10033597 (log: /rds/project/rds-p67MZilb2eQ/projects/VGP/heterozygosity/.snakemake/slurm_logs/rule_GEN_ROH_NEGATIVE_MASK/sharks_HydCol_CM068764.1/10033597.log).

[Wed May 28 16:25:57 2025]
rule GEN_ROH_NEGATIVE_MASK:
    input: sharks/HydCol/20250410_CM068757.1_ROH_Results.txt
    output: sharks/HydCol/MSMC/ROH_Negative_Mask/HydCol_CM068757.1_ROH_Mask.bed.gz
    jobid: 354
    reason: Missing output files: sharks/HydCol/MSMC/ROH_Negative_Mask/HydCol_CM068757.1_ROH_Mask.bed.gz
    wildcards: CLADE=sharks, SPEC_NAME=HydCol, CHROM=CM068757.1
    resources: mem_mb=10000, mem_mib=9537, disk_mb=1000, disk_mib=954, tmpdir=<TBD>, slurm_account=DURBIN-SL2-CPU, slurm_partition=cclake-himem, runtime=60

Job 354 has been submitted with SLURM jobid 10033598 (log: /rds/project/rds-p67MZilb2eQ/projects/VGP/heterozygosity/.snakemake/slurm_logs/rule_GEN_ROH_NEGATIVE_MASK/sharks_HydCol_CM068757.1/10033598.log).

[Wed May 28 16:25:58 2025]
rule GEN_ROH_NEGATIVE_MASK:
    input: sharks/HydCol/20250410_CM068750.1_ROH_Results.txt
    output: sharks/HydCol/MSMC/ROH_Negative_Mask/HydCol_CM068750.1_ROH_Mask.bed.gz
    jobid: 347
    reason: Missing output files: sharks/HydCol/MSMC/ROH_Negative_Mask/HydCol_CM068750.1_ROH_Mask.bed.gz
    wildcards: CLADE=sharks, SPEC_NAME=HydCol, CHROM=CM068750.1
    resources: mem_mb=10000, mem_mib=9537, disk_mb=1000, disk_mib=954, tmpdir=<TBD>, slurm_account=DURBIN-SL2-CPU, slurm_partition=cclake-himem, runtime=60

Job 347 has been submitted with SLURM jobid 10033599 (log: /rds/project/rds-p67MZilb2eQ/projects/VGP/heterozygosity/.snakemake/slurm_logs/rule_GEN_ROH_NEGATIVE_MASK/sharks_HydCol_CM068750.1/10033599.log).

[Wed May 28 16:25:58 2025]
rule GEN_ROH_NEGATIVE_MASK:
    input: sharks/HydCol/20250410_CM068743.1_ROH_Results.txt
    output: sharks/HydCol/MSMC/ROH_Negative_Mask/HydCol_CM068743.1_ROH_Mask.bed.gz
    jobid: 340
    reason: Missing output files: sharks/HydCol/MSMC/ROH_Negative_Mask/HydCol_CM068743.1_ROH_Mask.bed.gz
    wildcards: CLADE=sharks, SPEC_NAME=HydCol, CHROM=CM068743.1
    resources: mem_mb=10000, mem_mib=9537, disk_mb=1000, disk_mib=954, tmpdir=<TBD>, slurm_account=DURBIN-SL2-CPU, slurm_partition=cclake-himem, runtime=60

Job 340 has been submitted with SLURM jobid 10033600 (log: /rds/project/rds-p67MZilb2eQ/projects/VGP/heterozygosity/.snakemake/slurm_logs/rule_GEN_ROH_NEGATIVE_MASK/sharks_HydCol_CM068743.1/10033600.log).

[Wed May 28 16:25:58 2025]
rule GEN_ROH_NEGATIVE_MASK:
    input: sharks/HydCol/20250410_CM068766.1_ROH_Results.txt
    output: sharks/HydCol/MSMC/ROH_Negative_Mask/HydCol_CM068766.1_ROH_Mask.bed.gz
    jobid: 363
    reason: Missing output files: sharks/HydCol/MSMC/ROH_Negative_Mask/HydCol_CM068766.1_ROH_Mask.bed.gz
    wildcards: CLADE=sharks, SPEC_NAME=HydCol, CHROM=CM068766.1
    resources: mem_mb=10000, mem_mib=9537, disk_mb=1000, disk_mib=954, tmpdir=<TBD>, slurm_account=DURBIN-SL2-CPU, slurm_partition=cclake-himem, runtime=60

Job 363 has been submitted with SLURM jobid 10033601 (log: /rds/project/rds-p67MZilb2eQ/projects/VGP/heterozygosity/.snakemake/slurm_logs/rule_GEN_ROH_NEGATIVE_MASK/sharks_HydCol_CM068766.1/10033601.log).

[Wed May 28 16:25:58 2025]
rule GEN_ROH_NEGATIVE_MASK:
    input: sharks/HydCol/20250410_CM068759.1_ROH_Results.txt
    output: sharks/HydCol/MSMC/ROH_Negative_Mask/HydCol_CM068759.1_ROH_Mask.bed.gz
    jobid: 356
    reason: Missing output files: sharks/HydCol/MSMC/ROH_Negative_Mask/HydCol_CM068759.1_ROH_Mask.bed.gz
    wildcards: CLADE=sharks, SPEC_NAME=HydCol, CHROM=CM068759.1
    resources: mem_mb=10000, mem_mib=9537, disk_mb=1000, disk_mib=954, tmpdir=<TBD>, slurm_account=DURBIN-SL2-CPU, slurm_partition=cclake-himem, runtime=60

Job 356 has been submitted with SLURM jobid 10033602 (log: /rds/project/rds-p67MZilb2eQ/projects/VGP/heterozygosity/.snakemake/slurm_logs/rule_GEN_ROH_NEGATIVE_MASK/sharks_HydCol_CM068759.1/10033602.log).

[Wed May 28 16:25:58 2025]
rule GEN_ROH_NEGATIVE_MASK:
    input: sharks/HydCol/20250410_CM068752.1_ROH_Results.txt
    output: sharks/HydCol/MSMC/ROH_Negative_Mask/HydCol_CM068752.1_ROH_Mask.bed.gz
    jobid: 349
    reason: Missing output files: sharks/HydCol/MSMC/ROH_Negative_Mask/HydCol_CM068752.1_ROH_Mask.bed.gz
    wildcards: CLADE=sharks, SPEC_NAME=HydCol, CHROM=CM068752.1
    resources: mem_mb=10000, mem_mib=9537, disk_mb=1000, disk_mib=954, tmpdir=<TBD>, slurm_account=DURBIN-SL2-CPU, slurm_partition=cclake-himem, runtime=60

Job 349 has been submitted with SLURM jobid 10033603 (log: /rds/project/rds-p67MZilb2eQ/projects/VGP/heterozygosity/.snakemake/slurm_logs/rule_GEN_ROH_NEGATIVE_MASK/sharks_HydCol_CM068752.1/10033603.log).

[Wed May 28 16:25:59 2025]
rule GEN_ROH_NEGATIVE_MASK:
    input: sharks/HydCol/20250410_CM068745.1_ROH_Results.txt
    output: sharks/HydCol/MSMC/ROH_Negative_Mask/HydCol_CM068745.1_ROH_Mask.bed.gz
    jobid: 342
    reason: Missing output files: sharks/HydCol/MSMC/ROH_Negative_Mask/HydCol_CM068745.1_ROH_Mask.bed.gz
    wildcards: CLADE=sharks, SPEC_NAME=HydCol, CHROM=CM068745.1
    resources: mem_mb=10000, mem_mib=9537, disk_mb=1000, disk_mib=954, tmpdir=<TBD>, slurm_account=DURBIN-SL2-CPU, slurm_partition=cclake-himem, runtime=60

Job 342 has been submitted with SLURM jobid 10033604 (log: /rds/project/rds-p67MZilb2eQ/projects/VGP/heterozygosity/.snakemake/slurm_logs/rule_GEN_ROH_NEGATIVE_MASK/sharks_HydCol_CM068745.1/10033604.log).

[Wed May 28 16:25:59 2025]
rule GEN_ROH_NEGATIVE_MASK:
    input: sharks/HydCol/20250410_CM068781.1_ROH_Results.txt
    output: sharks/HydCol/MSMC/ROH_Negative_Mask/HydCol_CM068781.1_ROH_Mask.bed.gz
    jobid: 378
    reason: Missing output files: sharks/HydCol/MSMC/ROH_Negative_Mask/HydCol_CM068781.1_ROH_Mask.bed.gz
    wildcards: CLADE=sharks, SPEC_NAME=HydCol, CHROM=CM068781.1
    resources: mem_mb=10000, mem_mib=9537, disk_mb=1000, disk_mib=954, tmpdir=<TBD>, slurm_account=DURBIN-SL2-CPU, slurm_partition=cclake-himem, runtime=60

Job 378 has been submitted with SLURM jobid 10033605 (log: /rds/project/rds-p67MZilb2eQ/projects/VGP/heterozygosity/.snakemake/slurm_logs/rule_GEN_ROH_NEGATIVE_MASK/sharks_HydCol_CM068781.1/10033605.log).

[Wed May 28 16:25:59 2025]
rule GEN_ROH_NEGATIVE_MASK:
    input: sharks/HydCol/20250410_CM068774.1_ROH_Results.txt
    output: sharks/HydCol/MSMC/ROH_Negative_Mask/HydCol_CM068774.1_ROH_Mask.bed.gz
    jobid: 371
    reason: Missing output files: sharks/HydCol/MSMC/ROH_Negative_Mask/HydCol_CM068774.1_ROH_Mask.bed.gz
    wildcards: CLADE=sharks, SPEC_NAME=HydCol, CHROM=CM068774.1
    resources: mem_mb=10000, mem_mib=9537, disk_mb=1000, disk_mib=954, tmpdir=<TBD>, slurm_account=DURBIN-SL2-CPU, slurm_partition=cclake-himem, runtime=60

Job 371 has been submitted with SLURM jobid 10033606 (log: /rds/project/rds-p67MZilb2eQ/projects/VGP/heterozygosity/.snakemake/slurm_logs/rule_GEN_ROH_NEGATIVE_MASK/sharks_HydCol_CM068774.1/10033606.log).

[Wed May 28 16:25:59 2025]
rule GEN_ROH_NEGATIVE_MASK:
    input: sharks/HydCol/20250410_CM068767.1_ROH_Results.txt
    output: sharks/HydCol/MSMC/ROH_Negative_Mask/HydCol_CM068767.1_ROH_Mask.bed.gz
    jobid: 364
    reason: Missing output files: sharks/HydCol/MSMC/ROH_Negative_Mask/HydCol_CM068767.1_ROH_Mask.bed.gz
    wildcards: CLADE=sharks, SPEC_NAME=HydCol, CHROM=CM068767.1
    resources: mem_mb=10000, mem_mib=9537, disk_mb=1000, disk_mib=954, tmpdir=<TBD>, slurm_account=DURBIN-SL2-CPU, slurm_partition=cclake-himem, runtime=60

Job 364 has been submitted with SLURM jobid 10033607 (log: /rds/project/rds-p67MZilb2eQ/projects/VGP/heterozygosity/.snakemake/slurm_logs/rule_GEN_ROH_NEGATIVE_MASK/sharks_HydCol_CM068767.1/10033607.log).

[Wed May 28 16:26:00 2025]
rule GEN_ROH_NEGATIVE_MASK:
    input: sharks/HydCol/20250410_CM068760.1_ROH_Results.txt
    output: sharks/HydCol/MSMC/ROH_Negative_Mask/HydCol_CM068760.1_ROH_Mask.bed.gz
    jobid: 357
    reason: Missing output files: sharks/HydCol/MSMC/ROH_Negative_Mask/HydCol_CM068760.1_ROH_Mask.bed.gz
    wildcards: CLADE=sharks, SPEC_NAME=HydCol, CHROM=CM068760.1
    resources: mem_mb=10000, mem_mib=9537, disk_mb=1000, disk_mib=954, tmpdir=<TBD>, slurm_account=DURBIN-SL2-CPU, slurm_partition=cclake-himem, runtime=60

Job 357 has been submitted with SLURM jobid 10033609 (log: /rds/project/rds-p67MZilb2eQ/projects/VGP/heterozygosity/.snakemake/slurm_logs/rule_GEN_ROH_NEGATIVE_MASK/sharks_HydCol_CM068760.1/10033609.log).

[Wed May 28 16:26:00 2025]
rule GEN_ROH_NEGATIVE_MASK:
    input: sharks/HydCol/20250410_CM068753.1_ROH_Results.txt
    output: sharks/HydCol/MSMC/ROH_Negative_Mask/HydCol_CM068753.1_ROH_Mask.bed.gz
    jobid: 350
    reason: Missing output files: sharks/HydCol/MSMC/ROH_Negative_Mask/HydCol_CM068753.1_ROH_Mask.bed.gz
    wildcards: CLADE=sharks, SPEC_NAME=HydCol, CHROM=CM068753.1
    resources: mem_mb=10000, mem_mib=9537, disk_mb=1000, disk_mib=954, tmpdir=<TBD>, slurm_account=DURBIN-SL2-CPU, slurm_partition=cclake-himem, runtime=60

Job 350 has been submitted with SLURM jobid 10033610 (log: /rds/project/rds-p67MZilb2eQ/projects/VGP/heterozygosity/.snakemake/slurm_logs/rule_GEN_ROH_NEGATIVE_MASK/sharks_HydCol_CM068753.1/10033610.log).

[Wed May 28 16:26:00 2025]
rule GEN_ROH_NEGATIVE_MASK:
    input: sharks/HydCol/20250410_CM068746.1_ROH_Results.txt
    output: sharks/HydCol/MSMC/ROH_Negative_Mask/HydCol_CM068746.1_ROH_Mask.bed.gz
    jobid: 343
    reason: Missing output files: sharks/HydCol/MSMC/ROH_Negative_Mask/HydCol_CM068746.1_ROH_Mask.bed.gz
    wildcards: CLADE=sharks, SPEC_NAME=HydCol, CHROM=CM068746.1
    resources: mem_mb=10000, mem_mib=9537, disk_mb=1000, disk_mib=954, tmpdir=<TBD>, slurm_account=DURBIN-SL2-CPU, slurm_partition=cclake-himem, runtime=60

Job 343 has been submitted with SLURM jobid 10033611 (log: /rds/project/rds-p67MZilb2eQ/projects/VGP/heterozygosity/.snakemake/slurm_logs/rule_GEN_ROH_NEGATIVE_MASK/sharks_HydCol_CM068746.1/10033611.log).

[Wed May 28 16:26:00 2025]
rule GEN_ROH_NEGATIVE_MASK:
    input: sharks/HydCol/20250410_CM068775.1_ROH_Results.txt
    output: sharks/HydCol/MSMC/ROH_Negative_Mask/HydCol_CM068775.1_ROH_Mask.bed.gz
    jobid: 372
    reason: Missing output files: sharks/HydCol/MSMC/ROH_Negative_Mask/HydCol_CM068775.1_ROH_Mask.bed.gz
    wildcards: CLADE=sharks, SPEC_NAME=HydCol, CHROM=CM068775.1
    resources: mem_mb=10000, mem_mib=9537, disk_mb=1000, disk_mib=954, tmpdir=<TBD>, slurm_account=DURBIN-SL2-CPU, slurm_partition=cclake-himem, runtime=60

Job 372 has been submitted with SLURM jobid 10033612 (log: /rds/project/rds-p67MZilb2eQ/projects/VGP/heterozygosity/.snakemake/slurm_logs/rule_GEN_ROH_NEGATIVE_MASK/sharks_HydCol_CM068775.1/10033612.log).

[Wed May 28 16:26:00 2025]
rule GEN_ROH_NEGATIVE_MASK:
    input: sharks/HydCol/20250410_CM068768.1_ROH_Results.txt
    output: sharks/HydCol/MSMC/ROH_Negative_Mask/HydCol_CM068768.1_ROH_Mask.bed.gz
    jobid: 365
    reason: Missing output files: sharks/HydCol/MSMC/ROH_Negative_Mask/HydCol_CM068768.1_ROH_Mask.bed.gz
    wildcards: CLADE=sharks, SPEC_NAME=HydCol, CHROM=CM068768.1
    resources: mem_mb=10000, mem_mib=9537, disk_mb=1000, disk_mib=954, tmpdir=<TBD>, slurm_account=DURBIN-SL2-CPU, slurm_partition=cclake-himem, runtime=60

Job 365 has been submitted with SLURM jobid 10033613 (log: /rds/project/rds-p67MZilb2eQ/projects/VGP/heterozygosity/.snakemake/slurm_logs/rule_GEN_ROH_NEGATIVE_MASK/sharks_HydCol_CM068768.1/10033613.log).

[Wed May 28 16:26:01 2025]
rule GEN_ROH_NEGATIVE_MASK:
    input: sharks/HydCol/20250410_CM068761.1_ROH_Results.txt
    output: sharks/HydCol/MSMC/ROH_Negative_Mask/HydCol_CM068761.1_ROH_Mask.bed.gz
    jobid: 358
    reason: Missing output files: sharks/HydCol/MSMC/ROH_Negative_Mask/HydCol_CM068761.1_ROH_Mask.bed.gz
    wildcards: CLADE=sharks, SPEC_NAME=HydCol, CHROM=CM068761.1
    resources: mem_mb=10000, mem_mib=9537, disk_mb=1000, disk_mib=954, tmpdir=<TBD>, slurm_account=DURBIN-SL2-CPU, slurm_partition=cclake-himem, runtime=60

Job 358 has been submitted with SLURM jobid 10033614 (log: /rds/project/rds-p67MZilb2eQ/projects/VGP/heterozygosity/.snakemake/slurm_logs/rule_GEN_ROH_NEGATIVE_MASK/sharks_HydCol_CM068761.1/10033614.log).
[Wed May 28 16:26:34 2025]
Error in rule GEN_ROH_NEGATIVE_MASK:
    message: SLURM-job '10033584' failed, SLURM status is: 'FAILED'. For further error details see the cluster/cloud log and the log files of the involved rule(s).
    jobid: 344
    input: sharks/HydCol/20250410_CM068747.1_ROH_Results.txt
    output: sharks/HydCol/MSMC/ROH_Negative_Mask/HydCol_CM068747.1_ROH_Mask.bed.gz
    log: /rds/project/rds-p67MZilb2eQ/projects/VGP/heterozygosity/.snakemake/slurm_logs/rule_GEN_ROH_NEGATIVE_MASK/sharks_HydCol_CM068747.1/10033584.log (check log file(s) for error details)
    shell:
        
        mkdir -p "sharks/HydCol/MSMC/ROH_Negative_Mask"
        python /rds/project/rds-p67MZilb2eQ/projects/VGP/heterozygosity/20250528_ROH_Masker.py
        gzip sharks/HydCol/MSMC/ROH_Negative_Mask/HydCol_CM068747.1_ROH_Mask.bed
        
        (one of the commands exited with non-zero exit code; note that snakemake uses bash strict mode!)
    external_jobid: 10033584

[Wed May 28 16:26:34 2025]
Error in rule GEN_ROH_NEGATIVE_MASK:
    message: SLURM-job '10033585' failed, SLURM status is: 'FAILED'. For further error details see the cluster/cloud log and the log files of the involved rule(s).
    jobid: 366
    input: sharks/HydCol/20250410_CM068769.1_ROH_Results.txt
    output: sharks/HydCol/MSMC/ROH_Negative_Mask/HydCol_CM068769.1_ROH_Mask.bed.gz
    log: /rds/project/rds-p67MZilb2eQ/projects/VGP/heterozygosity/.snakemake/slurm_logs/rule_GEN_ROH_NEGATIVE_MASK/sharks_HydCol_CM068769.1/10033585.log (check log file(s) for error details)
    shell:
        
        mkdir -p "sharks/HydCol/MSMC/ROH_Negative_Mask"
        python /rds/project/rds-p67MZilb2eQ/projects/VGP/heterozygosity/20250528_ROH_Masker.py
        gzip sharks/HydCol/MSMC/ROH_Negative_Mask/HydCol_CM068769.1_ROH_Mask.bed
        
        (one of the commands exited with non-zero exit code; note that snakemake uses bash strict mode!)
    external_jobid: 10033585

Select jobs to execute...
[Wed May 28 16:26:34 2025]
Error in rule GEN_ROH_NEGATIVE_MASK:
    message: SLURM-job '10033586' failed, SLURM status is: 'FAILED'. For further error details see the cluster/cloud log and the log files of the involved rule(s).
    jobid: 359
    input: sharks/HydCol/20250410_CM068762.1_ROH_Results.txt
    output: sharks/HydCol/MSMC/ROH_Negative_Mask/HydCol_CM068762.1_ROH_Mask.bed.gz
    log: /rds/project/rds-p67MZilb2eQ/projects/VGP/heterozygosity/.snakemake/slurm_logs/rule_GEN_ROH_NEGATIVE_MASK/sharks_HydCol_CM068762.1/10033586.log (check log file(s) for error details)
    shell:
        
        mkdir -p "sharks/HydCol/MSMC/ROH_Negative_Mask"
        python /rds/project/rds-p67MZilb2eQ/projects/VGP/heterozygosity/20250528_ROH_Masker.py
        gzip sharks/HydCol/MSMC/ROH_Negative_Mask/HydCol_CM068762.1_ROH_Mask.bed
        
        (one of the commands exited with non-zero exit code; note that snakemake uses bash strict mode!)
    external_jobid: 10033586

[Wed May 28 16:26:34 2025]
Error in rule GEN_ROH_NEGATIVE_MASK:
    message: SLURM-job '10033587' failed, SLURM status is: 'FAILED'. For further error details see the cluster/cloud log and the log files of the involved rule(s).
    jobid: 352
    input: sharks/HydCol/20250410_CM068755.1_ROH_Results.txt
    output: sharks/HydCol/MSMC/ROH_Negative_Mask/HydCol_CM068755.1_ROH_Mask.bed.gz
    log: /rds/project/rds-p67MZilb2eQ/projects/VGP/heterozygosity/.snakemake/slurm_logs/rule_GEN_ROH_NEGATIVE_MASK/sharks_HydCol_CM068755.1/10033587.log (check log file(s) for error details)
    shell:
        
        mkdir -p "sharks/HydCol/MSMC/ROH_Negative_Mask"
        python /rds/project/rds-p67MZilb2eQ/projects/VGP/heterozygosity/20250528_ROH_Masker.py
        gzip sharks/HydCol/MSMC/ROH_Negative_Mask/HydCol_CM068755.1_ROH_Mask.bed
        
        (one of the commands exited with non-zero exit code; note that snakemake uses bash strict mode!)
    external_jobid: 10033587

[Wed May 28 16:26:34 2025]
Error in rule GEN_ROH_NEGATIVE_MASK:
    message: SLURM-job '10033588' failed, SLURM status is: 'FAILED'. For further error details see the cluster/cloud log and the log files of the involved rule(s).
    jobid: 345
    input: sharks/HydCol/20250410_CM068748.1_ROH_Results.txt
    output: sharks/HydCol/MSMC/ROH_Negative_Mask/HydCol_CM068748.1_ROH_Mask.bed.gz
    log: /rds/project/rds-p67MZilb2eQ/projects/VGP/heterozygosity/.snakemake/slurm_logs/rule_GEN_ROH_NEGATIVE_MASK/sharks_HydCol_CM068748.1/10033588.log (check log file(s) for error details)
    shell:
        
        mkdir -p "sharks/HydCol/MSMC/ROH_Negative_Mask"
        python /rds/project/rds-p67MZilb2eQ/projects/VGP/heterozygosity/20250528_ROH_Masker.py
        gzip sharks/HydCol/MSMC/ROH_Negative_Mask/HydCol_CM068748.1_ROH_Mask.bed
        
        (one of the commands exited with non-zero exit code; note that snakemake uses bash strict mode!)
    external_jobid: 10033588

[Wed May 28 16:26:34 2025]
Error in rule GEN_ROH_NEGATIVE_MASK:
    message: SLURM-job '10033589' failed, SLURM status is: 'FAILED'. For further error details see the cluster/cloud log and the log files of the involved rule(s).
    jobid: 374
    input: sharks/HydCol/20250410_CM068777.1_ROH_Results.txt
    output: sharks/HydCol/MSMC/ROH_Negative_Mask/HydCol_CM068777.1_ROH_Mask.bed.gz
    log: /rds/project/rds-p67MZilb2eQ/projects/VGP/heterozygosity/.snakemake/slurm_logs/rule_GEN_ROH_NEGATIVE_MASK/sharks_HydCol_CM068777.1/10033589.log (check log file(s) for error details)
    shell:
        
        mkdir -p "sharks/HydCol/MSMC/ROH_Negative_Mask"
        python /rds/project/rds-p67MZilb2eQ/projects/VGP/heterozygosity/20250528_ROH_Masker.py
        gzip sharks/HydCol/MSMC/ROH_Negative_Mask/HydCol_CM068777.1_ROH_Mask.bed
        
        (one of the commands exited with non-zero exit code; note that snakemake uses bash strict mode!)
    external_jobid: 10033589

[Wed May 28 16:26:34 2025]
Error in rule GEN_ROH_NEGATIVE_MASK:
    message: SLURM-job '10033590' failed, SLURM status is: 'FAILED'. For further error details see the cluster/cloud log and the log files of the involved rule(s).
    jobid: 367
    input: sharks/HydCol/20250410_CM068770.1_ROH_Results.txt
    output: sharks/HydCol/MSMC/ROH_Negative_Mask/HydCol_CM068770.1_ROH_Mask.bed.gz
    log: /rds/project/rds-p67MZilb2eQ/projects/VGP/heterozygosity/.snakemake/slurm_logs/rule_GEN_ROH_NEGATIVE_MASK/sharks_HydCol_CM068770.1/10033590.log (check log file(s) for error details)
    shell:
        
        mkdir -p "sharks/HydCol/MSMC/ROH_Negative_Mask"
        python /rds/project/rds-p67MZilb2eQ/projects/VGP/heterozygosity/20250528_ROH_Masker.py
        gzip sharks/HydCol/MSMC/ROH_Negative_Mask/HydCol_CM068770.1_ROH_Mask.bed
        
        (one of the commands exited with non-zero exit code; note that snakemake uses bash strict mode!)
    external_jobid: 10033590

Execute 1 jobs...

[Wed May 28 16:26:34 2025]
rule GEN_ROH_NEGATIVE_MASK:
    input: sharks/HydCol/20250410_CM068773.1_ROH_Results.txt
    output: sharks/HydCol/MSMC/ROH_Negative_Mask/HydCol_CM068773.1_ROH_Mask.bed.gz
    jobid: 370
    reason: Missing output files: sharks/HydCol/MSMC/ROH_Negative_Mask/HydCol_CM068773.1_ROH_Mask.bed.gz
    wildcards: CLADE=sharks, SPEC_NAME=HydCol, CHROM=CM068773.1
    resources: mem_mb=10000, mem_mib=9537, disk_mb=1000, disk_mib=954, tmpdir=<TBD>, slurm_account=DURBIN-SL2-CPU, slurm_partition=cclake-himem, runtime=60

Job 370 has been submitted with SLURM jobid 10033622 (log: /rds/project/rds-p67MZilb2eQ/projects/VGP/heterozygosity/.snakemake/slurm_logs/rule_GEN_ROH_NEGATIVE_MASK/sharks_HydCol_CM068773.1/10033622.log).
Select jobs to execute...
Execute 6 jobs...

[Wed May 28 16:26:35 2025]
rule GEN_ROH_NEGATIVE_MASK:
    input: sharks/HydCol/20250410_CM068754.1_ROH_Results.txt
    output: sharks/HydCol/MSMC/ROH_Negative_Mask/HydCol_CM068754.1_ROH_Mask.bed.gz
    jobid: 351
    reason: Missing output files: sharks/HydCol/MSMC/ROH_Negative_Mask/HydCol_CM068754.1_ROH_Mask.bed.gz
    wildcards: CLADE=sharks, SPEC_NAME=HydCol, CHROM=CM068754.1
    resources: mem_mb=10000, mem_mib=9537, disk_mb=1000, disk_mib=954, tmpdir=<TBD>, slurm_account=DURBIN-SL2-CPU, slurm_partition=cclake-himem, runtime=60

Job 351 has been submitted with SLURM jobid 10033623 (log: /rds/project/rds-p67MZilb2eQ/projects/VGP/heterozygosity/.snakemake/slurm_logs/rule_GEN_ROH_NEGATIVE_MASK/sharks_HydCol_CM068754.1/10033623.log).

[Wed May 28 16:26:35 2025]
rule GEN_ROH_NEGATIVE_MASK:
    input: sharks/HydCol/20250410_CM068779.1_ROH_Results.txt
    output: sharks/HydCol/MSMC/ROH_Negative_Mask/HydCol_CM068779.1_ROH_Mask.bed.gz
    jobid: 376
    reason: Missing output files: sharks/HydCol/MSMC/ROH_Negative_Mask/HydCol_CM068779.1_ROH_Mask.bed.gz
    wildcards: CLADE=sharks, SPEC_NAME=HydCol, CHROM=CM068779.1
    resources: mem_mb=10000, mem_mib=9537, disk_mb=1000, disk_mib=954, tmpdir=<TBD>, slurm_account=DURBIN-SL2-CPU, slurm_partition=cclake-himem, runtime=60

Job 376 has been submitted with SLURM jobid 10033624 (log: /rds/project/rds-p67MZilb2eQ/projects/VGP/heterozygosity/.snakemake/slurm_logs/rule_GEN_ROH_NEGATIVE_MASK/sharks_HydCol_CM068779.1/10033624.log).

[Wed May 28 16:26:35 2025]
rule GEN_ROH_NEGATIVE_MASK:
    input: sharks/HydCol/20250410_CM068772.1_ROH_Results.txt
    output: sharks/HydCol/MSMC/ROH_Negative_Mask/HydCol_CM068772.1_ROH_Mask.bed.gz
    jobid: 369
    reason: Missing output files: sharks/HydCol/MSMC/ROH_Negative_Mask/HydCol_CM068772.1_ROH_Mask.bed.gz
    wildcards: CLADE=sharks, SPEC_NAME=HydCol, CHROM=CM068772.1
    resources: mem_mb=10000, mem_mib=9537, disk_mb=1000, disk_mib=954, tmpdir=<TBD>, slurm_account=DURBIN-SL2-CPU, slurm_partition=cclake-himem, runtime=60

Job 369 has been submitted with SLURM jobid 10033625 (log: /rds/project/rds-p67MZilb2eQ/projects/VGP/heterozygosity/.snakemake/slurm_logs/rule_GEN_ROH_NEGATIVE_MASK/sharks_HydCol_CM068772.1/10033625.log).

[Wed May 28 16:26:35 2025]
rule GEN_ROH_NEGATIVE_MASK:
    input: sharks/HydCol/20250410_CM068765.1_ROH_Results.txt
    output: sharks/HydCol/MSMC/ROH_Negative_Mask/HydCol_CM068765.1_ROH_Mask.bed.gz
    jobid: 362
    reason: Missing output files: sharks/HydCol/MSMC/ROH_Negative_Mask/HydCol_CM068765.1_ROH_Mask.bed.gz
    wildcards: CLADE=sharks, SPEC_NAME=HydCol, CHROM=CM068765.1
    resources: mem_mb=10000, mem_mib=9537, disk_mb=1000, disk_mib=954, tmpdir=<TBD>, slurm_account=DURBIN-SL2-CPU, slurm_partition=cclake-himem, runtime=60

Job 362 has been submitted with SLURM jobid 10033626 (log: /rds/project/rds-p67MZilb2eQ/projects/VGP/heterozygosity/.snakemake/slurm_logs/rule_GEN_ROH_NEGATIVE_MASK/sharks_HydCol_CM068765.1/10033626.log).

[Wed May 28 16:26:35 2025]
rule GEN_ROH_NEGATIVE_MASK:
    input: sharks/HydCol/20250410_CM068758.1_ROH_Results.txt
    output: sharks/HydCol/MSMC/ROH_Negative_Mask/HydCol_CM068758.1_ROH_Mask.bed.gz
    jobid: 355
    reason: Missing output files: sharks/HydCol/MSMC/ROH_Negative_Mask/HydCol_CM068758.1_ROH_Mask.bed.gz
    wildcards: CLADE=sharks, SPEC_NAME=HydCol, CHROM=CM068758.1
    resources: mem_mb=10000, mem_mib=9537, disk_mb=1000, disk_mib=954, tmpdir=<TBD>, slurm_account=DURBIN-SL2-CPU, slurm_partition=cclake-himem, runtime=60

Job 355 has been submitted with SLURM jobid 10033627 (log: /rds/project/rds-p67MZilb2eQ/projects/VGP/heterozygosity/.snakemake/slurm_logs/rule_GEN_ROH_NEGATIVE_MASK/sharks_HydCol_CM068758.1/10033627.log).

[Wed May 28 16:26:36 2025]
rule GEN_ROH_NEGATIVE_MASK:
    input: sharks/HydCol/20250410_CM068751.1_ROH_Results.txt
    output: sharks/HydCol/MSMC/ROH_Negative_Mask/HydCol_CM068751.1_ROH_Mask.bed.gz
    jobid: 348
    reason: Missing output files: sharks/HydCol/MSMC/ROH_Negative_Mask/HydCol_CM068751.1_ROH_Mask.bed.gz
    wildcards: CLADE=sharks, SPEC_NAME=HydCol, CHROM=CM068751.1
    resources: mem_mb=10000, mem_mib=9537, disk_mb=1000, disk_mib=954, tmpdir=<TBD>, slurm_account=DURBIN-SL2-CPU, slurm_partition=cclake-himem, runtime=60

Job 348 has been submitted with SLURM jobid 10033628 (log: /rds/project/rds-p67MZilb2eQ/projects/VGP/heterozygosity/.snakemake/slurm_logs/rule_GEN_ROH_NEGATIVE_MASK/sharks_HydCol_CM068751.1/10033628.log).
Select jobs to execute...
Waiting for more resources.
Waiting for more resources.
Waiting for more resources.
Waiting for more resources.
Waiting for more resources.
[Wed May 28 16:26:55 2025]
Error in rule GEN_ROH_NEGATIVE_MASK:
    message: SLURM-job '10033591' failed, SLURM status is: 'FAILED'. For further error details see the cluster/cloud log and the log files of the involved rule(s).
    jobid: 360
    input: sharks/HydCol/20250410_CM068763.1_ROH_Results.txt
    output: sharks/HydCol/MSMC/ROH_Negative_Mask/HydCol_CM068763.1_ROH_Mask.bed.gz
    log: /rds/project/rds-p67MZilb2eQ/projects/VGP/heterozygosity/.snakemake/slurm_logs/rule_GEN_ROH_NEGATIVE_MASK/sharks_HydCol_CM068763.1/10033591.log (check log file(s) for error details)
    shell:
        
        mkdir -p "sharks/HydCol/MSMC/ROH_Negative_Mask"
        python /rds/project/rds-p67MZilb2eQ/projects/VGP/heterozygosity/20250528_ROH_Masker.py
        gzip sharks/HydCol/MSMC/ROH_Negative_Mask/HydCol_CM068763.1_ROH_Mask.bed
        
        (one of the commands exited with non-zero exit code; note that snakemake uses bash strict mode!)
    external_jobid: 10033591

[Wed May 28 16:26:55 2025]
Error in rule GEN_ROH_NEGATIVE_MASK:
    message: SLURM-job '10033592' failed, SLURM status is: 'FAILED'. For further error details see the cluster/cloud log and the log files of the involved rule(s).
    jobid: 353
    input: sharks/HydCol/20250410_CM068756.1_ROH_Results.txt
    output: sharks/HydCol/MSMC/ROH_Negative_Mask/HydCol_CM068756.1_ROH_Mask.bed.gz
    log: /rds/project/rds-p67MZilb2eQ/projects/VGP/heterozygosity/.snakemake/slurm_logs/rule_GEN_ROH_NEGATIVE_MASK/sharks_HydCol_CM068756.1/10033592.log (check log file(s) for error details)
    shell:
        
        mkdir -p "sharks/HydCol/MSMC/ROH_Negative_Mask"
        python /rds/project/rds-p67MZilb2eQ/projects/VGP/heterozygosity/20250528_ROH_Masker.py
        gzip sharks/HydCol/MSMC/ROH_Negative_Mask/HydCol_CM068756.1_ROH_Mask.bed
        
        (one of the commands exited with non-zero exit code; note that snakemake uses bash strict mode!)
    external_jobid: 10033592

[Wed May 28 16:26:55 2025]
Error in rule GEN_ROH_NEGATIVE_MASK:
    message: SLURM-job '10033593' failed, SLURM status is: 'FAILED'. For further error details see the cluster/cloud log and the log files of the involved rule(s).
    jobid: 346
    input: sharks/HydCol/20250410_CM068749.1_ROH_Results.txt
    output: sharks/HydCol/MSMC/ROH_Negative_Mask/HydCol_CM068749.1_ROH_Mask.bed.gz
    log: /rds/project/rds-p67MZilb2eQ/projects/VGP/heterozygosity/.snakemake/slurm_logs/rule_GEN_ROH_NEGATIVE_MASK/sharks_HydCol_CM068749.1/10033593.log (check log file(s) for error details)
    shell:
        
        mkdir -p "sharks/HydCol/MSMC/ROH_Negative_Mask"
        python /rds/project/rds-p67MZilb2eQ/projects/VGP/heterozygosity/20250528_ROH_Masker.py
        gzip sharks/HydCol/MSMC/ROH_Negative_Mask/HydCol_CM068749.1_ROH_Mask.bed
        
        (one of the commands exited with non-zero exit code; note that snakemake uses bash strict mode!)
    external_jobid: 10033593

[Wed May 28 16:26:55 2025]
Error in rule GEN_ROH_NEGATIVE_MASK:
    message: SLURM-job '10033594' failed, SLURM status is: 'FAILED'. For further error details see the cluster/cloud log and the log files of the involved rule(s).
    jobid: 339
    input: sharks/HydCol/20250410_CM068742.1_ROH_Results.txt
    output: sharks/HydCol/MSMC/ROH_Negative_Mask/HydCol_CM068742.1_ROH_Mask.bed.gz
    log: /rds/project/rds-p67MZilb2eQ/projects/VGP/heterozygosity/.snakemake/slurm_logs/rule_GEN_ROH_NEGATIVE_MASK/sharks_HydCol_CM068742.1/10033594.log (check log file(s) for error details)
    shell:
        
        mkdir -p "sharks/HydCol/MSMC/ROH_Negative_Mask"
        python /rds/project/rds-p67MZilb2eQ/projects/VGP/heterozygosity/20250528_ROH_Masker.py
        gzip sharks/HydCol/MSMC/ROH_Negative_Mask/HydCol_CM068742.1_ROH_Mask.bed
        
        (one of the commands exited with non-zero exit code; note that snakemake uses bash strict mode!)
    external_jobid: 10033594

[Wed May 28 16:26:55 2025]
Error in rule GEN_ROH_NEGATIVE_MASK:
    message: SLURM-job '10033595' failed, SLURM status is: 'FAILED'. For further error details see the cluster/cloud log and the log files of the involved rule(s).
    jobid: 375
    input: sharks/HydCol/20250410_CM068778.1_ROH_Results.txt
    output: sharks/HydCol/MSMC/ROH_Negative_Mask/HydCol_CM068778.1_ROH_Mask.bed.gz
    log: /rds/project/rds-p67MZilb2eQ/projects/VGP/heterozygosity/.snakemake/slurm_logs/rule_GEN_ROH_NEGATIVE_MASK/sharks_HydCol_CM068778.1/10033595.log (check log file(s) for error details)
    shell:
        
        mkdir -p "sharks/HydCol/MSMC/ROH_Negative_Mask"
        python /rds/project/rds-p67MZilb2eQ/projects/VGP/heterozygosity/20250528_ROH_Masker.py
        gzip sharks/HydCol/MSMC/ROH_Negative_Mask/HydCol_CM068778.1_ROH_Mask.bed
        
        (one of the commands exited with non-zero exit code; note that snakemake uses bash strict mode!)
    external_jobid: 10033595

[Wed May 28 16:26:55 2025]
Error in rule GEN_ROH_NEGATIVE_MASK:
    message: SLURM-job '10033596' failed, SLURM status is: 'FAILED'. For further error details see the cluster/cloud log and the log files of the involved rule(s).
    jobid: 368
    input: sharks/HydCol/20250410_CM068771.1_ROH_Results.txt
    output: sharks/HydCol/MSMC/ROH_Negative_Mask/HydCol_CM068771.1_ROH_Mask.bed.gz
    log: /rds/project/rds-p67MZilb2eQ/projects/VGP/heterozygosity/.snakemake/slurm_logs/rule_GEN_ROH_NEGATIVE_MASK/sharks_HydCol_CM068771.1/10033596.log (check log file(s) for error details)
    shell:
        
        mkdir -p "sharks/HydCol/MSMC/ROH_Negative_Mask"
        python /rds/project/rds-p67MZilb2eQ/projects/VGP/heterozygosity/20250528_ROH_Masker.py
        gzip sharks/HydCol/MSMC/ROH_Negative_Mask/HydCol_CM068771.1_ROH_Mask.bed
        
        (one of the commands exited with non-zero exit code; note that snakemake uses bash strict mode!)
    external_jobid: 10033596

[Wed May 28 16:26:55 2025]
Error in rule GEN_ROH_NEGATIVE_MASK:
    message: SLURM-job '10033597' failed, SLURM status is: 'FAILED'. For further error details see the cluster/cloud log and the log files of the involved rule(s).
    jobid: 361
    input: sharks/HydCol/20250410_CM068764.1_ROH_Results.txt
    output: sharks/HydCol/MSMC/ROH_Negative_Mask/HydCol_CM068764.1_ROH_Mask.bed.gz
    log: /rds/project/rds-p67MZilb2eQ/projects/VGP/heterozygosity/.snakemake/slurm_logs/rule_GEN_ROH_NEGATIVE_MASK/sharks_HydCol_CM068764.1/10033597.log (check log file(s) for error details)
    shell:
        
        mkdir -p "sharks/HydCol/MSMC/ROH_Negative_Mask"
        python /rds/project/rds-p67MZilb2eQ/projects/VGP/heterozygosity/20250528_ROH_Masker.py
        gzip sharks/HydCol/MSMC/ROH_Negative_Mask/HydCol_CM068764.1_ROH_Mask.bed
        
        (one of the commands exited with non-zero exit code; note that snakemake uses bash strict mode!)
    external_jobid: 10033597

Execute 1 jobs...

[Wed May 28 16:26:55 2025]
rule GEN_ROH_NEGATIVE_MASK:
    input: sharks/HydCol/20250410_CM068776.1_ROH_Results.txt
    output: sharks/HydCol/MSMC/ROH_Negative_Mask/HydCol_CM068776.1_ROH_Mask.bed.gz
    jobid: 373
    reason: Missing output files: sharks/HydCol/MSMC/ROH_Negative_Mask/HydCol_CM068776.1_ROH_Mask.bed.gz
    wildcards: CLADE=sharks, SPEC_NAME=HydCol, CHROM=CM068776.1
    resources: mem_mb=10000, mem_mib=9537, disk_mb=1000, disk_mib=954, tmpdir=<TBD>, slurm_account=DURBIN-SL2-CPU, slurm_partition=cclake-himem, runtime=60

Job 373 has been submitted with SLURM jobid 10033630 (log: /rds/project/rds-p67MZilb2eQ/projects/VGP/heterozygosity/.snakemake/slurm_logs/rule_GEN_ROH_NEGATIVE_MASK/sharks_HydCol_CM068776.1/10033630.log).
Select jobs to execute...
Execute 2 jobs...

[Wed May 28 16:26:55 2025]
rule GEN_ROH_NEGATIVE_MASK:
    input: sharks/HydCol/20250410_CM068744.1_ROH_Results.txt
    output: sharks/HydCol/MSMC/ROH_Negative_Mask/HydCol_CM068744.1_ROH_Mask.bed.gz
    jobid: 341
    reason: Missing output files: sharks/HydCol/MSMC/ROH_Negative_Mask/HydCol_CM068744.1_ROH_Mask.bed.gz
    wildcards: CLADE=sharks, SPEC_NAME=HydCol, CHROM=CM068744.1
    resources: mem_mb=10000, mem_mib=9537, disk_mb=1000, disk_mib=954, tmpdir=<TBD>, slurm_account=DURBIN-SL2-CPU, slurm_partition=cclake-himem, runtime=60

Job 341 has been submitted with SLURM jobid 10033631 (log: /rds/project/rds-p67MZilb2eQ/projects/VGP/heterozygosity/.snakemake/slurm_logs/rule_GEN_ROH_NEGATIVE_MASK/sharks_HydCol_CM068744.1/10033631.log).

[Wed May 28 16:26:55 2025]
rule GEN_ROH_NEGATIVE_MASK:
    input: sharks/HydCol/20250410_CM068780.1_ROH_Results.txt
    output: sharks/HydCol/MSMC/ROH_Negative_Mask/HydCol_CM068780.1_ROH_Mask.bed.gz
    jobid: 377
    reason: Missing output files: sharks/HydCol/MSMC/ROH_Negative_Mask/HydCol_CM068780.1_ROH_Mask.bed.gz
    wildcards: CLADE=sharks, SPEC_NAME=HydCol, CHROM=CM068780.1
    resources: mem_mb=10000, mem_mib=9537, disk_mb=1000, disk_mib=954, tmpdir=<TBD>, slurm_account=DURBIN-SL2-CPU, slurm_partition=cclake-himem, runtime=60

Job 377 has been submitted with SLURM jobid 10033632 (log: /rds/project/rds-p67MZilb2eQ/projects/VGP/heterozygosity/.snakemake/slurm_logs/rule_GEN_ROH_NEGATIVE_MASK/sharks_HydCol_CM068780.1/10033632.log).
[Wed May 28 16:27:25 2025]
Error in rule GEN_ROH_NEGATIVE_MASK:
    message: SLURM-job '10033598' failed, SLURM status is: 'FAILED'. For further error details see the cluster/cloud log and the log files of the involved rule(s).
    jobid: 354
    input: sharks/HydCol/20250410_CM068757.1_ROH_Results.txt
    output: sharks/HydCol/MSMC/ROH_Negative_Mask/HydCol_CM068757.1_ROH_Mask.bed.gz
    log: /rds/project/rds-p67MZilb2eQ/projects/VGP/heterozygosity/.snakemake/slurm_logs/rule_GEN_ROH_NEGATIVE_MASK/sharks_HydCol_CM068757.1/10033598.log (check log file(s) for error details)
    shell:
        
        mkdir -p "sharks/HydCol/MSMC/ROH_Negative_Mask"
        python /rds/project/rds-p67MZilb2eQ/projects/VGP/heterozygosity/20250528_ROH_Masker.py
        gzip sharks/HydCol/MSMC/ROH_Negative_Mask/HydCol_CM068757.1_ROH_Mask.bed
        
        (one of the commands exited with non-zero exit code; note that snakemake uses bash strict mode!)
    external_jobid: 10033598

[Wed May 28 16:27:25 2025]
Error in rule GEN_ROH_NEGATIVE_MASK:
    message: SLURM-job '10033599' failed, SLURM status is: 'FAILED'. For further error details see the cluster/cloud log and the log files of the involved rule(s).
    jobid: 347
    input: sharks/HydCol/20250410_CM068750.1_ROH_Results.txt
    output: sharks/HydCol/MSMC/ROH_Negative_Mask/HydCol_CM068750.1_ROH_Mask.bed.gz
    log: /rds/project/rds-p67MZilb2eQ/projects/VGP/heterozygosity/.snakemake/slurm_logs/rule_GEN_ROH_NEGATIVE_MASK/sharks_HydCol_CM068750.1/10033599.log (check log file(s) for error details)
    shell:
        
        mkdir -p "sharks/HydCol/MSMC/ROH_Negative_Mask"
        python /rds/project/rds-p67MZilb2eQ/projects/VGP/heterozygosity/20250528_ROH_Masker.py
        gzip sharks/HydCol/MSMC/ROH_Negative_Mask/HydCol_CM068750.1_ROH_Mask.bed
        
        (one of the commands exited with non-zero exit code; note that snakemake uses bash strict mode!)
    external_jobid: 10033599

[Wed May 28 16:27:25 2025]
Error in rule GEN_ROH_NEGATIVE_MASK:
    message: SLURM-job '10033600' failed, SLURM status is: 'FAILED'. For further error details see the cluster/cloud log and the log files of the involved rule(s).
    jobid: 340
    input: sharks/HydCol/20250410_CM068743.1_ROH_Results.txt
    output: sharks/HydCol/MSMC/ROH_Negative_Mask/HydCol_CM068743.1_ROH_Mask.bed.gz
    log: /rds/project/rds-p67MZilb2eQ/projects/VGP/heterozygosity/.snakemake/slurm_logs/rule_GEN_ROH_NEGATIVE_MASK/sharks_HydCol_CM068743.1/10033600.log (check log file(s) for error details)
    shell:
        
        mkdir -p "sharks/HydCol/MSMC/ROH_Negative_Mask"
        python /rds/project/rds-p67MZilb2eQ/projects/VGP/heterozygosity/20250528_ROH_Masker.py
        gzip sharks/HydCol/MSMC/ROH_Negative_Mask/HydCol_CM068743.1_ROH_Mask.bed
        
        (one of the commands exited with non-zero exit code; note that snakemake uses bash strict mode!)
    external_jobid: 10033600

[Wed May 28 16:27:25 2025]
Error in rule GEN_ROH_NEGATIVE_MASK:
    message: SLURM-job '10033601' failed, SLURM status is: 'FAILED'. For further error details see the cluster/cloud log and the log files of the involved rule(s).
    jobid: 363
    input: sharks/HydCol/20250410_CM068766.1_ROH_Results.txt
    output: sharks/HydCol/MSMC/ROH_Negative_Mask/HydCol_CM068766.1_ROH_Mask.bed.gz
    log: /rds/project/rds-p67MZilb2eQ/projects/VGP/heterozygosity/.snakemake/slurm_logs/rule_GEN_ROH_NEGATIVE_MASK/sharks_HydCol_CM068766.1/10033601.log (check log file(s) for error details)
    shell:
        
        mkdir -p "sharks/HydCol/MSMC/ROH_Negative_Mask"
        python /rds/project/rds-p67MZilb2eQ/projects/VGP/heterozygosity/20250528_ROH_Masker.py
        gzip sharks/HydCol/MSMC/ROH_Negative_Mask/HydCol_CM068766.1_ROH_Mask.bed
        
        (one of the commands exited with non-zero exit code; note that snakemake uses bash strict mode!)
    external_jobid: 10033601

[Wed May 28 16:27:25 2025]
Error in rule GEN_ROH_NEGATIVE_MASK:
    message: SLURM-job '10033602' failed, SLURM status is: 'FAILED'. For further error details see the cluster/cloud log and the log files of the involved rule(s).
    jobid: 356
    input: sharks/HydCol/20250410_CM068759.1_ROH_Results.txt
    output: sharks/HydCol/MSMC/ROH_Negative_Mask/HydCol_CM068759.1_ROH_Mask.bed.gz
    log: /rds/project/rds-p67MZilb2eQ/projects/VGP/heterozygosity/.snakemake/slurm_logs/rule_GEN_ROH_NEGATIVE_MASK/sharks_HydCol_CM068759.1/10033602.log (check log file(s) for error details)
    shell:
        
        mkdir -p "sharks/HydCol/MSMC/ROH_Negative_Mask"
        python /rds/project/rds-p67MZilb2eQ/projects/VGP/heterozygosity/20250528_ROH_Masker.py
        gzip sharks/HydCol/MSMC/ROH_Negative_Mask/HydCol_CM068759.1_ROH_Mask.bed
        
        (one of the commands exited with non-zero exit code; note that snakemake uses bash strict mode!)
    external_jobid: 10033602

[Wed May 28 16:27:25 2025]
Error in rule GEN_ROH_NEGATIVE_MASK:
    message: SLURM-job '10033603' failed, SLURM status is: 'FAILED'. For further error details see the cluster/cloud log and the log files of the involved rule(s).
    jobid: 349
    input: sharks/HydCol/20250410_CM068752.1_ROH_Results.txt
    output: sharks/HydCol/MSMC/ROH_Negative_Mask/HydCol_CM068752.1_ROH_Mask.bed.gz
    log: /rds/project/rds-p67MZilb2eQ/projects/VGP/heterozygosity/.snakemake/slurm_logs/rule_GEN_ROH_NEGATIVE_MASK/sharks_HydCol_CM068752.1/10033603.log (check log file(s) for error details)
    shell:
        
        mkdir -p "sharks/HydCol/MSMC/ROH_Negative_Mask"
        python /rds/project/rds-p67MZilb2eQ/projects/VGP/heterozygosity/20250528_ROH_Masker.py
        gzip sharks/HydCol/MSMC/ROH_Negative_Mask/HydCol_CM068752.1_ROH_Mask.bed
        
        (one of the commands exited with non-zero exit code; note that snakemake uses bash strict mode!)
    external_jobid: 10033603

[Wed May 28 16:27:25 2025]
Error in rule GEN_ROH_NEGATIVE_MASK:
    message: SLURM-job '10033604' failed, SLURM status is: 'FAILED'. For further error details see the cluster/cloud log and the log files of the involved rule(s).
    jobid: 342
    input: sharks/HydCol/20250410_CM068745.1_ROH_Results.txt
    output: sharks/HydCol/MSMC/ROH_Negative_Mask/HydCol_CM068745.1_ROH_Mask.bed.gz
    log: /rds/project/rds-p67MZilb2eQ/projects/VGP/heterozygosity/.snakemake/slurm_logs/rule_GEN_ROH_NEGATIVE_MASK/sharks_HydCol_CM068745.1/10033604.log (check log file(s) for error details)
    shell:
        
        mkdir -p "sharks/HydCol/MSMC/ROH_Negative_Mask"
        python /rds/project/rds-p67MZilb2eQ/projects/VGP/heterozygosity/20250528_ROH_Masker.py
        gzip sharks/HydCol/MSMC/ROH_Negative_Mask/HydCol_CM068745.1_ROH_Mask.bed
        
        (one of the commands exited with non-zero exit code; note that snakemake uses bash strict mode!)
    external_jobid: 10033604

[Wed May 28 16:27:25 2025]
Error in rule GEN_ROH_NEGATIVE_MASK:
    message: SLURM-job '10033605' failed, SLURM status is: 'FAILED'. For further error details see the cluster/cloud log and the log files of the involved rule(s).
    jobid: 378
    input: sharks/HydCol/20250410_CM068781.1_ROH_Results.txt
    output: sharks/HydCol/MSMC/ROH_Negative_Mask/HydCol_CM068781.1_ROH_Mask.bed.gz
    log: /rds/project/rds-p67MZilb2eQ/projects/VGP/heterozygosity/.snakemake/slurm_logs/rule_GEN_ROH_NEGATIVE_MASK/sharks_HydCol_CM068781.1/10033605.log (check log file(s) for error details)
    shell:
        
        mkdir -p "sharks/HydCol/MSMC/ROH_Negative_Mask"
        python /rds/project/rds-p67MZilb2eQ/projects/VGP/heterozygosity/20250528_ROH_Masker.py
        gzip sharks/HydCol/MSMC/ROH_Negative_Mask/HydCol_CM068781.1_ROH_Mask.bed
        
        (one of the commands exited with non-zero exit code; note that snakemake uses bash strict mode!)
    external_jobid: 10033605

[Wed May 28 16:28:05 2025]
Error in rule GEN_ROH_NEGATIVE_MASK:
    message: SLURM-job '10033606' failed, SLURM status is: 'FAILED'. For further error details see the cluster/cloud log and the log files of the involved rule(s).
    jobid: 371
    input: sharks/HydCol/20250410_CM068774.1_ROH_Results.txt
    output: sharks/HydCol/MSMC/ROH_Negative_Mask/HydCol_CM068774.1_ROH_Mask.bed.gz
    log: /rds/project/rds-p67MZilb2eQ/projects/VGP/heterozygosity/.snakemake/slurm_logs/rule_GEN_ROH_NEGATIVE_MASK/sharks_HydCol_CM068774.1/10033606.log (check log file(s) for error details)
    shell:
        
        mkdir -p "sharks/HydCol/MSMC/ROH_Negative_Mask"
        python /rds/project/rds-p67MZilb2eQ/projects/VGP/heterozygosity/20250528_ROH_Masker.py
        gzip sharks/HydCol/MSMC/ROH_Negative_Mask/HydCol_CM068774.1_ROH_Mask.bed
        
        (one of the commands exited with non-zero exit code; note that snakemake uses bash strict mode!)
    external_jobid: 10033606

[Wed May 28 16:28:05 2025]
Error in rule GEN_ROH_NEGATIVE_MASK:
    message: SLURM-job '10033607' failed, SLURM status is: 'FAILED'. For further error details see the cluster/cloud log and the log files of the involved rule(s).
    jobid: 364
    input: sharks/HydCol/20250410_CM068767.1_ROH_Results.txt
    output: sharks/HydCol/MSMC/ROH_Negative_Mask/HydCol_CM068767.1_ROH_Mask.bed.gz
    log: /rds/project/rds-p67MZilb2eQ/projects/VGP/heterozygosity/.snakemake/slurm_logs/rule_GEN_ROH_NEGATIVE_MASK/sharks_HydCol_CM068767.1/10033607.log (check log file(s) for error details)
    shell:
        
        mkdir -p "sharks/HydCol/MSMC/ROH_Negative_Mask"
        python /rds/project/rds-p67MZilb2eQ/projects/VGP/heterozygosity/20250528_ROH_Masker.py
        gzip sharks/HydCol/MSMC/ROH_Negative_Mask/HydCol_CM068767.1_ROH_Mask.bed
        
        (one of the commands exited with non-zero exit code; note that snakemake uses bash strict mode!)
    external_jobid: 10033607

[Wed May 28 16:28:05 2025]
Error in rule GEN_ROH_NEGATIVE_MASK:
    message: SLURM-job '10033609' failed, SLURM status is: 'FAILED'. For further error details see the cluster/cloud log and the log files of the involved rule(s).
    jobid: 357
    input: sharks/HydCol/20250410_CM068760.1_ROH_Results.txt
    output: sharks/HydCol/MSMC/ROH_Negative_Mask/HydCol_CM068760.1_ROH_Mask.bed.gz
    log: /rds/project/rds-p67MZilb2eQ/projects/VGP/heterozygosity/.snakemake/slurm_logs/rule_GEN_ROH_NEGATIVE_MASK/sharks_HydCol_CM068760.1/10033609.log (check log file(s) for error details)
    shell:
        
        mkdir -p "sharks/HydCol/MSMC/ROH_Negative_Mask"
        python /rds/project/rds-p67MZilb2eQ/projects/VGP/heterozygosity/20250528_ROH_Masker.py
        gzip sharks/HydCol/MSMC/ROH_Negative_Mask/HydCol_CM068760.1_ROH_Mask.bed
        
        (one of the commands exited with non-zero exit code; note that snakemake uses bash strict mode!)
    external_jobid: 10033609

[Wed May 28 16:28:05 2025]
Error in rule GEN_ROH_NEGATIVE_MASK:
    message: SLURM-job '10033610' failed, SLURM status is: 'FAILED'. For further error details see the cluster/cloud log and the log files of the involved rule(s).
    jobid: 350
    input: sharks/HydCol/20250410_CM068753.1_ROH_Results.txt
    output: sharks/HydCol/MSMC/ROH_Negative_Mask/HydCol_CM068753.1_ROH_Mask.bed.gz
    log: /rds/project/rds-p67MZilb2eQ/projects/VGP/heterozygosity/.snakemake/slurm_logs/rule_GEN_ROH_NEGATIVE_MASK/sharks_HydCol_CM068753.1/10033610.log (check log file(s) for error details)
    shell:
        
        mkdir -p "sharks/HydCol/MSMC/ROH_Negative_Mask"
        python /rds/project/rds-p67MZilb2eQ/projects/VGP/heterozygosity/20250528_ROH_Masker.py
        gzip sharks/HydCol/MSMC/ROH_Negative_Mask/HydCol_CM068753.1_ROH_Mask.bed
        
        (one of the commands exited with non-zero exit code; note that snakemake uses bash strict mode!)
    external_jobid: 10033610

[Wed May 28 16:28:05 2025]
Error in rule GEN_ROH_NEGATIVE_MASK:
    message: SLURM-job '10033611' failed, SLURM status is: 'FAILED'. For further error details see the cluster/cloud log and the log files of the involved rule(s).
    jobid: 343
    input: sharks/HydCol/20250410_CM068746.1_ROH_Results.txt
    output: sharks/HydCol/MSMC/ROH_Negative_Mask/HydCol_CM068746.1_ROH_Mask.bed.gz
    log: /rds/project/rds-p67MZilb2eQ/projects/VGP/heterozygosity/.snakemake/slurm_logs/rule_GEN_ROH_NEGATIVE_MASK/sharks_HydCol_CM068746.1/10033611.log (check log file(s) for error details)
    shell:
        
        mkdir -p "sharks/HydCol/MSMC/ROH_Negative_Mask"
        python /rds/project/rds-p67MZilb2eQ/projects/VGP/heterozygosity/20250528_ROH_Masker.py
        gzip sharks/HydCol/MSMC/ROH_Negative_Mask/HydCol_CM068746.1_ROH_Mask.bed
        
        (one of the commands exited with non-zero exit code; note that snakemake uses bash strict mode!)
    external_jobid: 10033611

[Wed May 28 16:28:05 2025]
Error in rule GEN_ROH_NEGATIVE_MASK:
    message: SLURM-job '10033612' failed, SLURM status is: 'FAILED'. For further error details see the cluster/cloud log and the log files of the involved rule(s).
    jobid: 372
    input: sharks/HydCol/20250410_CM068775.1_ROH_Results.txt
    output: sharks/HydCol/MSMC/ROH_Negative_Mask/HydCol_CM068775.1_ROH_Mask.bed.gz
    log: /rds/project/rds-p67MZilb2eQ/projects/VGP/heterozygosity/.snakemake/slurm_logs/rule_GEN_ROH_NEGATIVE_MASK/sharks_HydCol_CM068775.1/10033612.log (check log file(s) for error details)
    shell:
        
        mkdir -p "sharks/HydCol/MSMC/ROH_Negative_Mask"
        python /rds/project/rds-p67MZilb2eQ/projects/VGP/heterozygosity/20250528_ROH_Masker.py
        gzip sharks/HydCol/MSMC/ROH_Negative_Mask/HydCol_CM068775.1_ROH_Mask.bed
        
        (one of the commands exited with non-zero exit code; note that snakemake uses bash strict mode!)
    external_jobid: 10033612

[Wed May 28 16:28:05 2025]
Error in rule GEN_ROH_NEGATIVE_MASK:
    message: SLURM-job '10033613' failed, SLURM status is: 'FAILED'. For further error details see the cluster/cloud log and the log files of the involved rule(s).
    jobid: 365
    input: sharks/HydCol/20250410_CM068768.1_ROH_Results.txt
    output: sharks/HydCol/MSMC/ROH_Negative_Mask/HydCol_CM068768.1_ROH_Mask.bed.gz
    log: /rds/project/rds-p67MZilb2eQ/projects/VGP/heterozygosity/.snakemake/slurm_logs/rule_GEN_ROH_NEGATIVE_MASK/sharks_HydCol_CM068768.1/10033613.log (check log file(s) for error details)
    shell:
        
        mkdir -p "sharks/HydCol/MSMC/ROH_Negative_Mask"
        python /rds/project/rds-p67MZilb2eQ/projects/VGP/heterozygosity/20250528_ROH_Masker.py
        gzip sharks/HydCol/MSMC/ROH_Negative_Mask/HydCol_CM068768.1_ROH_Mask.bed
        
        (one of the commands exited with non-zero exit code; note that snakemake uses bash strict mode!)
    external_jobid: 10033613

[Wed May 28 16:28:05 2025]
Error in rule GEN_ROH_NEGATIVE_MASK:
    message: SLURM-job '10033614' failed, SLURM status is: 'FAILED'. For further error details see the cluster/cloud log and the log files of the involved rule(s).
    jobid: 358
    input: sharks/HydCol/20250410_CM068761.1_ROH_Results.txt
    output: sharks/HydCol/MSMC/ROH_Negative_Mask/HydCol_CM068761.1_ROH_Mask.bed.gz
    log: /rds/project/rds-p67MZilb2eQ/projects/VGP/heterozygosity/.snakemake/slurm_logs/rule_GEN_ROH_NEGATIVE_MASK/sharks_HydCol_CM068761.1/10033614.log (check log file(s) for error details)
    shell:
        
        mkdir -p "sharks/HydCol/MSMC/ROH_Negative_Mask"
        python /rds/project/rds-p67MZilb2eQ/projects/VGP/heterozygosity/20250528_ROH_Masker.py
        gzip sharks/HydCol/MSMC/ROH_Negative_Mask/HydCol_CM068761.1_ROH_Mask.bed
        
        (one of the commands exited with non-zero exit code; note that snakemake uses bash strict mode!)
    external_jobid: 10033614

[Wed May 28 16:28:05 2025]
Error in rule GEN_ROH_NEGATIVE_MASK:
    message: SLURM-job '10033623' failed, SLURM status is: 'FAILED'. For further error details see the cluster/cloud log and the log files of the involved rule(s).
    jobid: 351
    input: sharks/HydCol/20250410_CM068754.1_ROH_Results.txt
    output: sharks/HydCol/MSMC/ROH_Negative_Mask/HydCol_CM068754.1_ROH_Mask.bed.gz
    log: /rds/project/rds-p67MZilb2eQ/projects/VGP/heterozygosity/.snakemake/slurm_logs/rule_GEN_ROH_NEGATIVE_MASK/sharks_HydCol_CM068754.1/10033623.log (check log file(s) for error details)
    shell:
        
        mkdir -p "sharks/HydCol/MSMC/ROH_Negative_Mask"
        python /rds/project/rds-p67MZilb2eQ/projects/VGP/heterozygosity/20250528_ROH_Masker.py
        gzip sharks/HydCol/MSMC/ROH_Negative_Mask/HydCol_CM068754.1_ROH_Mask.bed
        
        (one of the commands exited with non-zero exit code; note that snakemake uses bash strict mode!)
    external_jobid: 10033623

[Wed May 28 16:28:05 2025]
Error in rule GEN_ROH_NEGATIVE_MASK:
    message: SLURM-job '10033624' failed, SLURM status is: 'FAILED'. For further error details see the cluster/cloud log and the log files of the involved rule(s).
    jobid: 376
    input: sharks/HydCol/20250410_CM068779.1_ROH_Results.txt
    output: sharks/HydCol/MSMC/ROH_Negative_Mask/HydCol_CM068779.1_ROH_Mask.bed.gz
    log: /rds/project/rds-p67MZilb2eQ/projects/VGP/heterozygosity/.snakemake/slurm_logs/rule_GEN_ROH_NEGATIVE_MASK/sharks_HydCol_CM068779.1/10033624.log (check log file(s) for error details)
    shell:
        
        mkdir -p "sharks/HydCol/MSMC/ROH_Negative_Mask"
        python /rds/project/rds-p67MZilb2eQ/projects/VGP/heterozygosity/20250528_ROH_Masker.py
        gzip sharks/HydCol/MSMC/ROH_Negative_Mask/HydCol_CM068779.1_ROH_Mask.bed
        
        (one of the commands exited with non-zero exit code; note that snakemake uses bash strict mode!)
    external_jobid: 10033624

[Wed May 28 16:28:05 2025]
Error in rule GEN_ROH_NEGATIVE_MASK:
    message: SLURM-job '10033625' failed, SLURM status is: 'FAILED'. For further error details see the cluster/cloud log and the log files of the involved rule(s).
    jobid: 369
    input: sharks/HydCol/20250410_CM068772.1_ROH_Results.txt
    output: sharks/HydCol/MSMC/ROH_Negative_Mask/HydCol_CM068772.1_ROH_Mask.bed.gz
    log: /rds/project/rds-p67MZilb2eQ/projects/VGP/heterozygosity/.snakemake/slurm_logs/rule_GEN_ROH_NEGATIVE_MASK/sharks_HydCol_CM068772.1/10033625.log (check log file(s) for error details)
    shell:
        
        mkdir -p "sharks/HydCol/MSMC/ROH_Negative_Mask"
        python /rds/project/rds-p67MZilb2eQ/projects/VGP/heterozygosity/20250528_ROH_Masker.py
        gzip sharks/HydCol/MSMC/ROH_Negative_Mask/HydCol_CM068772.1_ROH_Mask.bed
        
        (one of the commands exited with non-zero exit code; note that snakemake uses bash strict mode!)
    external_jobid: 10033625

[Wed May 28 16:28:05 2025]
Error in rule GEN_ROH_NEGATIVE_MASK:
    message: SLURM-job '10033626' failed, SLURM status is: 'FAILED'. For further error details see the cluster/cloud log and the log files of the involved rule(s).
    jobid: 362
    input: sharks/HydCol/20250410_CM068765.1_ROH_Results.txt
    output: sharks/HydCol/MSMC/ROH_Negative_Mask/HydCol_CM068765.1_ROH_Mask.bed.gz
    log: /rds/project/rds-p67MZilb2eQ/projects/VGP/heterozygosity/.snakemake/slurm_logs/rule_GEN_ROH_NEGATIVE_MASK/sharks_HydCol_CM068765.1/10033626.log (check log file(s) for error details)
    shell:
        
        mkdir -p "sharks/HydCol/MSMC/ROH_Negative_Mask"
        python /rds/project/rds-p67MZilb2eQ/projects/VGP/heterozygosity/20250528_ROH_Masker.py
        gzip sharks/HydCol/MSMC/ROH_Negative_Mask/HydCol_CM068765.1_ROH_Mask.bed
        
        (one of the commands exited with non-zero exit code; note that snakemake uses bash strict mode!)
    external_jobid: 10033626

[Wed May 28 16:28:05 2025]
Error in rule GEN_ROH_NEGATIVE_MASK:
    message: SLURM-job '10033627' failed, SLURM status is: 'FAILED'. For further error details see the cluster/cloud log and the log files of the involved rule(s).
    jobid: 355
    input: sharks/HydCol/20250410_CM068758.1_ROH_Results.txt
    output: sharks/HydCol/MSMC/ROH_Negative_Mask/HydCol_CM068758.1_ROH_Mask.bed.gz
    log: /rds/project/rds-p67MZilb2eQ/projects/VGP/heterozygosity/.snakemake/slurm_logs/rule_GEN_ROH_NEGATIVE_MASK/sharks_HydCol_CM068758.1/10033627.log (check log file(s) for error details)
    shell:
        
        mkdir -p "sharks/HydCol/MSMC/ROH_Negative_Mask"
        python /rds/project/rds-p67MZilb2eQ/projects/VGP/heterozygosity/20250528_ROH_Masker.py
        gzip sharks/HydCol/MSMC/ROH_Negative_Mask/HydCol_CM068758.1_ROH_Mask.bed
        
        (one of the commands exited with non-zero exit code; note that snakemake uses bash strict mode!)
    external_jobid: 10033627

[Wed May 28 16:28:05 2025]
Error in rule GEN_ROH_NEGATIVE_MASK:
    message: SLURM-job '10033628' failed, SLURM status is: 'FAILED'. For further error details see the cluster/cloud log and the log files of the involved rule(s).
    jobid: 348
    input: sharks/HydCol/20250410_CM068751.1_ROH_Results.txt
    output: sharks/HydCol/MSMC/ROH_Negative_Mask/HydCol_CM068751.1_ROH_Mask.bed.gz
    log: /rds/project/rds-p67MZilb2eQ/projects/VGP/heterozygosity/.snakemake/slurm_logs/rule_GEN_ROH_NEGATIVE_MASK/sharks_HydCol_CM068751.1/10033628.log (check log file(s) for error details)
    shell:
        
        mkdir -p "sharks/HydCol/MSMC/ROH_Negative_Mask"
        python /rds/project/rds-p67MZilb2eQ/projects/VGP/heterozygosity/20250528_ROH_Masker.py
        gzip sharks/HydCol/MSMC/ROH_Negative_Mask/HydCol_CM068751.1_ROH_Mask.bed
        
        (one of the commands exited with non-zero exit code; note that snakemake uses bash strict mode!)
    external_jobid: 10033628

[Wed May 28 16:28:05 2025]
Error in rule GEN_ROH_NEGATIVE_MASK:
    message: SLURM-job '10033630' failed, SLURM status is: 'FAILED'. For further error details see the cluster/cloud log and the log files of the involved rule(s).
    jobid: 373
    input: sharks/HydCol/20250410_CM068776.1_ROH_Results.txt
    output: sharks/HydCol/MSMC/ROH_Negative_Mask/HydCol_CM068776.1_ROH_Mask.bed.gz
    log: /rds/project/rds-p67MZilb2eQ/projects/VGP/heterozygosity/.snakemake/slurm_logs/rule_GEN_ROH_NEGATIVE_MASK/sharks_HydCol_CM068776.1/10033630.log (check log file(s) for error details)
    shell:
        
        mkdir -p "sharks/HydCol/MSMC/ROH_Negative_Mask"
        python /rds/project/rds-p67MZilb2eQ/projects/VGP/heterozygosity/20250528_ROH_Masker.py
        gzip sharks/HydCol/MSMC/ROH_Negative_Mask/HydCol_CM068776.1_ROH_Mask.bed
        
        (one of the commands exited with non-zero exit code; note that snakemake uses bash strict mode!)
    external_jobid: 10033630

[Wed May 28 16:28:56 2025]
Error in rule GEN_ROH_NEGATIVE_MASK:
    message: SLURM-job '10033622' failed, SLURM status is: 'FAILED'. For further error details see the cluster/cloud log and the log files of the involved rule(s).
    jobid: 370
    input: sharks/HydCol/20250410_CM068773.1_ROH_Results.txt
    output: sharks/HydCol/MSMC/ROH_Negative_Mask/HydCol_CM068773.1_ROH_Mask.bed.gz
    log: /rds/project/rds-p67MZilb2eQ/projects/VGP/heterozygosity/.snakemake/slurm_logs/rule_GEN_ROH_NEGATIVE_MASK/sharks_HydCol_CM068773.1/10033622.log (check log file(s) for error details)
    shell:
        
        mkdir -p "sharks/HydCol/MSMC/ROH_Negative_Mask"
        python /rds/project/rds-p67MZilb2eQ/projects/VGP/heterozygosity/20250528_ROH_Masker.py
        gzip sharks/HydCol/MSMC/ROH_Negative_Mask/HydCol_CM068773.1_ROH_Mask.bed
        
        (one of the commands exited with non-zero exit code; note that snakemake uses bash strict mode!)
    external_jobid: 10033622

[Wed May 28 16:28:56 2025]
Error in rule GEN_ROH_NEGATIVE_MASK:
    message: SLURM-job '10033631' failed, SLURM status is: 'FAILED'. For further error details see the cluster/cloud log and the log files of the involved rule(s).
    jobid: 341
    input: sharks/HydCol/20250410_CM068744.1_ROH_Results.txt
    output: sharks/HydCol/MSMC/ROH_Negative_Mask/HydCol_CM068744.1_ROH_Mask.bed.gz
    log: /rds/project/rds-p67MZilb2eQ/projects/VGP/heterozygosity/.snakemake/slurm_logs/rule_GEN_ROH_NEGATIVE_MASK/sharks_HydCol_CM068744.1/10033631.log (check log file(s) for error details)
    shell:
        
        mkdir -p "sharks/HydCol/MSMC/ROH_Negative_Mask"
        python /rds/project/rds-p67MZilb2eQ/projects/VGP/heterozygosity/20250528_ROH_Masker.py
        gzip sharks/HydCol/MSMC/ROH_Negative_Mask/HydCol_CM068744.1_ROH_Mask.bed
        
        (one of the commands exited with non-zero exit code; note that snakemake uses bash strict mode!)
    external_jobid: 10033631

[Wed May 28 16:28:56 2025]
Error in rule GEN_ROH_NEGATIVE_MASK:
    message: SLURM-job '10033632' failed, SLURM status is: 'FAILED'. For further error details see the cluster/cloud log and the log files of the involved rule(s).
    jobid: 377
    input: sharks/HydCol/20250410_CM068780.1_ROH_Results.txt
    output: sharks/HydCol/MSMC/ROH_Negative_Mask/HydCol_CM068780.1_ROH_Mask.bed.gz
    log: /rds/project/rds-p67MZilb2eQ/projects/VGP/heterozygosity/.snakemake/slurm_logs/rule_GEN_ROH_NEGATIVE_MASK/sharks_HydCol_CM068780.1/10033632.log (check log file(s) for error details)
    shell:
        
        mkdir -p "sharks/HydCol/MSMC/ROH_Negative_Mask"
        python /rds/project/rds-p67MZilb2eQ/projects/VGP/heterozygosity/20250528_ROH_Masker.py
        gzip sharks/HydCol/MSMC/ROH_Negative_Mask/HydCol_CM068780.1_ROH_Mask.bed
        
        (one of the commands exited with non-zero exit code; note that snakemake uses bash strict mode!)
    external_jobid: 10033632

Exiting because a job execution failed. Look above for error message
Complete log: .snakemake/log/2025-05-28T162553.955522.snakemake.log
WorkflowError:
At least one job did not complete successfully.
