host: login-q-4
Building DAG of jobs...
SLURM run ID: b16d88bf-9b7a-40b4-a0d1-dde7f81b8915
Using shell: /usr/bin/bash
Provided remote nodes: 25
Job stats:
job                 count
----------------  -------
MAIN_MULTIHETSEP       21
PLOT_MSMC               1
RUN_PRIMARY_MSMC        1
all                     1
total                  24

Select jobs to execute...
Execute 21 jobs...

[Fri May 23 13:58:49 2025]
rule MAIN_MULTIHETSEP:
    input: sharks/HypSab/NC_082713.1.recode.vcf.gz, sharks/HypSab/MSMC/Output_Bed/NC_082713.1/NC_082713.1_95.txt, sharks/HypSab/MSMC/Output_bam_caller_BED/NC_082713.1_modified_bed.txt.gz, sharks/HypSab/MSMC/Output_indel_BED_file/NC_082713.1_indel_bed.txt
    output: sharks/HypSab/MSMC/Output_multihet_filtered_95/NC_082713.1_multihet.txt
    jobid: 551
    reason: Updated input files: sharks/HypSab/MSMC/Output_bam_caller_BED/NC_082713.1_modified_bed.txt.gz, sharks/HypSab/NC_082713.1.recode.vcf.gz
    wildcards: CLADE=sharks, SPEC_NAME=HypSab, CHROM=NC_082713.1
    resources: mem_mb=10000, mem_mib=9537, disk_mb=1000, disk_mib=954, tmpdir=<TBD>, slurm_account=DURBIN-SL2-CPU, slurm_partition=cclake-himem, runtime=60

Job 551 has been submitted with SLURM jobid 9805845 (log: /rds/project/rds-p67MZilb2eQ/projects/VGP/heterozygosity/.snakemake/slurm_logs/rule_MAIN_MULTIHETSEP/sharks_HypSab_NC_082713.1/9805845.log).

[Fri May 23 13:58:49 2025]
rule MAIN_MULTIHETSEP:
    input: sharks/HypSab/NC_082728.1.recode.vcf.gz, sharks/HypSab/MSMC/Output_Bed/NC_082728.1/NC_082728.1_95.txt, sharks/HypSab/MSMC/Output_bam_caller_BED/NC_082728.1_modified_bed.txt.gz, sharks/HypSab/MSMC/Output_indel_BED_file/NC_082728.1_indel_bed.txt
    output: sharks/HypSab/MSMC/Output_multihet_filtered_95/NC_082728.1_multihet.txt
    jobid: 566
    reason: Updated input files: sharks/HypSab/NC_082728.1.recode.vcf.gz, sharks/HypSab/MSMC/Output_bam_caller_BED/NC_082728.1_modified_bed.txt.gz
    wildcards: CLADE=sharks, SPEC_NAME=HypSab, CHROM=NC_082728.1
    resources: mem_mb=10000, mem_mib=9537, disk_mb=1000, disk_mib=954, tmpdir=<TBD>, slurm_account=DURBIN-SL2-CPU, slurm_partition=cclake-himem, runtime=60

Job 566 has been submitted with SLURM jobid 9805846 (log: /rds/project/rds-p67MZilb2eQ/projects/VGP/heterozygosity/.snakemake/slurm_logs/rule_MAIN_MULTIHETSEP/sharks_HypSab_NC_082728.1/9805846.log).

[Fri May 23 13:58:49 2025]
rule MAIN_MULTIHETSEP:
    input: sharks/HypSab/NC_082721.1.recode.vcf.gz, sharks/HypSab/MSMC/Output_Bed/NC_082721.1/NC_082721.1_95.txt, sharks/HypSab/MSMC/Output_bam_caller_BED/NC_082721.1_modified_bed.txt.gz, sharks/HypSab/MSMC/Output_indel_BED_file/NC_082721.1_indel_bed.txt
    output: sharks/HypSab/MSMC/Output_multihet_filtered_95/NC_082721.1_multihet.txt
    jobid: 559
    reason: Forced execution
    wildcards: CLADE=sharks, SPEC_NAME=HypSab, CHROM=NC_082721.1
    resources: mem_mb=10000, mem_mib=9537, disk_mb=1000, disk_mib=954, tmpdir=<TBD>, slurm_account=DURBIN-SL2-CPU, slurm_partition=cclake-himem, runtime=60

Job 559 has been submitted with SLURM jobid 9805847 (log: /rds/project/rds-p67MZilb2eQ/projects/VGP/heterozygosity/.snakemake/slurm_logs/rule_MAIN_MULTIHETSEP/sharks_HypSab_NC_082721.1/9805847.log).

[Fri May 23 13:58:50 2025]
rule MAIN_MULTIHETSEP:
    input: sharks/HypSab/NC_082714.1.recode.vcf.gz, sharks/HypSab/MSMC/Output_Bed/NC_082714.1/NC_082714.1_95.txt, sharks/HypSab/MSMC/Output_bam_caller_BED/NC_082714.1_modified_bed.txt.gz, sharks/HypSab/MSMC/Output_indel_BED_file/NC_082714.1_indel_bed.txt
    output: sharks/HypSab/MSMC/Output_multihet_filtered_95/NC_082714.1_multihet.txt
    jobid: 552
    reason: Forced execution
    wildcards: CLADE=sharks, SPEC_NAME=HypSab, CHROM=NC_082714.1
    resources: mem_mb=10000, mem_mib=9537, disk_mb=1000, disk_mib=954, tmpdir=<TBD>, slurm_account=DURBIN-SL2-CPU, slurm_partition=cclake-himem, runtime=60

Job 552 has been submitted with SLURM jobid 9805848 (log: /rds/project/rds-p67MZilb2eQ/projects/VGP/heterozygosity/.snakemake/slurm_logs/rule_MAIN_MULTIHETSEP/sharks_HypSab_NC_082714.1/9805848.log).

[Fri May 23 13:58:50 2025]
rule MAIN_MULTIHETSEP:
    input: sharks/HypSab/NC_082729.1.recode.vcf.gz, sharks/HypSab/MSMC/Output_Bed/NC_082729.1/NC_082729.1_95.txt, sharks/HypSab/MSMC/Output_bam_caller_BED/NC_082729.1_modified_bed.txt.gz, sharks/HypSab/MSMC/Output_indel_BED_file/NC_082729.1_indel_bed.txt
    output: sharks/HypSab/MSMC/Output_multihet_filtered_95/NC_082729.1_multihet.txt
    jobid: 567
    reason: Forced execution
    wildcards: CLADE=sharks, SPEC_NAME=HypSab, CHROM=NC_082729.1
    resources: mem_mb=10000, mem_mib=9537, disk_mb=1000, disk_mib=954, tmpdir=<TBD>, slurm_account=DURBIN-SL2-CPU, slurm_partition=cclake-himem, runtime=60

Job 567 has been submitted with SLURM jobid 9805849 (log: /rds/project/rds-p67MZilb2eQ/projects/VGP/heterozygosity/.snakemake/slurm_logs/rule_MAIN_MULTIHETSEP/sharks_HypSab_NC_082729.1/9805849.log).

[Fri May 23 13:58:50 2025]
rule MAIN_MULTIHETSEP:
    input: sharks/HypSab/NC_082722.1.recode.vcf.gz, sharks/HypSab/MSMC/Output_Bed/NC_082722.1/NC_082722.1_95.txt, sharks/HypSab/MSMC/Output_bam_caller_BED/NC_082722.1_modified_bed.txt.gz, sharks/HypSab/MSMC/Output_indel_BED_file/NC_082722.1_indel_bed.txt
    output: sharks/HypSab/MSMC/Output_multihet_filtered_95/NC_082722.1_multihet.txt
    jobid: 560
    reason: Forced execution
    wildcards: CLADE=sharks, SPEC_NAME=HypSab, CHROM=NC_082722.1
    resources: mem_mb=10000, mem_mib=9537, disk_mb=1000, disk_mib=954, tmpdir=<TBD>, slurm_account=DURBIN-SL2-CPU, slurm_partition=cclake-himem, runtime=60

Job 560 has been submitted with SLURM jobid 9805850 (log: /rds/project/rds-p67MZilb2eQ/projects/VGP/heterozygosity/.snakemake/slurm_logs/rule_MAIN_MULTIHETSEP/sharks_HypSab_NC_082722.1/9805850.log).

[Fri May 23 13:58:50 2025]
rule MAIN_MULTIHETSEP:
    input: sharks/HypSab/NC_082715.1.recode.vcf.gz, sharks/HypSab/MSMC/Output_Bed/NC_082715.1/NC_082715.1_95.txt, sharks/HypSab/MSMC/Output_bam_caller_BED/NC_082715.1_modified_bed.txt.gz, sharks/HypSab/MSMC/Output_indel_BED_file/NC_082715.1_indel_bed.txt
    output: sharks/HypSab/MSMC/Output_multihet_filtered_95/NC_082715.1_multihet.txt
    jobid: 553
    reason: Forced execution
    wildcards: CLADE=sharks, SPEC_NAME=HypSab, CHROM=NC_082715.1
    resources: mem_mb=10000, mem_mib=9537, disk_mb=1000, disk_mib=954, tmpdir=<TBD>, slurm_account=DURBIN-SL2-CPU, slurm_partition=cclake-himem, runtime=60

Job 553 has been submitted with SLURM jobid 9805851 (log: /rds/project/rds-p67MZilb2eQ/projects/VGP/heterozygosity/.snakemake/slurm_logs/rule_MAIN_MULTIHETSEP/sharks_HypSab_NC_082715.1/9805851.log).

[Fri May 23 13:58:50 2025]
rule MAIN_MULTIHETSEP:
    input: sharks/HypSab/NC_082708.1.recode.vcf.gz, sharks/HypSab/MSMC/Output_Bed/NC_082708.1/NC_082708.1_95.txt, sharks/HypSab/MSMC/Output_bam_caller_BED/NC_082708.1_modified_bed.txt.gz, sharks/HypSab/MSMC/Output_indel_BED_file/NC_082708.1_indel_bed.txt
    output: sharks/HypSab/MSMC/Output_multihet_filtered_95/NC_082708.1_multihet.txt
    jobid: 546
    reason: Forced execution
    wildcards: CLADE=sharks, SPEC_NAME=HypSab, CHROM=NC_082708.1
    resources: mem_mb=10000, mem_mib=9537, disk_mb=1000, disk_mib=954, tmpdir=<TBD>, slurm_account=DURBIN-SL2-CPU, slurm_partition=cclake-himem, runtime=60

Job 546 has been submitted with SLURM jobid 9805852 (log: /rds/project/rds-p67MZilb2eQ/projects/VGP/heterozygosity/.snakemake/slurm_logs/rule_MAIN_MULTIHETSEP/sharks_HypSab_NC_082708.1/9805852.log).

[Fri May 23 13:58:50 2025]
rule MAIN_MULTIHETSEP:
    input: sharks/HypSab/NC_082737.1.recode.vcf.gz, sharks/HypSab/MSMC/Output_Bed/NC_082737.1/NC_082737.1_95.txt, sharks/HypSab/MSMC/Output_bam_caller_BED/NC_082737.1_modified_bed.txt.gz, sharks/HypSab/MSMC/Output_indel_BED_file/NC_082737.1_indel_bed.txt
    output: sharks/HypSab/MSMC/Output_multihet_filtered_95/NC_082737.1_multihet.txt
    jobid: 575
    reason: Forced execution
    wildcards: CLADE=sharks, SPEC_NAME=HypSab, CHROM=NC_082737.1
    resources: mem_mb=10000, mem_mib=9537, disk_mb=1000, disk_mib=954, tmpdir=<TBD>, slurm_account=DURBIN-SL2-CPU, slurm_partition=cclake-himem, runtime=60

Job 575 has been submitted with SLURM jobid 9805853 (log: /rds/project/rds-p67MZilb2eQ/projects/VGP/heterozygosity/.snakemake/slurm_logs/rule_MAIN_MULTIHETSEP/sharks_HypSab_NC_082737.1/9805853.log).

[Fri May 23 13:58:51 2025]
rule MAIN_MULTIHETSEP:
    input: sharks/HypSab/NC_082730.1.recode.vcf.gz, sharks/HypSab/MSMC/Output_Bed/NC_082730.1/NC_082730.1_95.txt, sharks/HypSab/MSMC/Output_bam_caller_BED/NC_082730.1_modified_bed.txt.gz, sharks/HypSab/MSMC/Output_indel_BED_file/NC_082730.1_indel_bed.txt
    output: sharks/HypSab/MSMC/Output_multihet_filtered_95/NC_082730.1_multihet.txt
    jobid: 568
    reason: Forced execution
    wildcards: CLADE=sharks, SPEC_NAME=HypSab, CHROM=NC_082730.1
    resources: mem_mb=10000, mem_mib=9537, disk_mb=1000, disk_mib=954, tmpdir=<TBD>, slurm_account=DURBIN-SL2-CPU, slurm_partition=cclake-himem, runtime=60

Job 568 has been submitted with SLURM jobid 9805854 (log: /rds/project/rds-p67MZilb2eQ/projects/VGP/heterozygosity/.snakemake/slurm_logs/rule_MAIN_MULTIHETSEP/sharks_HypSab_NC_082730.1/9805854.log).

[Fri May 23 13:58:51 2025]
rule MAIN_MULTIHETSEP:
    input: sharks/HypSab/NC_082723.1.recode.vcf.gz, sharks/HypSab/MSMC/Output_Bed/NC_082723.1/NC_082723.1_95.txt, sharks/HypSab/MSMC/Output_bam_caller_BED/NC_082723.1_modified_bed.txt.gz, sharks/HypSab/MSMC/Output_indel_BED_file/NC_082723.1_indel_bed.txt
    output: sharks/HypSab/MSMC/Output_multihet_filtered_95/NC_082723.1_multihet.txt
    jobid: 561
    reason: Forced execution
    wildcards: CLADE=sharks, SPEC_NAME=HypSab, CHROM=NC_082723.1
    resources: mem_mb=10000, mem_mib=9537, disk_mb=1000, disk_mib=954, tmpdir=<TBD>, slurm_account=DURBIN-SL2-CPU, slurm_partition=cclake-himem, runtime=60

Job 561 has been submitted with SLURM jobid 9805855 (log: /rds/project/rds-p67MZilb2eQ/projects/VGP/heterozygosity/.snakemake/slurm_logs/rule_MAIN_MULTIHETSEP/sharks_HypSab_NC_082723.1/9805855.log).

[Fri May 23 13:58:51 2025]
rule MAIN_MULTIHETSEP:
    input: sharks/HypSab/NC_082716.1.recode.vcf.gz, sharks/HypSab/MSMC/Output_Bed/NC_082716.1/NC_082716.1_95.txt, sharks/HypSab/MSMC/Output_bam_caller_BED/NC_082716.1_modified_bed.txt.gz, sharks/HypSab/MSMC/Output_indel_BED_file/NC_082716.1_indel_bed.txt
    output: sharks/HypSab/MSMC/Output_multihet_filtered_95/NC_082716.1_multihet.txt
    jobid: 554
    reason: Forced execution
    wildcards: CLADE=sharks, SPEC_NAME=HypSab, CHROM=NC_082716.1
    resources: mem_mb=10000, mem_mib=9537, disk_mb=1000, disk_mib=954, tmpdir=<TBD>, slurm_account=DURBIN-SL2-CPU, slurm_partition=cclake-himem, runtime=60

Job 554 has been submitted with SLURM jobid 9805856 (log: /rds/project/rds-p67MZilb2eQ/projects/VGP/heterozygosity/.snakemake/slurm_logs/rule_MAIN_MULTIHETSEP/sharks_HypSab_NC_082716.1/9805856.log).

[Fri May 23 13:58:51 2025]
rule MAIN_MULTIHETSEP:
    input: sharks/HypSab/NC_082709.1.recode.vcf.gz, sharks/HypSab/MSMC/Output_Bed/NC_082709.1/NC_082709.1_95.txt, sharks/HypSab/MSMC/Output_bam_caller_BED/NC_082709.1_modified_bed.txt.gz, sharks/HypSab/MSMC/Output_indel_BED_file/NC_082709.1_indel_bed.txt
    output: sharks/HypSab/MSMC/Output_multihet_filtered_95/NC_082709.1_multihet.txt
    jobid: 547
    reason: Forced execution
    wildcards: CLADE=sharks, SPEC_NAME=HypSab, CHROM=NC_082709.1
    resources: mem_mb=10000, mem_mib=9537, disk_mb=1000, disk_mib=954, tmpdir=<TBD>, slurm_account=DURBIN-SL2-CPU, slurm_partition=cclake-himem, runtime=60

Job 547 has been submitted with SLURM jobid 9805857 (log: /rds/project/rds-p67MZilb2eQ/projects/VGP/heterozygosity/.snakemake/slurm_logs/rule_MAIN_MULTIHETSEP/sharks_HypSab_NC_082709.1/9805857.log).

[Fri May 23 13:58:51 2025]
rule MAIN_MULTIHETSEP:
    input: sharks/HypSab/NC_082731.1.recode.vcf.gz, sharks/HypSab/MSMC/Output_Bed/NC_082731.1/NC_082731.1_95.txt, sharks/HypSab/MSMC/Output_bam_caller_BED/NC_082731.1_modified_bed.txt.gz, sharks/HypSab/MSMC/Output_indel_BED_file/NC_082731.1_indel_bed.txt
    output: sharks/HypSab/MSMC/Output_multihet_filtered_95/NC_082731.1_multihet.txt
    jobid: 569
    reason: Forced execution
    wildcards: CLADE=sharks, SPEC_NAME=HypSab, CHROM=NC_082731.1
    resources: mem_mb=10000, mem_mib=9537, disk_mb=1000, disk_mib=954, tmpdir=<TBD>, slurm_account=DURBIN-SL2-CPU, slurm_partition=cclake-himem, runtime=60

Job 569 has been submitted with SLURM jobid 9805858 (log: /rds/project/rds-p67MZilb2eQ/projects/VGP/heterozygosity/.snakemake/slurm_logs/rule_MAIN_MULTIHETSEP/sharks_HypSab_NC_082731.1/9805858.log).

[Fri May 23 13:58:52 2025]
rule MAIN_MULTIHETSEP:
    input: sharks/HypSab/NC_082724.1.recode.vcf.gz, sharks/HypSab/MSMC/Output_Bed/NC_082724.1/NC_082724.1_95.txt, sharks/HypSab/MSMC/Output_bam_caller_BED/NC_082724.1_modified_bed.txt.gz, sharks/HypSab/MSMC/Output_indel_BED_file/NC_082724.1_indel_bed.txt
    output: sharks/HypSab/MSMC/Output_multihet_filtered_95/NC_082724.1_multihet.txt
    jobid: 562
    reason: Forced execution
    wildcards: CLADE=sharks, SPEC_NAME=HypSab, CHROM=NC_082724.1
    resources: mem_mb=10000, mem_mib=9537, disk_mb=1000, disk_mib=954, tmpdir=<TBD>, slurm_account=DURBIN-SL2-CPU, slurm_partition=cclake-himem, runtime=60

Job 562 has been submitted with SLURM jobid 9805859 (log: /rds/project/rds-p67MZilb2eQ/projects/VGP/heterozygosity/.snakemake/slurm_logs/rule_MAIN_MULTIHETSEP/sharks_HypSab_NC_082724.1/9805859.log).

[Fri May 23 13:58:52 2025]
rule MAIN_MULTIHETSEP:
    input: sharks/HypSab/NC_082717.1.recode.vcf.gz, sharks/HypSab/MSMC/Output_Bed/NC_082717.1/NC_082717.1_95.txt, sharks/HypSab/MSMC/Output_bam_caller_BED/NC_082717.1_modified_bed.txt.gz, sharks/HypSab/MSMC/Output_indel_BED_file/NC_082717.1_indel_bed.txt
    output: sharks/HypSab/MSMC/Output_multihet_filtered_95/NC_082717.1_multihet.txt
    jobid: 555
    reason: Forced execution
    wildcards: CLADE=sharks, SPEC_NAME=HypSab, CHROM=NC_082717.1
    resources: mem_mb=10000, mem_mib=9537, disk_mb=1000, disk_mib=954, tmpdir=<TBD>, slurm_account=DURBIN-SL2-CPU, slurm_partition=cclake-himem, runtime=60

Job 555 has been submitted with SLURM jobid 9805860 (log: /rds/project/rds-p67MZilb2eQ/projects/VGP/heterozygosity/.snakemake/slurm_logs/rule_MAIN_MULTIHETSEP/sharks_HypSab_NC_082717.1/9805860.log).

[Fri May 23 13:58:52 2025]
rule MAIN_MULTIHETSEP:
    input: sharks/HypSab/NC_082732.1.recode.vcf.gz, sharks/HypSab/MSMC/Output_Bed/NC_082732.1/NC_082732.1_95.txt, sharks/HypSab/MSMC/Output_bam_caller_BED/NC_082732.1_modified_bed.txt.gz, sharks/HypSab/MSMC/Output_indel_BED_file/NC_082732.1_indel_bed.txt
    output: sharks/HypSab/MSMC/Output_multihet_filtered_95/NC_082732.1_multihet.txt
    jobid: 570
    reason: Updated input files: sharks/HypSab/MSMC/Output_bam_caller_BED/NC_082732.1_modified_bed.txt.gz, sharks/HypSab/NC_082732.1.recode.vcf.gz
    wildcards: CLADE=sharks, SPEC_NAME=HypSab, CHROM=NC_082732.1
    resources: mem_mb=10000, mem_mib=9537, disk_mb=1000, disk_mib=954, tmpdir=<TBD>, slurm_account=DURBIN-SL2-CPU, slurm_partition=cclake-himem, runtime=60

Job 570 has been submitted with SLURM jobid 9805861 (log: /rds/project/rds-p67MZilb2eQ/projects/VGP/heterozygosity/.snakemake/slurm_logs/rule_MAIN_MULTIHETSEP/sharks_HypSab_NC_082732.1/9805861.log).

[Fri May 23 13:58:52 2025]
rule MAIN_MULTIHETSEP:
    input: sharks/HypSab/NC_082726.1.recode.vcf.gz, sharks/HypSab/MSMC/Output_Bed/NC_082726.1/NC_082726.1_95.txt, sharks/HypSab/MSMC/Output_bam_caller_BED/NC_082726.1_modified_bed.txt.gz, sharks/HypSab/MSMC/Output_indel_BED_file/NC_082726.1_indel_bed.txt
    output: sharks/HypSab/MSMC/Output_multihet_filtered_95/NC_082726.1_multihet.txt
    jobid: 564
    reason: Forced execution
    wildcards: CLADE=sharks, SPEC_NAME=HypSab, CHROM=NC_082726.1
    resources: mem_mb=10000, mem_mib=9537, disk_mb=1000, disk_mib=954, tmpdir=<TBD>, slurm_account=DURBIN-SL2-CPU, slurm_partition=cclake-himem, runtime=60

Job 564 has been submitted with SLURM jobid 9805862 (log: /rds/project/rds-p67MZilb2eQ/projects/VGP/heterozygosity/.snakemake/slurm_logs/rule_MAIN_MULTIHETSEP/sharks_HypSab_NC_082726.1/9805862.log).

[Fri May 23 13:58:52 2025]
rule MAIN_MULTIHETSEP:
    input: sharks/HypSab/NC_082719.1.recode.vcf.gz, sharks/HypSab/MSMC/Output_Bed/NC_082719.1/NC_082719.1_95.txt, sharks/HypSab/MSMC/Output_bam_caller_BED/NC_082719.1_modified_bed.txt.gz, sharks/HypSab/MSMC/Output_indel_BED_file/NC_082719.1_indel_bed.txt
    output: sharks/HypSab/MSMC/Output_multihet_filtered_95/NC_082719.1_multihet.txt
    jobid: 557
    reason: Forced execution
    wildcards: CLADE=sharks, SPEC_NAME=HypSab, CHROM=NC_082719.1
    resources: mem_mb=10000, mem_mib=9537, disk_mb=1000, disk_mib=954, tmpdir=<TBD>, slurm_account=DURBIN-SL2-CPU, slurm_partition=cclake-himem, runtime=60

Job 557 has been submitted with SLURM jobid 9805863 (log: /rds/project/rds-p67MZilb2eQ/projects/VGP/heterozygosity/.snakemake/slurm_logs/rule_MAIN_MULTIHETSEP/sharks_HypSab_NC_082719.1/9805863.log).

[Fri May 23 13:58:52 2025]
rule MAIN_MULTIHETSEP:
    input: sharks/HypSab/NC_082712.1.recode.vcf.gz, sharks/HypSab/MSMC/Output_Bed/NC_082712.1/NC_082712.1_95.txt, sharks/HypSab/MSMC/Output_bam_caller_BED/NC_082712.1_modified_bed.txt.gz, sharks/HypSab/MSMC/Output_indel_BED_file/NC_082712.1_indel_bed.txt
    output: sharks/HypSab/MSMC/Output_multihet_filtered_95/NC_082712.1_multihet.txt
    jobid: 550
    reason: Forced execution
    wildcards: CLADE=sharks, SPEC_NAME=HypSab, CHROM=NC_082712.1
    resources: mem_mb=10000, mem_mib=9537, disk_mb=1000, disk_mib=954, tmpdir=<TBD>, slurm_account=DURBIN-SL2-CPU, slurm_partition=cclake-himem, runtime=60

Job 550 has been submitted with SLURM jobid 9805864 (log: /rds/project/rds-p67MZilb2eQ/projects/VGP/heterozygosity/.snakemake/slurm_logs/rule_MAIN_MULTIHETSEP/sharks_HypSab_NC_082712.1/9805864.log).

[Fri May 23 13:58:53 2025]
rule MAIN_MULTIHETSEP:
    input: sharks/HypSab/NC_082720.1.recode.vcf.gz, sharks/HypSab/MSMC/Output_Bed/NC_082720.1/NC_082720.1_95.txt, sharks/HypSab/MSMC/Output_bam_caller_BED/NC_082720.1_modified_bed.txt.gz, sharks/HypSab/MSMC/Output_indel_BED_file/NC_082720.1_indel_bed.txt
    output: sharks/HypSab/MSMC/Output_multihet_filtered_95/NC_082720.1_multihet.txt
    jobid: 558
    reason: Updated input files: sharks/HypSab/NC_082720.1.recode.vcf.gz, sharks/HypSab/MSMC/Output_bam_caller_BED/NC_082720.1_modified_bed.txt.gz
    wildcards: CLADE=sharks, SPEC_NAME=HypSab, CHROM=NC_082720.1
    resources: mem_mb=10000, mem_mib=9537, disk_mb=1000, disk_mib=954, tmpdir=<TBD>, slurm_account=DURBIN-SL2-CPU, slurm_partition=cclake-himem, runtime=60

Job 558 has been submitted with SLURM jobid 9805865 (log: /rds/project/rds-p67MZilb2eQ/projects/VGP/heterozygosity/.snakemake/slurm_logs/rule_MAIN_MULTIHETSEP/sharks_HypSab_NC_082720.1/9805865.log).
