host: login-q-1
Building DAG of jobs...
Using shell: /usr/bin/bash
Provided cores: 76
Rules claiming more threads will be scaled down.
Job stats:
job                      count
---------------------  -------
CALC_HET_PER_CHR            51
CALC_HET_WHOLE_GENOME        1
COMPILE_HET                  1
COMPILE_ROH                  1
FROH_PER_AUT_CHR            51
PLOT_HET_PER_CHR            51
PLOT_WHOLE_HET               1
Plot_ROH                     1
ROH_CALC                    49
WHOLE_FROH                   1
all                          1
total                      209

Select jobs to execute...
Execute 49 jobs...

[Fri Apr 25 09:37:50 2025]
localrule ROH_CALC:
    input: sharks/HetFra/temp/20250411_CM071003.1_Aln_Only.txt, sharks/HetFra/temp/20250411_CM071003.1_Var_Only.txt, sharks/HetFra/Reference_HetFra_Chroms_Lengths.txt
    output: sharks/HetFra/20250411_CM071003.1_ROH_Results.txt
    jobid: 157
    reason: Missing output files: sharks/HetFra/20250411_CM071003.1_ROH_Results.txt
    wildcards: CLADE=sharks, SPEC_NAME=HetFra, TODAY_DATE=20250411, CHR=CM071003.1
    resources: tmpdir=/tmp


[Fri Apr 25 09:37:50 2025]
localrule ROH_CALC:
    input: sharks/HetFra/temp/20250411_CM070996.1_Aln_Only.txt, sharks/HetFra/temp/20250411_CM070996.1_Var_Only.txt, sharks/HetFra/Reference_HetFra_Chroms_Lengths.txt
    output: sharks/HetFra/20250411_CM070996.1_ROH_Results.txt
    jobid: 150
    reason: Missing output files: sharks/HetFra/20250411_CM070996.1_ROH_Results.txt
    wildcards: CLADE=sharks, SPEC_NAME=HetFra, TODAY_DATE=20250411, CHR=CM070996.1
    resources: tmpdir=/tmp


[Fri Apr 25 09:37:50 2025]
localrule ROH_CALC:
    input: sharks/HetFra/temp/20250411_CM070989.1_Aln_Only.txt, sharks/HetFra/temp/20250411_CM070989.1_Var_Only.txt, sharks/HetFra/Reference_HetFra_Chroms_Lengths.txt
    output: sharks/HetFra/20250411_CM070989.1_ROH_Results.txt
    jobid: 143
    reason: Missing output files: sharks/HetFra/20250411_CM070989.1_ROH_Results.txt
    wildcards: CLADE=sharks, SPEC_NAME=HetFra, TODAY_DATE=20250411, CHR=CM070989.1
    resources: tmpdir=/tmp


[Fri Apr 25 09:37:50 2025]
localrule ROH_CALC:
    input: sharks/HetFra/temp/20250411_CM070983.1_Aln_Only.txt, sharks/HetFra/temp/20250411_CM070983.1_Var_Only.txt, sharks/HetFra/Reference_HetFra_Chroms_Lengths.txt
    output: sharks/HetFra/20250411_CM070983.1_ROH_Results.txt
    jobid: 137
    reason: Missing output files: sharks/HetFra/20250411_CM070983.1_ROH_Results.txt
    wildcards: CLADE=sharks, SPEC_NAME=HetFra, TODAY_DATE=20250411, CHR=CM070983.1
    resources: tmpdir=/tmp


[Fri Apr 25 09:37:50 2025]
localrule ROH_CALC:
    input: sharks/HetFra/temp/20250411_CM070976.1_Aln_Only.txt, sharks/HetFra/temp/20250411_CM070976.1_Var_Only.txt, sharks/HetFra/Reference_HetFra_Chroms_Lengths.txt
    output: sharks/HetFra/20250411_CM070976.1_ROH_Results.txt
    jobid: 130
    reason: Missing output files: sharks/HetFra/20250411_CM070976.1_ROH_Results.txt
    wildcards: CLADE=sharks, SPEC_NAME=HetFra, TODAY_DATE=20250411, CHR=CM070976.1
    resources: tmpdir=/tmp


[Fri Apr 25 09:37:50 2025]
localrule ROH_CALC:
    input: sharks/HetFra/temp/20250411_CM070969.1_Aln_Only.txt, sharks/HetFra/temp/20250411_CM070969.1_Var_Only.txt, sharks/HetFra/Reference_HetFra_Chroms_Lengths.txt
    output: sharks/HetFra/20250411_CM070969.1_ROH_Results.txt
    jobid: 123
    reason: Missing output files: sharks/HetFra/20250411_CM070969.1_ROH_Results.txt
    wildcards: CLADE=sharks, SPEC_NAME=HetFra, TODAY_DATE=20250411, CHR=CM070969.1
    resources: tmpdir=/tmp


[Fri Apr 25 09:37:50 2025]
localrule ROH_CALC:
    input: sharks/HetFra/temp/20250411_CM070962.1_Aln_Only.txt, sharks/HetFra/temp/20250411_CM070962.1_Var_Only.txt, sharks/HetFra/Reference_HetFra_Chroms_Lengths.txt
    output: sharks/HetFra/20250411_CM070962.1_ROH_Results.txt
    jobid: 115
    reason: Missing output files: sharks/HetFra/20250411_CM070962.1_ROH_Results.txt
    wildcards: CLADE=sharks, SPEC_NAME=HetFra, TODAY_DATE=20250411, CHR=CM070962.1
    resources: tmpdir=/tmp


[Fri Apr 25 09:37:50 2025]
localrule ROH_CALC:
    input: sharks/HetFra/temp/20250411_CM071004.1_Aln_Only.txt, sharks/HetFra/temp/20250411_CM071004.1_Var_Only.txt, sharks/HetFra/Reference_HetFra_Chroms_Lengths.txt
    output: sharks/HetFra/20250411_CM071004.1_ROH_Results.txt
    jobid: 158
    reason: Missing output files: sharks/HetFra/20250411_CM071004.1_ROH_Results.txt
    wildcards: CLADE=sharks, SPEC_NAME=HetFra, TODAY_DATE=20250411, CHR=CM071004.1
    resources: tmpdir=/tmp


[Fri Apr 25 09:37:50 2025]
localrule ROH_CALC:
    input: sharks/HetFra/temp/20250411_CM070997.1_Aln_Only.txt, sharks/HetFra/temp/20250411_CM070997.1_Var_Only.txt, sharks/HetFra/Reference_HetFra_Chroms_Lengths.txt
    output: sharks/HetFra/20250411_CM070997.1_ROH_Results.txt
    jobid: 151
    reason: Missing output files: sharks/HetFra/20250411_CM070997.1_ROH_Results.txt
    wildcards: CLADE=sharks, SPEC_NAME=HetFra, TODAY_DATE=20250411, CHR=CM070997.1
    resources: tmpdir=/tmp


[Fri Apr 25 09:37:50 2025]
localrule ROH_CALC:
    input: sharks/HetFra/temp/20250411_CM070990.1_Aln_Only.txt, sharks/HetFra/temp/20250411_CM070990.1_Var_Only.txt, sharks/HetFra/Reference_HetFra_Chroms_Lengths.txt
    output: sharks/HetFra/20250411_CM070990.1_ROH_Results.txt
    jobid: 144
    reason: Missing output files: sharks/HetFra/20250411_CM070990.1_ROH_Results.txt
    wildcards: CLADE=sharks, SPEC_NAME=HetFra, TODAY_DATE=20250411, CHR=CM070990.1
    resources: tmpdir=/tmp


[Fri Apr 25 09:37:50 2025]
localrule ROH_CALC:
    input: sharks/HetFra/temp/20250411_CM070984.1_Aln_Only.txt, sharks/HetFra/temp/20250411_CM070984.1_Var_Only.txt, sharks/HetFra/Reference_HetFra_Chroms_Lengths.txt
    output: sharks/HetFra/20250411_CM070984.1_ROH_Results.txt
    jobid: 138
    reason: Missing output files: sharks/HetFra/20250411_CM070984.1_ROH_Results.txt
    wildcards: CLADE=sharks, SPEC_NAME=HetFra, TODAY_DATE=20250411, CHR=CM070984.1
    resources: tmpdir=/tmp


[Fri Apr 25 09:37:50 2025]
localrule ROH_CALC:
    input: sharks/HetFra/temp/20250411_CM070977.1_Aln_Only.txt, sharks/HetFra/temp/20250411_CM070977.1_Var_Only.txt, sharks/HetFra/Reference_HetFra_Chroms_Lengths.txt
    output: sharks/HetFra/20250411_CM070977.1_ROH_Results.txt
    jobid: 131
    reason: Missing output files: sharks/HetFra/20250411_CM070977.1_ROH_Results.txt
    wildcards: CLADE=sharks, SPEC_NAME=HetFra, TODAY_DATE=20250411, CHR=CM070977.1
    resources: tmpdir=/tmp


[Fri Apr 25 09:37:50 2025]
localrule ROH_CALC:
    input: sharks/HetFra/temp/20250411_CM070970.1_Aln_Only.txt, sharks/HetFra/temp/20250411_CM070970.1_Var_Only.txt, sharks/HetFra/Reference_HetFra_Chroms_Lengths.txt
    output: sharks/HetFra/20250411_CM070970.1_ROH_Results.txt
    jobid: 124
    reason: Missing output files: sharks/HetFra/20250411_CM070970.1_ROH_Results.txt
    wildcards: CLADE=sharks, SPEC_NAME=HetFra, TODAY_DATE=20250411, CHR=CM070970.1
    resources: tmpdir=/tmp


[Fri Apr 25 09:37:50 2025]
localrule ROH_CALC:
    input: sharks/HetFra/temp/20250411_CM070963.1_Aln_Only.txt, sharks/HetFra/temp/20250411_CM070963.1_Var_Only.txt, sharks/HetFra/Reference_HetFra_Chroms_Lengths.txt
    output: sharks/HetFra/20250411_CM070963.1_ROH_Results.txt
    jobid: 117
    reason: Missing output files: sharks/HetFra/20250411_CM070963.1_ROH_Results.txt
    wildcards: CLADE=sharks, SPEC_NAME=HetFra, TODAY_DATE=20250411, CHR=CM070963.1
    resources: tmpdir=/tmp


[Fri Apr 25 09:37:50 2025]
localrule ROH_CALC:
    input: sharks/HetFra/temp/20250411_CM071012.1_Aln_Only.txt, sharks/HetFra/temp/20250411_CM071012.1_Var_Only.txt, sharks/HetFra/Reference_HetFra_Chroms_Lengths.txt
    output: sharks/HetFra/20250411_CM071012.1_ROH_Results.txt
    jobid: 166
    reason: Missing output files: sharks/HetFra/20250411_CM071012.1_ROH_Results.txt
    wildcards: CLADE=sharks, SPEC_NAME=HetFra, TODAY_DATE=20250411, CHR=CM071012.1
    resources: tmpdir=/tmp


[Fri Apr 25 09:37:50 2025]
localrule ROH_CALC:
    input: sharks/HetFra/temp/20250411_CM071005.1_Aln_Only.txt, sharks/HetFra/temp/20250411_CM071005.1_Var_Only.txt, sharks/HetFra/Reference_HetFra_Chroms_Lengths.txt
    output: sharks/HetFra/20250411_CM071005.1_ROH_Results.txt
    jobid: 159
    reason: Missing output files: sharks/HetFra/20250411_CM071005.1_ROH_Results.txt
    wildcards: CLADE=sharks, SPEC_NAME=HetFra, TODAY_DATE=20250411, CHR=CM071005.1
    resources: tmpdir=/tmp


[Fri Apr 25 09:37:50 2025]
localrule ROH_CALC:
    input: sharks/HetFra/temp/20250411_CM070998.1_Aln_Only.txt, sharks/HetFra/temp/20250411_CM070998.1_Var_Only.txt, sharks/HetFra/Reference_HetFra_Chroms_Lengths.txt
    output: sharks/HetFra/20250411_CM070998.1_ROH_Results.txt
    jobid: 152
    reason: Missing output files: sharks/HetFra/20250411_CM070998.1_ROH_Results.txt
    wildcards: CLADE=sharks, SPEC_NAME=HetFra, TODAY_DATE=20250411, CHR=CM070998.1
    resources: tmpdir=/tmp


[Fri Apr 25 09:37:50 2025]
localrule ROH_CALC:
    input: sharks/HetFra/temp/20250411_CM070991.1_Aln_Only.txt, sharks/HetFra/temp/20250411_CM070991.1_Var_Only.txt, sharks/HetFra/Reference_HetFra_Chroms_Lengths.txt
    output: sharks/HetFra/20250411_CM070991.1_ROH_Results.txt
    jobid: 145
    reason: Missing output files: sharks/HetFra/20250411_CM070991.1_ROH_Results.txt
    wildcards: CLADE=sharks, SPEC_NAME=HetFra, TODAY_DATE=20250411, CHR=CM070991.1
    resources: tmpdir=/tmp


[Fri Apr 25 09:37:50 2025]
localrule ROH_CALC:
    input: sharks/HetFra/temp/20250411_CM070985.1_Aln_Only.txt, sharks/HetFra/temp/20250411_CM070985.1_Var_Only.txt, sharks/HetFra/Reference_HetFra_Chroms_Lengths.txt
    output: sharks/HetFra/20250411_CM070985.1_ROH_Results.txt
    jobid: 139
    reason: Missing output files: sharks/HetFra/20250411_CM070985.1_ROH_Results.txt
    wildcards: CLADE=sharks, SPEC_NAME=HetFra, TODAY_DATE=20250411, CHR=CM070985.1
    resources: tmpdir=/tmp


[Fri Apr 25 09:37:51 2025]
localrule ROH_CALC:
    input: sharks/HetFra/temp/20250411_CM070978.1_Aln_Only.txt, sharks/HetFra/temp/20250411_CM070978.1_Var_Only.txt, sharks/HetFra/Reference_HetFra_Chroms_Lengths.txt
    output: sharks/HetFra/20250411_CM070978.1_ROH_Results.txt
    jobid: 132
    reason: Missing output files: sharks/HetFra/20250411_CM070978.1_ROH_Results.txt
    wildcards: CLADE=sharks, SPEC_NAME=HetFra, TODAY_DATE=20250411, CHR=CM070978.1
    resources: tmpdir=/tmp


[Fri Apr 25 09:37:51 2025]
localrule ROH_CALC:
    input: sharks/HetFra/temp/20250411_CM070971.1_Aln_Only.txt, sharks/HetFra/temp/20250411_CM070971.1_Var_Only.txt, sharks/HetFra/Reference_HetFra_Chroms_Lengths.txt
    output: sharks/HetFra/20250411_CM070971.1_ROH_Results.txt
    jobid: 125
    reason: Missing output files: sharks/HetFra/20250411_CM070971.1_ROH_Results.txt
    wildcards: CLADE=sharks, SPEC_NAME=HetFra, TODAY_DATE=20250411, CHR=CM070971.1
    resources: tmpdir=/tmp


[Fri Apr 25 09:37:51 2025]
localrule ROH_CALC:
    input: sharks/HetFra/temp/20250411_CM070964.1_Aln_Only.txt, sharks/HetFra/temp/20250411_CM070964.1_Var_Only.txt, sharks/HetFra/Reference_HetFra_Chroms_Lengths.txt
    output: sharks/HetFra/20250411_CM070964.1_ROH_Results.txt
    jobid: 118
    reason: Missing output files: sharks/HetFra/20250411_CM070964.1_ROH_Results.txt
    wildcards: CLADE=sharks, SPEC_NAME=HetFra, TODAY_DATE=20250411, CHR=CM070964.1
    resources: tmpdir=/tmp


[Fri Apr 25 09:37:51 2025]
localrule ROH_CALC:
    input: sharks/HetFra/temp/20250411_CM071006.1_Aln_Only.txt, sharks/HetFra/temp/20250411_CM071006.1_Var_Only.txt, sharks/HetFra/Reference_HetFra_Chroms_Lengths.txt
    output: sharks/HetFra/20250411_CM071006.1_ROH_Results.txt
    jobid: 160
    reason: Missing output files: sharks/HetFra/20250411_CM071006.1_ROH_Results.txt
    wildcards: CLADE=sharks, SPEC_NAME=HetFra, TODAY_DATE=20250411, CHR=CM071006.1
    resources: tmpdir=/tmp


[Fri Apr 25 09:37:51 2025]
localrule ROH_CALC:
    input: sharks/HetFra/temp/20250411_CM070999.1_Aln_Only.txt, sharks/HetFra/temp/20250411_CM070999.1_Var_Only.txt, sharks/HetFra/Reference_HetFra_Chroms_Lengths.txt
    output: sharks/HetFra/20250411_CM070999.1_ROH_Results.txt
    jobid: 153
    reason: Missing output files: sharks/HetFra/20250411_CM070999.1_ROH_Results.txt
    wildcards: CLADE=sharks, SPEC_NAME=HetFra, TODAY_DATE=20250411, CHR=CM070999.1
    resources: tmpdir=/tmp


[Fri Apr 25 09:37:51 2025]
localrule ROH_CALC:
    input: sharks/HetFra/temp/20250411_CM070992.1_Aln_Only.txt, sharks/HetFra/temp/20250411_CM070992.1_Var_Only.txt, sharks/HetFra/Reference_HetFra_Chroms_Lengths.txt
    output: sharks/HetFra/20250411_CM070992.1_ROH_Results.txt
    jobid: 146
    reason: Missing output files: sharks/HetFra/20250411_CM070992.1_ROH_Results.txt
    wildcards: CLADE=sharks, SPEC_NAME=HetFra, TODAY_DATE=20250411, CHR=CM070992.1
    resources: tmpdir=/tmp


[Fri Apr 25 09:37:51 2025]
localrule ROH_CALC:
    input: sharks/HetFra/temp/20250411_CM070986.1_Aln_Only.txt, sharks/HetFra/temp/20250411_CM070986.1_Var_Only.txt, sharks/HetFra/Reference_HetFra_Chroms_Lengths.txt
    output: sharks/HetFra/20250411_CM070986.1_ROH_Results.txt
    jobid: 140
    reason: Missing output files: sharks/HetFra/20250411_CM070986.1_ROH_Results.txt
    wildcards: CLADE=sharks, SPEC_NAME=HetFra, TODAY_DATE=20250411, CHR=CM070986.1
    resources: tmpdir=/tmp


[Fri Apr 25 09:37:51 2025]
localrule ROH_CALC:
    input: sharks/HetFra/temp/20250411_CM070979.1_Aln_Only.txt, sharks/HetFra/temp/20250411_CM070979.1_Var_Only.txt, sharks/HetFra/Reference_HetFra_Chroms_Lengths.txt
    output: sharks/HetFra/20250411_CM070979.1_ROH_Results.txt
    jobid: 133
    reason: Missing output files: sharks/HetFra/20250411_CM070979.1_ROH_Results.txt
    wildcards: CLADE=sharks, SPEC_NAME=HetFra, TODAY_DATE=20250411, CHR=CM070979.1
    resources: tmpdir=/tmp


[Fri Apr 25 09:37:51 2025]
localrule ROH_CALC:
    input: sharks/HetFra/temp/20250411_CM070972.1_Aln_Only.txt, sharks/HetFra/temp/20250411_CM070972.1_Var_Only.txt, sharks/HetFra/Reference_HetFra_Chroms_Lengths.txt
    output: sharks/HetFra/20250411_CM070972.1_ROH_Results.txt
    jobid: 126
    reason: Missing output files: sharks/HetFra/20250411_CM070972.1_ROH_Results.txt
    wildcards: CLADE=sharks, SPEC_NAME=HetFra, TODAY_DATE=20250411, CHR=CM070972.1
    resources: tmpdir=/tmp


[Fri Apr 25 09:37:51 2025]
localrule ROH_CALC:
    input: sharks/HetFra/temp/20250411_CM070965.1_Aln_Only.txt, sharks/HetFra/temp/20250411_CM070965.1_Var_Only.txt, sharks/HetFra/Reference_HetFra_Chroms_Lengths.txt
    output: sharks/HetFra/20250411_CM070965.1_ROH_Results.txt
    jobid: 119
    reason: Missing output files: sharks/HetFra/20250411_CM070965.1_ROH_Results.txt
    wildcards: CLADE=sharks, SPEC_NAME=HetFra, TODAY_DATE=20250411, CHR=CM070965.1
    resources: tmpdir=/tmp


[Fri Apr 25 09:37:51 2025]
localrule ROH_CALC:
    input: sharks/HetFra/temp/20250411_CM071007.1_Aln_Only.txt, sharks/HetFra/temp/20250411_CM071007.1_Var_Only.txt, sharks/HetFra/Reference_HetFra_Chroms_Lengths.txt
    output: sharks/HetFra/20250411_CM071007.1_ROH_Results.txt
    jobid: 161
    reason: Missing output files: sharks/HetFra/20250411_CM071007.1_ROH_Results.txt
    wildcards: CLADE=sharks, SPEC_NAME=HetFra, TODAY_DATE=20250411, CHR=CM071007.1
    resources: tmpdir=/tmp


[Fri Apr 25 09:37:51 2025]
localrule ROH_CALC:
    input: sharks/HetFra/temp/20250411_CM071000.1_Aln_Only.txt, sharks/HetFra/temp/20250411_CM071000.1_Var_Only.txt, sharks/HetFra/Reference_HetFra_Chroms_Lengths.txt
    output: sharks/HetFra/20250411_CM071000.1_ROH_Results.txt
    jobid: 154
    reason: Missing output files: sharks/HetFra/20250411_CM071000.1_ROH_Results.txt
    wildcards: CLADE=sharks, SPEC_NAME=HetFra, TODAY_DATE=20250411, CHR=CM071000.1
    resources: tmpdir=/tmp


[Fri Apr 25 09:37:51 2025]
localrule ROH_CALC:
    input: sharks/HetFra/temp/20250411_CM070993.1_Aln_Only.txt, sharks/HetFra/temp/20250411_CM070993.1_Var_Only.txt, sharks/HetFra/Reference_HetFra_Chroms_Lengths.txt
    output: sharks/HetFra/20250411_CM070993.1_ROH_Results.txt
    jobid: 147
    reason: Missing output files: sharks/HetFra/20250411_CM070993.1_ROH_Results.txt
    wildcards: CLADE=sharks, SPEC_NAME=HetFra, TODAY_DATE=20250411, CHR=CM070993.1
    resources: tmpdir=/tmp


[Fri Apr 25 09:37:51 2025]
localrule ROH_CALC:
    input: sharks/HetFra/temp/20250411_CM070987.1_Aln_Only.txt, sharks/HetFra/temp/20250411_CM070987.1_Var_Only.txt, sharks/HetFra/Reference_HetFra_Chroms_Lengths.txt
    output: sharks/HetFra/20250411_CM070987.1_ROH_Results.txt
    jobid: 141
    reason: Missing output files: sharks/HetFra/20250411_CM070987.1_ROH_Results.txt
    wildcards: CLADE=sharks, SPEC_NAME=HetFra, TODAY_DATE=20250411, CHR=CM070987.1
    resources: tmpdir=/tmp


[Fri Apr 25 09:37:51 2025]
localrule ROH_CALC:
    input: sharks/HetFra/temp/20250411_CM070980.1_Aln_Only.txt, sharks/HetFra/temp/20250411_CM070980.1_Var_Only.txt, sharks/HetFra/Reference_HetFra_Chroms_Lengths.txt
    output: sharks/HetFra/20250411_CM070980.1_ROH_Results.txt
    jobid: 134
    reason: Missing output files: sharks/HetFra/20250411_CM070980.1_ROH_Results.txt
    wildcards: CLADE=sharks, SPEC_NAME=HetFra, TODAY_DATE=20250411, CHR=CM070980.1
    resources: tmpdir=/tmp


[Fri Apr 25 09:37:51 2025]
localrule ROH_CALC:
    input: sharks/HetFra/temp/20250411_CM070973.1_Aln_Only.txt, sharks/HetFra/temp/20250411_CM070973.1_Var_Only.txt, sharks/HetFra/Reference_HetFra_Chroms_Lengths.txt
    output: sharks/HetFra/20250411_CM070973.1_ROH_Results.txt
    jobid: 127
    reason: Missing output files: sharks/HetFra/20250411_CM070973.1_ROH_Results.txt
    wildcards: CLADE=sharks, SPEC_NAME=HetFra, TODAY_DATE=20250411, CHR=CM070973.1
    resources: tmpdir=/tmp


[Fri Apr 25 09:37:51 2025]
localrule ROH_CALC:
    input: sharks/HetFra/temp/20250411_CM070966.1_Aln_Only.txt, sharks/HetFra/temp/20250411_CM070966.1_Var_Only.txt, sharks/HetFra/Reference_HetFra_Chroms_Lengths.txt
    output: sharks/HetFra/20250411_CM070966.1_ROH_Results.txt
    jobid: 120
    reason: Missing output files: sharks/HetFra/20250411_CM070966.1_ROH_Results.txt
    wildcards: CLADE=sharks, SPEC_NAME=HetFra, TODAY_DATE=20250411, CHR=CM070966.1
    resources: tmpdir=/tmp


[Fri Apr 25 09:37:51 2025]
localrule ROH_CALC:
    input: sharks/HetFra/temp/20250411_CM071001.1_Aln_Only.txt, sharks/HetFra/temp/20250411_CM071001.1_Var_Only.txt, sharks/HetFra/Reference_HetFra_Chroms_Lengths.txt
    output: sharks/HetFra/20250411_CM071001.1_ROH_Results.txt
    jobid: 155
    reason: Missing output files: sharks/HetFra/20250411_CM071001.1_ROH_Results.txt
    wildcards: CLADE=sharks, SPEC_NAME=HetFra, TODAY_DATE=20250411, CHR=CM071001.1
    resources: tmpdir=/tmp


[Fri Apr 25 09:37:51 2025]
localrule ROH_CALC:
    input: sharks/HetFra/temp/20250411_CM070994.1_Aln_Only.txt, sharks/HetFra/temp/20250411_CM070994.1_Var_Only.txt, sharks/HetFra/Reference_HetFra_Chroms_Lengths.txt
    output: sharks/HetFra/20250411_CM070994.1_ROH_Results.txt
    jobid: 148
    reason: Missing output files: sharks/HetFra/20250411_CM070994.1_ROH_Results.txt
    wildcards: CLADE=sharks, SPEC_NAME=HetFra, TODAY_DATE=20250411, CHR=CM070994.1
    resources: tmpdir=/tmp


[Fri Apr 25 09:37:51 2025]
localrule ROH_CALC:
    input: sharks/HetFra/temp/20250411_CM070988.1_Aln_Only.txt, sharks/HetFra/temp/20250411_CM070988.1_Var_Only.txt, sharks/HetFra/Reference_HetFra_Chroms_Lengths.txt
    output: sharks/HetFra/20250411_CM070988.1_ROH_Results.txt
    jobid: 142
    reason: Missing output files: sharks/HetFra/20250411_CM070988.1_ROH_Results.txt
    wildcards: CLADE=sharks, SPEC_NAME=HetFra, TODAY_DATE=20250411, CHR=CM070988.1
    resources: tmpdir=/tmp


[Fri Apr 25 09:37:52 2025]
localrule ROH_CALC:
    input: sharks/HetFra/temp/20250411_CM070981.1_Aln_Only.txt, sharks/HetFra/temp/20250411_CM070981.1_Var_Only.txt, sharks/HetFra/Reference_HetFra_Chroms_Lengths.txt
    output: sharks/HetFra/20250411_CM070981.1_ROH_Results.txt
    jobid: 135
    reason: Missing output files: sharks/HetFra/20250411_CM070981.1_ROH_Results.txt
    wildcards: CLADE=sharks, SPEC_NAME=HetFra, TODAY_DATE=20250411, CHR=CM070981.1
    resources: tmpdir=/tmp


[Fri Apr 25 09:37:52 2025]
localrule ROH_CALC:
    input: sharks/HetFra/temp/20250411_CM070974.1_Aln_Only.txt, sharks/HetFra/temp/20250411_CM070974.1_Var_Only.txt, sharks/HetFra/Reference_HetFra_Chroms_Lengths.txt
    output: sharks/HetFra/20250411_CM070974.1_ROH_Results.txt
    jobid: 128
    reason: Missing output files: sharks/HetFra/20250411_CM070974.1_ROH_Results.txt
    wildcards: CLADE=sharks, SPEC_NAME=HetFra, TODAY_DATE=20250411, CHR=CM070974.1
    resources: tmpdir=/tmp


[Fri Apr 25 09:37:52 2025]
localrule ROH_CALC:
    input: sharks/HetFra/temp/20250411_CM070967.1_Aln_Only.txt, sharks/HetFra/temp/20250411_CM070967.1_Var_Only.txt, sharks/HetFra/Reference_HetFra_Chroms_Lengths.txt
    output: sharks/HetFra/20250411_CM070967.1_ROH_Results.txt
    jobid: 121
    reason: Missing output files: sharks/HetFra/20250411_CM070967.1_ROH_Results.txt
    wildcards: CLADE=sharks, SPEC_NAME=HetFra, TODAY_DATE=20250411, CHR=CM070967.1
    resources: tmpdir=/tmp


[Fri Apr 25 09:37:52 2025]
localrule ROH_CALC:
    input: sharks/HetFra/temp/20250411_CM071009.1_Aln_Only.txt, sharks/HetFra/temp/20250411_CM071009.1_Var_Only.txt, sharks/HetFra/Reference_HetFra_Chroms_Lengths.txt
    output: sharks/HetFra/20250411_CM071009.1_ROH_Results.txt
    jobid: 163
    reason: Missing output files: sharks/HetFra/20250411_CM071009.1_ROH_Results.txt
    wildcards: CLADE=sharks, SPEC_NAME=HetFra, TODAY_DATE=20250411, CHR=CM071009.1
    resources: tmpdir=/tmp


[Fri Apr 25 09:37:52 2025]
localrule ROH_CALC:
    input: sharks/HetFra/temp/20250411_CM071002.1_Aln_Only.txt, sharks/HetFra/temp/20250411_CM071002.1_Var_Only.txt, sharks/HetFra/Reference_HetFra_Chroms_Lengths.txt
    output: sharks/HetFra/20250411_CM071002.1_ROH_Results.txt
    jobid: 156
    reason: Missing output files: sharks/HetFra/20250411_CM071002.1_ROH_Results.txt
    wildcards: CLADE=sharks, SPEC_NAME=HetFra, TODAY_DATE=20250411, CHR=CM071002.1
    resources: tmpdir=/tmp


[Fri Apr 25 09:37:52 2025]
localrule ROH_CALC:
    input: sharks/HetFra/temp/20250411_CM070995.1_Aln_Only.txt, sharks/HetFra/temp/20250411_CM070995.1_Var_Only.txt, sharks/HetFra/Reference_HetFra_Chroms_Lengths.txt
    output: sharks/HetFra/20250411_CM070995.1_ROH_Results.txt
    jobid: 149
    reason: Missing output files: sharks/HetFra/20250411_CM070995.1_ROH_Results.txt
    wildcards: CLADE=sharks, SPEC_NAME=HetFra, TODAY_DATE=20250411, CHR=CM070995.1
    resources: tmpdir=/tmp


[Fri Apr 25 09:37:52 2025]
localrule ROH_CALC:
    input: sharks/HetFra/temp/20250411_CM070982.1_Aln_Only.txt, sharks/HetFra/temp/20250411_CM070982.1_Var_Only.txt, sharks/HetFra/Reference_HetFra_Chroms_Lengths.txt
    output: sharks/HetFra/20250411_CM070982.1_ROH_Results.txt
    jobid: 136
    reason: Missing output files: sharks/HetFra/20250411_CM070982.1_ROH_Results.txt
    wildcards: CLADE=sharks, SPEC_NAME=HetFra, TODAY_DATE=20250411, CHR=CM070982.1
    resources: tmpdir=/tmp


[Fri Apr 25 09:37:52 2025]
localrule ROH_CALC:
    input: sharks/HetFra/temp/20250411_CM070975.1_Aln_Only.txt, sharks/HetFra/temp/20250411_CM070975.1_Var_Only.txt, sharks/HetFra/Reference_HetFra_Chroms_Lengths.txt
    output: sharks/HetFra/20250411_CM070975.1_ROH_Results.txt
    jobid: 129
    reason: Missing output files: sharks/HetFra/20250411_CM070975.1_ROH_Results.txt
    wildcards: CLADE=sharks, SPEC_NAME=HetFra, TODAY_DATE=20250411, CHR=CM070975.1
    resources: tmpdir=/tmp


[Fri Apr 25 09:37:52 2025]
localrule ROH_CALC:
    input: sharks/HetFra/temp/20250411_CM070968.1_Aln_Only.txt, sharks/HetFra/temp/20250411_CM070968.1_Var_Only.txt, sharks/HetFra/Reference_HetFra_Chroms_Lengths.txt
    output: sharks/HetFra/20250411_CM070968.1_ROH_Results.txt
    jobid: 122
    reason: Missing output files: sharks/HetFra/20250411_CM070968.1_ROH_Results.txt
    wildcards: CLADE=sharks, SPEC_NAME=HetFra, TODAY_DATE=20250411, CHR=CM070968.1
    resources: tmpdir=/tmp


[Fri Apr 25 09:37:52 2025]
localrule ROH_CALC:
    input: sharks/HetFra/temp/20250411_CM071010.1_Aln_Only.txt, sharks/HetFra/temp/20250411_CM071010.1_Var_Only.txt, sharks/HetFra/Reference_HetFra_Chroms_Lengths.txt
    output: sharks/HetFra/20250411_CM071010.1_ROH_Results.txt
    jobid: 164
    reason: Missing output files: sharks/HetFra/20250411_CM071010.1_ROH_Results.txt
    wildcards: CLADE=sharks, SPEC_NAME=HetFra, TODAY_DATE=20250411, CHR=CM071010.1
    resources: tmpdir=/tmp

RuleException:
CalledProcessError in file /rds/project/rds-p67MZilb2eQ/projects/VGP/heterozygosity/Snakefile, line 318:
Command 'set -euo pipefail;  
        CHROM_LENGTH="$(awk -v var='CM070996.1' '$1 == var {print $2; exit}' sharks/HetFra/Reference_HetFra_Chroms_Lengths.txt)"
        python /rds/project/rds-p67MZilb2eQ/projects/VGP/heterozygosity/20250320_ROH_Durbin_Calc_Eqns_V6.py CM070996.1 $CHROM_LENGTH 20250411 GCA_036365495.1 sharks sharks/HetFra/temp/20250411_CM070996.1_Aln_Only.txt sharks/HetFra/temp/20250411_CM070996.1_Var_Only.txt HetFra' died with <Signals.SIGKILL: 9>.
[Fri Apr 25 09:38:32 2025]
Error in rule ROH_CALC:
    jobid: 150
    input: sharks/HetFra/temp/20250411_CM070996.1_Aln_Only.txt, sharks/HetFra/temp/20250411_CM070996.1_Var_Only.txt, sharks/HetFra/Reference_HetFra_Chroms_Lengths.txt
    output: sharks/HetFra/20250411_CM070996.1_ROH_Results.txt
    shell:
        
        CHROM_LENGTH="$(awk -v var='CM070996.1' '$1 == var {print $2; exit}' sharks/HetFra/Reference_HetFra_Chroms_Lengths.txt)"
        python /rds/project/rds-p67MZilb2eQ/projects/VGP/heterozygosity/20250320_ROH_Durbin_Calc_Eqns_V6.py CM070996.1 $CHROM_LENGTH 20250411 GCA_036365495.1 sharks sharks/HetFra/temp/20250411_CM070996.1_Aln_Only.txt sharks/HetFra/temp/20250411_CM070996.1_Var_Only.txt HetFra
        
        (one of the commands exited with non-zero exit code; note that snakemake uses bash strict mode!)

RuleException:
CalledProcessError in file /rds/project/rds-p67MZilb2eQ/projects/VGP/heterozygosity/Snakefile, line 318:
Command 'set -euo pipefail;  
        CHROM_LENGTH="$(awk -v var='CM071003.1' '$1 == var {print $2; exit}' sharks/HetFra/Reference_HetFra_Chroms_Lengths.txt)"
        python /rds/project/rds-p67MZilb2eQ/projects/VGP/heterozygosity/20250320_ROH_Durbin_Calc_Eqns_V6.py CM071003.1 $CHROM_LENGTH 20250411 GCA_036365495.1 sharks sharks/HetFra/temp/20250411_CM071003.1_Aln_Only.txt sharks/HetFra/temp/20250411_CM071003.1_Var_Only.txt HetFra' died with <Signals.SIGKILL: 9>.
[Fri Apr 25 09:38:49 2025]
Error in rule ROH_CALC:
    jobid: 157
    input: sharks/HetFra/temp/20250411_CM071003.1_Aln_Only.txt, sharks/HetFra/temp/20250411_CM071003.1_Var_Only.txt, sharks/HetFra/Reference_HetFra_Chroms_Lengths.txt
    output: sharks/HetFra/20250411_CM071003.1_ROH_Results.txt
    shell:
        
        CHROM_LENGTH="$(awk -v var='CM071003.1' '$1 == var {print $2; exit}' sharks/HetFra/Reference_HetFra_Chroms_Lengths.txt)"
        python /rds/project/rds-p67MZilb2eQ/projects/VGP/heterozygosity/20250320_ROH_Durbin_Calc_Eqns_V6.py CM071003.1 $CHROM_LENGTH 20250411 GCA_036365495.1 sharks sharks/HetFra/temp/20250411_CM071003.1_Aln_Only.txt sharks/HetFra/temp/20250411_CM071003.1_Var_Only.txt HetFra
        
        (one of the commands exited with non-zero exit code; note that snakemake uses bash strict mode!)

RuleException:
CalledProcessError in file /rds/project/rds-p67MZilb2eQ/projects/VGP/heterozygosity/Snakefile, line 318:
Command 'set -euo pipefail;  
        CHROM_LENGTH="$(awk -v var='CM071004.1' '$1 == var {print $2; exit}' sharks/HetFra/Reference_HetFra_Chroms_Lengths.txt)"
        python /rds/project/rds-p67MZilb2eQ/projects/VGP/heterozygosity/20250320_ROH_Durbin_Calc_Eqns_V6.py CM071004.1 $CHROM_LENGTH 20250411 GCA_036365495.1 sharks sharks/HetFra/temp/20250411_CM071004.1_Aln_Only.txt sharks/HetFra/temp/20250411_CM071004.1_Var_Only.txt HetFra' died with <Signals.SIGKILL: 9>.
[Fri Apr 25 09:38:50 2025]
Error in rule ROH_CALC:
    jobid: 158
    input: sharks/HetFra/temp/20250411_CM071004.1_Aln_Only.txt, sharks/HetFra/temp/20250411_CM071004.1_Var_Only.txt, sharks/HetFra/Reference_HetFra_Chroms_Lengths.txt
    output: sharks/HetFra/20250411_CM071004.1_ROH_Results.txt
    shell:
        
        CHROM_LENGTH="$(awk -v var='CM071004.1' '$1 == var {print $2; exit}' sharks/HetFra/Reference_HetFra_Chroms_Lengths.txt)"
        python /rds/project/rds-p67MZilb2eQ/projects/VGP/heterozygosity/20250320_ROH_Durbin_Calc_Eqns_V6.py CM071004.1 $CHROM_LENGTH 20250411 GCA_036365495.1 sharks sharks/HetFra/temp/20250411_CM071004.1_Aln_Only.txt sharks/HetFra/temp/20250411_CM071004.1_Var_Only.txt HetFra
        
        (one of the commands exited with non-zero exit code; note that snakemake uses bash strict mode!)

RuleException:
CalledProcessError in file /rds/project/rds-p67MZilb2eQ/projects/VGP/heterozygosity/Snakefile, line 318:
Command 'set -euo pipefail;  
        CHROM_LENGTH="$(awk -v var='CM071006.1' '$1 == var {print $2; exit}' sharks/HetFra/Reference_HetFra_Chroms_Lengths.txt)"
        python /rds/project/rds-p67MZilb2eQ/projects/VGP/heterozygosity/20250320_ROH_Durbin_Calc_Eqns_V6.py CM071006.1 $CHROM_LENGTH 20250411 GCA_036365495.1 sharks sharks/HetFra/temp/20250411_CM071006.1_Aln_Only.txt sharks/HetFra/temp/20250411_CM071006.1_Var_Only.txt HetFra' died with <Signals.SIGKILL: 9>.
[Fri Apr 25 09:38:58 2025]
Error in rule ROH_CALC:
    jobid: 160
    input: sharks/HetFra/temp/20250411_CM071006.1_Aln_Only.txt, sharks/HetFra/temp/20250411_CM071006.1_Var_Only.txt, sharks/HetFra/Reference_HetFra_Chroms_Lengths.txt
    output: sharks/HetFra/20250411_CM071006.1_ROH_Results.txt
    shell:
        
        CHROM_LENGTH="$(awk -v var='CM071006.1' '$1 == var {print $2; exit}' sharks/HetFra/Reference_HetFra_Chroms_Lengths.txt)"
        python /rds/project/rds-p67MZilb2eQ/projects/VGP/heterozygosity/20250320_ROH_Durbin_Calc_Eqns_V6.py CM071006.1 $CHROM_LENGTH 20250411 GCA_036365495.1 sharks sharks/HetFra/temp/20250411_CM071006.1_Aln_Only.txt sharks/HetFra/temp/20250411_CM071006.1_Var_Only.txt HetFra
        
        (one of the commands exited with non-zero exit code; note that snakemake uses bash strict mode!)

RuleException:
CalledProcessError in file /rds/project/rds-p67MZilb2eQ/projects/VGP/heterozygosity/Snakefile, line 318:
Command 'set -euo pipefail;  
        CHROM_LENGTH="$(awk -v var='CM070983.1' '$1 == var {print $2; exit}' sharks/HetFra/Reference_HetFra_Chroms_Lengths.txt)"
        python /rds/project/rds-p67MZilb2eQ/projects/VGP/heterozygosity/20250320_ROH_Durbin_Calc_Eqns_V6.py CM070983.1 $CHROM_LENGTH 20250411 GCA_036365495.1 sharks sharks/HetFra/temp/20250411_CM070983.1_Aln_Only.txt sharks/HetFra/temp/20250411_CM070983.1_Var_Only.txt HetFra' died with <Signals.SIGKILL: 9>.
[Fri Apr 25 09:38:58 2025]
Error in rule ROH_CALC:
    jobid: 137
    input: sharks/HetFra/temp/20250411_CM070983.1_Aln_Only.txt, sharks/HetFra/temp/20250411_CM070983.1_Var_Only.txt, sharks/HetFra/Reference_HetFra_Chroms_Lengths.txt
    output: sharks/HetFra/20250411_CM070983.1_ROH_Results.txt
    shell:
        
        CHROM_LENGTH="$(awk -v var='CM070983.1' '$1 == var {print $2; exit}' sharks/HetFra/Reference_HetFra_Chroms_Lengths.txt)"
        python /rds/project/rds-p67MZilb2eQ/projects/VGP/heterozygosity/20250320_ROH_Durbin_Calc_Eqns_V6.py CM070983.1 $CHROM_LENGTH 20250411 GCA_036365495.1 sharks sharks/HetFra/temp/20250411_CM070983.1_Aln_Only.txt sharks/HetFra/temp/20250411_CM070983.1_Var_Only.txt HetFra
        
        (one of the commands exited with non-zero exit code; note that snakemake uses bash strict mode!)

RuleException:
CalledProcessError in file /rds/project/rds-p67MZilb2eQ/projects/VGP/heterozygosity/Snakefile, line 318:
Command 'set -euo pipefail;  
        CHROM_LENGTH="$(awk -v var='CM070962.1' '$1 == var {print $2; exit}' sharks/HetFra/Reference_HetFra_Chroms_Lengths.txt)"
        python /rds/project/rds-p67MZilb2eQ/projects/VGP/heterozygosity/20250320_ROH_Durbin_Calc_Eqns_V6.py CM070962.1 $CHROM_LENGTH 20250411 GCA_036365495.1 sharks sharks/HetFra/temp/20250411_CM070962.1_Aln_Only.txt sharks/HetFra/temp/20250411_CM070962.1_Var_Only.txt HetFra' died with <Signals.SIGKILL: 9>.
[Fri Apr 25 09:40:11 2025]
Error in rule ROH_CALC:
    jobid: 115
    input: sharks/HetFra/temp/20250411_CM070962.1_Aln_Only.txt, sharks/HetFra/temp/20250411_CM070962.1_Var_Only.txt, sharks/HetFra/Reference_HetFra_Chroms_Lengths.txt
    output: sharks/HetFra/20250411_CM070962.1_ROH_Results.txt
    shell:
        
        CHROM_LENGTH="$(awk -v var='CM070962.1' '$1 == var {print $2; exit}' sharks/HetFra/Reference_HetFra_Chroms_Lengths.txt)"
        python /rds/project/rds-p67MZilb2eQ/projects/VGP/heterozygosity/20250320_ROH_Durbin_Calc_Eqns_V6.py CM070962.1 $CHROM_LENGTH 20250411 GCA_036365495.1 sharks sharks/HetFra/temp/20250411_CM070962.1_Aln_Only.txt sharks/HetFra/temp/20250411_CM070962.1_Var_Only.txt HetFra
        
        (one of the commands exited with non-zero exit code; note that snakemake uses bash strict mode!)

