host: login-p-3
Building DAG of jobs...
Using shell: /usr/bin/bash
Provided cores: 56
Rules claiming more threads will be scaled down.
Job stats:
job            count
-----------  -------
COMPILE_ROH        1
Plot_ROH           1
all                1
total              3

Select jobs to execute...
Execute 1 jobs...

[Wed Mar 26 18:19:58 2025]
localrule COMPILE_ROH:
    input: sharks/HydCol_Test/20250326_CM068742.1_ROH_Results.txt, sharks/HydCol_Test/20250326_CM068743.1_ROH_Results.txt, sharks/HydCol_Test/20250326_CM068744.1_ROH_Results.txt, sharks/HydCol_Test/20250326_CM068745.1_ROH_Results.txt, sharks/HydCol_Test/20250326_CM068746.1_ROH_Results.txt
    output: sharks/HydCol_Test/HydCol_Test_ROH_Results.csv
    jobid: 33
    reason: Missing output files: sharks/HydCol_Test/HydCol_Test_ROH_Results.csv
    resources: tmpdir=/tmp

[Wed Mar 26 18:19:58 2025]
Finished job 33.
1 of 3 steps (33%) done
Select jobs to execute...
Execute 1 jobs...

[Wed Mar 26 18:19:58 2025]
localrule Plot_ROH:
    input: sharks/HydCol_Test/HydCol_Test_ROH_Results.csv, sharks/HydCol_Test/Reference_HydCol_Test_Chroms_Lengths.txt
    output: sharks/HydCol_Test/20250326_GCA_035084275.1_ROH_Map.pdf
    jobid: 34
    reason: Missing output files: sharks/HydCol_Test/20250326_GCA_035084275.1_ROH_Map.pdf; Input files updated by another job: sharks/HydCol_Test/HydCol_Test_ROH_Results.csv; Set of input files has changed since last execution
    wildcards: CLADE=sharks, SPEC_NAME=HydCol_Test, TODAY_DATE=20250326, REF_NAME=GCA_035084275.1
    resources: tmpdir=/tmp

[Wed Mar 26 18:20:04 2025]
Finished job 34.
2 of 3 steps (67%) done
Select jobs to execute...
Execute 1 jobs...

[Wed Mar 26 18:20:04 2025]
localrule all:
    input: sharks/HydCol_Test/HydCol_Test_FASTGA.paf, sharks/HydCol_Test/20250326_CM068742.1_filtered.paf, sharks/HydCol_Test/20250326_CM068743.1_filtered.paf, sharks/HydCol_Test/20250326_CM068744.1_filtered.paf, sharks/HydCol_Test/20250326_CM068745.1_filtered.paf, sharks/HydCol_Test/20250326_CM068746.1_filtered.paf, sharks/HydCol_Test/temp/20250326_CM068742.1_Aln_Only.txt, sharks/HydCol_Test/temp/20250326_CM068743.1_Aln_Only.txt, sharks/HydCol_Test/temp/20250326_CM068744.1_Aln_Only.txt, sharks/HydCol_Test/temp/20250326_CM068745.1_Aln_Only.txt, sharks/HydCol_Test/temp/20250326_CM068746.1_Aln_Only.txt, sharks/HydCol_Test/temp/20250326_CM068742.1_Var_Only.txt, sharks/HydCol_Test/temp/20250326_CM068743.1_Var_Only.txt, sharks/HydCol_Test/temp/20250326_CM068744.1_Var_Only.txt, sharks/HydCol_Test/temp/20250326_CM068745.1_Var_Only.txt, sharks/HydCol_Test/temp/20250326_CM068746.1_Var_Only.txt, sharks/HydCol_Test/20250326_CM068742.1_ROH_Results.txt, sharks/HydCol_Test/20250326_CM068743.1_ROH_Results.txt, sharks/HydCol_Test/20250326_CM068744.1_ROH_Results.txt, sharks/HydCol_Test/20250326_CM068745.1_ROH_Results.txt, sharks/HydCol_Test/20250326_CM068746.1_ROH_Results.txt, sharks/HydCol_Test/HydCol_Test_ROH_Results.csv, sharks/HydCol_Test/20250326_GCA_035084275.1_ROH_Map.pdf
    jobid: 0
    reason: Input files updated by another job: sharks/HydCol_Test/HydCol_Test_ROH_Results.csv, sharks/HydCol_Test/20250326_GCA_035084275.1_ROH_Map.pdf
    resources: tmpdir=/tmp

[Wed Mar 26 18:20:04 2025]
Finished job 0.
3 of 3 steps (100%) done
Complete log: .snakemake/log/2025-03-26T181958.451960.snakemake.log
