host: login-q-4
Building DAG of jobs...
Using shell: /usr/bin/bash
Provided cores: 76
Rules claiming more threads will be scaled down.
Job stats:
job                      count
---------------------  -------
CALC_HET_PER_CHR             9
CALC_HET_WHOLE_GENOME        1
COMPILE_HET                  1
PLOT_HET_PER_CHR            14
PLOT_WHOLE_HET               1
all                          1
total                       27

Select jobs to execute...
Execute 9 jobs...

[Fri May  2 16:20:07 2025]
localrule CALC_HET_PER_CHR:
    input: sharks/NarBan/temp/NarBan_Var_Only.txt, sharks/NarBan/Reference_NarBan_Chroms_Lengths.txt, sharks/NarBan/NarBan_ROH_Results.csv
    output: sharks/NarBan/20250425_CM072969.1_het.txt
    jobid: 83
    reason: Missing output files: sharks/NarBan/20250425_CM072969.1_het.txt
    wildcards: CLADE=sharks, SPEC_NAME=NarBan, TODAY_DATE=20250425, CHR=CM072969.1
    resources: tmpdir=/tmp


[Fri May  2 16:20:07 2025]
localrule CALC_HET_PER_CHR:
    input: sharks/NarBan/temp/NarBan_Var_Only.txt, sharks/NarBan/Reference_NarBan_Chroms_Lengths.txt, sharks/NarBan/NarBan_ROH_Results.csv
    output: sharks/NarBan/20250425_CM072964.1_het.txt
    jobid: 78
    reason: Missing output files: sharks/NarBan/20250425_CM072964.1_het.txt
    wildcards: CLADE=sharks, SPEC_NAME=NarBan, TODAY_DATE=20250425, CHR=CM072964.1
    resources: tmpdir=/tmp


[Fri May  2 16:20:07 2025]
localrule CALC_HET_PER_CHR:
    input: sharks/NarBan/temp/NarBan_Var_Only.txt, sharks/NarBan/Reference_NarBan_Chroms_Lengths.txt, sharks/NarBan/NarBan_ROH_Results.csv
    output: sharks/NarBan/20250425_CM072957.1_het.txt
    jobid: 71
    reason: Missing output files: sharks/NarBan/20250425_CM072957.1_het.txt
    wildcards: CLADE=sharks, SPEC_NAME=NarBan, TODAY_DATE=20250425, CHR=CM072957.1
    resources: tmpdir=/tmp


[Fri May  2 16:20:07 2025]
localrule CALC_HET_PER_CHR:
    input: sharks/NarBan/temp/NarBan_Var_Only.txt, sharks/NarBan/Reference_NarBan_Chroms_Lengths.txt, sharks/NarBan/NarBan_ROH_Results.csv
    output: sharks/NarBan/20250425_CM072966.1_het.txt
    jobid: 80
    reason: Missing output files: sharks/NarBan/20250425_CM072966.1_het.txt
    wildcards: CLADE=sharks, SPEC_NAME=NarBan, TODAY_DATE=20250425, CHR=CM072966.1
    resources: tmpdir=/tmp


[Fri May  2 16:20:07 2025]
localrule CALC_HET_PER_CHR:
    input: sharks/NarBan/temp/NarBan_Var_Only.txt, sharks/NarBan/Reference_NarBan_Chroms_Lengths.txt, sharks/NarBan/NarBan_ROH_Results.csv
    output: sharks/NarBan/20250425_CM072959.1_het.txt
    jobid: 73
    reason: Missing output files: sharks/NarBan/20250425_CM072959.1_het.txt
    wildcards: CLADE=sharks, SPEC_NAME=NarBan, TODAY_DATE=20250425, CHR=CM072959.1
    resources: tmpdir=/tmp


[Fri May  2 16:20:07 2025]
localrule CALC_HET_PER_CHR:
    input: sharks/NarBan/temp/NarBan_Var_Only.txt, sharks/NarBan/Reference_NarBan_Chroms_Lengths.txt, sharks/NarBan/NarBan_ROH_Results.csv
    output: sharks/NarBan/20250425_CM072968.1_het.txt
    jobid: 82
    reason: Missing output files: sharks/NarBan/20250425_CM072968.1_het.txt
    wildcards: CLADE=sharks, SPEC_NAME=NarBan, TODAY_DATE=20250425, CHR=CM072968.1
    resources: tmpdir=/tmp


[Fri May  2 16:20:07 2025]
localrule CALC_HET_PER_CHR:
    input: sharks/NarBan/temp/NarBan_Var_Only.txt, sharks/NarBan/Reference_NarBan_Chroms_Lengths.txt, sharks/NarBan/NarBan_ROH_Results.csv
    output: sharks/NarBan/20250425_CM072956.1_het.txt
    jobid: 70
    reason: Missing output files: sharks/NarBan/20250425_CM072956.1_het.txt
    wildcards: CLADE=sharks, SPEC_NAME=NarBan, TODAY_DATE=20250425, CHR=CM072956.1
    resources: tmpdir=/tmp


[Fri May  2 16:20:07 2025]
localrule CALC_HET_PER_CHR:
    input: sharks/NarBan/temp/NarBan_Var_Only.txt, sharks/NarBan/Reference_NarBan_Chroms_Lengths.txt, sharks/NarBan/NarBan_ROH_Results.csv
    output: sharks/NarBan/20250425_CM072965.1_het.txt
    jobid: 79
    reason: Missing output files: sharks/NarBan/20250425_CM072965.1_het.txt
    wildcards: CLADE=sharks, SPEC_NAME=NarBan, TODAY_DATE=20250425, CHR=CM072965.1
    resources: tmpdir=/tmp


[Fri May  2 16:20:07 2025]
localrule CALC_HET_PER_CHR:
    input: sharks/NarBan/temp/NarBan_Var_Only.txt, sharks/NarBan/Reference_NarBan_Chroms_Lengths.txt, sharks/NarBan/NarBan_ROH_Results.csv
    output: sharks/NarBan/20250425_CM072967.1_het.txt
    jobid: 81
    reason: Missing output files: sharks/NarBan/20250425_CM072967.1_het.txt
    wildcards: CLADE=sharks, SPEC_NAME=NarBan, TODAY_DATE=20250425, CHR=CM072967.1
    resources: tmpdir=/tmp

RuleException:
CalledProcessError in file /rds/project/rds-p67MZilb2eQ/projects/VGP/heterozygosity/Snakefile, line 440:
Command 'set -euo pipefail;  
        python /rds/project/rds-p67MZilb2eQ/projects/VGP/heterozygosity/20250325_find_het_per_chr_V3.py sharks/NarBan/temp/NarBan_Var_Only.txt sharks/NarBan/Reference_NarBan_Chroms_Lengths.txt sharks NarBan 20250425 1000000 500000 14 sharks/NarBan/NarBan_ROH_Results.csv' returned non-zero exit status 1.
[Fri May  2 16:25:12 2025]
Error in rule CALC_HET_PER_CHR:
    jobid: 82
    input: sharks/NarBan/temp/NarBan_Var_Only.txt, sharks/NarBan/Reference_NarBan_Chroms_Lengths.txt, sharks/NarBan/NarBan_ROH_Results.csv
    output: sharks/NarBan/20250425_CM072968.1_het.txt
    shell:
        
        python /rds/project/rds-p67MZilb2eQ/projects/VGP/heterozygosity/20250325_find_het_per_chr_V3.py sharks/NarBan/temp/NarBan_Var_Only.txt sharks/NarBan/Reference_NarBan_Chroms_Lengths.txt sharks NarBan 20250425 1000000 500000 14 sharks/NarBan/NarBan_ROH_Results.csv
        
        (one of the commands exited with non-zero exit code; note that snakemake uses bash strict mode!)

RuleException:
CalledProcessError in file /rds/project/rds-p67MZilb2eQ/projects/VGP/heterozygosity/Snakefile, line 440:
Command 'set -euo pipefail;  
        python /rds/project/rds-p67MZilb2eQ/projects/VGP/heterozygosity/20250325_find_het_per_chr_V3.py sharks/NarBan/temp/NarBan_Var_Only.txt sharks/NarBan/Reference_NarBan_Chroms_Lengths.txt sharks NarBan 20250425 1000000 500000 14 sharks/NarBan/NarBan_ROH_Results.csv' returned non-zero exit status 1.
[Fri May  2 16:25:13 2025]
Error in rule CALC_HET_PER_CHR:
    jobid: 71
    input: sharks/NarBan/temp/NarBan_Var_Only.txt, sharks/NarBan/Reference_NarBan_Chroms_Lengths.txt, sharks/NarBan/NarBan_ROH_Results.csv
    output: sharks/NarBan/20250425_CM072957.1_het.txt
    shell:
        
        python /rds/project/rds-p67MZilb2eQ/projects/VGP/heterozygosity/20250325_find_het_per_chr_V3.py sharks/NarBan/temp/NarBan_Var_Only.txt sharks/NarBan/Reference_NarBan_Chroms_Lengths.txt sharks NarBan 20250425 1000000 500000 14 sharks/NarBan/NarBan_ROH_Results.csv
        
        (one of the commands exited with non-zero exit code; note that snakemake uses bash strict mode!)

Removing output files of failed job CALC_HET_PER_CHR since they might be corrupted:
sharks/NarBan/20250425_CM072957.1_het.txt
RuleException:
CalledProcessError in file /rds/project/rds-p67MZilb2eQ/projects/VGP/heterozygosity/Snakefile, line 440:
Command 'set -euo pipefail;  
        python /rds/project/rds-p67MZilb2eQ/projects/VGP/heterozygosity/20250325_find_het_per_chr_V3.py sharks/NarBan/temp/NarBan_Var_Only.txt sharks/NarBan/Reference_NarBan_Chroms_Lengths.txt sharks NarBan 20250425 1000000 500000 14 sharks/NarBan/NarBan_ROH_Results.csv' returned non-zero exit status 1.
[Fri May  2 16:25:14 2025]
Error in rule CALC_HET_PER_CHR:
    jobid: 70
    input: sharks/NarBan/temp/NarBan_Var_Only.txt, sharks/NarBan/Reference_NarBan_Chroms_Lengths.txt, sharks/NarBan/NarBan_ROH_Results.csv
    output: sharks/NarBan/20250425_CM072956.1_het.txt
    shell:
        
        python /rds/project/rds-p67MZilb2eQ/projects/VGP/heterozygosity/20250325_find_het_per_chr_V3.py sharks/NarBan/temp/NarBan_Var_Only.txt sharks/NarBan/Reference_NarBan_Chroms_Lengths.txt sharks NarBan 20250425 1000000 500000 14 sharks/NarBan/NarBan_ROH_Results.csv
        
        (one of the commands exited with non-zero exit code; note that snakemake uses bash strict mode!)

Removing output files of failed job CALC_HET_PER_CHR since they might be corrupted:
sharks/NarBan/20250425_CM072956.1_het.txt
RuleException:
CalledProcessError in file /rds/project/rds-p67MZilb2eQ/projects/VGP/heterozygosity/Snakefile, line 440:
Command 'set -euo pipefail;  
        python /rds/project/rds-p67MZilb2eQ/projects/VGP/heterozygosity/20250325_find_het_per_chr_V3.py sharks/NarBan/temp/NarBan_Var_Only.txt sharks/NarBan/Reference_NarBan_Chroms_Lengths.txt sharks NarBan 20250425 1000000 500000 14 sharks/NarBan/NarBan_ROH_Results.csv' returned non-zero exit status 1.
[Fri May  2 16:25:15 2025]
Error in rule CALC_HET_PER_CHR:
    jobid: 83
    input: sharks/NarBan/temp/NarBan_Var_Only.txt, sharks/NarBan/Reference_NarBan_Chroms_Lengths.txt, sharks/NarBan/NarBan_ROH_Results.csv
    output: sharks/NarBan/20250425_CM072969.1_het.txt
    shell:
        
        python /rds/project/rds-p67MZilb2eQ/projects/VGP/heterozygosity/20250325_find_het_per_chr_V3.py sharks/NarBan/temp/NarBan_Var_Only.txt sharks/NarBan/Reference_NarBan_Chroms_Lengths.txt sharks NarBan 20250425 1000000 500000 14 sharks/NarBan/NarBan_ROH_Results.csv
        
        (one of the commands exited with non-zero exit code; note that snakemake uses bash strict mode!)

RuleException:
CalledProcessError in file /rds/project/rds-p67MZilb2eQ/projects/VGP/heterozygosity/Snakefile, line 440:
Command 'set -euo pipefail;  
        python /rds/project/rds-p67MZilb2eQ/projects/VGP/heterozygosity/20250325_find_het_per_chr_V3.py sharks/NarBan/temp/NarBan_Var_Only.txt sharks/NarBan/Reference_NarBan_Chroms_Lengths.txt sharks NarBan 20250425 1000000 500000 14 sharks/NarBan/NarBan_ROH_Results.csv' returned non-zero exit status 1.
[Fri May  2 16:25:16 2025]
Error in rule CALC_HET_PER_CHR:
    jobid: 73
    input: sharks/NarBan/temp/NarBan_Var_Only.txt, sharks/NarBan/Reference_NarBan_Chroms_Lengths.txt, sharks/NarBan/NarBan_ROH_Results.csv
    output: sharks/NarBan/20250425_CM072959.1_het.txt
    shell:
        
        python /rds/project/rds-p67MZilb2eQ/projects/VGP/heterozygosity/20250325_find_het_per_chr_V3.py sharks/NarBan/temp/NarBan_Var_Only.txt sharks/NarBan/Reference_NarBan_Chroms_Lengths.txt sharks NarBan 20250425 1000000 500000 14 sharks/NarBan/NarBan_ROH_Results.csv
        
        (one of the commands exited with non-zero exit code; note that snakemake uses bash strict mode!)

Removing output files of failed job CALC_HET_PER_CHR since they might be corrupted:
sharks/NarBan/20250425_CM072959.1_het.txt
RuleException:
CalledProcessError in file /rds/project/rds-p67MZilb2eQ/projects/VGP/heterozygosity/Snakefile, line 440:
Command 'set -euo pipefail;  
        python /rds/project/rds-p67MZilb2eQ/projects/VGP/heterozygosity/20250325_find_het_per_chr_V3.py sharks/NarBan/temp/NarBan_Var_Only.txt sharks/NarBan/Reference_NarBan_Chroms_Lengths.txt sharks NarBan 20250425 1000000 500000 14 sharks/NarBan/NarBan_ROH_Results.csv' returned non-zero exit status 1.
[Fri May  2 16:25:19 2025]
Error in rule CALC_HET_PER_CHR:
    jobid: 80
    input: sharks/NarBan/temp/NarBan_Var_Only.txt, sharks/NarBan/Reference_NarBan_Chroms_Lengths.txt, sharks/NarBan/NarBan_ROH_Results.csv
    output: sharks/NarBan/20250425_CM072966.1_het.txt
    shell:
        
        python /rds/project/rds-p67MZilb2eQ/projects/VGP/heterozygosity/20250325_find_het_per_chr_V3.py sharks/NarBan/temp/NarBan_Var_Only.txt sharks/NarBan/Reference_NarBan_Chroms_Lengths.txt sharks NarBan 20250425 1000000 500000 14 sharks/NarBan/NarBan_ROH_Results.csv
        
        (one of the commands exited with non-zero exit code; note that snakemake uses bash strict mode!)

RuleException:
CalledProcessError in file /rds/project/rds-p67MZilb2eQ/projects/VGP/heterozygosity/Snakefile, line 440:
Command 'set -euo pipefail;  
        python /rds/project/rds-p67MZilb2eQ/projects/VGP/heterozygosity/20250325_find_het_per_chr_V3.py sharks/NarBan/temp/NarBan_Var_Only.txt sharks/NarBan/Reference_NarBan_Chroms_Lengths.txt sharks NarBan 20250425 1000000 500000 14 sharks/NarBan/NarBan_ROH_Results.csv' returned non-zero exit status 1.
[Fri May  2 16:25:19 2025]
Error in rule CALC_HET_PER_CHR:
    jobid: 81
    input: sharks/NarBan/temp/NarBan_Var_Only.txt, sharks/NarBan/Reference_NarBan_Chroms_Lengths.txt, sharks/NarBan/NarBan_ROH_Results.csv
    output: sharks/NarBan/20250425_CM072967.1_het.txt
    shell:
        
        python /rds/project/rds-p67MZilb2eQ/projects/VGP/heterozygosity/20250325_find_het_per_chr_V3.py sharks/NarBan/temp/NarBan_Var_Only.txt sharks/NarBan/Reference_NarBan_Chroms_Lengths.txt sharks NarBan 20250425 1000000 500000 14 sharks/NarBan/NarBan_ROH_Results.csv
        
        (one of the commands exited with non-zero exit code; note that snakemake uses bash strict mode!)

RuleException:
CalledProcessError in file /rds/project/rds-p67MZilb2eQ/projects/VGP/heterozygosity/Snakefile, line 440:
Command 'set -euo pipefail;  
        python /rds/project/rds-p67MZilb2eQ/projects/VGP/heterozygosity/20250325_find_het_per_chr_V3.py sharks/NarBan/temp/NarBan_Var_Only.txt sharks/NarBan/Reference_NarBan_Chroms_Lengths.txt sharks NarBan 20250425 1000000 500000 14 sharks/NarBan/NarBan_ROH_Results.csv' returned non-zero exit status 1.
[Fri May  2 16:25:20 2025]
Error in rule CALC_HET_PER_CHR:
    jobid: 78
    input: sharks/NarBan/temp/NarBan_Var_Only.txt, sharks/NarBan/Reference_NarBan_Chroms_Lengths.txt, sharks/NarBan/NarBan_ROH_Results.csv
    output: sharks/NarBan/20250425_CM072964.1_het.txt
    shell:
        
        python /rds/project/rds-p67MZilb2eQ/projects/VGP/heterozygosity/20250325_find_het_per_chr_V3.py sharks/NarBan/temp/NarBan_Var_Only.txt sharks/NarBan/Reference_NarBan_Chroms_Lengths.txt sharks NarBan 20250425 1000000 500000 14 sharks/NarBan/NarBan_ROH_Results.csv
        
        (one of the commands exited with non-zero exit code; note that snakemake uses bash strict mode!)

Removing output files of failed job CALC_HET_PER_CHR since they might be corrupted:
sharks/NarBan/20250425_CM072964.1_het.txt
RuleException:
CalledProcessError in file /rds/project/rds-p67MZilb2eQ/projects/VGP/heterozygosity/Snakefile, line 440:
Command 'set -euo pipefail;  
        python /rds/project/rds-p67MZilb2eQ/projects/VGP/heterozygosity/20250325_find_het_per_chr_V3.py sharks/NarBan/temp/NarBan_Var_Only.txt sharks/NarBan/Reference_NarBan_Chroms_Lengths.txt sharks NarBan 20250425 1000000 500000 14 sharks/NarBan/NarBan_ROH_Results.csv' returned non-zero exit status 1.
[Fri May  2 16:25:21 2025]
Error in rule CALC_HET_PER_CHR:
    jobid: 79
    input: sharks/NarBan/temp/NarBan_Var_Only.txt, sharks/NarBan/Reference_NarBan_Chroms_Lengths.txt, sharks/NarBan/NarBan_ROH_Results.csv
    output: sharks/NarBan/20250425_CM072965.1_het.txt
    shell:
        
        python /rds/project/rds-p67MZilb2eQ/projects/VGP/heterozygosity/20250325_find_het_per_chr_V3.py sharks/NarBan/temp/NarBan_Var_Only.txt sharks/NarBan/Reference_NarBan_Chroms_Lengths.txt sharks NarBan 20250425 1000000 500000 14 sharks/NarBan/NarBan_ROH_Results.csv
        
        (one of the commands exited with non-zero exit code; note that snakemake uses bash strict mode!)

Removing output files of failed job CALC_HET_PER_CHR since they might be corrupted:
sharks/NarBan/20250425_CM072965.1_het.txt
Shutting down, this might take some time.
Exiting because a job execution failed. Look above for error message
Complete log: .snakemake/log/2025-05-02T161959.719362.snakemake.log
WorkflowError:
At least one job did not complete successfully.
