host: login-q-4
Building DAG of jobs...
SLURM run ID: 67f0e1c1-fc87-470f-864d-a5292a6d0594
Using shell: /usr/bin/bash
Provided remote nodes: 30
Job stats:
job                            count
---------------------------  -------
BOOTSTRAPPING_MULTIHET_FILE      960
INDEX_BAM_FILE                    32
MAIN_MULTIHETSEP                  32
TABIX                             32
all                                1
total                           1057

Select jobs to execute...
Execute 30 jobs...

[Fri May 23 11:18:29 2025]
rule INDEX_BAM_FILE:
    input: sharks/MobBir/MobBir_CM057559.1.bam
    output: sharks/MobBir/MobBir_CM057559.1.bam.bai
    jobid: 218
    reason: Missing output files: sharks/MobBir/MobBir_CM057559.1.bam.bai
    wildcards: CLADE=sharks, SPEC_NAME=MobBir, CHROM=CM057559.1
    resources: mem_mb=100000, mem_mib=95368, disk_mb=1000, disk_mib=954, tmpdir=<TBD>, slurm_account=DURBIN-SL2-CPU, slurm_partition=icelake-himem, runtime=120

Job 218 has been submitted with SLURM jobid 9802094 (log: /rds/project/rds-p67MZilb2eQ/projects/VGP/heterozygosity/.snakemake/slurm_logs/rule_INDEX_BAM_FILE/sharks_MobBir_CM057559.1/9802094.log).

[Fri May 23 11:18:30 2025]
rule TABIX:
    input: sharks/MobBir/temp/CM057583.1_only_snps.vcf.bgz
    output: sharks/MobBir/temp/CM057583.1_only_snps.vcf.bgz.tbi
    jobid: 274
    reason: Missing output files: sharks/MobBir/temp/CM057583.1_only_snps.vcf.bgz.tbi
    wildcards: CLADE=sharks, SPEC_NAME=MobBir, CHROM=CM057583.1
    resources: mem_mb=100000, mem_mib=95368, disk_mb=1000, disk_mib=954, tmpdir=<TBD>, slurm_account=DURBIN-SL2-CPU, slurm_partition=icelake-himem, runtime=120

Job 274 has been submitted with SLURM jobid 9802097 (log: /rds/project/rds-p67MZilb2eQ/projects/VGP/heterozygosity/.snakemake/slurm_logs/rule_TABIX/sharks_MobBir_CM057583.1/9802097.log).

[Fri May 23 11:18:31 2025]
rule MAIN_MULTIHETSEP:
    input: sharks/MobBir/CM057579.1.recode.vcf.gz, sharks/MobBir/MSMC/Output_Bed/CM057579.1/CM057579.1_95.txt, sharks/MobBir/MSMC/Output_bam_caller_BED/CM057579.1_modified_bed.txt.gz, sharks/MobBir/MSMC/Output_indel_BED_file/CM057579.1_indel_bed.txt
    output: sharks/MobBir/MSMC/Output_multihet_filtered_95/CM057579.1_multihet.txt
    jobid: 302
    reason: Updated input files: sharks/MobBir/CM057579.1.recode.vcf.gz
    wildcards: CLADE=sharks, SPEC_NAME=MobBir, CHROM=CM057579.1
    resources: mem_mb=100000, mem_mib=95368, disk_mb=1000, disk_mib=954, tmpdir=<TBD>, slurm_account=DURBIN-SL2-CPU, slurm_partition=icelake-himem, runtime=120

Job 302 has been submitted with SLURM jobid 9802099 (log: /rds/project/rds-p67MZilb2eQ/projects/VGP/heterozygosity/.snakemake/slurm_logs/rule_MAIN_MULTIHETSEP/sharks_MobBir_CM057579.1/9802099.log).

[Fri May 23 11:18:33 2025]
rule INDEX_BAM_FILE:
    input: sharks/MobBir/MobBir_CM057587.1.bam
    output: sharks/MobBir/MobBir_CM057587.1.bam.bai
    jobid: 246
    reason: Missing output files: sharks/MobBir/MobBir_CM057587.1.bam.bai
    wildcards: CLADE=sharks, SPEC_NAME=MobBir, CHROM=CM057587.1
    resources: mem_mb=100000, mem_mib=95368, disk_mb=1000, disk_mib=954, tmpdir=<TBD>, slurm_account=DURBIN-SL2-CPU, slurm_partition=icelake-himem, runtime=120

Job 246 has been submitted with SLURM jobid 9802102 (log: /rds/project/rds-p67MZilb2eQ/projects/VGP/heterozygosity/.snakemake/slurm_logs/rule_INDEX_BAM_FILE/sharks_MobBir_CM057587.1/9802102.log).

[Fri May 23 11:18:36 2025]
rule MAIN_MULTIHETSEP:
    input: sharks/MobBir/CM057587.1.recode.vcf.gz, sharks/MobBir/MSMC/Output_Bed/CM057587.1/CM057587.1_95.txt, sharks/MobBir/MSMC/Output_bam_caller_BED/CM057587.1_modified_bed.txt.gz, sharks/MobBir/MSMC/Output_indel_BED_file/CM057587.1_indel_bed.txt
    output: sharks/MobBir/MSMC/Output_multihet_filtered_95/CM057587.1_multihet.txt
    jobid: 310
    reason: Updated input files: sharks/MobBir/CM057587.1.recode.vcf.gz
    wildcards: CLADE=sharks, SPEC_NAME=MobBir, CHROM=CM057587.1
    resources: mem_mb=100000, mem_mib=95368, disk_mb=1000, disk_mib=954, tmpdir=<TBD>, slurm_account=DURBIN-SL2-CPU, slurm_partition=icelake-himem, runtime=120

Job 310 has been submitted with SLURM jobid 9802105 (log: /rds/project/rds-p67MZilb2eQ/projects/VGP/heterozygosity/.snakemake/slurm_logs/rule_MAIN_MULTIHETSEP/sharks_MobBir_CM057587.1/9802105.log).

[Fri May 23 11:18:36 2025]
rule TABIX:
    input: sharks/MobBir/temp/CM057563.1_only_snps.vcf.bgz
    output: sharks/MobBir/temp/CM057563.1_only_snps.vcf.bgz.tbi
    jobid: 254
    reason: Missing output files: sharks/MobBir/temp/CM057563.1_only_snps.vcf.bgz.tbi
    wildcards: CLADE=sharks, SPEC_NAME=MobBir, CHROM=CM057563.1
    resources: mem_mb=100000, mem_mib=95368, disk_mb=1000, disk_mib=954, tmpdir=<TBD>, slurm_account=DURBIN-SL2-CPU, slurm_partition=icelake-himem, runtime=120

Job 254 has been submitted with SLURM jobid 9802107 (log: /rds/project/rds-p67MZilb2eQ/projects/VGP/heterozygosity/.snakemake/slurm_logs/rule_TABIX/sharks_MobBir_CM057563.1/9802107.log).

[Fri May 23 11:18:38 2025]
rule TABIX:
    input: sharks/MobBir/temp/CM057578.1_only_snps.vcf.bgz
    output: sharks/MobBir/temp/CM057578.1_only_snps.vcf.bgz.tbi
    jobid: 269
    reason: Missing output files: sharks/MobBir/temp/CM057578.1_only_snps.vcf.bgz.tbi
    wildcards: CLADE=sharks, SPEC_NAME=MobBir, CHROM=CM057578.1
    resources: mem_mb=100000, mem_mib=95368, disk_mb=1000, disk_mib=954, tmpdir=<TBD>, slurm_account=DURBIN-SL2-CPU, slurm_partition=icelake-himem, runtime=120

Job 269 has been submitted with SLURM jobid 9802109 (log: /rds/project/rds-p67MZilb2eQ/projects/VGP/heterozygosity/.snakemake/slurm_logs/rule_TABIX/sharks_MobBir_CM057578.1/9802109.log).

[Fri May 23 11:18:38 2025]
rule INDEX_BAM_FILE:
    input: sharks/MobBir/MobBir_CM057582.1.bam
    output: sharks/MobBir/MobBir_CM057582.1.bam.bai
    jobid: 241
    reason: Missing output files: sharks/MobBir/MobBir_CM057582.1.bam.bai
    wildcards: CLADE=sharks, SPEC_NAME=MobBir, CHROM=CM057582.1
    resources: mem_mb=100000, mem_mib=95368, disk_mb=1000, disk_mib=954, tmpdir=<TBD>, slurm_account=DURBIN-SL2-CPU, slurm_partition=icelake-himem, runtime=120

Job 241 has been submitted with SLURM jobid 9802111 (log: /rds/project/rds-p67MZilb2eQ/projects/VGP/heterozygosity/.snakemake/slurm_logs/rule_INDEX_BAM_FILE/sharks_MobBir_CM057582.1/9802111.log).

[Fri May 23 11:18:39 2025]
rule MAIN_MULTIHETSEP:
    input: sharks/MobBir/CM057574.1.recode.vcf.gz, sharks/MobBir/MSMC/Output_Bed/CM057574.1/CM057574.1_95.txt, sharks/MobBir/MSMC/Output_bam_caller_BED/CM057574.1_modified_bed.txt.gz, sharks/MobBir/MSMC/Output_indel_BED_file/CM057574.1_indel_bed.txt
    output: sharks/MobBir/MSMC/Output_multihet_filtered_95/CM057574.1_multihet.txt
    jobid: 297
    reason: Updated input files: sharks/MobBir/CM057574.1.recode.vcf.gz
    wildcards: CLADE=sharks, SPEC_NAME=MobBir, CHROM=CM057574.1
    resources: mem_mb=100000, mem_mib=95368, disk_mb=1000, disk_mib=954, tmpdir=<TBD>, slurm_account=DURBIN-SL2-CPU, slurm_partition=icelake-himem, runtime=120

Job 297 has been submitted with SLURM jobid 9802113 (log: /rds/project/rds-p67MZilb2eQ/projects/VGP/heterozygosity/.snakemake/slurm_logs/rule_MAIN_MULTIHETSEP/sharks_MobBir_CM057574.1/9802113.log).

[Fri May 23 11:18:41 2025]
rule TABIX:
    input: sharks/MobBir/temp/CM057579.1_only_snps.vcf.bgz
    output: sharks/MobBir/temp/CM057579.1_only_snps.vcf.bgz.tbi
    jobid: 270
    reason: Missing output files: sharks/MobBir/temp/CM057579.1_only_snps.vcf.bgz.tbi
    wildcards: CLADE=sharks, SPEC_NAME=MobBir, CHROM=CM057579.1
    resources: mem_mb=100000, mem_mib=95368, disk_mb=1000, disk_mib=954, tmpdir=<TBD>, slurm_account=DURBIN-SL2-CPU, slurm_partition=icelake-himem, runtime=120

Job 270 has been submitted with SLURM jobid 9802115 (log: /rds/project/rds-p67MZilb2eQ/projects/VGP/heterozygosity/.snakemake/slurm_logs/rule_TABIX/sharks_MobBir_CM057579.1/9802115.log).

[Fri May 23 11:18:41 2025]
rule MAIN_MULTIHETSEP:
    input: sharks/MobBir/CM057582.1.recode.vcf.gz, sharks/MobBir/MSMC/Output_Bed/CM057582.1/CM057582.1_95.txt, sharks/MobBir/MSMC/Output_bam_caller_BED/CM057582.1_modified_bed.txt.gz, sharks/MobBir/MSMC/Output_indel_BED_file/CM057582.1_indel_bed.txt
    output: sharks/MobBir/MSMC/Output_multihet_filtered_95/CM057582.1_multihet.txt
    jobid: 305
    reason: Updated input files: sharks/MobBir/CM057582.1.recode.vcf.gz
    wildcards: CLADE=sharks, SPEC_NAME=MobBir, CHROM=CM057582.1
    resources: mem_mb=100000, mem_mib=95368, disk_mb=1000, disk_mib=954, tmpdir=<TBD>, slurm_account=DURBIN-SL2-CPU, slurm_partition=icelake-himem, runtime=120

Job 305 has been submitted with SLURM jobid 9802117 (log: /rds/project/rds-p67MZilb2eQ/projects/VGP/heterozygosity/.snakemake/slurm_logs/rule_MAIN_MULTIHETSEP/sharks_MobBir_CM057582.1/9802117.log).

[Fri May 23 11:18:43 2025]
rule MAIN_MULTIHETSEP:
    input: sharks/MobBir/CM057575.1.recode.vcf.gz, sharks/MobBir/MSMC/Output_Bed/CM057575.1/CM057575.1_95.txt, sharks/MobBir/MSMC/Output_bam_caller_BED/CM057575.1_modified_bed.txt.gz, sharks/MobBir/MSMC/Output_indel_BED_file/CM057575.1_indel_bed.txt
    output: sharks/MobBir/MSMC/Output_multihet_filtered_95/CM057575.1_multihet.txt
    jobid: 298
    reason: Updated input files: sharks/MobBir/CM057575.1.recode.vcf.gz
    wildcards: CLADE=sharks, SPEC_NAME=MobBir, CHROM=CM057575.1
    resources: mem_mb=100000, mem_mib=95368, disk_mb=1000, disk_mib=954, tmpdir=<TBD>, slurm_account=DURBIN-SL2-CPU, slurm_partition=icelake-himem, runtime=120

Job 298 has been submitted with SLURM jobid 9802120 (log: /rds/project/rds-p67MZilb2eQ/projects/VGP/heterozygosity/.snakemake/slurm_logs/rule_MAIN_MULTIHETSEP/sharks_MobBir_CM057575.1/9802120.log).

[Fri May 23 11:18:46 2025]
rule INDEX_BAM_FILE:
    input: sharks/MobBir/MobBir_CM057583.1.bam
    output: sharks/MobBir/MobBir_CM057583.1.bam.bai
    jobid: 242
    reason: Missing output files: sharks/MobBir/MobBir_CM057583.1.bam.bai
    wildcards: CLADE=sharks, SPEC_NAME=MobBir, CHROM=CM057583.1
    resources: mem_mb=100000, mem_mib=95368, disk_mb=1000, disk_mib=954, tmpdir=<TBD>, slurm_account=DURBIN-SL2-CPU, slurm_partition=icelake-himem, runtime=120

Job 242 has been submitted with SLURM jobid 9802122 (log: /rds/project/rds-p67MZilb2eQ/projects/VGP/heterozygosity/.snakemake/slurm_logs/rule_INDEX_BAM_FILE/sharks_MobBir_CM057583.1/9802122.log).

[Fri May 23 11:18:46 2025]
rule INDEX_BAM_FILE:
    input: sharks/MobBir/MobBir_CM057556.1.bam
    output: sharks/MobBir/MobBir_CM057556.1.bam.bai
    jobid: 215
    reason: Missing output files: sharks/MobBir/MobBir_CM057556.1.bam.bai
    wildcards: CLADE=sharks, SPEC_NAME=MobBir, CHROM=CM057556.1
    resources: mem_mb=100000, mem_mib=95368, disk_mb=1000, disk_mib=954, tmpdir=<TBD>, slurm_account=DURBIN-SL2-CPU, slurm_partition=icelake-himem, runtime=120

Job 215 has been submitted with SLURM jobid 9802124 (log: /rds/project/rds-p67MZilb2eQ/projects/VGP/heterozygosity/.snakemake/slurm_logs/rule_INDEX_BAM_FILE/sharks_MobBir_CM057556.1/9802124.log).

[Fri May 23 11:18:46 2025]
rule TABIX:
    input: sharks/MobBir/temp/CM057580.1_only_snps.vcf.bgz
    output: sharks/MobBir/temp/CM057580.1_only_snps.vcf.bgz.tbi
    jobid: 271
    reason: Missing output files: sharks/MobBir/temp/CM057580.1_only_snps.vcf.bgz.tbi
    wildcards: CLADE=sharks, SPEC_NAME=MobBir, CHROM=CM057580.1
    resources: mem_mb=100000, mem_mib=95368, disk_mb=1000, disk_mib=954, tmpdir=<TBD>, slurm_account=DURBIN-SL2-CPU, slurm_partition=icelake-himem, runtime=120

Job 271 has been submitted with SLURM jobid 9802125 (log: /rds/project/rds-p67MZilb2eQ/projects/VGP/heterozygosity/.snakemake/slurm_logs/rule_TABIX/sharks_MobBir_CM057580.1/9802125.log).

[Fri May 23 11:18:48 2025]
rule INDEX_BAM_FILE:
    input: sharks/MobBir/MobBir_CM057584.1.bam
    output: sharks/MobBir/MobBir_CM057584.1.bam.bai
    jobid: 243
    reason: Missing output files: sharks/MobBir/MobBir_CM057584.1.bam.bai
    wildcards: CLADE=sharks, SPEC_NAME=MobBir, CHROM=CM057584.1
    resources: mem_mb=100000, mem_mib=95368, disk_mb=1000, disk_mib=954, tmpdir=<TBD>, slurm_account=DURBIN-SL2-CPU, slurm_partition=icelake-himem, runtime=120

Job 243 has been submitted with SLURM jobid 9802127 (log: /rds/project/rds-p67MZilb2eQ/projects/VGP/heterozygosity/.snakemake/slurm_logs/rule_INDEX_BAM_FILE/sharks_MobBir_CM057584.1/9802127.log).

[Fri May 23 11:18:49 2025]
rule MAIN_MULTIHETSEP:
    input: sharks/MobBir/CM057576.1.recode.vcf.gz, sharks/MobBir/MSMC/Output_Bed/CM057576.1/CM057576.1_95.txt, sharks/MobBir/MSMC/Output_bam_caller_BED/CM057576.1_modified_bed.txt.gz, sharks/MobBir/MSMC/Output_indel_BED_file/CM057576.1_indel_bed.txt
    output: sharks/MobBir/MSMC/Output_multihet_filtered_95/CM057576.1_multihet.txt
    jobid: 299
    reason: Updated input files: sharks/MobBir/CM057576.1.recode.vcf.gz
    wildcards: CLADE=sharks, SPEC_NAME=MobBir, CHROM=CM057576.1
    resources: mem_mb=100000, mem_mib=95368, disk_mb=1000, disk_mib=954, tmpdir=<TBD>, slurm_account=DURBIN-SL2-CPU, slurm_partition=icelake-himem, runtime=120

Job 299 has been submitted with SLURM jobid 9802129 (log: /rds/project/rds-p67MZilb2eQ/projects/VGP/heterozygosity/.snakemake/slurm_logs/rule_MAIN_MULTIHETSEP/sharks_MobBir_CM057576.1/9802129.log).

[Fri May 23 11:18:51 2025]
rule INDEX_BAM_FILE:
    input: sharks/MobBir/MobBir_CM057564.1.bam
    output: sharks/MobBir/MobBir_CM057564.1.bam.bai
    jobid: 223
    reason: Missing output files: sharks/MobBir/MobBir_CM057564.1.bam.bai
    wildcards: CLADE=sharks, SPEC_NAME=MobBir, CHROM=CM057564.1
    resources: mem_mb=100000, mem_mib=95368, disk_mb=1000, disk_mib=954, tmpdir=<TBD>, slurm_account=DURBIN-SL2-CPU, slurm_partition=icelake-himem, runtime=120

Job 223 has been submitted with SLURM jobid 9802131 (log: /rds/project/rds-p67MZilb2eQ/projects/VGP/heterozygosity/.snakemake/slurm_logs/rule_INDEX_BAM_FILE/sharks_MobBir_CM057564.1/9802131.log).

[Fri May 23 11:18:51 2025]
rule MAIN_MULTIHETSEP:
    input: sharks/MobBir/CM057556.1.recode.vcf.gz, sharks/MobBir/MSMC/Output_Bed/CM057556.1/CM057556.1_95.txt, sharks/MobBir/MSMC/Output_bam_caller_BED/CM057556.1_modified_bed.txt.gz, sharks/MobBir/MSMC/Output_indel_BED_file/CM057556.1_indel_bed.txt
    output: sharks/MobBir/MSMC/Output_multihet_filtered_95/CM057556.1_multihet.txt
    jobid: 279
    reason: Updated input files: sharks/MobBir/CM057556.1.recode.vcf.gz
    wildcards: CLADE=sharks, SPEC_NAME=MobBir, CHROM=CM057556.1
    resources: mem_mb=100000, mem_mib=95368, disk_mb=1000, disk_mib=954, tmpdir=<TBD>, slurm_account=DURBIN-SL2-CPU, slurm_partition=icelake-himem, runtime=120

Job 279 has been submitted with SLURM jobid 9802133 (log: /rds/project/rds-p67MZilb2eQ/projects/VGP/heterozygosity/.snakemake/slurm_logs/rule_MAIN_MULTIHETSEP/sharks_MobBir_CM057556.1/9802133.log).

[Fri May 23 11:18:53 2025]
rule INDEX_BAM_FILE:
    input: sharks/MobBir/MobBir_CM057557.1.bam
    output: sharks/MobBir/MobBir_CM057557.1.bam.bai
    jobid: 216
    reason: Missing output files: sharks/MobBir/MobBir_CM057557.1.bam.bai
    wildcards: CLADE=sharks, SPEC_NAME=MobBir, CHROM=CM057557.1
    resources: mem_mb=100000, mem_mib=95368, disk_mb=1000, disk_mib=954, tmpdir=<TBD>, slurm_account=DURBIN-SL2-CPU, slurm_partition=icelake-himem, runtime=120

Job 216 has been submitted with SLURM jobid 9802136 (log: /rds/project/rds-p67MZilb2eQ/projects/VGP/heterozygosity/.snakemake/slurm_logs/rule_INDEX_BAM_FILE/sharks_MobBir_CM057557.1/9802136.log).

[Fri May 23 11:18:56 2025]
rule TABIX:
    input: sharks/MobBir/temp/CM057581.1_only_snps.vcf.bgz
    output: sharks/MobBir/temp/CM057581.1_only_snps.vcf.bgz.tbi
    jobid: 272
    reason: Missing output files: sharks/MobBir/temp/CM057581.1_only_snps.vcf.bgz.tbi
    wildcards: CLADE=sharks, SPEC_NAME=MobBir, CHROM=CM057581.1
    resources: mem_mb=100000, mem_mib=95368, disk_mb=1000, disk_mib=954, tmpdir=<TBD>, slurm_account=DURBIN-SL2-CPU, slurm_partition=icelake-himem, runtime=120

Job 272 has been submitted with SLURM jobid 9802138 (log: /rds/project/rds-p67MZilb2eQ/projects/VGP/heterozygosity/.snakemake/slurm_logs/rule_TABIX/sharks_MobBir_CM057581.1/9802138.log).

[Fri May 23 11:18:56 2025]
rule INDEX_BAM_FILE:
    input: sharks/MobBir/MobBir_CM057586.1.bam
    output: sharks/MobBir/MobBir_CM057586.1.bam.bai
    jobid: 245
    reason: Missing output files: sharks/MobBir/MobBir_CM057586.1.bam.bai
    wildcards: CLADE=sharks, SPEC_NAME=MobBir, CHROM=CM057586.1
    resources: mem_mb=100000, mem_mib=95368, disk_mb=1000, disk_mib=954, tmpdir=<TBD>, slurm_account=DURBIN-SL2-CPU, slurm_partition=icelake-himem, runtime=120

Job 245 has been submitted with SLURM jobid 9802140 (log: /rds/project/rds-p67MZilb2eQ/projects/VGP/heterozygosity/.snakemake/slurm_logs/rule_INDEX_BAM_FILE/sharks_MobBir_CM057586.1/9802140.log).

[Fri May 23 11:18:59 2025]
rule MAIN_MULTIHETSEP:
    input: sharks/MobBir/CM057584.1.recode.vcf.gz, sharks/MobBir/MSMC/Output_Bed/CM057584.1/CM057584.1_95.txt, sharks/MobBir/MSMC/Output_bam_caller_BED/CM057584.1_modified_bed.txt.gz, sharks/MobBir/MSMC/Output_indel_BED_file/CM057584.1_indel_bed.txt
    output: sharks/MobBir/MSMC/Output_multihet_filtered_95/CM057584.1_multihet.txt
    jobid: 307
    reason: Updated input files: sharks/MobBir/CM057584.1.recode.vcf.gz
    wildcards: CLADE=sharks, SPEC_NAME=MobBir, CHROM=CM057584.1
    resources: mem_mb=100000, mem_mib=95368, disk_mb=1000, disk_mib=954, tmpdir=<TBD>, slurm_account=DURBIN-SL2-CPU, slurm_partition=icelake-himem, runtime=120

Job 307 has been submitted with SLURM jobid 9802142 (log: /rds/project/rds-p67MZilb2eQ/projects/VGP/heterozygosity/.snakemake/slurm_logs/rule_MAIN_MULTIHETSEP/sharks_MobBir_CM057584.1/9802142.log).

[Fri May 23 11:18:59 2025]
rule TABIX:
    input: sharks/MobBir/temp/CM057560.1_only_snps.vcf.bgz
    output: sharks/MobBir/temp/CM057560.1_only_snps.vcf.bgz.tbi
    jobid: 251
    reason: Missing output files: sharks/MobBir/temp/CM057560.1_only_snps.vcf.bgz.tbi
    wildcards: CLADE=sharks, SPEC_NAME=MobBir, CHROM=CM057560.1
    resources: mem_mb=100000, mem_mib=95368, disk_mb=1000, disk_mib=954, tmpdir=<TBD>, slurm_account=DURBIN-SL2-CPU, slurm_partition=icelake-himem, runtime=120

Job 251 has been submitted with SLURM jobid 9802143 (log: /rds/project/rds-p67MZilb2eQ/projects/VGP/heterozygosity/.snakemake/slurm_logs/rule_TABIX/sharks_MobBir_CM057560.1/9802143.log).

[Fri May 23 11:19:01 2025]
rule MAIN_MULTIHETSEP:
    input: sharks/MobBir/CM057577.1.recode.vcf.gz, sharks/MobBir/MSMC/Output_Bed/CM057577.1/CM057577.1_95.txt, sharks/MobBir/MSMC/Output_bam_caller_BED/CM057577.1_modified_bed.txt.gz, sharks/MobBir/MSMC/Output_indel_BED_file/CM057577.1_indel_bed.txt
    output: sharks/MobBir/MSMC/Output_multihet_filtered_95/CM057577.1_multihet.txt
    jobid: 300
    reason: Updated input files: sharks/MobBir/CM057577.1.recode.vcf.gz
    wildcards: CLADE=sharks, SPEC_NAME=MobBir, CHROM=CM057577.1
    resources: mem_mb=100000, mem_mib=95368, disk_mb=1000, disk_mib=954, tmpdir=<TBD>, slurm_account=DURBIN-SL2-CPU, slurm_partition=icelake-himem, runtime=120

Job 300 has been submitted with SLURM jobid 9802145 (log: /rds/project/rds-p67MZilb2eQ/projects/VGP/heterozygosity/.snakemake/slurm_logs/rule_MAIN_MULTIHETSEP/sharks_MobBir_CM057577.1/9802145.log).

[Fri May 23 11:19:02 2025]
rule INDEX_BAM_FILE:
    input: sharks/MobBir/MobBir_CM057585.1.bam
    output: sharks/MobBir/MobBir_CM057585.1.bam.bai
    jobid: 244
    reason: Missing output files: sharks/MobBir/MobBir_CM057585.1.bam.bai
    wildcards: CLADE=sharks, SPEC_NAME=MobBir, CHROM=CM057585.1
    resources: mem_mb=100000, mem_mib=95368, disk_mb=1000, disk_mib=954, tmpdir=<TBD>, slurm_account=DURBIN-SL2-CPU, slurm_partition=icelake-himem, runtime=120

Job 244 has been submitted with SLURM jobid 9802148 (log: /rds/project/rds-p67MZilb2eQ/projects/VGP/heterozygosity/.snakemake/slurm_logs/rule_INDEX_BAM_FILE/sharks_MobBir_CM057585.1/9802148.log).

[Fri May 23 11:19:07 2025]
rule INDEX_BAM_FILE:
    input: sharks/MobBir/MobBir_CM057558.1.bam
    output: sharks/MobBir/MobBir_CM057558.1.bam.bai
    jobid: 217
    reason: Missing output files: sharks/MobBir/MobBir_CM057558.1.bam.bai
    wildcards: CLADE=sharks, SPEC_NAME=MobBir, CHROM=CM057558.1
    resources: mem_mb=100000, mem_mib=95368, disk_mb=1000, disk_mib=954, tmpdir=<TBD>, slurm_account=DURBIN-SL2-CPU, slurm_partition=icelake-himem, runtime=120

Job 217 has been submitted with SLURM jobid 9802151 (log: /rds/project/rds-p67MZilb2eQ/projects/VGP/heterozygosity/.snakemake/slurm_logs/rule_INDEX_BAM_FILE/sharks_MobBir_CM057558.1/9802151.log).

[Fri May 23 11:19:09 2025]
rule TABIX:
    input: sharks/MobBir/temp/CM057582.1_only_snps.vcf.bgz
    output: sharks/MobBir/temp/CM057582.1_only_snps.vcf.bgz.tbi
    jobid: 273
    reason: Missing output files: sharks/MobBir/temp/CM057582.1_only_snps.vcf.bgz.tbi
    wildcards: CLADE=sharks, SPEC_NAME=MobBir, CHROM=CM057582.1
    resources: mem_mb=100000, mem_mib=95368, disk_mb=1000, disk_mib=954, tmpdir=<TBD>, slurm_account=DURBIN-SL2-CPU, slurm_partition=icelake-himem, runtime=120

Job 273 has been submitted with SLURM jobid 9802154 (log: /rds/project/rds-p67MZilb2eQ/projects/VGP/heterozygosity/.snakemake/slurm_logs/rule_TABIX/sharks_MobBir_CM057582.1/9802154.log).

[Fri May 23 11:19:09 2025]
rule MAIN_MULTIHETSEP:
    input: sharks/MobBir/CM057585.1.recode.vcf.gz, sharks/MobBir/MSMC/Output_Bed/CM057585.1/CM057585.1_95.txt, sharks/MobBir/MSMC/Output_bam_caller_BED/CM057585.1_modified_bed.txt.gz, sharks/MobBir/MSMC/Output_indel_BED_file/CM057585.1_indel_bed.txt
    output: sharks/MobBir/MSMC/Output_multihet_filtered_95/CM057585.1_multihet.txt
    jobid: 308
    reason: Updated input files: sharks/MobBir/CM057585.1.recode.vcf.gz
    wildcards: CLADE=sharks, SPEC_NAME=MobBir, CHROM=CM057585.1
    resources: mem_mb=100000, mem_mib=95368, disk_mb=1000, disk_mib=954, tmpdir=<TBD>, slurm_account=DURBIN-SL2-CPU, slurm_partition=icelake-himem, runtime=120

Job 308 has been submitted with SLURM jobid 9802156 (log: /rds/project/rds-p67MZilb2eQ/projects/VGP/heterozygosity/.snakemake/slurm_logs/rule_MAIN_MULTIHETSEP/sharks_MobBir_CM057585.1/9802156.log).

[Fri May 23 11:19:12 2025]
rule MAIN_MULTIHETSEP:
    input: sharks/MobBir/CM057578.1.recode.vcf.gz, sharks/MobBir/MSMC/Output_Bed/CM057578.1/CM057578.1_95.txt, sharks/MobBir/MSMC/Output_bam_caller_BED/CM057578.1_modified_bed.txt.gz, sharks/MobBir/MSMC/Output_indel_BED_file/CM057578.1_indel_bed.txt
    output: sharks/MobBir/MSMC/Output_multihet_filtered_95/CM057578.1_multihet.txt
    jobid: 301
    reason: Updated input files: sharks/MobBir/CM057578.1.recode.vcf.gz
    wildcards: CLADE=sharks, SPEC_NAME=MobBir, CHROM=CM057578.1
    resources: mem_mb=100000, mem_mib=95368, disk_mb=1000, disk_mib=954, tmpdir=<TBD>, slurm_account=DURBIN-SL2-CPU, slurm_partition=icelake-himem, runtime=120

Job 301 has been submitted with SLURM jobid 9802158 (log: /rds/project/rds-p67MZilb2eQ/projects/VGP/heterozygosity/.snakemake/slurm_logs/rule_MAIN_MULTIHETSEP/sharks_MobBir_CM057578.1/9802158.log).
