host: login-q-1
Building DAG of jobs...
MissingInputException in rule all in file /rds/project/rds-p67MZilb2eQ/projects/VGP/heterozygosity/Snakefile, line 94:
Missing input files for rule all:
    affected files:
        sharks/HepPer/MSMC/Output_Multihet_Bootstrapped/17/CM068656.1_multihet.txt
        sharks/HepPer/MSMC/Output_Multihet_Bootstrapped/16/CM068659.1_multihet.txt
        sharks/HepPer/MSMC/Output_Multihet_Bootstrapped/16/CM068665.1_multihet.txt
        sharks/HepPer/MSMC/Output_Multihet_Bootstrapped/15/CM068674.1_multihet.txt
        sharks/HepPer/MSMC/Output_Multihet_Bootstrapped/29/CM068651.1_multihet.txt
        sharks/HepPer/MSMC/Output_Multihet_Bootstrapped/29/CM068658.1_multihet.txt
        sharks/HepPer/MSMC/Output_Multihet_Bootstrapped/25/CM068638.1_multihet.txt
        sharks/HepPer/MSMC/Output_Multihet_Bootstrapped/26/CM068674.1_multihet.txt
        sharks/HepPer/MSMC/Output_Multihet_Bootstrapped/19/CM068640.1_multihet.txt
        sharks/HepPer/MSMC/Output_Multihet_Bootstrapped/24/CM068663.1_multihet.txt
        sharks/HepPer/MSMC/Output_Multihet_Bootstrapped/25/CM068654.1_multihet.txt
        sharks/HepPer/MSMC/Output_Multihet_Bootstrapped/17/CM068649.1_multihet.txt
        sharks/HepPer/MSMC/Output_Multihet_Bootstrapped/24/CM068664.1_multihet.txt
        sharks/HepPer/MSMC/Output_Multihet_Bootstrapped/10/CM068653.1_multihet.txt
        sharks/HepPer/MSMC/Output_Multihet_Bootstrapped/11/CM068669.1_multihet.txt
        sharks/HepPer/MSMC/Output_Multihet_Bootstrapped/19/CM068677.1_multihet.txt
        sharks/HepPer/MSMC/Output_Multihet_Bootstrapped/16/CM068674.1_multihet.txt
        sharks/HepPer/MSMC/Output_Multihet_Bootstrapped/11/CM068680.1_multihet.txt
        sharks/HepPer/MSMC/Output_Multihet_Bootstrapped/19/CM068655.1_multihet.txt
        sharks/HepPer/MSMC/Output_Multihet_Bootstrapped/24/CM068652.1_multihet.txt
        sharks/HepPer/MSMC/Output_Multihet_Bootstrapped/14/CM068655.1_multihet.txt
        sharks/HepPer/MSMC/Output_Multihet_Bootstrapped/22/CM068656.1_multihet.txt
        sharks/HepPer/MSMC/Output_Multihet_Bootstrapped/26/CM068647.1_multihet.txt
        sharks/HepPer/MSMC/Output_Multihet_Bootstrapped/26/CM068663.1_multihet.txt
        sharks/HepPer/MSMC/Output_Multihet_Bootstrapped/24/CM068682.1_multihet.txt
        sharks/HepPer/MSMC/Output_Multihet_Bootstrapped/13/CM068664.1_multihet.txt
        sharks/HepPer/MSMC/Output_Multihet_Bootstrapped/14/CM068666.1_multihet.txt
        sharks/HepPer/MSMC/Output_Multihet_Bootstrapped/18/CM068645.1_multihet.txt
        sharks/HepPer/MSMC/Output_Multihet_Bootstrapped/16/CM068651.1_multihet.txt
        sharks/HepPer/MSMC/Output_Multihet_Bootstrapped/29/CM068670.1_multihet.txt
        sharks/HepPer/MSMC/Output_Multihet_Bootstrapped/12/CM068675.1_multihet.txt
        sharks/HepPer/MSMC/Output_Multihet_Bootstrapped/26/CM068679.1_multihet.txt
        sharks/HepPer/MSMC/Output_Multihet_Bootstrapped/20/CM068675.1_multihet.txt
        sharks/HepPer/MSMC/Output_Multihet_Bootstrapped/27/CM068641.1_multihet.txt
        sharks/HepPer/MSMC/Output_Multihet_Bootstrapped/25/CM068682.1_multihet.txt
        sharks/HepPer/MSMC/Output_Multihet_Bootstrapped/18/CM068658.1_multihet.txt
        sharks/HepPer/MSMC/Output_Multihet_Bootstrapped/10/CM068652.1_multihet.txt
        sharks/HepPer/MSMC/Output_Multihet_Bootstrapped/26/CM068650.1_multihet.txt
        sharks/HepPer/MSMC/Output_Multihet_Bootstrapped/12/CM068666.1_multihet.txt
        sharks/HepPer/MSMC/Output_Multihet_Bootstrapped/21/CM068659.1_multihet.txt
        sharks/HepPer/MSMC/Output_Multihet_Bootstrapped/19/CM068643.1_multihet.txt
        sharks/HepPer/MSMC/Output_Multihet_Bootstrapped/24/CM068646.1_multihet.txt
        sharks/HepPer/MSMC/Output_Multihet_Bootstrapped/20/CM068676.1_multihet.txt
        sharks/HepPer/MSMC/Output_Multihet_Bootstrapped/28/CM068649.1_multihet.txt
        sharks/HepPer/MSMC/Output_Multihet_Bootstrapped/21/CM068649.1_multihet.txt
        sharks/HepPer/MSMC/Output_Multihet_Bootstrapped/28/CM068646.1_multihet.txt
        sharks/HepPer/MSMC/Output_Multihet_Bootstrapped/19/CM068663.1_multihet.txt
        sharks/HepPer/MSMC/Output_Multihet_Bootstrapped/10/CM068667.1_multihet.txt
        sharks/HepPer/MSMC/Output_Multihet_Bootstrapped/15/CM068678.1_multihet.txt
        sharks/HepPer/MSMC/Output_Multihet_Bootstrapped/23/CM068647.1_multihet.txt
        sharks/HepPer/MSMC/Output_Multihet_Bootstrapped/21/CM068663.1_multihet.txt
        sharks/HepPer/MSMC/Output_Multihet_Bootstrapped/22/CM068660.1_multihet.txt
        sharks/HepPer/MSMC/Output_Multihet_Bootstrapped/23/CM068682.1_multihet.txt
        sharks/HepPer/MSMC/Output_Multihet_Bootstrapped/23/CM068680.1_multihet.txt
        sharks/HepPer/MSMC/Output_Multihet_Bootstrapped/21/CM068679.1_multihet.txt
        sharks/HepPer/MSMC/Output_Multihet_Bootstrapped/28/CM068659.1_multihet.txt
        sharks/HepPer/MSMC/Output_Multihet_Bootstrapped/22/CM068650.1_multihet.txt
        sharks/HepPer/MSMC/Output_Multihet_Bootstrapped/28/CM068668.1_multihet.txt
        sharks/HepPer/MSMC/Output_Multihet_Bootstrapped/28/CM068669.1_multihet.txt
        sharks/HepPer/MSMC/Output_Multihet_Bootstrapped/16/CM068672.1_multihet.txt
        sharks/HepPer/MSMC/Output_Multihet_Bootstrapped/19/CM068652.1_multihet.txt
        sharks/HepPer/MSMC/Output_Multihet_Bootstrapped/19/CM068647.1_multihet.txt
        sharks/HepPer/MSMC/Output_Multihet_Bootstrapped/28/CM068651.1_multihet.txt
        sharks/HepPer/MSMC/Output_Multihet_Bootstrapped/28/CM068655.1_multihet.txt
        sharks/HepPer/MSMC/Output_Multihet_Bootstrapped/12/CM068659.1_multihet.txt
        sharks/HepPer/MSMC/Output_Multihet_Bootstrapped/16/CM068663.1_multihet.txt
        sharks/HepPer/MSMC/Output_Multihet_Bootstrapped/12/CM068653.1_multihet.txt
        sharks/HepPer/MSMC/Output_Multihet_Bootstrapped/25/CM068667.1_multihet.txt
        sharks/HepPer/MSMC/Output_Multihet_Bootstrapped/10/CM068674.1_multihet.txt
        sharks/HepPer/MSMC/Output_Multihet_Bootstrapped/24/CM068680.1_multihet.txt
        sharks/HepPer/MSMC/Output_Multihet_Bootstrapped/13/CM068659.1_multihet.txt
        sharks/HepPer/MSMC/Output_Multihet_Bootstrapped/13/CM068663.1_multihet.txt
        sharks/HepPer/MSMC/Output_Multihet_Bootstrapped/24/CM068660.1_multihet.txt
        sharks/HepPer/MSMC/Output_Multihet_Bootstrapped/26/CM068678.1_multihet.txt
        sharks/HepPer/MSMC/Output_Multihet_Bootstrapped/21/CM068644.1_multihet.txt
        sharks/HepPer/MSMC/Output_Multihet_Bootstrapped/28/CM068648.1_multihet.txt
        sharks/HepPer/MSMC/Output_Multihet_Bootstrapped/28/CM068658.1_multihet.txt
        sharks/HepPer/MSMC/Output_Multihet_Bootstrapped/21/CM068638.1_multihet.txt
        sharks/HepPer/MSMC/Output_Multihet_Bootstrapped/18/CM068682.1_multihet.txt
        sharks/HepPer/MSMC/Output_Multihet_Bootstrapped/16/CM068670.1_multihet.txt
        sharks/HepPer/MSMC/Output_Multihet_Bootstrapped/29/CM068648.1_multihet.txt
        sharks/HepPer/MSMC/Output_Multihet_Bootstrapped/19/CM068669.1_multihet.txt
        sharks/HepPer/MSMC/Output_Multihet_Bootstrapped/24/CM068681.1_multihet.txt
        sharks/HepPer/MSMC/Output_Multihet_Bootstrapped/18/CM068663.1_multihet.txt
        sharks/HepPer/MSMC/Output_Multihet_Bootstrapped/10/CM068662.1_multihet.txt
        sharks/HepPer/MSMC/Output_Multihet_Bootstrapped/10/CM068668.1_multihet.txt
        sharks/HepPer/MSMC/Output_Multihet_Bootstrapped/25/CM068675.1_multihet.txt
        sharks/HepPer/MSMC/Output_Multihet_Bootstrapped/28/CM068665.1_multihet.txt
        sharks/HepPer/MSMC/Output_Multihet_Bootstrapped/12/CM068640.1_multihet.txt
        sharks/HepPer/MSMC/Output_Multihet_Bootstrapped/26/CM068671.1_multihet.txt
        sharks/HepPer/MSMC/Output_Multihet_Bootstrapped/29/CM068673.1_multihet.txt
        sharks/HepPer/MSMC/Output_Multihet_Bootstrapped/11/CM068657.1_multihet.txt
        sharks/HepPer/MSMC/Output_Multihet_Bootstrapped/28/CM068671.1_multihet.txt
        sharks/HepPer/MSMC/Output_Multihet_Bootstrapped/22/CM068641.1_multihet.txt
        sharks/HepPer/MSMC/Output_Multihet_Bootstrapped/25/CM068673.1_multihet.txt
        sharks/HepPer/MSMC/Output_Multihet_Bootstrapped/14/CM068680.1_multihet.txt
        sharks/HepPer/MSMC/Output_Multihet_Bootstrapped/29/CM068681.1_multihet.txt
        sharks/HepPer/MSMC/Output_Multihet_Bootstrapped/13/CM068679.1_multihet.txt
        sharks/HepPer/MSMC/Output_Multihet_Bootstrapped/28/CM068675.1_multihet.txt
        sharks/HepPer/MSMC/Output_Multihet_Bootstrapped/24/CM068640.1_multihet.txt
        sharks/HepPer/MSMC/Output_Multihet_Bootstrapped/29/CM068680.1_multihet.txt
        sharks/HepPer/MSMC/Output_Multihet_Bootstrapped/26/CM068657.1_multihet.txt
        sharks/HepPer/MSMC/Output_Multihet_Bootstrapped/27/CM068642.1_multihet.txt
        sharks/HepPer/MSMC/Output_Multihet_Bootstrapped/24/CM068638.1_multihet.txt
        sharks/HepPer/MSMC/Output_Multihet_Bootstrapped/15/CM068645.1_multihet.txt
        sharks/HepPer/MSMC/Output_Multihet_Bootstrapped/16/CM068646.1_multihet.txt
        sharks/HepPer/MSMC/Output_Multihet_Bootstrapped/10/CM068638.1_multihet.txt
        sharks/HepPer/MSMC/Output_Multihet_Bootstrapped/18/CM068652.1_multihet.txt
        sharks/HepPer/MSMC/Output_Multihet_Bootstrapped/18/CM068662.1_multihet.txt
        sharks/HepPer/MSMC/Output_Multihet_Bootstrapped/13/CM068681.1_multihet.txt
        sharks/HepPer/MSMC/Output_Multihet_Bootstrapped/18/CM068654.1_multihet.txt
        sharks/HepPer/MSMC/Output_Multihet_Bootstrapped/15/CM068654.1_multihet.txt
        sharks/HepPer/MSMC/Output_Multihet_Bootstrapped/17/CM068682.1_multihet.txt
        sharks/HepPer/MSMC/Output_Multihet_Bootstrapped/15/CM068661.1_multihet.txt
        sharks/HepPer/MSMC/Output_Multihet_Bootstrapped/21/CM068653.1_multihet.txt
        sharks/HepPer/MSMC/Output_Multihet_Bootstrapped/29/CM068669.1_multihet.txt
        sharks/HepPer/MSMC/Output_Multihet_Bootstrapped/13/CM068654.1_multihet.txt
        sharks/HepPer/MSMC/Output_Multihet_Bootstrapped/25/CM068668.1_multihet.txt
        sharks/HepPer/MSMC/Output_Multihet_Bootstrapped/14/CM068674.1_multihet.txt
        sharks/HepPer/MSMC/Output_Multihet_Bootstrapped/19/CM068675.1_multihet.txt
        sharks/HepPer/MSMC/Output_Multihet_Bootstrapped/10/CM068643.1_multihet.txt
        sharks/HepPer/MSMC/Output_Multihet_Bootstrapped/15/CM068659.1_multihet.txt
        sharks/HepPer/MSMC/Output_Multihet_Bootstrapped/26/CM068664.1_multihet.txt
        sharks/HepPer/MSMC/Output_Multihet_Bootstrapped/22/CM068667.1_multihet.txt
        sharks/HepPer/MSMC/Output_Multihet_Bootstrapped/19/CM068653.1_multihet.txt
        sharks/HepPer/MSMC/Output_Multihet_Bootstrapped/26/CM068651.1_multihet.txt
        sharks/HepPer/MSMC/Output_Multihet_Bootstrapped/25/CM068679.1_multihet.txt
        sharks/HepPer/MSMC/Output_Multihet_Bootstrapped/11/CM068673.1_multihet.txt
        sharks/HepPer/MSMC/Output_Multihet_Bootstrapped/22/CM068665.1_multihet.txt
        sharks/HepPer/MSMC/Output_Multihet_Bootstrapped/18/CM068677.1_multihet.txt
        sharks/HepPer/MSMC/Output_Multihet_Bootstrapped/18/CM068653.1_multihet.txt
        sharks/HepPer/MSMC/Output_Multihet_Bootstrapped/24/CM068642.1_multihet.txt
        sharks/HepPer/MSMC/Output_Multihet_Bootstrapped/16/CM068667.1_multihet.txt
        sharks/HepPer/MSMC/Output_Multihet_Bootstrapped/15/CM068682.1_multihet.txt
        sharks/HepPer/MSMC/Output_Multihet_Bootstrapped/10/CM068680.1_multihet.txt
        sharks/HepPer/MSMC/Output_Multihet_Bootstrapped/27/CM068647.1_multihet.txt
        sharks/HepPer/MSMC/Output_Multihet_Bootstrapped/10/CM068655.1_multihet.txt
        sharks/HepPer/MSMC/Output_Multihet_Bootstrapped/12/CM068661.1_multihet.txt
        sharks/HepPer/MSMC/Output_Multihet_Bootstrapped/28/CM068637.1_multihet.txt
        sharks/HepPer/MSMC/Output_Multihet_Bootstrapped/24/CM068665.1_multihet.txt
        sharks/HepPer/MSMC/Output_Multihet_Bootstrapped/14/CM068647.1_multihet.txt
        sharks/HepPer/MSMC/Output_Multihet_Bootstrapped/26/CM068652.1_multihet.txt
        sharks/HepPer/MSMC/Output_Multihet_Bootstrapped/22/CM068673.1_multihet.txt
        sharks/HepPer/MSMC/Output_Multihet_Bootstrapped/15/CM068647.1_multihet.txt
        sharks/HepPer/MSMC/Output_Multihet_Bootstrapped/11/CM068667.1_multihet.txt
        sharks/HepPer/MSMC/Output_Multihet_Bootstrapped/23/CM068649.1_multihet.txt
        sharks/HepPer/MSMC/Output_Multihet_Bootstrapped/18/CM068650.1_multihet.txt
        sharks/HepPer/MSMC/Output_Multihet_Bootstrapped/27/CM068674.1_multihet.txt
        sharks/HepPer/MSMC/Output_Multihet_Bootstrapped/17/CM068668.1_multihet.txt
        sharks/HepPer/MSMC/Output_Multihet_Bootstrapped/14/CM068675.1_multihet.txt
        sharks/HepPer/MSMC/Output_Multihet_Bootstrapped/10/CM068665.1_multihet.txt
        sharks/HepPer/MSMC/Output_Multihet_Bootstrapped/21/CM068637.1_multihet.txt
        sharks/HepPer/MSMC/Output_Multihet_Bootstrapped/22/CM068642.1_multihet.txt
        sharks/HepPer/MSMC/Output_Multihet_Bootstrapped/16/CM068681.1_multihet.txt
        sharks/HepPer/MSMC/Output_Multihet_Bootstrapped/19/CM068661.1_multihet.txt
        sharks/HepPer/MSMC/Output_Multihet_Bootstrapped/29/CM068640.1_multihet.txt
        sharks/HepPer/MSMC/Output_Multihet_Bootstrapped/21/CM068669.1_multihet.txt
        sharks/HepPer/MSMC/Output_Multihet_Bootstrapped/24/CM068643.1_multihet.txt
        sharks/HepPer/MSMC/Output_Multihet_Bootstrapped/23/CM068656.1_multihet.txt
        sharks/HepPer/MSMC/Output_Multihet_Bootstrapped/17/CM068665.1_multihet.txt
        sharks/HepPer/MSMC/Output_Multihet_Bootstrapped/15/CM068656.1_multihet.txt
        sharks/HepPer/MSMC/Output_Multihet_Bootstrapped/23/CM068645.1_multihet.txt
        sharks/HepPer/MSMC/Output_Multihet_Bootstrapped/11/CM068659.1_multihet.txt
        sharks/HepPer/MSMC/Output_Multihet_Bootstrapped/26/CM068673.1_multihet.txt
        sharks/HepPer/MSMC/Output_Multihet_Bootstrapped/11/CM068642.1_multihet.txt
        sharks/HepPer/MSMC/Output_Multihet_Bootstrapped/25/CM068657.1_multihet.txt
        sharks/HepPer/MSMC/Output_Multihet_Bootstrapped/15/CM068680.1_multihet.txt
        sharks/HepPer/MSMC/Output_Multihet_Bootstrapped/25/CM068681.1_multihet.txt
        sharks/HepPer/MSMC/Output_Multihet_Bootstrapped/23/CM068663.1_multihet.txt
        sharks/HepPer/MSMC/Output_Multihet_Bootstrapped/10/CM068641.1_multihet.txt
        sharks/HepPer/MSMC/Output_Multihet_Bootstrapped/16/CM068642.1_multihet.txt
        sharks/HepPer/MSMC/Output_Multihet_Bootstrapped/12/CM068654.1_multihet.txt
        sharks/HepPer/MSMC/Output_Multihet_Bootstrapped/13/CM068672.1_multihet.txt
        sharks/HepPer/MSMC/Output_Multihet_Bootstrapped/17/CM068661.1_multihet.txt
        sharks/HepPer/MSMC/Output_Multihet_Bootstrapped/29/CM068682.1_multihet.txt
        sharks/HepPer/MSMC/Output_Multihet_Bootstrapped/18/CM068657.1_multihet.txt
        sharks/HepPer/MSMC/Output_Multihet_Bootstrapped/13/CM068639.1_multihet.txt
        sharks/HepPer/MSMC/Output_Multihet_Bootstrapped/21/CM068643.1_multihet.txt
        sharks/HepPer/MSMC/Output_Multihet_Bootstrapped/12/CM068664.1_multihet.txt
        sharks/HepPer/MSMC/Output_Multihet_Bootstrapped/21/CM068652.1_multihet.txt
        sharks/HepPer/MSMC/Output_Multihet_Bootstrapped/23/CM068644.1_multihet.txt
        sharks/HepPer/MSMC/Output_Multihet_Bootstrapped/14/CM068651.1_multihet.txt
        sharks/HepPer/MSMC/Output_Multihet_Bootstrapped/15/CM068673.1_multihet.txt
        sharks/HepPer/MSMC/Output_Multihet_Bootstrapped/29/CM068656.1_multihet.txt
        sharks/HepPer/MSMC/Output_Multihet_Bootstrapped/18/CM068643.1_multihet.txt
        sharks/HepPer/MSMC/Output_Multihet_Bootstrapped/24/CM068666.1_multihet.txt
        sharks/HepPer/MSMC/Output_Multihet_Bootstrapped/17/CM068666.1_multihet.txt
        sharks/HepPer/MSMC/Output_Multihet_Bootstrapped/16/CM068644.1_multihet.txt
        sharks/HepPer/MSMC/Output_Multihet_Bootstrapped/24/CM068655.1_multihet.txt
        sharks/HepPer/MSMC/Output_Multihet_Bootstrapped/12/CM068647.1_multihet.txt
        sharks/HepPer/MSMC/Output_Multihet_Bootstrapped/29/CM068647.1_multihet.txt
        sharks/HepPer/MSMC/Output_Multihet_Bootstrapped/12/CM068673.1_multihet.txt
        sharks/HepPer/MSMC/Output_Multihet_Bootstrapped/28/CM068664.1_multihet.txt
        sharks/HepPer/MSMC/Output_Multihet_Bootstrapped/18/CM068668.1_multihet.txt
        sharks/HepPer/MSMC/Output_Multihet_Bootstrapped/10/CM068647.1_multihet.txt
        sharks/HepPer/MSMC/Output_Multihet_Bootstrapped/23/CM068659.1_multihet.txt
        sharks/HepPer/MSMC/Output_Multihet_Bootstrapped/18/CM068675.1_multihet.txt
        sharks/HepPer/MSMC/Output_Multihet_Bootstrapped/10/CM068677.1_multihet.txt
        sharks/HepPer/MSMC/Output_Multihet_Bootstrapped/28/CM068679.1_multihet.txt
        sharks/HepPer/MSMC/Output_Multihet_Bootstrapped/20/CM068643.1_multihet.txt
        sharks/HepPer/MSMC/Output_Multihet_Bootstrapped/11/CM068681.1_multihet.txt
        sharks/HepPer/MSMC/Output_Multihet_Bootstrapped/28/CM068670.1_multihet.txt
        sharks/HepPer/MSMC/Output_Multihet_Bootstrapped/19/CM068657.1_multihet.txt
        sharks/HepPer/MSMC/Output_Multihet_Bootstrapped/20/CM068661.1_multihet.txt
        sharks/HepPer/MSMC/Output_Multihet_Bootstrapped/16/CM068662.1_multihet.txt
        sharks/HepPer/MSMC/Output_Multihet_Bootstrapped/21/CM068676.1_multihet.txt
        sharks/HepPer/MSMC/Output_Multihet_Bootstrapped/19/CM068642.1_multihet.txt
        sharks/HepPer/MSMC/Output_Multihet_Bootstrapped/11/CM068651.1_multihet.txt
        sharks/HepPer/MSMC/Output_Multihet_Bootstrapped/11/CM068679.1_multihet.txt
        sharks/HepPer/MSMC/Output_Multihet_Bootstrapped/19/CM068649.1_multihet.txt
        sharks/HepPer/MSMC/Output_Multihet_Bootstrapped/11/CM068672.1_multihet.txt
        sharks/HepPer/MSMC/Output_Multihet_Bootstrapped/17/CM068673.1_multihet.txt
        sharks/HepPer/MSMC/Output_Multihet_Bootstrapped/16/CM068668.1_multihet.txt
        sharks/HepPer/MSMC/Output_Multihet_Bootstrapped/21/CM068671.1_multihet.txt
        sharks/HepPer/MSMC/Output_Multihet_Bootstrapped/11/CM068661.1_multihet.txt
        sharks/HepPer/MSMC/Output_Multihet_Bootstrapped/21/CM068668.1_multihet.txt
        sharks/HepPer/MSMC/Output_Multihet_Bootstrapped/27/CM068644.1_multihet.txt
        sharks/HepPer/MSMC/Output_Multihet_Bootstrapped/12/CM068677.1_multihet.txt
        sharks/HepPer/MSMC/Output_Multihet_Bootstrapped/17/CM068654.1_multihet.txt
        sharks/HepPer/MSMC/Output_Multihet_Bootstrapped/16/CM068676.1_multihet.txt
        sharks/HepPer/MSMC/Output_Multihet_Bootstrapped/20/CM068664.1_multihet.txt
        sharks/HepPer/MSMC/Output_Multihet_Bootstrapped/10/CM068645.1_multihet.txt
        sharks/HepPer/MSMC/Output_Multihet_Bootstrapped/27/CM068651.1_multihet.txt
        sharks/HepPer/MSMC/Output_Multihet_Bootstrapped/20/CM068663.1_multihet.txt
        sharks/HepPer/MSMC/Output_Multihet_Bootstrapped/23/CM068673.1_multihet.txt
        sharks/HepPer/MSMC/Output_Multihet_Bootstrapped/25/CM068639.1_multihet.txt
        sharks/HepPer/MSMC/Output_Multihet_Bootstrapped/16/CM068650.1_multihet.txt
        sharks/HepPer/MSMC/Output_Multihet_Bootstrapped/25/CM068656.1_multihet.txt
        sharks/HepPer/MSMC/Output_Multihet_Bootstrapped/18/CM068678.1_multihet.txt
        sharks/HepPer/MSMC/Output_Multihet_Bootstrapped/25/CM068669.1_multihet.txt
        sharks/HepPer/MSMC/Output_Multihet_Bootstrapped/20/CM068650.1_multihet.txt
        sharks/HepPer/MSMC/Output_Multihet_Bootstrapped/28/CM068647.1_multihet.txt
        sharks/HepPer/MSMC/Output_Multihet_Bootstrapped/14/CM068665.1_multihet.txt
        sharks/HepPer/MSMC/Output_Multihet_Bootstrapped/16/CM068669.1_multihet.txt
        sharks/HepPer/MSMC/Output_Multihet_Bootstrapped/29/CM068652.1_multihet.txt
        sharks/HepPer/MSMC/Output_Multihet_Bootstrapped/23/CM068637.1_multihet.txt
        sharks/HepPer/MSMC/Output_Multihet_Bootstrapped/14/CM068644.1_multihet.txt
        sharks/HepPer/MSMC/Output_Multihet_Bootstrapped/28/CM068676.1_multihet.txt
        sharks/HepPer/MSMC/Output_Multihet_Bootstrapped/28/CM068677.1_multihet.txt
        sharks/HepPer/MSMC/Output_Multihet_Bootstrapped/25/CM068677.1_multihet.txt
        sharks/HepPer/MSMC/Output_Multihet_Bootstrapped/23/CM068671.1_multihet.txt
        sharks/HepPer/MSMC/Output_Multihet_Bootstrapped/27/CM068671.1_multihet.txt
        sharks/HepPer/MSMC/Output_Multihet_Bootstrapped/11/CM068663.1_multihet.txt
        sharks/HepPer/MSMC/Output_Multihet_Bootstrapped/15/CM068677.1_multihet.txt
        sharks/HepPer/MSMC/Output_Multihet_Bootstrapped/13/CM068670.1_multihet.txt
        sharks/HepPer/MSMC/Output_Multihet_Bootstrapped/17/CM068655.1_multihet.txt
        sharks/HepPer/MSMC/Output_Multihet_Bootstrapped/29/CM068678.1_multihet.txt
        sharks/HepPer/MSMC/Output_Multihet_Bootstrapped/10/CM068673.1_multihet.txt
        sharks/HepPer/MSMC/Output_Multihet_Bootstrapped/22/CM068679.1_multihet.txt
        sharks/HepPer/MSMC/Output_Multihet_Bootstrapped/21/CM068640.1_multihet.txt
        sharks/HepPer/MSMC/Output_Multihet_Bootstrapped/16/CM068654.1_multihet.txt
        sharks/HepPer/MSMC/Output_Multihet_Bootstrapped/19/CM068668.1_multihet.txt
        sharks/HepPer/MSMC/Output_Multihet_Bootstrapped/22/CM068670.1_multihet.txt
        sharks/HepPer/MSMC/Output_Multihet_Bootstrapped/14/CM068650.1_multihet.txt
        sharks/HepPer/MSMC/Output_Multihet_Bootstrapped/17/CM068669.1_multihet.txt
        sharks/HepPer/MSMC/Output_Multihet_Bootstrapped/12/CM068641.1_multihet.txt
        sharks/HepPer/MSMC/Output_Multihet_Bootstrapped/18/CM068655.1_multihet.txt
        sharks/HepPer/MSMC/Output_Multihet_Bootstrapped/12/CM068656.1_multihet.txt
        sharks/HepPer/MSMC/Output_Multihet_Bootstrapped/12/CM068657.1_multihet.txt
        sharks/HepPer/MSMC/Output_Multihet_Bootstrapped/26/CM068677.1_multihet.txt
        sharks/HepPer/MSMC/Output_Multihet_Bootstrapped/27/CM068669.1_multihet.txt
        sharks/HepPer/MSMC/Output_Multihet_Bootstrapped/20/CM068641.1_multihet.txt
        sharks/HepPer/MSMC/Output_Multihet_Bootstrapped/11/CM068649.1_multihet.txt
        sharks/HepPer/MSMC/Output_Multihet_Bootstrapped/23/CM068653.1_multihet.txt
        sharks/HepPer/MSMC/Output_Multihet_Bootstrapped/20/CM068673.1_multihet.txt
        sharks/HepPer/MSMC/Output_Multihet_Bootstrapped/21/CM068674.1_multihet.txt
        sharks/HepPer/MSMC/Output_Multihet_Bootstrapped/18/CM068656.1_multihet.txt
        sharks/HepPer/MSMC/Output_Multihet_Bootstrapped/22/CM068643.1_multihet.txt
        sharks/HepPer/MSMC/Output_Multihet_Bootstrapped/10/CM068664.1_multihet.txt
        sharks/HepPer/MSMC/Output_Multihet_Bootstrapped/11/CM068676.1_multihet.txt
        sharks/HepPer/MSMC/Output_Multihet_Bootstrapped/25/CM068652.1_multihet.txt
        sharks/HepPer/MSMC/Output_Multihet_Bootstrapped/25/CM068676.1_multihet.txt
        sharks/HepPer/MSMC/Output_Multihet_Bootstrapped/26/CM068655.1_multihet.txt
        sharks/HepPer/MSMC/Output_Multihet_Bootstrapped/17/CM068652.1_multihet.txt
        sharks/HepPer/MSMC/Output_Multihet_Bootstrapped/18/CM068639.1_multihet.txt
        sharks/HepPer/MSMC/Output_Multihet_Bootstrapped/23/CM068669.1_multihet.txt
        sharks/HepPer/MSMC/Output_Multihet_Bootstrapped/21/CM068662.1_multihet.txt
        sharks/HepPer/MSMC/Output_Multihet_Bootstrapped/15/CM068679.1_multihet.txt
        sharks/HepPer/MSMC/Output_Multihet_Bootstrapped/22/CM068668.1_multihet.txt
        sharks/HepPer/MSMC/Output_Multihet_Bootstrapped/13/CM068649.1_multihet.txt
        sharks/HepPer/MSMC/Output_Multihet_Bootstrapped/27/CM068658.1_multihet.txt
        sharks/HepPer/MSMC/Output_Multihet_Bootstrapped/24/CM068675.1_multihet.txt
        sharks/HepPer/MSMC/Output_Multihet_Bootstrapped/23/CM068676.1_multihet.txt
        sharks/HepPer/MSMC/Output_Multihet_Bootstrapped/10/CM068672.1_multihet.txt
        sharks/HepPer/MSMC/Output_Multihet_Bootstrapped/12/CM068650.1_multihet.txt
        sharks/HepPer/MSMC/Output_Multihet_Bootstrapped/14/CM068658.1_multihet.txt
        sharks/HepPer/MSMC/Output_Multihet_Bootstrapped/19/CM068670.1_multihet.txt
        sharks/HepPer/MSMC/Output_Multihet_Bootstrapped/10/CM068670.1_multihet.txt
        sharks/HepPer/MSMC/Output_Multihet_Bootstrapped/20/CM068638.1_multihet.txt
        sharks/HepPer/MSMC/Output_Multihet_Bootstrapped/21/CM068677.1_multihet.txt
        sharks/HepPer/MSMC/Output_Multihet_Bootstrapped/22/CM068661.1_multihet.txt
        sharks/HepPer/MSMC/Output_Multihet_Bootstrapped/22/CM068675.1_multihet.txt
        sharks/HepPer/MSMC/Output_Multihet_Bootstrapped/24/CM068648.1_multihet.txt
        sharks/HepPer/MSMC/Output_Multihet_Bootstrapped/12/CM068645.1_multihet.txt
        sharks/HepPer/MSMC/Output_Multihet_Bootstrapped/14/CM068648.1_multihet.txt
        sharks/HepPer/MSMC/Output_Multihet_Bootstrapped/24/CM068637.1_multihet.txt
        sharks/HepPer/MSMC/Output_Multihet_Bootstrapped/11/CM068660.1_multihet.txt
        sharks/HepPer/MSMC/Output_Multihet_Bootstrapped/10/CM068659.1_multihet.txt
        sharks/HepPer/MSMC/Output_Multihet_Bootstrapped/25/CM068642.1_multihet.txt
        sharks/HepPer/MSMC/Output_Multihet_Bootstrapped/11/CM068655.1_multihet.txt
        sharks/HepPer/MSMC/Output_Multihet_Bootstrapped/28/CM068642.1_multihet.txt
        sharks/HepPer/MSMC/Output_Multihet_Bootstrapped/20/CM068665.1_multihet.txt
        sharks/HepPer/MSMC/Output_Multihet_Bootstrapped/24/CM068674.1_multihet.txt
        sharks/HepPer/MSMC/Output_Multihet_Bootstrapped/19/CM068646.1_multihet.txt
        sharks/HepPer/MSMC/Output_Multihet_Bootstrapped/12/CM068674.1_multihet.txt
        sharks/HepPer/MSMC/Output_Multihet_Bootstrapped/22/CM068657.1_multihet.txt
        sharks/HepPer/MSMC/Output_Multihet_Bootstrapped/21/CM068651.1_multihet.txt
        sharks/HepPer/MSMC/Output_Multihet_Bootstrapped/14/CM068673.1_multihet.txt
        sharks/HepPer/MSMC/Output_Multihet_Bootstrapped/13/CM068642.1_multihet.txt
        sharks/HepPer/MSMC/Output_Multihet_Bootstrapped/18/CM068670.1_multihet.txt
        sharks/HepPer/MSMC/Output_Multihet_Bootstrapped/18/CM068638.1_multihet.txt
        sharks/HepPer/MSMC/Output_Multihet_Bootstrapped/13/CM068651.1_multihet.txt
        sharks/HepPer/MSMC/Output_Multihet_Bootstrapped/29/CM068666.1_multihet.txt
        sharks/HepPer/MSMC/Output_Multihet_Bootstrapped/10/CM068678.1_multihet.txt
        sharks/HepPer/MSMC/Output_Multihet_Bootstrapped/12/CM068678.1_multihet.txt
        sharks/HepPer/MSMC/Output_Multihet_Bootstrapped/13/CM068682.1_multihet.txt
        sharks/HepPer/MSMC/Output_Multihet_Bootstrapped/27/CM068653.1_multihet.txt
        sharks/HepPer/MSMC/Output_Multihet_Bootstrapped/21/CM068673.1_multihet.txt
        sharks/HepPer/MSMC/Output_Multihet_Bootstrapped/21/CM068658.1_multihet.txt
        sharks/HepPer/MSMC/Output_Multihet_Bootstrapped/22/CM068680.1_multihet.txt
        sharks/HepPer/MSMC/Output_Multihet_Bootstrapped/27/CM068681.1_multihet.txt
        sharks/HepPer/MSMC/Output_Multihet_Bootstrapped/29/CM068663.1_multihet.txt
        sharks/HepPer/MSMC/Output_Multihet_Bootstrapped/17/CM068671.1_multihet.txt
        sharks/HepPer/MSMC/Output_Multihet_Bootstrapped/15/CM068660.1_multihet.txt
        sharks/HepPer/MSMC/Output_Multihet_Bootstrapped/22/CM068644.1_multihet.txt
        sharks/HepPer/MSMC/Output_Multihet_Bootstrapped/23/CM068646.1_multihet.txt
        sharks/HepPer/MSMC/Output_Multihet_Bootstrapped/27/CM068649.1_multihet.txt
        sharks/HepPer/MSMC/Output_Multihet_Bootstrapped/12/CM068642.1_multihet.txt
        sharks/HepPer/MSMC/Output_Multihet_Bootstrapped/22/CM068658.1_multihet.txt
        sharks/HepPer/MSMC/Output_Multihet_Bootstrapped/11/CM068650.1_multihet.txt
        sharks/HepPer/MSMC/Output_Multihet_Bootstrapped/24/CM068667.1_multihet.txt
        sharks/HepPer/MSMC/Output_Multihet_Bootstrapped/13/CM068657.1_multihet.txt
        sharks/HepPer/MSMC/Output_Multihet_Bootstrapped/18/CM068637.1_multihet.txt
        sharks/HepPer/MSMC/Output_Multihet_Bootstrapped/25/CM068637.1_multihet.txt
        sharks/HepPer/MSMC/Output_Multihet_Bootstrapped/20/CM068654.1_multihet.txt
        sharks/HepPer/MSMC/Output_Multihet_Bootstrapped/24/CM068658.1_multihet.txt
        sharks/HepPer/MSMC/Output_Multihet_Bootstrapped/14/CM068668.1_multihet.txt
        sharks/HepPer/MSMC/Output_Multihet_Bootstrapped/16/CM068678.1_multihet.txt
        sharks/HepPer/MSMC/Output_Multihet_Bootstrapped/13/CM068680.1_multihet.txt
        sharks/HepPer/MSMC/Output_Multihet_Bootstrapped/26/CM068649.1_multihet.txt
        sharks/HepPer/MSMC/Output_Multihet_Bootstrapped/28/CM068657.1_multihet.txt
        sharks/HepPer/MSMC/Output_Multihet_Bootstrapped/19/CM068651.1_multihet.txt
        sharks/HepPer/MSMC/Output_Multihet_Bootstrapped/26/CM068644.1_multihet.txt
        sharks/HepPer/MSMC/Output_Multihet_Bootstrapped/26/CM068675.1_multihet.txt
        sharks/HepPer/MSMC/Output_Multihet_Bootstrapped/25/CM068680.1_multihet.txt
        sharks/HepPer/MSMC/Output_Multihet_Bootstrapped/11/CM068670.1_multihet.txt
        sharks/HepPer/MSMC/Output_Multihet_Bootstrapped/10/CM068682.1_multihet.txt
        sharks/HepPer/MSMC/Output_Multihet_Bootstrapped/27/CM068646.1_multihet.txt
        sharks/HepPer/MSMC/Output_Multihet_Bootstrapped/27/CM068661.1_multihet.txt
        sharks/HepPer/MSMC/Output_Multihet_Bootstrapped/27/CM068638.1_multihet.txt
        sharks/HepPer/MSMC/Output_Multihet_Bootstrapped/19/CM068674.1_multihet.txt
        sharks/HepPer/MSMC/Output_Multihet_Bootstrapped/25/CM068660.1_multihet.txt
        sharks/HepPer/MSMC/Output_Multihet_Bootstrapped/29/CM068645.1_multihet.txt
        sharks/HepPer/MSMC/Output_Multihet_Bootstrapped/29/CM068644.1_multihet.txt
        sharks/HepPer/MSMC/Output_Multihet_Bootstrapped/18/CM068647.1_multihet.txt
        sharks/HepPer/MSMC/Output_Multihet_Bootstrapped/21/CM068648.1_multihet.txt
        sharks/HepPer/MSMC/Output_Multihet_Bootstrapped/16/CM068649.1_multihet.txt
        sharks/HepPer/MSMC/Output_Multihet_Bootstrapped/13/CM068660.1_multihet.txt
        sharks/HepPer/MSMC/Output_Multihet_Bootstrapped/10/CM068676.1_multihet.txt
        sharks/HepPer/MSMC/Output_Multihet_Bootstrapped/17/CM068646.1_multihet.txt
        sharks/HepPer/MSMC/Output_Multihet_Bootstrapped/16/CM068643.1_multihet.txt
        sharks/HepPer/MSMC/Output_Multihet_Bootstrapped/21/CM068641.1_multihet.txt
        sharks/HepPer/MSMC/Output_Multihet_Bootstrapped/20/CM068646.1_multihet.txt
        sharks/HepPer/MSMC/Output_Multihet_Bootstrapped/29/CM068662.1_multihet.txt
        sharks/HepPer/MSMC/Output_Multihet_Bootstrapped/17/CM068678.1_multihet.txt
        sharks/HepPer/MSMC/Output_Multihet_Bootstrapped/24/CM068672.1_multihet.txt
        sharks/HepPer/MSMC/Output_Multihet_Bootstrapped/23/CM068641.1_multihet.txt
        sharks/HepPer/MSMC/Output_Multihet_Bootstrapped/11/CM068644.1_multihet.txt
        sharks/HepPer/MSMC/Output_Multihet_Bootstrapped/24/CM068661.1_multihet.txt
        sharks/HepPer/MSMC/Output_Multihet_Bootstrapped/27/CM068657.1_multihet.txt
        sharks/HepPer/MSMC/Output_Multihet_Bootstrapped/23/CM068638.1_multihet.txt
        sharks/HepPer/MSMC/Output_Multihet_Bootstrapped/25/CM068647.1_multihet.txt
        sharks/HepPer/MSMC/Output_Multihet_Bootstrapped/25/CM068641.1_multihet.txt
        sharks/HepPer/MSMC/Output_Multihet_Bootstrapped/12/CM068658.1_multihet.txt
        sharks/HepPer/MSMC/Output_Multihet_Bootstrapped/16/CM068680.1_multihet.txt
        sharks/HepPer/MSMC/Output_Multihet_Bootstrapped/16/CM068652.1_multihet.txt
        sharks/HepPer/MSMC/Output_Multihet_Bootstrapped/13/CM068645.1_multihet.txt
        sharks/HepPer/MSMC/Output_Multihet_Bootstrapped/18/CM068667.1_multihet.txt
        sharks/HepPer/MSMC/Output_Multihet_Bootstrapped/11/CM068665.1_multihet.txt
        sharks/HepPer/MSMC/Output_Multihet_Bootstrapped/27/CM068643.1_multihet.txt
        sharks/HepPer/MSMC/Output_Multihet_Bootstrapped/14/CM068639.1_multihet.txt
        sharks/HepPer/MSMC/Output_Multihet_Bootstrapped/17/CM068680.1_multihet.txt
        sharks/HepPer/MSMC/Output_Multihet_Bootstrapped/27/CM068676.1_multihet.txt
        sharks/HepPer/MSMC/Output_Multihet_Bootstrapped/10/CM068648.1_multihet.txt
        sharks/HepPer/MSMC/Output_Multihet_Bootstrapped/13/CM068675.1_multihet.txt
        sharks/HepPer/MSMC/Output_Multihet_Bootstrapped/27/CM068666.1_multihet.txt
        sharks/HepPer/MSMC/Output_Multihet_Bootstrapped/12/CM068655.1_multihet.txt
        sharks/HepPer/MSMC/Output_Multihet_Bootstrapped/22/CM068678.1_multihet.txt
        sharks/HepPer/MSMC/Output_Multihet_Bootstrapped/11/CM068648.1_multihet.txt
        sharks/HepPer/MSMC/Output_Multihet_Bootstrapped/11/CM068654.1_multihet.txt
        sharks/HepPer/MSMC/Output_Multihet_Bootstrapped/28/CM068640.1_multihet.txt
        sharks/HepPer/MSMC/Output_Multihet_Bootstrapped/15/CM068663.1_multihet.txt
        sharks/HepPer/MSMC/Output_Multihet_Bootstrapped/13/CM068674.1_multihet.txt
        sharks/HepPer/MSMC/Output_Multihet_Bootstrapped/25/CM068663.1_multihet.txt
        sharks/HepPer/MSMC/Output_Multihet_Bootstrapped/22/CM068659.1_multihet.txt
        sharks/HepPer/MSMC/Output_Multihet_Bootstrapped/26/CM068648.1_multihet.txt
        sharks/HepPer/MSMC/Output_Multihet_Bootstrapped/13/CM068673.1_multihet.txt
        sharks/HepPer/MSMC/Output_Multihet_Bootstrapped/24/CM068651.1_multihet.txt
        sharks/HepPer/MSMC/Output_Multihet_Bootstrapped/25/CM068670.1_multihet.txt
        sharks/HepPer/MSMC/Output_Multihet_Bootstrapped/14/CM068661.1_multihet.txt
        sharks/HepPer/MSMC/Output_Multihet_Bootstrapped/26/CM068638.1_multihet.txt
        sharks/HepPer/MSMC/Output_Multihet_Bootstrapped/26/CM068659.1_multihet.txt
        sharks/HepPer/MSMC/Output_Multihet_Bootstrapped/14/CM068660.1_multihet.txt
        sharks/HepPer/MSMC/Output_Multihet_Bootstrapped/14/CM068670.1_multihet.txt
        sharks/HepPer/MSMC/Output_Multihet_Bootstrapped/20/CM068677.1_multihet.txt
        sharks/HepPer/MSMC/Output_Multihet_Bootstrapped/23/CM068640.1_multihet.txt
        sharks/HepPer/MSMC/Output_Multihet_Bootstrapped/17/CM068681.1_multihet.txt
        sharks/HepPer/MSMC/Output_Multihet_Bootstrapped/28/CM068678.1_multihet.txt
        sharks/HepPer/MSMC/Output_Multihet_Bootstrapped/26/CM068645.1_multihet.txt
        sharks/HepPer/MSMC/Output_Multihet_Bootstrapped/26/CM068646.1_multihet.txt
        sharks/HepPer/MSMC/Output_Multihet_Bootstrapped/29/CM068665.1_multihet.txt
        sharks/HepPer/MSMC/Output_Multihet_Bootstrapped/15/CM068644.1_multihet.txt
        sharks/HepPer/MSMC/Output_Multihet_Bootstrapped/10/CM068644.1_multihet.txt
        sharks/HepPer/MSMC/Output_Multihet_Bootstrapped/18/CM068672.1_multihet.txt
        sharks/HepPer/MSMC/Output_Multihet_Bootstrapped/20/CM068655.1_multihet.txt
        sharks/HepPer/MSMC/Output_Multihet_Bootstrapped/16/CM068660.1_multihet.txt
        sharks/HepPer/MSMC/Output_Multihet_Bootstrapped/14/CM068646.1_multihet.txt
        sharks/HepPer/MSMC/Output_Multihet_Bootstrapped/28/CM068680.1_multihet.txt
        sharks/HepPer/MSMC/Output_Multihet_Bootstrapped/11/CM068674.1_multihet.txt
        sharks/HepPer/MSMC/Output_Multihet_Bootstrapped/23/CM068657.1_multihet.txt
        sharks/HepPer/MSMC/Output_Multihet_Bootstrapped/16/CM068647.1_multihet.txt
        sharks/HepPer/MSMC/Output_Multihet_Bootstrapped/13/CM068648.1_multihet.txt
        sharks/HepPer/MSMC/Output_Multihet_Bootstrapped/24/CM068679.1_multihet.txt
        sharks/HepPer/MSMC/Output_Multihet_Bootstrapped/18/CM068659.1_multihet.txt
        sharks/HepPer/MSMC/Output_Multihet_Bootstrapped/19/CM068678.1_multihet.txt
        sharks/HepPer/MSMC/Output_Multihet_Bootstrapped/21/CM068681.1_multihet.txt
        sharks/HepPer/MSMC/Output_Multihet_Bootstrapped/19/CM068650.1_multihet.txt
        sharks/HepPer/MSMC/Output_Multihet_Bootstrapped/14/CM068663.1_multihet.txt
        sharks/HepPer/MSMC/Output_Multihet_Bootstrapped/13/CM068666.1_multihet.txt
        sharks/HepPer/MSMC/Output_Multihet_Bootstrapped/13/CM068644.1_multihet.txt
        sharks/HepPer/MSMC/Output_Multihet_Bootstrapped/15/CM068666.1_multihet.txt
        sharks/HepPer/MSMC/Output_Multihet_Bootstrapped/29/CM068677.1_multihet.txt
        sharks/HepPer/MSMC/Output_Multihet_Bootstrapped/22/CM068640.1_multihet.txt
        sharks/HepPer/MSMC/Output_Multihet_Bootstrapped/11/CM068662.1_multihet.txt
        sharks/HepPer/MSMC/Output_Multihet_Bootstrapped/18/CM068660.1_multihet.txt
        sharks/HepPer/MSMC/Output_Multihet_Bootstrapped/15/CM068639.1_multihet.txt
        sharks/HepPer/MSMC/Output_Multihet_Bootstrapped/19/CM068648.1_multihet.txt
        sharks/HepPer/MSMC/Output_Multihet_Bootstrapped/22/CM068672.1_multihet.txt
        sharks/HepPer/MSMC/Output_Multihet_Bootstrapped/16/CM068653.1_multihet.txt
        sharks/HepPer/MSMC/Output_Multihet_Bootstrapped/16/CM068675.1_multihet.txt
        sharks/HepPer/MSMC/Output_Multihet_Bootstrapped/29/CM068659.1_multihet.txt
        sharks/HepPer/MSMC/Output_Multihet_Bootstrapped/26/CM068669.1_multihet.txt
        sharks/HepPer/MSMC/Output_Multihet_Bootstrapped/20/CM068649.1_multihet.txt
        sharks/HepPer/MSMC/Output_Multihet_Bootstrapped/22/CM068655.1_multihet.txt
        sharks/HepPer/MSMC/Output_Multihet_Bootstrapped/17/CM068659.1_multihet.txt
        sharks/HepPer/MSMC/Output_Multihet_Bootstrapped/29/CM068638.1_multihet.txt
        sharks/HepPer/MSMC/Output_Multihet_Bootstrapped/26/CM068661.1_multihet.txt
        sharks/HepPer/MSMC/Output_Multihet_Bootstrapped/26/CM068670.1_multihet.txt
        sharks/HepPer/MSMC/Output_Multihet_Bootstrapped/14/CM068672.1_multihet.txt
        sharks/HepPer/MSMC/Output_Multihet_Bootstrapped/20/CM068670.1_multihet.txt
        sharks/HepPer/MSMC/Output_Multihet_Bootstrapped/10/CM068657.1_multihet.txt
        sharks/HepPer/MSMC/Output_Multihet_Bootstrapped/12/CM068644.1_multihet.txt
        sharks/HepPer/MSMC/Output_Multihet_Bootstrapped/23/CM068670.1_multihet.txt
        sharks/HepPer/MSMC/Output_Multihet_Bootstrapped/10/CM068661.1_multihet.txt
        sharks/HepPer/MSMC/Output_Multihet_Bootstrapped/23/CM068639.1_multihet.txt
        sharks/HepPer/MSMC/Output_Multihet_Bootstrapped/10/CM068669.1_multihet.txt
        sharks/HepPer/MSMC/Output_Multihet_Bootstrapped/27/CM068677.1_multihet.txt
        sharks/HepPer/MSMC/Output_Multihet_Bootstrapped/26/CM068654.1_multihet.txt
        sharks/HepPer/MSMC/Output_Multihet_Bootstrapped/21/CM068656.1_multihet.txt
        sharks/HepPer/MSMC/Output_Multihet_Bootstrapped/23/CM068667.1_multihet.txt
        sharks/HepPer/MSMC/Output_Multihet_Bootstrapped/10/CM068639.1_multihet.txt
        sharks/HepPer/MSMC/Output_Multihet_Bootstrapped/12/CM068643.1_multihet.txt
        sharks/HepPer/MSMC/Output_Multihet_Bootstrapped/15/CM068643.1_multihet.txt
        sharks/HepPer/MSMC/Output_Multihet_Bootstrapped/21/CM068665.1_multihet.txt
        sharks/HepPer/MSMC/Output_Multihet_Bootstrapped/28/CM068666.1_multihet.txt
        sharks/HepPer/MSMC/Output_Multihet_Bootstrapped/13/CM068650.1_multihet.txt
        sharks/HepPer/MSMC/Output_Multihet_Bootstrapped/25/CM068653.1_multihet.txt
        sharks/HepPer/MSMC/Output_Multihet_Bootstrapped/19/CM068676.1_multihet.txt
        sharks/HepPer/MSMC/Output_Multihet_Bootstrapped/24/CM068647.1_multihet.txt
        sharks/HepPer/MSMC/Output_Multihet_Bootstrapped/23/CM068668.1_multihet.txt
        sharks/HepPer/MSMC/Output_Multihet_Bootstrapped/17/CM068679.1_multihet.txt
        sharks/HepPer/MSMC/Output_Multihet_Bootstrapped/10/CM068666.1_multihet.txt
        sharks/HepPer/MSMC/Output_Multihet_Bootstrapped/20/CM068644.1_multihet.txt
        sharks/HepPer/MSMC/Output_Multihet_Bootstrapped/15/CM068650.1_multihet.txt
        sharks/HepPer/MSMC/Output_Multihet_Bootstrapped/25/CM068658.1_multihet.txt
        sharks/HepPer/MSMC/Output_Multihet_Bootstrapped/18/CM068641.1_multihet.txt
        sharks/HepPer/MSMC/Output_Multihet_Bootstrapped/29/CM068661.1_multihet.txt
        sharks/HepPer/MSMC/Output_Multihet_Bootstrapped/15/CM068658.1_multihet.txt
        sharks/HepPer/MSMC/Output_Multihet_Bootstrapped/21/CM068670.1_multihet.txt
        sharks/HepPer/MSMC/Output_Multihet_Bootstrapped/15/CM068671.1_multihet.txt
        sharks/HepPer/MSMC/Output_Multihet_Bootstrapped/11/CM068638.1_multihet.txt
        sharks/HepPer/MSMC/Output_Multihet_Bootstrapped/11/CM068656.1_multihet.txt
        sharks/HepPer/MSMC/Output_Multihet_Bootstrapped/17/CM068638.1_multihet.txt
        sharks/HepPer/MSMC/Output_Multihet_Bootstrapped/12/CM068652.1_multihet.txt
        sharks/HepPer/MSMC/Output_Multihet_Bootstrapped/29/CM068657.1_multihet.txt
        sharks/HepPer/MSMC/Output_Multihet_Bootstrapped/15/CM068670.1_multihet.txt
        sharks/HepPer/MSMC/Output_Multihet_Bootstrapped/13/CM068658.1_multihet.txt
        sharks/HepPer/MSMC/Output_Multihet_Bootstrapped/15/CM068667.1_multihet.txt
        sharks/HepPer/MSMC/Output_Multihet_Bootstrapped/17/CM068664.1_multihet.txt
        sharks/HepPer/MSMC/Output_Multihet_Bootstrapped/14/CM068667.1_multihet.txt
        sharks/HepPer/MSMC/Output_Multihet_Bootstrapped/17/CM068662.1_multihet.txt
        sharks/HepPer/MSMC/Output_Multihet_Bootstrapped/18/CM068671.1_multihet.txt
        sharks/HepPer/MSMC/Output_Multihet_Bootstrapped/12/CM068680.1_multihet.txt
        sharks/HepPer/MSMC/Output_Multihet_Bootstrapped/28/CM068654.1_multihet.txt
        sharks/HepPer/MSMC/Output_Multihet_Bootstrapped/10/CM068656.1_multihet.txt
        sharks/HepPer/MSMC/Output_Multihet_Bootstrapped/10/CM068650.1_multihet.txt
        sharks/HepPer/MSMC/Output_Multihet_Bootstrapped/10/CM068640.1_multihet.txt
        sharks/HepPer/MSMC/Output_Multihet_Bootstrapped/14/CM068654.1_multihet.txt
        sharks/HepPer/MSMC/Output_Multihet_Bootstrapped/22/CM068647.1_multihet.txt
        sharks/HepPer/MSMC/Output_Multihet_Bootstrapped/22/CM068662.1_multihet.txt
        sharks/HepPer/MSMC/Output_Multihet_Bootstrapped/16/CM068640.1_multihet.txt
        sharks/HepPer/MSMC/Output_Multihet_Bootstrapped/22/CM068681.1_multihet.txt
        sharks/HepPer/MSMC/Output_Multihet_Bootstrapped/15/CM068665.1_multihet.txt
        sharks/HepPer/MSMC/Output_Multihet_Bootstrapped/25/CM068640.1_multihet.txt
        sharks/HepPer/MSMC/Output_Multihet_Bootstrapped/18/CM068651.1_multihet.txt
        sharks/HepPer/MSMC/Output_Multihet_Bootstrapped/24/CM068639.1_multihet.txt
        sharks/HepPer/MSMC/Output_Multihet_Bootstrapped/25/CM068651.1_multihet.txt
        sharks/HepPer/MSMC/Output_Multihet_Bootstrapped/15/CM068653.1_multihet.txt
        sharks/HepPer/MSMC/Output_Multihet_Bootstrapped/26/CM068668.1_multihet.txt
        sharks/HepPer/MSMC/Output_Multihet_Bootstrapped/24/CM068677.1_multihet.txt
        sharks/HepPer/MSMC/Output_Multihet_Bootstrapped/26/CM068680.1_multihet.txt
        sharks/HepPer/MSMC/Output_Multihet_Bootstrapped/16/CM068673.1_multihet.txt
        sharks/HepPer/MSMC/Output_Multihet_Bootstrapped/24/CM068649.1_multihet.txt
        sharks/HepPer/MSMC/Output_Multihet_Bootstrapped/26/CM068656.1_multihet.txt
        sharks/HepPer/MSMC/Output_Multihet_Bootstrapped/13/CM068667.1_multihet.txt
        sharks/HepPer/MSMC/Output_Multihet_Bootstrapped/20/CM068672.1_multihet.txt
        sharks/HepPer/MSMC/Output_Multihet_Bootstrapped/29/CM068646.1_multihet.txt
        sharks/HepPer/MSMC/Output_Multihet_Bootstrapped/25/CM068649.1_multihet.txt
        sharks/HepPer/MSMC/Output_Multihet_Bootstrapped/20/CM068651.1_multihet.txt
        sharks/HepPer/MSMC/Output_Multihet_Bootstrapped/16/CM068661.1_multihet.txt
        sharks/HepPer/MSMC/Output_Multihet_Bootstrapped/13/CM068668.1_multihet.txt
        sharks/HepPer/MSMC/Output_Multihet_Bootstrapped/18/CM068679.1_multihet.txt
        sharks/HepPer/MSMC/Output_Multihet_Bootstrapped/16/CM068682.1_multihet.txt
        sharks/HepPer/MSMC/Output_Multihet_Bootstrapped/15/CM068646.1_multihet.txt
        sharks/HepPer/MSMC/Output_Multihet_Bootstrapped/13/CM068652.1_multihet.txt
        sharks/HepPer/MSMC/Output_Multihet_Bootstrapped/23/CM068665.1_multihet.txt
        sharks/HepPer/MSMC/Output_Multihet_Bootstrapped/20/CM068671.1_multihet.txt
        sharks/HepPer/MSMC/Output_Multihet_Bootstrapped/25/CM068646.1_multihet.txt
        sharks/HepPer/MSMC/Output_Multihet_Bootstrapped/13/CM068671.1_multihet.txt
        sharks/HepPer/MSMC/Output_Multihet_Bootstrapped/21/CM068672.1_multihet.txt
        sharks/HepPer/MSMC/Output_Multihet_Bootstrapped/14/CM068682.1_multihet.txt
        sharks/HepPer/MSMC/Output_Multihet_Bootstrapped/13/CM068669.1_multihet.txt
        sharks/HepPer/MSMC/Output_Multihet_Bootstrapped/22/CM068648.1_multihet.txt
        sharks/HepPer/MSMC/Output_Multihet_Bootstrapped/25/CM068655.1_multihet.txt
        sharks/HepPer/MSMC/Output_Multihet_Bootstrapped/16/CM068656.1_multihet.txt
        sharks/HepPer/MSMC/Output_Multihet_Bootstrapped/15/CM068641.1_multihet.txt
        sharks/HepPer/MSMC/Output_Multihet_Bootstrapped/22/CM068664.1_multihet.txt
        sharks/HepPer/MSMC/Output_Multihet_Bootstrapped/25/CM068671.1_multihet.txt
        sharks/HepPer/MSMC/Output_Multihet_Bootstrapped/29/CM068676.1_multihet.txt
        sharks/HepPer/MSMC/Output_Multihet_Bootstrapped/26/CM068682.1_multihet.txt
        sharks/HepPer/MSMC/Output_Multihet_Bootstrapped/17/CM068644.1_multihet.txt
        sharks/HepPer/MSMC/Output_Multihet_Bootstrapped/26/CM068665.1_multihet.txt
        sharks/HepPer/MSMC/Output_Multihet_Bootstrapped/15/CM068651.1_multihet.txt
        sharks/HepPer/MSMC/Output_Multihet_Bootstrapped/29/CM068672.1_multihet.txt
        sharks/HepPer/MSMC/Output_Multihet_Bootstrapped/22/CM068645.1_multihet.txt
        sharks/HepPer/MSMC/Output_Multihet_Bootstrapped/13/CM068656.1_multihet.txt
        sharks/HepPer/MSMC/Output_Multihet_Bootstrapped/16/CM068666.1_multihet.txt
        sharks/HepPer/MSMC/Output_Multihet_Bootstrapped/13/CM068637.1_multihet.txt
        sharks/HepPer/MSMC/Output_Multihet_Bootstrapped/29/CM068679.1_multihet.txt
        sharks/HepPer/MSMC/Output_Multihet_Bootstrapped/11/CM068640.1_multihet.txt
        sharks/HepPer/MSMC/Output_Multihet_Bootstrapped/25/CM068645.1_multihet.txt
        sharks/HepPer/MSMC/Output_Multihet_Bootstrapped/26/CM068641.1_multihet.txt
        sharks/HepPer/MSMC/Output_Multihet_Bootstrapped/11/CM068653.1_multihet.txt
        sharks/HepPer/MSMC/Output_Multihet_Bootstrapped/19/CM068660.1_multihet.txt
        sharks/HepPer/MSMC/Output_Multihet_Bootstrapped/21/CM068646.1_multihet.txt
        sharks/HepPer/MSMC/Output_Multihet_Bootstrapped/21/CM068639.1_multihet.txt
        sharks/HepPer/MSMC/Output_Multihet_Bootstrapped/17/CM068640.1_multihet.txt
        sharks/HepPer/MSMC/Output_Multihet_Bootstrapped/11/CM068637.1_multihet.txt
        sharks/HepPer/MSMC/Output_Multihet_Bootstrapped/10/CM068642.1_multihet.txt
        sharks/HepPer/MSMC/Output_Multihet_Bootstrapped/27/CM068660.1_multihet.txt
        sharks/HepPer/MSMC/Output_Multihet_Bootstrapped/21/CM068667.1_multihet.txt
        sharks/HepPer/MSMC/Output_Multihet_Bootstrapped/27/CM068675.1_multihet.txt
        sharks/HepPer/MSMC/Output_Multihet_Bootstrapped/27/CM068656.1_multihet.txt
        sharks/HepPer/MSMC/Output_Multihet_Bootstrapped/19/CM068662.1_multihet.txt
        sharks/HepPer/MSMC/Output_Multihet_Bootstrapped/18/CM068661.1_multihet.txt
        sharks/HepPer/MSMC/Output_Multihet_Bootstrapped/28/CM068645.1_multihet.txt
        sharks/HepPer/MSMC/Output_Multihet_Bootstrapped/14/CM068657.1_multihet.txt
        sharks/HepPer/MSMC/Output_Multihet_Bootstrapped/13/CM068638.1_multihet.txt
        sharks/HepPer/MSMC/Output_Multihet_Bootstrapped/21/CM068678.1_multihet.txt
        sharks/HepPer/MSMC/Output_Multihet_Bootstrapped/14/CM068662.1_multihet.txt
        sharks/HepPer/MSMC/Output_Multihet_Bootstrapped/18/CM068681.1_multihet.txt
        sharks/HepPer/MSMC/Output_Multihet_Bootstrapped/29/CM068675.1_multihet.txt
        sharks/HepPer/MSMC/Output_Multihet_Bootstrapped/11/CM068678.1_multihet.txt
        sharks/HepPer/MSMC/Output_Multihet_Bootstrapped/20/CM068653.1_multihet.txt
        sharks/HepPer/MSMC/Output_Multihet_Bootstrapped/23/CM068660.1_multihet.txt
        sharks/HepPer/MSMC/Output_Multihet_Bootstrapped/19/CM068644.1_multihet.txt
        sharks/HepPer/MSMC/Output_Multihet_Bootstrapped/17/CM068675.1_multihet.txt
        sharks/HepPer/MSMC/Output_Multihet_Bootstrapped/16/CM068638.1_multihet.txt
        sharks/HepPer/MSMC/Output_Multihet_Bootstrapped/27/CM068648.1_multihet.txt
        sharks/HepPer/MSMC/Output_Multihet_Bootstrapped/22/CM068638.1_multihet.txt
        sharks/HepPer/MSMC/Output_Multihet_Bootstrapped/22/CM068676.1_multihet.txt
        sharks/HepPer/MSMC/Output_Multihet_Bootstrapped/23/CM068675.1_multihet.txt
        sharks/HepPer/MSMC/Output_Multihet_Bootstrapped/20/CM068647.1_multihet.txt
        sharks/HepPer/MSMC/Output_Multihet_Bootstrapped/12/CM068671.1_multihet.txt
        sharks/HepPer/MSMC/Output_Multihet_Bootstrapped/29/CM068654.1_multihet.txt
        sharks/HepPer/MSMC/Output_Multihet_Bootstrapped/11/CM068664.1_multihet.txt
        sharks/HepPer/MSMC/Output_Multihet_Bootstrapped/23/CM068678.1_multihet.txt
        sharks/HepPer/MSMC/Output_Multihet_Bootstrapped/14/CM068676.1_multihet.txt
        sharks/HepPer/MSMC/Output_Multihet_Bootstrapped/10/CM068637.1_multihet.txt
        sharks/HepPer/MSMC/Output_Multihet_Bootstrapped/15/CM068648.1_multihet.txt
        sharks/HepPer/MSMC/Output_Multihet_Bootstrapped/11/CM068647.1_multihet.txt
        sharks/HepPer/MSMC/Output_Multihet_Bootstrapped/15/CM068662.1_multihet.txt
        sharks/HepPer/MSMC/Output_Multihet_Bootstrapped/22/CM068653.1_multihet.txt
        sharks/HepPer/MSMC/Output_Multihet_Bootstrapped/20/CM068648.1_multihet.txt
        sharks/HepPer/MSMC/Output_Multihet_Bootstrapped/22/CM068654.1_multihet.txt
        sharks/HepPer/MSMC/Output_Multihet_Bootstrapped/10/CM068658.1_multihet.txt
        sharks/HepPer/MSMC/Output_Multihet_Bootstrapped/21/CM068642.1_multihet.txt
        sharks/HepPer/MSMC/Output_Multihet_Bootstrapped/23/CM068655.1_multihet.txt
        sharks/HepPer/MSMC/Output_Multihet_Bootstrapped/14/CM068669.1_multihet.txt
        sharks/HepPer/MSMC/Output_Multihet_Bootstrapped/13/CM068643.1_multihet.txt
        sharks/HepPer/MSMC/Output_Multihet_Bootstrapped/14/CM068653.1_multihet.txt
        sharks/HepPer/MSMC/Output_Multihet_Bootstrapped/23/CM068679.1_multihet.txt
        sharks/HepPer/MSMC/Output_Multihet_Bootstrapped/28/CM068682.1_multihet.txt
        sharks/HepPer/MSMC/Output_Multihet_Bootstrapped/19/CM068672.1_multihet.txt
        sharks/HepPer/MSMC/Output_Multihet_Bootstrapped/20/CM068660.1_multihet.txt
        sharks/HepPer/MSMC/Output_Multihet_Bootstrapped/23/CM068652.1_multihet.txt
        sharks/HepPer/MSMC/Output_Multihet_Bootstrapped/25/CM068643.1_multihet.txt
        sharks/HepPer/MSMC/Output_Multihet_Bootstrapped/24/CM068671.1_multihet.txt
        sharks/HepPer/MSMC/Output_Multihet_Bootstrapped/10/CM068654.1_multihet.txt
        sharks/HepPer/MSMC/Output_Multihet_Bootstrapped/26/CM068640.1_multihet.txt
        sharks/HepPer/MSMC/Output_Multihet_Bootstrapped/11/CM068641.1_multihet.txt
        sharks/HepPer/MSMC/Output_Multihet_Bootstrapped/10/CM068675.1_multihet.txt
        sharks/HepPer/MSMC/Output_Multihet_Bootstrapped/13/CM068647.1_multihet.txt
        sharks/HepPer/MSMC/Output_Multihet_Bootstrapped/16/CM068677.1_multihet.txt
        sharks/HepPer/MSMC/Output_Multihet_Bootstrapped/29/CM068671.1_multihet.txt
        sharks/HepPer/MSMC/Output_Multihet_Bootstrapped/14/CM068677.1_multihet.txt
        sharks/HepPer/MSMC/Output_Multihet_Bootstrapped/15/CM068668.1_multihet.txt
        sharks/HepPer/MSMC/Output_Multihet_Bootstrapped/15/CM068675.1_multihet.txt
        sharks/HepPer/MSMC/Output_Multihet_Bootstrapped/19/CM068637.1_multihet.txt
        sharks/HepPer/MSMC/Output_Multihet_Bootstrapped/16/CM068657.1_multihet.txt
        sharks/HepPer/MSMC/Output_Multihet_Bootstrapped/18/CM068640.1_multihet.txt
        sharks/HepPer/MSMC/Output_Multihet_Bootstrapped/15/CM068657.1_multihet.txt
        sharks/HepPer/MSMC/Output_Multihet_Bootstrapped/16/CM068658.1_multihet.txt
        sharks/HepPer/MSMC/Output_Multihet_Bootstrapped/18/CM068669.1_multihet.txt
        sharks/HepPer/MSMC/Output_Multihet_Bootstrapped/27/CM068682.1_multihet.txt
        sharks/HepPer/MSMC/Output_Multihet_Bootstrapped/10/CM068651.1_multihet.txt
        sharks/HepPer/MSMC/Output_Multihet_Bootstrapped/12/CM068649.1_multihet.txt
        sharks/HepPer/MSMC/Output_Multihet_Bootstrapped/18/CM068644.1_multihet.txt
        sharks/HepPer/MSMC/Output_Multihet_Bootstrapped/23/CM068642.1_multihet.txt
        sharks/HepPer/MSMC/Output_Multihet_Bootstrapped/28/CM068643.1_multihet.txt
        sharks/HepPer/MSMC/Output_Multihet_Bootstrapped/11/CM068645.1_multihet.txt
        sharks/HepPer/MSMC/Output_Multihet_Bootstrapped/24/CM068653.1_multihet.txt
        sharks/HepPer/MSMC/Output_Multihet_Bootstrapped/29/CM068664.1_multihet.txt
        sharks/HepPer/MSMC/Output_Multihet_Bootstrapped/22/CM068677.1_multihet.txt
        sharks/HepPer/MSMC/Output_Multihet_Bootstrapped/20/CM068679.1_multihet.txt
        sharks/HepPer/MSMC/Output_Multihet_Bootstrapped/17/CM068648.1_multihet.txt
        sharks/HepPer/MSMC/Output_Multihet_Bootstrapped/20/CM068657.1_multihet.txt
        sharks/HepPer/MSMC/Output_Multihet_Bootstrapped/12/CM068681.1_multihet.txt
        sharks/HepPer/MSMC/Output_Multihet_Bootstrapped/17/CM068647.1_multihet.txt
        sharks/HepPer/MSMC/Output_Multihet_Bootstrapped/21/CM068664.1_multihet.txt
        sharks/HepPer/MSMC/Output_Multihet_Bootstrapped/29/CM068650.1_multihet.txt
        sharks/HepPer/MSMC/Output_Multihet_Bootstrapped/27/CM068668.1_multihet.txt
        sharks/HepPer/MSMC/Output_Multihet_Bootstrapped/29/CM068641.1_multihet.txt
        sharks/HepPer/MSMC/Output_Multihet_Bootstrapped/26/CM068681.1_multihet.txt
        sharks/HepPer/MSMC/Output_Multihet_Bootstrapped/25/CM068672.1_multihet.txt
        sharks/HepPer/MSMC/Output_Multihet_Bootstrapped/13/CM068653.1_multihet.txt
        sharks/HepPer/MSMC/Output_Multihet_Bootstrapped/12/CM068662.1_multihet.txt
        sharks/HepPer/MSMC/Output_Multihet_Bootstrapped/17/CM068642.1_multihet.txt
        sharks/HepPer/MSMC/Output_Multihet_Bootstrapped/27/CM068639.1_multihet.txt
        sharks/HepPer/MSMC/Output_Multihet_Bootstrapped/15/CM068655.1_multihet.txt
        sharks/HepPer/MSMC/Output_Multihet_Bootstrapped/12/CM068651.1_multihet.txt
        sharks/HepPer/MSMC/Output_Multihet_Bootstrapped/15/CM068664.1_multihet.txt
        sharks/HepPer/MSMC/Output_Multihet_Bootstrapped/20/CM068668.1_multihet.txt
        sharks/HepPer/MSMC/Output_Multihet_Bootstrapped/29/CM068674.1_multihet.txt
        sharks/HepPer/MSMC/Output_Multihet_Bootstrapped/19/CM068673.1_multihet.txt
        sharks/HepPer/MSMC/Output_Multihet_Bootstrapped/27/CM068662.1_multihet.txt
        sharks/HepPer/MSMC/Output_Multihet_Bootstrapped/26/CM068642.1_multihet.txt
        sharks/HepPer/MSMC/Output_Multihet_Bootstrapped/17/CM068657.1_multihet.txt
        sharks/HepPer/MSMC/Output_Multihet_Bootstrapped/21/CM068654.1_multihet.txt
        sharks/HepPer/MSMC/Output_Multihet_Bootstrapped/24/CM068678.1_multihet.txt
        sharks/HepPer/MSMC/Output_Multihet_Bootstrapped/18/CM068648.1_multihet.txt
        sharks/HepPer/MSMC/Output_Multihet_Bootstrapped/27/CM068673.1_multihet.txt
        sharks/HepPer/MSMC/Output_Multihet_Bootstrapped/22/CM068651.1_multihet.txt
        sharks/HepPer/MSMC/Output_Multihet_Bootstrapped/22/CM068663.1_multihet.txt
        sharks/HepPer/MSMC/Output_Multihet_Bootstrapped/27/CM068672.1_multihet.txt
        sharks/HepPer/MSMC/Output_Multihet_Bootstrapped/29/CM068637.1_multihet.txt
        sharks/HepPer/MSMC/Output_Multihet_Bootstrapped/10/CM068649.1_multihet.txt
        sharks/HepPer/MSMC/Output_Multihet_Bootstrapped/21/CM068657.1_multihet.txt
        sharks/HepPer/MSMC/Output_Multihet_Bootstrapped/10/CM068663.1_multihet.txt
        sharks/HepPer/MSMC/Output_Multihet_Bootstrapped/17/CM068658.1_multihet.txt
        sharks/HepPer/MSMC/Output_Multihet_Bootstrapped/21/CM068680.1_multihet.txt
        sharks/HepPer/MSMC/Output_Multihet_Bootstrapped/24/CM068654.1_multihet.txt
        sharks/HepPer/MSMC/Output_Multihet_Bootstrapped/24/CM068659.1_multihet.txt
        sharks/HepPer/MSMC/Output_Multihet_Bootstrapped/12/CM068682.1_multihet.txt
        sharks/HepPer/MSMC/Output_Multihet_Bootstrapped/27/CM068655.1_multihet.txt
        sharks/HepPer/MSMC/Output_Multihet_Bootstrapped/25/CM068674.1_multihet.txt
        sharks/HepPer/MSMC/Output_Multihet_Bootstrapped/25/CM068659.1_multihet.txt
        sharks/HepPer/MSMC/Output_Multihet_Bootstrapped/19/CM068654.1_multihet.txt
        sharks/HepPer/MSMC/Output_Multihet_Bootstrapped/15/CM068681.1_multihet.txt
        sharks/HepPer/MSMC/Output_Multihet_Bootstrapped/19/CM068681.1_multihet.txt
        sharks/HepPer/MSMC/Output_Multihet_Bootstrapped/16/CM068648.1_multihet.txt
        sharks/HepPer/MSMC/Output_Multihet_Bootstrapped/29/CM068649.1_multihet.txt
        sharks/HepPer/MSMC/Output_Multihet_Bootstrapped/17/CM068653.1_multihet.txt
        sharks/HepPer/MSMC/Output_Multihet_Bootstrapped/13/CM068661.1_multihet.txt
        sharks/HepPer/MSMC/Output_Multihet_Bootstrapped/13/CM068676.1_multihet.txt
        sharks/HepPer/MSMC/Output_Multihet_Bootstrapped/19/CM068671.1_multihet.txt
        sharks/HepPer/MSMC/Output_Multihet_Bootstrapped/20/CM068678.1_multihet.txt
        sharks/HepPer/MSMC/Output_Multihet_Bootstrapped/20/CM068639.1_multihet.txt
        sharks/HepPer/MSMC/Output_Multihet_Bootstrapped/14/CM068664.1_multihet.txt
        sharks/HepPer/MSMC/Output_Multihet_Bootstrapped/24/CM068657.1_multihet.txt
        sharks/HepPer/MSMC/Output_Multihet_Bootstrapped/18/CM068664.1_multihet.txt
        sharks/HepPer/MSMC/Output_Multihet_Bootstrapped/13/CM068640.1_multihet.txt
        sharks/HepPer/MSMC/Output_Multihet_Bootstrapped/12/CM068646.1_multihet.txt
        sharks/HepPer/MSMC/Output_Multihet_Bootstrapped/28/CM068661.1_multihet.txt
        sharks/HepPer/MSMC/Output_Multihet_Bootstrapped/29/CM068655.1_multihet.txt
        sharks/HepPer/MSMC/Output_Multihet_Bootstrapped/22/CM068649.1_multihet.txt
        sharks/HepPer/MSMC/Output_Multihet_Bootstrapped/26/CM068643.1_multihet.txt
        sharks/HepPer/MSMC/Output_Multihet_Bootstrapped/12/CM068638.1_multihet.txt
        sharks/HepPer/MSMC/Output_Multihet_Bootstrapped/11/CM068675.1_multihet.txt
        sharks/HepPer/MSMC/Output_Multihet_Bootstrapped/17/CM068674.1_multihet.txt
        sharks/HepPer/MSMC/Output_Multihet_Bootstrapped/18/CM068666.1_multihet.txt
        sharks/HepPer/MSMC/Output_Multihet_Bootstrapped/22/CM068674.1_multihet.txt
        sharks/HepPer/MSMC/Output_Multihet_Bootstrapped/22/CM068639.1_multihet.txt
        sharks/HepPer/MSMC/Output_Multihet_Bootstrapped/23/CM068654.1_multihet.txt
        sharks/HepPer/MSMC/Output_Multihet_Bootstrapped/26/CM068639.1_multihet.txt
        sharks/HepPer/MSMC/Output_Multihet_Bootstrapped/12/CM068672.1_multihet.txt
        sharks/HepPer/MSMC/Output_Multihet_Bootstrapped/12/CM068668.1_multihet.txt
        sharks/HepPer/MSMC/Output_Multihet_Bootstrapped/25/CM068661.1_multihet.txt
        sharks/HepPer/MSMC/Output_Multihet_Bootstrapped/27/CM068664.1_multihet.txt
        sharks/HepPer/MSMC/Output_Multihet_Bootstrapped/28/CM068638.1_multihet.txt
        sharks/HepPer/MSMC/Output_Multihet_Bootstrapped/18/CM068676.1_multihet.txt
        sharks/HepPer/MSMC/Output_Multihet_Bootstrapped/20/CM068659.1_multihet.txt
        sharks/HepPer/MSMC/Output_Multihet_Bootstrapped/24/CM068676.1_multihet.txt
        sharks/HepPer/MSMC/Output_Multihet_Bootstrapped/16/CM068637.1_multihet.txt
        sharks/HepPer/MSMC/Output_Multihet_Bootstrapped/24/CM068670.1_multihet.txt
        sharks/HepPer/MSMC/Output_Multihet_Bootstrapped/11/CM068668.1_multihet.txt
        sharks/HepPer/MSMC/Output_Multihet_Bootstrapped/29/CM068642.1_multihet.txt
        sharks/HepPer/MSMC/Output_Multihet_Bootstrapped/21/CM068650.1_multihet.txt
        sharks/HepPer/MSMC/Output_Multihet_Bootstrapped/19/CM068679.1_multihet.txt
        sharks/HepPer/MSMC/Output_Multihet_Bootstrapped/22/CM068666.1_multihet.txt
        sharks/HepPer/MSMC/Output_Multihet_Bootstrapped/19/CM068680.1_multihet.txt
        sharks/HepPer/MSMC/Output_Multihet_Bootstrapped/27/CM068640.1_multihet.txt
        sharks/HepPer/MSMC/Output_Multihet_Bootstrapped/23/CM068674.1_multihet.txt
        sharks/HepPer/MSMC/Output_Multihet_Bootstrapped/16/CM068664.1_multihet.txt
        sharks/HepPer/MSMC/Output_Multihet_Bootstrapped/14/CM068656.1_multihet.txt
        sharks/HepPer/MSMC/Output_Multihet_Bootstrapped/24/CM068662.1_multihet.txt
        sharks/HepPer/MSMC/Output_Multihet_Bootstrapped/19/CM068664.1_multihet.txt
        sharks/HepPer/MSMC/Output_Multihet_Bootstrapped/18/CM068673.1_multihet.txt
        sharks/HepPer/MSMC/Output_Multihet_Bootstrapped/23/CM068661.1_multihet.txt
        sharks/HepPer/MSMC/Output_Multihet_Bootstrapped/18/CM068674.1_multihet.txt
        sharks/HepPer/MSMC/Output_Multihet_Bootstrapped/28/CM068644.1_multihet.txt
        sharks/HepPer/MSMC/Output_Multihet_Bootstrapped/25/CM068664.1_multihet.txt
        sharks/HepPer/MSMC/Output_Multihet_Bootstrapped/11/CM068646.1_multihet.txt
        sharks/HepPer/MSMC/Output_Multihet_Bootstrapped/23/CM068643.1_multihet.txt
        sharks/HepPer/MSMC/Output_Multihet_Bootstrapped/14/CM068637.1_multihet.txt
        sharks/HepPer/MSMC/Output_Multihet_Bootstrapped/10/CM068679.1_multihet.txt
        sharks/HepPer/MSMC/Output_Multihet_Bootstrapped/14/CM068641.1_multihet.txt
        sharks/HepPer/MSMC/Output_Multihet_Bootstrapped/19/CM068667.1_multihet.txt
        sharks/HepPer/MSMC/Output_Multihet_Bootstrapped/27/CM068650.1_multihet.txt
        sharks/HepPer/MSMC/Output_Multihet_Bootstrapped/19/CM068658.1_multihet.txt
        sharks/HepPer/MSMC/Output_Multihet_Bootstrapped/16/CM068671.1_multihet.txt
        sharks/HepPer/MSMC/Output_Multihet_Bootstrapped/17/CM068639.1_multihet.txt
        sharks/HepPer/MSMC/Output_Multihet_Bootstrapped/28/CM068653.1_multihet.txt
        sharks/HepPer/MSMC/Output_Multihet_Bootstrapped/11/CM068677.1_multihet.txt
        sharks/HepPer/MSMC/Output_Multihet_Bootstrapped/24/CM068644.1_multihet.txt
        sharks/HepPer/MSMC/Output_Multihet_Bootstrapped/20/CM068645.1_multihet.txt
        sharks/HepPer/MSMC/Output_Multihet_Bootstrapped/22/CM068669.1_multihet.txt
        sharks/HepPer/MSMC/Output_Multihet_Bootstrapped/20/CM068674.1_multihet.txt
        sharks/HepPer/MSMC/Output_Multihet_Bootstrapped/11/CM068682.1_multihet.txt
        sharks/HepPer/MSMC/Output_Multihet_Bootstrapped/28/CM068660.1_multihet.txt
        sharks/HepPer/MSMC/Output_Multihet_Bootstrapped/14/CM068659.1_multihet.txt
        sharks/HepPer/MSMC/Output_Multihet_Bootstrapped/27/CM068665.1_multihet.txt
        sharks/HepPer/MSMC/Output_Multihet_Bootstrapped/15/CM068669.1_multihet.txt
        sharks/HepPer/MSMC/Output_Multihet_Bootstrapped/19/CM068639.1_multihet.txt
        sharks/HepPer/MSMC/Output_Multihet_Bootstrapped/29/CM068643.1_multihet.txt
        sharks/HepPer/MSMC/Output_Multihet_Bootstrapped/15/CM068672.1_multihet.txt
        sharks/HepPer/MSMC/Output_Multihet_Bootstrapped/11/CM068671.1_multihet.txt
        sharks/HepPer/MSMC/Output_Multihet_Bootstrapped/12/CM068637.1_multihet.txt
        sharks/HepPer/MSMC/Output_Multihet_Bootstrapped/23/CM068664.1_multihet.txt
        sharks/HepPer/MSMC/Output_Multihet_Bootstrapped/19/CM068638.1_multihet.txt
        sharks/HepPer/MSMC/Output_Multihet_Bootstrapped/20/CM068640.1_multihet.txt
        sharks/HepPer/MSMC/Output_Multihet_Bootstrapped/21/CM068666.1_multihet.txt
        sharks/HepPer/MSMC/Output_Multihet_Bootstrapped/20/CM068680.1_multihet.txt
        sharks/HepPer/MSMC/Output_Multihet_Bootstrapped/17/CM068651.1_multihet.txt
        sharks/HepPer/MSMC/Output_Multihet_Bootstrapped/25/CM068662.1_multihet.txt
        sharks/HepPer/MSMC/Output_Multihet_Bootstrapped/14/CM068679.1_multihet.txt
        sharks/HepPer/MSMC/Output_Multihet_Bootstrapped/11/CM068643.1_multihet.txt
        sharks/HepPer/MSMC/Output_Multihet_Bootstrapped/23/CM068650.1_multihet.txt
        sharks/HepPer/MSMC/Output_Multihet_Bootstrapped/21/CM068645.1_multihet.txt
        sharks/HepPer/MSMC/Output_Multihet_Bootstrapped/12/CM068679.1_multihet.txt
        sharks/HepPer/MSMC/Output_Multihet_Bootstrapped/23/CM068651.1_multihet.txt
        sharks/HepPer/MSMC/Output_Multihet_Bootstrapped/23/CM068658.1_multihet.txt
        sharks/HepPer/MSMC/Output_Multihet_Bootstrapped/14/CM068649.1_multihet.txt
        sharks/HepPer/MSMC/Output_Multihet_Bootstrapped/23/CM068648.1_multihet.txt
        sharks/HepPer/MSMC/Output_Multihet_Bootstrapped/28/CM068673.1_multihet.txt
        sharks/HepPer/MSMC/Output_Multihet_Bootstrapped/28/CM068641.1_multihet.txt
        sharks/HepPer/MSMC/Output_Multihet_Bootstrapped/26/CM068666.1_multihet.txt
        sharks/HepPer/MSMC/Output_Multihet_Bootstrapped/21/CM068655.1_multihet.txt
        sharks/HepPer/MSMC/Output_Multihet_Bootstrapped/15/CM068642.1_multihet.txt
        sharks/HepPer/MSMC/Output_Multihet_Bootstrapped/27/CM068659.1_multihet.txt
        sharks/HepPer/MSMC/Output_Multihet_Bootstrapped/17/CM068670.1_multihet.txt
        sharks/HepPer/MSMC/Output_Multihet_Bootstrapped/28/CM068652.1_multihet.txt
        sharks/HepPer/MSMC/Output_Multihet_Bootstrapped/17/CM068637.1_multihet.txt
        sharks/HepPer/MSMC/Output_Multihet_Bootstrapped/26/CM068672.1_multihet.txt
        sharks/HepPer/MSMC/Output_Multihet_Bootstrapped/19/CM068656.1_multihet.txt
        sharks/HepPer/MSMC/Output_Multihet_Bootstrapped/12/CM068670.1_multihet.txt
        sharks/HepPer/MSMC/Output_Multihet_Bootstrapped/27/CM068637.1_multihet.txt
        sharks/HepPer/MSMC/Output_Multihet_Bootstrapped/25/CM068644.1_multihet.txt
        sharks/HepPer/MSMC/Output_Multihet_Bootstrapped/26/CM068662.1_multihet.txt
        sharks/HepPer/MSMC/Output_Multihet_Bootstrapped/15/CM068640.1_multihet.txt
        sharks/HepPer/MSMC/Output_Multihet_Bootstrapped/27/CM068678.1_multihet.txt
        sharks/HepPer/MSMC/Output_Multihet_Bootstrapped/29/CM068653.1_multihet.txt
        sharks/HepPer/MSMC/Output_Multihet_Bootstrapped/19/CM068665.1_multihet.txt
        sharks/HepPer/MSMC/Output_Multihet_Bootstrapped/23/CM068672.1_multihet.txt
        sharks/HepPer/MSMC/Output_Multihet_Bootstrapped/28/CM068672.1_multihet.txt
        sharks/HepPer/MSMC/Output_Multihet_Bootstrapped/13/CM068677.1_multihet.txt
        sharks/HepPer/MSMC/Output_Multihet_Bootstrapped/16/CM068679.1_multihet.txt
        sharks/HepPer/MSMC/Output_Multihet_Bootstrapped/21/CM068647.1_multihet.txt
        sharks/HepPer/MSMC/Output_Multihet_Bootstrapped/16/CM068645.1_multihet.txt
        sharks/HepPer/MSMC/Output_Multihet_Bootstrapped/11/CM068666.1_multihet.txt
        sharks/HepPer/MSMC/Output_Multihet_Bootstrapped/24/CM068669.1_multihet.txt
        sharks/HepPer/MSMC/Output_Multihet_Bootstrapped/14/CM068678.1_multihet.txt
        sharks/HepPer/MSMC/Output_Multihet_Bootstrapped/19/CM068659.1_multihet.txt
        sharks/HepPer/MSMC/Output_Multihet_Bootstrapped/18/CM068649.1_multihet.txt
        sharks/HepPer/MSMC/Output_Multihet_Bootstrapped/23/CM068662.1_multihet.txt
        sharks/HepPer/MSMC/Output_Multihet_Bootstrapped/25/CM068650.1_multihet.txt
        sharks/HepPer/MSMC/Output_Multihet_Bootstrapped/25/CM068678.1_multihet.txt
        sharks/HepPer/MSMC/Output_Multihet_Bootstrapped/17/CM068660.1_multihet.txt
        sharks/HepPer/MSMC/Output_Multihet_Bootstrapped/19/CM068641.1_multihet.txt
        sharks/HepPer/MSMC/Output_Multihet_Bootstrapped/25/CM068666.1_multihet.txt
        sharks/HepPer/MSMC/Output_Multihet_Bootstrapped/27/CM068680.1_multihet.txt
        sharks/HepPer/MSMC/Output_Multihet_Bootstrapped/19/CM068666.1_multihet.txt
        sharks/HepPer/MSMC/Output_Multihet_Bootstrapped/17/CM068667.1_multihet.txt
        sharks/HepPer/MSMC/Output_Multihet_Bootstrapped/12/CM068676.1_multihet.txt
        sharks/HepPer/MSMC/Output_Multihet_Bootstrapped/20/CM068652.1_multihet.txt
        sharks/HepPer/MSMC/Output_Multihet_Bootstrapped/17/CM068663.1_multihet.txt
        sharks/HepPer/MSMC/Output_Multihet_Bootstrapped/24/CM068668.1_multihet.txt
        sharks/HepPer/MSMC/Output_Multihet_Bootstrapped/22/CM068652.1_multihet.txt
        sharks/HepPer/MSMC/Output_Multihet_Bootstrapped/20/CM068656.1_multihet.txt
        sharks/HepPer/MSMC/Output_Multihet_Bootstrapped/27/CM068652.1_multihet.txt
        sharks/HepPer/MSMC/Output_Multihet_Bootstrapped/24/CM068656.1_multihet.txt
        sharks/HepPer/MSMC/Output_Multihet_Bootstrapped/17/CM068672.1_multihet.txt
        sharks/HepPer/MSMC/Output_Multihet_Bootstrapped/10/CM068646.1_multihet.txt
        sharks/HepPer/MSMC/Output_Multihet_Bootstrapped/25/CM068648.1_multihet.txt
        sharks/HepPer/MSMC/Output_Multihet_Bootstrapped/17/CM068650.1_multihet.txt
        sharks/HepPer/MSMC/Output_Multihet_Bootstrapped/26/CM068676.1_multihet.txt
        sharks/HepPer/MSMC/Output_Multihet_Bootstrapped/27/CM068670.1_multihet.txt
        sharks/HepPer/MSMC/Output_Multihet_Bootstrapped/15/CM068652.1_multihet.txt
        sharks/HepPer/MSMC/Output_Multihet_Bootstrapped/17/CM068645.1_multihet.txt
        sharks/HepPer/MSMC/Output_Multihet_Bootstrapped/20/CM068642.1_multihet.txt
        sharks/HepPer/MSMC/Output_Multihet_Bootstrapped/27/CM068645.1_multihet.txt
        sharks/HepPer/MSMC/Output_Multihet_Bootstrapped/22/CM068682.1_multihet.txt
        sharks/HepPer/MSMC/Output_Multihet_Bootstrapped/28/CM068662.1_multihet.txt
        sharks/HepPer/MSMC/Output_Multihet_Bootstrapped/21/CM068660.1_multihet.txt
        sharks/HepPer/MSMC/Output_Multihet_Bootstrapped/14/CM068645.1_multihet.txt
        sharks/HepPer/MSMC/Output_Multihet_Bootstrapped/22/CM068637.1_multihet.txt
        sharks/HepPer/MSMC/Output_Multihet_Bootstrapped/28/CM068650.1_multihet.txt
        sharks/HepPer/MSMC/Output_Multihet_Bootstrapped/14/CM068652.1_multihet.txt
        sharks/HepPer/MSMC/Output_Multihet_Bootstrapped/28/CM068667.1_multihet.txt
        sharks/HepPer/MSMC/Output_Multihet_Bootstrapped/20/CM068681.1_multihet.txt
        sharks/HepPer/MSMC/Output_Multihet_Bootstrapped/26/CM068658.1_multihet.txt
        sharks/HepPer/MSMC/Output_Multihet_Bootstrapped/12/CM068639.1_multihet.txt
        sharks/HepPer/MSMC/Output_Multihet_Bootstrapped/29/CM068667.1_multihet.txt
        sharks/HepPer/MSMC/Output_Multihet_Bootstrapped/19/CM068682.1_multihet.txt
        sharks/HepPer/MSMC/Output_Multihet_Bootstrapped/24/CM068645.1_multihet.txt
        sharks/HepPer/MSMC/Output_Multihet_Bootstrapped/17/CM068677.1_multihet.txt
        sharks/HepPer/MSMC/Output_Multihet_Bootstrapped/28/CM068663.1_multihet.txt
        sharks/HepPer/MSMC/Output_Multihet_Bootstrapped/20/CM068669.1_multihet.txt
        sharks/HepPer/MSMC/Output_Multihet_Bootstrapped/28/CM068674.1_multihet.txt
        sharks/HepPer/MSMC/Output_Multihet_Bootstrapped/24/CM068650.1_multihet.txt
        sharks/HepPer/MSMC/Output_Multihet_Bootstrapped/18/CM068665.1_multihet.txt
        sharks/HepPer/MSMC/Output_Multihet_Bootstrapped/27/CM068667.1_multihet.txt
        sharks/HepPer/MSMC/Output_Multihet_Bootstrapped/14/CM068671.1_multihet.txt
        sharks/HepPer/MSMC/Output_Multihet_Bootstrapped/24/CM068673.1_multihet.txt
        sharks/HepPer/MSMC/Output_Multihet_Bootstrapped/19/CM068645.1_multihet.txt
        sharks/HepPer/MSMC/Output_Multihet_Bootstrapped/14/CM068643.1_multihet.txt
        sharks/HepPer/MSMC/Output_Multihet_Bootstrapped/15/CM068637.1_multihet.txt
        sharks/HepPer/MSMC/Output_Multihet_Bootstrapped/14/CM068638.1_multihet.txt
        sharks/HepPer/MSMC/Output_Multihet_Bootstrapped/25/CM068665.1_multihet.txt
        sharks/HepPer/MSMC/Output_Multihet_Bootstrapped/22/CM068646.1_multihet.txt
        sharks/HepPer/MSMC/Output_Multihet_Bootstrapped/18/CM068680.1_multihet.txt
        sharks/HepPer/MSMC/Output_Multihet_Bootstrapped/10/CM068681.1_multihet.txt
        sharks/HepPer/MSMC/Output_Multihet_Bootstrapped/28/CM068681.1_multihet.txt
        sharks/HepPer/MSMC/Output_Multihet_Bootstrapped/16/CM068639.1_multihet.txt
        sharks/HepPer/MSMC/Output_Multihet_Bootstrapped/14/CM068642.1_multihet.txt
        sharks/HepPer/MSMC/Output_Multihet_Bootstrapped/15/CM068676.1_multihet.txt
        sharks/HepPer/MSMC/Output_Multihet_Bootstrapped/23/CM068677.1_multihet.txt
        sharks/HepPer/MSMC/Output_Multihet_Bootstrapped/16/CM068641.1_multihet.txt
        sharks/HepPer/MSMC/Output_Multihet_Bootstrapped/16/CM068655.1_multihet.txt
        sharks/HepPer/MSMC/Output_Multihet_Bootstrapped/29/CM068639.1_multihet.txt
        sharks/HepPer/MSMC/Output_Multihet_Bootstrapped/26/CM068653.1_multihet.txt
        sharks/HepPer/MSMC/Output_Multihet_Bootstrapped/26/CM068667.1_multihet.txt
        sharks/HepPer/MSMC/Output_Multihet_Bootstrapped/26/CM068637.1_multihet.txt
        sharks/HepPer/MSMC/Output_Multihet_Bootstrapped/23/CM068666.1_multihet.txt
        sharks/HepPer/MSMC/Output_Multihet_Bootstrapped/24/CM068641.1_multihet.txt
        sharks/HepPer/MSMC/Output_Multihet_Bootstrapped/29/CM068660.1_multihet.txt
        sharks/HepPer/MSMC/Output_Multihet_Bootstrapped/13/CM068655.1_multihet.txt
        sharks/HepPer/MSMC/Output_Multihet_Bootstrapped/10/CM068671.1_multihet.txt
        sharks/HepPer/MSMC/Output_Multihet_Bootstrapped/13/CM068662.1_multihet.txt
        sharks/HepPer/MSMC/Output_Multihet_Bootstrapped/20/CM068662.1_multihet.txt
        sharks/HepPer/MSMC/Output_Multihet_Bootstrapped/12/CM068660.1_multihet.txt
        sharks/HepPer/MSMC/Output_Multihet_Bootstrapped/12/CM068648.1_multihet.txt
        sharks/HepPer/MSMC/Output_Multihet_Bootstrapped/27/CM068663.1_multihet.txt
        sharks/HepPer/MSMC/Output_Multihet_Bootstrapped/22/CM068671.1_multihet.txt
        sharks/HepPer/MSMC/Output_Multihet_Bootstrapped/29/CM068668.1_multihet.txt
        sharks/HepPer/MSMC/Output_Multihet_Bootstrapped/26/CM068660.1_multihet.txt
        sharks/HepPer/MSMC/Output_Multihet_Bootstrapped/12/CM068667.1_multihet.txt
        sharks/HepPer/MSMC/Output_Multihet_Bootstrapped/27/CM068654.1_multihet.txt
        sharks/HepPer/MSMC/Output_Multihet_Bootstrapped/12/CM068665.1_multihet.txt
        sharks/HepPer/MSMC/Output_Multihet_Bootstrapped/21/CM068675.1_multihet.txt
        sharks/HepPer/MSMC/Output_Multihet_Bootstrapped/13/CM068641.1_multihet.txt
        sharks/HepPer/MSMC/Output_Multihet_Bootstrapped/17/CM068676.1_multihet.txt
        sharks/HepPer/MSMC/Output_Multihet_Bootstrapped/13/CM068665.1_multihet.txt
        sharks/HepPer/MSMC/Output_Multihet_Bootstrapped/21/CM068682.1_multihet.txt
        sharks/HepPer/MSMC/Output_Multihet_Bootstrapped/15/CM068649.1_multihet.txt
        sharks/HepPer/MSMC/Output_Multihet_Bootstrapped/20/CM068637.1_multihet.txt
        sharks/HepPer/MSMC/Output_Multihet_Bootstrapped/14/CM068640.1_multihet.txt
        sharks/HepPer/MSMC/Output_Multihet_Bootstrapped/10/CM068660.1_multihet.txt
        sharks/HepPer/MSMC/Output_Multihet_Bootstrapped/17/CM068641.1_multihet.txt
        sharks/HepPer/MSMC/Output_Multihet_Bootstrapped/28/CM068639.1_multihet.txt
        sharks/HepPer/MSMC/Output_Multihet_Bootstrapped/20/CM068658.1_multihet.txt
        sharks/HepPer/MSMC/Output_Multihet_Bootstrapped/11/CM068658.1_multihet.txt
        sharks/HepPer/MSMC/Output_Multihet_Bootstrapped/11/CM068639.1_multihet.txt
        sharks/HepPer/MSMC/Output_Multihet_Bootstrapped/27/CM068679.1_multihet.txt
        sharks/HepPer/MSMC/Output_Multihet_Bootstrapped/14/CM068681.1_multihet.txt
        sharks/HepPer/MSMC/Output_Multihet_Bootstrapped/17/CM068643.1_multihet.txt
        sharks/HepPer/MSMC/Output_Multihet_Bootstrapped/12/CM068663.1_multihet.txt
        sharks/HepPer/MSMC/Output_Multihet_Bootstrapped/15/CM068638.1_multihet.txt
        sharks/HepPer/MSMC/Output_Multihet_Bootstrapped/20/CM068666.1_multihet.txt
        sharks/HepPer/MSMC/Output_Multihet_Bootstrapped/18/CM068642.1_multihet.txt
        sharks/HepPer/MSMC/Output_Multihet_Bootstrapped/23/CM068681.1_multihet.txt
        sharks/HepPer/MSMC/Output_Multihet_Bootstrapped/20/CM068667.1_multihet.txt
        sharks/HepPer/MSMC/Output_Multihet_Bootstrapped/20/CM068682.1_multihet.txt
        sharks/HepPer/MSMC/Output_Multihet_Bootstrapped/12/CM068669.1_multihet.txt
        sharks/HepPer/MSMC/Output_Multihet_Bootstrapped/21/CM068661.1_multihet.txt
        sharks/HepPer/MSMC/Output_Multihet_Bootstrapped/13/CM068678.1_multihet.txt
        sharks/HepPer/MSMC/Output_Multihet_Bootstrapped/18/CM068646.1_multihet.txt
        sharks/HepPer/MSMC/Output_Multihet_Bootstrapped/13/CM068646.1_multihet.txt
        sharks/HepPer/MSMC/Output_Multihet_Bootstrapped/28/CM068656.1_multihet.txt
        sharks/HepPer/MSMC/Output_Multihet_Bootstrapped/11/CM068652.1_multihet.txt
