host: login-p-3
Building DAG of jobs...
Using shell: /usr/bin/bash
Provided cores: 56
Rules claiming more threads will be scaled down.
Job stats:
job                 count
----------------  -------
FROH_PER_AUT_CHR        5
all                     1
total                   6

Select jobs to execute...
Execute 5 jobs...

[Wed Mar 26 19:05:43 2025]
localrule FROH_PER_AUT_CHR:
    input: sharks/HydCol_Test/HydCol_Test_ROH_Results.csv, sharks/HydCol_Test/Reference_HydCol_Test_Chroms_Lengths.txt, sharks/chrom_lists/GCA_035084275.1_chroms.txt, sharks/HydCol_Test/temp/20250326_CM068744.1_Var_Only.txt
    output: sharks/HydCol_Test/20250326_CM068744.1_GCA_035084275.1_FROH.txt
    jobid: 37
    reason: Missing output files: sharks/HydCol_Test/20250326_CM068744.1_GCA_035084275.1_FROH.txt
    wildcards: CLADE=sharks, SPEC_NAME=HydCol_Test, TODAY_DATE=20250326, CHR=CM068744.1, REF_NAME=GCA_035084275.1
    resources: tmpdir=/tmp


[Wed Mar 26 19:05:43 2025]
localrule FROH_PER_AUT_CHR:
    input: sharks/HydCol_Test/HydCol_Test_ROH_Results.csv, sharks/HydCol_Test/Reference_HydCol_Test_Chroms_Lengths.txt, sharks/chrom_lists/GCA_035084275.1_chroms.txt, sharks/HydCol_Test/temp/20250326_CM068745.1_Var_Only.txt
    output: sharks/HydCol_Test/20250326_CM068745.1_GCA_035084275.1_FROH.txt
    jobid: 38
    reason: Missing output files: sharks/HydCol_Test/20250326_CM068745.1_GCA_035084275.1_FROH.txt
    wildcards: CLADE=sharks, SPEC_NAME=HydCol_Test, TODAY_DATE=20250326, CHR=CM068745.1, REF_NAME=GCA_035084275.1
    resources: tmpdir=/tmp


[Wed Mar 26 19:05:43 2025]
localrule FROH_PER_AUT_CHR:
    input: sharks/HydCol_Test/HydCol_Test_ROH_Results.csv, sharks/HydCol_Test/Reference_HydCol_Test_Chroms_Lengths.txt, sharks/chrom_lists/GCA_035084275.1_chroms.txt, sharks/HydCol_Test/temp/20250326_CM068743.1_Var_Only.txt
    output: sharks/HydCol_Test/20250326_CM068743.1_GCA_035084275.1_FROH.txt
    jobid: 36
    reason: Missing output files: sharks/HydCol_Test/20250326_CM068743.1_GCA_035084275.1_FROH.txt
    wildcards: CLADE=sharks, SPEC_NAME=HydCol_Test, TODAY_DATE=20250326, CHR=CM068743.1, REF_NAME=GCA_035084275.1
    resources: tmpdir=/tmp


[Wed Mar 26 19:05:43 2025]
localrule FROH_PER_AUT_CHR:
    input: sharks/HydCol_Test/HydCol_Test_ROH_Results.csv, sharks/HydCol_Test/Reference_HydCol_Test_Chroms_Lengths.txt, sharks/chrom_lists/GCA_035084275.1_chroms.txt, sharks/HydCol_Test/temp/20250326_CM068746.1_Var_Only.txt
    output: sharks/HydCol_Test/20250326_CM068746.1_GCA_035084275.1_FROH.txt
    jobid: 39
    reason: Missing output files: sharks/HydCol_Test/20250326_CM068746.1_GCA_035084275.1_FROH.txt
    wildcards: CLADE=sharks, SPEC_NAME=HydCol_Test, TODAY_DATE=20250326, CHR=CM068746.1, REF_NAME=GCA_035084275.1
    resources: tmpdir=/tmp


[Wed Mar 26 19:05:43 2025]
localrule FROH_PER_AUT_CHR:
    input: sharks/HydCol_Test/HydCol_Test_ROH_Results.csv, sharks/HydCol_Test/Reference_HydCol_Test_Chroms_Lengths.txt, sharks/chrom_lists/GCA_035084275.1_chroms.txt, sharks/HydCol_Test/temp/20250326_CM068742.1_Var_Only.txt
    output: sharks/HydCol_Test/20250326_CM068742.1_GCA_035084275.1_FROH.txt
    jobid: 35
    reason: Missing output files: sharks/HydCol_Test/20250326_CM068742.1_GCA_035084275.1_FROH.txt
    wildcards: CLADE=sharks, SPEC_NAME=HydCol_Test, TODAY_DATE=20250326, CHR=CM068742.1, REF_NAME=GCA_035084275.1
    resources: tmpdir=/tmp

[Wed Mar 26 19:05:44 2025]
Finished job 37.
1 of 6 steps (17%) done
[Wed Mar 26 19:05:44 2025]
Finished job 35.
2 of 6 steps (33%) done
[Wed Mar 26 19:05:44 2025]
Finished job 38.
3 of 6 steps (50%) done
[Wed Mar 26 19:05:44 2025]
Finished job 39.
4 of 6 steps (67%) done
[Wed Mar 26 19:05:44 2025]
Finished job 36.
5 of 6 steps (83%) done
Select jobs to execute...
Execute 1 jobs...

[Wed Mar 26 19:05:44 2025]
localrule all:
    input: sharks/HydCol_Test/HydCol_Test_FASTGA.paf, sharks/HydCol_Test/20250326_CM068742.1_filtered.paf, sharks/HydCol_Test/20250326_CM068743.1_filtered.paf, sharks/HydCol_Test/20250326_CM068744.1_filtered.paf, sharks/HydCol_Test/20250326_CM068745.1_filtered.paf, sharks/HydCol_Test/20250326_CM068746.1_filtered.paf, sharks/HydCol_Test/temp/20250326_CM068742.1_Aln_Only.txt, sharks/HydCol_Test/temp/20250326_CM068743.1_Aln_Only.txt, sharks/HydCol_Test/temp/20250326_CM068744.1_Aln_Only.txt, sharks/HydCol_Test/temp/20250326_CM068745.1_Aln_Only.txt, sharks/HydCol_Test/temp/20250326_CM068746.1_Aln_Only.txt, sharks/HydCol_Test/temp/20250326_CM068742.1_Var_Only.txt, sharks/HydCol_Test/temp/20250326_CM068743.1_Var_Only.txt, sharks/HydCol_Test/temp/20250326_CM068744.1_Var_Only.txt, sharks/HydCol_Test/temp/20250326_CM068745.1_Var_Only.txt, sharks/HydCol_Test/temp/20250326_CM068746.1_Var_Only.txt, sharks/HydCol_Test/20250326_CM068742.1_ROH_Results.txt, sharks/HydCol_Test/20250326_CM068743.1_ROH_Results.txt, sharks/HydCol_Test/20250326_CM068744.1_ROH_Results.txt, sharks/HydCol_Test/20250326_CM068745.1_ROH_Results.txt, sharks/HydCol_Test/20250326_CM068746.1_ROH_Results.txt, sharks/HydCol_Test/HydCol_Test_ROH_Results.csv, sharks/HydCol_Test/20250326_HydCol_Test_ROH_Map.pdf, sharks/HydCol_Test/20250326_CM068742.1_GCA_035084275.1_FROH.txt, sharks/HydCol_Test/20250326_CM068743.1_GCA_035084275.1_FROH.txt, sharks/HydCol_Test/20250326_CM068744.1_GCA_035084275.1_FROH.txt, sharks/HydCol_Test/20250326_CM068745.1_GCA_035084275.1_FROH.txt, sharks/HydCol_Test/20250326_CM068746.1_GCA_035084275.1_FROH.txt
    jobid: 0
    reason: Input files updated by another job: sharks/HydCol_Test/20250326_CM068745.1_GCA_035084275.1_FROH.txt, sharks/HydCol_Test/20250326_CM068744.1_GCA_035084275.1_FROH.txt, sharks/HydCol_Test/20250326_CM068742.1_GCA_035084275.1_FROH.txt, sharks/HydCol_Test/20250326_CM068746.1_GCA_035084275.1_FROH.txt, sharks/HydCol_Test/20250326_CM068743.1_GCA_035084275.1_FROH.txt
    resources: tmpdir=/tmp

[Wed Mar 26 19:05:44 2025]
Finished job 0.
6 of 6 steps (100%) done
Complete log: .snakemake/log/2025-03-26T190543.319053.snakemake.log
