host: login-q-1
Building DAG of jobs...
IncompleteFilesException:
The files below seem to be incomplete. If you are sure that certain files are not incomplete, mark them as complete with

    snakemake --cleanup-metadata <filenames>

To re-generate the files rerun your command with the --rerun-incomplete flag.
Incomplete files:
sharks/HemOce/NC_083401.1.recode.vcf.gz
sharks/HemOce/NC_083407.1.recode.vcf.gz
sharks/HemOce/NC_083419.1.recode.vcf.gz
sharks/HemOce/NC_083420.1.recode.vcf.gz
sharks/HemOce/NC_083421.1.recode.vcf.gz
sharks/HemOce/NC_083422.1.recode.vcf.gz
sharks/HemOce/NC_083426.1.recode.vcf.gz
sharks/HemOce/NC_083427.1.recode.vcf.gz
sharks/HemOce/NC_083428.1.recode.vcf.gz
sharks/HemOce/NC_083435.1.recode.vcf.gz
sharks/HemOce/NC_083448.1.recode.vcf.gz
sharks/HemOce/NC_083449.1.recode.vcf.gz
sharks/HemOce/NC_083450.1.recode.vcf.gz
sharks/HemOce/NC_083451.1.recode.vcf.gz
