host: login-q-4
Building DAG of jobs...
Using shell: /usr/bin/bash
Provided cores: 76
Rules claiming more threads will be scaled down.
Job stats:
job            count
-----------  -------
PAF_DOTPLOT        1
Plot_ROH           1
all                1
total              3

Select jobs to execute...
Execute 2 jobs...

[Mon Mar 31 09:44:21 2025]
localrule PAF_DOTPLOT:
    input: sharks/chrom_lists/GCA_035084275.1_chroms.txt, sharks/HydCol_Test/HydCol_Test_FASTGA.paf
    output: sharks/HydCol_Test/dotplots/20250326_HydCol_Test_DotPlot.pdf
    jobid: 57
    reason: Missing output files: sharks/HydCol_Test/dotplots/20250326_HydCol_Test_DotPlot.pdf
    wildcards: CLADE=sharks, SPEC_NAME=HydCol_Test, TODAY_DATE=20250326
    resources: tmpdir=/tmp


[Mon Mar 31 09:44:21 2025]
localrule Plot_ROH:
    input: sharks/HydCol_Test/HydCol_Test_ROH_Results.csv, sharks/HydCol_Test/Reference_HydCol_Test_Chroms_Lengths.txt
    output: sharks/HydCol_Test/20250326_HydCol_Test_ROH_Map.pdf
    jobid: 35
    reason: Missing output files: sharks/HydCol_Test/20250326_HydCol_Test_ROH_Map.pdf
    wildcards: CLADE=sharks, SPEC_NAME=HydCol_Test, TODAY_DATE=20250326
    resources: tmpdir=/tmp

[Mon Mar 31 09:44:22 2025]
Finished job 35.
1 of 3 steps (33%) done
RuleException:
CalledProcessError in file /rds/project/rds-p67MZilb2eQ/projects/VGP/heterozygosity/Snakefile, line 520:
Command 'set -euo pipefail;  
        Rscript /rds/project/rds-p67MZilb2eQ/projects/VGP/heterozygosity/20250212_pafr_dotplot.R sharks HydCol_Test 20250326 sharks/HydCol_Test/dotplots sharks/chrom_lists/GCA_035084275.1_chroms.txt sharks/HydCol_Test/HydCol_Test_FASTGA.paf' returned non-zero exit status 1.
[Mon Mar 31 09:46:05 2025]
Error in rule PAF_DOTPLOT:
    jobid: 57
    input: sharks/chrom_lists/GCA_035084275.1_chroms.txt, sharks/HydCol_Test/HydCol_Test_FASTGA.paf
    output: sharks/HydCol_Test/dotplots/20250326_HydCol_Test_DotPlot.pdf
    shell:
        
        Rscript /rds/project/rds-p67MZilb2eQ/projects/VGP/heterozygosity/20250212_pafr_dotplot.R sharks HydCol_Test 20250326 sharks/HydCol_Test/dotplots sharks/chrom_lists/GCA_035084275.1_chroms.txt sharks/HydCol_Test/HydCol_Test_FASTGA.paf
        
        (one of the commands exited with non-zero exit code; note that snakemake uses bash strict mode!)

Shutting down, this might take some time.
Exiting because a job execution failed. Look above for error message
Complete log: .snakemake/log/2025-03-31T094421.012818.snakemake.log
WorkflowError:
At least one job did not complete successfully.
