host: login-p-3
Building DAG of jobs...
SLURM run ID: 18c3d044-e731-49f7-b1a9-8087521fa314
Using shell: /usr/bin/bash
Provided remote nodes: 10
Job stats:
job         count
--------  -------
ROH_CALC       51
all             1
total          52

Select jobs to execute...
Execute 10 jobs...

[Fri Apr 25 10:02:46 2025]
rule ROH_CALC:
    input: sharks/HetFra/temp/20250411_CM070967.1_Aln_Only.txt, sharks/HetFra/temp/20250411_CM070967.1_Var_Only.txt, sharks/HetFra/Reference_HetFra_Chroms_Lengths.txt
    output: sharks/HetFra/20250411_CM070967.1_ROH_Results.txt
    jobid: 121
    reason: Missing output files: sharks/HetFra/20250411_CM070967.1_ROH_Results.txt
    wildcards: CLADE=sharks, SPEC_NAME=HetFra, TODAY_DATE=20250411, CHR=CM070967.1
    resources: mem_mb=100000, mem_mib=95368, disk_mb=1000, disk_mib=954, tmpdir=<TBD>, slurm_account=DURBIN-SL2-CPU, slurm_partition=cclake, runtime=120

Job 121 has been submitted with SLURM jobid 8735699 (log: /rds/project/rds-p67MZilb2eQ/projects/VGP/heterozygosity/.snakemake/slurm_logs/rule_ROH_CALC/sharks_HetFra_20250411_CM070967.1/8735699.log).

[Fri Apr 25 10:02:48 2025]
rule ROH_CALC:
    input: sharks/HetFra/temp/20250411_CM070976.1_Aln_Only.txt, sharks/HetFra/temp/20250411_CM070976.1_Var_Only.txt, sharks/HetFra/Reference_HetFra_Chroms_Lengths.txt
    output: sharks/HetFra/20250411_CM070976.1_ROH_Results.txt
    jobid: 130
    reason: Missing output files: sharks/HetFra/20250411_CM070976.1_ROH_Results.txt
    wildcards: CLADE=sharks, SPEC_NAME=HetFra, TODAY_DATE=20250411, CHR=CM070976.1
    resources: mem_mb=100000, mem_mib=95368, disk_mb=1000, disk_mib=954, tmpdir=<TBD>, slurm_account=DURBIN-SL2-CPU, slurm_partition=cclake, runtime=120

Job 130 has been submitted with SLURM jobid 8735700 (log: /rds/project/rds-p67MZilb2eQ/projects/VGP/heterozygosity/.snakemake/slurm_logs/rule_ROH_CALC/sharks_HetFra_20250411_CM070976.1/8735700.log).

[Fri Apr 25 10:02:48 2025]
rule ROH_CALC:
    input: sharks/HetFra/temp/20250411_CM070993.1_Aln_Only.txt, sharks/HetFra/temp/20250411_CM070993.1_Var_Only.txt, sharks/HetFra/Reference_HetFra_Chroms_Lengths.txt
    output: sharks/HetFra/20250411_CM070993.1_ROH_Results.txt
    jobid: 147
    reason: Missing output files: sharks/HetFra/20250411_CM070993.1_ROH_Results.txt
    wildcards: CLADE=sharks, SPEC_NAME=HetFra, TODAY_DATE=20250411, CHR=CM070993.1
    resources: mem_mb=100000, mem_mib=95368, disk_mb=1000, disk_mib=954, tmpdir=<TBD>, slurm_account=DURBIN-SL2-CPU, slurm_partition=cclake, runtime=120

Job 147 has been submitted with SLURM jobid 8735701 (log: /rds/project/rds-p67MZilb2eQ/projects/VGP/heterozygosity/.snakemake/slurm_logs/rule_ROH_CALC/sharks_HetFra_20250411_CM070993.1/8735701.log).

[Fri Apr 25 10:02:48 2025]
rule ROH_CALC:
    input: sharks/HetFra/temp/20250411_CM070987.1_Aln_Only.txt, sharks/HetFra/temp/20250411_CM070987.1_Var_Only.txt, sharks/HetFra/Reference_HetFra_Chroms_Lengths.txt
    output: sharks/HetFra/20250411_CM070987.1_ROH_Results.txt
    jobid: 141
    reason: Missing output files: sharks/HetFra/20250411_CM070987.1_ROH_Results.txt
    wildcards: CLADE=sharks, SPEC_NAME=HetFra, TODAY_DATE=20250411, CHR=CM070987.1
    resources: mem_mb=100000, mem_mib=95368, disk_mb=1000, disk_mib=954, tmpdir=<TBD>, slurm_account=DURBIN-SL2-CPU, slurm_partition=cclake, runtime=120

Job 141 has been submitted with SLURM jobid 8735702 (log: /rds/project/rds-p67MZilb2eQ/projects/VGP/heterozygosity/.snakemake/slurm_logs/rule_ROH_CALC/sharks_HetFra_20250411_CM070987.1/8735702.log).

[Fri Apr 25 10:02:50 2025]
rule ROH_CALC:
    input: sharks/HetFra/temp/20250411_CM070980.1_Aln_Only.txt, sharks/HetFra/temp/20250411_CM070980.1_Var_Only.txt, sharks/HetFra/Reference_HetFra_Chroms_Lengths.txt
    output: sharks/HetFra/20250411_CM070980.1_ROH_Results.txt
    jobid: 134
    reason: Missing output files: sharks/HetFra/20250411_CM070980.1_ROH_Results.txt
    wildcards: CLADE=sharks, SPEC_NAME=HetFra, TODAY_DATE=20250411, CHR=CM070980.1
    resources: mem_mb=100000, mem_mib=95368, disk_mb=1000, disk_mib=954, tmpdir=<TBD>, slurm_account=DURBIN-SL2-CPU, slurm_partition=cclake, runtime=120

Job 134 has been submitted with SLURM jobid 8735704 (log: /rds/project/rds-p67MZilb2eQ/projects/VGP/heterozygosity/.snakemake/slurm_logs/rule_ROH_CALC/sharks_HetFra_20250411_CM070980.1/8735704.log).

[Fri Apr 25 10:02:50 2025]
rule ROH_CALC:
    input: sharks/HetFra/temp/20250411_CM070973.1_Aln_Only.txt, sharks/HetFra/temp/20250411_CM070973.1_Var_Only.txt, sharks/HetFra/Reference_HetFra_Chroms_Lengths.txt
    output: sharks/HetFra/20250411_CM070973.1_ROH_Results.txt
    jobid: 127
    reason: Missing output files: sharks/HetFra/20250411_CM070973.1_ROH_Results.txt
    wildcards: CLADE=sharks, SPEC_NAME=HetFra, TODAY_DATE=20250411, CHR=CM070973.1
    resources: mem_mb=100000, mem_mib=95368, disk_mb=1000, disk_mib=954, tmpdir=<TBD>, slurm_account=DURBIN-SL2-CPU, slurm_partition=cclake, runtime=120

Job 127 has been submitted with SLURM jobid 8735705 (log: /rds/project/rds-p67MZilb2eQ/projects/VGP/heterozygosity/.snakemake/slurm_logs/rule_ROH_CALC/sharks_HetFra_20250411_CM070973.1/8735705.log).

[Fri Apr 25 10:02:51 2025]
rule ROH_CALC:
    input: sharks/HetFra/temp/20250411_CM070966.1_Aln_Only.txt, sharks/HetFra/temp/20250411_CM070966.1_Var_Only.txt, sharks/HetFra/Reference_HetFra_Chroms_Lengths.txt
    output: sharks/HetFra/20250411_CM070966.1_ROH_Results.txt
    jobid: 120
    reason: Missing output files: sharks/HetFra/20250411_CM070966.1_ROH_Results.txt
    wildcards: CLADE=sharks, SPEC_NAME=HetFra, TODAY_DATE=20250411, CHR=CM070966.1
    resources: mem_mb=100000, mem_mib=95368, disk_mb=1000, disk_mib=954, tmpdir=<TBD>, slurm_account=DURBIN-SL2-CPU, slurm_partition=cclake, runtime=120

Job 120 has been submitted with SLURM jobid 8735706 (log: /rds/project/rds-p67MZilb2eQ/projects/VGP/heterozygosity/.snakemake/slurm_logs/rule_ROH_CALC/sharks_HetFra_20250411_CM070966.1/8735706.log).

[Fri Apr 25 10:02:53 2025]
rule ROH_CALC:
    input: sharks/HetFra/temp/20250411_CM071008.1_Aln_Only.txt, sharks/HetFra/temp/20250411_CM071008.1_Var_Only.txt, sharks/HetFra/Reference_HetFra_Chroms_Lengths.txt
    output: sharks/HetFra/20250411_CM071008.1_ROH_Results.txt
    jobid: 162
    reason: Missing output files: sharks/HetFra/20250411_CM071008.1_ROH_Results.txt
    wildcards: CLADE=sharks, SPEC_NAME=HetFra, TODAY_DATE=20250411, CHR=CM071008.1
    resources: mem_mb=100000, mem_mib=95368, disk_mb=1000, disk_mib=954, tmpdir=<TBD>, slurm_account=DURBIN-SL2-CPU, slurm_partition=cclake, runtime=120

Job 162 has been submitted with SLURM jobid 8735707 (log: /rds/project/rds-p67MZilb2eQ/projects/VGP/heterozygosity/.snakemake/slurm_logs/rule_ROH_CALC/sharks_HetFra_20250411_CM071008.1/8735707.log).

[Fri Apr 25 10:02:53 2025]
rule ROH_CALC:
    input: sharks/HetFra/temp/20250411_CM071001.1_Aln_Only.txt, sharks/HetFra/temp/20250411_CM071001.1_Var_Only.txt, sharks/HetFra/Reference_HetFra_Chroms_Lengths.txt
    output: sharks/HetFra/20250411_CM071001.1_ROH_Results.txt
    jobid: 155
    reason: Missing output files: sharks/HetFra/20250411_CM071001.1_ROH_Results.txt
    wildcards: CLADE=sharks, SPEC_NAME=HetFra, TODAY_DATE=20250411, CHR=CM071001.1
    resources: mem_mb=100000, mem_mib=95368, disk_mb=1000, disk_mib=954, tmpdir=<TBD>, slurm_account=DURBIN-SL2-CPU, slurm_partition=cclake, runtime=120

Job 155 has been submitted with SLURM jobid 8735708 (log: /rds/project/rds-p67MZilb2eQ/projects/VGP/heterozygosity/.snakemake/slurm_logs/rule_ROH_CALC/sharks_HetFra_20250411_CM071001.1/8735708.log).

[Fri Apr 25 10:02:53 2025]
rule ROH_CALC:
    input: sharks/HetFra/temp/20250411_CM070994.1_Aln_Only.txt, sharks/HetFra/temp/20250411_CM070994.1_Var_Only.txt, sharks/HetFra/Reference_HetFra_Chroms_Lengths.txt
    output: sharks/HetFra/20250411_CM070994.1_ROH_Results.txt
    jobid: 148
    reason: Missing output files: sharks/HetFra/20250411_CM070994.1_ROH_Results.txt
    wildcards: CLADE=sharks, SPEC_NAME=HetFra, TODAY_DATE=20250411, CHR=CM070994.1
    resources: mem_mb=100000, mem_mib=95368, disk_mb=1000, disk_mib=954, tmpdir=<TBD>, slurm_account=DURBIN-SL2-CPU, slurm_partition=cclake, runtime=120

Job 148 has been submitted with SLURM jobid 8735709 (log: /rds/project/rds-p67MZilb2eQ/projects/VGP/heterozygosity/.snakemake/slurm_logs/rule_ROH_CALC/sharks_HetFra_20250411_CM070994.1/8735709.log).
[Fri Apr 25 10:03:26 2025]
Finished job 162.
1 of 52 steps (2%) done
Select jobs to execute...
Execute 1 jobs...

[Fri Apr 25 10:03:26 2025]
rule ROH_CALC:
    input: sharks/HetFra/temp/20250411_CM070972.1_Aln_Only.txt, sharks/HetFra/temp/20250411_CM070972.1_Var_Only.txt, sharks/HetFra/Reference_HetFra_Chroms_Lengths.txt
    output: sharks/HetFra/20250411_CM070972.1_ROH_Results.txt
    jobid: 126
    reason: Missing output files: sharks/HetFra/20250411_CM070972.1_ROH_Results.txt
    wildcards: CLADE=sharks, SPEC_NAME=HetFra, TODAY_DATE=20250411, CHR=CM070972.1
    resources: mem_mb=100000, mem_mib=95368, disk_mb=1000, disk_mib=954, tmpdir=<TBD>, slurm_account=DURBIN-SL2-CPU, slurm_partition=cclake, runtime=120

Job 126 has been submitted with SLURM jobid 8735743 (log: /rds/project/rds-p67MZilb2eQ/projects/VGP/heterozygosity/.snakemake/slurm_logs/rule_ROH_CALC/sharks_HetFra_20250411_CM070972.1/8735743.log).
[Fri Apr 25 10:04:06 2025]
Finished job 121.
2 of 52 steps (4%) done
Select jobs to execute...
Execute 1 jobs...

[Fri Apr 25 10:04:06 2025]
rule ROH_CALC:
    input: sharks/HetFra/temp/20250411_CM070979.1_Aln_Only.txt, sharks/HetFra/temp/20250411_CM070979.1_Var_Only.txt, sharks/HetFra/Reference_HetFra_Chroms_Lengths.txt
    output: sharks/HetFra/20250411_CM070979.1_ROH_Results.txt
    jobid: 133
    reason: Missing output files: sharks/HetFra/20250411_CM070979.1_ROH_Results.txt
    wildcards: CLADE=sharks, SPEC_NAME=HetFra, TODAY_DATE=20250411, CHR=CM070979.1
    resources: mem_mb=100000, mem_mib=95368, disk_mb=1000, disk_mib=954, tmpdir=<TBD>, slurm_account=DURBIN-SL2-CPU, slurm_partition=cclake, runtime=120

Job 133 has been submitted with SLURM jobid 8735763 (log: /rds/project/rds-p67MZilb2eQ/projects/VGP/heterozygosity/.snakemake/slurm_logs/rule_ROH_CALC/sharks_HetFra_20250411_CM070979.1/8735763.log).
[Fri Apr 25 10:04:07 2025]
Finished job 130.
3 of 52 steps (6%) done
[Fri Apr 25 10:04:07 2025]
Finished job 147.
4 of 52 steps (8%) done
[Fri Apr 25 10:04:07 2025]
Finished job 141.
5 of 52 steps (10%) done
[Fri Apr 25 10:04:07 2025]
Finished job 134.
6 of 52 steps (12%) done
[Fri Apr 25 10:04:07 2025]
Finished job 127.
7 of 52 steps (13%) done
[Fri Apr 25 10:04:07 2025]
Finished job 120.
8 of 52 steps (15%) done
[Fri Apr 25 10:04:07 2025]
Finished job 155.
9 of 52 steps (17%) done
Select jobs to execute...
Execute 7 jobs...

[Fri Apr 25 10:04:07 2025]
rule ROH_CALC:
    input: sharks/HetFra/temp/20250411_CM070988.1_Aln_Only.txt, sharks/HetFra/temp/20250411_CM070988.1_Var_Only.txt, sharks/HetFra/Reference_HetFra_Chroms_Lengths.txt
    output: sharks/HetFra/20250411_CM070988.1_ROH_Results.txt
    jobid: 142
    reason: Missing output files: sharks/HetFra/20250411_CM070988.1_ROH_Results.txt
    wildcards: CLADE=sharks, SPEC_NAME=HetFra, TODAY_DATE=20250411, CHR=CM070988.1
    resources: mem_mb=100000, mem_mib=95368, disk_mb=1000, disk_mib=954, tmpdir=<TBD>, slurm_account=DURBIN-SL2-CPU, slurm_partition=cclake, runtime=120

Job 142 has been submitted with SLURM jobid 8735764 (log: /rds/project/rds-p67MZilb2eQ/projects/VGP/heterozygosity/.snakemake/slurm_logs/rule_ROH_CALC/sharks_HetFra_20250411_CM070988.1/8735764.log).

[Fri Apr 25 10:04:07 2025]
rule ROH_CALC:
    input: sharks/HetFra/temp/20250411_CM070981.1_Aln_Only.txt, sharks/HetFra/temp/20250411_CM070981.1_Var_Only.txt, sharks/HetFra/Reference_HetFra_Chroms_Lengths.txt
    output: sharks/HetFra/20250411_CM070981.1_ROH_Results.txt
    jobid: 135
    reason: Missing output files: sharks/HetFra/20250411_CM070981.1_ROH_Results.txt
    wildcards: CLADE=sharks, SPEC_NAME=HetFra, TODAY_DATE=20250411, CHR=CM070981.1
    resources: mem_mb=100000, mem_mib=95368, disk_mb=1000, disk_mib=954, tmpdir=<TBD>, slurm_account=DURBIN-SL2-CPU, slurm_partition=cclake, runtime=120

Job 135 has been submitted with SLURM jobid 8735765 (log: /rds/project/rds-p67MZilb2eQ/projects/VGP/heterozygosity/.snakemake/slurm_logs/rule_ROH_CALC/sharks_HetFra_20250411_CM070981.1/8735765.log).

[Fri Apr 25 10:04:09 2025]
rule ROH_CALC:
    input: sharks/HetFra/temp/20250411_CM070974.1_Aln_Only.txt, sharks/HetFra/temp/20250411_CM070974.1_Var_Only.txt, sharks/HetFra/Reference_HetFra_Chroms_Lengths.txt
    output: sharks/HetFra/20250411_CM070974.1_ROH_Results.txt
    jobid: 128
    reason: Missing output files: sharks/HetFra/20250411_CM070974.1_ROH_Results.txt
    wildcards: CLADE=sharks, SPEC_NAME=HetFra, TODAY_DATE=20250411, CHR=CM070974.1
    resources: mem_mb=100000, mem_mib=95368, disk_mb=1000, disk_mib=954, tmpdir=<TBD>, slurm_account=DURBIN-SL2-CPU, slurm_partition=cclake, runtime=120

Job 128 has been submitted with SLURM jobid 8735766 (log: /rds/project/rds-p67MZilb2eQ/projects/VGP/heterozygosity/.snakemake/slurm_logs/rule_ROH_CALC/sharks_HetFra_20250411_CM070974.1/8735766.log).

[Fri Apr 25 10:04:09 2025]
rule ROH_CALC:
    input: sharks/HetFra/temp/20250411_CM071007.1_Aln_Only.txt, sharks/HetFra/temp/20250411_CM071007.1_Var_Only.txt, sharks/HetFra/Reference_HetFra_Chroms_Lengths.txt
    output: sharks/HetFra/20250411_CM071007.1_ROH_Results.txt
    jobid: 161
    reason: Missing output files: sharks/HetFra/20250411_CM071007.1_ROH_Results.txt
    wildcards: CLADE=sharks, SPEC_NAME=HetFra, TODAY_DATE=20250411, CHR=CM071007.1
    resources: mem_mb=100000, mem_mib=95368, disk_mb=1000, disk_mib=954, tmpdir=<TBD>, slurm_account=DURBIN-SL2-CPU, slurm_partition=cclake, runtime=120

Job 161 has been submitted with SLURM jobid 8735767 (log: /rds/project/rds-p67MZilb2eQ/projects/VGP/heterozygosity/.snakemake/slurm_logs/rule_ROH_CALC/sharks_HetFra_20250411_CM071007.1/8735767.log).

[Fri Apr 25 10:04:10 2025]
rule ROH_CALC:
    input: sharks/HetFra/temp/20250411_CM070983.1_Aln_Only.txt, sharks/HetFra/temp/20250411_CM070983.1_Var_Only.txt, sharks/HetFra/Reference_HetFra_Chroms_Lengths.txt
    output: sharks/HetFra/20250411_CM070983.1_ROH_Results.txt
    jobid: 137
    reason: Missing output files: sharks/HetFra/20250411_CM070983.1_ROH_Results.txt
    wildcards: CLADE=sharks, SPEC_NAME=HetFra, TODAY_DATE=20250411, CHR=CM070983.1
    resources: mem_mb=100000, mem_mib=95368, disk_mb=1000, disk_mib=954, tmpdir=<TBD>, slurm_account=DURBIN-SL2-CPU, slurm_partition=cclake, runtime=120

Job 137 has been submitted with SLURM jobid 8735768 (log: /rds/project/rds-p67MZilb2eQ/projects/VGP/heterozygosity/.snakemake/slurm_logs/rule_ROH_CALC/sharks_HetFra_20250411_CM070983.1/8735768.log).

[Fri Apr 25 10:04:12 2025]
rule ROH_CALC:
    input: sharks/HetFra/temp/20250411_CM071000.1_Aln_Only.txt, sharks/HetFra/temp/20250411_CM071000.1_Var_Only.txt, sharks/HetFra/Reference_HetFra_Chroms_Lengths.txt
    output: sharks/HetFra/20250411_CM071000.1_ROH_Results.txt
    jobid: 154
    reason: Missing output files: sharks/HetFra/20250411_CM071000.1_ROH_Results.txt
    wildcards: CLADE=sharks, SPEC_NAME=HetFra, TODAY_DATE=20250411, CHR=CM071000.1
    resources: mem_mb=100000, mem_mib=95368, disk_mb=1000, disk_mib=954, tmpdir=<TBD>, slurm_account=DURBIN-SL2-CPU, slurm_partition=cclake, runtime=120

Job 154 has been submitted with SLURM jobid 8735769 (log: /rds/project/rds-p67MZilb2eQ/projects/VGP/heterozygosity/.snakemake/slurm_logs/rule_ROH_CALC/sharks_HetFra_20250411_CM071000.1/8735769.log).

[Fri Apr 25 10:04:12 2025]
rule ROH_CALC:
    input: sharks/HetFra/temp/20250411_CM070982.1_Aln_Only.txt, sharks/HetFra/temp/20250411_CM070982.1_Var_Only.txt, sharks/HetFra/Reference_HetFra_Chroms_Lengths.txt
    output: sharks/HetFra/20250411_CM070982.1_ROH_Results.txt
    jobid: 136
    reason: Missing output files: sharks/HetFra/20250411_CM070982.1_ROH_Results.txt
    wildcards: CLADE=sharks, SPEC_NAME=HetFra, TODAY_DATE=20250411, CHR=CM070982.1
    resources: mem_mb=100000, mem_mib=95368, disk_mb=1000, disk_mib=954, tmpdir=<TBD>, slurm_account=DURBIN-SL2-CPU, slurm_partition=cclake, runtime=120

Job 136 has been submitted with SLURM jobid 8735770 (log: /rds/project/rds-p67MZilb2eQ/projects/VGP/heterozygosity/.snakemake/slurm_logs/rule_ROH_CALC/sharks_HetFra_20250411_CM070982.1/8735770.log).
Select jobs to execute...
Waiting for more resources.
Waiting for more resources.
Waiting for more resources.
Waiting for more resources.
Waiting for more resources.
Waiting for more resources.
[Fri Apr 25 10:04:46 2025]
Finished job 126.
10 of 52 steps (19%) done
Execute 1 jobs...

[Fri Apr 25 10:04:46 2025]
rule ROH_CALC:
    input: sharks/HetFra/temp/20250411_CM070996.1_Aln_Only.txt, sharks/HetFra/temp/20250411_CM070996.1_Var_Only.txt, sharks/HetFra/Reference_HetFra_Chroms_Lengths.txt
    output: sharks/HetFra/20250411_CM070996.1_ROH_Results.txt
    jobid: 150
    reason: Missing output files: sharks/HetFra/20250411_CM070996.1_ROH_Results.txt
    wildcards: CLADE=sharks, SPEC_NAME=HetFra, TODAY_DATE=20250411, CHR=CM070996.1
    resources: mem_mb=100000, mem_mib=95368, disk_mb=1000, disk_mib=954, tmpdir=<TBD>, slurm_account=DURBIN-SL2-CPU, slurm_partition=cclake, runtime=120

Job 150 has been submitted with SLURM jobid 8735772 (log: /rds/project/rds-p67MZilb2eQ/projects/VGP/heterozygosity/.snakemake/slurm_logs/rule_ROH_CALC/sharks_HetFra_20250411_CM070996.1/8735772.log).
[Fri Apr 25 10:04:48 2025]
Finished job 133.
11 of 52 steps (21%) done
[Fri Apr 25 10:04:48 2025]
Finished job 142.
12 of 52 steps (23%) done
[Fri Apr 25 10:04:48 2025]
Finished job 135.
13 of 52 steps (25%) done
[Fri Apr 25 10:04:48 2025]
Finished job 128.
14 of 52 steps (27%) done
[Fri Apr 25 10:04:48 2025]
Finished job 161.
15 of 52 steps (29%) done
[Fri Apr 25 10:04:48 2025]
Finished job 137.
16 of 52 steps (31%) done
[Fri Apr 25 10:04:48 2025]
Finished job 154.
17 of 52 steps (33%) done
[Fri Apr 25 10:04:48 2025]
Finished job 136.
18 of 52 steps (35%) done
Select jobs to execute...
Execute 8 jobs...

[Fri Apr 25 10:04:48 2025]
rule ROH_CALC:
    input: sharks/HetFra/temp/20250411_CM070992.1_Aln_Only.txt, sharks/HetFra/temp/20250411_CM070992.1_Var_Only.txt, sharks/HetFra/Reference_HetFra_Chroms_Lengths.txt
    output: sharks/HetFra/20250411_CM070992.1_ROH_Results.txt
    jobid: 146
    reason: Missing output files: sharks/HetFra/20250411_CM070992.1_ROH_Results.txt
    wildcards: CLADE=sharks, SPEC_NAME=HetFra, TODAY_DATE=20250411, CHR=CM070992.1
    resources: mem_mb=100000, mem_mib=95368, disk_mb=1000, disk_mib=954, tmpdir=<TBD>, slurm_account=DURBIN-SL2-CPU, slurm_partition=cclake, runtime=120

Job 146 has been submitted with SLURM jobid 8735773 (log: /rds/project/rds-p67MZilb2eQ/projects/VGP/heterozygosity/.snakemake/slurm_logs/rule_ROH_CALC/sharks_HetFra_20250411_CM070992.1/8735773.log).

[Fri Apr 25 10:04:50 2025]
rule ROH_CALC:
    input: sharks/HetFra/temp/20250411_CM071011.1_Aln_Only.txt, sharks/HetFra/temp/20250411_CM071011.1_Var_Only.txt, sharks/HetFra/Reference_HetFra_Chroms_Lengths.txt
    output: sharks/HetFra/20250411_CM071011.1_ROH_Results.txt
    jobid: 165
    reason: Missing output files: sharks/HetFra/20250411_CM071011.1_ROH_Results.txt
    wildcards: CLADE=sharks, SPEC_NAME=HetFra, TODAY_DATE=20250411, CHR=CM071011.1
    resources: mem_mb=100000, mem_mib=95368, disk_mb=1000, disk_mib=954, tmpdir=<TBD>, slurm_account=DURBIN-SL2-CPU, slurm_partition=cclake, runtime=120

Job 165 has been submitted with SLURM jobid 8735774 (log: /rds/project/rds-p67MZilb2eQ/projects/VGP/heterozygosity/.snakemake/slurm_logs/rule_ROH_CALC/sharks_HetFra_20250411_CM071011.1/8735774.log).

[Fri Apr 25 10:04:50 2025]
rule ROH_CALC:
    input: sharks/HetFra/temp/20250411_CM071004.1_Aln_Only.txt, sharks/HetFra/temp/20250411_CM071004.1_Var_Only.txt, sharks/HetFra/Reference_HetFra_Chroms_Lengths.txt
    output: sharks/HetFra/20250411_CM071004.1_ROH_Results.txt
    jobid: 158
    reason: Missing output files: sharks/HetFra/20250411_CM071004.1_ROH_Results.txt
    wildcards: CLADE=sharks, SPEC_NAME=HetFra, TODAY_DATE=20250411, CHR=CM071004.1
    resources: mem_mb=100000, mem_mib=95368, disk_mb=1000, disk_mib=954, tmpdir=<TBD>, slurm_account=DURBIN-SL2-CPU, slurm_partition=cclake, runtime=120

Job 158 has been submitted with SLURM jobid 8735775 (log: /rds/project/rds-p67MZilb2eQ/projects/VGP/heterozygosity/.snakemake/slurm_logs/rule_ROH_CALC/sharks_HetFra_20250411_CM071004.1/8735775.log).

[Fri Apr 25 10:04:50 2025]
rule ROH_CALC:
    input: sharks/HetFra/temp/20250411_CM070997.1_Aln_Only.txt, sharks/HetFra/temp/20250411_CM070997.1_Var_Only.txt, sharks/HetFra/Reference_HetFra_Chroms_Lengths.txt
    output: sharks/HetFra/20250411_CM070997.1_ROH_Results.txt
    jobid: 151
    reason: Missing output files: sharks/HetFra/20250411_CM070997.1_ROH_Results.txt
    wildcards: CLADE=sharks, SPEC_NAME=HetFra, TODAY_DATE=20250411, CHR=CM070997.1
    resources: mem_mb=100000, mem_mib=95368, disk_mb=1000, disk_mib=954, tmpdir=<TBD>, slurm_account=DURBIN-SL2-CPU, slurm_partition=cclake, runtime=120

Job 151 has been submitted with SLURM jobid 8735776 (log: /rds/project/rds-p67MZilb2eQ/projects/VGP/heterozygosity/.snakemake/slurm_logs/rule_ROH_CALC/sharks_HetFra_20250411_CM070997.1/8735776.log).

[Fri Apr 25 10:04:53 2025]
rule ROH_CALC:
    input: sharks/HetFra/temp/20250411_CM070990.1_Aln_Only.txt, sharks/HetFra/temp/20250411_CM070990.1_Var_Only.txt, sharks/HetFra/Reference_HetFra_Chroms_Lengths.txt
    output: sharks/HetFra/20250411_CM070990.1_ROH_Results.txt
    jobid: 144
    reason: Missing output files: sharks/HetFra/20250411_CM070990.1_ROH_Results.txt
    wildcards: CLADE=sharks, SPEC_NAME=HetFra, TODAY_DATE=20250411, CHR=CM070990.1
    resources: mem_mb=100000, mem_mib=95368, disk_mb=1000, disk_mib=954, tmpdir=<TBD>, slurm_account=DURBIN-SL2-CPU, slurm_partition=cclake, runtime=120

Job 144 has been submitted with SLURM jobid 8735777 (log: /rds/project/rds-p67MZilb2eQ/projects/VGP/heterozygosity/.snakemake/slurm_logs/rule_ROH_CALC/sharks_HetFra_20250411_CM070990.1/8735777.log).

[Fri Apr 25 10:04:53 2025]
rule ROH_CALC:
    input: sharks/HetFra/temp/20250411_CM070984.1_Aln_Only.txt, sharks/HetFra/temp/20250411_CM070984.1_Var_Only.txt, sharks/HetFra/Reference_HetFra_Chroms_Lengths.txt
    output: sharks/HetFra/20250411_CM070984.1_ROH_Results.txt
    jobid: 138
    reason: Missing output files: sharks/HetFra/20250411_CM070984.1_ROH_Results.txt
    wildcards: CLADE=sharks, SPEC_NAME=HetFra, TODAY_DATE=20250411, CHR=CM070984.1
    resources: mem_mb=100000, mem_mib=95368, disk_mb=1000, disk_mib=954, tmpdir=<TBD>, slurm_account=DURBIN-SL2-CPU, slurm_partition=cclake, runtime=120

Job 138 has been submitted with SLURM jobid 8735778 (log: /rds/project/rds-p67MZilb2eQ/projects/VGP/heterozygosity/.snakemake/slurm_logs/rule_ROH_CALC/sharks_HetFra_20250411_CM070984.1/8735778.log).

[Fri Apr 25 10:04:53 2025]
rule ROH_CALC:
    input: sharks/HetFra/temp/20250411_CM070977.1_Aln_Only.txt, sharks/HetFra/temp/20250411_CM070977.1_Var_Only.txt, sharks/HetFra/Reference_HetFra_Chroms_Lengths.txt
    output: sharks/HetFra/20250411_CM070977.1_ROH_Results.txt
    jobid: 131
    reason: Missing output files: sharks/HetFra/20250411_CM070977.1_ROH_Results.txt
    wildcards: CLADE=sharks, SPEC_NAME=HetFra, TODAY_DATE=20250411, CHR=CM070977.1
    resources: mem_mb=100000, mem_mib=95368, disk_mb=1000, disk_mib=954, tmpdir=<TBD>, slurm_account=DURBIN-SL2-CPU, slurm_partition=cclake, runtime=120

Job 131 has been submitted with SLURM jobid 8735779 (log: /rds/project/rds-p67MZilb2eQ/projects/VGP/heterozygosity/.snakemake/slurm_logs/rule_ROH_CALC/sharks_HetFra_20250411_CM070977.1/8735779.log).

[Fri Apr 25 10:04:53 2025]
rule ROH_CALC:
    input: sharks/HetFra/temp/20250411_CM071010.1_Aln_Only.txt, sharks/HetFra/temp/20250411_CM071010.1_Var_Only.txt, sharks/HetFra/Reference_HetFra_Chroms_Lengths.txt
    output: sharks/HetFra/20250411_CM071010.1_ROH_Results.txt
    jobid: 164
    reason: Missing output files: sharks/HetFra/20250411_CM071010.1_ROH_Results.txt
    wildcards: CLADE=sharks, SPEC_NAME=HetFra, TODAY_DATE=20250411, CHR=CM071010.1
    resources: mem_mb=100000, mem_mib=95368, disk_mb=1000, disk_mib=954, tmpdir=<TBD>, slurm_account=DURBIN-SL2-CPU, slurm_partition=cclake, runtime=120

Job 164 has been submitted with SLURM jobid 8735780 (log: /rds/project/rds-p67MZilb2eQ/projects/VGP/heterozygosity/.snakemake/slurm_logs/rule_ROH_CALC/sharks_HetFra_20250411_CM071010.1/8735780.log).
Select jobs to execute...
Waiting for more resources.
Waiting for more resources.
Waiting for more resources.
Waiting for more resources.
Waiting for more resources.
Waiting for more resources.
Waiting for more resources.
[Fri Apr 25 10:06:17 2025]
Finished job 150.
19 of 52 steps (37%) done
Execute 1 jobs...

[Fri Apr 25 10:06:17 2025]
rule ROH_CALC:
    input: sharks/HetFra/temp/20250411_CM070989.1_Aln_Only.txt, sharks/HetFra/temp/20250411_CM070989.1_Var_Only.txt, sharks/HetFra/Reference_HetFra_Chroms_Lengths.txt
    output: sharks/HetFra/20250411_CM070989.1_ROH_Results.txt
    jobid: 143
    reason: Missing output files: sharks/HetFra/20250411_CM070989.1_ROH_Results.txt
    wildcards: CLADE=sharks, SPEC_NAME=HetFra, TODAY_DATE=20250411, CHR=CM070989.1
    resources: mem_mb=100000, mem_mib=95368, disk_mb=1000, disk_mib=954, tmpdir=<TBD>, slurm_account=DURBIN-SL2-CPU, slurm_partition=cclake, runtime=120

Job 143 has been submitted with SLURM jobid 8735842 (log: /rds/project/rds-p67MZilb2eQ/projects/VGP/heterozygosity/.snakemake/slurm_logs/rule_ROH_CALC/sharks_HetFra_20250411_CM070989.1/8735842.log).
[Fri Apr 25 10:06:17 2025]
Finished job 146.
20 of 52 steps (38%) done
[Fri Apr 25 10:06:17 2025]
Finished job 165.
21 of 52 steps (40%) done
[Fri Apr 25 10:06:17 2025]
Finished job 158.
22 of 52 steps (42%) done
[Fri Apr 25 10:06:17 2025]
Finished job 151.
23 of 52 steps (44%) done
[Fri Apr 25 10:06:17 2025]
Finished job 144.
24 of 52 steps (46%) done
[Fri Apr 25 10:06:17 2025]
Finished job 138.
25 of 52 steps (48%) done
[Fri Apr 25 10:06:17 2025]
Finished job 131.
26 of 52 steps (50%) done
[Fri Apr 25 10:06:17 2025]
Finished job 164.
27 of 52 steps (52%) done
Select jobs to execute...
Execute 8 jobs...

[Fri Apr 25 10:06:17 2025]
rule ROH_CALC:
    input: sharks/HetFra/temp/20250411_CM070963.1_Aln_Only.txt, sharks/HetFra/temp/20250411_CM070963.1_Var_Only.txt, sharks/HetFra/Reference_HetFra_Chroms_Lengths.txt
    output: sharks/HetFra/20250411_CM070963.1_ROH_Results.txt
    jobid: 117
    reason: Missing output files: sharks/HetFra/20250411_CM070963.1_ROH_Results.txt
    wildcards: CLADE=sharks, SPEC_NAME=HetFra, TODAY_DATE=20250411, CHR=CM070963.1
    resources: mem_mb=100000, mem_mib=95368, disk_mb=1000, disk_mib=954, tmpdir=<TBD>, slurm_account=DURBIN-SL2-CPU, slurm_partition=cclake, runtime=120

Job 117 has been submitted with SLURM jobid 8735847 (log: /rds/project/rds-p67MZilb2eQ/projects/VGP/heterozygosity/.snakemake/slurm_logs/rule_ROH_CALC/sharks_HetFra_20250411_CM070963.1/8735847.log).

[Fri Apr 25 10:06:17 2025]
rule ROH_CALC:
    input: sharks/HetFra/temp/20250411_CM071012.1_Aln_Only.txt, sharks/HetFra/temp/20250411_CM071012.1_Var_Only.txt, sharks/HetFra/Reference_HetFra_Chroms_Lengths.txt
    output: sharks/HetFra/20250411_CM071012.1_ROH_Results.txt
    jobid: 166
    reason: Missing output files: sharks/HetFra/20250411_CM071012.1_ROH_Results.txt
    wildcards: CLADE=sharks, SPEC_NAME=HetFra, TODAY_DATE=20250411, CHR=CM071012.1
    resources: mem_mb=100000, mem_mib=95368, disk_mb=1000, disk_mib=954, tmpdir=<TBD>, slurm_account=DURBIN-SL2-CPU, slurm_partition=cclake, runtime=120

Job 166 has been submitted with SLURM jobid 8735850 (log: /rds/project/rds-p67MZilb2eQ/projects/VGP/heterozygosity/.snakemake/slurm_logs/rule_ROH_CALC/sharks_HetFra_20250411_CM071012.1/8735850.log).

[Fri Apr 25 10:06:17 2025]
rule ROH_CALC:
    input: sharks/HetFra/temp/20250411_CM071005.1_Aln_Only.txt, sharks/HetFra/temp/20250411_CM071005.1_Var_Only.txt, sharks/HetFra/Reference_HetFra_Chroms_Lengths.txt
    output: sharks/HetFra/20250411_CM071005.1_ROH_Results.txt
    jobid: 159
    reason: Missing output files: sharks/HetFra/20250411_CM071005.1_ROH_Results.txt
    wildcards: CLADE=sharks, SPEC_NAME=HetFra, TODAY_DATE=20250411, CHR=CM071005.1
    resources: mem_mb=100000, mem_mib=95368, disk_mb=1000, disk_mib=954, tmpdir=<TBD>, slurm_account=DURBIN-SL2-CPU, slurm_partition=cclake, runtime=120

Job 159 has been submitted with SLURM jobid 8735851 (log: /rds/project/rds-p67MZilb2eQ/projects/VGP/heterozygosity/.snakemake/slurm_logs/rule_ROH_CALC/sharks_HetFra_20250411_CM071005.1/8735851.log).

[Fri Apr 25 10:06:20 2025]
rule ROH_CALC:
    input: sharks/HetFra/temp/20250411_CM070998.1_Aln_Only.txt, sharks/HetFra/temp/20250411_CM070998.1_Var_Only.txt, sharks/HetFra/Reference_HetFra_Chroms_Lengths.txt
    output: sharks/HetFra/20250411_CM070998.1_ROH_Results.txt
    jobid: 152
    reason: Missing output files: sharks/HetFra/20250411_CM070998.1_ROH_Results.txt
    wildcards: CLADE=sharks, SPEC_NAME=HetFra, TODAY_DATE=20250411, CHR=CM070998.1
    resources: mem_mb=100000, mem_mib=95368, disk_mb=1000, disk_mib=954, tmpdir=<TBD>, slurm_account=DURBIN-SL2-CPU, slurm_partition=cclake, runtime=120

Job 152 has been submitted with SLURM jobid 8735854 (log: /rds/project/rds-p67MZilb2eQ/projects/VGP/heterozygosity/.snakemake/slurm_logs/rule_ROH_CALC/sharks_HetFra_20250411_CM070998.1/8735854.log).

[Fri Apr 25 10:06:20 2025]
rule ROH_CALC:
    input: sharks/HetFra/temp/20250411_CM070991.1_Aln_Only.txt, sharks/HetFra/temp/20250411_CM070991.1_Var_Only.txt, sharks/HetFra/Reference_HetFra_Chroms_Lengths.txt
    output: sharks/HetFra/20250411_CM070991.1_ROH_Results.txt
    jobid: 145
    reason: Missing output files: sharks/HetFra/20250411_CM070991.1_ROH_Results.txt
    wildcards: CLADE=sharks, SPEC_NAME=HetFra, TODAY_DATE=20250411, CHR=CM070991.1
    resources: mem_mb=100000, mem_mib=95368, disk_mb=1000, disk_mib=954, tmpdir=<TBD>, slurm_account=DURBIN-SL2-CPU, slurm_partition=cclake, runtime=120

Job 145 has been submitted with SLURM jobid 8735856 (log: /rds/project/rds-p67MZilb2eQ/projects/VGP/heterozygosity/.snakemake/slurm_logs/rule_ROH_CALC/sharks_HetFra_20250411_CM070991.1/8735856.log).

[Fri Apr 25 10:06:22 2025]
rule ROH_CALC:
    input: sharks/HetFra/temp/20250411_CM070985.1_Aln_Only.txt, sharks/HetFra/temp/20250411_CM070985.1_Var_Only.txt, sharks/HetFra/Reference_HetFra_Chroms_Lengths.txt
    output: sharks/HetFra/20250411_CM070985.1_ROH_Results.txt
    jobid: 139
    reason: Missing output files: sharks/HetFra/20250411_CM070985.1_ROH_Results.txt
    wildcards: CLADE=sharks, SPEC_NAME=HetFra, TODAY_DATE=20250411, CHR=CM070985.1
    resources: mem_mb=100000, mem_mib=95368, disk_mb=1000, disk_mib=954, tmpdir=<TBD>, slurm_account=DURBIN-SL2-CPU, slurm_partition=cclake, runtime=120

Job 139 has been submitted with SLURM jobid 8735858 (log: /rds/project/rds-p67MZilb2eQ/projects/VGP/heterozygosity/.snakemake/slurm_logs/rule_ROH_CALC/sharks_HetFra_20250411_CM070985.1/8735858.log).

[Fri Apr 25 10:06:22 2025]
rule ROH_CALC:
    input: sharks/HetFra/temp/20250411_CM070995.1_Aln_Only.txt, sharks/HetFra/temp/20250411_CM070995.1_Var_Only.txt, sharks/HetFra/Reference_HetFra_Chroms_Lengths.txt
    output: sharks/HetFra/20250411_CM070995.1_ROH_Results.txt
    jobid: 149
    reason: Missing output files: sharks/HetFra/20250411_CM070995.1_ROH_Results.txt
    wildcards: CLADE=sharks, SPEC_NAME=HetFra, TODAY_DATE=20250411, CHR=CM070995.1
    resources: mem_mb=100000, mem_mib=95368, disk_mb=1000, disk_mib=954, tmpdir=<TBD>, slurm_account=DURBIN-SL2-CPU, slurm_partition=cclake, runtime=120

Job 149 has been submitted with SLURM jobid 8735861 (log: /rds/project/rds-p67MZilb2eQ/projects/VGP/heterozygosity/.snakemake/slurm_logs/rule_ROH_CALC/sharks_HetFra_20250411_CM070995.1/8735861.log).

[Fri Apr 25 10:06:22 2025]
rule ROH_CALC:
    input: sharks/HetFra/temp/20250411_CM070970.1_Aln_Only.txt, sharks/HetFra/temp/20250411_CM070970.1_Var_Only.txt, sharks/HetFra/Reference_HetFra_Chroms_Lengths.txt
    output: sharks/HetFra/20250411_CM070970.1_ROH_Results.txt
    jobid: 124
    reason: Missing output files: sharks/HetFra/20250411_CM070970.1_ROH_Results.txt
    wildcards: CLADE=sharks, SPEC_NAME=HetFra, TODAY_DATE=20250411, CHR=CM070970.1
    resources: mem_mb=100000, mem_mib=95368, disk_mb=1000, disk_mib=954, tmpdir=<TBD>, slurm_account=DURBIN-SL2-CPU, slurm_partition=cclake, runtime=120

Job 124 has been submitted with SLURM jobid 8735863 (log: /rds/project/rds-p67MZilb2eQ/projects/VGP/heterozygosity/.snakemake/slurm_logs/rule_ROH_CALC/sharks_HetFra_20250411_CM070970.1/8735863.log).
Select jobs to execute...
Waiting for more resources.
Waiting for more resources.
Waiting for more resources.
Waiting for more resources.
Waiting for more resources.
Waiting for more resources.
Waiting for more resources.
[Fri Apr 25 10:06:57 2025]
Finished job 143.
28 of 52 steps (54%) done
Execute 1 jobs...

[Fri Apr 25 10:06:57 2025]
rule ROH_CALC:
    input: sharks/HetFra/temp/20250411_CM070964.1_Aln_Only.txt, sharks/HetFra/temp/20250411_CM070964.1_Var_Only.txt, sharks/HetFra/Reference_HetFra_Chroms_Lengths.txt
    output: sharks/HetFra/20250411_CM070964.1_ROH_Results.txt
    jobid: 118
    reason: Missing output files: sharks/HetFra/20250411_CM070964.1_ROH_Results.txt
    wildcards: CLADE=sharks, SPEC_NAME=HetFra, TODAY_DATE=20250411, CHR=CM070964.1
    resources: mem_mb=100000, mem_mib=95368, disk_mb=1000, disk_mib=954, tmpdir=<TBD>, slurm_account=DURBIN-SL2-CPU, slurm_partition=cclake, runtime=120

Job 118 has been submitted with SLURM jobid 8735877 (log: /rds/project/rds-p67MZilb2eQ/projects/VGP/heterozygosity/.snakemake/slurm_logs/rule_ROH_CALC/sharks_HetFra_20250411_CM070964.1/8735877.log).
[Fri Apr 25 10:06:57 2025]
Finished job 117.
29 of 52 steps (56%) done
[Fri Apr 25 10:06:57 2025]
Finished job 166.
30 of 52 steps (58%) done
Select jobs to execute...
Execute 2 jobs...

[Fri Apr 25 10:06:57 2025]
rule ROH_CALC:
    input: sharks/HetFra/temp/20250411_CM071003.1_Aln_Only.txt, sharks/HetFra/temp/20250411_CM071003.1_Var_Only.txt, sharks/HetFra/Reference_HetFra_Chroms_Lengths.txt
    output: sharks/HetFra/20250411_CM071003.1_ROH_Results.txt
    jobid: 157
    reason: Missing output files: sharks/HetFra/20250411_CM071003.1_ROH_Results.txt
    wildcards: CLADE=sharks, SPEC_NAME=HetFra, TODAY_DATE=20250411, CHR=CM071003.1
    resources: mem_mb=100000, mem_mib=95368, disk_mb=1000, disk_mib=954, tmpdir=<TBD>, slurm_account=DURBIN-SL2-CPU, slurm_partition=cclake, runtime=120

Job 157 has been submitted with SLURM jobid 8735878 (log: /rds/project/rds-p67MZilb2eQ/projects/VGP/heterozygosity/.snakemake/slurm_logs/rule_ROH_CALC/sharks_HetFra_20250411_CM071003.1/8735878.log).

[Fri Apr 25 10:06:58 2025]
rule ROH_CALC:
    input: sharks/HetFra/temp/20250411_CM070999.1_Aln_Only.txt, sharks/HetFra/temp/20250411_CM070999.1_Var_Only.txt, sharks/HetFra/Reference_HetFra_Chroms_Lengths.txt
    output: sharks/HetFra/20250411_CM070999.1_ROH_Results.txt
    jobid: 153
    reason: Missing output files: sharks/HetFra/20250411_CM070999.1_ROH_Results.txt
    wildcards: CLADE=sharks, SPEC_NAME=HetFra, TODAY_DATE=20250411, CHR=CM070999.1
    resources: mem_mb=100000, mem_mib=95368, disk_mb=1000, disk_mib=954, tmpdir=<TBD>, slurm_account=DURBIN-SL2-CPU, slurm_partition=cclake, runtime=120

Job 153 has been submitted with SLURM jobid 8735879 (log: /rds/project/rds-p67MZilb2eQ/projects/VGP/heterozygosity/.snakemake/slurm_logs/rule_ROH_CALC/sharks_HetFra_20250411_CM070999.1/8735879.log).
Select jobs to execute...
Waiting for more resources.
[Fri Apr 25 10:07:37 2025]
Error in rule ROH_CALC:
    message: SLURM-job '8735709' failed, SLURM status is: 'NODE_FAIL'. For further error details see the cluster/cloud log and the log files of the involved rule(s).
    jobid: 148
    input: sharks/HetFra/temp/20250411_CM070994.1_Aln_Only.txt, sharks/HetFra/temp/20250411_CM070994.1_Var_Only.txt, sharks/HetFra/Reference_HetFra_Chroms_Lengths.txt
    output: sharks/HetFra/20250411_CM070994.1_ROH_Results.txt
    log: /rds/project/rds-p67MZilb2eQ/projects/VGP/heterozygosity/.snakemake/slurm_logs/rule_ROH_CALC/sharks_HetFra_20250411_CM070994.1/8735709.log (check log file(s) for error details)
    shell:
        
        CHROM_LENGTH="$(awk -v var='CM070994.1' '$1 == var {print $2; exit}' sharks/HetFra/Reference_HetFra_Chroms_Lengths.txt)"
        python /rds/project/rds-p67MZilb2eQ/projects/VGP/heterozygosity/20250320_ROH_Durbin_Calc_Eqns_V6.py CM070994.1 $CHROM_LENGTH 20250411 GCA_036365495.1 sharks sharks/HetFra/temp/20250411_CM070994.1_Aln_Only.txt sharks/HetFra/temp/20250411_CM070994.1_Var_Only.txt HetFra
        
        (one of the commands exited with non-zero exit code; note that snakemake uses bash strict mode!)
    external_jobid: 8735709

[Fri Apr 25 10:07:37 2025]
Finished job 159.
31 of 52 steps (60%) done
[Fri Apr 25 10:07:37 2025]
Finished job 152.
32 of 52 steps (62%) done
[Fri Apr 25 10:07:37 2025]
Finished job 145.
33 of 52 steps (63%) done
[Fri Apr 25 10:07:37 2025]
Finished job 139.
34 of 52 steps (65%) done
[Fri Apr 25 10:07:37 2025]
Finished job 149.
35 of 52 steps (67%) done
[Fri Apr 25 10:07:37 2025]
Finished job 124.
36 of 52 steps (69%) done
[Fri Apr 25 10:07:37 2025]
Finished job 157.
37 of 52 steps (71%) done
[Fri Apr 25 10:07:37 2025]
Finished job 153.
38 of 52 steps (73%) done
[Fri Apr 25 10:08:17 2025]
Finished job 118.
39 of 52 steps (75%) done
Shutting down, this might take some time.
Exiting because a job execution failed. Look above for error message
Complete log: .snakemake/log/2025-04-25T100245.913558.snakemake.log
WorkflowError:
At least one job did not complete successfully.
