host: login-p-3
Building DAG of jobs...
SLURM run ID: a838e69a-1135-4e7f-bbc6-f78064a8edd9
Using shell: /usr/bin/bash
Provided remote nodes: 10
Job stats:
job         count
--------  -------
ROH_CALC        5
all             1
total           6

Select jobs to execute...
Execute 5 jobs...

[Fri Apr 25 09:56:59 2025]
rule ROH_CALC:
    input: sharks/HetFra/temp/20250411_CM070967.1_Aln_Only.txt, sharks/HetFra/temp/20250411_CM070967.1_Var_Only.txt, sharks/HetFra/Reference_HetFra_Chroms_Lengths.txt
    output: sharks/HetFra/20250411_CM070967.1_ROH_Results.txt
    jobid: 121
    reason: Missing output files: sharks/HetFra/20250411_CM070967.1_ROH_Results.txt
    wildcards: CLADE=sharks, SPEC_NAME=HetFra, TODAY_DATE=20250411, CHR=CM070967.1
    resources: mem_mb=100000, mem_mib=95368, disk_mb=1000, disk_mib=954, tmpdir=<TBD>, slurm_account=DURBIN-SL2-CPU, slurm_partition=cclake, runtime=120

Job 121 has been submitted with SLURM jobid 8735523 (log: /rds/project/rds-p67MZilb2eQ/projects/VGP/heterozygosity/.snakemake/slurm_logs/rule_ROH_CALC/sharks_HetFra_20250411_CM070967.1/8735523.log).

[Fri Apr 25 09:56:59 2025]
rule ROH_CALC:
    input: sharks/HetFra/temp/20250411_CM070976.1_Aln_Only.txt, sharks/HetFra/temp/20250411_CM070976.1_Var_Only.txt, sharks/HetFra/Reference_HetFra_Chroms_Lengths.txt
    output: sharks/HetFra/20250411_CM070976.1_ROH_Results.txt
    jobid: 130
    reason: Missing output files: sharks/HetFra/20250411_CM070976.1_ROH_Results.txt
    wildcards: CLADE=sharks, SPEC_NAME=HetFra, TODAY_DATE=20250411, CHR=CM070976.1
    resources: mem_mb=100000, mem_mib=95368, disk_mb=1000, disk_mib=954, tmpdir=<TBD>, slurm_account=DURBIN-SL2-CPU, slurm_partition=cclake, runtime=120

Job 130 has been submitted with SLURM jobid 8735524 (log: /rds/project/rds-p67MZilb2eQ/projects/VGP/heterozygosity/.snakemake/slurm_logs/rule_ROH_CALC/sharks_HetFra_20250411_CM070976.1/8735524.log).

[Fri Apr 25 09:57:00 2025]
rule ROH_CALC:
    input: sharks/HetFra/temp/20250411_CM071004.1_Aln_Only.txt, sharks/HetFra/temp/20250411_CM071004.1_Var_Only.txt, sharks/HetFra/Reference_HetFra_Chroms_Lengths.txt
    output: sharks/HetFra/20250411_CM071004.1_ROH_Results.txt
    jobid: 158
    reason: Missing output files: sharks/HetFra/20250411_CM071004.1_ROH_Results.txt
    wildcards: CLADE=sharks, SPEC_NAME=HetFra, TODAY_DATE=20250411, CHR=CM071004.1
    resources: mem_mb=100000, mem_mib=95368, disk_mb=1000, disk_mib=954, tmpdir=<TBD>, slurm_account=DURBIN-SL2-CPU, slurm_partition=cclake, runtime=120

Job 158 has been submitted with SLURM jobid 8735525 (log: /rds/project/rds-p67MZilb2eQ/projects/VGP/heterozygosity/.snakemake/slurm_logs/rule_ROH_CALC/sharks_HetFra_20250411_CM071004.1/8735525.log).

[Fri Apr 25 09:57:02 2025]
rule ROH_CALC:
    input: sharks/HetFra/temp/20250411_CM070997.1_Aln_Only.txt, sharks/HetFra/temp/20250411_CM070997.1_Var_Only.txt, sharks/HetFra/Reference_HetFra_Chroms_Lengths.txt
    output: sharks/HetFra/20250411_CM070997.1_ROH_Results.txt
    jobid: 151
    reason: Missing output files: sharks/HetFra/20250411_CM070997.1_ROH_Results.txt
    wildcards: CLADE=sharks, SPEC_NAME=HetFra, TODAY_DATE=20250411, CHR=CM070997.1
    resources: mem_mb=100000, mem_mib=95368, disk_mb=1000, disk_mib=954, tmpdir=<TBD>, slurm_account=DURBIN-SL2-CPU, slurm_partition=cclake, runtime=120

Job 151 has been submitted with SLURM jobid 8735526 (log: /rds/project/rds-p67MZilb2eQ/projects/VGP/heterozygosity/.snakemake/slurm_logs/rule_ROH_CALC/sharks_HetFra_20250411_CM070997.1/8735526.log).

[Fri Apr 25 09:57:02 2025]
rule ROH_CALC:
    input: sharks/HetFra/temp/20250411_CM070986.1_Aln_Only.txt, sharks/HetFra/temp/20250411_CM070986.1_Var_Only.txt, sharks/HetFra/Reference_HetFra_Chroms_Lengths.txt
    output: sharks/HetFra/20250411_CM070986.1_ROH_Results.txt
    jobid: 140
    reason: Missing output files: sharks/HetFra/20250411_CM070986.1_ROH_Results.txt
    wildcards: CLADE=sharks, SPEC_NAME=HetFra, TODAY_DATE=20250411, CHR=CM070986.1
    resources: mem_mb=100000, mem_mib=95368, disk_mb=1000, disk_mib=954, tmpdir=<TBD>, slurm_account=DURBIN-SL2-CPU, slurm_partition=cclake, runtime=120

Job 140 has been submitted with SLURM jobid 8735527 (log: /rds/project/rds-p67MZilb2eQ/projects/VGP/heterozygosity/.snakemake/slurm_logs/rule_ROH_CALC/sharks_HetFra_20250411_CM070986.1/8735527.log).
[Fri Apr 25 09:57:39 2025]
Finished job 130.
1 of 6 steps (17%) done
[Fri Apr 25 09:57:39 2025]
Finished job 158.
2 of 6 steps (33%) done
[Fri Apr 25 09:57:39 2025]
Finished job 151.
3 of 6 steps (50%) done
[Fri Apr 25 09:57:39 2025]
Finished job 140.
4 of 6 steps (67%) done
[Fri Apr 25 09:58:20 2025]
Finished job 121.
5 of 6 steps (83%) done
Select jobs to execute...
Execute 1 jobs...

[Fri Apr 25 09:58:20 2025]
localrule all:
    input: sharks/HetFra/HetFra_FASTGA.chain.fltr.srt.paf, sharks/HetFra/temp/HetFra_Var_Only.txt, sharks/HetFra/temp/HetFra_Aln_Only.txt, sharks/HetFra/temp/20250411_CM070962.1_Aln_Only.txt, sharks/HetFra/temp/20250411_CM070963.1_Aln_Only.txt, sharks/HetFra/temp/20250411_CM070964.1_Aln_Only.txt, sharks/HetFra/temp/20250411_CM070965.1_Aln_Only.txt, sharks/HetFra/temp/20250411_CM070966.1_Aln_Only.txt, sharks/HetFra/temp/20250411_CM070967.1_Aln_Only.txt, sharks/HetFra/temp/20250411_CM070968.1_Aln_Only.txt, sharks/HetFra/temp/20250411_CM070969.1_Aln_Only.txt, sharks/HetFra/temp/20250411_CM070970.1_Aln_Only.txt, sharks/HetFra/temp/20250411_CM070971.1_Aln_Only.txt, sharks/HetFra/temp/20250411_CM070972.1_Aln_Only.txt, sharks/HetFra/temp/20250411_CM070973.1_Aln_Only.txt, sharks/HetFra/temp/20250411_CM070974.1_Aln_Only.txt, sharks/HetFra/temp/20250411_CM070975.1_Aln_Only.txt, sharks/HetFra/temp/20250411_CM070976.1_Aln_Only.txt, sharks/HetFra/temp/20250411_CM070977.1_Aln_Only.txt, sharks/HetFra/temp/20250411_CM070978.1_Aln_Only.txt, sharks/HetFra/temp/20250411_CM070979.1_Aln_Only.txt, sharks/HetFra/temp/20250411_CM070980.1_Aln_Only.txt, sharks/HetFra/temp/20250411_CM070981.1_Aln_Only.txt, sharks/HetFra/temp/20250411_CM070982.1_Aln_Only.txt, sharks/HetFra/temp/20250411_CM070983.1_Aln_Only.txt, sharks/HetFra/temp/20250411_CM070984.1_Aln_Only.txt, sharks/HetFra/temp/20250411_CM070985.1_Aln_Only.txt, sharks/HetFra/temp/20250411_CM070986.1_Aln_Only.txt, sharks/HetFra/temp/20250411_CM070987.1_Aln_Only.txt, sharks/HetFra/temp/20250411_CM070988.1_Aln_Only.txt, sharks/HetFra/temp/20250411_CM070989.1_Aln_Only.txt, sharks/HetFra/temp/20250411_CM070990.1_Aln_Only.txt, sharks/HetFra/temp/20250411_CM070991.1_Aln_Only.txt, sharks/HetFra/temp/20250411_CM070992.1_Aln_Only.txt, sharks/HetFra/temp/20250411_CM070993.1_Aln_Only.txt, sharks/HetFra/temp/20250411_CM070994.1_Aln_Only.txt, sharks/HetFra/temp/20250411_CM070995.1_Aln_Only.txt, sharks/HetFra/temp/20250411_CM070996.1_Aln_Only.txt, sharks/HetFra/temp/20250411_CM070997.1_Aln_Only.txt, sharks/HetFra/temp/20250411_CM070998.1_Aln_Only.txt, sharks/HetFra/temp/20250411_CM070999.1_Aln_Only.txt, sharks/HetFra/temp/20250411_CM071000.1_Aln_Only.txt, sharks/HetFra/temp/20250411_CM071001.1_Aln_Only.txt, sharks/HetFra/temp/20250411_CM071002.1_Aln_Only.txt, sharks/HetFra/temp/20250411_CM071003.1_Aln_Only.txt, sharks/HetFra/temp/20250411_CM071004.1_Aln_Only.txt, sharks/HetFra/temp/20250411_CM071005.1_Aln_Only.txt, sharks/HetFra/temp/20250411_CM071006.1_Aln_Only.txt, sharks/HetFra/temp/20250411_CM071007.1_Aln_Only.txt, sharks/HetFra/temp/20250411_CM071008.1_Aln_Only.txt, sharks/HetFra/temp/20250411_CM071009.1_Aln_Only.txt, sharks/HetFra/temp/20250411_CM071010.1_Aln_Only.txt, sharks/HetFra/temp/20250411_CM071011.1_Aln_Only.txt, sharks/HetFra/temp/20250411_CM071012.1_Aln_Only.txt, sharks/HetFra/temp/20250411_CM070962.1_Var_Only.txt, sharks/HetFra/temp/20250411_CM070963.1_Var_Only.txt, sharks/HetFra/temp/20250411_CM070964.1_Var_Only.txt, sharks/HetFra/temp/20250411_CM070965.1_Var_Only.txt, sharks/HetFra/temp/20250411_CM070966.1_Var_Only.txt, sharks/HetFra/temp/20250411_CM070967.1_Var_Only.txt, sharks/HetFra/temp/20250411_CM070968.1_Var_Only.txt, sharks/HetFra/temp/20250411_CM070969.1_Var_Only.txt, sharks/HetFra/temp/20250411_CM070970.1_Var_Only.txt, sharks/HetFra/temp/20250411_CM070971.1_Var_Only.txt, sharks/HetFra/temp/20250411_CM070972.1_Var_Only.txt, sharks/HetFra/temp/20250411_CM070973.1_Var_Only.txt, sharks/HetFra/temp/20250411_CM070974.1_Var_Only.txt, sharks/HetFra/temp/20250411_CM070975.1_Var_Only.txt, sharks/HetFra/temp/20250411_CM070976.1_Var_Only.txt, sharks/HetFra/temp/20250411_CM070977.1_Var_Only.txt, sharks/HetFra/temp/20250411_CM070978.1_Var_Only.txt, sharks/HetFra/temp/20250411_CM070979.1_Var_Only.txt, sharks/HetFra/temp/20250411_CM070980.1_Var_Only.txt, sharks/HetFra/temp/20250411_CM070981.1_Var_Only.txt, sharks/HetFra/temp/20250411_CM070982.1_Var_Only.txt, sharks/HetFra/temp/20250411_CM070983.1_Var_Only.txt, sharks/HetFra/temp/20250411_CM070984.1_Var_Only.txt, sharks/HetFra/temp/20250411_CM070985.1_Var_Only.txt, sharks/HetFra/temp/20250411_CM070986.1_Var_Only.txt, sharks/HetFra/temp/20250411_CM070987.1_Var_Only.txt, sharks/HetFra/temp/20250411_CM070988.1_Var_Only.txt, sharks/HetFra/temp/20250411_CM070989.1_Var_Only.txt, sharks/HetFra/temp/20250411_CM070990.1_Var_Only.txt, sharks/HetFra/temp/20250411_CM070991.1_Var_Only.txt, sharks/HetFra/temp/20250411_CM070992.1_Var_Only.txt, sharks/HetFra/temp/20250411_CM070993.1_Var_Only.txt, sharks/HetFra/temp/20250411_CM070994.1_Var_Only.txt, sharks/HetFra/temp/20250411_CM070995.1_Var_Only.txt, sharks/HetFra/temp/20250411_CM070996.1_Var_Only.txt, sharks/HetFra/temp/20250411_CM070997.1_Var_Only.txt, sharks/HetFra/temp/20250411_CM070998.1_Var_Only.txt, sharks/HetFra/temp/20250411_CM070999.1_Var_Only.txt, sharks/HetFra/temp/20250411_CM071000.1_Var_Only.txt, sharks/HetFra/temp/20250411_CM071001.1_Var_Only.txt, sharks/HetFra/temp/20250411_CM071002.1_Var_Only.txt, sharks/HetFra/temp/20250411_CM071003.1_Var_Only.txt, sharks/HetFra/temp/20250411_CM071004.1_Var_Only.txt, sharks/HetFra/temp/20250411_CM071005.1_Var_Only.txt, sharks/HetFra/temp/20250411_CM071006.1_Var_Only.txt, sharks/HetFra/temp/20250411_CM071007.1_Var_Only.txt, sharks/HetFra/temp/20250411_CM071008.1_Var_Only.txt, sharks/HetFra/temp/20250411_CM071009.1_Var_Only.txt, sharks/HetFra/temp/20250411_CM071010.1_Var_Only.txt, sharks/HetFra/temp/20250411_CM071011.1_Var_Only.txt, sharks/HetFra/temp/20250411_CM071012.1_Var_Only.txt, sharks/HetFra/20250411_CM070962.1_ROH_Results.txt, sharks/HetFra/20250411_CM070963.1_ROH_Results.txt, sharks/HetFra/20250411_CM070964.1_ROH_Results.txt, sharks/HetFra/20250411_CM070965.1_ROH_Results.txt, sharks/HetFra/20250411_CM070966.1_ROH_Results.txt, sharks/HetFra/20250411_CM070967.1_ROH_Results.txt, sharks/HetFra/20250411_CM070968.1_ROH_Results.txt, sharks/HetFra/20250411_CM070969.1_ROH_Results.txt, sharks/HetFra/20250411_CM070970.1_ROH_Results.txt, sharks/HetFra/20250411_CM070971.1_ROH_Results.txt, sharks/HetFra/20250411_CM070972.1_ROH_Results.txt, sharks/HetFra/20250411_CM070973.1_ROH_Results.txt, sharks/HetFra/20250411_CM070974.1_ROH_Results.txt, sharks/HetFra/20250411_CM070975.1_ROH_Results.txt, sharks/HetFra/20250411_CM070976.1_ROH_Results.txt, sharks/HetFra/20250411_CM070977.1_ROH_Results.txt, sharks/HetFra/20250411_CM070978.1_ROH_Results.txt, sharks/HetFra/20250411_CM070979.1_ROH_Results.txt, sharks/HetFra/20250411_CM070980.1_ROH_Results.txt, sharks/HetFra/20250411_CM070981.1_ROH_Results.txt, sharks/HetFra/20250411_CM070982.1_ROH_Results.txt, sharks/HetFra/20250411_CM070983.1_ROH_Results.txt, sharks/HetFra/20250411_CM070984.1_ROH_Results.txt, sharks/HetFra/20250411_CM070985.1_ROH_Results.txt, sharks/HetFra/20250411_CM070986.1_ROH_Results.txt, sharks/HetFra/20250411_CM070987.1_ROH_Results.txt, sharks/HetFra/20250411_CM070988.1_ROH_Results.txt, sharks/HetFra/20250411_CM070989.1_ROH_Results.txt, sharks/HetFra/20250411_CM070990.1_ROH_Results.txt, sharks/HetFra/20250411_CM070991.1_ROH_Results.txt, sharks/HetFra/20250411_CM070992.1_ROH_Results.txt, sharks/HetFra/20250411_CM070993.1_ROH_Results.txt, sharks/HetFra/20250411_CM070994.1_ROH_Results.txt, sharks/HetFra/20250411_CM070995.1_ROH_Results.txt, sharks/HetFra/20250411_CM070996.1_ROH_Results.txt, sharks/HetFra/20250411_CM070997.1_ROH_Results.txt, sharks/HetFra/20250411_CM070998.1_ROH_Results.txt, sharks/HetFra/20250411_CM070999.1_ROH_Results.txt, sharks/HetFra/20250411_CM071000.1_ROH_Results.txt, sharks/HetFra/20250411_CM071001.1_ROH_Results.txt, sharks/HetFra/20250411_CM071002.1_ROH_Results.txt, sharks/HetFra/20250411_CM071003.1_ROH_Results.txt, sharks/HetFra/20250411_CM071004.1_ROH_Results.txt, sharks/HetFra/20250411_CM071005.1_ROH_Results.txt, sharks/HetFra/20250411_CM071006.1_ROH_Results.txt, sharks/HetFra/20250411_CM071007.1_ROH_Results.txt, sharks/HetFra/20250411_CM071008.1_ROH_Results.txt, sharks/HetFra/20250411_CM071009.1_ROH_Results.txt, sharks/HetFra/20250411_CM071010.1_ROH_Results.txt, sharks/HetFra/20250411_CM071011.1_ROH_Results.txt, sharks/HetFra/20250411_CM071012.1_ROH_Results.txt
    jobid: 0
    reason: Input files updated by another job: sharks/HetFra/20250411_CM070976.1_ROH_Results.txt, sharks/HetFra/20250411_CM070967.1_ROH_Results.txt, sharks/HetFra/20250411_CM070986.1_ROH_Results.txt, sharks/HetFra/20250411_CM070997.1_ROH_Results.txt, sharks/HetFra/20250411_CM071004.1_ROH_Results.txt
    resources: mem_mb=100000, mem_mib=95368, disk_mb=<TBD>, tmpdir=/tmp, slurm_account=DURBIN-SL2-CPU, slurm_partition=cclake, runtime=120

Waiting at most 5 seconds for missing files:
sharks/HetFra/20250411_CM070975.1_ROH_Results.txt (missing locally)
WorkflowError in rule all in file /rds/project/rds-p67MZilb2eQ/projects/VGP/heterozygosity/Snakefile, line 86:
OSError: Missing files after 5 seconds. This might be due to filesystem latency. If that is the case, consider to increase the wait time with --latency-wait:
sharks/HetFra/20250411_CM070975.1_ROH_Results.txt (missing locally, parent dir contents: 20250411_CM070986.1_ROH_Results.txt, 20250411_CM070967.1_ROH_Results.txt, 20250411_CM070968.1_ROH_Results.txt, 20250411_CM070980.1_ROH_Results.txt, 20250411_CM071012.1_ROH_Results.txt, HetFra_ALN.chain.1aln, 20250411_CM071002.1_ROH_Results.txt, 20250411_CM070987.1_ROH_Results.txt, 20250411_CM070979.1_ROH_Results.txt, 20250411_CM071007.1_ROH_Results.txt, 20250411_CM070983.1_ROH_Results.txt, temp, 20250411_CM070966.1_ROH_Results.txt, 20250411_CM071011.1_ROH_Results.txt, 20250411_CM070994.1_ROH_Results.txt, 20250411_CM071005.1_ROH_Results.txt, 20250411_CM070976.1_ROH_Results.txt, 20250411_CM070989.1_ROH_Results.txt, Reference_HetFra_Chroms_Lengths.txt, 20250411_CM071004.1_ROH_Results.txt, 20250411_CM071010.1_ROH_Results.txt, 20250411_CM070962.1_ROH_Results.txt, 20250411_CM070993.1_ROH_Results.txt, 20250411_CM070981.1_ROH_Results.txt, 20250411_CM071003.1_ROH_Results.txt, 20250411_CM070963.1_ROH_Results.txt, 20250411_CM071000.1_ROH_Results.txt, 20250411_CM070996.1_ROH_Results.txt, 20250411_CM070973.1_ROH_Results.txt, 20250411_CM070970.1_ROH_Results.txt, 20250411_CM071006.1_ROH_Results.txt, 20250411_CM070995.1_ROH_Results.txt, HetFra_FASTGA.chain.fltr.paf, 20250411_CM070990.1_ROH_Results.txt, 20250411_CM070982.1_ROH_Results.txt, HetFra_FASTGA.chain.chr.fltr.srt.paf, 20250411_CM070978.1_ROH_Results.txt, 20250411_CM070985.1_ROH_Results.txt, 20250411_CM070974.1_ROH_Results.txt, HetFra_FASTGA.chain.paf, 20250411_CM070984.1_ROH_Results.txt, 20250411_CM070965.1_ROH_Results.txt, 20250411_CM070971.1_ROH_Results.txt, 20250411_CM070998.1_ROH_Results.txt, 20250411_CM070991.1_ROH_Results.txt, 20250411_CM070997.1_ROH_Results.txt, 20250411_CM070969.1_ROH_Results.txt, 20250411_CM070988.1_ROH_Results.txt, HetFra_ALN.1aln, 20250411_CM071008.1_ROH_Results.txt, 20250411_CM071001.1_ROH_Results.txt, HetFra_FASTGA.chain.fltr.srt.paf, 20250411_CM070964.1_ROH_Results.txt, 20250411_CM070977.1_ROH_Results.txt, 20250411_CM070992.1_ROH_Results.txt, 20250411_CM070999.1_ROH_Results.txt, 20250411_CM070972.1_ROH_Results.txt, 20250411_CM071009.1_ROH_Results.txt)
