host: login-p-1
Building DAG of jobs...
Using shell: /usr/bin/bash
Provided cores: 56
Rules claiming more threads will be scaled down.
Job stats:
job           count
----------  -------
FILTER_PAF        6
all               1
total             7

Select jobs to execute...
Execute 6 jobs...

[Wed Mar 26 13:20:47 2025]
localrule FILTER_PAF:
    input: amphibians/EleCoq_TEST/EleCoq_TEST_FASTGA.paf
    output: amphibians/EleCoq_TEST/20250325_CM069419.1_filtered.paf
    jobid: 8
    reason: Missing output files: amphibians/EleCoq_TEST/20250325_CM069419.1_filtered.paf; Code has changed since last execution
    wildcards: CLADE=amphibians, SPEC_NAME=EleCoq_TEST, TODAY_DATE=20250325, CHR=CM069419.1
    resources: tmpdir=/tmp

RuleException in rule FILTER_PAF in file /rds/project/rds-p67MZilb2eQ/projects/VGP/heterozygosity/Snakefile, line 219:
NameError: The name 'CHR' is unknown in this context. Did you mean 'wildcards.CHR'?, when formatting the following:
awk -v var='{CHR}' '{{if ($6 == var && $12 >= 60) {{print $0}}}}' {input} > {output}
