host: login-q-4
Building DAG of jobs...
SLURM run ID: 0501d77f-6136-4e56-ac42-512b0e86290e
Using shell: /usr/bin/bash
Provided remote nodes: 25
Job stats:
job                            count
---------------------------  -------
BOOTSTRAPPING_MULTIHET_FILE      960
MAIN_MULTIHETSEP                  27
all                                1
total                            988

Select jobs to execute...
Execute 25 jobs...

[Fri May 23 11:36:18 2025]
rule BOOTSTRAPPING_MULTIHET_FILE:
    input: sharks/HypSab/MSMC/Output_multihet_filtered_95/NC_082725.1_multihet.txt
    output: sharks/HypSab/MSMC/Output_Multihet_Bootstrapped/13/NC_082725.1_multihet.txt
    jobid: 902
    reason: Forced execution
    wildcards: CLADE=sharks, SPEC_NAME=HypSab, BOOT=13, CHROM=NC_082725.1
    resources: mem_mb=50000, mem_mib=47684, disk_mb=1000, disk_mib=954, tmpdir=<TBD>, slurm_account=DURBIN-SL2-CPU, slurm_partition=cclake-himem, runtime=60

Job 902 has been submitted with SLURM jobid 9802680 (log: /rds/project/rds-p67MZilb2eQ/projects/VGP/heterozygosity/.snakemake/slurm_logs/rule_BOOTSTRAPPING_MULTIHET_FILE/sharks_HypSab_13_NC_082725.1/9802680.log).

[Fri May 23 11:36:20 2025]
rule BOOTSTRAPPING_MULTIHET_FILE:
    input: sharks/HypSab/MSMC/Output_multihet_filtered_95/NC_082710.1_multihet.txt
    output: sharks/HypSab/MSMC/Output_Multihet_Bootstrapped/15/NC_082710.1_multihet.txt
    jobid: 454
    reason: Forced execution
    wildcards: CLADE=sharks, SPEC_NAME=HypSab, BOOT=15, CHROM=NC_082710.1
    resources: mem_mb=50000, mem_mib=47684, disk_mb=1000, disk_mib=954, tmpdir=<TBD>, slurm_account=DURBIN-SL2-CPU, slurm_partition=cclake-himem, runtime=60

Job 454 has been submitted with SLURM jobid 9802681 (log: /rds/project/rds-p67MZilb2eQ/projects/VGP/heterozygosity/.snakemake/slurm_logs/rule_BOOTSTRAPPING_MULTIHET_FILE/sharks_HypSab_15_NC_082710.1/9802681.log).

[Fri May 23 11:36:22 2025]
rule BOOTSTRAPPING_MULTIHET_FILE:
    input: sharks/HypSab/MSMC/Output_multihet_filtered_95/NC_082710.1_multihet.txt
    output: sharks/HypSab/MSMC/Output_Multihet_Bootstrapped/8/NC_082710.1_multihet.txt
    jobid: 447
    reason: Updated input files: sharks/HypSab/MSMC/Output_multihet_filtered_95/NC_082710.1_multihet.txt
    wildcards: CLADE=sharks, SPEC_NAME=HypSab, BOOT=8, CHROM=NC_082710.1
    resources: mem_mb=50000, mem_mib=47684, disk_mb=1000, disk_mib=954, tmpdir=<TBD>, slurm_account=DURBIN-SL2-CPU, slurm_partition=cclake-himem, runtime=60

Job 447 has been submitted with SLURM jobid 9802686 (log: /rds/project/rds-p67MZilb2eQ/projects/VGP/heterozygosity/.snakemake/slurm_logs/rule_BOOTSTRAPPING_MULTIHET_FILE/sharks_HypSab_8_NC_082710.1/9802686.log).

[Fri May 23 11:36:25 2025]
rule BOOTSTRAPPING_MULTIHET_FILE:
    input: sharks/HypSab/MSMC/Output_multihet_filtered_95/NC_082711.1_multihet.txt
    output: sharks/HypSab/MSMC/Output_Multihet_Bootstrapped/13/NC_082711.1_multihet.txt
    jobid: 482
    reason: Forced execution
    wildcards: CLADE=sharks, SPEC_NAME=HypSab, BOOT=13, CHROM=NC_082711.1
    resources: mem_mb=50000, mem_mib=47684, disk_mb=1000, disk_mib=954, tmpdir=<TBD>, slurm_account=DURBIN-SL2-CPU, slurm_partition=cclake-himem, runtime=60

Job 482 has been submitted with SLURM jobid 9802688 (log: /rds/project/rds-p67MZilb2eQ/projects/VGP/heterozygosity/.snakemake/slurm_logs/rule_BOOTSTRAPPING_MULTIHET_FILE/sharks_HypSab_13_NC_082711.1/9802688.log).

[Fri May 23 11:36:27 2025]
rule MAIN_MULTIHETSEP:
    input: sharks/HypSab/NC_082734.1.recode.vcf.gz, sharks/HypSab/MSMC/Output_Bed/NC_082734.1/NC_082734.1_95.txt, sharks/HypSab/MSMC/Output_bam_caller_BED/NC_082734.1_modified_bed.txt.gz, sharks/HypSab/MSMC/Output_indel_BED_file/NC_082734.1_indel_bed.txt
    output: sharks/HypSab/MSMC/Output_multihet_filtered_95/NC_082734.1_multihet.txt
    jobid: 315
    reason: Forced execution
    wildcards: CLADE=sharks, SPEC_NAME=HypSab, CHROM=NC_082734.1
    resources: mem_mb=50000, mem_mib=47684, disk_mb=1000, disk_mib=954, tmpdir=<TBD>, slurm_account=DURBIN-SL2-CPU, slurm_partition=cclake-himem, runtime=60

Job 315 has been submitted with SLURM jobid 9802691 (log: /rds/project/rds-p67MZilb2eQ/projects/VGP/heterozygosity/.snakemake/slurm_logs/rule_MAIN_MULTIHETSEP/sharks_HypSab_NC_082734.1/9802691.log).

[Fri May 23 11:36:27 2025]
rule BOOTSTRAPPING_MULTIHET_FILE:
    input: sharks/HypSab/MSMC/Output_multihet_filtered_95/NC_082711.1_multihet.txt
    output: sharks/HypSab/MSMC/Output_Multihet_Bootstrapped/14/NC_082711.1_multihet.txt
    jobid: 483
    reason: Forced execution
    wildcards: CLADE=sharks, SPEC_NAME=HypSab, BOOT=14, CHROM=NC_082711.1
    resources: mem_mb=50000, mem_mib=47684, disk_mb=1000, disk_mib=954, tmpdir=<TBD>, slurm_account=DURBIN-SL2-CPU, slurm_partition=cclake-himem, runtime=60

Job 483 has been submitted with SLURM jobid 9802694 (log: /rds/project/rds-p67MZilb2eQ/projects/VGP/heterozygosity/.snakemake/slurm_logs/rule_BOOTSTRAPPING_MULTIHET_FILE/sharks_HypSab_14_NC_082711.1/9802694.log).

[Fri May 23 11:36:28 2025]
rule MAIN_MULTIHETSEP:
    input: sharks/HypSab/NC_082727.1.recode.vcf.gz, sharks/HypSab/MSMC/Output_Bed/NC_082727.1/NC_082727.1_95.txt, sharks/HypSab/MSMC/Output_bam_caller_BED/NC_082727.1_modified_bed.txt.gz, sharks/HypSab/MSMC/Output_indel_BED_file/NC_082727.1_indel_bed.txt
    output: sharks/HypSab/MSMC/Output_multihet_filtered_95/NC_082727.1_multihet.txt
    jobid: 308
    reason: Forced execution
    wildcards: CLADE=sharks, SPEC_NAME=HypSab, CHROM=NC_082727.1
    resources: mem_mb=50000, mem_mib=47684, disk_mb=1000, disk_mib=954, tmpdir=<TBD>, slurm_account=DURBIN-SL2-CPU, slurm_partition=cclake-himem, runtime=60

Job 308 has been submitted with SLURM jobid 9802697 (log: /rds/project/rds-p67MZilb2eQ/projects/VGP/heterozygosity/.snakemake/slurm_logs/rule_MAIN_MULTIHETSEP/sharks_HypSab_NC_082727.1/9802697.log).

[Fri May 23 11:36:28 2025]
rule BOOTSTRAPPING_MULTIHET_FILE:
    input: sharks/HypSab/MSMC/Output_multihet_filtered_95/NC_082711.1_multihet.txt
    output: sharks/HypSab/MSMC/Output_Multihet_Bootstrapped/7/NC_082711.1_multihet.txt
    jobid: 476
    reason: Forced execution
    wildcards: CLADE=sharks, SPEC_NAME=HypSab, BOOT=7, CHROM=NC_082711.1
    resources: mem_mb=50000, mem_mib=47684, disk_mb=1000, disk_mib=954, tmpdir=<TBD>, slurm_account=DURBIN-SL2-CPU, slurm_partition=cclake-himem, runtime=60

Job 476 has been submitted with SLURM jobid 9802700 (log: /rds/project/rds-p67MZilb2eQ/projects/VGP/heterozygosity/.snakemake/slurm_logs/rule_BOOTSTRAPPING_MULTIHET_FILE/sharks_HypSab_7_NC_082711.1/9802700.log).

[Fri May 23 11:36:29 2025]
rule BOOTSTRAPPING_MULTIHET_FILE:
    input: sharks/HypSab/MSMC/Output_multihet_filtered_95/NC_082718.1_multihet.txt
    output: sharks/HypSab/MSMC/Output_Multihet_Bootstrapped/28/NC_082718.1_multihet.txt
    jobid: 707
    reason: Forced execution
    wildcards: CLADE=sharks, SPEC_NAME=HypSab, BOOT=28, CHROM=NC_082718.1
    resources: mem_mb=50000, mem_mib=47684, disk_mb=1000, disk_mib=954, tmpdir=<TBD>, slurm_account=DURBIN-SL2-CPU, slurm_partition=cclake-himem, runtime=60

Job 707 has been submitted with SLURM jobid 9802703 (log: /rds/project/rds-p67MZilb2eQ/projects/VGP/heterozygosity/.snakemake/slurm_logs/rule_BOOTSTRAPPING_MULTIHET_FILE/sharks_HypSab_28_NC_082718.1/9802703.log).

[Fri May 23 11:36:29 2025]
rule BOOTSTRAPPING_MULTIHET_FILE:
    input: sharks/HypSab/MSMC/Output_multihet_filtered_95/NC_082733.1_multihet.txt
    output: sharks/HypSab/MSMC/Output_Multihet_Bootstrapped/26/NC_082733.1_multihet.txt
    jobid: 1155
    reason: Forced execution
    wildcards: CLADE=sharks, SPEC_NAME=HypSab, BOOT=26, CHROM=NC_082733.1
    resources: mem_mb=50000, mem_mib=47684, disk_mb=1000, disk_mib=954, tmpdir=<TBD>, slurm_account=DURBIN-SL2-CPU, slurm_partition=cclake-himem, runtime=60

Job 1155 has been submitted with SLURM jobid 9802705 (log: /rds/project/rds-p67MZilb2eQ/projects/VGP/heterozygosity/.snakemake/slurm_logs/rule_BOOTSTRAPPING_MULTIHET_FILE/sharks_HypSab_26_NC_082733.1/9802705.log).

[Fri May 23 11:36:30 2025]
rule MAIN_MULTIHETSEP:
    input: sharks/HypSab/NC_082706.1.recode.vcf.gz, sharks/HypSab/MSMC/Output_Bed/NC_082706.1/NC_082706.1_95.txt, sharks/HypSab/MSMC/Output_bam_caller_BED/NC_082706.1_modified_bed.txt.gz, sharks/HypSab/MSMC/Output_indel_BED_file/NC_082706.1_indel_bed.txt
    output: sharks/HypSab/MSMC/Output_multihet_filtered_95/NC_082706.1_multihet.txt
    jobid: 287
    reason: Forced execution
    wildcards: CLADE=sharks, SPEC_NAME=HypSab, CHROM=NC_082706.1
    resources: mem_mb=50000, mem_mib=47684, disk_mb=1000, disk_mib=954, tmpdir=<TBD>, slurm_account=DURBIN-SL2-CPU, slurm_partition=cclake-himem, runtime=60

Job 287 has been submitted with SLURM jobid 9802708 (log: /rds/project/rds-p67MZilb2eQ/projects/VGP/heterozygosity/.snakemake/slurm_logs/rule_MAIN_MULTIHETSEP/sharks_HypSab_NC_082706.1/9802708.log).

[Fri May 23 11:36:30 2025]
rule BOOTSTRAPPING_MULTIHET_FILE:
    input: sharks/HypSab/MSMC/Output_multihet_filtered_95/NC_082725.1_multihet.txt
    output: sharks/HypSab/MSMC/Output_Multihet_Bootstrapped/14/NC_082725.1_multihet.txt
    jobid: 903
    reason: Forced execution
    wildcards: CLADE=sharks, SPEC_NAME=HypSab, BOOT=14, CHROM=NC_082725.1
    resources: mem_mb=50000, mem_mib=47684, disk_mb=1000, disk_mib=954, tmpdir=<TBD>, slurm_account=DURBIN-SL2-CPU, slurm_partition=cclake-himem, runtime=60

Job 903 has been submitted with SLURM jobid 9802713 (log: /rds/project/rds-p67MZilb2eQ/projects/VGP/heterozygosity/.snakemake/slurm_logs/rule_BOOTSTRAPPING_MULTIHET_FILE/sharks_HypSab_14_NC_082725.1/9802713.log).

[Fri May 23 11:36:31 2025]
rule BOOTSTRAPPING_MULTIHET_FILE:
    input: sharks/HypSab/MSMC/Output_multihet_filtered_95/NC_082710.1_multihet.txt
    output: sharks/HypSab/MSMC/Output_Multihet_Bootstrapped/16/NC_082710.1_multihet.txt
    jobid: 455
    reason: Forced execution
    wildcards: CLADE=sharks, SPEC_NAME=HypSab, BOOT=16, CHROM=NC_082710.1
    resources: mem_mb=50000, mem_mib=47684, disk_mb=1000, disk_mib=954, tmpdir=<TBD>, slurm_account=DURBIN-SL2-CPU, slurm_partition=cclake-himem, runtime=60

Job 455 has been submitted with SLURM jobid 9802716 (log: /rds/project/rds-p67MZilb2eQ/projects/VGP/heterozygosity/.snakemake/slurm_logs/rule_BOOTSTRAPPING_MULTIHET_FILE/sharks_HypSab_16_NC_082710.1/9802716.log).

[Fri May 23 11:36:31 2025]
rule BOOTSTRAPPING_MULTIHET_FILE:
    input: sharks/HypSab/MSMC/Output_multihet_filtered_95/NC_082718.1_multihet.txt
    output: sharks/HypSab/MSMC/Output_Multihet_Bootstrapped/0/NC_082718.1_multihet.txt
    jobid: 679
    reason: Forced execution
    wildcards: CLADE=sharks, SPEC_NAME=HypSab, BOOT=0, CHROM=NC_082718.1
    resources: mem_mb=50000, mem_mib=47684, disk_mb=1000, disk_mib=954, tmpdir=<TBD>, slurm_account=DURBIN-SL2-CPU, slurm_partition=cclake-himem, runtime=60

Job 679 has been submitted with SLURM jobid 9802718 (log: /rds/project/rds-p67MZilb2eQ/projects/VGP/heterozygosity/.snakemake/slurm_logs/rule_BOOTSTRAPPING_MULTIHET_FILE/sharks_HypSab_0_NC_082718.1/9802718.log).

[Fri May 23 11:36:31 2025]
rule MAIN_MULTIHETSEP:
    input: sharks/HypSab/NC_082735.1.recode.vcf.gz, sharks/HypSab/MSMC/Output_Bed/NC_082735.1/NC_082735.1_95.txt, sharks/HypSab/MSMC/Output_bam_caller_BED/NC_082735.1_modified_bed.txt.gz, sharks/HypSab/MSMC/Output_indel_BED_file/NC_082735.1_indel_bed.txt
    output: sharks/HypSab/MSMC/Output_multihet_filtered_95/NC_082735.1_multihet.txt
    jobid: 316
    reason: Forced execution
    wildcards: CLADE=sharks, SPEC_NAME=HypSab, CHROM=NC_082735.1
    resources: mem_mb=50000, mem_mib=47684, disk_mb=1000, disk_mib=954, tmpdir=<TBD>, slurm_account=DURBIN-SL2-CPU, slurm_partition=cclake-himem, runtime=60

Job 316 has been submitted with SLURM jobid 9802720 (log: /rds/project/rds-p67MZilb2eQ/projects/VGP/heterozygosity/.snakemake/slurm_logs/rule_MAIN_MULTIHETSEP/sharks_HypSab_NC_082735.1/9802720.log).

[Fri May 23 11:36:31 2025]
rule BOOTSTRAPPING_MULTIHET_FILE:
    input: sharks/HypSab/MSMC/Output_multihet_filtered_95/NC_082711.1_multihet.txt
    output: sharks/HypSab/MSMC/Output_Multihet_Bootstrapped/15/NC_082711.1_multihet.txt
    jobid: 484
    reason: Forced execution
    wildcards: CLADE=sharks, SPEC_NAME=HypSab, BOOT=15, CHROM=NC_082711.1
    resources: mem_mb=50000, mem_mib=47684, disk_mb=1000, disk_mib=954, tmpdir=<TBD>, slurm_account=DURBIN-SL2-CPU, slurm_partition=cclake-himem, runtime=60

Job 484 has been submitted with SLURM jobid 9802722 (log: /rds/project/rds-p67MZilb2eQ/projects/VGP/heterozygosity/.snakemake/slurm_logs/rule_BOOTSTRAPPING_MULTIHET_FILE/sharks_HypSab_15_NC_082711.1/9802722.log).

[Fri May 23 11:36:32 2025]
rule BOOTSTRAPPING_MULTIHET_FILE:
    input: sharks/HypSab/MSMC/Output_multihet_filtered_95/NC_082718.1_multihet.txt
    output: sharks/HypSab/MSMC/Output_Multihet_Bootstrapped/29/NC_082718.1_multihet.txt
    jobid: 708
    reason: Forced execution
    wildcards: CLADE=sharks, SPEC_NAME=HypSab, BOOT=29, CHROM=NC_082718.1
    resources: mem_mb=50000, mem_mib=47684, disk_mb=1000, disk_mib=954, tmpdir=<TBD>, slurm_account=DURBIN-SL2-CPU, slurm_partition=cclake-himem, runtime=60

Job 708 has been submitted with SLURM jobid 9802724 (log: /rds/project/rds-p67MZilb2eQ/projects/VGP/heterozygosity/.snakemake/slurm_logs/rule_BOOTSTRAPPING_MULTIHET_FILE/sharks_HypSab_29_NC_082718.1/9802724.log).

[Fri May 23 11:36:32 2025]
rule BOOTSTRAPPING_MULTIHET_FILE:
    input: sharks/HypSab/MSMC/Output_multihet_filtered_95/NC_082733.1_multihet.txt
    output: sharks/HypSab/MSMC/Output_Multihet_Bootstrapped/27/NC_082733.1_multihet.txt
    jobid: 1156
    reason: Forced execution
    wildcards: CLADE=sharks, SPEC_NAME=HypSab, BOOT=27, CHROM=NC_082733.1
    resources: mem_mb=50000, mem_mib=47684, disk_mb=1000, disk_mib=954, tmpdir=<TBD>, slurm_account=DURBIN-SL2-CPU, slurm_partition=cclake-himem, runtime=60

Job 1156 has been submitted with SLURM jobid 9802726 (log: /rds/project/rds-p67MZilb2eQ/projects/VGP/heterozygosity/.snakemake/slurm_logs/rule_BOOTSTRAPPING_MULTIHET_FILE/sharks_HypSab_27_NC_082733.1/9802726.log).

[Fri May 23 11:36:32 2025]
rule MAIN_MULTIHETSEP:
    input: sharks/HypSab/NC_082707.1.recode.vcf.gz, sharks/HypSab/MSMC/Output_Bed/NC_082707.1/NC_082707.1_95.txt, sharks/HypSab/MSMC/Output_bam_caller_BED/NC_082707.1_modified_bed.txt.gz, sharks/HypSab/MSMC/Output_indel_BED_file/NC_082707.1_indel_bed.txt
    output: sharks/HypSab/MSMC/Output_multihet_filtered_95/NC_082707.1_multihet.txt
    jobid: 288
    reason: Forced execution
    wildcards: CLADE=sharks, SPEC_NAME=HypSab, CHROM=NC_082707.1
    resources: mem_mb=50000, mem_mib=47684, disk_mb=1000, disk_mib=954, tmpdir=<TBD>, slurm_account=DURBIN-SL2-CPU, slurm_partition=cclake-himem, runtime=60

Job 288 has been submitted with SLURM jobid 9802728 (log: /rds/project/rds-p67MZilb2eQ/projects/VGP/heterozygosity/.snakemake/slurm_logs/rule_MAIN_MULTIHETSEP/sharks_HypSab_NC_082707.1/9802728.log).

[Fri May 23 11:36:32 2025]
rule BOOTSTRAPPING_MULTIHET_FILE:
    input: sharks/HypSab/MSMC/Output_multihet_filtered_95/NC_082725.1_multihet.txt
    output: sharks/HypSab/MSMC/Output_Multihet_Bootstrapped/15/NC_082725.1_multihet.txt
    jobid: 904
    reason: Forced execution
    wildcards: CLADE=sharks, SPEC_NAME=HypSab, BOOT=15, CHROM=NC_082725.1
    resources: mem_mb=50000, mem_mib=47684, disk_mb=1000, disk_mib=954, tmpdir=<TBD>, slurm_account=DURBIN-SL2-CPU, slurm_partition=cclake-himem, runtime=60

Job 904 has been submitted with SLURM jobid 9802730 (log: /rds/project/rds-p67MZilb2eQ/projects/VGP/heterozygosity/.snakemake/slurm_logs/rule_BOOTSTRAPPING_MULTIHET_FILE/sharks_HypSab_15_NC_082725.1/9802730.log).

[Fri May 23 11:36:32 2025]
rule BOOTSTRAPPING_MULTIHET_FILE:
    input: sharks/HypSab/MSMC/Output_multihet_filtered_95/NC_082710.1_multihet.txt
    output: sharks/HypSab/MSMC/Output_Multihet_Bootstrapped/17/NC_082710.1_multihet.txt
    jobid: 456
    reason: Forced execution
    wildcards: CLADE=sharks, SPEC_NAME=HypSab, BOOT=17, CHROM=NC_082710.1
    resources: mem_mb=50000, mem_mib=47684, disk_mb=1000, disk_mib=954, tmpdir=<TBD>, slurm_account=DURBIN-SL2-CPU, slurm_partition=cclake-himem, runtime=60

Job 456 has been submitted with SLURM jobid 9802732 (log: /rds/project/rds-p67MZilb2eQ/projects/VGP/heterozygosity/.snakemake/slurm_logs/rule_BOOTSTRAPPING_MULTIHET_FILE/sharks_HypSab_17_NC_082710.1/9802732.log).

[Fri May 23 11:36:33 2025]
rule BOOTSTRAPPING_MULTIHET_FILE:
    input: sharks/HypSab/MSMC/Output_multihet_filtered_95/NC_082718.1_multihet.txt
    output: sharks/HypSab/MSMC/Output_Multihet_Bootstrapped/25/NC_082718.1_multihet.txt
    jobid: 704
    reason: Updated input files: sharks/HypSab/MSMC/Output_multihet_filtered_95/NC_082718.1_multihet.txt
    wildcards: CLADE=sharks, SPEC_NAME=HypSab, BOOT=25, CHROM=NC_082718.1
    resources: mem_mb=50000, mem_mib=47684, disk_mb=1000, disk_mib=954, tmpdir=<TBD>, slurm_account=DURBIN-SL2-CPU, slurm_partition=cclake-himem, runtime=60

Job 704 has been submitted with SLURM jobid 9802734 (log: /rds/project/rds-p67MZilb2eQ/projects/VGP/heterozygosity/.snakemake/slurm_logs/rule_BOOTSTRAPPING_MULTIHET_FILE/sharks_HypSab_25_NC_082718.1/9802734.log).

[Fri May 23 11:36:33 2025]
rule BOOTSTRAPPING_MULTIHET_FILE:
    input: sharks/HypSab/MSMC/Output_multihet_filtered_95/NC_082718.1_multihet.txt
    output: sharks/HypSab/MSMC/Output_Multihet_Bootstrapped/27/NC_082718.1_multihet.txt
    jobid: 706
    reason: Updated input files: sharks/HypSab/MSMC/Output_multihet_filtered_95/NC_082718.1_multihet.txt
    wildcards: CLADE=sharks, SPEC_NAME=HypSab, BOOT=27, CHROM=NC_082718.1
    resources: mem_mb=50000, mem_mib=47684, disk_mb=1000, disk_mib=954, tmpdir=<TBD>, slurm_account=DURBIN-SL2-CPU, slurm_partition=cclake-himem, runtime=60

Job 706 has been submitted with SLURM jobid 9802735 (log: /rds/project/rds-p67MZilb2eQ/projects/VGP/heterozygosity/.snakemake/slurm_logs/rule_BOOTSTRAPPING_MULTIHET_FILE/sharks_HypSab_27_NC_082718.1/9802735.log).

[Fri May 23 11:36:33 2025]
rule BOOTSTRAPPING_MULTIHET_FILE:
    input: sharks/HypSab/MSMC/Output_multihet_filtered_95/NC_082710.1_multihet.txt
    output: sharks/HypSab/MSMC/Output_Multihet_Bootstrapped/14/NC_082710.1_multihet.txt
    jobid: 453
    reason: Updated input files: sharks/HypSab/MSMC/Output_multihet_filtered_95/NC_082710.1_multihet.txt
    wildcards: CLADE=sharks, SPEC_NAME=HypSab, BOOT=14, CHROM=NC_082710.1
    resources: mem_mb=50000, mem_mib=47684, disk_mb=1000, disk_mib=954, tmpdir=<TBD>, slurm_account=DURBIN-SL2-CPU, slurm_partition=cclake-himem, runtime=60

Job 453 has been submitted with SLURM jobid 9802736 (log: /rds/project/rds-p67MZilb2eQ/projects/VGP/heterozygosity/.snakemake/slurm_logs/rule_BOOTSTRAPPING_MULTIHET_FILE/sharks_HypSab_14_NC_082710.1/9802736.log).

[Fri May 23 11:36:33 2025]
rule BOOTSTRAPPING_MULTIHET_FILE:
    input: sharks/HypSab/MSMC/Output_multihet_filtered_95/NC_082733.1_multihet.txt
    output: sharks/HypSab/MSMC/Output_Multihet_Bootstrapped/25/NC_082733.1_multihet.txt
    jobid: 1154
    reason: Forced execution
    wildcards: CLADE=sharks, SPEC_NAME=HypSab, BOOT=25, CHROM=NC_082733.1
    resources: mem_mb=50000, mem_mib=47684, disk_mb=1000, disk_mib=954, tmpdir=<TBD>, slurm_account=DURBIN-SL2-CPU, slurm_partition=cclake-himem, runtime=60

Job 1154 has been submitted with SLURM jobid 9802737 (log: /rds/project/rds-p67MZilb2eQ/projects/VGP/heterozygosity/.snakemake/slurm_logs/rule_BOOTSTRAPPING_MULTIHET_FILE/sharks_HypSab_25_NC_082733.1/9802737.log).
