host: login-q-1
Building DAG of jobs...
IncompleteFilesException:
The files below seem to be incomplete. If you are sure that certain files are not incomplete, mark them as complete with

    snakemake --cleanup-metadata <filenames>

To re-generate the files rerun your command with the --rerun-incomplete flag.
Incomplete files:
sharks/HypSab/MSMC/Output_Multihet_Bootstrapped/0/NC_082727.1_multihet.txt
sharks/HypSab/MSMC/Output_Multihet_Bootstrapped/1/NC_082727.1_multihet.txt
sharks/HypSab/MSMC/Output_Multihet_Bootstrapped/2/NC_082736.1_multihet.txt
sharks/HypSab/MSMC/Output_Multihet_Bootstrapped/4/NC_082711.1_multihet.txt
sharks/HypSab/MSMC/Output_Multihet_Bootstrapped/5/NC_082711.1_multihet.txt
sharks/HypSab/MSMC/Output_Multihet_Bootstrapped/5/NC_082725.1_multihet.txt
sharks/HypSab/MSMC/Output_Multihet_Bootstrapped/6/NC_082710.1_multihet.txt
sharks/HypSab/MSMC/Output_Multihet_Bootstrapped/6/NC_082711.1_multihet.txt
sharks/HypSab/MSMC/Output_Multihet_Bootstrapped/7/NC_082710.1_multihet.txt
sharks/HypSab/MSMC/Output_Multihet_Bootstrapped/7/NC_082711.1_multihet.txt
sharks/HypSab/MSMC/Output_Multihet_Bootstrapped/8/NC_082710.1_multihet.txt
sharks/HypSab/MSMC/Output_Multihet_Bootstrapped/10/NC_082725.1_multihet.txt
sharks/HypSab/MSMC/Output_Multihet_Bootstrapped/10/NC_082736.1_multihet.txt
sharks/HypSab/MSMC/Output_Multihet_Bootstrapped/11/NC_082736.1_multihet.txt
sharks/HypSab/MSMC/Output_Multihet_Bootstrapped/12/NC_082735.1_multihet.txt
sharks/HypSab/MSMC/Output_Multihet_Bootstrapped/14/NC_082710.1_multihet.txt
sharks/HypSab/MSMC/Output_Multihet_Bootstrapped/14/NC_082734.1_multihet.txt
sharks/HypSab/MSMC/Output_Multihet_Bootstrapped/15/NC_082734.1_multihet.txt
sharks/HypSab/MSMC/Output_Multihet_Bootstrapped/16/NC_082733.1_multihet.txt
sharks/HypSab/MSMC/Output_Multihet_Bootstrapped/17/NC_082735.1_multihet.txt
sharks/HypSab/MSMC/Output_Multihet_Bootstrapped/18/NC_082718.1_multihet.txt
sharks/HypSab/MSMC/Output_Multihet_Bootstrapped/18/NC_082735.1_multihet.txt
sharks/HypSab/MSMC/Output_Multihet_Bootstrapped/19/NC_082718.1_multihet.txt
sharks/HypSab/MSMC/Output_Multihet_Bootstrapped/21/NC_082725.1_multihet.txt
sharks/HypSab/MSMC/Output_Multihet_Bootstrapped/22/NC_082718.1_multihet.txt
sharks/HypSab/MSMC/Output_Multihet_Bootstrapped/22/NC_082733.1_multihet.txt
sharks/HypSab/MSMC/Output_Multihet_Bootstrapped/24/NC_082710.1_multihet.txt
sharks/HypSab/MSMC/Output_Multihet_Bootstrapped/24/NC_082718.1_multihet.txt
sharks/HypSab/MSMC/Output_Multihet_Bootstrapped/25/NC_082718.1_multihet.txt
sharks/HypSab/MSMC/Output_Multihet_Bootstrapped/26/NC_082734.1_multihet.txt
sharks/HypSab/MSMC/Output_Multihet_Bootstrapped/27/NC_082718.1_multihet.txt
sharks/HypSab/MSMC/Output_Multihet_Bootstrapped/28/NC_082727.1_multihet.txt
