host: login-p-1
Building DAG of jobs...
Using shell: /usr/bin/bash
Provided cores: 56
Rules claiming more threads will be scaled down.
Job stats:
job           count
----------  -------
FILTER_PAF        6
all               1
total             7

Select jobs to execute...
Execute 6 jobs...

[Wed Mar 26 13:37:19 2025]
localrule FILTER_PAF:
    input: amphibians/EleCoq_TEST/EleCoq_TEST_FASTGA.paf
    output: amphibians/EleCoq_TEST/20250325_CM069419.1_filtered.paf
    jobid: 8
    reason: Missing output files: amphibians/EleCoq_TEST/20250325_CM069419.1_filtered.paf; Code has changed since last execution
    wildcards: CLADE=amphibians, SPEC_NAME=EleCoq_TEST, TODAY_DATE=20250325, CHR=CM069419.1
    resources: tmpdir=/tmp


[Wed Mar 26 13:37:19 2025]
localrule FILTER_PAF:
    input: amphibians/EleCoq_TEST/EleCoq_TEST_FASTGA.paf
    output: amphibians/EleCoq_TEST/20250325_CM069421.1_filtered.paf
    jobid: 10
    reason: Missing output files: amphibians/EleCoq_TEST/20250325_CM069421.1_filtered.paf; Code has changed since last execution
    wildcards: CLADE=amphibians, SPEC_NAME=EleCoq_TEST, TODAY_DATE=20250325, CHR=CM069421.1
    resources: tmpdir=/tmp


[Wed Mar 26 13:37:19 2025]
localrule FILTER_PAF:
    input: amphibians/EleCoq_TEST/EleCoq_TEST_FASTGA.paf
    output: amphibians/EleCoq_TEST/20250325_CM069422.1_filtered.paf
    jobid: 11
    reason: Missing output files: amphibians/EleCoq_TEST/20250325_CM069422.1_filtered.paf; Code has changed since last execution
    wildcards: CLADE=amphibians, SPEC_NAME=EleCoq_TEST, TODAY_DATE=20250325, CHR=CM069422.1
    resources: tmpdir=/tmp


[Wed Mar 26 13:37:19 2025]
localrule FILTER_PAF:
    input: amphibians/EleCoq_TEST/EleCoq_TEST_FASTGA.paf
    output: amphibians/EleCoq_TEST/20250325_CM069423.1_filtered.paf
    jobid: 12
    reason: Missing output files: amphibians/EleCoq_TEST/20250325_CM069423.1_filtered.paf; Code has changed since last execution
    wildcards: CLADE=amphibians, SPEC_NAME=EleCoq_TEST, TODAY_DATE=20250325, CHR=CM069423.1
    resources: tmpdir=/tmp


[Wed Mar 26 13:37:19 2025]
localrule FILTER_PAF:
    input: amphibians/EleCoq_TEST/EleCoq_TEST_FASTGA.paf
    output: amphibians/EleCoq_TEST/20250325_CM069418.1_filtered.paf
    jobid: 7
    reason: Missing output files: amphibians/EleCoq_TEST/20250325_CM069418.1_filtered.paf; Code has changed since last execution
    wildcards: CLADE=amphibians, SPEC_NAME=EleCoq_TEST, TODAY_DATE=20250325, CHR=CM069418.1
    resources: tmpdir=/tmp


[Wed Mar 26 13:37:19 2025]
localrule FILTER_PAF:
    input: amphibians/EleCoq_TEST/EleCoq_TEST_FASTGA.paf
    output: amphibians/EleCoq_TEST/20250325_CM069420.1_filtered.paf
    jobid: 9
    reason: Missing output files: amphibians/EleCoq_TEST/20250325_CM069420.1_filtered.paf; Code has changed since last execution
    wildcards: CLADE=amphibians, SPEC_NAME=EleCoq_TEST, TODAY_DATE=20250325, CHR=CM069420.1
    resources: tmpdir=/tmp

[Wed Mar 26 13:37:23 2025]
Finished job 10.
1 of 7 steps (14%) done
[Wed Mar 26 13:37:23 2025]
Finished job 9.
2 of 7 steps (29%) done
[Wed Mar 26 13:37:23 2025]
Finished job 11.
3 of 7 steps (43%) done
[Wed Mar 26 13:37:23 2025]
Finished job 7.
4 of 7 steps (57%) done
[Wed Mar 26 13:37:23 2025]
Finished job 8.
5 of 7 steps (71%) done
[Wed Mar 26 13:37:23 2025]
Finished job 12.
6 of 7 steps (86%) done
Select jobs to execute...
Execute 1 jobs...

[Wed Mar 26 13:37:23 2025]
localrule all:
    input: amphibians/EleCoq_TEST/EleCoq_TEST_FASTGA.paf, amphibians/EleCoq_TEST/20250325_CM069418.1_filtered.paf, amphibians/EleCoq_TEST/20250325_CM069419.1_filtered.paf, amphibians/EleCoq_TEST/20250325_CM069420.1_filtered.paf, amphibians/EleCoq_TEST/20250325_CM069421.1_filtered.paf, amphibians/EleCoq_TEST/20250325_CM069422.1_filtered.paf, amphibians/EleCoq_TEST/20250325_CM069423.1_filtered.paf
    jobid: 0
    reason: Input files updated by another job: amphibians/EleCoq_TEST/20250325_CM069419.1_filtered.paf, amphibians/EleCoq_TEST/20250325_CM069420.1_filtered.paf, amphibians/EleCoq_TEST/20250325_CM069418.1_filtered.paf, amphibians/EleCoq_TEST/20250325_CM069422.1_filtered.paf, amphibians/EleCoq_TEST/20250325_CM069421.1_filtered.paf, amphibians/EleCoq_TEST/20250325_CM069423.1_filtered.paf
    resources: tmpdir=/tmp

[Wed Mar 26 13:37:23 2025]
Finished job 0.
7 of 7 steps (100%) done
Complete log: .snakemake/log/2025-03-26T133719.288294.snakemake.log
