host: login-p-3
Building DAG of jobs...
SLURM run ID: ca3d1c6c-5aa7-45f9-a948-2af4b467a210
Using shell: /usr/bin/bash
Provided remote nodes: 10
Job stats:
job         count
--------  -------
ROH_CALC        3
all             1
total           4

Select jobs to execute...
Execute 3 jobs...

[Fri Apr 25 09:59:36 2025]
rule ROH_CALC:
    input: sharks/HetFra/temp/20250411_CM070975.1_Aln_Only.txt, sharks/HetFra/temp/20250411_CM070975.1_Var_Only.txt, sharks/HetFra/Reference_HetFra_Chroms_Lengths.txt
    output: sharks/HetFra/20250411_CM070975.1_ROH_Results.txt
    jobid: 129
    reason: Missing output files: sharks/HetFra/20250411_CM070975.1_ROH_Results.txt
    wildcards: CLADE=sharks, SPEC_NAME=HetFra, TODAY_DATE=20250411, CHR=CM070975.1
    resources: mem_mb=100000, mem_mib=95368, disk_mb=1000, disk_mib=954, tmpdir=<TBD>, slurm_account=DURBIN-SL2-CPU, slurm_partition=cclake, runtime=120

Job 129 has been submitted with SLURM jobid 8735553 (log: /rds/project/rds-p67MZilb2eQ/projects/VGP/heterozygosity/.snakemake/slurm_logs/rule_ROH_CALC/sharks_HetFra_20250411_CM070975.1/8735553.log).

[Fri Apr 25 09:59:36 2025]
rule ROH_CALC:
    input: sharks/HetFra/temp/20250411_CM070969.1_Aln_Only.txt, sharks/HetFra/temp/20250411_CM070969.1_Var_Only.txt, sharks/HetFra/Reference_HetFra_Chroms_Lengths.txt
    output: sharks/HetFra/20250411_CM070969.1_ROH_Results.txt
    jobid: 123
    reason: Missing output files: sharks/HetFra/20250411_CM070969.1_ROH_Results.txt
    wildcards: CLADE=sharks, SPEC_NAME=HetFra, TODAY_DATE=20250411, CHR=CM070969.1
    resources: mem_mb=100000, mem_mib=95368, disk_mb=1000, disk_mib=954, tmpdir=<TBD>, slurm_account=DURBIN-SL2-CPU, slurm_partition=cclake, runtime=120

Job 123 has been submitted with SLURM jobid 8735554 (log: /rds/project/rds-p67MZilb2eQ/projects/VGP/heterozygosity/.snakemake/slurm_logs/rule_ROH_CALC/sharks_HetFra_20250411_CM070969.1/8735554.log).

[Fri Apr 25 09:59:36 2025]
rule ROH_CALC:
    input: sharks/HetFra/temp/20250411_CM070970.1_Aln_Only.txt, sharks/HetFra/temp/20250411_CM070970.1_Var_Only.txt, sharks/HetFra/Reference_HetFra_Chroms_Lengths.txt
    output: sharks/HetFra/20250411_CM070970.1_ROH_Results.txt
    jobid: 124
    reason: Missing output files: sharks/HetFra/20250411_CM070970.1_ROH_Results.txt
    wildcards: CLADE=sharks, SPEC_NAME=HetFra, TODAY_DATE=20250411, CHR=CM070970.1
    resources: mem_mb=100000, mem_mib=95368, disk_mb=1000, disk_mib=954, tmpdir=<TBD>, slurm_account=DURBIN-SL2-CPU, slurm_partition=cclake, runtime=120

Job 124 has been submitted with SLURM jobid 8735555 (log: /rds/project/rds-p67MZilb2eQ/projects/VGP/heterozygosity/.snakemake/slurm_logs/rule_ROH_CALC/sharks_HetFra_20250411_CM070970.1/8735555.log).
[Fri Apr 25 10:00:16 2025]
Finished job 129.
1 of 4 steps (25%) done
[Fri Apr 25 10:00:16 2025]
Finished job 123.
2 of 4 steps (50%) done
[Fri Apr 25 10:00:16 2025]
Finished job 124.
3 of 4 steps (75%) done
Select jobs to execute...
Execute 1 jobs...

[Fri Apr 25 10:00:16 2025]
localrule all:
    input: sharks/HetFra/HetFra_FASTGA.chain.fltr.srt.paf, sharks/HetFra/temp/HetFra_Var_Only.txt, sharks/HetFra/temp/HetFra_Aln_Only.txt, sharks/HetFra/temp/20250411_CM070962.1_Aln_Only.txt, sharks/HetFra/temp/20250411_CM070963.1_Aln_Only.txt, sharks/HetFra/temp/20250411_CM070964.1_Aln_Only.txt, sharks/HetFra/temp/20250411_CM070965.1_Aln_Only.txt, sharks/HetFra/temp/20250411_CM070966.1_Aln_Only.txt, sharks/HetFra/temp/20250411_CM070967.1_Aln_Only.txt, sharks/HetFra/temp/20250411_CM070968.1_Aln_Only.txt, sharks/HetFra/temp/20250411_CM070969.1_Aln_Only.txt, sharks/HetFra/temp/20250411_CM070970.1_Aln_Only.txt, sharks/HetFra/temp/20250411_CM070971.1_Aln_Only.txt, sharks/HetFra/temp/20250411_CM070972.1_Aln_Only.txt, sharks/HetFra/temp/20250411_CM070973.1_Aln_Only.txt, sharks/HetFra/temp/20250411_CM070974.1_Aln_Only.txt, sharks/HetFra/temp/20250411_CM070975.1_Aln_Only.txt, sharks/HetFra/temp/20250411_CM070976.1_Aln_Only.txt, sharks/HetFra/temp/20250411_CM070977.1_Aln_Only.txt, sharks/HetFra/temp/20250411_CM070978.1_Aln_Only.txt, sharks/HetFra/temp/20250411_CM070979.1_Aln_Only.txt, sharks/HetFra/temp/20250411_CM070980.1_Aln_Only.txt, sharks/HetFra/temp/20250411_CM070981.1_Aln_Only.txt, sharks/HetFra/temp/20250411_CM070982.1_Aln_Only.txt, sharks/HetFra/temp/20250411_CM070983.1_Aln_Only.txt, sharks/HetFra/temp/20250411_CM070984.1_Aln_Only.txt, sharks/HetFra/temp/20250411_CM070985.1_Aln_Only.txt, sharks/HetFra/temp/20250411_CM070986.1_Aln_Only.txt, sharks/HetFra/temp/20250411_CM070987.1_Aln_Only.txt, sharks/HetFra/temp/20250411_CM070988.1_Aln_Only.txt, sharks/HetFra/temp/20250411_CM070989.1_Aln_Only.txt, sharks/HetFra/temp/20250411_CM070990.1_Aln_Only.txt, sharks/HetFra/temp/20250411_CM070991.1_Aln_Only.txt, sharks/HetFra/temp/20250411_CM070992.1_Aln_Only.txt, sharks/HetFra/temp/20250411_CM070993.1_Aln_Only.txt, sharks/HetFra/temp/20250411_CM070994.1_Aln_Only.txt, sharks/HetFra/temp/20250411_CM070995.1_Aln_Only.txt, sharks/HetFra/temp/20250411_CM070996.1_Aln_Only.txt, sharks/HetFra/temp/20250411_CM070997.1_Aln_Only.txt, sharks/HetFra/temp/20250411_CM070998.1_Aln_Only.txt, sharks/HetFra/temp/20250411_CM070999.1_Aln_Only.txt, sharks/HetFra/temp/20250411_CM071000.1_Aln_Only.txt, sharks/HetFra/temp/20250411_CM071001.1_Aln_Only.txt, sharks/HetFra/temp/20250411_CM071002.1_Aln_Only.txt, sharks/HetFra/temp/20250411_CM071003.1_Aln_Only.txt, sharks/HetFra/temp/20250411_CM071004.1_Aln_Only.txt, sharks/HetFra/temp/20250411_CM071005.1_Aln_Only.txt, sharks/HetFra/temp/20250411_CM071006.1_Aln_Only.txt, sharks/HetFra/temp/20250411_CM071007.1_Aln_Only.txt, sharks/HetFra/temp/20250411_CM071008.1_Aln_Only.txt, sharks/HetFra/temp/20250411_CM071009.1_Aln_Only.txt, sharks/HetFra/temp/20250411_CM071010.1_Aln_Only.txt, sharks/HetFra/temp/20250411_CM071011.1_Aln_Only.txt, sharks/HetFra/temp/20250411_CM071012.1_Aln_Only.txt, sharks/HetFra/temp/20250411_CM070962.1_Var_Only.txt, sharks/HetFra/temp/20250411_CM070963.1_Var_Only.txt, sharks/HetFra/temp/20250411_CM070964.1_Var_Only.txt, sharks/HetFra/temp/20250411_CM070965.1_Var_Only.txt, sharks/HetFra/temp/20250411_CM070966.1_Var_Only.txt, sharks/HetFra/temp/20250411_CM070967.1_Var_Only.txt, sharks/HetFra/temp/20250411_CM070968.1_Var_Only.txt, sharks/HetFra/temp/20250411_CM070969.1_Var_Only.txt, sharks/HetFra/temp/20250411_CM070970.1_Var_Only.txt, sharks/HetFra/temp/20250411_CM070971.1_Var_Only.txt, sharks/HetFra/temp/20250411_CM070972.1_Var_Only.txt, sharks/HetFra/temp/20250411_CM070973.1_Var_Only.txt, sharks/HetFra/temp/20250411_CM070974.1_Var_Only.txt, sharks/HetFra/temp/20250411_CM070975.1_Var_Only.txt, sharks/HetFra/temp/20250411_CM070976.1_Var_Only.txt, sharks/HetFra/temp/20250411_CM070977.1_Var_Only.txt, sharks/HetFra/temp/20250411_CM070978.1_Var_Only.txt, sharks/HetFra/temp/20250411_CM070979.1_Var_Only.txt, sharks/HetFra/temp/20250411_CM070980.1_Var_Only.txt, sharks/HetFra/temp/20250411_CM070981.1_Var_Only.txt, sharks/HetFra/temp/20250411_CM070982.1_Var_Only.txt, sharks/HetFra/temp/20250411_CM070983.1_Var_Only.txt, sharks/HetFra/temp/20250411_CM070984.1_Var_Only.txt, sharks/HetFra/temp/20250411_CM070985.1_Var_Only.txt, sharks/HetFra/temp/20250411_CM070986.1_Var_Only.txt, sharks/HetFra/temp/20250411_CM070987.1_Var_Only.txt, sharks/HetFra/temp/20250411_CM070988.1_Var_Only.txt, sharks/HetFra/temp/20250411_CM070989.1_Var_Only.txt, sharks/HetFra/temp/20250411_CM070990.1_Var_Only.txt, sharks/HetFra/temp/20250411_CM070991.1_Var_Only.txt, sharks/HetFra/temp/20250411_CM070992.1_Var_Only.txt, sharks/HetFra/temp/20250411_CM070993.1_Var_Only.txt, sharks/HetFra/temp/20250411_CM070994.1_Var_Only.txt, sharks/HetFra/temp/20250411_CM070995.1_Var_Only.txt, sharks/HetFra/temp/20250411_CM070996.1_Var_Only.txt, sharks/HetFra/temp/20250411_CM070997.1_Var_Only.txt, sharks/HetFra/temp/20250411_CM070998.1_Var_Only.txt, sharks/HetFra/temp/20250411_CM070999.1_Var_Only.txt, sharks/HetFra/temp/20250411_CM071000.1_Var_Only.txt, sharks/HetFra/temp/20250411_CM071001.1_Var_Only.txt, sharks/HetFra/temp/20250411_CM071002.1_Var_Only.txt, sharks/HetFra/temp/20250411_CM071003.1_Var_Only.txt, sharks/HetFra/temp/20250411_CM071004.1_Var_Only.txt, sharks/HetFra/temp/20250411_CM071005.1_Var_Only.txt, sharks/HetFra/temp/20250411_CM071006.1_Var_Only.txt, sharks/HetFra/temp/20250411_CM071007.1_Var_Only.txt, sharks/HetFra/temp/20250411_CM071008.1_Var_Only.txt, sharks/HetFra/temp/20250411_CM071009.1_Var_Only.txt, sharks/HetFra/temp/20250411_CM071010.1_Var_Only.txt, sharks/HetFra/temp/20250411_CM071011.1_Var_Only.txt, sharks/HetFra/temp/20250411_CM071012.1_Var_Only.txt, sharks/HetFra/20250411_CM070962.1_ROH_Results.txt, sharks/HetFra/20250411_CM070963.1_ROH_Results.txt, sharks/HetFra/20250411_CM070964.1_ROH_Results.txt, sharks/HetFra/20250411_CM070965.1_ROH_Results.txt, sharks/HetFra/20250411_CM070966.1_ROH_Results.txt, sharks/HetFra/20250411_CM070967.1_ROH_Results.txt, sharks/HetFra/20250411_CM070968.1_ROH_Results.txt, sharks/HetFra/20250411_CM070969.1_ROH_Results.txt, sharks/HetFra/20250411_CM070970.1_ROH_Results.txt, sharks/HetFra/20250411_CM070971.1_ROH_Results.txt, sharks/HetFra/20250411_CM070972.1_ROH_Results.txt, sharks/HetFra/20250411_CM070973.1_ROH_Results.txt, sharks/HetFra/20250411_CM070974.1_ROH_Results.txt, sharks/HetFra/20250411_CM070975.1_ROH_Results.txt, sharks/HetFra/20250411_CM070976.1_ROH_Results.txt, sharks/HetFra/20250411_CM070977.1_ROH_Results.txt, sharks/HetFra/20250411_CM070978.1_ROH_Results.txt, sharks/HetFra/20250411_CM070979.1_ROH_Results.txt, sharks/HetFra/20250411_CM070980.1_ROH_Results.txt, sharks/HetFra/20250411_CM070981.1_ROH_Results.txt, sharks/HetFra/20250411_CM070982.1_ROH_Results.txt, sharks/HetFra/20250411_CM070983.1_ROH_Results.txt, sharks/HetFra/20250411_CM070984.1_ROH_Results.txt, sharks/HetFra/20250411_CM070985.1_ROH_Results.txt, sharks/HetFra/20250411_CM070986.1_ROH_Results.txt, sharks/HetFra/20250411_CM070987.1_ROH_Results.txt, sharks/HetFra/20250411_CM070988.1_ROH_Results.txt, sharks/HetFra/20250411_CM070989.1_ROH_Results.txt, sharks/HetFra/20250411_CM070990.1_ROH_Results.txt, sharks/HetFra/20250411_CM070991.1_ROH_Results.txt, sharks/HetFra/20250411_CM070992.1_ROH_Results.txt, sharks/HetFra/20250411_CM070993.1_ROH_Results.txt, sharks/HetFra/20250411_CM070994.1_ROH_Results.txt, sharks/HetFra/20250411_CM070995.1_ROH_Results.txt, sharks/HetFra/20250411_CM070996.1_ROH_Results.txt, sharks/HetFra/20250411_CM070997.1_ROH_Results.txt, sharks/HetFra/20250411_CM070998.1_ROH_Results.txt, sharks/HetFra/20250411_CM070999.1_ROH_Results.txt, sharks/HetFra/20250411_CM071000.1_ROH_Results.txt, sharks/HetFra/20250411_CM071001.1_ROH_Results.txt, sharks/HetFra/20250411_CM071002.1_ROH_Results.txt, sharks/HetFra/20250411_CM071003.1_ROH_Results.txt, sharks/HetFra/20250411_CM071004.1_ROH_Results.txt, sharks/HetFra/20250411_CM071005.1_ROH_Results.txt, sharks/HetFra/20250411_CM071006.1_ROH_Results.txt, sharks/HetFra/20250411_CM071007.1_ROH_Results.txt, sharks/HetFra/20250411_CM071008.1_ROH_Results.txt, sharks/HetFra/20250411_CM071009.1_ROH_Results.txt, sharks/HetFra/20250411_CM071010.1_ROH_Results.txt, sharks/HetFra/20250411_CM071011.1_ROH_Results.txt, sharks/HetFra/20250411_CM071012.1_ROH_Results.txt
    jobid: 0
    reason: Input files updated by another job: sharks/HetFra/20250411_CM070969.1_ROH_Results.txt, sharks/HetFra/20250411_CM070975.1_ROH_Results.txt, sharks/HetFra/20250411_CM070970.1_ROH_Results.txt
    resources: mem_mb=100000, mem_mib=95368, disk_mb=11831, disk_mib=11283, tmpdir=/tmp, slurm_account=DURBIN-SL2-CPU, slurm_partition=cclake, runtime=120

[Fri Apr 25 10:00:16 2025]
Finished job 0.
4 of 4 steps (100%) done
Complete log: .snakemake/log/2025-04-25T095935.664753.snakemake.log
