host: login-q-1
Building DAG of jobs...
SLURM run ID: 9d1010be-aabd-433e-907f-edd42789b416
Using shell: /usr/bin/bash
Provided remote nodes: 50
Job stats:
job              count
-------------  -------
BGZIP_VCF           52
REMOVE_INDELS       52
all                  1
total              105

Select jobs to execute...
Execute 50 jobs...

[Wed May 21 16:38:08 2025]
rule REMOVE_INDELS:
    input: sharks/HemOce/temp/NC_083419.1_restructured.vcf.gz
    output: sharks/HemOce/NC_083419.1.recode.vcf
    jobid: 558
    reason: Missing output files: sharks/HemOce/NC_083419.1.recode.vcf
    wildcards: CLADE=sharks, SPEC_NAME=HemOce, CHROM=NC_083419.1
    resources: mem_mb=100000, mem_mib=95368, disk_mb=1000, disk_mib=954, tmpdir=<TBD>, slurm_account=DURBIN-SL2-CPU, slurm_partition=cclake-himem, runtime=120

Job 558 has been submitted with SLURM jobid 9688129 (log: /rds/project/rds-p67MZilb2eQ/projects/VGP/heterozygosity/.snakemake/slurm_logs/rule_REMOVE_INDELS/sharks_HemOce_NC_083419.1/9688129.log).

[Wed May 21 16:38:08 2025]
rule REMOVE_INDELS:
    input: sharks/HemOce/temp/NC_083412.1_restructured.vcf.gz
    output: sharks/HemOce/NC_083412.1.recode.vcf
    jobid: 537
    reason: Missing output files: sharks/HemOce/NC_083412.1.recode.vcf
    wildcards: CLADE=sharks, SPEC_NAME=HemOce, CHROM=NC_083412.1
    resources: mem_mb=100000, mem_mib=95368, disk_mb=1000, disk_mib=954, tmpdir=<TBD>, slurm_account=DURBIN-SL2-CPU, slurm_partition=cclake-himem, runtime=120

Job 537 has been submitted with SLURM jobid 9688130 (log: /rds/project/rds-p67MZilb2eQ/projects/VGP/heterozygosity/.snakemake/slurm_logs/rule_REMOVE_INDELS/sharks_HemOce_NC_083412.1/9688130.log).

[Wed May 21 16:38:08 2025]
rule REMOVE_INDELS:
    input: sharks/HemOce/temp/NC_083405.1_restructured.vcf.gz
    output: sharks/HemOce/NC_083405.1.recode.vcf
    jobid: 516
    reason: Missing output files: sharks/HemOce/NC_083405.1.recode.vcf
    wildcards: CLADE=sharks, SPEC_NAME=HemOce, CHROM=NC_083405.1
    resources: mem_mb=100000, mem_mib=95368, disk_mb=1000, disk_mib=954, tmpdir=<TBD>, slurm_account=DURBIN-SL2-CPU, slurm_partition=cclake-himem, runtime=120

Job 516 has been submitted with SLURM jobid 9688131 (log: /rds/project/rds-p67MZilb2eQ/projects/VGP/heterozygosity/.snakemake/slurm_logs/rule_REMOVE_INDELS/sharks_HemOce_NC_083405.1/9688131.log).

[Wed May 21 16:38:11 2025]
rule REMOVE_INDELS:
    input: sharks/HemOce/temp/NC_083448.1_restructured.vcf.gz
    output: sharks/HemOce/NC_083448.1.recode.vcf
    jobid: 645
    reason: Missing output files: sharks/HemOce/NC_083448.1.recode.vcf
    wildcards: CLADE=sharks, SPEC_NAME=HemOce, CHROM=NC_083448.1
    resources: mem_mb=100000, mem_mib=95368, disk_mb=1000, disk_mib=954, tmpdir=<TBD>, slurm_account=DURBIN-SL2-CPU, slurm_partition=cclake-himem, runtime=120

Job 645 has been submitted with SLURM jobid 9688132 (log: /rds/project/rds-p67MZilb2eQ/projects/VGP/heterozygosity/.snakemake/slurm_logs/rule_REMOVE_INDELS/sharks_HemOce_NC_083448.1/9688132.log).

[Wed May 21 16:38:11 2025]
rule REMOVE_INDELS:
    input: sharks/HemOce/temp/NC_083441.1_restructured.vcf.gz
    output: sharks/HemOce/NC_083441.1.recode.vcf
    jobid: 624
    reason: Missing output files: sharks/HemOce/NC_083441.1.recode.vcf
    wildcards: CLADE=sharks, SPEC_NAME=HemOce, CHROM=NC_083441.1
    resources: mem_mb=100000, mem_mib=95368, disk_mb=1000, disk_mib=954, tmpdir=<TBD>, slurm_account=DURBIN-SL2-CPU, slurm_partition=cclake-himem, runtime=120

Job 624 has been submitted with SLURM jobid 9688133 (log: /rds/project/rds-p67MZilb2eQ/projects/VGP/heterozygosity/.snakemake/slurm_logs/rule_REMOVE_INDELS/sharks_HemOce_NC_083441.1/9688133.log).

[Wed May 21 16:38:11 2025]
rule REMOVE_INDELS:
    input: sharks/HemOce/temp/NC_083434.1_restructured.vcf.gz
    output: sharks/HemOce/NC_083434.1.recode.vcf
    jobid: 603
    reason: Missing output files: sharks/HemOce/NC_083434.1.recode.vcf
    wildcards: CLADE=sharks, SPEC_NAME=HemOce, CHROM=NC_083434.1
    resources: mem_mb=100000, mem_mib=95368, disk_mb=1000, disk_mib=954, tmpdir=<TBD>, slurm_account=DURBIN-SL2-CPU, slurm_partition=cclake-himem, runtime=120

Job 603 has been submitted with SLURM jobid 9688134 (log: /rds/project/rds-p67MZilb2eQ/projects/VGP/heterozygosity/.snakemake/slurm_logs/rule_REMOVE_INDELS/sharks_HemOce_NC_083434.1/9688134.log).

[Wed May 21 16:38:13 2025]
rule REMOVE_INDELS:
    input: sharks/HemOce/temp/NC_083427.1_restructured.vcf.gz
    output: sharks/HemOce/NC_083427.1.recode.vcf
    jobid: 582
    reason: Missing output files: sharks/HemOce/NC_083427.1.recode.vcf
    wildcards: CLADE=sharks, SPEC_NAME=HemOce, CHROM=NC_083427.1
    resources: mem_mb=100000, mem_mib=95368, disk_mb=1000, disk_mib=954, tmpdir=<TBD>, slurm_account=DURBIN-SL2-CPU, slurm_partition=cclake-himem, runtime=120

Job 582 has been submitted with SLURM jobid 9688135 (log: /rds/project/rds-p67MZilb2eQ/projects/VGP/heterozygosity/.snakemake/slurm_logs/rule_REMOVE_INDELS/sharks_HemOce_NC_083427.1/9688135.log).

[Wed May 21 16:38:13 2025]
rule REMOVE_INDELS:
    input: sharks/HemOce/temp/NC_083420.1_restructured.vcf.gz
    output: sharks/HemOce/NC_083420.1.recode.vcf
    jobid: 561
    reason: Missing output files: sharks/HemOce/NC_083420.1.recode.vcf
    wildcards: CLADE=sharks, SPEC_NAME=HemOce, CHROM=NC_083420.1
    resources: mem_mb=100000, mem_mib=95368, disk_mb=1000, disk_mib=954, tmpdir=<TBD>, slurm_account=DURBIN-SL2-CPU, slurm_partition=cclake-himem, runtime=120

Job 561 has been submitted with SLURM jobid 9688136 (log: /rds/project/rds-p67MZilb2eQ/projects/VGP/heterozygosity/.snakemake/slurm_logs/rule_REMOVE_INDELS/sharks_HemOce_NC_083420.1/9688136.log).

[Wed May 21 16:38:14 2025]
rule REMOVE_INDELS:
    input: sharks/HemOce/temp/NC_083413.1_restructured.vcf.gz
    output: sharks/HemOce/NC_083413.1.recode.vcf
    jobid: 540
    reason: Missing output files: sharks/HemOce/NC_083413.1.recode.vcf
    wildcards: CLADE=sharks, SPEC_NAME=HemOce, CHROM=NC_083413.1
    resources: mem_mb=100000, mem_mib=95368, disk_mb=1000, disk_mib=954, tmpdir=<TBD>, slurm_account=DURBIN-SL2-CPU, slurm_partition=cclake-himem, runtime=120

Job 540 has been submitted with SLURM jobid 9688137 (log: /rds/project/rds-p67MZilb2eQ/projects/VGP/heterozygosity/.snakemake/slurm_logs/rule_REMOVE_INDELS/sharks_HemOce_NC_083413.1/9688137.log).

[Wed May 21 16:38:16 2025]
rule REMOVE_INDELS:
    input: sharks/HemOce/temp/NC_083406.1_restructured.vcf.gz
    output: sharks/HemOce/NC_083406.1.recode.vcf
    jobid: 519
    reason: Missing output files: sharks/HemOce/NC_083406.1.recode.vcf
    wildcards: CLADE=sharks, SPEC_NAME=HemOce, CHROM=NC_083406.1
    resources: mem_mb=100000, mem_mib=95368, disk_mb=1000, disk_mib=954, tmpdir=<TBD>, slurm_account=DURBIN-SL2-CPU, slurm_partition=cclake-himem, runtime=120

Job 519 has been submitted with SLURM jobid 9688139 (log: /rds/project/rds-p67MZilb2eQ/projects/VGP/heterozygosity/.snakemake/slurm_logs/rule_REMOVE_INDELS/sharks_HemOce_NC_083406.1/9688139.log).

[Wed May 21 16:38:16 2025]
rule REMOVE_INDELS:
    input: sharks/HemOce/temp/NC_083449.1_restructured.vcf.gz
    output: sharks/HemOce/NC_083449.1.recode.vcf
    jobid: 648
    reason: Missing output files: sharks/HemOce/NC_083449.1.recode.vcf
    wildcards: CLADE=sharks, SPEC_NAME=HemOce, CHROM=NC_083449.1
    resources: mem_mb=100000, mem_mib=95368, disk_mb=1000, disk_mib=954, tmpdir=<TBD>, slurm_account=DURBIN-SL2-CPU, slurm_partition=cclake-himem, runtime=120

Job 648 has been submitted with SLURM jobid 9688141 (log: /rds/project/rds-p67MZilb2eQ/projects/VGP/heterozygosity/.snakemake/slurm_logs/rule_REMOVE_INDELS/sharks_HemOce_NC_083449.1/9688141.log).

[Wed May 21 16:38:16 2025]
rule REMOVE_INDELS:
    input: sharks/HemOce/temp/NC_083442.1_restructured.vcf.gz
    output: sharks/HemOce/NC_083442.1.recode.vcf
    jobid: 627
    reason: Missing output files: sharks/HemOce/NC_083442.1.recode.vcf
    wildcards: CLADE=sharks, SPEC_NAME=HemOce, CHROM=NC_083442.1
    resources: mem_mb=100000, mem_mib=95368, disk_mb=1000, disk_mib=954, tmpdir=<TBD>, slurm_account=DURBIN-SL2-CPU, slurm_partition=cclake-himem, runtime=120

Job 627 has been submitted with SLURM jobid 9688160 (log: /rds/project/rds-p67MZilb2eQ/projects/VGP/heterozygosity/.snakemake/slurm_logs/rule_REMOVE_INDELS/sharks_HemOce_NC_083442.1/9688160.log).

[Wed May 21 16:38:21 2025]
rule REMOVE_INDELS:
    input: sharks/HemOce/temp/NC_083435.1_restructured.vcf.gz
    output: sharks/HemOce/NC_083435.1.recode.vcf
    jobid: 606
    reason: Missing output files: sharks/HemOce/NC_083435.1.recode.vcf
    wildcards: CLADE=sharks, SPEC_NAME=HemOce, CHROM=NC_083435.1
    resources: mem_mb=100000, mem_mib=95368, disk_mb=1000, disk_mib=954, tmpdir=<TBD>, slurm_account=DURBIN-SL2-CPU, slurm_partition=cclake-himem, runtime=120

Job 606 has been submitted with SLURM jobid 9688162 (log: /rds/project/rds-p67MZilb2eQ/projects/VGP/heterozygosity/.snakemake/slurm_logs/rule_REMOVE_INDELS/sharks_HemOce_NC_083435.1/9688162.log).

[Wed May 21 16:38:21 2025]
rule REMOVE_INDELS:
    input: sharks/HemOce/temp/NC_083428.1_restructured.vcf.gz
    output: sharks/HemOce/NC_083428.1.recode.vcf
    jobid: 585
    reason: Missing output files: sharks/HemOce/NC_083428.1.recode.vcf
    wildcards: CLADE=sharks, SPEC_NAME=HemOce, CHROM=NC_083428.1
    resources: mem_mb=100000, mem_mib=95368, disk_mb=1000, disk_mib=954, tmpdir=<TBD>, slurm_account=DURBIN-SL2-CPU, slurm_partition=cclake-himem, runtime=120

Job 585 has been submitted with SLURM jobid 9688179 (log: /rds/project/rds-p67MZilb2eQ/projects/VGP/heterozygosity/.snakemake/slurm_logs/rule_REMOVE_INDELS/sharks_HemOce_NC_083428.1/9688179.log).

[Wed May 21 16:38:23 2025]
rule REMOVE_INDELS:
    input: sharks/HemOce/temp/NC_083421.1_restructured.vcf.gz
    output: sharks/HemOce/NC_083421.1.recode.vcf
    jobid: 564
    reason: Missing output files: sharks/HemOce/NC_083421.1.recode.vcf
    wildcards: CLADE=sharks, SPEC_NAME=HemOce, CHROM=NC_083421.1
    resources: mem_mb=100000, mem_mib=95368, disk_mb=1000, disk_mib=954, tmpdir=<TBD>, slurm_account=DURBIN-SL2-CPU, slurm_partition=cclake-himem, runtime=120

Job 564 has been submitted with SLURM jobid 9688181 (log: /rds/project/rds-p67MZilb2eQ/projects/VGP/heterozygosity/.snakemake/slurm_logs/rule_REMOVE_INDELS/sharks_HemOce_NC_083421.1/9688181.log).

[Wed May 21 16:38:24 2025]
rule REMOVE_INDELS:
    input: sharks/HemOce/temp/NC_083414.1_restructured.vcf.gz
    output: sharks/HemOce/NC_083414.1.recode.vcf
    jobid: 543
    reason: Missing output files: sharks/HemOce/NC_083414.1.recode.vcf
    wildcards: CLADE=sharks, SPEC_NAME=HemOce, CHROM=NC_083414.1
    resources: mem_mb=100000, mem_mib=95368, disk_mb=1000, disk_mib=954, tmpdir=<TBD>, slurm_account=DURBIN-SL2-CPU, slurm_partition=cclake-himem, runtime=120

Job 543 has been submitted with SLURM jobid 9688185 (log: /rds/project/rds-p67MZilb2eQ/projects/VGP/heterozygosity/.snakemake/slurm_logs/rule_REMOVE_INDELS/sharks_HemOce_NC_083414.1/9688185.log).

[Wed May 21 16:38:26 2025]
rule REMOVE_INDELS:
    input: sharks/HemOce/temp/NC_083407.1_restructured.vcf.gz
    output: sharks/HemOce/NC_083407.1.recode.vcf
    jobid: 522
    reason: Missing output files: sharks/HemOce/NC_083407.1.recode.vcf
    wildcards: CLADE=sharks, SPEC_NAME=HemOce, CHROM=NC_083407.1
    resources: mem_mb=100000, mem_mib=95368, disk_mb=1000, disk_mib=954, tmpdir=<TBD>, slurm_account=DURBIN-SL2-CPU, slurm_partition=cclake-himem, runtime=120

Job 522 has been submitted with SLURM jobid 9688186 (log: /rds/project/rds-p67MZilb2eQ/projects/VGP/heterozygosity/.snakemake/slurm_logs/rule_REMOVE_INDELS/sharks_HemOce_NC_083407.1/9688186.log).

[Wed May 21 16:38:29 2025]
rule REMOVE_INDELS:
    input: sharks/HemOce/temp/NC_083401.1_restructured.vcf.gz
    output: sharks/HemOce/NC_083401.1.recode.vcf
    jobid: 504
    reason: Missing output files: sharks/HemOce/NC_083401.1.recode.vcf
    wildcards: CLADE=sharks, SPEC_NAME=HemOce, CHROM=NC_083401.1
    resources: mem_mb=100000, mem_mib=95368, disk_mb=1000, disk_mib=954, tmpdir=<TBD>, slurm_account=DURBIN-SL2-CPU, slurm_partition=cclake-himem, runtime=120

Job 504 has been submitted with SLURM jobid 9688190 (log: /rds/project/rds-p67MZilb2eQ/projects/VGP/heterozygosity/.snakemake/slurm_logs/rule_REMOVE_INDELS/sharks_HemOce_NC_083401.1/9688190.log).

[Wed May 21 16:38:31 2025]
rule REMOVE_INDELS:
    input: sharks/HemOce/temp/NC_083450.1_restructured.vcf.gz
    output: sharks/HemOce/NC_083450.1.recode.vcf
    jobid: 651
    reason: Missing output files: sharks/HemOce/NC_083450.1.recode.vcf
    wildcards: CLADE=sharks, SPEC_NAME=HemOce, CHROM=NC_083450.1
    resources: mem_mb=100000, mem_mib=95368, disk_mb=1000, disk_mib=954, tmpdir=<TBD>, slurm_account=DURBIN-SL2-CPU, slurm_partition=cclake-himem, runtime=120

Job 651 has been submitted with SLURM jobid 9688196 (log: /rds/project/rds-p67MZilb2eQ/projects/VGP/heterozygosity/.snakemake/slurm_logs/rule_REMOVE_INDELS/sharks_HemOce_NC_083450.1/9688196.log).

[Wed May 21 16:38:34 2025]
rule REMOVE_INDELS:
    input: sharks/HemOce/temp/NC_083443.1_restructured.vcf.gz
    output: sharks/HemOce/NC_083443.1.recode.vcf
    jobid: 630
    reason: Missing output files: sharks/HemOce/NC_083443.1.recode.vcf
    wildcards: CLADE=sharks, SPEC_NAME=HemOce, CHROM=NC_083443.1
    resources: mem_mb=100000, mem_mib=95368, disk_mb=1000, disk_mib=954, tmpdir=<TBD>, slurm_account=DURBIN-SL2-CPU, slurm_partition=cclake-himem, runtime=120

