host: login-p-3
Building DAG of jobs...
SLURM run ID: c2af7f7d-fd64-4804-bcbb-e1d72a2623b8
Using shell: /usr/bin/bash
Provided remote nodes: 10
Job stats:
job                      count
---------------------  -------
CALC_HET_PER_CHR            46
CALC_HET_WHOLE_GENOME        1
COMPILE_HET                  1
FROH_PER_AUT_CHR            46
PLOT_HET_PER_CHR            46
PLOT_WHOLE_HET               1
WHOLE_FROH                   1
all                          1
total                      143

Select jobs to execute...
Execute 10 jobs...

[Thu Apr 24 09:46:17 2025]
rule FROH_PER_AUT_CHR:
    input: sharks/HepPer/HepPer_ROH_Results.csv, sharks/HepPer/Reference_HepPer_Chroms_Lengths.txt, sharks/chrom_lists/GCA_035084215.1_chroms.txt, sharks/HepPer/temp/20250422_CM068673.1_Var_Only.txt
    output: sharks/HepPer/20250422_CM068673.1_GCA_035084215.1_FROH.txt
    jobid: 189
    reason: Missing output files: sharks/HepPer/20250422_CM068673.1_GCA_035084215.1_FROH.txt
    wildcards: CLADE=sharks, SPEC_NAME=HepPer, TODAY_DATE=20250422, CHR=CM068673.1, REF_NAME=GCA_035084215.1
    resources: mem_mb=100000, mem_mib=95368, disk_mb=1000, disk_mib=954, tmpdir=<TBD>, slurm_account=DURBIN-SL2-CPU, slurm_partition=cclake, runtime=120

Job 189 has been submitted with SLURM jobid 8710574 (log: /rds/project/rds-p67MZilb2eQ/projects/VGP/heterozygosity/.snakemake/slurm_logs/rule_FROH_PER_AUT_CHR/sharks_HepPer_20250422_CM068673.1_GCA_035084215.1/8710574.log).

[Thu Apr 24 09:46:18 2025]
rule CALC_HET_PER_CHR:
    input: sharks/HepPer/temp/HepPer_Var_Only.txt, sharks/HepPer/Reference_HepPer_Chroms_Lengths.txt, sharks/HepPer/HepPer_ROH_Results.csv
    output: sharks/HepPer/20250422_CM068682.1_het.txt
    jobid: 245
    reason: Missing output files: sharks/HepPer/20250422_CM068682.1_het.txt
    wildcards: CLADE=sharks, SPEC_NAME=HepPer, TODAY_DATE=20250422, CHR=CM068682.1
    resources: mem_mb=100000, mem_mib=95368, disk_mb=1000, disk_mib=954, tmpdir=<TBD>, slurm_account=DURBIN-SL2-CPU, slurm_partition=cclake, runtime=120

Job 245 has been submitted with SLURM jobid 8710575 (log: /rds/project/rds-p67MZilb2eQ/projects/VGP/heterozygosity/.snakemake/slurm_logs/rule_CALC_HET_PER_CHR/sharks_HepPer_20250422_CM068682.1/8710575.log).

[Thu Apr 24 09:46:18 2025]
rule FROH_PER_AUT_CHR:
    input: sharks/HepPer/HepPer_ROH_Results.csv, sharks/HepPer/Reference_HepPer_Chroms_Lengths.txt, sharks/chrom_lists/GCA_035084215.1_chroms.txt, sharks/HepPer/temp/20250422_CM068643.1_Var_Only.txt
    output: sharks/HepPer/20250422_CM068643.1_GCA_035084215.1_FROH.txt
    jobid: 159
    reason: Missing output files: sharks/HepPer/20250422_CM068643.1_GCA_035084215.1_FROH.txt
    wildcards: CLADE=sharks, SPEC_NAME=HepPer, TODAY_DATE=20250422, CHR=CM068643.1, REF_NAME=GCA_035084215.1
    resources: mem_mb=100000, mem_mib=95368, disk_mb=1000, disk_mib=954, tmpdir=<TBD>, slurm_account=DURBIN-SL2-CPU, slurm_partition=cclake, runtime=120

Job 159 has been submitted with SLURM jobid 8710576 (log: /rds/project/rds-p67MZilb2eQ/projects/VGP/heterozygosity/.snakemake/slurm_logs/rule_FROH_PER_AUT_CHR/sharks_HepPer_20250422_CM068643.1_GCA_035084215.1/8710576.log).

[Thu Apr 24 09:46:18 2025]
rule FROH_PER_AUT_CHR:
    input: sharks/HepPer/HepPer_ROH_Results.csv, sharks/HepPer/Reference_HepPer_Chroms_Lengths.txt, sharks/chrom_lists/GCA_035084215.1_chroms.txt, sharks/HepPer/temp/20250422_CM068645.1_Var_Only.txt
    output: sharks/HepPer/20250422_CM068645.1_GCA_035084215.1_FROH.txt
    jobid: 161
    reason: Missing output files: sharks/HepPer/20250422_CM068645.1_GCA_035084215.1_FROH.txt
    wildcards: CLADE=sharks, SPEC_NAME=HepPer, TODAY_DATE=20250422, CHR=CM068645.1, REF_NAME=GCA_035084215.1
    resources: mem_mb=100000, mem_mib=95368, disk_mb=1000, disk_mib=954, tmpdir=<TBD>, slurm_account=DURBIN-SL2-CPU, slurm_partition=cclake, runtime=120

Job 161 has been submitted with SLURM jobid 8710577 (log: /rds/project/rds-p67MZilb2eQ/projects/VGP/heterozygosity/.snakemake/slurm_logs/rule_FROH_PER_AUT_CHR/sharks_HepPer_20250422_CM068645.1_GCA_035084215.1/8710577.log).

[Thu Apr 24 09:46:20 2025]
rule CALC_HET_PER_CHR:
    input: sharks/HepPer/temp/HepPer_Var_Only.txt, sharks/HepPer/Reference_HepPer_Chroms_Lengths.txt, sharks/HepPer/HepPer_ROH_Results.csv
    output: sharks/HepPer/20250422_CM068654.1_het.txt
    jobid: 217
    reason: Missing output files: sharks/HepPer/20250422_CM068654.1_het.txt
    wildcards: CLADE=sharks, SPEC_NAME=HepPer, TODAY_DATE=20250422, CHR=CM068654.1
    resources: mem_mb=100000, mem_mib=95368, disk_mb=1000, disk_mib=954, tmpdir=<TBD>, slurm_account=DURBIN-SL2-CPU, slurm_partition=cclake, runtime=120

Job 217 has been submitted with SLURM jobid 8710578 (log: /rds/project/rds-p67MZilb2eQ/projects/VGP/heterozygosity/.snakemake/slurm_logs/rule_CALC_HET_PER_CHR/sharks_HepPer_20250422_CM068654.1/8710578.log).

[Thu Apr 24 09:46:21 2025]
rule CALC_HET_PER_CHR:
    input: sharks/HepPer/temp/HepPer_Var_Only.txt, sharks/HepPer/Reference_HepPer_Chroms_Lengths.txt, sharks/HepPer/HepPer_ROH_Results.csv
    output: sharks/HepPer/20250422_CM068653.1_het.txt
    jobid: 216
    reason: Missing output files: sharks/HepPer/20250422_CM068653.1_het.txt
    wildcards: CLADE=sharks, SPEC_NAME=HepPer, TODAY_DATE=20250422, CHR=CM068653.1
    resources: mem_mb=100000, mem_mib=95368, disk_mb=1000, disk_mib=954, tmpdir=<TBD>, slurm_account=DURBIN-SL2-CPU, slurm_partition=cclake, runtime=120

Job 216 has been submitted with SLURM jobid 8710579 (log: /rds/project/rds-p67MZilb2eQ/projects/VGP/heterozygosity/.snakemake/slurm_logs/rule_CALC_HET_PER_CHR/sharks_HepPer_20250422_CM068653.1/8710579.log).

[Thu Apr 24 09:46:21 2025]
rule CALC_HET_PER_CHR:
    input: sharks/HepPer/temp/HepPer_Var_Only.txt, sharks/HepPer/Reference_HepPer_Chroms_Lengths.txt, sharks/HepPer/HepPer_ROH_Results.csv
    output: sharks/HepPer/20250422_CM068681.1_het.txt
    jobid: 244
    reason: Missing output files: sharks/HepPer/20250422_CM068681.1_het.txt
    wildcards: CLADE=sharks, SPEC_NAME=HepPer, TODAY_DATE=20250422, CHR=CM068681.1
    resources: mem_mb=100000, mem_mib=95368, disk_mb=1000, disk_mib=954, tmpdir=<TBD>, slurm_account=DURBIN-SL2-CPU, slurm_partition=cclake, runtime=120

Job 244 has been submitted with SLURM jobid 8710580 (log: /rds/project/rds-p67MZilb2eQ/projects/VGP/heterozygosity/.snakemake/slurm_logs/rule_CALC_HET_PER_CHR/sharks_HepPer_20250422_CM068681.1/8710580.log).

[Thu Apr 24 09:46:23 2025]
rule FROH_PER_AUT_CHR:
    input: sharks/HepPer/HepPer_ROH_Results.csv, sharks/HepPer/Reference_HepPer_Chroms_Lengths.txt, sharks/chrom_lists/GCA_035084215.1_chroms.txt, sharks/HepPer/temp/20250422_CM068656.1_Var_Only.txt
    output: sharks/HepPer/20250422_CM068656.1_GCA_035084215.1_FROH.txt
    jobid: 172
    reason: Missing output files: sharks/HepPer/20250422_CM068656.1_GCA_035084215.1_FROH.txt
    wildcards: CLADE=sharks, SPEC_NAME=HepPer, TODAY_DATE=20250422, CHR=CM068656.1, REF_NAME=GCA_035084215.1
    resources: mem_mb=100000, mem_mib=95368, disk_mb=1000, disk_mib=954, tmpdir=<TBD>, slurm_account=DURBIN-SL2-CPU, slurm_partition=cclake, runtime=120

Job 172 has been submitted with SLURM jobid 8710582 (log: /rds/project/rds-p67MZilb2eQ/projects/VGP/heterozygosity/.snakemake/slurm_logs/rule_FROH_PER_AUT_CHR/sharks_HepPer_20250422_CM068656.1_GCA_035084215.1/8710582.log).

[Thu Apr 24 09:46:23 2025]
rule FROH_PER_AUT_CHR:
    input: sharks/HepPer/HepPer_ROH_Results.csv, sharks/HepPer/Reference_HepPer_Chroms_Lengths.txt, sharks/chrom_lists/GCA_035084215.1_chroms.txt, sharks/HepPer/temp/20250422_CM068674.1_Var_Only.txt
    output: sharks/HepPer/20250422_CM068674.1_GCA_035084215.1_FROH.txt
    jobid: 190
    reason: Missing output files: sharks/HepPer/20250422_CM068674.1_GCA_035084215.1_FROH.txt
    wildcards: CLADE=sharks, SPEC_NAME=HepPer, TODAY_DATE=20250422, CHR=CM068674.1, REF_NAME=GCA_035084215.1
    resources: mem_mb=100000, mem_mib=95368, disk_mb=1000, disk_mib=954, tmpdir=<TBD>, slurm_account=DURBIN-SL2-CPU, slurm_partition=cclake, runtime=120

Job 190 has been submitted with SLURM jobid 8710583 (log: /rds/project/rds-p67MZilb2eQ/projects/VGP/heterozygosity/.snakemake/slurm_logs/rule_FROH_PER_AUT_CHR/sharks_HepPer_20250422_CM068674.1_GCA_035084215.1/8710583.log).

[Thu Apr 24 09:46:23 2025]
rule FROH_PER_AUT_CHR:
    input: sharks/HepPer/HepPer_ROH_Results.csv, sharks/HepPer/Reference_HepPer_Chroms_Lengths.txt, sharks/chrom_lists/GCA_035084215.1_chroms.txt, sharks/HepPer/temp/20250422_CM068644.1_Var_Only.txt
    output: sharks/HepPer/20250422_CM068644.1_GCA_035084215.1_FROH.txt
    jobid: 160
    reason: Missing output files: sharks/HepPer/20250422_CM068644.1_GCA_035084215.1_FROH.txt
    wildcards: CLADE=sharks, SPEC_NAME=HepPer, TODAY_DATE=20250422, CHR=CM068644.1, REF_NAME=GCA_035084215.1
    resources: mem_mb=100000, mem_mib=95368, disk_mb=1000, disk_mib=954, tmpdir=<TBD>, slurm_account=DURBIN-SL2-CPU, slurm_partition=cclake, runtime=120

Job 160 has been submitted with SLURM jobid 8710584 (log: /rds/project/rds-p67MZilb2eQ/projects/VGP/heterozygosity/.snakemake/slurm_logs/rule_FROH_PER_AUT_CHR/sharks_HepPer_20250422_CM068644.1_GCA_035084215.1/8710584.log).
[Thu Apr 24 09:46:57 2025]
Finished job 189.
1 of 143 steps (1%) done
Select jobs to execute...
Execute 1 jobs...

[Thu Apr 24 09:46:57 2025]
rule CALC_HET_PER_CHR:
    input: sharks/HepPer/temp/HepPer_Var_Only.txt, sharks/HepPer/Reference_HepPer_Chroms_Lengths.txt, sharks/HepPer/HepPer_ROH_Results.csv
    output: sharks/HepPer/20250422_CM068644.1_het.txt
    jobid: 207
    reason: Missing output files: sharks/HepPer/20250422_CM068644.1_het.txt
    wildcards: CLADE=sharks, SPEC_NAME=HepPer, TODAY_DATE=20250422, CHR=CM068644.1
    resources: mem_mb=100000, mem_mib=95368, disk_mb=1000, disk_mib=954, tmpdir=<TBD>, slurm_account=DURBIN-SL2-CPU, slurm_partition=cclake, runtime=120

Job 207 has been submitted with SLURM jobid 8710593 (log: /rds/project/rds-p67MZilb2eQ/projects/VGP/heterozygosity/.snakemake/slurm_logs/rule_CALC_HET_PER_CHR/sharks_HepPer_20250422_CM068644.1/8710593.log).
[Thu Apr 24 09:46:59 2025]
Finished job 159.
2 of 143 steps (1%) done
[Thu Apr 24 09:46:59 2025]
Finished job 161.
3 of 143 steps (2%) done
[Thu Apr 24 09:46:59 2025]
Finished job 172.
4 of 143 steps (3%) done
[Thu Apr 24 09:46:59 2025]
Finished job 190.
5 of 143 steps (3%) done
[Thu Apr 24 09:46:59 2025]
Finished job 160.
6 of 143 steps (4%) done
Select jobs to execute...
Execute 5 jobs...

[Thu Apr 24 09:46:59 2025]
rule FROH_PER_AUT_CHR:
    input: sharks/HepPer/HepPer_ROH_Results.csv, sharks/HepPer/Reference_HepPer_Chroms_Lengths.txt, sharks/chrom_lists/GCA_035084215.1_chroms.txt, sharks/HepPer/temp/20250422_CM068646.1_Var_Only.txt
    output: sharks/HepPer/20250422_CM068646.1_GCA_035084215.1_FROH.txt
    jobid: 162
    reason: Missing output files: sharks/HepPer/20250422_CM068646.1_GCA_035084215.1_FROH.txt
    wildcards: CLADE=sharks, SPEC_NAME=HepPer, TODAY_DATE=20250422, CHR=CM068646.1, REF_NAME=GCA_035084215.1
    resources: mem_mb=100000, mem_mib=95368, disk_mb=1000, disk_mib=954, tmpdir=<TBD>, slurm_account=DURBIN-SL2-CPU, slurm_partition=cclake, runtime=120

Job 162 has been submitted with SLURM jobid 8710594 (log: /rds/project/rds-p67MZilb2eQ/projects/VGP/heterozygosity/.snakemake/slurm_logs/rule_FROH_PER_AUT_CHR/sharks_HepPer_20250422_CM068646.1_GCA_035084215.1/8710594.log).

[Thu Apr 24 09:47:01 2025]
rule FROH_PER_AUT_CHR:
    input: sharks/HepPer/HepPer_ROH_Results.csv, sharks/HepPer/Reference_HepPer_Chroms_Lengths.txt, sharks/chrom_lists/GCA_035084215.1_chroms.txt, sharks/HepPer/temp/20250422_CM068675.1_Var_Only.txt
    output: sharks/HepPer/20250422_CM068675.1_GCA_035084215.1_FROH.txt
    jobid: 191
    reason: Missing output files: sharks/HepPer/20250422_CM068675.1_GCA_035084215.1_FROH.txt
    wildcards: CLADE=sharks, SPEC_NAME=HepPer, TODAY_DATE=20250422, CHR=CM068675.1, REF_NAME=GCA_035084215.1
    resources: mem_mb=100000, mem_mib=95368, disk_mb=1000, disk_mib=954, tmpdir=<TBD>, slurm_account=DURBIN-SL2-CPU, slurm_partition=cclake, runtime=120

Job 191 has been submitted with SLURM jobid 8710595 (log: /rds/project/rds-p67MZilb2eQ/projects/VGP/heterozygosity/.snakemake/slurm_logs/rule_FROH_PER_AUT_CHR/sharks_HepPer_20250422_CM068675.1_GCA_035084215.1/8710595.log).

[Thu Apr 24 09:47:01 2025]
rule FROH_PER_AUT_CHR:
    input: sharks/HepPer/HepPer_ROH_Results.csv, sharks/HepPer/Reference_HepPer_Chroms_Lengths.txt, sharks/chrom_lists/GCA_035084215.1_chroms.txt, sharks/HepPer/temp/20250422_CM068647.1_Var_Only.txt
    output: sharks/HepPer/20250422_CM068647.1_GCA_035084215.1_FROH.txt
    jobid: 163
    reason: Missing output files: sharks/HepPer/20250422_CM068647.1_GCA_035084215.1_FROH.txt
    wildcards: CLADE=sharks, SPEC_NAME=HepPer, TODAY_DATE=20250422, CHR=CM068647.1, REF_NAME=GCA_035084215.1
    resources: mem_mb=100000, mem_mib=95368, disk_mb=1000, disk_mib=954, tmpdir=<TBD>, slurm_account=DURBIN-SL2-CPU, slurm_partition=cclake, runtime=120

Job 163 has been submitted with SLURM jobid 8710596 (log: /rds/project/rds-p67MZilb2eQ/projects/VGP/heterozygosity/.snakemake/slurm_logs/rule_FROH_PER_AUT_CHR/sharks_HepPer_20250422_CM068647.1_GCA_035084215.1/8710596.log).

[Thu Apr 24 09:47:01 2025]
rule FROH_PER_AUT_CHR:
    input: sharks/HepPer/HepPer_ROH_Results.csv, sharks/HepPer/Reference_HepPer_Chroms_Lengths.txt, sharks/chrom_lists/GCA_035084215.1_chroms.txt, sharks/HepPer/temp/20250422_CM068642.1_Var_Only.txt
    output: sharks/HepPer/20250422_CM068642.1_GCA_035084215.1_FROH.txt
    jobid: 158
    reason: Missing output files: sharks/HepPer/20250422_CM068642.1_GCA_035084215.1_FROH.txt
    wildcards: CLADE=sharks, SPEC_NAME=HepPer, TODAY_DATE=20250422, CHR=CM068642.1, REF_NAME=GCA_035084215.1
    resources: mem_mb=100000, mem_mib=95368, disk_mb=1000, disk_mib=954, tmpdir=<TBD>, slurm_account=DURBIN-SL2-CPU, slurm_partition=cclake, runtime=120

Job 158 has been submitted with SLURM jobid 8710597 (log: /rds/project/rds-p67MZilb2eQ/projects/VGP/heterozygosity/.snakemake/slurm_logs/rule_FROH_PER_AUT_CHR/sharks_HepPer_20250422_CM068642.1_GCA_035084215.1/8710597.log).

[Thu Apr 24 09:47:02 2025]
rule CALC_HET_PER_CHR:
    input: sharks/HepPer/temp/HepPer_Var_Only.txt, sharks/HepPer/Reference_HepPer_Chroms_Lengths.txt, sharks/HepPer/HepPer_ROH_Results.csv
    output: sharks/HepPer/20250422_CM068655.1_het.txt
    jobid: 218
    reason: Missing output files: sharks/HepPer/20250422_CM068655.1_het.txt
    wildcards: CLADE=sharks, SPEC_NAME=HepPer, TODAY_DATE=20250422, CHR=CM068655.1
    resources: mem_mb=100000, mem_mib=95368, disk_mb=1000, disk_mib=954, tmpdir=<TBD>, slurm_account=DURBIN-SL2-CPU, slurm_partition=cclake, runtime=120

Job 218 has been submitted with SLURM jobid 8710598 (log: /rds/project/rds-p67MZilb2eQ/projects/VGP/heterozygosity/.snakemake/slurm_logs/rule_CALC_HET_PER_CHR/sharks_HepPer_20250422_CM068655.1/8710598.log).
Select jobs to execute...
Waiting for more resources.
Waiting for more resources.
Waiting for more resources.
Waiting for more resources.
[Thu Apr 24 09:47:37 2025]
Finished job 162.
7 of 143 steps (5%) done
Execute 1 jobs...

[Thu Apr 24 09:47:38 2025]
rule CALC_HET_PER_CHR:
    input: sharks/HepPer/temp/HepPer_Var_Only.txt, sharks/HepPer/Reference_HepPer_Chroms_Lengths.txt, sharks/HepPer/HepPer_ROH_Results.csv
    output: sharks/HepPer/20250422_CM068672.1_het.txt
    jobid: 235
    reason: Missing output files: sharks/HepPer/20250422_CM068672.1_het.txt
    wildcards: CLADE=sharks, SPEC_NAME=HepPer, TODAY_DATE=20250422, CHR=CM068672.1
    resources: mem_mb=100000, mem_mib=95368, disk_mb=1000, disk_mib=954, tmpdir=<TBD>, slurm_account=DURBIN-SL2-CPU, slurm_partition=cclake, runtime=120

Job 235 has been submitted with SLURM jobid 8710605 (log: /rds/project/rds-p67MZilb2eQ/projects/VGP/heterozygosity/.snakemake/slurm_logs/rule_CALC_HET_PER_CHR/sharks_HepPer_20250422_CM068672.1/8710605.log).
[Thu Apr 24 09:47:39 2025]
Finished job 191.
8 of 143 steps (6%) done
[Thu Apr 24 09:47:39 2025]
Finished job 163.
9 of 143 steps (6%) done
Select jobs to execute...
Execute 2 jobs...

[Thu Apr 24 09:47:39 2025]
rule FROH_PER_AUT_CHR:
    input: sharks/HepPer/HepPer_ROH_Results.csv, sharks/HepPer/Reference_HepPer_Chroms_Lengths.txt, sharks/chrom_lists/GCA_035084215.1_chroms.txt, sharks/HepPer/temp/20250422_CM068679.1_Var_Only.txt
    output: sharks/HepPer/20250422_CM068679.1_GCA_035084215.1_FROH.txt
    jobid: 195
    reason: Missing output files: sharks/HepPer/20250422_CM068679.1_GCA_035084215.1_FROH.txt
    wildcards: CLADE=sharks, SPEC_NAME=HepPer, TODAY_DATE=20250422, CHR=CM068679.1, REF_NAME=GCA_035084215.1
    resources: mem_mb=100000, mem_mib=95368, disk_mb=1000, disk_mib=954, tmpdir=<TBD>, slurm_account=DURBIN-SL2-CPU, slurm_partition=cclake, runtime=120

Job 195 has been submitted with SLURM jobid 8710606 (log: /rds/project/rds-p67MZilb2eQ/projects/VGP/heterozygosity/.snakemake/slurm_logs/rule_FROH_PER_AUT_CHR/sharks_HepPer_20250422_CM068679.1_GCA_035084215.1/8710606.log).

[Thu Apr 24 09:47:39 2025]
rule CALC_HET_PER_CHR:
    input: sharks/HepPer/temp/HepPer_Var_Only.txt, sharks/HepPer/Reference_HepPer_Chroms_Lengths.txt, sharks/HepPer/HepPer_ROH_Results.csv
    output: sharks/HepPer/20250422_CM068677.1_het.txt
    jobid: 240
    reason: Missing output files: sharks/HepPer/20250422_CM068677.1_het.txt
    wildcards: CLADE=sharks, SPEC_NAME=HepPer, TODAY_DATE=20250422, CHR=CM068677.1
    resources: mem_mb=100000, mem_mib=95368, disk_mb=1000, disk_mib=954, tmpdir=<TBD>, slurm_account=DURBIN-SL2-CPU, slurm_partition=cclake, runtime=120

Job 240 has been submitted with SLURM jobid 8710607 (log: /rds/project/rds-p67MZilb2eQ/projects/VGP/heterozygosity/.snakemake/slurm_logs/rule_CALC_HET_PER_CHR/sharks_HepPer_20250422_CM068677.1/8710607.log).
Select jobs to execute...
Waiting for more resources.
[Thu Apr 24 09:48:18 2025]
Finished job 158.
10 of 143 steps (7%) done
Execute 1 jobs...

[Thu Apr 24 09:48:18 2025]
rule CALC_HET_PER_CHR:
    input: sharks/HepPer/temp/HepPer_Var_Only.txt, sharks/HepPer/Reference_HepPer_Chroms_Lengths.txt, sharks/HepPer/HepPer_ROH_Results.csv
    output: sharks/HepPer/20250422_CM068657.1_het.txt
    jobid: 220
    reason: Missing output files: sharks/HepPer/20250422_CM068657.1_het.txt
    wildcards: CLADE=sharks, SPEC_NAME=HepPer, TODAY_DATE=20250422, CHR=CM068657.1
    resources: mem_mb=100000, mem_mib=95368, disk_mb=1000, disk_mib=954, tmpdir=<TBD>, slurm_account=DURBIN-SL2-CPU, slurm_partition=cclake, runtime=120

Job 220 has been submitted with SLURM jobid 8710654 (log: /rds/project/rds-p67MZilb2eQ/projects/VGP/heterozygosity/.snakemake/slurm_logs/rule_CALC_HET_PER_CHR/sharks_HepPer_20250422_CM068657.1/8710654.log).
[Thu Apr 24 09:48:18 2025]
Finished job 195.
11 of 143 steps (8%) done
Select jobs to execute...
Execute 1 jobs...

[Thu Apr 24 09:48:18 2025]
rule WHOLE_FROH:
    input: sharks/HepPer/HepPer_ROH_Results.csv, sharks/HepPer/Reference_HepPer_Chroms_Lengths.txt, sharks/chrom_lists/GCA_035084215.1_chroms.txt, sharks/HepPer/temp/HepPer_Var_Only.txt
    output: sharks/HepPer/20250422_HepPer_FROH.txt
    jobid: 199
    reason: Missing output files: sharks/HepPer/20250422_HepPer_FROH.txt; Code has changed since last execution
    wildcards: CLADE=sharks, SPEC_NAME=HepPer, TODAY_DATE=20250422
    resources: mem_mb=100000, mem_mib=95368, disk_mb=1000, disk_mib=954, tmpdir=<TBD>, slurm_account=DURBIN-SL2-CPU, slurm_partition=cclake, runtime=120

Job 199 has been submitted with SLURM jobid 8710655 (log: /rds/project/rds-p67MZilb2eQ/projects/VGP/heterozygosity/.snakemake/slurm_logs/rule_WHOLE_FROH/sharks_HepPer_20250422/8710655.log).
[Thu Apr 24 09:49:48 2025]
Error in rule CALC_HET_PER_CHR:
    message: SLURM-job '8710575' failed, SLURM status is: 'FAILED'. For further error details see the cluster/cloud log and the log files of the involved rule(s).
    jobid: 245
    input: sharks/HepPer/temp/HepPer_Var_Only.txt, sharks/HepPer/Reference_HepPer_Chroms_Lengths.txt, sharks/HepPer/HepPer_ROH_Results.csv
    output: sharks/HepPer/20250422_CM068682.1_het.txt
    log: /rds/project/rds-p67MZilb2eQ/projects/VGP/heterozygosity/.snakemake/slurm_logs/rule_CALC_HET_PER_CHR/sharks_HepPer_20250422_CM068682.1/8710575.log (check log file(s) for error details)
    shell:
        
        python /rds/project/rds-p67MZilb2eQ/projects/VGP/heterozygosity/20250325_find_het_per_chr_V3.py sharks/HepPer/temp/HepPer_Var_Only.txt sharks/HepPer/Reference_HepPer_Chroms_Lengths.txt sharks HepPer 20250422 1000000 500000 45 sharks/HepPer/HepPer_ROH_Results.csv
        
        (one of the commands exited with non-zero exit code; note that snakemake uses bash strict mode!)
    external_jobid: 8710575

[Thu Apr 24 09:49:48 2025]
Error in rule CALC_HET_PER_CHR:
    message: SLURM-job '8710578' failed, SLURM status is: 'FAILED'. For further error details see the cluster/cloud log and the log files of the involved rule(s).
    jobid: 217
    input: sharks/HepPer/temp/HepPer_Var_Only.txt, sharks/HepPer/Reference_HepPer_Chroms_Lengths.txt, sharks/HepPer/HepPer_ROH_Results.csv
    output: sharks/HepPer/20250422_CM068654.1_het.txt
    log: /rds/project/rds-p67MZilb2eQ/projects/VGP/heterozygosity/.snakemake/slurm_logs/rule_CALC_HET_PER_CHR/sharks_HepPer_20250422_CM068654.1/8710578.log (check log file(s) for error details)
    shell:
        
        python /rds/project/rds-p67MZilb2eQ/projects/VGP/heterozygosity/20250325_find_het_per_chr_V3.py sharks/HepPer/temp/HepPer_Var_Only.txt sharks/HepPer/Reference_HepPer_Chroms_Lengths.txt sharks HepPer 20250422 1000000 500000 45 sharks/HepPer/HepPer_ROH_Results.csv
        
        (one of the commands exited with non-zero exit code; note that snakemake uses bash strict mode!)
    external_jobid: 8710578

Removing output files of failed job CALC_HET_PER_CHR since they might be corrupted:
sharks/HepPer/20250422_CM068682.1_het.txt
[Thu Apr 24 09:49:48 2025]
Error in rule CALC_HET_PER_CHR:
    message: SLURM-job '8710579' failed, SLURM status is: 'FAILED'. For further error details see the cluster/cloud log and the log files of the involved rule(s).
    jobid: 216
    input: sharks/HepPer/temp/HepPer_Var_Only.txt, sharks/HepPer/Reference_HepPer_Chroms_Lengths.txt, sharks/HepPer/HepPer_ROH_Results.csv
    output: sharks/HepPer/20250422_CM068653.1_het.txt
    log: /rds/project/rds-p67MZilb2eQ/projects/VGP/heterozygosity/.snakemake/slurm_logs/rule_CALC_HET_PER_CHR/sharks_HepPer_20250422_CM068653.1/8710579.log (check log file(s) for error details)
    shell:
        
        python /rds/project/rds-p67MZilb2eQ/projects/VGP/heterozygosity/20250325_find_het_per_chr_V3.py sharks/HepPer/temp/HepPer_Var_Only.txt sharks/HepPer/Reference_HepPer_Chroms_Lengths.txt sharks HepPer 20250422 1000000 500000 45 sharks/HepPer/HepPer_ROH_Results.csv
        
        (one of the commands exited with non-zero exit code; note that snakemake uses bash strict mode!)
    external_jobid: 8710579

[Thu Apr 24 09:49:48 2025]
Error in rule CALC_HET_PER_CHR:
    message: SLURM-job '8710580' failed, SLURM status is: 'FAILED'. For further error details see the cluster/cloud log and the log files of the involved rule(s).
    jobid: 244
    input: sharks/HepPer/temp/HepPer_Var_Only.txt, sharks/HepPer/Reference_HepPer_Chroms_Lengths.txt, sharks/HepPer/HepPer_ROH_Results.csv
    output: sharks/HepPer/20250422_CM068681.1_het.txt
    log: /rds/project/rds-p67MZilb2eQ/projects/VGP/heterozygosity/.snakemake/slurm_logs/rule_CALC_HET_PER_CHR/sharks_HepPer_20250422_CM068681.1/8710580.log (check log file(s) for error details)
    shell:
        
        python /rds/project/rds-p67MZilb2eQ/projects/VGP/heterozygosity/20250325_find_het_per_chr_V3.py sharks/HepPer/temp/HepPer_Var_Only.txt sharks/HepPer/Reference_HepPer_Chroms_Lengths.txt sharks HepPer 20250422 1000000 500000 45 sharks/HepPer/HepPer_ROH_Results.csv
        
        (one of the commands exited with non-zero exit code; note that snakemake uses bash strict mode!)
    external_jobid: 8710580

Removing output files of failed job CALC_HET_PER_CHR since they might be corrupted:
sharks/HepPer/20250422_CM068653.1_het.txt
[Thu Apr 24 09:49:48 2025]
Finished job 199.
12 of 143 steps (8%) done
Removing output files of failed job CALC_HET_PER_CHR since they might be corrupted:
sharks/HepPer/20250422_CM068681.1_het.txt
[Thu Apr 24 09:50:28 2025]
Error in rule CALC_HET_PER_CHR:
    message: SLURM-job '8710598' failed, SLURM status is: 'FAILED'. For further error details see the cluster/cloud log and the log files of the involved rule(s).
    jobid: 218
    input: sharks/HepPer/temp/HepPer_Var_Only.txt, sharks/HepPer/Reference_HepPer_Chroms_Lengths.txt, sharks/HepPer/HepPer_ROH_Results.csv
    output: sharks/HepPer/20250422_CM068655.1_het.txt
    log: /rds/project/rds-p67MZilb2eQ/projects/VGP/heterozygosity/.snakemake/slurm_logs/rule_CALC_HET_PER_CHR/sharks_HepPer_20250422_CM068655.1/8710598.log (check log file(s) for error details)
    shell:
        
        python /rds/project/rds-p67MZilb2eQ/projects/VGP/heterozygosity/20250325_find_het_per_chr_V3.py sharks/HepPer/temp/HepPer_Var_Only.txt sharks/HepPer/Reference_HepPer_Chroms_Lengths.txt sharks HepPer 20250422 1000000 500000 45 sharks/HepPer/HepPer_ROH_Results.csv
        
        (one of the commands exited with non-zero exit code; note that snakemake uses bash strict mode!)
    external_jobid: 8710598

[Thu Apr 24 09:51:18 2025]
Error in rule CALC_HET_PER_CHR:
    message: SLURM-job '8710593' failed, SLURM status is: 'FAILED'. For further error details see the cluster/cloud log and the log files of the involved rule(s).
    jobid: 207
    input: sharks/HepPer/temp/HepPer_Var_Only.txt, sharks/HepPer/Reference_HepPer_Chroms_Lengths.txt, sharks/HepPer/HepPer_ROH_Results.csv
    output: sharks/HepPer/20250422_CM068644.1_het.txt
    log: /rds/project/rds-p67MZilb2eQ/projects/VGP/heterozygosity/.snakemake/slurm_logs/rule_CALC_HET_PER_CHR/sharks_HepPer_20250422_CM068644.1/8710593.log (check log file(s) for error details)
    shell:
        
        python /rds/project/rds-p67MZilb2eQ/projects/VGP/heterozygosity/20250325_find_het_per_chr_V3.py sharks/HepPer/temp/HepPer_Var_Only.txt sharks/HepPer/Reference_HepPer_Chroms_Lengths.txt sharks HepPer 20250422 1000000 500000 45 sharks/HepPer/HepPer_ROH_Results.csv
        
        (one of the commands exited with non-zero exit code; note that snakemake uses bash strict mode!)
    external_jobid: 8710593

[Thu Apr 24 09:51:18 2025]
Error in rule CALC_HET_PER_CHR:
    message: SLURM-job '8710605' failed, SLURM status is: 'FAILED'. For further error details see the cluster/cloud log and the log files of the involved rule(s).
    jobid: 235
    input: sharks/HepPer/temp/HepPer_Var_Only.txt, sharks/HepPer/Reference_HepPer_Chroms_Lengths.txt, sharks/HepPer/HepPer_ROH_Results.csv
    output: sharks/HepPer/20250422_CM068672.1_het.txt
    log: /rds/project/rds-p67MZilb2eQ/projects/VGP/heterozygosity/.snakemake/slurm_logs/rule_CALC_HET_PER_CHR/sharks_HepPer_20250422_CM068672.1/8710605.log (check log file(s) for error details)
    shell:
        
        python /rds/project/rds-p67MZilb2eQ/projects/VGP/heterozygosity/20250325_find_het_per_chr_V3.py sharks/HepPer/temp/HepPer_Var_Only.txt sharks/HepPer/Reference_HepPer_Chroms_Lengths.txt sharks HepPer 20250422 1000000 500000 45 sharks/HepPer/HepPer_ROH_Results.csv
        
        (one of the commands exited with non-zero exit code; note that snakemake uses bash strict mode!)
    external_jobid: 8710605

[Thu Apr 24 09:51:18 2025]
Error in rule CALC_HET_PER_CHR:
    message: SLURM-job '8710607' failed, SLURM status is: 'FAILED'. For further error details see the cluster/cloud log and the log files of the involved rule(s).
    jobid: 240
    input: sharks/HepPer/temp/HepPer_Var_Only.txt, sharks/HepPer/Reference_HepPer_Chroms_Lengths.txt, sharks/HepPer/HepPer_ROH_Results.csv
    output: sharks/HepPer/20250422_CM068677.1_het.txt
    log: /rds/project/rds-p67MZilb2eQ/projects/VGP/heterozygosity/.snakemake/slurm_logs/rule_CALC_HET_PER_CHR/sharks_HepPer_20250422_CM068677.1/8710607.log (check log file(s) for error details)
    shell:
        
        python /rds/project/rds-p67MZilb2eQ/projects/VGP/heterozygosity/20250325_find_het_per_chr_V3.py sharks/HepPer/temp/HepPer_Var_Only.txt sharks/HepPer/Reference_HepPer_Chroms_Lengths.txt sharks HepPer 20250422 1000000 500000 45 sharks/HepPer/HepPer_ROH_Results.csv
        
        (one of the commands exited with non-zero exit code; note that snakemake uses bash strict mode!)
    external_jobid: 8710607

Removing output files of failed job CALC_HET_PER_CHR since they might be corrupted:
sharks/HepPer/20250422_CM068677.1_het.txt
[Thu Apr 24 09:52:18 2025]
Error in rule CALC_HET_PER_CHR:
    message: SLURM-job '8710654' failed, SLURM status is: 'FAILED'. For further error details see the cluster/cloud log and the log files of the involved rule(s).
    jobid: 220
    input: sharks/HepPer/temp/HepPer_Var_Only.txt, sharks/HepPer/Reference_HepPer_Chroms_Lengths.txt, sharks/HepPer/HepPer_ROH_Results.csv
    output: sharks/HepPer/20250422_CM068657.1_het.txt
    log: /rds/project/rds-p67MZilb2eQ/projects/VGP/heterozygosity/.snakemake/slurm_logs/rule_CALC_HET_PER_CHR/sharks_HepPer_20250422_CM068657.1/8710654.log (check log file(s) for error details)
    shell:
        
        python /rds/project/rds-p67MZilb2eQ/projects/VGP/heterozygosity/20250325_find_het_per_chr_V3.py sharks/HepPer/temp/HepPer_Var_Only.txt sharks/HepPer/Reference_HepPer_Chroms_Lengths.txt sharks HepPer 20250422 1000000 500000 45 sharks/HepPer/HepPer_ROH_Results.csv
        
        (one of the commands exited with non-zero exit code; note that snakemake uses bash strict mode!)
    external_jobid: 8710654

Shutting down, this might take some time.
Exiting because a job execution failed. Look above for error message
Complete log: .snakemake/log/2025-04-24T094617.217610.snakemake.log
WorkflowError:
At least one job did not complete successfully.
