host: login-p-3
Building DAG of jobs...
MissingInputException in rule RUN_PRIMARY_MSMC in file /rds/project/rds-p67MZilb2eQ/projects/VGP/heterozygosity/Snakefile, line 779:
Missing input files for rule RUN_PRIMARY_MSMC:
    output: sharks/NarBan/20250425_NarBan.msmc2.loop.txt, sharks/NarBan/20250425_NarBan.msmc2.log, sharks/NarBan/20250425_NarBan.msmc2.final.txt
    wildcards: CLADE=sharks, SPEC_NAME=NarBan, TODAY_DATE=20250425
    affected files:
        sharks/NarBan/MSMC/Output_multihet_filtered_95/CM072956.1_multihet.txt
        sharks/NarBan/MSMC/Output_multihet_filtered_95/CM072959.1_multihet.txt
        sharks/NarBan/MSMC/Output_multihet_filtered_95/CM072957.1_multihet.txt
        sharks/NarBan/MSMC/Output_multihet_filtered_95/CM072967.1_multihet.txt
        sharks/NarBan/MSMC/Output_multihet_filtered_95/CM072966.1_multihet.txt
        sharks/NarBan/MSMC/Output_multihet_filtered_95/CM072958.1_multihet.txt
        sharks/NarBan/MSMC/Output_multihet_filtered_95/CM072964.1_multihet.txt
        sharks/NarBan/MSMC/Output_multihet_filtered_95/CM072968.1_multihet.txt
        sharks/NarBan/MSMC/Output_multihet_filtered_95/CM072961.1_multihet.txt
        sharks/NarBan/MSMC/Output_multihet_filtered_95/CM072963.1_multihet.txt
        sharks/NarBan/MSMC/Output_multihet_filtered_95/CM072965.1_multihet.txt
        sharks/NarBan/MSMC/Output_multihet_filtered_95/CM072969.1_multihet.txt
        sharks/NarBan/MSMC/Output_multihet_filtered_95/CM072962.1_multihet.txt
        sharks/NarBan/MSMC/Output_multihet_filtered_95/CM072960.1_multihet.txt
