host: login-q-4
Building DAG of jobs...
MissingInputException in rule all in file /rds/project/rds-p67MZilb2eQ/projects/VGP/heterozygosity/Snakefile, line 99:
Missing input files for rule all:
    affected files:
        sharks/HemOce/MSMC/Output_Multihet_Bootstrapped/22/NC_083452.1_multihet.txt
        sharks/HemOce/MSMC/Output_Multihet_Bootstrapped/17/NC_083451.1_multihet.txt
        sharks/HemOce/MSMC/Output_Multihet_Bootstrapped/23/NC_083441.1_multihet.txt
        sharks/HemOce/MSMC/Output_Multihet_Bootstrapped/29/NC_083441.1_multihet.txt
        sharks/HemOce/MSMC/Output_Multihet_Bootstrapped/16/NC_083430.1_multihet.txt
        sharks/HemOce/MSMC/Output_Multihet_Bootstrapped/16/NC_083441.1_multihet.txt
        sharks/HemOce/MSMC/Output_Multihet_Bootstrapped/25/NC_083452.1_multihet.txt
        sharks/HemOce/MSMC/Output_Multihet_Bootstrapped/14/NC_083430.1_multihet.txt
        sharks/HemOce/MSMC/Output_Multihet_Bootstrapped/25/NC_083441.1_multihet.txt
        sharks/HemOce/MSMC/Output_Multihet_Bootstrapped/1/NC_083441.1_multihet.txt
        sharks/HemOce/MSMC/Output_Multihet_Bootstrapped/18/NC_083441.1_multihet.txt
        sharks/HemOce/MSMC/Output_Multihet_Bootstrapped/15/NC_083452.1_multihet.txt
        sharks/HemOce/MSMC/Output_Multihet_Bootstrapped/19/NC_083441.1_multihet.txt
        sharks/HemOce/MSMC/Output_Multihet_Bootstrapped/10/NC_083441.1_multihet.txt
        sharks/HemOce/MSMC/Output_Multihet_Bootstrapped/5/NC_083441.1_multihet.txt
        sharks/HemOce/MSMC/Output_Multihet_Bootstrapped/11/NC_083441.1_multihet.txt
        sharks/HemOce/MSMC/Output_Multihet_Bootstrapped/15/NC_083430.1_multihet.txt
        sharks/HemOce/MSMC/Output_Multihet_Bootstrapped/13/NC_083451.1_multihet.txt
        sharks/HemOce/MSMC/Output_Multihet_Bootstrapped/17/NC_083441.1_multihet.txt
        sharks/HemOce/MSMC/Output_Multihet_Bootstrapped/4/NC_083434.1_multihet.txt
        sharks/HemOce/MSMC/Output_Multihet_Bootstrapped/17/NC_083452.1_multihet.txt
        sharks/HemOce/MSMC/Output_Multihet_Bootstrapped/23/NC_083452.1_multihet.txt
        sharks/HemOce/MSMC/Output_Multihet_Bootstrapped/28/NC_083452.1_multihet.txt
        sharks/HemOce/MSMC/Output_Multihet_Bootstrapped/11/NC_083452.1_multihet.txt
        sharks/HemOce/MSMC/Output_Multihet_Bootstrapped/6/NC_083452.1_multihet.txt
        sharks/HemOce/MSMC/Output_Multihet_Bootstrapped/7/NC_083441.1_multihet.txt
        sharks/HemOce/MSMC/Output_Multihet_Bootstrapped/27/NC_083441.1_multihet.txt
        sharks/HemOce/MSMC/Output_Multihet_Bootstrapped/8/NC_083451.1_multihet.txt
        sharks/HemOce/MSMC/Output_Multihet_Bootstrapped/4/NC_083452.1_multihet.txt
        sharks/HemOce/MSMC/Output_Multihet_Bootstrapped/9/NC_083452.1_multihet.txt
        sharks/HemOce/MSMC/Output_Multihet_Bootstrapped/13/NC_083441.1_multihet.txt
        sharks/HemOce/MSMC/Output_Multihet_Bootstrapped/12/NC_083451.1_multihet.txt
        sharks/HemOce/MSMC/Output_Multihet_Bootstrapped/2/NC_083452.1_multihet.txt
        sharks/HemOce/MSMC/Output_Multihet_Bootstrapped/3/NC_083441.1_multihet.txt
        sharks/HemOce/MSMC/Output_Multihet_Bootstrapped/8/NC_083441.1_multihet.txt
        sharks/HemOce/MSMC/Output_Multihet_Bootstrapped/5/NC_083434.1_multihet.txt
        sharks/HemOce/MSMC/Output_Multihet_Bootstrapped/26/NC_083441.1_multihet.txt
        sharks/HemOce/MSMC/Output_Multihet_Bootstrapped/19/NC_083452.1_multihet.txt
        sharks/HemOce/MSMC/Output_Multihet_Bootstrapped/6/NC_083441.1_multihet.txt
        sharks/HemOce/MSMC/Output_Multihet_Bootstrapped/18/NC_083451.1_multihet.txt
        sharks/HemOce/MSMC/Output_Multihet_Bootstrapped/12/NC_083452.1_multihet.txt
        sharks/HemOce/MSMC/Output_Multihet_Bootstrapped/9/NC_083451.1_multihet.txt
        sharks/HemOce/MSMC/Output_Multihet_Bootstrapped/14/NC_083441.1_multihet.txt
        sharks/HemOce/MSMC/Output_Multihet_Bootstrapped/0/NC_083441.1_multihet.txt
        sharks/HemOce/MSMC/Output_Multihet_Bootstrapped/18/NC_083452.1_multihet.txt
        sharks/HemOce/MSMC/Output_Multihet_Bootstrapped/6/NC_083434.1_multihet.txt
        sharks/HemOce/MSMC/Output_Multihet_Bootstrapped/27/NC_083452.1_multihet.txt
        sharks/HemOce/MSMC/Output_Multihet_Bootstrapped/3/NC_083452.1_multihet.txt
        sharks/HemOce/MSMC/Output_Multihet_Bootstrapped/15/NC_083441.1_multihet.txt
        sharks/HemOce/MSMC/Output_Multihet_Bootstrapped/22/NC_083441.1_multihet.txt
        sharks/HemOce/MSMC/Output_Multihet_Bootstrapped/24/NC_083441.1_multihet.txt
        sharks/HemOce/MSMC/Output_Multihet_Bootstrapped/26/NC_083452.1_multihet.txt
        sharks/HemOce/MSMC/Output_Multihet_Bootstrapped/20/NC_083441.1_multihet.txt
        sharks/HemOce/MSMC/Output_Multihet_Bootstrapped/16/NC_083452.1_multihet.txt
        sharks/HemOce/MSMC/Output_Multihet_Bootstrapped/4/NC_083441.1_multihet.txt
        sharks/HemOce/MSMC/Output_Multihet_Bootstrapped/28/NC_083441.1_multihet.txt
        sharks/HemOce/MSMC/Output_Multihet_Bootstrapped/8/NC_083434.1_multihet.txt
        sharks/HemOce/MSMC/Output_Multihet_Bootstrapped/10/NC_083452.1_multihet.txt
        sharks/HemOce/MSMC/Output_Multihet_Bootstrapped/15/NC_083451.1_multihet.txt
        sharks/HemOce/MSMC/Output_Multihet_Bootstrapped/0/NC_083452.1_multihet.txt
        sharks/HemOce/MSMC/Output_Multihet_Bootstrapped/8/NC_083452.1_multihet.txt
        sharks/HemOce/MSMC/Output_Multihet_Bootstrapped/5/NC_083452.1_multihet.txt
        sharks/HemOce/MSMC/Output_Multihet_Bootstrapped/9/NC_083441.1_multihet.txt
        sharks/HemOce/MSMC/Output_Multihet_Bootstrapped/26/NC_083438.1_multihet.txt
        sharks/HemOce/MSMC/Output_Multihet_Bootstrapped/16/NC_083451.1_multihet.txt
        sharks/HemOce/MSMC/Output_Multihet_Bootstrapped/7/NC_083434.1_multihet.txt
        sharks/HemOce/MSMC/Output_Multihet_Bootstrapped/19/NC_083438.1_multihet.txt
        sharks/HemOce/MSMC/Output_Multihet_Bootstrapped/19/NC_083451.1_multihet.txt
        sharks/HemOce/MSMC/Output_Multihet_Bootstrapped/21/NC_083452.1_multihet.txt
        sharks/HemOce/MSMC/Output_Multihet_Bootstrapped/14/NC_083452.1_multihet.txt
        sharks/HemOce/MSMC/Output_Multihet_Bootstrapped/7/NC_083452.1_multihet.txt
        sharks/HemOce/MSMC/Output_Multihet_Bootstrapped/21/NC_083441.1_multihet.txt
        sharks/HemOce/MSMC/Output_Multihet_Bootstrapped/13/NC_083452.1_multihet.txt
        sharks/HemOce/MSMC/Output_Multihet_Bootstrapped/24/NC_083452.1_multihet.txt
        sharks/HemOce/MSMC/Output_Multihet_Bootstrapped/12/NC_083441.1_multihet.txt
        sharks/HemOce/MSMC/Output_Multihet_Bootstrapped/1/NC_083452.1_multihet.txt
        sharks/HemOce/MSMC/Output_Multihet_Bootstrapped/29/NC_083452.1_multihet.txt
        sharks/HemOce/MSMC/Output_Multihet_Bootstrapped/2/NC_083441.1_multihet.txt
        sharks/HemOce/MSMC/Output_Multihet_Bootstrapped/20/NC_083452.1_multihet.txt
        sharks/HemOce/MSMC/Output_Multihet_Bootstrapped/2/NC_083434.1_multihet.txt
        sharks/HemOce/MSMC/Output_Multihet_Bootstrapped/3/NC_083434.1_multihet.txt
        sharks/HemOce/MSMC/Output_Multihet_Bootstrapped/11/NC_083451.1_multihet.txt
