host: login-p-1
Building DAG of jobs...
Using shell: /usr/bin/bash
Provided cores: 56
Rules claiming more threads will be scaled down.
Job stats:
job           count
----------  -------
FILTER_PAF        1
total             1

Select jobs to execute...
Execute 1 jobs...

[Wed Mar 26 12:27:45 2025]
localrule FILTER_PAF:
    input: amphibians/EleCoq_TEST/EleCoq_TEST_FASTGA.paf
    output: amphibians/EleCoq_TEST/20250325_PAF_Filtration_output.txt
    jobid: 0
    reason: Missing output files: amphibians/EleCoq_TEST/20250325_PAF_Filtration_output.txt
    resources: tmpdir=/tmp

RuleException in rule FILTER_PAF in file /rds/project/rds-p67MZilb2eQ/projects/VGP/heterozygosity/Snakefile, line 215:
AttributeError: 'Params' object has no attribute 'chrom', when formatting the following:

        awk -v var='{params.chrom}' '{{if ($6 == var && $12 >= 60) {{print $0}}}}' {input} > {params.CLADE}/{params.SPEC_NAME}/{params.TODAY_DATE}_{wildcards.chrom}_filtered.paf
        echo "PAF Filtration for all chromosomes completed successfully" > {output}
        
