host: login-q-4
Building DAG of jobs...
Using shell: /usr/bin/bash
Provided cores: 76
Rules claiming more threads will be scaled down.
Job stats:
job                      count
---------------------  -------
CALC_HET_PER_CHR             8
CALC_HET_WHOLE_GENOME        1
COMPILE_HET                  1
PLOT_HET_PER_CHR            14
PLOT_WHOLE_HET               1
all                          1
total                       26

Select jobs to execute...
Execute 8 jobs...

[Fri May  2 16:41:51 2025]
localrule CALC_HET_PER_CHR:
    input: sharks/NarBan/temp/NarBan_Var_Only.txt, sharks/NarBan/Reference_NarBan_Chroms_Lengths.txt, sharks/NarBan/NarBan_ROH_Results.csv
    output: sharks/NarBan/20250425_CM072969.1_het.txt
    jobid: 83
    reason: Missing output files: sharks/NarBan/20250425_CM072969.1_het.txt
    wildcards: CLADE=sharks, SPEC_NAME=NarBan, TODAY_DATE=20250425, CHR=CM072969.1
    resources: tmpdir=/tmp


[Fri May  2 16:41:51 2025]
localrule CALC_HET_PER_CHR:
    input: sharks/NarBan/temp/NarBan_Var_Only.txt, sharks/NarBan/Reference_NarBan_Chroms_Lengths.txt, sharks/NarBan/NarBan_ROH_Results.csv
    output: sharks/NarBan/20250425_CM072964.1_het.txt
    jobid: 78
    reason: Missing output files: sharks/NarBan/20250425_CM072964.1_het.txt
    wildcards: CLADE=sharks, SPEC_NAME=NarBan, TODAY_DATE=20250425, CHR=CM072964.1
    resources: tmpdir=/tmp


[Fri May  2 16:41:51 2025]
localrule CALC_HET_PER_CHR:
    input: sharks/NarBan/temp/NarBan_Var_Only.txt, sharks/NarBan/Reference_NarBan_Chroms_Lengths.txt, sharks/NarBan/NarBan_ROH_Results.csv
    output: sharks/NarBan/20250425_CM072957.1_het.txt
    jobid: 71
    reason: Missing output files: sharks/NarBan/20250425_CM072957.1_het.txt
    wildcards: CLADE=sharks, SPEC_NAME=NarBan, TODAY_DATE=20250425, CHR=CM072957.1
    resources: tmpdir=/tmp


[Fri May  2 16:41:51 2025]
localrule CALC_HET_PER_CHR:
    input: sharks/NarBan/temp/NarBan_Var_Only.txt, sharks/NarBan/Reference_NarBan_Chroms_Lengths.txt, sharks/NarBan/NarBan_ROH_Results.csv
    output: sharks/NarBan/20250425_CM072966.1_het.txt
    jobid: 80
    reason: Missing output files: sharks/NarBan/20250425_CM072966.1_het.txt
    wildcards: CLADE=sharks, SPEC_NAME=NarBan, TODAY_DATE=20250425, CHR=CM072966.1
    resources: tmpdir=/tmp


[Fri May  2 16:41:51 2025]
localrule CALC_HET_PER_CHR:
    input: sharks/NarBan/temp/NarBan_Var_Only.txt, sharks/NarBan/Reference_NarBan_Chroms_Lengths.txt, sharks/NarBan/NarBan_ROH_Results.csv
    output: sharks/NarBan/20250425_CM072959.1_het.txt
    jobid: 73
    reason: Missing output files: sharks/NarBan/20250425_CM072959.1_het.txt
    wildcards: CLADE=sharks, SPEC_NAME=NarBan, TODAY_DATE=20250425, CHR=CM072959.1
    resources: tmpdir=/tmp


[Fri May  2 16:41:51 2025]
localrule CALC_HET_PER_CHR:
    input: sharks/NarBan/temp/NarBan_Var_Only.txt, sharks/NarBan/Reference_NarBan_Chroms_Lengths.txt, sharks/NarBan/NarBan_ROH_Results.csv
    output: sharks/NarBan/20250425_CM072968.1_het.txt
    jobid: 82
    reason: Missing output files: sharks/NarBan/20250425_CM072968.1_het.txt
    wildcards: CLADE=sharks, SPEC_NAME=NarBan, TODAY_DATE=20250425, CHR=CM072968.1
    resources: tmpdir=/tmp


[Fri May  2 16:41:51 2025]
localrule CALC_HET_PER_CHR:
    input: sharks/NarBan/temp/NarBan_Var_Only.txt, sharks/NarBan/Reference_NarBan_Chroms_Lengths.txt, sharks/NarBan/NarBan_ROH_Results.csv
    output: sharks/NarBan/20250425_CM072956.1_het.txt
    jobid: 70
    reason: Missing output files: sharks/NarBan/20250425_CM072956.1_het.txt
    wildcards: CLADE=sharks, SPEC_NAME=NarBan, TODAY_DATE=20250425, CHR=CM072956.1
    resources: tmpdir=/tmp


[Fri May  2 16:41:51 2025]
localrule CALC_HET_PER_CHR:
    input: sharks/NarBan/temp/NarBan_Var_Only.txt, sharks/NarBan/Reference_NarBan_Chroms_Lengths.txt, sharks/NarBan/NarBan_ROH_Results.csv
    output: sharks/NarBan/20250425_CM072967.1_het.txt
    jobid: 81
    reason: Missing output files: sharks/NarBan/20250425_CM072967.1_het.txt
    wildcards: CLADE=sharks, SPEC_NAME=NarBan, TODAY_DATE=20250425, CHR=CM072967.1
    resources: tmpdir=/tmp

[Fri May  2 16:47:00 2025]
Finished job 71.
1 of 26 steps (4%) done
[Fri May  2 16:47:01 2025]
Finished job 73.
2 of 26 steps (8%) done
[Fri May  2 16:47:01 2025]
Finished job 83.
3 of 26 steps (12%) done
[Fri May  2 16:47:03 2025]
Finished job 80.
4 of 26 steps (15%) done
[Fri May  2 16:47:03 2025]
Finished job 81.
5 of 26 steps (19%) done
[Fri May  2 16:47:04 2025]
Finished job 70.
6 of 26 steps (23%) done
[Fri May  2 16:47:05 2025]
Finished job 82.
7 of 26 steps (27%) done
[Fri May  2 16:47:06 2025]
Finished job 78.
8 of 26 steps (31%) done
Select jobs to execute...
Execute 2 jobs...

[Fri May  2 16:47:06 2025]
localrule CALC_HET_WHOLE_GENOME:
    input: sharks/NarBan/Reference_NarBan_Chroms_Lengths.txt, sharks/NarBan/20250425_CM072956.1_het.txt, sharks/NarBan/20250425_CM072957.1_het.txt, sharks/NarBan/20250425_CM072958.1_het.txt, sharks/NarBan/20250425_CM072959.1_het.txt, sharks/NarBan/20250425_CM072960.1_het.txt, sharks/NarBan/20250425_CM072961.1_het.txt, sharks/NarBan/20250425_CM072962.1_het.txt, sharks/NarBan/20250425_CM072963.1_het.txt, sharks/NarBan/20250425_CM072964.1_het.txt, sharks/NarBan/20250425_CM072965.1_het.txt, sharks/NarBan/20250425_CM072966.1_het.txt, sharks/NarBan/20250425_CM072967.1_het.txt, sharks/NarBan/20250425_CM072968.1_het.txt, sharks/NarBan/20250425_CM072969.1_het.txt
    output: sharks/NarBan/20250425_NarBan_per_chr_mean_heterozygosity.txt, sharks/NarBan/20250425_NarBan_whole_genome_mean_heterozygosity.txt
    jobid: 84
    reason: Missing output files: sharks/NarBan/20250425_NarBan_per_chr_mean_heterozygosity.txt, sharks/NarBan/20250425_NarBan_whole_genome_mean_heterozygosity.txt; Input files updated by another job: sharks/NarBan/20250425_CM072967.1_het.txt, sharks/NarBan/20250425_CM072964.1_het.txt, sharks/NarBan/20250425_CM072957.1_het.txt, sharks/NarBan/20250425_CM072968.1_het.txt, sharks/NarBan/20250425_CM072959.1_het.txt, sharks/NarBan/20250425_CM072969.1_het.txt, sharks/NarBan/20250425_CM072966.1_het.txt, sharks/NarBan/20250425_CM072956.1_het.txt
    wildcards: CLADE=sharks, SPEC_NAME=NarBan, TODAY_DATE=20250425
    resources: tmpdir=/tmp


[Fri May  2 16:47:06 2025]
localrule COMPILE_HET:
    input: sharks/NarBan/20250425_CM072956.1_het.txt, sharks/NarBan/20250425_CM072957.1_het.txt, sharks/NarBan/20250425_CM072958.1_het.txt, sharks/NarBan/20250425_CM072959.1_het.txt, sharks/NarBan/20250425_CM072960.1_het.txt, sharks/NarBan/20250425_CM072961.1_het.txt, sharks/NarBan/20250425_CM072962.1_het.txt, sharks/NarBan/20250425_CM072963.1_het.txt, sharks/NarBan/20250425_CM072964.1_het.txt, sharks/NarBan/20250425_CM072965.1_het.txt, sharks/NarBan/20250425_CM072966.1_het.txt, sharks/NarBan/20250425_CM072967.1_het.txt, sharks/NarBan/20250425_CM072968.1_het.txt, sharks/NarBan/20250425_CM072969.1_het.txt
    output: sharks/NarBan/NarBan_Het_Compiled.tsv
    jobid: 85
    reason: Missing output files: sharks/NarBan/NarBan_Het_Compiled.tsv; Input files updated by another job: sharks/NarBan/20250425_CM072967.1_het.txt, sharks/NarBan/20250425_CM072964.1_het.txt, sharks/NarBan/20250425_CM072957.1_het.txt, sharks/NarBan/20250425_CM072968.1_het.txt, sharks/NarBan/20250425_CM072959.1_het.txt, sharks/NarBan/20250425_CM072969.1_het.txt, sharks/NarBan/20250425_CM072966.1_het.txt, sharks/NarBan/20250425_CM072956.1_het.txt
    wildcards: CLADE=sharks, SPEC_NAME=NarBan
    resources: tmpdir=/tmp

[Fri May  2 16:47:06 2025]
Finished job 85.
9 of 26 steps (35%) done
Select jobs to execute...
Execute 15 jobs...

[Fri May  2 16:47:06 2025]
localrule PLOT_HET_PER_CHR:
    input: sharks/NarBan/NarBan_Het_Compiled.tsv
    output: sharks/NarBan/20250425_NarBan_CM072968.1_Het_Map.svg
    jobid: 98
    reason: Missing output files: sharks/NarBan/20250425_NarBan_CM072968.1_Het_Map.svg; Input files updated by another job: sharks/NarBan/NarBan_Het_Compiled.tsv
    wildcards: CLADE=sharks, SPEC_NAME=NarBan, TODAY_DATE=20250425, CHR=CM072968.1
    resources: tmpdir=/tmp


[Fri May  2 16:47:06 2025]
localrule PLOT_HET_PER_CHR:
    input: sharks/NarBan/NarBan_Het_Compiled.tsv
    output: sharks/NarBan/20250425_NarBan_CM072961.1_Het_Map.svg
    jobid: 91
    reason: Missing output files: sharks/NarBan/20250425_NarBan_CM072961.1_Het_Map.svg; Input files updated by another job: sharks/NarBan/NarBan_Het_Compiled.tsv
    wildcards: CLADE=sharks, SPEC_NAME=NarBan, TODAY_DATE=20250425, CHR=CM072961.1
    resources: tmpdir=/tmp


[Fri May  2 16:47:06 2025]
localrule PLOT_WHOLE_HET:
    input: sharks/NarBan/NarBan_Het_Compiled.tsv
    output: sharks/NarBan/20250425_NarBan_Het_Whole_Genome_Map.svg
    jobid: 100
    reason: Missing output files: sharks/NarBan/20250425_NarBan_Het_Whole_Genome_Map.svg; Input files updated by another job: sharks/NarBan/NarBan_Het_Compiled.tsv
    wildcards: CLADE=sharks, SPEC_NAME=NarBan, TODAY_DATE=20250425
    resources: tmpdir=/tmp


[Fri May  2 16:47:07 2025]
localrule PLOT_HET_PER_CHR:
    input: sharks/NarBan/NarBan_Het_Compiled.tsv
    output: sharks/NarBan/20250425_NarBan_CM072963.1_Het_Map.svg
    jobid: 93
    reason: Missing output files: sharks/NarBan/20250425_NarBan_CM072963.1_Het_Map.svg; Input files updated by another job: sharks/NarBan/NarBan_Het_Compiled.tsv
    wildcards: CLADE=sharks, SPEC_NAME=NarBan, TODAY_DATE=20250425, CHR=CM072963.1
    resources: tmpdir=/tmp


[Fri May  2 16:47:07 2025]
localrule PLOT_HET_PER_CHR:
    input: sharks/NarBan/NarBan_Het_Compiled.tsv
    output: sharks/NarBan/20250425_NarBan_CM072956.1_Het_Map.svg
    jobid: 86
    reason: Missing output files: sharks/NarBan/20250425_NarBan_CM072956.1_Het_Map.svg; Input files updated by another job: sharks/NarBan/NarBan_Het_Compiled.tsv
    wildcards: CLADE=sharks, SPEC_NAME=NarBan, TODAY_DATE=20250425, CHR=CM072956.1
    resources: tmpdir=/tmp


[Fri May  2 16:47:07 2025]
localrule PLOT_HET_PER_CHR:
    input: sharks/NarBan/NarBan_Het_Compiled.tsv
    output: sharks/NarBan/20250425_NarBan_CM072965.1_Het_Map.svg
    jobid: 95
    reason: Missing output files: sharks/NarBan/20250425_NarBan_CM072965.1_Het_Map.svg; Input files updated by another job: sharks/NarBan/NarBan_Het_Compiled.tsv
    wildcards: CLADE=sharks, SPEC_NAME=NarBan, TODAY_DATE=20250425, CHR=CM072965.1
    resources: tmpdir=/tmp


[Fri May  2 16:47:07 2025]
localrule PLOT_HET_PER_CHR:
    input: sharks/NarBan/NarBan_Het_Compiled.tsv
    output: sharks/NarBan/20250425_NarBan_CM072958.1_Het_Map.svg
    jobid: 88
    reason: Missing output files: sharks/NarBan/20250425_NarBan_CM072958.1_Het_Map.svg; Input files updated by another job: sharks/NarBan/NarBan_Het_Compiled.tsv
    wildcards: CLADE=sharks, SPEC_NAME=NarBan, TODAY_DATE=20250425, CHR=CM072958.1
    resources: tmpdir=/tmp


[Fri May  2 16:47:08 2025]
localrule PLOT_HET_PER_CHR:
    input: sharks/NarBan/NarBan_Het_Compiled.tsv
    output: sharks/NarBan/20250425_NarBan_CM072967.1_Het_Map.svg
    jobid: 97
    reason: Missing output files: sharks/NarBan/20250425_NarBan_CM072967.1_Het_Map.svg; Input files updated by another job: sharks/NarBan/NarBan_Het_Compiled.tsv
    wildcards: CLADE=sharks, SPEC_NAME=NarBan, TODAY_DATE=20250425, CHR=CM072967.1
    resources: tmpdir=/tmp


[Fri May  2 16:47:08 2025]
localrule PLOT_HET_PER_CHR:
    input: sharks/NarBan/NarBan_Het_Compiled.tsv
    output: sharks/NarBan/20250425_NarBan_CM072960.1_Het_Map.svg
    jobid: 90
    reason: Missing output files: sharks/NarBan/20250425_NarBan_CM072960.1_Het_Map.svg; Input files updated by another job: sharks/NarBan/NarBan_Het_Compiled.tsv
    wildcards: CLADE=sharks, SPEC_NAME=NarBan, TODAY_DATE=20250425, CHR=CM072960.1
    resources: tmpdir=/tmp


[Fri May  2 16:47:09 2025]
localrule PLOT_HET_PER_CHR:
    input: sharks/NarBan/NarBan_Het_Compiled.tsv
    output: sharks/NarBan/20250425_NarBan_CM072969.1_Het_Map.svg
    jobid: 99
    reason: Missing output files: sharks/NarBan/20250425_NarBan_CM072969.1_Het_Map.svg; Input files updated by another job: sharks/NarBan/NarBan_Het_Compiled.tsv
    wildcards: CLADE=sharks, SPEC_NAME=NarBan, TODAY_DATE=20250425, CHR=CM072969.1
    resources: tmpdir=/tmp


[Fri May  2 16:47:09 2025]
localrule PLOT_HET_PER_CHR:
    input: sharks/NarBan/NarBan_Het_Compiled.tsv
    output: sharks/NarBan/20250425_NarBan_CM072962.1_Het_Map.svg
    jobid: 92
    reason: Missing output files: sharks/NarBan/20250425_NarBan_CM072962.1_Het_Map.svg; Input files updated by another job: sharks/NarBan/NarBan_Het_Compiled.tsv
    wildcards: CLADE=sharks, SPEC_NAME=NarBan, TODAY_DATE=20250425, CHR=CM072962.1
    resources: tmpdir=/tmp


[Fri May  2 16:47:09 2025]
localrule PLOT_HET_PER_CHR:
    input: sharks/NarBan/NarBan_Het_Compiled.tsv
    output: sharks/NarBan/20250425_NarBan_CM072964.1_Het_Map.svg
    jobid: 94
    reason: Missing output files: sharks/NarBan/20250425_NarBan_CM072964.1_Het_Map.svg; Input files updated by another job: sharks/NarBan/NarBan_Het_Compiled.tsv
    wildcards: CLADE=sharks, SPEC_NAME=NarBan, TODAY_DATE=20250425, CHR=CM072964.1
    resources: tmpdir=/tmp


[Fri May  2 16:47:11 2025]
localrule PLOT_HET_PER_CHR:
    input: sharks/NarBan/NarBan_Het_Compiled.tsv
    output: sharks/NarBan/20250425_NarBan_CM072957.1_Het_Map.svg
    jobid: 87
    reason: Missing output files: sharks/NarBan/20250425_NarBan_CM072957.1_Het_Map.svg; Input files updated by another job: sharks/NarBan/NarBan_Het_Compiled.tsv
    wildcards: CLADE=sharks, SPEC_NAME=NarBan, TODAY_DATE=20250425, CHR=CM072957.1
    resources: tmpdir=/tmp


[Fri May  2 16:47:13 2025]
localrule PLOT_HET_PER_CHR:
    input: sharks/NarBan/NarBan_Het_Compiled.tsv
    output: sharks/NarBan/20250425_NarBan_CM072966.1_Het_Map.svg
    jobid: 96
    reason: Missing output files: sharks/NarBan/20250425_NarBan_CM072966.1_Het_Map.svg; Input files updated by another job: sharks/NarBan/NarBan_Het_Compiled.tsv
    wildcards: CLADE=sharks, SPEC_NAME=NarBan, TODAY_DATE=20250425, CHR=CM072966.1
    resources: tmpdir=/tmp


[Fri May  2 16:47:13 2025]
localrule PLOT_HET_PER_CHR:
    input: sharks/NarBan/NarBan_Het_Compiled.tsv
    output: sharks/NarBan/20250425_NarBan_CM072959.1_Het_Map.svg
    jobid: 89
    reason: Missing output files: sharks/NarBan/20250425_NarBan_CM072959.1_Het_Map.svg; Input files updated by another job: sharks/NarBan/NarBan_Het_Compiled.tsv
    wildcards: CLADE=sharks, SPEC_NAME=NarBan, TODAY_DATE=20250425, CHR=CM072959.1
    resources: tmpdir=/tmp

[Fri May  2 16:47:13 2025]
Finished job 84.
10 of 26 steps (38%) done
[Fri May  2 16:47:40 2025]
Finished job 98.
11 of 26 steps (42%) done
[Fri May  2 16:47:41 2025]
Finished job 86.
12 of 26 steps (46%) done
[Fri May  2 16:47:41 2025]
Finished job 100.
13 of 26 steps (50%) done
[Fri May  2 16:47:42 2025]
Finished job 93.
14 of 26 steps (54%) done
[Fri May  2 16:47:42 2025]
Finished job 97.
15 of 26 steps (58%) done
[Fri May  2 16:47:42 2025]
Finished job 95.
16 of 26 steps (62%) done
[Fri May  2 16:47:42 2025]
Finished job 91.
17 of 26 steps (65%) done
[Fri May  2 16:47:42 2025]
Finished job 99.
18 of 26 steps (69%) done
[Fri May  2 16:47:42 2025]
Finished job 87.
19 of 26 steps (73%) done
[Fri May  2 16:47:42 2025]
Finished job 92.
20 of 26 steps (77%) done
[Fri May  2 16:47:42 2025]
Finished job 88.
21 of 26 steps (81%) done
[Fri May  2 16:47:42 2025]
Finished job 96.
22 of 26 steps (85%) done
[Fri May  2 16:47:42 2025]
Finished job 89.
23 of 26 steps (88%) done
[Fri May  2 16:47:42 2025]
Finished job 94.
24 of 26 steps (92%) done
[Fri May  2 16:47:42 2025]
Finished job 90.
25 of 26 steps (96%) done
Select jobs to execute...
Execute 1 jobs...

[Fri May  2 16:47:43 2025]
localrule all:
    input: sharks/NarBan/NarBan_FASTGA.chain.fltr.srt.paf, sharks/NarBan/temp/NarBan_Var_Only.txt, sharks/NarBan/temp/NarBan_Aln_Only.txt, sharks/NarBan/temp/20250425_CM072956.1_Aln_Only.txt, sharks/NarBan/temp/20250425_CM072957.1_Aln_Only.txt, sharks/NarBan/temp/20250425_CM072958.1_Aln_Only.txt, sharks/NarBan/temp/20250425_CM072959.1_Aln_Only.txt, sharks/NarBan/temp/20250425_CM072960.1_Aln_Only.txt, sharks/NarBan/temp/20250425_CM072961.1_Aln_Only.txt, sharks/NarBan/temp/20250425_CM072962.1_Aln_Only.txt, sharks/NarBan/temp/20250425_CM072963.1_Aln_Only.txt, sharks/NarBan/temp/20250425_CM072964.1_Aln_Only.txt, sharks/NarBan/temp/20250425_CM072965.1_Aln_Only.txt, sharks/NarBan/temp/20250425_CM072966.1_Aln_Only.txt, sharks/NarBan/temp/20250425_CM072967.1_Aln_Only.txt, sharks/NarBan/temp/20250425_CM072968.1_Aln_Only.txt, sharks/NarBan/temp/20250425_CM072969.1_Aln_Only.txt, sharks/NarBan/temp/20250425_CM072956.1_Var_Only.txt, sharks/NarBan/temp/20250425_CM072957.1_Var_Only.txt, sharks/NarBan/temp/20250425_CM072958.1_Var_Only.txt, sharks/NarBan/temp/20250425_CM072959.1_Var_Only.txt, sharks/NarBan/temp/20250425_CM072960.1_Var_Only.txt, sharks/NarBan/temp/20250425_CM072961.1_Var_Only.txt, sharks/NarBan/temp/20250425_CM072962.1_Var_Only.txt, sharks/NarBan/temp/20250425_CM072963.1_Var_Only.txt, sharks/NarBan/temp/20250425_CM072964.1_Var_Only.txt, sharks/NarBan/temp/20250425_CM072965.1_Var_Only.txt, sharks/NarBan/temp/20250425_CM072966.1_Var_Only.txt, sharks/NarBan/temp/20250425_CM072967.1_Var_Only.txt, sharks/NarBan/temp/20250425_CM072968.1_Var_Only.txt, sharks/NarBan/temp/20250425_CM072969.1_Var_Only.txt, sharks/NarBan/20250425_CM072956.1_ROH_Results.txt, sharks/NarBan/20250425_CM072957.1_ROH_Results.txt, sharks/NarBan/20250425_CM072958.1_ROH_Results.txt, sharks/NarBan/20250425_CM072959.1_ROH_Results.txt, sharks/NarBan/20250425_CM072960.1_ROH_Results.txt, sharks/NarBan/20250425_CM072961.1_ROH_Results.txt, sharks/NarBan/20250425_CM072962.1_ROH_Results.txt, sharks/NarBan/20250425_CM072963.1_ROH_Results.txt, sharks/NarBan/20250425_CM072964.1_ROH_Results.txt, sharks/NarBan/20250425_CM072965.1_ROH_Results.txt, sharks/NarBan/20250425_CM072966.1_ROH_Results.txt, sharks/NarBan/20250425_CM072967.1_ROH_Results.txt, sharks/NarBan/20250425_CM072968.1_ROH_Results.txt, sharks/NarBan/20250425_CM072969.1_ROH_Results.txt, sharks/NarBan/NarBan_ROH_Results.csv, sharks/NarBan/20250425_NarBan_ROH_Map.pdf, sharks/NarBan/20250425_CM072956.1_GCA_036971175.1_FROH.txt, sharks/NarBan/20250425_CM072957.1_GCA_036971175.1_FROH.txt, sharks/NarBan/20250425_CM072958.1_GCA_036971175.1_FROH.txt, sharks/NarBan/20250425_CM072959.1_GCA_036971175.1_FROH.txt, sharks/NarBan/20250425_CM072960.1_GCA_036971175.1_FROH.txt, sharks/NarBan/20250425_CM072961.1_GCA_036971175.1_FROH.txt, sharks/NarBan/20250425_CM072962.1_GCA_036971175.1_FROH.txt, sharks/NarBan/20250425_CM072963.1_GCA_036971175.1_FROH.txt, sharks/NarBan/20250425_CM072964.1_GCA_036971175.1_FROH.txt, sharks/NarBan/20250425_CM072965.1_GCA_036971175.1_FROH.txt, sharks/NarBan/20250425_CM072966.1_GCA_036971175.1_FROH.txt, sharks/NarBan/20250425_CM072967.1_GCA_036971175.1_FROH.txt, sharks/NarBan/20250425_CM072968.1_GCA_036971175.1_FROH.txt, sharks/NarBan/20250425_CM072969.1_GCA_036971175.1_FROH.txt, sharks/NarBan/20250425_NarBan_FROH.txt, sharks/NarBan/20250425_CM072956.1_het.txt, sharks/NarBan/20250425_CM072957.1_het.txt, sharks/NarBan/20250425_CM072958.1_het.txt, sharks/NarBan/20250425_CM072959.1_het.txt, sharks/NarBan/20250425_CM072960.1_het.txt, sharks/NarBan/20250425_CM072961.1_het.txt, sharks/NarBan/20250425_CM072962.1_het.txt, sharks/NarBan/20250425_CM072963.1_het.txt, sharks/NarBan/20250425_CM072964.1_het.txt, sharks/NarBan/20250425_CM072965.1_het.txt, sharks/NarBan/20250425_CM072966.1_het.txt, sharks/NarBan/20250425_CM072967.1_het.txt, sharks/NarBan/20250425_CM072968.1_het.txt, sharks/NarBan/20250425_CM072969.1_het.txt, sharks/NarBan/20250425_NarBan_per_chr_mean_heterozygosity.txt, sharks/NarBan/20250425_NarBan_whole_genome_mean_heterozygosity.txt, sharks/NarBan/NarBan_Het_Compiled.tsv, sharks/NarBan/20250425_NarBan_CM072956.1_Het_Map.svg, sharks/NarBan/20250425_NarBan_CM072957.1_Het_Map.svg, sharks/NarBan/20250425_NarBan_CM072958.1_Het_Map.svg, sharks/NarBan/20250425_NarBan_CM072959.1_Het_Map.svg, sharks/NarBan/20250425_NarBan_CM072960.1_Het_Map.svg, sharks/NarBan/20250425_NarBan_CM072961.1_Het_Map.svg, sharks/NarBan/20250425_NarBan_CM072962.1_Het_Map.svg, sharks/NarBan/20250425_NarBan_CM072963.1_Het_Map.svg, sharks/NarBan/20250425_NarBan_CM072964.1_Het_Map.svg, sharks/NarBan/20250425_NarBan_CM072965.1_Het_Map.svg, sharks/NarBan/20250425_NarBan_CM072966.1_Het_Map.svg, sharks/NarBan/20250425_NarBan_CM072967.1_Het_Map.svg, sharks/NarBan/20250425_NarBan_CM072968.1_Het_Map.svg, sharks/NarBan/20250425_NarBan_CM072969.1_Het_Map.svg, sharks/NarBan/20250425_NarBan_Het_Whole_Genome_Map.svg
    jobid: 0
    reason: Input files updated by another job: sharks/NarBan/20250425_NarBan_CM072964.1_Het_Map.svg, sharks/NarBan/20250425_NarBan_CM072969.1_Het_Map.svg, sharks/NarBan/20250425_NarBan_CM072965.1_Het_Map.svg, sharks/NarBan/20250425_NarBan_whole_genome_mean_heterozygosity.txt, sharks/NarBan/20250425_CM072964.1_het.txt, sharks/NarBan/20250425_NarBan_CM072957.1_Het_Map.svg, sharks/NarBan/20250425_CM072968.1_het.txt, sharks/NarBan/20250425_CM072959.1_het.txt, sharks/NarBan/20250425_NarBan_CM072958.1_Het_Map.svg, sharks/NarBan/20250425_CM072956.1_het.txt, sharks/NarBan/20250425_CM072957.1_het.txt, sharks/NarBan/NarBan_Het_Compiled.tsv, sharks/NarBan/20250425_NarBan_per_chr_mean_heterozygosity.txt, sharks/NarBan/20250425_NarBan_CM072956.1_Het_Map.svg, sharks/NarBan/20250425_NarBan_CM072960.1_Het_Map.svg, sharks/NarBan/20250425_CM072969.1_het.txt, sharks/NarBan/20250425_NarBan_CM072961.1_Het_Map.svg, sharks/NarBan/20250425_CM072967.1_het.txt, sharks/NarBan/20250425_NarBan_CM072968.1_Het_Map.svg, sharks/NarBan/20250425_NarBan_CM072963.1_Het_Map.svg, sharks/NarBan/20250425_CM072966.1_het.txt, sharks/NarBan/20250425_NarBan_CM072967.1_Het_Map.svg, sharks/NarBan/20250425_NarBan_CM072959.1_Het_Map.svg, sharks/NarBan/20250425_NarBan_Het_Whole_Genome_Map.svg, sharks/NarBan/20250425_NarBan_CM072966.1_Het_Map.svg, sharks/NarBan/20250425_NarBan_CM072962.1_Het_Map.svg
    resources: tmpdir=/tmp

[Fri May  2 16:47:43 2025]
Finished job 0.
26 of 26 steps (100%) done
Complete log: .snakemake/log/2025-05-02T164150.603028.snakemake.log
