host: login-p-1
Building DAG of jobs...
Using shell: /usr/bin/bash
Provided cores: 56
Rules claiming more threads will be scaled down.
Job stats:
job                    count
-------------------  -------
ALNtoPAF                   1
FILTER_PAF_VARIANCE        1
GET_WHOLE_ALN              1
GET_WHOLE_VAR              1
SORT_PAF                   1
all                        1
total                      6

Select jobs to execute...
Execute 1 jobs...

[Sat Apr 12 10:44:21 2025]
localrule ALNtoPAF:
    input: sharks/NarBan/NarBan_ALN.1aln
    output: sharks/NarBan/NarBan_FASTGA.paf
    jobid: 3
    reason: Missing output files: sharks/NarBan/NarBan_FASTGA.paf
    resources: tmpdir=/tmp

[Sat Apr 12 10:58:09 2025]
Finished job 3.
1 of 6 steps (17%) done
Select jobs to execute...
Execute 1 jobs...

[Sat Apr 12 10:58:09 2025]
localrule FILTER_PAF_VARIANCE:
    input: sharks/NarBan/NarBan_FASTGA.paf
    output: sharks/NarBan/NarBan_FASTGA.fltr.paf
    jobid: 2
    reason: Missing output files: sharks/NarBan/NarBan_FASTGA.fltr.paf; Input files updated by another job: sharks/NarBan/NarBan_FASTGA.paf
    resources: tmpdir=/tmp

[Sat Apr 12 10:59:07 2025]
Finished job 2.
2 of 6 steps (33%) done
Select jobs to execute...
Execute 1 jobs...

[Sat Apr 12 10:59:07 2025]
localrule SORT_PAF:
    input: sharks/NarBan/NarBan_FASTGA.fltr.paf
    output: sharks/NarBan/NarBan_FASTGA.fltr.srt.paf
    jobid: 1
    reason: Missing output files: sharks/NarBan/NarBan_FASTGA.fltr.srt.paf; Input files updated by another job: sharks/NarBan/NarBan_FASTGA.fltr.paf
    resources: tmpdir=/tmp

RuleException:
CalledProcessError in file /rds/project/rds-p67MZilb2eQ/projects/VGP/heterozygosity/Snakefile, line 193:
Command 'set -euo pipefail;  
        sort -k6,6V -k8,8n sharks/NarBan/NarBan_FASTGA.fltr.paf > sharks/NarBan/NarBan_FASTGA.fltr.srt.paf' returned non-zero exit status 137.
[Sat Apr 12 11:00:19 2025]
Error in rule SORT_PAF:
    jobid: 1
    input: sharks/NarBan/NarBan_FASTGA.fltr.paf
    output: sharks/NarBan/NarBan_FASTGA.fltr.srt.paf
    shell:
        
        sort -k6,6V -k8,8n sharks/NarBan/NarBan_FASTGA.fltr.paf > sharks/NarBan/NarBan_FASTGA.fltr.srt.paf
        
        (one of the commands exited with non-zero exit code; note that snakemake uses bash strict mode!)

Removing output files of failed job SORT_PAF since they might be corrupted:
sharks/NarBan/NarBan_FASTGA.fltr.srt.paf
Shutting down, this might take some time.
Exiting because a job execution failed. Look above for error message
Complete log: .snakemake/log/2025-04-12T104421.051449.snakemake.log
WorkflowError:
At least one job did not complete successfully.
