host: login-p-3
Building DAG of jobs...
MissingInputException in rule all in file /rds/project/rds-p67MZilb2eQ/projects/VGP/heterozygosity/Snakefile, line 99:
Missing input files for rule all:
    affected files:
        sharks/HydCol/HydCol_CM068752.1.bam.bai
        sharks/HydCol/temp/CM068773.1_only_snps.vcf.bgz.tbi
        sharks/HydCol/HydCol_CM068773.1.bam.bai
        sharks/HydCol/HydCol_CM068745.1.bam.bai
        sharks/HydCol/temp/CM068747.1_only_snps.vcf.bgz.tbi
        sharks/HydCol/HydCol_CM068778.1.bam.bai
        sharks/HydCol/HydCol_CM068770.1.bam.bai
        sharks/HydCol/temp/CM068781.1_only_snps.vcf.bgz.tbi
        sharks/HydCol/temp/CM068764.1_only_snps.vcf.bgz.tbi
        sharks/HydCol/temp/CM068762.1_only_snps.vcf.bgz.tbi
        sharks/HydCol/HydCol_CM068757.1.bam.bai
        sharks/HydCol/HydCol_CM068758.1.bam.bai
        sharks/HydCol/temp/CM068758.1_only_snps.vcf.bgz.tbi
        sharks/HydCol/HydCol_CM068766.1.bam.bai
        sharks/HydCol/temp/CM068745.1_only_snps.vcf.bgz.tbi
        sharks/HydCol/temp/CM068767.1_only_snps.vcf.bgz.tbi
        sharks/HydCol/HydCol_CM068755.1.bam.bai
        sharks/HydCol/temp/CM068765.1_only_snps.vcf.bgz.tbi
        sharks/HydCol/temp/CM068769.1_only_snps.vcf.bgz.tbi
        sharks/HydCol/temp/CM068766.1_only_snps.vcf.bgz.tbi
        sharks/HydCol/temp/CM068750.1_only_snps.vcf.bgz.tbi
        sharks/HydCol/temp/CM068777.1_only_snps.vcf.bgz.tbi
        sharks/HydCol/HydCol_CM068776.1.bam.bai
        sharks/HydCol/temp/CM068761.1_only_snps.vcf.bgz.tbi
        sharks/HydCol/HydCol_CM068748.1.bam.bai
        sharks/HydCol/temp/CM068752.1_only_snps.vcf.bgz.tbi
        sharks/HydCol/temp/CM068768.1_only_snps.vcf.bgz.tbi
        sharks/HydCol/temp/CM068754.1_only_snps.vcf.bgz.tbi
        sharks/HydCol/HydCol_CM068771.1.bam.bai
        sharks/HydCol/HydCol_CM068744.1.bam.bai
        sharks/HydCol/HydCol_CM068756.1.bam.bai
        sharks/HydCol/HydCol_CM068780.1.bam.bai
        sharks/HydCol/HydCol_CM068759.1.bam.bai
        sharks/HydCol/temp/CM068779.1_only_snps.vcf.bgz.tbi
        sharks/HydCol/HydCol_CM068754.1.bam.bai
        sharks/HydCol/temp/CM068746.1_only_snps.vcf.bgz.tbi
        sharks/HydCol/temp/CM068770.1_only_snps.vcf.bgz.tbi
        sharks/HydCol/HydCol_CM068762.1.bam.bai
        sharks/HydCol/temp/CM068763.1_only_snps.vcf.bgz.tbi
        sharks/HydCol/HydCol_CM068779.1.bam.bai
        sharks/HydCol/temp/CM068749.1_only_snps.vcf.bgz.tbi
        sharks/HydCol/HydCol_CM068764.1.bam.bai
        sharks/HydCol/temp/CM068774.1_only_snps.vcf.bgz.tbi
        sharks/HydCol/HydCol_CM068775.1.bam.bai
        sharks/HydCol/HydCol_CM068760.1.bam.bai
        sharks/HydCol/HydCol_CM068772.1.bam.bai
        sharks/HydCol/temp/CM068759.1_only_snps.vcf.bgz.tbi
        sharks/HydCol/temp/CM068755.1_only_snps.vcf.bgz.tbi
        sharks/HydCol/HydCol_CM068767.1.bam.bai
        sharks/HydCol/temp/CM068776.1_only_snps.vcf.bgz.tbi
        sharks/HydCol/HydCol_CM068768.1.bam.bai
        sharks/HydCol/HydCol_CM068753.1.bam.bai
        sharks/HydCol/temp/CM068771.1_only_snps.vcf.bgz.tbi
        sharks/HydCol/HydCol_CM068777.1.bam.bai
        sharks/HydCol/temp/CM068778.1_only_snps.vcf.bgz.tbi
        sharks/HydCol/HydCol_CM068749.1.bam.bai
        sharks/HydCol/temp/CM068760.1_only_snps.vcf.bgz.tbi
        sharks/HydCol/HydCol_CM068743.1.bam.bai
        sharks/HydCol/temp/CM068748.1_only_snps.vcf.bgz.tbi
        sharks/HydCol/temp/CM068751.1_only_snps.vcf.bgz.tbi
        sharks/HydCol/temp/CM068780.1_only_snps.vcf.bgz.tbi
        sharks/HydCol/HydCol_CM068765.1.bam.bai
        sharks/HydCol/temp/CM068756.1_only_snps.vcf.bgz.tbi
        sharks/HydCol/HydCol_CM068781.1.bam.bai
        sharks/HydCol/HydCol_CM068750.1.bam.bai
        sharks/HydCol/temp/CM068744.1_only_snps.vcf.bgz.tbi
        sharks/HydCol/HydCol_CM068747.1.bam.bai
        sharks/HydCol/HydCol_CM068761.1.bam.bai
        sharks/HydCol/temp/CM068753.1_only_snps.vcf.bgz.tbi
        sharks/HydCol/HydCol_CM068769.1.bam.bai
        sharks/HydCol/HydCol_CM068742.1.bam.bai
        sharks/HydCol/temp/CM068742.1_only_snps.vcf.bgz.tbi
        sharks/HydCol/temp/CM068743.1_only_snps.vcf.bgz.tbi
        sharks/HydCol/HydCol_CM068746.1.bam.bai
        sharks/HydCol/HydCol_CM068774.1.bam.bai
        sharks/HydCol/HydCol_CM068763.1.bam.bai
        sharks/HydCol/temp/CM068757.1_only_snps.vcf.bgz.tbi
        sharks/HydCol/HydCol_CM068751.1.bam.bai
        sharks/HydCol/temp/CM068772.1_only_snps.vcf.bgz.tbi
        sharks/HydCol/temp/CM068775.1_only_snps.vcf.bgz.tbi
