host: login-q-1
Building DAG of jobs...
SLURM run ID: 1ccb837c-f75d-4ab1-81e7-67bc9875ef9c
Using shell: /usr/bin/bash
Provided remote nodes: 50
Job stats:
job                      count
---------------------  -------
BGZIP_VCF                   32
CALC_HET_PER_CHR            32
CALC_HET_WHOLE_GENOME        1
COMPILE_HET                  1
PLOT_HET_PER_CHR            32
PLOT_WHOLE_HET               1
REMOVE_INDELS               32
all                          1
total                      132

Select jobs to execute...
Execute 50 jobs...

[Wed May 21 14:40:29 2025]
rule CALC_HET_PER_CHR:
    input: sharks/MobBir/temp/MobBir_Var_Only.txt, sharks/MobBir/Reference_MobBir_Chroms_Lengths.txt, sharks/MobBir/MobBir_ROH_Results.csv
    output: sharks/MobBir/20250411_CM057584.1_het.txt
    jobid: 176
    reason: Code has changed since last execution
    wildcards: CLADE=sharks, SPEC_NAME=MobBir, TODAY_DATE=20250411, CHROM=CM057584.1
    resources: mem_mb=100000, mem_mib=95368, disk_mb=1479, disk_mib=1411, tmpdir=<TBD>, slurm_account=DURBIN-SL2-CPU, slurm_partition=cclake-himem, runtime=120

Job 176 has been submitted with SLURM jobid 9675537 (log: /rds/project/rds-p67MZilb2eQ/projects/VGP/heterozygosity/.snakemake/slurm_logs/rule_CALC_HET_PER_CHR/sharks_MobBir_20250411_CM057584.1/9675537.log).

[Wed May 21 14:40:39 2025]
rule CALC_HET_PER_CHR:
    input: sharks/MobBir/temp/MobBir_Var_Only.txt, sharks/MobBir/Reference_MobBir_Chroms_Lengths.txt, sharks/MobBir/MobBir_ROH_Results.csv
    output: sharks/MobBir/20250411_CM057577.1_het.txt
    jobid: 169
    reason: Code has changed since last execution
    wildcards: CLADE=sharks, SPEC_NAME=MobBir, TODAY_DATE=20250411, CHROM=CM057577.1
    resources: mem_mb=100000, mem_mib=95368, disk_mb=1479, disk_mib=1411, tmpdir=<TBD>, slurm_account=DURBIN-SL2-CPU, slurm_partition=cclake-himem, runtime=120

Job 169 has been submitted with SLURM jobid 9675539 (log: /rds/project/rds-p67MZilb2eQ/projects/VGP/heterozygosity/.snakemake/slurm_logs/rule_CALC_HET_PER_CHR/sharks_MobBir_20250411_CM057577.1/9675539.log).

[Wed May 21 14:40:42 2025]
rule REMOVE_INDELS:
    input: sharks/MobBir/temp/CM057583.1_restructured.vcf.gz
    output: sharks/MobBir/CM057583.1.recode.vcf
    jobid: 398
    reason: Code has changed since last execution
    wildcards: CLADE=sharks, SPEC_NAME=MobBir, CHROM=CM057583.1
    resources: mem_mb=100000, mem_mib=95368, disk_mb=1000, disk_mib=954, tmpdir=<TBD>, slurm_account=DURBIN-SL2-CPU, slurm_partition=cclake-himem, runtime=120

Job 398 has been submitted with SLURM jobid 9675543 (log: /rds/project/rds-p67MZilb2eQ/projects/VGP/heterozygosity/.snakemake/slurm_logs/rule_REMOVE_INDELS/sharks_MobBir_CM057583.1/9675543.log).

[Wed May 21 14:40:47 2025]
rule REMOVE_INDELS:
    input: sharks/MobBir/temp/CM057576.1_restructured.vcf.gz
    output: sharks/MobBir/CM057576.1.recode.vcf
    jobid: 377
    reason: Code has changed since last execution
    wildcards: CLADE=sharks, SPEC_NAME=MobBir, CHROM=CM057576.1
    resources: mem_mb=100000, mem_mib=95368, disk_mb=1000, disk_mib=954, tmpdir=<TBD>, slurm_account=DURBIN-SL2-CPU, slurm_partition=cclake-himem, runtime=120

Job 377 has been submitted with SLURM jobid 9675546 (log: /rds/project/rds-p67MZilb2eQ/projects/VGP/heterozygosity/.snakemake/slurm_logs/rule_REMOVE_INDELS/sharks_MobBir_CM057576.1/9675546.log).

[Wed May 21 14:40:47 2025]
rule CALC_HET_PER_CHR:
    input: sharks/MobBir/temp/MobBir_Var_Only.txt, sharks/MobBir/Reference_MobBir_Chroms_Lengths.txt, sharks/MobBir/MobBir_ROH_Results.csv
    output: sharks/MobBir/20250411_CM057564.1_het.txt
    jobid: 156
    reason: Code has changed since last execution
    wildcards: CLADE=sharks, SPEC_NAME=MobBir, TODAY_DATE=20250411, CHROM=CM057564.1
    resources: mem_mb=100000, mem_mib=95368, disk_mb=1479, disk_mib=1411, tmpdir=<TBD>, slurm_account=DURBIN-SL2-CPU, slurm_partition=cclake-himem, runtime=120

Job 156 has been submitted with SLURM jobid 9675548 (log: /rds/project/rds-p67MZilb2eQ/projects/VGP/heterozygosity/.snakemake/slurm_logs/rule_CALC_HET_PER_CHR/sharks_MobBir_20250411_CM057564.1/9675548.log).

[Wed May 21 14:40:49 2025]
rule REMOVE_INDELS:
    input: sharks/MobBir/temp/CM057569.1_restructured.vcf.gz
    output: sharks/MobBir/CM057569.1.recode.vcf
    jobid: 356
    reason: Code has changed since last execution
    wildcards: CLADE=sharks, SPEC_NAME=MobBir, CHROM=CM057569.1
    resources: mem_mb=100000, mem_mib=95368, disk_mb=1000, disk_mib=954, tmpdir=<TBD>, slurm_account=DURBIN-SL2-CPU, slurm_partition=cclake-himem, runtime=120

Job 356 has been submitted with SLURM jobid 9675553 (log: /rds/project/rds-p67MZilb2eQ/projects/VGP/heterozygosity/.snakemake/slurm_logs/rule_REMOVE_INDELS/sharks_MobBir_CM057569.1/9675553.log).

[Wed May 21 14:40:52 2025]
rule CALC_HET_PER_CHR:
    input: sharks/MobBir/temp/MobBir_Var_Only.txt, sharks/MobBir/Reference_MobBir_Chroms_Lengths.txt, sharks/MobBir/MobBir_ROH_Results.csv
    output: sharks/MobBir/20250411_CM057557.1_het.txt
    jobid: 149
    reason: Code has changed since last execution
    wildcards: CLADE=sharks, SPEC_NAME=MobBir, TODAY_DATE=20250411, CHROM=CM057557.1
    resources: mem_mb=100000, mem_mib=95368, disk_mb=1479, disk_mib=1411, tmpdir=<TBD>, slurm_account=DURBIN-SL2-CPU, slurm_partition=cclake-himem, runtime=120

Job 149 has been submitted with SLURM jobid 9675555 (log: /rds/project/rds-p67MZilb2eQ/projects/VGP/heterozygosity/.snakemake/slurm_logs/rule_CALC_HET_PER_CHR/sharks_MobBir_20250411_CM057557.1/9675555.log).

[Wed May 21 14:40:55 2025]
rule REMOVE_INDELS:
    input: sharks/MobBir/temp/CM057562.1_restructured.vcf.gz
    output: sharks/MobBir/CM057562.1.recode.vcf
    jobid: 335
    reason: Code has changed since last execution
    wildcards: CLADE=sharks, SPEC_NAME=MobBir, CHROM=CM057562.1
    resources: mem_mb=100000, mem_mib=95368, disk_mb=1000, disk_mib=954, tmpdir=<TBD>, slurm_account=DURBIN-SL2-CPU, slurm_partition=cclake-himem, runtime=120

Job 335 has been submitted with SLURM jobid 9675560 (log: /rds/project/rds-p67MZilb2eQ/projects/VGP/heterozygosity/.snakemake/slurm_logs/rule_REMOVE_INDELS/sharks_MobBir_CM057562.1/9675560.log).

[Wed May 21 14:40:57 2025]
rule CALC_HET_PER_CHR:
    input: sharks/MobBir/temp/MobBir_Var_Only.txt, sharks/MobBir/Reference_MobBir_Chroms_Lengths.txt, sharks/MobBir/MobBir_ROH_Results.csv
    output: sharks/MobBir/20250411_CM057585.1_het.txt
    jobid: 177
    reason: Code has changed since last execution
    wildcards: CLADE=sharks, SPEC_NAME=MobBir, TODAY_DATE=20250411, CHROM=CM057585.1
    resources: mem_mb=100000, mem_mib=95368, disk_mb=1479, disk_mib=1411, tmpdir=<TBD>, slurm_account=DURBIN-SL2-CPU, slurm_partition=cclake-himem, runtime=120

Job 177 has been submitted with SLURM jobid 9675564 (log: /rds/project/rds-p67MZilb2eQ/projects/VGP/heterozygosity/.snakemake/slurm_logs/rule_CALC_HET_PER_CHR/sharks_MobBir_20250411_CM057585.1/9675564.log).

[Wed May 21 14:40:57 2025]
rule CALC_HET_PER_CHR:
    input: sharks/MobBir/temp/MobBir_Var_Only.txt, sharks/MobBir/Reference_MobBir_Chroms_Lengths.txt, sharks/MobBir/MobBir_ROH_Results.csv
    output: sharks/MobBir/20250411_CM057578.1_het.txt
    jobid: 170
    reason: Code has changed since last execution
    wildcards: CLADE=sharks, SPEC_NAME=MobBir, TODAY_DATE=20250411, CHROM=CM057578.1
    resources: mem_mb=100000, mem_mib=95368, disk_mb=1479, disk_mib=1411, tmpdir=<TBD>, slurm_account=DURBIN-SL2-CPU, slurm_partition=cclake-himem, runtime=120

Job 170 has been submitted with SLURM jobid 9675568 (log: /rds/project/rds-p67MZilb2eQ/projects/VGP/heterozygosity/.snakemake/slurm_logs/rule_CALC_HET_PER_CHR/sharks_MobBir_20250411_CM057578.1/9675568.log).

[Wed May 21 14:41:00 2025]
rule CALC_HET_PER_CHR:
    input: sharks/MobBir/temp/MobBir_Var_Only.txt, sharks/MobBir/Reference_MobBir_Chroms_Lengths.txt, sharks/MobBir/MobBir_ROH_Results.csv
    output: sharks/MobBir/20250411_CM057572.1_het.txt
    jobid: 164
    reason: Code has changed since last execution
    wildcards: CLADE=sharks, SPEC_NAME=MobBir, TODAY_DATE=20250411, CHROM=CM057572.1
    resources: mem_mb=100000, mem_mib=95368, disk_mb=1479, disk_mib=1411, tmpdir=<TBD>, slurm_account=DURBIN-SL2-CPU, slurm_partition=cclake-himem, runtime=120

Job 164 has been submitted with SLURM jobid 9675577 (log: /rds/project/rds-p67MZilb2eQ/projects/VGP/heterozygosity/.snakemake/slurm_logs/rule_CALC_HET_PER_CHR/sharks_MobBir_20250411_CM057572.1/9675577.log).

[Wed May 21 14:41:06 2025]
rule REMOVE_INDELS:
    input: sharks/MobBir/temp/CM057584.1_restructured.vcf.gz
    output: sharks/MobBir/CM057584.1.recode.vcf
    jobid: 401
    reason: Code has changed since last execution
    wildcards: CLADE=sharks, SPEC_NAME=MobBir, CHROM=CM057584.1
    resources: mem_mb=100000, mem_mib=95368, disk_mb=1000, disk_mib=954, tmpdir=<TBD>, slurm_account=DURBIN-SL2-CPU, slurm_partition=cclake-himem, runtime=120

Job 401 has been submitted with SLURM jobid 9675584 (log: /rds/project/rds-p67MZilb2eQ/projects/VGP/heterozygosity/.snakemake/slurm_logs/rule_REMOVE_INDELS/sharks_MobBir_CM057584.1/9675584.log).

[Wed May 21 14:41:09 2025]
rule REMOVE_INDELS:
    input: sharks/MobBir/temp/CM057577.1_restructured.vcf.gz
    output: sharks/MobBir/CM057577.1.recode.vcf
    jobid: 380
    reason: Code has changed since last execution
    wildcards: CLADE=sharks, SPEC_NAME=MobBir, CHROM=CM057577.1
    resources: mem_mb=100000, mem_mib=95368, disk_mb=1000, disk_mib=954, tmpdir=<TBD>, slurm_account=DURBIN-SL2-CPU, slurm_partition=cclake-himem, runtime=120

Job 380 has been submitted with SLURM jobid 9675590 (log: /rds/project/rds-p67MZilb2eQ/projects/VGP/heterozygosity/.snakemake/slurm_logs/rule_REMOVE_INDELS/sharks_MobBir_CM057577.1/9675590.log).

[Wed May 21 14:41:11 2025]
rule CALC_HET_PER_CHR:
    input: sharks/MobBir/temp/MobBir_Var_Only.txt, sharks/MobBir/Reference_MobBir_Chroms_Lengths.txt, sharks/MobBir/MobBir_ROH_Results.csv
    output: sharks/MobBir/20250411_CM057565.1_het.txt
    jobid: 157
    reason: Code has changed since last execution
    wildcards: CLADE=sharks, SPEC_NAME=MobBir, TODAY_DATE=20250411, CHROM=CM057565.1
    resources: mem_mb=100000, mem_mib=95368, disk_mb=1479, disk_mib=1411, tmpdir=<TBD>, slurm_account=DURBIN-SL2-CPU, slurm_partition=cclake-himem, runtime=120

Job 157 has been submitted with SLURM jobid 9675592 (log: /rds/project/rds-p67MZilb2eQ/projects/VGP/heterozygosity/.snakemake/slurm_logs/rule_CALC_HET_PER_CHR/sharks_MobBir_20250411_CM057565.1/9675592.log).

[Wed May 21 14:41:14 2025]
rule REMOVE_INDELS:
    input: sharks/MobBir/temp/CM057570.1_restructured.vcf.gz
    output: sharks/MobBir/CM057570.1.recode.vcf
    jobid: 359
    reason: Code has changed since last execution
    wildcards: CLADE=sharks, SPEC_NAME=MobBir, CHROM=CM057570.1
    resources: mem_mb=100000, mem_mib=95368, disk_mb=1000, disk_mib=954, tmpdir=<TBD>, slurm_account=DURBIN-SL2-CPU, slurm_partition=cclake-himem, runtime=120

Job 359 has been submitted with SLURM jobid 9675598 (log: /rds/project/rds-p67MZilb2eQ/projects/VGP/heterozygosity/.snakemake/slurm_logs/rule_REMOVE_INDELS/sharks_MobBir_CM057570.1/9675598.log).

[Wed May 21 14:41:17 2025]
rule CALC_HET_PER_CHR:
    input: sharks/MobBir/temp/MobBir_Var_Only.txt, sharks/MobBir/Reference_MobBir_Chroms_Lengths.txt, sharks/MobBir/MobBir_ROH_Results.csv
    output: sharks/MobBir/20250411_CM057558.1_het.txt
    jobid: 150
    reason: Code has changed since last execution
    wildcards: CLADE=sharks, SPEC_NAME=MobBir, TODAY_DATE=20250411, CHROM=CM057558.1
    resources: mem_mb=100000, mem_mib=95368, disk_mb=1479, disk_mib=1411, tmpdir=<TBD>, slurm_account=DURBIN-SL2-CPU, slurm_partition=cclake-himem, runtime=120

Job 150 has been submitted with SLURM jobid 9675605 (log: /rds/project/rds-p67MZilb2eQ/projects/VGP/heterozygosity/.snakemake/slurm_logs/rule_CALC_HET_PER_CHR/sharks_MobBir_20250411_CM057558.1/9675605.log).

[Wed May 21 14:41:20 2025]
rule REMOVE_INDELS:
    input: sharks/MobBir/temp/CM057563.1_restructured.vcf.gz
    output: sharks/MobBir/CM057563.1.recode.vcf
    jobid: 338
    reason: Code has changed since last execution
    wildcards: CLADE=sharks, SPEC_NAME=MobBir, CHROM=CM057563.1
    resources: mem_mb=100000, mem_mib=95368, disk_mb=1000, disk_mib=954, tmpdir=<TBD>, slurm_account=DURBIN-SL2-CPU, slurm_partition=cclake-himem, runtime=120

Job 338 has been submitted with SLURM jobid 9675610 (log: /rds/project/rds-p67MZilb2eQ/projects/VGP/heterozygosity/.snakemake/slurm_logs/rule_REMOVE_INDELS/sharks_MobBir_CM057563.1/9675610.log).

[Wed May 21 14:41:21 2025]
rule REMOVE_INDELS:
    input: sharks/MobBir/temp/CM057556.1_restructured.vcf.gz
    output: sharks/MobBir/CM057556.1.recode.vcf
    jobid: 317
    reason: Code has changed since last execution
    wildcards: CLADE=sharks, SPEC_NAME=MobBir, CHROM=CM057556.1
    resources: mem_mb=100000, mem_mib=95368, disk_mb=1000, disk_mib=954, tmpdir=<TBD>, slurm_account=DURBIN-SL2-CPU, slurm_partition=cclake-himem, runtime=120

Job 317 has been submitted with SLURM jobid 9675611 (log: /rds/project/rds-p67MZilb2eQ/projects/VGP/heterozygosity/.snakemake/slurm_logs/rule_REMOVE_INDELS/sharks_MobBir_CM057556.1/9675611.log).

[Wed May 21 14:41:23 2025]
rule CALC_HET_PER_CHR:
    input: sharks/MobBir/temp/MobBir_Var_Only.txt, sharks/MobBir/Reference_MobBir_Chroms_Lengths.txt, sharks/MobBir/MobBir_ROH_Results.csv
    output: sharks/MobBir/20250411_CM057586.1_het.txt
    jobid: 178
    reason: Code has changed since last execution
    wildcards: CLADE=sharks, SPEC_NAME=MobBir, TODAY_DATE=20250411, CHROM=CM057586.1
    resources: mem_mb=100000, mem_mib=95368, disk_mb=1479, disk_mib=1411, tmpdir=<TBD>, slurm_account=DURBIN-SL2-CPU, slurm_partition=cclake-himem, runtime=120

Job 178 has been submitted with SLURM jobid 9675615 (log: /rds/project/rds-p67MZilb2eQ/projects/VGP/heterozygosity/.snakemake/slurm_logs/rule_CALC_HET_PER_CHR/sharks_MobBir_20250411_CM057586.1/9675615.log).

[Wed May 21 14:41:25 2025]
rule CALC_HET_PER_CHR:
    input: sharks/MobBir/temp/MobBir_Var_Only.txt, sharks/MobBir/Reference_MobBir_Chroms_Lengths.txt, sharks/MobBir/MobBir_ROH_Results.csv
    output: sharks/MobBir/20250411_CM057579.1_het.txt
    jobid: 171
    reason: Code has changed since last execution
    wildcards: CLADE=sharks, SPEC_NAME=MobBir, TODAY_DATE=20250411, CHROM=CM057579.1
    resources: mem_mb=100000, mem_mib=95368, disk_mb=1479, disk_mib=1411, tmpdir=<TBD>, slurm_account=DURBIN-SL2-CPU, slurm_partition=cclake-himem, runtime=120

Job 171 has been submitted with SLURM jobid 9675622 (log: /rds/project/rds-p67MZilb2eQ/projects/VGP/heterozygosity/.snakemake/slurm_logs/rule_CALC_HET_PER_CHR/sharks_MobBir_20250411_CM057579.1/9675622.log).

[Wed May 21 14:41:28 2025]
rule REMOVE_INDELS:
    input: sharks/MobBir/temp/CM057585.1_restructured.vcf.gz
    output: sharks/MobBir/CM057585.1.recode.vcf
    jobid: 404
    reason: Code has changed since last execution
    wildcards: CLADE=sharks, SPEC_NAME=MobBir, CHROM=CM057585.1
    resources: mem_mb=100000, mem_mib=95368, disk_mb=1000, disk_mib=954, tmpdir=<TBD>, slurm_account=DURBIN-SL2-CPU, slurm_partition=cclake-himem, runtime=120

Job 404 has been submitted with SLURM jobid 9675625 (log: /rds/project/rds-p67MZilb2eQ/projects/VGP/heterozygosity/.snakemake/slurm_logs/rule_REMOVE_INDELS/sharks_MobBir_CM057585.1/9675625.log).

[Wed May 21 14:41:30 2025]
rule CALC_HET_PER_CHR:
    input: sharks/MobBir/temp/MobBir_Var_Only.txt, sharks/MobBir/Reference_MobBir_Chroms_Lengths.txt, sharks/MobBir/MobBir_ROH_Results.csv
    output: sharks/MobBir/20250411_CM057573.1_het.txt
    jobid: 165
    reason: Missing output files: sharks/MobBir/20250411_CM057573.1_het.txt; Code has changed since last execution
    wildcards: CLADE=sharks, SPEC_NAME=MobBir, TODAY_DATE=20250411, CHROM=CM057573.1
    resources: mem_mb=100000, mem_mib=95368, disk_mb=1479, disk_mib=1411, tmpdir=<TBD>, slurm_account=DURBIN-SL2-CPU, slurm_partition=cclake-himem, runtime=120

Job 165 has been submitted with SLURM jobid 9675640 (log: /rds/project/rds-p67MZilb2eQ/projects/VGP/heterozygosity/.snakemake/slurm_logs/rule_CALC_HET_PER_CHR/sharks_MobBir_20250411_CM057573.1/9675640.log).

[Wed May 21 14:41:33 2025]
rule REMOVE_INDELS:
    input: sharks/MobBir/temp/CM057578.1_restructured.vcf.gz
    output: sharks/MobBir/CM057578.1.recode.vcf
    jobid: 383
    reason: Code has changed since last execution
    wildcards: CLADE=sharks, SPEC_NAME=MobBir, CHROM=CM057578.1
    resources: mem_mb=100000, mem_mib=95368, disk_mb=1000, disk_mib=954, tmpdir=<TBD>, slurm_account=DURBIN-SL2-CPU, slurm_partition=cclake-himem, runtime=120

Job 383 has been submitted with SLURM jobid 9675644 (log: /rds/project/rds-p67MZilb2eQ/projects/VGP/heterozygosity/.snakemake/slurm_logs/rule_REMOVE_INDELS/sharks_MobBir_CM057578.1/9675644.log).

[Wed May 21 14:41:35 2025]
rule CALC_HET_PER_CHR:
    input: sharks/MobBir/temp/MobBir_Var_Only.txt, sharks/MobBir/Reference_MobBir_Chroms_Lengths.txt, sharks/MobBir/MobBir_ROH_Results.csv
    output: sharks/MobBir/20250411_CM057566.1_het.txt
    jobid: 158
    reason: Missing output files: sharks/MobBir/20250411_CM057566.1_het.txt; Code has changed since last execution
    wildcards: CLADE=sharks, SPEC_NAME=MobBir, TODAY_DATE=20250411, CHROM=CM057566.1
    resources: mem_mb=100000, mem_mib=95368, disk_mb=1479, disk_mib=1411, tmpdir=<TBD>, slurm_account=DURBIN-SL2-CPU, slurm_partition=cclake-himem, runtime=120

Job 158 has been submitted with SLURM jobid 9675649 (log: /rds/project/rds-p67MZilb2eQ/projects/VGP/heterozygosity/.snakemake/slurm_logs/rule_CALC_HET_PER_CHR/sharks_MobBir_20250411_CM057566.1/9675649.log).

[Wed May 21 14:41:38 2025]
rule REMOVE_INDELS:
    input: sharks/MobBir/temp/CM057572.1_restructured.vcf.gz
    output: sharks/MobBir/CM057572.1.recode.vcf
    jobid: 365
    reason: Code has changed since last execution
    wildcards: CLADE=sharks, SPEC_NAME=MobBir, CHROM=CM057572.1
    resources: mem_mb=100000, mem_mib=95368, disk_mb=1000, disk_mib=954, tmpdir=<TBD>, slurm_account=DURBIN-SL2-CPU, slurm_partition=cclake-himem, runtime=120

Job 365 has been submitted with SLURM jobid 9675653 (log: /rds/project/rds-p67MZilb2eQ/projects/VGP/heterozygosity/.snakemake/slurm_logs/rule_REMOVE_INDELS/sharks_MobBir_CM057572.1/9675653.log).

[Wed May 21 14:41:41 2025]
rule CALC_HET_PER_CHR:
    input: sharks/MobBir/temp/MobBir_Var_Only.txt, sharks/MobBir/Reference_MobBir_Chroms_Lengths.txt, sharks/MobBir/MobBir_ROH_Results.csv
    output: sharks/MobBir/20250411_CM057560.1_het.txt
    jobid: 152
    reason: Missing output files: sharks/MobBir/20250411_CM057560.1_het.txt; Code has changed since last execution
    wildcards: CLADE=sharks, SPEC_NAME=MobBir, TODAY_DATE=20250411, CHROM=CM057560.1
    resources: mem_mb=100000, mem_mib=95368, disk_mb=1479, disk_mib=1411, tmpdir=<TBD>, slurm_account=DURBIN-SL2-CPU, slurm_partition=cclake-himem, runtime=120

Job 152 has been submitted with SLURM jobid 9675661 (log: /rds/project/rds-p67MZilb2eQ/projects/VGP/heterozygosity/.snakemake/slurm_logs/rule_CALC_HET_PER_CHR/sharks_MobBir_20250411_CM057560.1/9675661.log).

[Wed May 21 14:41:44 2025]
rule REMOVE_INDELS:
    input: sharks/MobBir/temp/CM057565.1_restructured.vcf.gz
    output: sharks/MobBir/CM057565.1.recode.vcf
    jobid: 344
    reason: Code has changed since last execution
    wildcards: CLADE=sharks, SPEC_NAME=MobBir, CHROM=CM057565.1
    resources: mem_mb=100000, mem_mib=95368, disk_mb=1000, disk_mib=954, tmpdir=<TBD>, slurm_account=DURBIN-SL2-CPU, slurm_partition=cclake-himem, runtime=120

Job 344 has been submitted with SLURM jobid 9675663 (log: /rds/project/rds-p67MZilb2eQ/projects/VGP/heterozygosity/.snakemake/slurm_logs/rule_REMOVE_INDELS/sharks_MobBir_CM057565.1/9675663.log).

[Wed May 21 14:41:46 2025]
rule REMOVE_INDELS:
    input: sharks/MobBir/temp/CM057558.1_restructured.vcf.gz
    output: sharks/MobBir/CM057558.1.recode.vcf
    jobid: 323
    reason: Code has changed since last execution
    wildcards: CLADE=sharks, SPEC_NAME=MobBir, CHROM=CM057558.1
    resources: mem_mb=100000, mem_mib=95368, disk_mb=1000, disk_mib=954, tmpdir=<TBD>, slurm_account=DURBIN-SL2-CPU, slurm_partition=cclake-himem, runtime=120

Job 323 has been submitted with SLURM jobid 9675669 (log: /rds/project/rds-p67MZilb2eQ/projects/VGP/heterozygosity/.snakemake/slurm_logs/rule_REMOVE_INDELS/sharks_MobBir_CM057558.1/9675669.log).

[Wed May 21 14:41:49 2025]
rule CALC_HET_PER_CHR:
    input: sharks/MobBir/temp/MobBir_Var_Only.txt, sharks/MobBir/Reference_MobBir_Chroms_Lengths.txt, sharks/MobBir/MobBir_ROH_Results.csv
    output: sharks/MobBir/20250411_CM057581.1_het.txt
    jobid: 173
    reason: Code has changed since last execution
    wildcards: CLADE=sharks, SPEC_NAME=MobBir, TODAY_DATE=20250411, CHROM=CM057581.1
    resources: mem_mb=100000, mem_mib=95368, disk_mb=1479, disk_mib=1411, tmpdir=<TBD>, slurm_account=DURBIN-SL2-CPU, slurm_partition=cclake-himem, runtime=120

Job 173 has been submitted with SLURM jobid 9675672 (log: /rds/project/rds-p67MZilb2eQ/projects/VGP/heterozygosity/.snakemake/slurm_logs/rule_CALC_HET_PER_CHR/sharks_MobBir_20250411_CM057581.1/9675672.log).

[Wed May 21 14:41:51 2025]
rule REMOVE_INDELS:
    input: sharks/MobBir/temp/CM057587.1_restructured.vcf.gz
    output: sharks/MobBir/CM057587.1.recode.vcf
    jobid: 410
    reason: Code has changed since last execution
    wildcards: CLADE=sharks, SPEC_NAME=MobBir, CHROM=CM057587.1
    resources: mem_mb=100000, mem_mib=95368, disk_mb=1000, disk_mib=954, tmpdir=<TBD>, slurm_account=DURBIN-SL2-CPU, slurm_partition=cclake-himem, runtime=120

Job 410 has been submitted with SLURM jobid 9675676 (log: /rds/project/rds-p67MZilb2eQ/projects/VGP/heterozygosity/.snakemake/slurm_logs/rule_REMOVE_INDELS/sharks_MobBir_CM057587.1/9675676.log).

[Wed May 21 14:41:52 2025]
rule CALC_HET_PER_CHR:
    input: sharks/MobBir/temp/MobBir_Var_Only.txt, sharks/MobBir/Reference_MobBir_Chroms_Lengths.txt, sharks/MobBir/MobBir_ROH_Results.csv
    output: sharks/MobBir/20250411_CM057575.1_het.txt
    jobid: 167
    reason: Code has changed since last execution
    wildcards: CLADE=sharks, SPEC_NAME=MobBir, TODAY_DATE=20250411, CHROM=CM057575.1
    resources: mem_mb=100000, mem_mib=95368, disk_mb=1479, disk_mib=1411, tmpdir=<TBD>, slurm_account=DURBIN-SL2-CPU, slurm_partition=cclake-himem, runtime=120

Job 167 has been submitted with SLURM jobid 9675678 (log: /rds/project/rds-p67MZilb2eQ/projects/VGP/heterozygosity/.snakemake/slurm_logs/rule_CALC_HET_PER_CHR/sharks_MobBir_20250411_CM057575.1/9675678.log).

[Wed May 21 14:41:54 2025]
rule REMOVE_INDELS:
    input: sharks/MobBir/temp/CM057580.1_restructured.vcf.gz
    output: sharks/MobBir/CM057580.1.recode.vcf
    jobid: 389
    reason: Code has changed since last execution
    wildcards: CLADE=sharks, SPEC_NAME=MobBir, CHROM=CM057580.1
    resources: mem_mb=100000, mem_mib=95368, disk_mb=1000, disk_mib=954, tmpdir=<TBD>, slurm_account=DURBIN-SL2-CPU, slurm_partition=cclake-himem, runtime=120

Job 389 has been submitted with SLURM jobid 9675681 (log: /rds/project/rds-p67MZilb2eQ/projects/VGP/heterozygosity/.snakemake/slurm_logs/rule_REMOVE_INDELS/sharks_MobBir_CM057580.1/9675681.log).

[Wed May 21 14:41:54 2025]
rule CALC_HET_PER_CHR:
    input: sharks/MobBir/temp/MobBir_Var_Only.txt, sharks/MobBir/Reference_MobBir_Chroms_Lengths.txt, sharks/MobBir/MobBir_ROH_Results.csv
    output: sharks/MobBir/20250411_CM057568.1_het.txt
    jobid: 160
    reason: Code has changed since last execution
    wildcards: CLADE=sharks, SPEC_NAME=MobBir, TODAY_DATE=20250411, CHROM=CM057568.1
    resources: mem_mb=100000, mem_mib=95368, disk_mb=1479, disk_mib=1411, tmpdir=<TBD>, slurm_account=DURBIN-SL2-CPU, slurm_partition=cclake-himem, runtime=120

Job 160 has been submitted with SLURM jobid 9675682 (log: /rds/project/rds-p67MZilb2eQ/projects/VGP/heterozygosity/.snakemake/slurm_logs/rule_CALC_HET_PER_CHR/sharks_MobBir_20250411_CM057568.1/9675682.log).

[Wed May 21 14:41:56 2025]
rule REMOVE_INDELS:
    input: sharks/MobBir/temp/CM057573.1_restructured.vcf.gz
    output: sharks/MobBir/CM057573.1.recode.vcf
    jobid: 368
    reason: Code has changed since last execution
    wildcards: CLADE=sharks, SPEC_NAME=MobBir, CHROM=CM057573.1
    resources: mem_mb=100000, mem_mib=95368, disk_mb=1000, disk_mib=954, tmpdir=<TBD>, slurm_account=DURBIN-SL2-CPU, slurm_partition=cclake-himem, runtime=120

Job 368 has been submitted with SLURM jobid 9675685 (log: /rds/project/rds-p67MZilb2eQ/projects/VGP/heterozygosity/.snakemake/slurm_logs/rule_REMOVE_INDELS/sharks_MobBir_CM057573.1/9675685.log).

[Wed May 21 14:41:57 2025]
rule CALC_HET_PER_CHR:
    input: sharks/MobBir/temp/MobBir_Var_Only.txt, sharks/MobBir/Reference_MobBir_Chroms_Lengths.txt, sharks/MobBir/MobBir_ROH_Results.csv
    output: sharks/MobBir/20250411_CM057561.1_het.txt
    jobid: 153
    reason: Code has changed since last execution
    wildcards: CLADE=sharks, SPEC_NAME=MobBir, TODAY_DATE=20250411, CHROM=CM057561.1
    resources: mem_mb=100000, mem_mib=95368, disk_mb=1479, disk_mib=1411, tmpdir=<TBD>, slurm_account=DURBIN-SL2-CPU, slurm_partition=cclake-himem, runtime=120

Job 153 has been submitted with SLURM jobid 9675686 (log: /rds/project/rds-p67MZilb2eQ/projects/VGP/heterozygosity/.snakemake/slurm_logs/rule_CALC_HET_PER_CHR/sharks_MobBir_20250411_CM057561.1/9675686.log).

[Wed May 21 14:41:57 2025]
rule REMOVE_INDELS:
    input: sharks/MobBir/temp/CM057566.1_restructured.vcf.gz
    output: sharks/MobBir/CM057566.1.recode.vcf
    jobid: 347
    reason: Code has changed since last execution
    wildcards: CLADE=sharks, SPEC_NAME=MobBir, CHROM=CM057566.1
    resources: mem_mb=100000, mem_mib=95368, disk_mb=1000, disk_mib=954, tmpdir=<TBD>, slurm_account=DURBIN-SL2-CPU, slurm_partition=cclake-himem, runtime=120

Job 347 has been submitted with SLURM jobid 9675687 (log: /rds/project/rds-p67MZilb2eQ/projects/VGP/heterozygosity/.snakemake/slurm_logs/rule_REMOVE_INDELS/sharks_MobBir_CM057566.1/9675687.log).

[Wed May 21 14:41:57 2025]
rule REMOVE_INDELS:
    input: sharks/MobBir/temp/CM057559.1_restructured.vcf.gz
    output: sharks/MobBir/CM057559.1.recode.vcf
    jobid: 326
    reason: Missing output files: sharks/MobBir/CM057559.1.recode.vcf; Code has changed since last execution
    wildcards: CLADE=sharks, SPEC_NAME=MobBir, CHROM=CM057559.1
    resources: mem_mb=100000, mem_mib=95368, disk_mb=1000, disk_mib=954, tmpdir=<TBD>, slurm_account=DURBIN-SL2-CPU, slurm_partition=cclake-himem, runtime=120

Job 326 has been submitted with SLURM jobid 9675688 (log: /rds/project/rds-p67MZilb2eQ/projects/VGP/heterozygosity/.snakemake/slurm_logs/rule_REMOVE_INDELS/sharks_MobBir_CM057559.1/9675688.log).

[Wed May 21 14:41:59 2025]
rule CALC_HET_PER_CHR:
    input: sharks/MobBir/temp/MobBir_Var_Only.txt, sharks/MobBir/Reference_MobBir_Chroms_Lengths.txt, sharks/MobBir/MobBir_ROH_Results.csv
    output: sharks/MobBir/20250411_CM057582.1_het.txt
    jobid: 174
    reason: Code has changed since last execution
    wildcards: CLADE=sharks, SPEC_NAME=MobBir, TODAY_DATE=20250411, CHROM=CM057582.1
    resources: mem_mb=100000, mem_mib=95368, disk_mb=1479, disk_mib=1411, tmpdir=<TBD>, slurm_account=DURBIN-SL2-CPU, slurm_partition=cclake-himem, runtime=120

Job 174 has been submitted with SLURM jobid 9675689 (log: /rds/project/rds-p67MZilb2eQ/projects/VGP/heterozygosity/.snakemake/slurm_logs/rule_CALC_HET_PER_CHR/sharks_MobBir_20250411_CM057582.1/9675689.log).

[Wed May 21 14:41:59 2025]
rule CALC_HET_PER_CHR:
    input: sharks/MobBir/temp/MobBir_Var_Only.txt, sharks/MobBir/Reference_MobBir_Chroms_Lengths.txt, sharks/MobBir/MobBir_ROH_Results.csv
    output: sharks/MobBir/20250411_CM057576.1_het.txt
    jobid: 168
    reason: Code has changed since last execution
    wildcards: CLADE=sharks, SPEC_NAME=MobBir, TODAY_DATE=20250411, CHROM=CM057576.1
    resources: mem_mb=100000, mem_mib=95368, disk_mb=1479, disk_mib=1411, tmpdir=<TBD>, slurm_account=DURBIN-SL2-CPU, slurm_partition=cclake-himem, runtime=120

Job 168 has been submitted with SLURM jobid 9675690 (log: /rds/project/rds-p67MZilb2eQ/projects/VGP/heterozygosity/.snakemake/slurm_logs/rule_CALC_HET_PER_CHR/sharks_MobBir_20250411_CM057576.1/9675690.log).

[Wed May 21 14:41:59 2025]
rule REMOVE_INDELS:
    input: sharks/MobBir/temp/CM057581.1_restructured.vcf.gz
    output: sharks/MobBir/CM057581.1.recode.vcf
    jobid: 392
    reason: Missing output files: sharks/MobBir/CM057581.1.recode.vcf; Code has changed since last execution
    wildcards: CLADE=sharks, SPEC_NAME=MobBir, CHROM=CM057581.1
    resources: mem_mb=100000, mem_mib=95368, disk_mb=1000, disk_mib=954, tmpdir=<TBD>, slurm_account=DURBIN-SL2-CPU, slurm_partition=cclake-himem, runtime=120

Job 392 has been submitted with SLURM jobid 9675691 (log: /rds/project/rds-p67MZilb2eQ/projects/VGP/heterozygosity/.snakemake/slurm_logs/rule_REMOVE_INDELS/sharks_MobBir_CM057581.1/9675691.log).

[Wed May 21 14:42:02 2025]
rule CALC_HET_PER_CHR:
    input: sharks/MobBir/temp/MobBir_Var_Only.txt, sharks/MobBir/Reference_MobBir_Chroms_Lengths.txt, sharks/MobBir/MobBir_ROH_Results.csv
    output: sharks/MobBir/20250411_CM057569.1_het.txt
    jobid: 161
    reason: Code has changed since last execution
    wildcards: CLADE=sharks, SPEC_NAME=MobBir, TODAY_DATE=20250411, CHROM=CM057569.1
    resources: mem_mb=100000, mem_mib=95368, disk_mb=1479, disk_mib=1411, tmpdir=<TBD>, slurm_account=DURBIN-SL2-CPU, slurm_partition=cclake-himem, runtime=120

Job 161 has been submitted with SLURM jobid 9675692 (log: /rds/project/rds-p67MZilb2eQ/projects/VGP/heterozygosity/.snakemake/slurm_logs/rule_CALC_HET_PER_CHR/sharks_MobBir_20250411_CM057569.1/9675692.log).

[Wed May 21 14:42:02 2025]
rule REMOVE_INDELS:
    input: sharks/MobBir/temp/CM057574.1_restructured.vcf.gz
    output: sharks/MobBir/CM057574.1.recode.vcf
    jobid: 371
    reason: Missing output files: sharks/MobBir/CM057574.1.recode.vcf; Code has changed since last execution
    wildcards: CLADE=sharks, SPEC_NAME=MobBir, CHROM=CM057574.1
    resources: mem_mb=100000, mem_mib=95368, disk_mb=1000, disk_mib=954, tmpdir=<TBD>, slurm_account=DURBIN-SL2-CPU, slurm_partition=cclake-himem, runtime=120

Job 371 has been submitted with SLURM jobid 9675693 (log: /rds/project/rds-p67MZilb2eQ/projects/VGP/heterozygosity/.snakemake/slurm_logs/rule_REMOVE_INDELS/sharks_MobBir_CM057574.1/9675693.log).

[Wed May 21 14:42:02 2025]
rule CALC_HET_PER_CHR:
    input: sharks/MobBir/temp/MobBir_Var_Only.txt, sharks/MobBir/Reference_MobBir_Chroms_Lengths.txt, sharks/MobBir/MobBir_ROH_Results.csv
    output: sharks/MobBir/20250411_CM057562.1_het.txt
    jobid: 154
    reason: Code has changed since last execution
    wildcards: CLADE=sharks, SPEC_NAME=MobBir, TODAY_DATE=20250411, CHROM=CM057562.1
    resources: mem_mb=100000, mem_mib=95368, disk_mb=1479, disk_mib=1411, tmpdir=<TBD>, slurm_account=DURBIN-SL2-CPU, slurm_partition=cclake-himem, runtime=120

Job 154 has been submitted with SLURM jobid 9675694 (log: /rds/project/rds-p67MZilb2eQ/projects/VGP/heterozygosity/.snakemake/slurm_logs/rule_CALC_HET_PER_CHR/sharks_MobBir_20250411_CM057562.1/9675694.log).

[Wed May 21 14:42:04 2025]
rule REMOVE_INDELS:
    input: sharks/MobBir/temp/CM057567.1_restructured.vcf.gz
    output: sharks/MobBir/CM057567.1.recode.vcf
    jobid: 350
    reason: Missing output files: sharks/MobBir/CM057567.1.recode.vcf; Code has changed since last execution
    wildcards: CLADE=sharks, SPEC_NAME=MobBir, CHROM=CM057567.1
    resources: mem_mb=100000, mem_mib=95368, disk_mb=1000, disk_mib=954, tmpdir=<TBD>, slurm_account=DURBIN-SL2-CPU, slurm_partition=cclake-himem, runtime=120

Job 350 has been submitted with SLURM jobid 9675695 (log: /rds/project/rds-p67MZilb2eQ/projects/VGP/heterozygosity/.snakemake/slurm_logs/rule_REMOVE_INDELS/sharks_MobBir_CM057567.1/9675695.log).

[Wed May 21 14:42:04 2025]
rule REMOVE_INDELS:
    input: sharks/MobBir/temp/CM057560.1_restructured.vcf.gz
    output: sharks/MobBir/CM057560.1.recode.vcf
    jobid: 329
    reason: Missing output files: sharks/MobBir/CM057560.1.recode.vcf; Code has changed since last execution
    wildcards: CLADE=sharks, SPEC_NAME=MobBir, CHROM=CM057560.1
    resources: mem_mb=100000, mem_mib=95368, disk_mb=1000, disk_mib=954, tmpdir=<TBD>, slurm_account=DURBIN-SL2-CPU, slurm_partition=cclake-himem, runtime=120

Job 329 has been submitted with SLURM jobid 9675696 (log: /rds/project/rds-p67MZilb2eQ/projects/VGP/heterozygosity/.snakemake/slurm_logs/rule_REMOVE_INDELS/sharks_MobBir_CM057560.1/9675696.log).

[Wed May 21 14:42:05 2025]
rule CALC_HET_PER_CHR:
    input: sharks/MobBir/temp/MobBir_Var_Only.txt, sharks/MobBir/Reference_MobBir_Chroms_Lengths.txt, sharks/MobBir/MobBir_ROH_Results.csv
    output: sharks/MobBir/20250411_CM057583.1_het.txt
    jobid: 175
    reason: Code has changed since last execution
    wildcards: CLADE=sharks, SPEC_NAME=MobBir, TODAY_DATE=20250411, CHROM=CM057583.1
    resources: mem_mb=100000, mem_mib=95368, disk_mb=1479, disk_mib=1411, tmpdir=<TBD>, slurm_account=DURBIN-SL2-CPU, slurm_partition=cclake-himem, runtime=120

Job 175 has been submitted with SLURM jobid 9675697 (log: /rds/project/rds-p67MZilb2eQ/projects/VGP/heterozygosity/.snakemake/slurm_logs/rule_CALC_HET_PER_CHR/sharks_MobBir_20250411_CM057583.1/9675697.log).

[Wed May 21 14:42:07 2025]
rule REMOVE_INDELS:
    input: sharks/MobBir/temp/CM057582.1_restructured.vcf.gz
    output: sharks/MobBir/CM057582.1.recode.vcf
    jobid: 395
    reason: Code has changed since last execution
    wildcards: CLADE=sharks, SPEC_NAME=MobBir, CHROM=CM057582.1
    resources: mem_mb=100000, mem_mib=95368, disk_mb=1000, disk_mib=954, tmpdir=<TBD>, slurm_account=DURBIN-SL2-CPU, slurm_partition=cclake-himem, runtime=120

Job 395 has been submitted with SLURM jobid 9675698 (log: /rds/project/rds-p67MZilb2eQ/projects/VGP/heterozygosity/.snakemake/slurm_logs/rule_REMOVE_INDELS/sharks_MobBir_CM057582.1/9675698.log).

[Wed May 21 14:42:07 2025]
rule REMOVE_INDELS:
    input: sharks/MobBir/temp/CM057575.1_restructured.vcf.gz
    output: sharks/MobBir/CM057575.1.recode.vcf
    jobid: 374
    reason: Code has changed since last execution
    wildcards: CLADE=sharks, SPEC_NAME=MobBir, CHROM=CM057575.1
    resources: mem_mb=100000, mem_mib=95368, disk_mb=1000, disk_mib=954, tmpdir=<TBD>, slurm_account=DURBIN-SL2-CPU, slurm_partition=cclake-himem, runtime=120

Job 374 has been submitted with SLURM jobid 9675699 (log: /rds/project/rds-p67MZilb2eQ/projects/VGP/heterozygosity/.snakemake/slurm_logs/rule_REMOVE_INDELS/sharks_MobBir_CM057575.1/9675699.log).

[Wed May 21 14:42:07 2025]
rule REMOVE_INDELS:
    input: sharks/MobBir/temp/CM057568.1_restructured.vcf.gz
    output: sharks/MobBir/CM057568.1.recode.vcf
    jobid: 353
    reason: Code has changed since last execution
    wildcards: CLADE=sharks, SPEC_NAME=MobBir, CHROM=CM057568.1
    resources: mem_mb=100000, mem_mib=95368, disk_mb=1000, disk_mib=954, tmpdir=<TBD>, slurm_account=DURBIN-SL2-CPU, slurm_partition=cclake-himem, runtime=120

Job 353 has been submitted with SLURM jobid 9675700 (log: /rds/project/rds-p67MZilb2eQ/projects/VGP/heterozygosity/.snakemake/slurm_logs/rule_REMOVE_INDELS/sharks_MobBir_CM057568.1/9675700.log).

[Wed May 21 14:42:07 2025]
rule REMOVE_INDELS:
    input: sharks/MobBir/temp/CM057561.1_restructured.vcf.gz
    output: sharks/MobBir/CM057561.1.recode.vcf
    jobid: 332
    reason: Code has changed since last execution
    wildcards: CLADE=sharks, SPEC_NAME=MobBir, CHROM=CM057561.1
    resources: mem_mb=100000, mem_mib=95368, disk_mb=1000, disk_mib=954, tmpdir=<TBD>, slurm_account=DURBIN-SL2-CPU, slurm_partition=cclake-himem, runtime=120

Job 332 has been submitted with SLURM jobid 9675701 (log: /rds/project/rds-p67MZilb2eQ/projects/VGP/heterozygosity/.snakemake/slurm_logs/rule_REMOVE_INDELS/sharks_MobBir_CM057561.1/9675701.log).
