host: login-q-3
Building DAG of jobs...
MissingInputException in rule RUN_BOOTSTRAPPING_MSMC in file /rds/project/rds-p67MZilb2eQ/projects/VGP/heterozygosity/Snakefile, line 794:
Missing input files for rule RUN_BOOTSTRAPPING_MSMC:
    output: sharks/HydCol/20250410_HydCol_Bootstrapping_0.msmc2
    wildcards: CLADE=sharks, SPEC_NAME=HydCol, TODAY_DATE=20250410, BOOT=0
    affected files:
        sharks/HydCol/MSMC/Output_Multihet_Bootstrapped/22/CM068781.1_multihet.txt
        sharks/HydCol/MSMC/Output_Multihet_Bootstrapped/21/CM068781.1_multihet.txt
        sharks/HydCol/MSMC/Output_Multihet_Bootstrapped/12/CM068781.1_multihet.txt
        sharks/HydCol/MSMC/Output_Multihet_Bootstrapped/24/CM068781.1_multihet.txt
        sharks/HydCol/MSMC/Output_Multihet_Bootstrapped/29/CM068781.1_multihet.txt
        sharks/HydCol/MSMC/Output_Multihet_Bootstrapped/16/CM068781.1_multihet.txt
        sharks/HydCol/MSMC/Output_Multihet_Bootstrapped/3/CM068781.1_multihet.txt
        sharks/HydCol/MSMC/Output_Multihet_Bootstrapped/5/CM068781.1_multihet.txt
        sharks/HydCol/MSMC/Output_Multihet_Bootstrapped/18/CM068781.1_multihet.txt
        sharks/HydCol/MSMC/Output_Multihet_Bootstrapped/8/CM068781.1_multihet.txt
        sharks/HydCol/MSMC/Output_Multihet_Bootstrapped/9/CM068781.1_multihet.txt
        sharks/HydCol/MSMC/Output_Multihet_Bootstrapped/19/CM068781.1_multihet.txt
        sharks/HydCol/MSMC/Output_Multihet_Bootstrapped/25/CM068781.1_multihet.txt
        sharks/HydCol/MSMC/Output_Multihet_Bootstrapped/11/CM068781.1_multihet.txt
        sharks/HydCol/MSMC/Output_Multihet_Bootstrapped/23/CM068781.1_multihet.txt
        sharks/HydCol/MSMC/Output_Multihet_Bootstrapped/10/CM068781.1_multihet.txt
        sharks/HydCol/MSMC/Output_Multihet_Bootstrapped/0/CM068781.1_multihet.txt
        sharks/HydCol/MSMC/Output_Multihet_Bootstrapped/4/CM068781.1_multihet.txt
        sharks/HydCol/MSMC/Output_Multihet_Bootstrapped/1/CM068781.1_multihet.txt
        sharks/HydCol/MSMC/Output_Multihet_Bootstrapped/28/CM068781.1_multihet.txt
        sharks/HydCol/MSMC/Output_Multihet_Bootstrapped/17/CM068781.1_multihet.txt
        sharks/HydCol/MSMC/Output_Multihet_Bootstrapped/13/CM068781.1_multihet.txt
        sharks/HydCol/MSMC/Output_Multihet_Bootstrapped/26/CM068781.1_multihet.txt
        sharks/HydCol/MSMC/Output_Multihet_Bootstrapped/20/CM068781.1_multihet.txt
        sharks/HydCol/MSMC/Output_Multihet_Bootstrapped/15/CM068781.1_multihet.txt
        sharks/HydCol/MSMC/Output_Multihet_Bootstrapped/6/CM068781.1_multihet.txt
        sharks/HydCol/MSMC/Output_Multihet_Bootstrapped/7/CM068781.1_multihet.txt
        sharks/HydCol/MSMC/Output_Multihet_Bootstrapped/2/CM068781.1_multihet.txt
        sharks/HydCol/MSMC/Output_Multihet_Bootstrapped/27/CM068781.1_multihet.txt
        sharks/HydCol/MSMC/Output_Multihet_Bootstrapped/14/CM068781.1_multihet.txt
