host: login-p-2
Building DAG of jobs...
Using shell: /usr/bin/bash
Provided cores: 56
Rules claiming more threads will be scaled down.
Job stats:
job              count
-------------  -------
GET_WHOLE_ALN        1
GET_WHOLE_VAR        1
all                  1
total                3

Select jobs to execute...
Execute 2 jobs...

[Tue Apr  8 13:26:05 2025]
localrule GET_WHOLE_VAR:
    input: sharks/HydCol_Test2/HydCol_Test2_FASTGA_Filtered.srt.paf
    output: sharks/HydCol_Test2/temp/HydCol_Test2_Var_Only.txt
    jobid: 9
    reason: Missing output files: sharks/HydCol_Test2/temp/HydCol_Test2_Var_Only.txt; Set of input files has changed since last execution; Params have changed since last execution: Union of exclusive params before and now across all output: before: 'HydCol_Test2','sharks' now: <nothing exclusive> 
    resources: tmpdir=/tmp


[Tue Apr  8 13:26:05 2025]
localrule GET_WHOLE_ALN:
    input: sharks/HydCol_Test2/HydCol_Test2_FASTGA_Filtered.srt.paf
    output: sharks/HydCol_Test2/temp/HydCol_Test2_Aln_Only.txt
    jobid: 10
    reason: Missing output files: sharks/HydCol_Test2/temp/HydCol_Test2_Aln_Only.txt
    resources: tmpdir=/tmp

[Tue Apr  8 19:21:33 2025]
Finished job 10.
1 of 3 steps (33%) done
[Tue Apr  8 20:15:43 2025]
Finished job 9.
2 of 3 steps (67%) done
Select jobs to execute...
Execute 1 jobs...

[Tue Apr  8 20:15:43 2025]
localrule all:
    input: sharks/HydCol_Test2/HydCol_Test2_FASTGA_Filtered.srt.paf, sharks/HydCol_Test2/temp/HydCol_Test2_Var_Only.txt, sharks/HydCol_Test2/temp/HydCol_Test2_Aln_Only.txt
    jobid: 0
    reason: Input files updated by another job: sharks/HydCol_Test2/temp/HydCol_Test2_Var_Only.txt, sharks/HydCol_Test2/temp/HydCol_Test2_Aln_Only.txt
    resources: tmpdir=/tmp

[Tue Apr  8 20:15:43 2025]
Finished job 0.
3 of 3 steps (100%) done
Complete log: .snakemake/log/2025-04-08T132605.794537.snakemake.log
