host: login-q-4
Building DAG of jobs...
IncompleteFilesException:
The files below seem to be incomplete. If you are sure that certain files are not incomplete, mark them as complete with

    snakemake --cleanup-metadata <filenames>

To re-generate the files rerun your command with the --rerun-incomplete flag.
Incomplete files:
sharks/MobBir/MobBir_CM057556.1.bam
sharks/MobBir/MobBir_CM057557.1.bam
sharks/MobBir/MobBir_CM057558.1.bam
sharks/MobBir/MobBir_CM057559.1.bam
sharks/MobBir/MobBir_CM057560.1.bam
sharks/MobBir/MobBir_CM057561.1.bam
sharks/MobBir/MobBir_CM057562.1.bam
sharks/MobBir/MobBir_CM057563.1.bam
sharks/MobBir/MobBir_CM057564.1.bam
sharks/MobBir/MobBir_CM057565.1.bam
sharks/MobBir/MobBir_CM057566.1.bam
sharks/MobBir/MobBir_CM057567.1.bam
sharks/MobBir/MobBir_CM057568.1.bam
sharks/MobBir/MobBir_CM057569.1.bam
sharks/MobBir/MobBir_CM057570.1.bam
sharks/MobBir/MobBir_CM057571.1.bam
sharks/MobBir/MobBir_CM057572.1.bam
sharks/MobBir/MobBir_CM057573.1.bam
sharks/MobBir/MobBir_CM057574.1.bam
sharks/MobBir/MobBir_CM057575.1.bam
sharks/MobBir/MobBir_CM057576.1.bam
sharks/MobBir/MobBir_CM057577.1.bam
sharks/MobBir/MobBir_CM057578.1.bam
sharks/MobBir/MobBir_CM057579.1.bam
sharks/MobBir/MobBir_CM057580.1.bam
sharks/MobBir/MobBir_CM057581.1.bam
sharks/MobBir/MobBir_CM057582.1.bam
sharks/MobBir/MobBir_CM057583.1.bam
sharks/MobBir/MobBir_CM057584.1.bam
sharks/MobBir/MobBir_CM057585.1.bam
sharks/MobBir/MobBir_CM057586.1.bam
sharks/MobBir/MobBir_CM057587.1.bam
