host: login-q-3
Building DAG of jobs...
SLURM run ID: 840dbbfd-cca0-4e8d-b6ac-7393a9745fc3
Using shell: /usr/bin/bash
Provided remote nodes: 30
Job stats:
job                            count
---------------------------  -------
BOOTSTRAPPING_MULTIHET_FILE       30
RUN_BOOTSTRAPPING_MSMC            30
all                                1
total                             61

Select jobs to execute...
Execute 30 jobs...

[Tue May 27 10:55:10 2025]
rule BOOTSTRAPPING_MULTIHET_FILE:
    input: sharks/HydCol/MSMC/Output_multihet_filtered_95/CM068781.1_multihet.txt
    output: sharks/HydCol/MSMC/Output_Multihet_Bootstrapped/23/CM068781.1_multihet.txt
    jobid: 283
    reason: Missing output files: sharks/HydCol/MSMC/Output_Multihet_Bootstrapped/23/CM068781.1_multihet.txt; Code has changed since last execution
    wildcards: CLADE=sharks, SPEC_NAME=HydCol, BOOT=23
    resources: mem_mb=10000, mem_mib=9537, disk_mb=1000, disk_mib=954, tmpdir=<TBD>, slurm_account=DURBIN-SL2-CPU, slurm_partition=cclake-himem, runtime=60

Job 283 has been submitted with SLURM jobid 9989878 (log: /rds/project/rds-p67MZilb2eQ/projects/VGP/heterozygosity/.snakemake/slurm_logs/rule_BOOTSTRAPPING_MULTIHET_FILE/sharks_HydCol_23/9989878.log).

[Tue May 27 10:55:10 2025]
rule BOOTSTRAPPING_MULTIHET_FILE:
    input: sharks/HydCol/MSMC/Output_multihet_filtered_95/CM068781.1_multihet.txt
    output: sharks/HydCol/MSMC/Output_Multihet_Bootstrapped/16/CM068781.1_multihet.txt
    jobid: 276
    reason: Missing output files: sharks/HydCol/MSMC/Output_Multihet_Bootstrapped/16/CM068781.1_multihet.txt; Code has changed since last execution
    wildcards: CLADE=sharks, SPEC_NAME=HydCol, BOOT=16
    resources: mem_mb=10000, mem_mib=9537, disk_mb=1000, disk_mib=954, tmpdir=<TBD>, slurm_account=DURBIN-SL2-CPU, slurm_partition=cclake-himem, runtime=60

Job 276 has been submitted with SLURM jobid 9989879 (log: /rds/project/rds-p67MZilb2eQ/projects/VGP/heterozygosity/.snakemake/slurm_logs/rule_BOOTSTRAPPING_MULTIHET_FILE/sharks_HydCol_16/9989879.log).

[Tue May 27 10:55:10 2025]
rule BOOTSTRAPPING_MULTIHET_FILE:
    input: sharks/HydCol/MSMC/Output_multihet_filtered_95/CM068781.1_multihet.txt
    output: sharks/HydCol/MSMC/Output_Multihet_Bootstrapped/9/CM068781.1_multihet.txt
    jobid: 269
    reason: Missing output files: sharks/HydCol/MSMC/Output_Multihet_Bootstrapped/9/CM068781.1_multihet.txt; Code has changed since last execution
    wildcards: CLADE=sharks, SPEC_NAME=HydCol, BOOT=9
    resources: mem_mb=10000, mem_mib=9537, disk_mb=1000, disk_mib=954, tmpdir=<TBD>, slurm_account=DURBIN-SL2-CPU, slurm_partition=cclake-himem, runtime=60

Job 269 has been submitted with SLURM jobid 9989880 (log: /rds/project/rds-p67MZilb2eQ/projects/VGP/heterozygosity/.snakemake/slurm_logs/rule_BOOTSTRAPPING_MULTIHET_FILE/sharks_HydCol_9/9989880.log).

[Tue May 27 10:55:10 2025]
rule BOOTSTRAPPING_MULTIHET_FILE:
    input: sharks/HydCol/MSMC/Output_multihet_filtered_95/CM068781.1_multihet.txt
    output: sharks/HydCol/MSMC/Output_Multihet_Bootstrapped/2/CM068781.1_multihet.txt
    jobid: 262
    reason: Missing output files: sharks/HydCol/MSMC/Output_Multihet_Bootstrapped/2/CM068781.1_multihet.txt; Code has changed since last execution
    wildcards: CLADE=sharks, SPEC_NAME=HydCol, BOOT=2
    resources: mem_mb=10000, mem_mib=9537, disk_mb=1000, disk_mib=954, tmpdir=<TBD>, slurm_account=DURBIN-SL2-CPU, slurm_partition=cclake-himem, runtime=60

Job 262 has been submitted with SLURM jobid 9989881 (log: /rds/project/rds-p67MZilb2eQ/projects/VGP/heterozygosity/.snakemake/slurm_logs/rule_BOOTSTRAPPING_MULTIHET_FILE/sharks_HydCol_2/9989881.log).

[Tue May 27 10:55:11 2025]
rule BOOTSTRAPPING_MULTIHET_FILE:
    input: sharks/HydCol/MSMC/Output_multihet_filtered_95/CM068781.1_multihet.txt
    output: sharks/HydCol/MSMC/Output_Multihet_Bootstrapped/24/CM068781.1_multihet.txt
    jobid: 284
    reason: Missing output files: sharks/HydCol/MSMC/Output_Multihet_Bootstrapped/24/CM068781.1_multihet.txt; Code has changed since last execution
    wildcards: CLADE=sharks, SPEC_NAME=HydCol, BOOT=24
    resources: mem_mb=10000, mem_mib=9537, disk_mb=1000, disk_mib=954, tmpdir=<TBD>, slurm_account=DURBIN-SL2-CPU, slurm_partition=cclake-himem, runtime=60

Job 284 has been submitted with SLURM jobid 9989882 (log: /rds/project/rds-p67MZilb2eQ/projects/VGP/heterozygosity/.snakemake/slurm_logs/rule_BOOTSTRAPPING_MULTIHET_FILE/sharks_HydCol_24/9989882.log).

[Tue May 27 10:55:11 2025]
rule BOOTSTRAPPING_MULTIHET_FILE:
    input: sharks/HydCol/MSMC/Output_multihet_filtered_95/CM068781.1_multihet.txt
    output: sharks/HydCol/MSMC/Output_Multihet_Bootstrapped/17/CM068781.1_multihet.txt
    jobid: 277
    reason: Missing output files: sharks/HydCol/MSMC/Output_Multihet_Bootstrapped/17/CM068781.1_multihet.txt; Code has changed since last execution
    wildcards: CLADE=sharks, SPEC_NAME=HydCol, BOOT=17
    resources: mem_mb=10000, mem_mib=9537, disk_mb=1000, disk_mib=954, tmpdir=<TBD>, slurm_account=DURBIN-SL2-CPU, slurm_partition=cclake-himem, runtime=60

Job 277 has been submitted with SLURM jobid 9989883 (log: /rds/project/rds-p67MZilb2eQ/projects/VGP/heterozygosity/.snakemake/slurm_logs/rule_BOOTSTRAPPING_MULTIHET_FILE/sharks_HydCol_17/9989883.log).

[Tue May 27 10:55:11 2025]
rule BOOTSTRAPPING_MULTIHET_FILE:
    input: sharks/HydCol/MSMC/Output_multihet_filtered_95/CM068781.1_multihet.txt
    output: sharks/HydCol/MSMC/Output_Multihet_Bootstrapped/10/CM068781.1_multihet.txt
    jobid: 270
    reason: Missing output files: sharks/HydCol/MSMC/Output_Multihet_Bootstrapped/10/CM068781.1_multihet.txt; Code has changed since last execution
    wildcards: CLADE=sharks, SPEC_NAME=HydCol, BOOT=10
    resources: mem_mb=10000, mem_mib=9537, disk_mb=1000, disk_mib=954, tmpdir=<TBD>, slurm_account=DURBIN-SL2-CPU, slurm_partition=cclake-himem, runtime=60

Job 270 has been submitted with SLURM jobid 9989884 (log: /rds/project/rds-p67MZilb2eQ/projects/VGP/heterozygosity/.snakemake/slurm_logs/rule_BOOTSTRAPPING_MULTIHET_FILE/sharks_HydCol_10/9989884.log).

[Tue May 27 10:55:11 2025]
rule BOOTSTRAPPING_MULTIHET_FILE:
    input: sharks/HydCol/MSMC/Output_multihet_filtered_95/CM068781.1_multihet.txt
    output: sharks/HydCol/MSMC/Output_Multihet_Bootstrapped/3/CM068781.1_multihet.txt
    jobid: 263
    reason: Missing output files: sharks/HydCol/MSMC/Output_Multihet_Bootstrapped/3/CM068781.1_multihet.txt; Code has changed since last execution
    wildcards: CLADE=sharks, SPEC_NAME=HydCol, BOOT=3
    resources: mem_mb=10000, mem_mib=9537, disk_mb=1000, disk_mib=954, tmpdir=<TBD>, slurm_account=DURBIN-SL2-CPU, slurm_partition=cclake-himem, runtime=60

Job 263 has been submitted with SLURM jobid 9989885 (log: /rds/project/rds-p67MZilb2eQ/projects/VGP/heterozygosity/.snakemake/slurm_logs/rule_BOOTSTRAPPING_MULTIHET_FILE/sharks_HydCol_3/9989885.log).

[Tue May 27 10:55:11 2025]
rule BOOTSTRAPPING_MULTIHET_FILE:
    input: sharks/HydCol/MSMC/Output_multihet_filtered_95/CM068781.1_multihet.txt
    output: sharks/HydCol/MSMC/Output_Multihet_Bootstrapped/25/CM068781.1_multihet.txt
    jobid: 285
    reason: Missing output files: sharks/HydCol/MSMC/Output_Multihet_Bootstrapped/25/CM068781.1_multihet.txt; Code has changed since last execution
    wildcards: CLADE=sharks, SPEC_NAME=HydCol, BOOT=25
    resources: mem_mb=10000, mem_mib=9537, disk_mb=1000, disk_mib=954, tmpdir=<TBD>, slurm_account=DURBIN-SL2-CPU, slurm_partition=cclake-himem, runtime=60

Job 285 has been submitted with SLURM jobid 9989886 (log: /rds/project/rds-p67MZilb2eQ/projects/VGP/heterozygosity/.snakemake/slurm_logs/rule_BOOTSTRAPPING_MULTIHET_FILE/sharks_HydCol_25/9989886.log).

[Tue May 27 10:55:11 2025]
rule BOOTSTRAPPING_MULTIHET_FILE:
    input: sharks/HydCol/MSMC/Output_multihet_filtered_95/CM068781.1_multihet.txt
    output: sharks/HydCol/MSMC/Output_Multihet_Bootstrapped/18/CM068781.1_multihet.txt
    jobid: 278
    reason: Missing output files: sharks/HydCol/MSMC/Output_Multihet_Bootstrapped/18/CM068781.1_multihet.txt; Code has changed since last execution
    wildcards: CLADE=sharks, SPEC_NAME=HydCol, BOOT=18
    resources: mem_mb=10000, mem_mib=9537, disk_mb=1000, disk_mib=954, tmpdir=<TBD>, slurm_account=DURBIN-SL2-CPU, slurm_partition=cclake-himem, runtime=60

Job 278 has been submitted with SLURM jobid 9989887 (log: /rds/project/rds-p67MZilb2eQ/projects/VGP/heterozygosity/.snakemake/slurm_logs/rule_BOOTSTRAPPING_MULTIHET_FILE/sharks_HydCol_18/9989887.log).

[Tue May 27 10:55:12 2025]
rule BOOTSTRAPPING_MULTIHET_FILE:
    input: sharks/HydCol/MSMC/Output_multihet_filtered_95/CM068781.1_multihet.txt
    output: sharks/HydCol/MSMC/Output_Multihet_Bootstrapped/11/CM068781.1_multihet.txt
    jobid: 271
    reason: Missing output files: sharks/HydCol/MSMC/Output_Multihet_Bootstrapped/11/CM068781.1_multihet.txt; Code has changed since last execution
    wildcards: CLADE=sharks, SPEC_NAME=HydCol, BOOT=11
    resources: mem_mb=10000, mem_mib=9537, disk_mb=1000, disk_mib=954, tmpdir=<TBD>, slurm_account=DURBIN-SL2-CPU, slurm_partition=cclake-himem, runtime=60

Job 271 has been submitted with SLURM jobid 9989888 (log: /rds/project/rds-p67MZilb2eQ/projects/VGP/heterozygosity/.snakemake/slurm_logs/rule_BOOTSTRAPPING_MULTIHET_FILE/sharks_HydCol_11/9989888.log).

[Tue May 27 10:55:12 2025]
rule BOOTSTRAPPING_MULTIHET_FILE:
    input: sharks/HydCol/MSMC/Output_multihet_filtered_95/CM068781.1_multihet.txt
    output: sharks/HydCol/MSMC/Output_Multihet_Bootstrapped/4/CM068781.1_multihet.txt
    jobid: 264
    reason: Missing output files: sharks/HydCol/MSMC/Output_Multihet_Bootstrapped/4/CM068781.1_multihet.txt; Code has changed since last execution
    wildcards: CLADE=sharks, SPEC_NAME=HydCol, BOOT=4
    resources: mem_mb=10000, mem_mib=9537, disk_mb=1000, disk_mib=954, tmpdir=<TBD>, slurm_account=DURBIN-SL2-CPU, slurm_partition=cclake-himem, runtime=60

Job 264 has been submitted with SLURM jobid 9989889 (log: /rds/project/rds-p67MZilb2eQ/projects/VGP/heterozygosity/.snakemake/slurm_logs/rule_BOOTSTRAPPING_MULTIHET_FILE/sharks_HydCol_4/9989889.log).

[Tue May 27 10:55:12 2025]
rule BOOTSTRAPPING_MULTIHET_FILE:
    input: sharks/HydCol/MSMC/Output_multihet_filtered_95/CM068781.1_multihet.txt
    output: sharks/HydCol/MSMC/Output_Multihet_Bootstrapped/26/CM068781.1_multihet.txt
    jobid: 286
    reason: Missing output files: sharks/HydCol/MSMC/Output_Multihet_Bootstrapped/26/CM068781.1_multihet.txt; Code has changed since last execution
    wildcards: CLADE=sharks, SPEC_NAME=HydCol, BOOT=26
    resources: mem_mb=10000, mem_mib=9537, disk_mb=1000, disk_mib=954, tmpdir=<TBD>, slurm_account=DURBIN-SL2-CPU, slurm_partition=cclake-himem, runtime=60

Job 286 has been submitted with SLURM jobid 9989890 (log: /rds/project/rds-p67MZilb2eQ/projects/VGP/heterozygosity/.snakemake/slurm_logs/rule_BOOTSTRAPPING_MULTIHET_FILE/sharks_HydCol_26/9989890.log).

[Tue May 27 10:55:12 2025]
rule BOOTSTRAPPING_MULTIHET_FILE:
    input: sharks/HydCol/MSMC/Output_multihet_filtered_95/CM068781.1_multihet.txt
    output: sharks/HydCol/MSMC/Output_Multihet_Bootstrapped/19/CM068781.1_multihet.txt
    jobid: 279
    reason: Missing output files: sharks/HydCol/MSMC/Output_Multihet_Bootstrapped/19/CM068781.1_multihet.txt; Code has changed since last execution
    wildcards: CLADE=sharks, SPEC_NAME=HydCol, BOOT=19
    resources: mem_mb=10000, mem_mib=9537, disk_mb=1000, disk_mib=954, tmpdir=<TBD>, slurm_account=DURBIN-SL2-CPU, slurm_partition=cclake-himem, runtime=60

Job 279 has been submitted with SLURM jobid 9989891 (log: /rds/project/rds-p67MZilb2eQ/projects/VGP/heterozygosity/.snakemake/slurm_logs/rule_BOOTSTRAPPING_MULTIHET_FILE/sharks_HydCol_19/9989891.log).

[Tue May 27 10:55:12 2025]
rule BOOTSTRAPPING_MULTIHET_FILE:
    input: sharks/HydCol/MSMC/Output_multihet_filtered_95/CM068781.1_multihet.txt
    output: sharks/HydCol/MSMC/Output_Multihet_Bootstrapped/12/CM068781.1_multihet.txt
    jobid: 272
    reason: Missing output files: sharks/HydCol/MSMC/Output_Multihet_Bootstrapped/12/CM068781.1_multihet.txt; Code has changed since last execution
    wildcards: CLADE=sharks, SPEC_NAME=HydCol, BOOT=12
    resources: mem_mb=10000, mem_mib=9537, disk_mb=1000, disk_mib=954, tmpdir=<TBD>, slurm_account=DURBIN-SL2-CPU, slurm_partition=cclake-himem, runtime=60

Job 272 has been submitted with SLURM jobid 9989892 (log: /rds/project/rds-p67MZilb2eQ/projects/VGP/heterozygosity/.snakemake/slurm_logs/rule_BOOTSTRAPPING_MULTIHET_FILE/sharks_HydCol_12/9989892.log).

[Tue May 27 10:55:12 2025]
rule BOOTSTRAPPING_MULTIHET_FILE:
    input: sharks/HydCol/MSMC/Output_multihet_filtered_95/CM068781.1_multihet.txt
    output: sharks/HydCol/MSMC/Output_Multihet_Bootstrapped/5/CM068781.1_multihet.txt
    jobid: 265
    reason: Missing output files: sharks/HydCol/MSMC/Output_Multihet_Bootstrapped/5/CM068781.1_multihet.txt; Code has changed since last execution
    wildcards: CLADE=sharks, SPEC_NAME=HydCol, BOOT=5
    resources: mem_mb=10000, mem_mib=9537, disk_mb=1000, disk_mib=954, tmpdir=<TBD>, slurm_account=DURBIN-SL2-CPU, slurm_partition=cclake-himem, runtime=60

Job 265 has been submitted with SLURM jobid 9989893 (log: /rds/project/rds-p67MZilb2eQ/projects/VGP/heterozygosity/.snakemake/slurm_logs/rule_BOOTSTRAPPING_MULTIHET_FILE/sharks_HydCol_5/9989893.log).

[Tue May 27 10:55:13 2025]
rule BOOTSTRAPPING_MULTIHET_FILE:
    input: sharks/HydCol/MSMC/Output_multihet_filtered_95/CM068781.1_multihet.txt
    output: sharks/HydCol/MSMC/Output_Multihet_Bootstrapped/27/CM068781.1_multihet.txt
    jobid: 287
    reason: Missing output files: sharks/HydCol/MSMC/Output_Multihet_Bootstrapped/27/CM068781.1_multihet.txt; Code has changed since last execution
    wildcards: CLADE=sharks, SPEC_NAME=HydCol, BOOT=27
    resources: mem_mb=10000, mem_mib=9537, disk_mb=1000, disk_mib=954, tmpdir=<TBD>, slurm_account=DURBIN-SL2-CPU, slurm_partition=cclake-himem, runtime=60

Job 287 has been submitted with SLURM jobid 9989894 (log: /rds/project/rds-p67MZilb2eQ/projects/VGP/heterozygosity/.snakemake/slurm_logs/rule_BOOTSTRAPPING_MULTIHET_FILE/sharks_HydCol_27/9989894.log).

[Tue May 27 10:55:13 2025]
rule BOOTSTRAPPING_MULTIHET_FILE:
    input: sharks/HydCol/MSMC/Output_multihet_filtered_95/CM068781.1_multihet.txt
    output: sharks/HydCol/MSMC/Output_Multihet_Bootstrapped/20/CM068781.1_multihet.txt
    jobid: 280
    reason: Missing output files: sharks/HydCol/MSMC/Output_Multihet_Bootstrapped/20/CM068781.1_multihet.txt; Code has changed since last execution
    wildcards: CLADE=sharks, SPEC_NAME=HydCol, BOOT=20
    resources: mem_mb=10000, mem_mib=9537, disk_mb=1000, disk_mib=954, tmpdir=<TBD>, slurm_account=DURBIN-SL2-CPU, slurm_partition=cclake-himem, runtime=60

Job 280 has been submitted with SLURM jobid 9989895 (log: /rds/project/rds-p67MZilb2eQ/projects/VGP/heterozygosity/.snakemake/slurm_logs/rule_BOOTSTRAPPING_MULTIHET_FILE/sharks_HydCol_20/9989895.log).

[Tue May 27 10:55:13 2025]
rule BOOTSTRAPPING_MULTIHET_FILE:
    input: sharks/HydCol/MSMC/Output_multihet_filtered_95/CM068781.1_multihet.txt
    output: sharks/HydCol/MSMC/Output_Multihet_Bootstrapped/13/CM068781.1_multihet.txt
    jobid: 273
    reason: Missing output files: sharks/HydCol/MSMC/Output_Multihet_Bootstrapped/13/CM068781.1_multihet.txt; Code has changed since last execution
    wildcards: CLADE=sharks, SPEC_NAME=HydCol, BOOT=13
    resources: mem_mb=10000, mem_mib=9537, disk_mb=1000, disk_mib=954, tmpdir=<TBD>, slurm_account=DURBIN-SL2-CPU, slurm_partition=cclake-himem, runtime=60

Job 273 has been submitted with SLURM jobid 9989896 (log: /rds/project/rds-p67MZilb2eQ/projects/VGP/heterozygosity/.snakemake/slurm_logs/rule_BOOTSTRAPPING_MULTIHET_FILE/sharks_HydCol_13/9989896.log).

[Tue May 27 10:55:13 2025]
rule BOOTSTRAPPING_MULTIHET_FILE:
    input: sharks/HydCol/MSMC/Output_multihet_filtered_95/CM068781.1_multihet.txt
    output: sharks/HydCol/MSMC/Output_Multihet_Bootstrapped/6/CM068781.1_multihet.txt
    jobid: 266
    reason: Missing output files: sharks/HydCol/MSMC/Output_Multihet_Bootstrapped/6/CM068781.1_multihet.txt; Code has changed since last execution
    wildcards: CLADE=sharks, SPEC_NAME=HydCol, BOOT=6
    resources: mem_mb=10000, mem_mib=9537, disk_mb=1000, disk_mib=954, tmpdir=<TBD>, slurm_account=DURBIN-SL2-CPU, slurm_partition=cclake-himem, runtime=60

Job 266 has been submitted with SLURM jobid 9989897 (log: /rds/project/rds-p67MZilb2eQ/projects/VGP/heterozygosity/.snakemake/slurm_logs/rule_BOOTSTRAPPING_MULTIHET_FILE/sharks_HydCol_6/9989897.log).

[Tue May 27 10:55:14 2025]
rule BOOTSTRAPPING_MULTIHET_FILE:
    input: sharks/HydCol/MSMC/Output_multihet_filtered_95/CM068781.1_multihet.txt
    output: sharks/HydCol/MSMC/Output_Multihet_Bootstrapped/28/CM068781.1_multihet.txt
    jobid: 288
    reason: Missing output files: sharks/HydCol/MSMC/Output_Multihet_Bootstrapped/28/CM068781.1_multihet.txt; Code has changed since last execution
    wildcards: CLADE=sharks, SPEC_NAME=HydCol, BOOT=28
    resources: mem_mb=10000, mem_mib=9537, disk_mb=1000, disk_mib=954, tmpdir=<TBD>, slurm_account=DURBIN-SL2-CPU, slurm_partition=cclake-himem, runtime=60

Job 288 has been submitted with SLURM jobid 9989899 (log: /rds/project/rds-p67MZilb2eQ/projects/VGP/heterozygosity/.snakemake/slurm_logs/rule_BOOTSTRAPPING_MULTIHET_FILE/sharks_HydCol_28/9989899.log).

[Tue May 27 10:55:14 2025]
rule BOOTSTRAPPING_MULTIHET_FILE:
    input: sharks/HydCol/MSMC/Output_multihet_filtered_95/CM068781.1_multihet.txt
    output: sharks/HydCol/MSMC/Output_Multihet_Bootstrapped/21/CM068781.1_multihet.txt
    jobid: 281
    reason: Missing output files: sharks/HydCol/MSMC/Output_Multihet_Bootstrapped/21/CM068781.1_multihet.txt; Code has changed since last execution
    wildcards: CLADE=sharks, SPEC_NAME=HydCol, BOOT=21
    resources: mem_mb=10000, mem_mib=9537, disk_mb=1000, disk_mib=954, tmpdir=<TBD>, slurm_account=DURBIN-SL2-CPU, slurm_partition=cclake-himem, runtime=60

Job 281 has been submitted with SLURM jobid 9989900 (log: /rds/project/rds-p67MZilb2eQ/projects/VGP/heterozygosity/.snakemake/slurm_logs/rule_BOOTSTRAPPING_MULTIHET_FILE/sharks_HydCol_21/9989900.log).

[Tue May 27 10:55:15 2025]
rule BOOTSTRAPPING_MULTIHET_FILE:
    input: sharks/HydCol/MSMC/Output_multihet_filtered_95/CM068781.1_multihet.txt
    output: sharks/HydCol/MSMC/Output_Multihet_Bootstrapped/14/CM068781.1_multihet.txt
    jobid: 274
    reason: Missing output files: sharks/HydCol/MSMC/Output_Multihet_Bootstrapped/14/CM068781.1_multihet.txt; Code has changed since last execution
    wildcards: CLADE=sharks, SPEC_NAME=HydCol, BOOT=14
    resources: mem_mb=10000, mem_mib=9537, disk_mb=1000, disk_mib=954, tmpdir=<TBD>, slurm_account=DURBIN-SL2-CPU, slurm_partition=cclake-himem, runtime=60

Job 274 has been submitted with SLURM jobid 9989901 (log: /rds/project/rds-p67MZilb2eQ/projects/VGP/heterozygosity/.snakemake/slurm_logs/rule_BOOTSTRAPPING_MULTIHET_FILE/sharks_HydCol_14/9989901.log).

[Tue May 27 10:55:15 2025]
rule BOOTSTRAPPING_MULTIHET_FILE:
    input: sharks/HydCol/MSMC/Output_multihet_filtered_95/CM068781.1_multihet.txt
    output: sharks/HydCol/MSMC/Output_Multihet_Bootstrapped/7/CM068781.1_multihet.txt
    jobid: 267
    reason: Missing output files: sharks/HydCol/MSMC/Output_Multihet_Bootstrapped/7/CM068781.1_multihet.txt; Code has changed since last execution
    wildcards: CLADE=sharks, SPEC_NAME=HydCol, BOOT=7
    resources: mem_mb=10000, mem_mib=9537, disk_mb=1000, disk_mib=954, tmpdir=<TBD>, slurm_account=DURBIN-SL2-CPU, slurm_partition=cclake-himem, runtime=60

Job 267 has been submitted with SLURM jobid 9989902 (log: /rds/project/rds-p67MZilb2eQ/projects/VGP/heterozygosity/.snakemake/slurm_logs/rule_BOOTSTRAPPING_MULTIHET_FILE/sharks_HydCol_7/9989902.log).

[Tue May 27 10:55:15 2025]
rule BOOTSTRAPPING_MULTIHET_FILE:
    input: sharks/HydCol/MSMC/Output_multihet_filtered_95/CM068781.1_multihet.txt
    output: sharks/HydCol/MSMC/Output_Multihet_Bootstrapped/0/CM068781.1_multihet.txt
    jobid: 260
    reason: Missing output files: sharks/HydCol/MSMC/Output_Multihet_Bootstrapped/0/CM068781.1_multihet.txt; Code has changed since last execution
    wildcards: CLADE=sharks, SPEC_NAME=HydCol, BOOT=0
    resources: mem_mb=10000, mem_mib=9537, disk_mb=1000, disk_mib=954, tmpdir=<TBD>, slurm_account=DURBIN-SL2-CPU, slurm_partition=cclake-himem, runtime=60

Job 260 has been submitted with SLURM jobid 9989903 (log: /rds/project/rds-p67MZilb2eQ/projects/VGP/heterozygosity/.snakemake/slurm_logs/rule_BOOTSTRAPPING_MULTIHET_FILE/sharks_HydCol_0/9989903.log).

[Tue May 27 10:55:15 2025]
rule BOOTSTRAPPING_MULTIHET_FILE:
    input: sharks/HydCol/MSMC/Output_multihet_filtered_95/CM068781.1_multihet.txt
    output: sharks/HydCol/MSMC/Output_Multihet_Bootstrapped/29/CM068781.1_multihet.txt
    jobid: 289
    reason: Missing output files: sharks/HydCol/MSMC/Output_Multihet_Bootstrapped/29/CM068781.1_multihet.txt; Code has changed since last execution
    wildcards: CLADE=sharks, SPEC_NAME=HydCol, BOOT=29
    resources: mem_mb=10000, mem_mib=9537, disk_mb=1000, disk_mib=954, tmpdir=<TBD>, slurm_account=DURBIN-SL2-CPU, slurm_partition=cclake-himem, runtime=60

Job 289 has been submitted with SLURM jobid 9989904 (log: /rds/project/rds-p67MZilb2eQ/projects/VGP/heterozygosity/.snakemake/slurm_logs/rule_BOOTSTRAPPING_MULTIHET_FILE/sharks_HydCol_29/9989904.log).

[Tue May 27 10:55:15 2025]
rule BOOTSTRAPPING_MULTIHET_FILE:
    input: sharks/HydCol/MSMC/Output_multihet_filtered_95/CM068781.1_multihet.txt
    output: sharks/HydCol/MSMC/Output_Multihet_Bootstrapped/22/CM068781.1_multihet.txt
    jobid: 282
    reason: Missing output files: sharks/HydCol/MSMC/Output_Multihet_Bootstrapped/22/CM068781.1_multihet.txt; Code has changed since last execution
    wildcards: CLADE=sharks, SPEC_NAME=HydCol, BOOT=22
    resources: mem_mb=10000, mem_mib=9537, disk_mb=1000, disk_mib=954, tmpdir=<TBD>, slurm_account=DURBIN-SL2-CPU, slurm_partition=cclake-himem, runtime=60

Job 282 has been submitted with SLURM jobid 9989905 (log: /rds/project/rds-p67MZilb2eQ/projects/VGP/heterozygosity/.snakemake/slurm_logs/rule_BOOTSTRAPPING_MULTIHET_FILE/sharks_HydCol_22/9989905.log).

[Tue May 27 10:55:15 2025]
rule BOOTSTRAPPING_MULTIHET_FILE:
    input: sharks/HydCol/MSMC/Output_multihet_filtered_95/CM068781.1_multihet.txt
    output: sharks/HydCol/MSMC/Output_Multihet_Bootstrapped/15/CM068781.1_multihet.txt
    jobid: 275
    reason: Missing output files: sharks/HydCol/MSMC/Output_Multihet_Bootstrapped/15/CM068781.1_multihet.txt; Code has changed since last execution
    wildcards: CLADE=sharks, SPEC_NAME=HydCol, BOOT=15
    resources: mem_mb=10000, mem_mib=9537, disk_mb=1000, disk_mib=954, tmpdir=<TBD>, slurm_account=DURBIN-SL2-CPU, slurm_partition=cclake-himem, runtime=60

Job 275 has been submitted with SLURM jobid 9989906 (log: /rds/project/rds-p67MZilb2eQ/projects/VGP/heterozygosity/.snakemake/slurm_logs/rule_BOOTSTRAPPING_MULTIHET_FILE/sharks_HydCol_15/9989906.log).

[Tue May 27 10:55:15 2025]
rule BOOTSTRAPPING_MULTIHET_FILE:
    input: sharks/HydCol/MSMC/Output_multihet_filtered_95/CM068781.1_multihet.txt
    output: sharks/HydCol/MSMC/Output_Multihet_Bootstrapped/8/CM068781.1_multihet.txt
    jobid: 268
    reason: Missing output files: sharks/HydCol/MSMC/Output_Multihet_Bootstrapped/8/CM068781.1_multihet.txt; Code has changed since last execution
    wildcards: CLADE=sharks, SPEC_NAME=HydCol, BOOT=8
    resources: mem_mb=10000, mem_mib=9537, disk_mb=1000, disk_mib=954, tmpdir=<TBD>, slurm_account=DURBIN-SL2-CPU, slurm_partition=cclake-himem, runtime=60

Job 268 has been submitted with SLURM jobid 9989907 (log: /rds/project/rds-p67MZilb2eQ/projects/VGP/heterozygosity/.snakemake/slurm_logs/rule_BOOTSTRAPPING_MULTIHET_FILE/sharks_HydCol_8/9989907.log).

[Tue May 27 10:55:16 2025]
rule BOOTSTRAPPING_MULTIHET_FILE:
    input: sharks/HydCol/MSMC/Output_multihet_filtered_95/CM068781.1_multihet.txt
    output: sharks/HydCol/MSMC/Output_Multihet_Bootstrapped/1/CM068781.1_multihet.txt
    jobid: 261
    reason: Missing output files: sharks/HydCol/MSMC/Output_Multihet_Bootstrapped/1/CM068781.1_multihet.txt; Code has changed since last execution
    wildcards: CLADE=sharks, SPEC_NAME=HydCol, BOOT=1
    resources: mem_mb=10000, mem_mib=9537, disk_mb=1000, disk_mib=954, tmpdir=<TBD>, slurm_account=DURBIN-SL2-CPU, slurm_partition=cclake-himem, runtime=60

Job 261 has been submitted with SLURM jobid 9989908 (log: /rds/project/rds-p67MZilb2eQ/projects/VGP/heterozygosity/.snakemake/slurm_logs/rule_BOOTSTRAPPING_MULTIHET_FILE/sharks_HydCol_1/9989908.log).
[Tue May 27 10:58:11 2025]
Finished job 283.
1 of 61 steps (2%) done
[Tue May 27 10:58:11 2025]
Finished job 276.
2 of 61 steps (3%) done
[Tue May 27 10:58:11 2025]
Finished job 269.
3 of 61 steps (5%) done
[Tue May 27 10:58:11 2025]
Finished job 262.
4 of 61 steps (7%) done
[Tue May 27 10:58:11 2025]
Finished job 284.
5 of 61 steps (8%) done
[Tue May 27 10:58:11 2025]
Finished job 277.
6 of 61 steps (10%) done
[Tue May 27 10:58:11 2025]
Finished job 270.
7 of 61 steps (11%) done
[Tue May 27 10:58:11 2025]
Finished job 263.
8 of 61 steps (13%) done
[Tue May 27 11:08:12 2025]
Finished job 285.
9 of 61 steps (15%) done
[Tue May 27 11:08:12 2025]
Finished job 278.
10 of 61 steps (16%) done
[Tue May 27 11:08:12 2025]
Finished job 271.
11 of 61 steps (18%) done
[Tue May 27 11:08:12 2025]
Finished job 264.
12 of 61 steps (20%) done
[Tue May 27 11:20:57 2025]
Error in rule BOOTSTRAPPING_MULTIHET_FILE:
    message: SLURM-job '9989890' failed, SLURM status is: 'FAILED'. For further error details see the cluster/cloud log and the log files of the involved rule(s).
    jobid: 286
    input: sharks/HydCol/MSMC/Output_multihet_filtered_95/CM068781.1_multihet.txt
    output: sharks/HydCol/MSMC/Output_Multihet_Bootstrapped/26/CM068781.1_multihet.txt
    log: /rds/project/rds-p67MZilb2eQ/projects/VGP/heterozygosity/.snakemake/slurm_logs/rule_BOOTSTRAPPING_MULTIHET_FILE/sharks_HydCol_26/9989890.log (check log file(s) for error details)
    shell:
        
        mkdir -p sharks/HydCol/MSMC/Output_Multihet_Bootstrapped/26
        python /rds/project/rds-8b3VcZwY7rY/users/ag2427/hpc-work/20241011_jaskaran_script_msmc_fileprep/block_bootstrap_mhs.py --inmhs sharks/HydCol/MSMC/Output_multihet_filtered_95/CM068781.1_multihet.txt --windowsize 2.5e+05 --outmhs sharks/HydCol/MSMC/Output_Multihet_Bootstrapped/26/CM068781.1_multihet.txt
        
        (one of the commands exited with non-zero exit code; note that snakemake uses bash strict mode!)
    external_jobid: 9989890

[Tue May 27 11:21:00 2025]
Error in rule BOOTSTRAPPING_MULTIHET_FILE:
    message: SLURM-job '9989891' failed, SLURM status is: 'FAILED'. For further error details see the cluster/cloud log and the log files of the involved rule(s).
    jobid: 279
    input: sharks/HydCol/MSMC/Output_multihet_filtered_95/CM068781.1_multihet.txt
    output: sharks/HydCol/MSMC/Output_Multihet_Bootstrapped/19/CM068781.1_multihet.txt
    log: /rds/project/rds-p67MZilb2eQ/projects/VGP/heterozygosity/.snakemake/slurm_logs/rule_BOOTSTRAPPING_MULTIHET_FILE/sharks_HydCol_19/9989891.log (check log file(s) for error details)
    shell:
        
        mkdir -p sharks/HydCol/MSMC/Output_Multihet_Bootstrapped/19
        python /rds/project/rds-8b3VcZwY7rY/users/ag2427/hpc-work/20241011_jaskaran_script_msmc_fileprep/block_bootstrap_mhs.py --inmhs sharks/HydCol/MSMC/Output_multihet_filtered_95/CM068781.1_multihet.txt --windowsize 2.5e+05 --outmhs sharks/HydCol/MSMC/Output_Multihet_Bootstrapped/19/CM068781.1_multihet.txt
        
        (one of the commands exited with non-zero exit code; note that snakemake uses bash strict mode!)
    external_jobid: 9989891

[Tue May 27 11:21:00 2025]
Error in rule BOOTSTRAPPING_MULTIHET_FILE:
    message: SLURM-job '9989892' failed, SLURM status is: 'FAILED'. For further error details see the cluster/cloud log and the log files of the involved rule(s).
    jobid: 272
    input: sharks/HydCol/MSMC/Output_multihet_filtered_95/CM068781.1_multihet.txt
    output: sharks/HydCol/MSMC/Output_Multihet_Bootstrapped/12/CM068781.1_multihet.txt
    log: /rds/project/rds-p67MZilb2eQ/projects/VGP/heterozygosity/.snakemake/slurm_logs/rule_BOOTSTRAPPING_MULTIHET_FILE/sharks_HydCol_12/9989892.log (check log file(s) for error details)
    shell:
        
        mkdir -p sharks/HydCol/MSMC/Output_Multihet_Bootstrapped/12
        python /rds/project/rds-8b3VcZwY7rY/users/ag2427/hpc-work/20241011_jaskaran_script_msmc_fileprep/block_bootstrap_mhs.py --inmhs sharks/HydCol/MSMC/Output_multihet_filtered_95/CM068781.1_multihet.txt --windowsize 2.5e+05 --outmhs sharks/HydCol/MSMC/Output_Multihet_Bootstrapped/12/CM068781.1_multihet.txt
        
        (one of the commands exited with non-zero exit code; note that snakemake uses bash strict mode!)
    external_jobid: 9989892

[Tue May 27 11:21:02 2025]
Error in rule BOOTSTRAPPING_MULTIHET_FILE:
    message: SLURM-job '9989893' failed, SLURM status is: 'FAILED'. For further error details see the cluster/cloud log and the log files of the involved rule(s).
    jobid: 265
    input: sharks/HydCol/MSMC/Output_multihet_filtered_95/CM068781.1_multihet.txt
    output: sharks/HydCol/MSMC/Output_Multihet_Bootstrapped/5/CM068781.1_multihet.txt
    log: /rds/project/rds-p67MZilb2eQ/projects/VGP/heterozygosity/.snakemake/slurm_logs/rule_BOOTSTRAPPING_MULTIHET_FILE/sharks_HydCol_5/9989893.log (check log file(s) for error details)
    shell:
        
        mkdir -p sharks/HydCol/MSMC/Output_Multihet_Bootstrapped/5
        python /rds/project/rds-8b3VcZwY7rY/users/ag2427/hpc-work/20241011_jaskaran_script_msmc_fileprep/block_bootstrap_mhs.py --inmhs sharks/HydCol/MSMC/Output_multihet_filtered_95/CM068781.1_multihet.txt --windowsize 2.5e+05 --outmhs sharks/HydCol/MSMC/Output_Multihet_Bootstrapped/5/CM068781.1_multihet.txt
        
        (one of the commands exited with non-zero exit code; note that snakemake uses bash strict mode!)
    external_jobid: 9989893

[Tue May 27 11:21:16 2025]
Error in rule BOOTSTRAPPING_MULTIHET_FILE:
    message: SLURM-job '9989894' failed, SLURM status is: 'FAILED'. For further error details see the cluster/cloud log and the log files of the involved rule(s).
    jobid: 287
    input: sharks/HydCol/MSMC/Output_multihet_filtered_95/CM068781.1_multihet.txt
    output: sharks/HydCol/MSMC/Output_Multihet_Bootstrapped/27/CM068781.1_multihet.txt
    log: /rds/project/rds-p67MZilb2eQ/projects/VGP/heterozygosity/.snakemake/slurm_logs/rule_BOOTSTRAPPING_MULTIHET_FILE/sharks_HydCol_27/9989894.log (check log file(s) for error details)
    shell:
        
        mkdir -p sharks/HydCol/MSMC/Output_Multihet_Bootstrapped/27
        python /rds/project/rds-8b3VcZwY7rY/users/ag2427/hpc-work/20241011_jaskaran_script_msmc_fileprep/block_bootstrap_mhs.py --inmhs sharks/HydCol/MSMC/Output_multihet_filtered_95/CM068781.1_multihet.txt --windowsize 2.5e+05 --outmhs sharks/HydCol/MSMC/Output_Multihet_Bootstrapped/27/CM068781.1_multihet.txt
        
        (one of the commands exited with non-zero exit code; note that snakemake uses bash strict mode!)
    external_jobid: 9989894

[Tue May 27 11:29:56 2025]
Finished job 280.
13 of 61 steps (21%) done
[Tue May 27 11:30:02 2025]
Finished job 273.
14 of 61 steps (23%) done
[Tue May 27 11:30:02 2025]
Finished job 266.
15 of 61 steps (25%) done
[Tue May 27 11:30:03 2025]
Finished job 288.
16 of 61 steps (26%) done
[Tue May 27 11:30:03 2025]
Finished job 281.
17 of 61 steps (28%) done
[Tue May 27 11:30:03 2025]
Finished job 274.
18 of 61 steps (30%) done
[Tue May 27 11:30:03 2025]
Finished job 267.
19 of 61 steps (31%) done
[Tue May 27 11:30:03 2025]
Finished job 260.
20 of 61 steps (33%) done
[Tue May 27 11:40:19 2025]
Finished job 289.
21 of 61 steps (34%) done
[Tue May 27 11:40:19 2025]
Finished job 282.
22 of 61 steps (36%) done
[Tue May 27 11:40:19 2025]
Finished job 275.
23 of 61 steps (38%) done
[Tue May 27 11:40:19 2025]
Finished job 268.
24 of 61 steps (39%) done
[Tue May 27 11:40:19 2025]
Finished job 261.
25 of 61 steps (41%) done
Exiting because a job execution failed. Look above for error message
Complete log: .snakemake/log/2025-05-27T105509.227915.snakemake.log
WorkflowError:
At least one job did not complete successfully.
