host: login-p-4
Building DAG of jobs...
Using shell: /usr/bin/bash
Provided cores: 56
Rules claiming more threads will be scaled down.
Job stats:
job                       count
----------------------  -------
COMPILE_ROH                   1
FILTER_PAF                    5
GET_ALN_ONLY_PER_CHROM        5
GET_VAR_ALN_FILE              5
GET_VAR_ONLY_PER_CHROM        5
ROH_CALC                      5
all                           1
total                        27

Select jobs to execute...
Execute 5 jobs...

[Wed Mar 26 17:23:41 2025]
localrule FILTER_PAF:
    input: sharks/HydCol_Test/GCA_035084275.1.mm2.srt.paf
    output: sharks/HydCol_Test/20250326_CM068743.1_filtered.paf
    jobid: 8
    reason: Missing output files: sharks/HydCol_Test/20250326_CM068743.1_filtered.paf
    wildcards: CLADE=sharks, SPEC_NAME=HydCol_Test, TODAY_DATE=20250326, CHR=CM068743.1
    resources: tmpdir=/tmp


[Wed Mar 26 17:23:41 2025]
localrule FILTER_PAF:
    input: sharks/HydCol_Test/GCA_035084275.1.mm2.srt.paf
    output: sharks/HydCol_Test/20250326_CM068745.1_filtered.paf
    jobid: 10
    reason: Missing output files: sharks/HydCol_Test/20250326_CM068745.1_filtered.paf
    wildcards: CLADE=sharks, SPEC_NAME=HydCol_Test, TODAY_DATE=20250326, CHR=CM068745.1
    resources: tmpdir=/tmp


[Wed Mar 26 17:23:41 2025]
localrule FILTER_PAF:
    input: sharks/HydCol_Test/GCA_035084275.1.mm2.srt.paf
    output: sharks/HydCol_Test/20250326_CM068746.1_filtered.paf
    jobid: 11
    reason: Missing output files: sharks/HydCol_Test/20250326_CM068746.1_filtered.paf
    wildcards: CLADE=sharks, SPEC_NAME=HydCol_Test, TODAY_DATE=20250326, CHR=CM068746.1
    resources: tmpdir=/tmp


[Wed Mar 26 17:23:41 2025]
localrule FILTER_PAF:
    input: sharks/HydCol_Test/GCA_035084275.1.mm2.srt.paf
    output: sharks/HydCol_Test/20250326_CM068742.1_filtered.paf
    jobid: 7
    reason: Missing output files: sharks/HydCol_Test/20250326_CM068742.1_filtered.paf
    wildcards: CLADE=sharks, SPEC_NAME=HydCol_Test, TODAY_DATE=20250326, CHR=CM068742.1
    resources: tmpdir=/tmp


[Wed Mar 26 17:23:41 2025]
localrule FILTER_PAF:
    input: sharks/HydCol_Test/GCA_035084275.1.mm2.srt.paf
    output: sharks/HydCol_Test/20250326_CM068744.1_filtered.paf
    jobid: 9
    reason: Missing output files: sharks/HydCol_Test/20250326_CM068744.1_filtered.paf
    wildcards: CLADE=sharks, SPEC_NAME=HydCol_Test, TODAY_DATE=20250326, CHR=CM068744.1
    resources: tmpdir=/tmp

[Wed Mar 26 17:23:41 2025]
Finished job 9.
1 of 27 steps (4%) done
Select jobs to execute...
Execute 1 jobs...

[Wed Mar 26 17:23:41 2025]
localrule GET_VAR_ALN_FILE:
    input: sharks/HydCol_Test/20250326_CM068744.1_filtered.paf
    output: sharks/HydCol_Test/temp/20250326_CM068744.1_Aln_Var.txt
    jobid: 17
    reason: Input files updated by another job: sharks/HydCol_Test/20250326_CM068744.1_filtered.paf
    wildcards: CLADE=sharks, SPEC_NAME=HydCol_Test, TODAY_DATE=20250326, CHR=CM068744.1
    resources: tmpdir=/tmp

[Wed Mar 26 17:23:41 2025]
Finished job 10.
2 of 27 steps (7%) done
[Wed Mar 26 17:23:41 2025]
Finished job 7.
3 of 27 steps (11%) done
[Wed Mar 26 17:23:41 2025]
Finished job 8.
4 of 27 steps (15%) done
[Wed Mar 26 17:23:41 2025]
Finished job 11.
5 of 27 steps (19%) done
Select jobs to execute...
Execute 4 jobs...

[Wed Mar 26 17:23:41 2025]
localrule GET_VAR_ALN_FILE:
    input: sharks/HydCol_Test/20250326_CM068742.1_filtered.paf
    output: sharks/HydCol_Test/temp/20250326_CM068742.1_Aln_Var.txt
    jobid: 13
    reason: Input files updated by another job: sharks/HydCol_Test/20250326_CM068742.1_filtered.paf
    wildcards: CLADE=sharks, SPEC_NAME=HydCol_Test, TODAY_DATE=20250326, CHR=CM068742.1
    resources: tmpdir=/tmp


[Wed Mar 26 17:23:41 2025]
localrule GET_VAR_ALN_FILE:
    input: sharks/HydCol_Test/20250326_CM068746.1_filtered.paf
    output: sharks/HydCol_Test/temp/20250326_CM068746.1_Aln_Var.txt
    jobid: 21
    reason: Input files updated by another job: sharks/HydCol_Test/20250326_CM068746.1_filtered.paf
    wildcards: CLADE=sharks, SPEC_NAME=HydCol_Test, TODAY_DATE=20250326, CHR=CM068746.1
    resources: tmpdir=/tmp


[Wed Mar 26 17:23:41 2025]
localrule GET_VAR_ALN_FILE:
    input: sharks/HydCol_Test/20250326_CM068745.1_filtered.paf
    output: sharks/HydCol_Test/temp/20250326_CM068745.1_Aln_Var.txt
    jobid: 19
    reason: Input files updated by another job: sharks/HydCol_Test/20250326_CM068745.1_filtered.paf
    wildcards: CLADE=sharks, SPEC_NAME=HydCol_Test, TODAY_DATE=20250326, CHR=CM068745.1
    resources: tmpdir=/tmp


[Wed Mar 26 17:23:41 2025]
localrule GET_VAR_ALN_FILE:
    input: sharks/HydCol_Test/20250326_CM068743.1_filtered.paf
    output: sharks/HydCol_Test/temp/20250326_CM068743.1_Aln_Var.txt
    jobid: 15
    reason: Input files updated by another job: sharks/HydCol_Test/20250326_CM068743.1_filtered.paf
    wildcards: CLADE=sharks, SPEC_NAME=HydCol_Test, TODAY_DATE=20250326, CHR=CM068743.1
    resources: tmpdir=/tmp

[Wed Mar 26 17:23:42 2025]
Finished job 21.
6 of 27 steps (22%) done
Select jobs to execute...
Execute 2 jobs...

[Wed Mar 26 17:23:42 2025]
localrule GET_ALN_ONLY_PER_CHROM:
    input: sharks/HydCol_Test/temp/20250326_CM068746.1_Aln_Var.txt
    output: sharks/HydCol_Test/temp/20250326_CM068746.1_Aln_Only.txt
    jobid: 20
    reason: Input files updated by another job: sharks/HydCol_Test/temp/20250326_CM068746.1_Aln_Var.txt
    wildcards: CLADE=sharks, SPEC_NAME=HydCol_Test, TODAY_DATE=20250326, CHR=CM068746.1
    resources: tmpdir=/tmp


[Wed Mar 26 17:23:42 2025]
localrule GET_VAR_ONLY_PER_CHROM:
    input: sharks/HydCol_Test/temp/20250326_CM068746.1_Aln_Var.txt
    output: sharks/HydCol_Test/temp/20250326_CM068746.1_Var_Only.txt
    jobid: 26
    reason: Input files updated by another job: sharks/HydCol_Test/temp/20250326_CM068746.1_Aln_Var.txt
    wildcards: CLADE=sharks, SPEC_NAME=HydCol_Test, TODAY_DATE=20250326, CHR=CM068746.1
    resources: tmpdir=/tmp

[Wed Mar 26 17:23:42 2025]
Finished job 20.
7 of 27 steps (26%) done
[Wed Mar 26 17:23:42 2025]
Finished job 26.
8 of 27 steps (30%) done
Select jobs to execute...
Execute 1 jobs...

[Wed Mar 26 17:23:42 2025]
localrule ROH_CALC:
    input: sharks/HydCol_Test/temp/20250326_CM068746.1_Aln_Only.txt, sharks/HydCol_Test/temp/20250326_CM068746.1_Var_Only.txt, sharks/HydCol_Test/Reference_HydCol_Test_Chroms_Lengths.txt
    output: sharks/HydCol_Test/20250326_CM068746.1_ROH_Results.txt
    jobid: 32
    reason: Missing output files: sharks/HydCol_Test/20250326_CM068746.1_ROH_Results.txt; Input files updated by another job: sharks/HydCol_Test/temp/20250326_CM068746.1_Aln_Only.txt, sharks/HydCol_Test/temp/20250326_CM068746.1_Var_Only.txt
    wildcards: CLADE=sharks, SPEC_NAME=HydCol_Test, TODAY_DATE=20250326, CHR=CM068746.1
    resources: tmpdir=/tmp

[Wed Mar 26 17:23:42 2025]
Finished job 19.
9 of 27 steps (33%) done
Select jobs to execute...
Execute 2 jobs...

[Wed Mar 26 17:23:42 2025]
localrule GET_VAR_ONLY_PER_CHROM:
    input: sharks/HydCol_Test/temp/20250326_CM068745.1_Aln_Var.txt
    output: sharks/HydCol_Test/temp/20250326_CM068745.1_Var_Only.txt
    jobid: 25
    reason: Input files updated by another job: sharks/HydCol_Test/temp/20250326_CM068745.1_Aln_Var.txt
    wildcards: CLADE=sharks, SPEC_NAME=HydCol_Test, TODAY_DATE=20250326, CHR=CM068745.1
    resources: tmpdir=/tmp


[Wed Mar 26 17:23:42 2025]
localrule GET_ALN_ONLY_PER_CHROM:
    input: sharks/HydCol_Test/temp/20250326_CM068745.1_Aln_Var.txt
    output: sharks/HydCol_Test/temp/20250326_CM068745.1_Aln_Only.txt
    jobid: 18
    reason: Input files updated by another job: sharks/HydCol_Test/temp/20250326_CM068745.1_Aln_Var.txt
    wildcards: CLADE=sharks, SPEC_NAME=HydCol_Test, TODAY_DATE=20250326, CHR=CM068745.1
    resources: tmpdir=/tmp

RuleException:
CalledProcessError in file /rds/project/rds-p67MZilb2eQ/projects/VGP/heterozygosity/Snakefile, line 282:
Command 'set -euo pipefail;  
        CHROM_LENGTH="$(awk -v var='CM068746.1' '$1 == var {print $2; exit}' sharks/HydCol_Test/Reference_HydCol_Test_Chroms_Lengths.txt)"
        python /rds/project/rds-p67MZilb2eQ/projects/VGP/heterozygosity/20250320_ROH_Durbin_Calc_Eqns_V6.py CM068746.1 "$CHROM_LENGTH" 20250326 GCA_035084275.1 sharks sharks/HydCol_Test/temp/20250326_CM068746.1_Aln_Only.txt sharks/HydCol_Test/temp/20250326_CM068746.1_Var_Only.txt HydCol_Test' returned non-zero exit status 1.
[Wed Mar 26 17:23:42 2025]
Error in rule ROH_CALC:
    jobid: 32
    input: sharks/HydCol_Test/temp/20250326_CM068746.1_Aln_Only.txt, sharks/HydCol_Test/temp/20250326_CM068746.1_Var_Only.txt, sharks/HydCol_Test/Reference_HydCol_Test_Chroms_Lengths.txt
    output: sharks/HydCol_Test/20250326_CM068746.1_ROH_Results.txt
    shell:
        
        CHROM_LENGTH="$(awk -v var='CM068746.1' '$1 == var {print $2; exit}' sharks/HydCol_Test/Reference_HydCol_Test_Chroms_Lengths.txt)"
        python /rds/project/rds-p67MZilb2eQ/projects/VGP/heterozygosity/20250320_ROH_Durbin_Calc_Eqns_V6.py CM068746.1 "$CHROM_LENGTH" 20250326 GCA_035084275.1 sharks sharks/HydCol_Test/temp/20250326_CM068746.1_Aln_Only.txt sharks/HydCol_Test/temp/20250326_CM068746.1_Var_Only.txt HydCol_Test
        
        (one of the commands exited with non-zero exit code; note that snakemake uses bash strict mode!)

[Wed Mar 26 17:23:42 2025]
Finished job 17.
10 of 27 steps (37%) done
Select jobs to execute...
Execute 2 jobs...

[Wed Mar 26 17:23:42 2025]
localrule GET_VAR_ONLY_PER_CHROM:
    input: sharks/HydCol_Test/temp/20250326_CM068744.1_Aln_Var.txt
    output: sharks/HydCol_Test/temp/20250326_CM068744.1_Var_Only.txt
    jobid: 24
    reason: Input files updated by another job: sharks/HydCol_Test/temp/20250326_CM068744.1_Aln_Var.txt
    wildcards: CLADE=sharks, SPEC_NAME=HydCol_Test, TODAY_DATE=20250326, CHR=CM068744.1
    resources: tmpdir=/tmp


[Wed Mar 26 17:23:42 2025]
localrule GET_ALN_ONLY_PER_CHROM:
    input: sharks/HydCol_Test/temp/20250326_CM068744.1_Aln_Var.txt
    output: sharks/HydCol_Test/temp/20250326_CM068744.1_Aln_Only.txt
    jobid: 16
    reason: Input files updated by another job: sharks/HydCol_Test/temp/20250326_CM068744.1_Aln_Var.txt
    wildcards: CLADE=sharks, SPEC_NAME=HydCol_Test, TODAY_DATE=20250326, CHR=CM068744.1
    resources: tmpdir=/tmp

[Wed Mar 26 17:23:42 2025]
Finished job 15.
11 of 27 steps (41%) done
[Wed Mar 26 17:23:42 2025]
Finished job 18.
12 of 27 steps (44%) done
[Wed Mar 26 17:23:42 2025]
Finished job 13.
13 of 27 steps (48%) done
[Wed Mar 26 17:23:42 2025]
Finished job 25.
14 of 27 steps (52%) done
[Wed Mar 26 17:23:42 2025]
Finished job 16.
15 of 27 steps (56%) done
[Wed Mar 26 17:23:42 2025]
Finished job 24.
16 of 27 steps (59%) done
Shutting down, this might take some time.
Exiting because a job execution failed. Look above for error message
Complete log: .snakemake/log/2025-03-26T172339.666647.snakemake.log
WorkflowError:
At least one job did not complete successfully.
