host: login-p-2
Building DAG of jobs...
Using shell: /usr/bin/bash
Provided cores: 1 (use --cores to define parallelism)
Rules claiming more threads will be scaled down.
Job stats:
job                 count
----------------  -------
fastga_alignment        1
total                   1

Select jobs to execute...
Execute 1 jobs...

[Thu Mar 13 17:25:39 2025]
localrule fastga_alignment:
    output: amphibians/EleCoq/temp/EleCoq_GCA_035609145.1.1gdb
    jobid: 0
    reason: Missing output files: amphibians/EleCoq/temp/EleCoq_GCA_035609145.1.1gdb
    resources: tmpdir=/tmp

[Thu Mar 13 17:25:57 2025]
Finished job 0.
1 of 1 steps (100%) done
Complete log: .snakemake/log/2025-03-13T172539.295608.snakemake.log
