host: login-q-2
Building DAG of jobs...
Using shell: /usr/bin/bash
Provided cores: 76
Rules claiming more threads will be scaled down.
Job stats:
job                       count
----------------------  -------
GET_ALN_ONLY_PER_CHROM       40
all                           1
total                        41

Select jobs to execute...
Execute 40 jobs...

[Fri Apr  4 15:35:21 2025]
localrule GET_ALN_ONLY_PER_CHROM:
    input: sharks/HydCol_Test2/HydCol_Test2_FASTGA_Updated.paf
    output: sharks/HydCol_Test2/temp/20250403_CM068781.1_Aln_Only.txt
    jobid: 49
    reason: Missing output files: sharks/HydCol_Test2/temp/20250403_CM068781.1_Aln_Only.txt; Set of input files has changed since last execution; Code has changed since last execution
    wildcards: CLADE=sharks, SPEC_NAME=HydCol_Test2, TODAY_DATE=20250403, CHR=CM068781.1
    resources: tmpdir=/tmp


[Fri Apr  4 15:35:21 2025]
localrule GET_ALN_ONLY_PER_CHROM:
    input: sharks/HydCol_Test2/HydCol_Test2_FASTGA_Updated.paf
    output: sharks/HydCol_Test2/temp/20250403_CM068774.1_Aln_Only.txt
    jobid: 42
    reason: Missing output files: sharks/HydCol_Test2/temp/20250403_CM068774.1_Aln_Only.txt; Set of input files has changed since last execution; Code has changed since last execution
    wildcards: CLADE=sharks, SPEC_NAME=HydCol_Test2, TODAY_DATE=20250403, CHR=CM068774.1
    resources: tmpdir=/tmp


[Fri Apr  4 15:35:21 2025]
localrule GET_ALN_ONLY_PER_CHROM:
    input: sharks/HydCol_Test2/HydCol_Test2_FASTGA_Updated.paf
    output: sharks/HydCol_Test2/temp/20250403_CM068767.1_Aln_Only.txt
    jobid: 35
    reason: Missing output files: sharks/HydCol_Test2/temp/20250403_CM068767.1_Aln_Only.txt; Set of input files has changed since last execution; Code has changed since last execution
    wildcards: CLADE=sharks, SPEC_NAME=HydCol_Test2, TODAY_DATE=20250403, CHR=CM068767.1
    resources: tmpdir=/tmp


[Fri Apr  4 15:35:21 2025]
localrule GET_ALN_ONLY_PER_CHROM:
    input: sharks/HydCol_Test2/HydCol_Test2_FASTGA_Updated.paf
    output: sharks/HydCol_Test2/temp/20250403_CM068761.1_Aln_Only.txt
    jobid: 29
    reason: Missing output files: sharks/HydCol_Test2/temp/20250403_CM068761.1_Aln_Only.txt; Set of input files has changed since last execution; Code has changed since last execution
    wildcards: CLADE=sharks, SPEC_NAME=HydCol_Test2, TODAY_DATE=20250403, CHR=CM068761.1
    resources: tmpdir=/tmp


[Fri Apr  4 15:35:22 2025]
localrule GET_ALN_ONLY_PER_CHROM:
    input: sharks/HydCol_Test2/HydCol_Test2_FASTGA_Updated.paf
    output: sharks/HydCol_Test2/temp/20250403_CM068754.1_Aln_Only.txt
    jobid: 22
    reason: Missing output files: sharks/HydCol_Test2/temp/20250403_CM068754.1_Aln_Only.txt; Set of input files has changed since last execution; Code has changed since last execution
    wildcards: CLADE=sharks, SPEC_NAME=HydCol_Test2, TODAY_DATE=20250403, CHR=CM068754.1
    resources: tmpdir=/tmp


[Fri Apr  4 15:35:22 2025]
localrule GET_ALN_ONLY_PER_CHROM:
    input: sharks/HydCol_Test2/HydCol_Test2_FASTGA_Updated.paf
    output: sharks/HydCol_Test2/temp/20250403_CM068746.1_Aln_Only.txt
    jobid: 14
    reason: Missing output files: sharks/HydCol_Test2/temp/20250403_CM068746.1_Aln_Only.txt; Set of input files has changed since last execution; Code has changed since last execution
    wildcards: CLADE=sharks, SPEC_NAME=HydCol_Test2, TODAY_DATE=20250403, CHR=CM068746.1
    resources: tmpdir=/tmp


[Fri Apr  4 15:35:22 2025]
localrule GET_ALN_ONLY_PER_CHROM:
    input: sharks/HydCol_Test2/HydCol_Test2_FASTGA_Updated.paf
    output: sharks/HydCol_Test2/temp/20250403_CM068775.1_Aln_Only.txt
    jobid: 43
    reason: Missing output files: sharks/HydCol_Test2/temp/20250403_CM068775.1_Aln_Only.txt; Set of input files has changed since last execution; Code has changed since last execution
    wildcards: CLADE=sharks, SPEC_NAME=HydCol_Test2, TODAY_DATE=20250403, CHR=CM068775.1
    resources: tmpdir=/tmp


[Fri Apr  4 15:35:22 2025]
localrule GET_ALN_ONLY_PER_CHROM:
    input: sharks/HydCol_Test2/HydCol_Test2_FASTGA_Updated.paf
    output: sharks/HydCol_Test2/temp/20250403_CM068768.1_Aln_Only.txt
    jobid: 36
    reason: Missing output files: sharks/HydCol_Test2/temp/20250403_CM068768.1_Aln_Only.txt; Set of input files has changed since last execution; Code has changed since last execution
    wildcards: CLADE=sharks, SPEC_NAME=HydCol_Test2, TODAY_DATE=20250403, CHR=CM068768.1
    resources: tmpdir=/tmp


[Fri Apr  4 15:35:22 2025]
localrule GET_ALN_ONLY_PER_CHROM:
    input: sharks/HydCol_Test2/HydCol_Test2_FASTGA_Updated.paf
    output: sharks/HydCol_Test2/temp/20250403_CM068762.1_Aln_Only.txt
    jobid: 30
    reason: Missing output files: sharks/HydCol_Test2/temp/20250403_CM068762.1_Aln_Only.txt; Set of input files has changed since last execution; Code has changed since last execution
    wildcards: CLADE=sharks, SPEC_NAME=HydCol_Test2, TODAY_DATE=20250403, CHR=CM068762.1
    resources: tmpdir=/tmp


[Fri Apr  4 15:35:22 2025]
localrule GET_ALN_ONLY_PER_CHROM:
    input: sharks/HydCol_Test2/HydCol_Test2_FASTGA_Updated.paf
    output: sharks/HydCol_Test2/temp/20250403_CM068755.1_Aln_Only.txt
    jobid: 23
    reason: Missing output files: sharks/HydCol_Test2/temp/20250403_CM068755.1_Aln_Only.txt; Set of input files has changed since last execution; Code has changed since last execution
    wildcards: CLADE=sharks, SPEC_NAME=HydCol_Test2, TODAY_DATE=20250403, CHR=CM068755.1
    resources: tmpdir=/tmp


[Fri Apr  4 15:35:22 2025]
localrule GET_ALN_ONLY_PER_CHROM:
    input: sharks/HydCol_Test2/HydCol_Test2_FASTGA_Updated.paf
    output: sharks/HydCol_Test2/temp/20250403_CM068752.1_Aln_Only.txt
    jobid: 20
    reason: Missing output files: sharks/HydCol_Test2/temp/20250403_CM068752.1_Aln_Only.txt; Set of input files has changed since last execution; Code has changed since last execution
    wildcards: CLADE=sharks, SPEC_NAME=HydCol_Test2, TODAY_DATE=20250403, CHR=CM068752.1
    resources: tmpdir=/tmp


[Fri Apr  4 15:35:22 2025]
localrule GET_ALN_ONLY_PER_CHROM:
    input: sharks/HydCol_Test2/HydCol_Test2_FASTGA_Updated.paf
    output: sharks/HydCol_Test2/temp/20250403_CM068776.1_Aln_Only.txt
    jobid: 44
    reason: Missing output files: sharks/HydCol_Test2/temp/20250403_CM068776.1_Aln_Only.txt; Set of input files has changed since last execution; Code has changed since last execution
    wildcards: CLADE=sharks, SPEC_NAME=HydCol_Test2, TODAY_DATE=20250403, CHR=CM068776.1
    resources: tmpdir=/tmp


[Fri Apr  4 15:35:22 2025]
localrule GET_ALN_ONLY_PER_CHROM:
    input: sharks/HydCol_Test2/HydCol_Test2_FASTGA_Updated.paf
    output: sharks/HydCol_Test2/temp/20250403_CM068769.1_Aln_Only.txt
    jobid: 37
    reason: Missing output files: sharks/HydCol_Test2/temp/20250403_CM068769.1_Aln_Only.txt; Set of input files has changed since last execution; Code has changed since last execution
    wildcards: CLADE=sharks, SPEC_NAME=HydCol_Test2, TODAY_DATE=20250403, CHR=CM068769.1
    resources: tmpdir=/tmp


[Fri Apr  4 15:35:22 2025]
localrule GET_ALN_ONLY_PER_CHROM:
    input: sharks/HydCol_Test2/HydCol_Test2_FASTGA_Updated.paf
    output: sharks/HydCol_Test2/temp/20250403_CM068763.1_Aln_Only.txt
    jobid: 31
    reason: Missing output files: sharks/HydCol_Test2/temp/20250403_CM068763.1_Aln_Only.txt; Set of input files has changed since last execution; Code has changed since last execution
    wildcards: CLADE=sharks, SPEC_NAME=HydCol_Test2, TODAY_DATE=20250403, CHR=CM068763.1
    resources: tmpdir=/tmp


[Fri Apr  4 15:35:22 2025]
localrule GET_ALN_ONLY_PER_CHROM:
    input: sharks/HydCol_Test2/HydCol_Test2_FASTGA_Updated.paf
    output: sharks/HydCol_Test2/temp/20250403_CM068756.1_Aln_Only.txt
    jobid: 24
    reason: Missing output files: sharks/HydCol_Test2/temp/20250403_CM068756.1_Aln_Only.txt; Set of input files has changed since last execution; Code has changed since last execution
    wildcards: CLADE=sharks, SPEC_NAME=HydCol_Test2, TODAY_DATE=20250403, CHR=CM068756.1
    resources: tmpdir=/tmp


[Fri Apr  4 15:35:22 2025]
localrule GET_ALN_ONLY_PER_CHROM:
    input: sharks/HydCol_Test2/HydCol_Test2_FASTGA_Updated.paf
    output: sharks/HydCol_Test2/temp/20250403_CM068747.1_Aln_Only.txt
    jobid: 15
    reason: Missing output files: sharks/HydCol_Test2/temp/20250403_CM068747.1_Aln_Only.txt; Set of input files has changed since last execution; Code has changed since last execution
    wildcards: CLADE=sharks, SPEC_NAME=HydCol_Test2, TODAY_DATE=20250403, CHR=CM068747.1
    resources: tmpdir=/tmp


[Fri Apr  4 15:35:22 2025]
localrule GET_ALN_ONLY_PER_CHROM:
    input: sharks/HydCol_Test2/HydCol_Test2_FASTGA_Updated.paf
    output: sharks/HydCol_Test2/temp/20250403_CM068742.1_Aln_Only.txt
    jobid: 10
    reason: Missing output files: sharks/HydCol_Test2/temp/20250403_CM068742.1_Aln_Only.txt; Set of input files has changed since last execution; Code has changed since last execution
    wildcards: CLADE=sharks, SPEC_NAME=HydCol_Test2, TODAY_DATE=20250403, CHR=CM068742.1
    resources: tmpdir=/tmp


[Fri Apr  4 15:35:22 2025]
localrule GET_ALN_ONLY_PER_CHROM:
    input: sharks/HydCol_Test2/HydCol_Test2_FASTGA_Updated.paf
    output: sharks/HydCol_Test2/temp/20250403_CM068777.1_Aln_Only.txt
    jobid: 45
    reason: Missing output files: sharks/HydCol_Test2/temp/20250403_CM068777.1_Aln_Only.txt; Set of input files has changed since last execution; Code has changed since last execution
    wildcards: CLADE=sharks, SPEC_NAME=HydCol_Test2, TODAY_DATE=20250403, CHR=CM068777.1
    resources: tmpdir=/tmp


[Fri Apr  4 15:35:22 2025]
localrule GET_ALN_ONLY_PER_CHROM:
    input: sharks/HydCol_Test2/HydCol_Test2_FASTGA_Updated.paf
    output: sharks/HydCol_Test2/temp/20250403_CM068770.1_Aln_Only.txt
    jobid: 38
    reason: Missing output files: sharks/HydCol_Test2/temp/20250403_CM068770.1_Aln_Only.txt; Set of input files has changed since last execution; Code has changed since last execution
    wildcards: CLADE=sharks, SPEC_NAME=HydCol_Test2, TODAY_DATE=20250403, CHR=CM068770.1
    resources: tmpdir=/tmp


[Fri Apr  4 15:35:22 2025]
localrule GET_ALN_ONLY_PER_CHROM:
    input: sharks/HydCol_Test2/HydCol_Test2_FASTGA_Updated.paf
    output: sharks/HydCol_Test2/temp/20250403_CM068764.1_Aln_Only.txt
    jobid: 32
    reason: Missing output files: sharks/HydCol_Test2/temp/20250403_CM068764.1_Aln_Only.txt; Set of input files has changed since last execution; Code has changed since last execution
    wildcards: CLADE=sharks, SPEC_NAME=HydCol_Test2, TODAY_DATE=20250403, CHR=CM068764.1
    resources: tmpdir=/tmp


[Fri Apr  4 15:35:22 2025]
localrule GET_ALN_ONLY_PER_CHROM:
    input: sharks/HydCol_Test2/HydCol_Test2_FASTGA_Updated.paf
    output: sharks/HydCol_Test2/temp/20250403_CM068757.1_Aln_Only.txt
    jobid: 25
    reason: Missing output files: sharks/HydCol_Test2/temp/20250403_CM068757.1_Aln_Only.txt; Set of input files has changed since last execution; Code has changed since last execution
    wildcards: CLADE=sharks, SPEC_NAME=HydCol_Test2, TODAY_DATE=20250403, CHR=CM068757.1
    resources: tmpdir=/tmp


[Fri Apr  4 15:35:22 2025]
localrule GET_ALN_ONLY_PER_CHROM:
    input: sharks/HydCol_Test2/HydCol_Test2_FASTGA_Updated.paf
    output: sharks/HydCol_Test2/temp/20250403_CM068748.1_Aln_Only.txt
    jobid: 16
    reason: Missing output files: sharks/HydCol_Test2/temp/20250403_CM068748.1_Aln_Only.txt; Set of input files has changed since last execution; Code has changed since last execution
    wildcards: CLADE=sharks, SPEC_NAME=HydCol_Test2, TODAY_DATE=20250403, CHR=CM068748.1
    resources: tmpdir=/tmp


[Fri Apr  4 15:35:22 2025]
localrule GET_ALN_ONLY_PER_CHROM:
    input: sharks/HydCol_Test2/HydCol_Test2_FASTGA_Updated.paf
    output: sharks/HydCol_Test2/temp/20250403_CM068743.1_Aln_Only.txt
    jobid: 11
    reason: Missing output files: sharks/HydCol_Test2/temp/20250403_CM068743.1_Aln_Only.txt; Set of input files has changed since last execution; Code has changed since last execution
    wildcards: CLADE=sharks, SPEC_NAME=HydCol_Test2, TODAY_DATE=20250403, CHR=CM068743.1
    resources: tmpdir=/tmp


[Fri Apr  4 15:35:22 2025]
localrule GET_ALN_ONLY_PER_CHROM:
    input: sharks/HydCol_Test2/HydCol_Test2_FASTGA_Updated.paf
    output: sharks/HydCol_Test2/temp/20250403_CM068778.1_Aln_Only.txt
    jobid: 46
    reason: Missing output files: sharks/HydCol_Test2/temp/20250403_CM068778.1_Aln_Only.txt; Set of input files has changed since last execution; Code has changed since last execution
    wildcards: CLADE=sharks, SPEC_NAME=HydCol_Test2, TODAY_DATE=20250403, CHR=CM068778.1
    resources: tmpdir=/tmp


[Fri Apr  4 15:35:22 2025]
localrule GET_ALN_ONLY_PER_CHROM:
    input: sharks/HydCol_Test2/HydCol_Test2_FASTGA_Updated.paf
    output: sharks/HydCol_Test2/temp/20250403_CM068771.1_Aln_Only.txt
    jobid: 39
    reason: Missing output files: sharks/HydCol_Test2/temp/20250403_CM068771.1_Aln_Only.txt; Set of input files has changed since last execution; Code has changed since last execution
    wildcards: CLADE=sharks, SPEC_NAME=HydCol_Test2, TODAY_DATE=20250403, CHR=CM068771.1
    resources: tmpdir=/tmp


[Fri Apr  4 15:35:22 2025]
localrule GET_ALN_ONLY_PER_CHROM:
    input: sharks/HydCol_Test2/HydCol_Test2_FASTGA_Updated.paf
    output: sharks/HydCol_Test2/temp/20250403_CM068765.1_Aln_Only.txt
    jobid: 33
    reason: Missing output files: sharks/HydCol_Test2/temp/20250403_CM068765.1_Aln_Only.txt; Set of input files has changed since last execution; Code has changed since last execution
    wildcards: CLADE=sharks, SPEC_NAME=HydCol_Test2, TODAY_DATE=20250403, CHR=CM068765.1
    resources: tmpdir=/tmp


[Fri Apr  4 15:35:22 2025]
localrule GET_ALN_ONLY_PER_CHROM:
    input: sharks/HydCol_Test2/HydCol_Test2_FASTGA_Updated.paf
    output: sharks/HydCol_Test2/temp/20250403_CM068758.1_Aln_Only.txt
    jobid: 26
    reason: Missing output files: sharks/HydCol_Test2/temp/20250403_CM068758.1_Aln_Only.txt; Set of input files has changed since last execution; Code has changed since last execution
    wildcards: CLADE=sharks, SPEC_NAME=HydCol_Test2, TODAY_DATE=20250403, CHR=CM068758.1
    resources: tmpdir=/tmp


[Fri Apr  4 15:35:22 2025]
localrule GET_ALN_ONLY_PER_CHROM:
    input: sharks/HydCol_Test2/HydCol_Test2_FASTGA_Updated.paf
    output: sharks/HydCol_Test2/temp/20250403_CM068749.1_Aln_Only.txt
    jobid: 17
    reason: Missing output files: sharks/HydCol_Test2/temp/20250403_CM068749.1_Aln_Only.txt; Set of input files has changed since last execution; Code has changed since last execution
    wildcards: CLADE=sharks, SPEC_NAME=HydCol_Test2, TODAY_DATE=20250403, CHR=CM068749.1
    resources: tmpdir=/tmp


[Fri Apr  4 15:35:22 2025]
localrule GET_ALN_ONLY_PER_CHROM:
    input: sharks/HydCol_Test2/HydCol_Test2_FASTGA_Updated.paf
    output: sharks/HydCol_Test2/temp/20250403_CM068744.1_Aln_Only.txt
    jobid: 12
    reason: Missing output files: sharks/HydCol_Test2/temp/20250403_CM068744.1_Aln_Only.txt; Set of input files has changed since last execution; Code has changed since last execution
    wildcards: CLADE=sharks, SPEC_NAME=HydCol_Test2, TODAY_DATE=20250403, CHR=CM068744.1
    resources: tmpdir=/tmp


[Fri Apr  4 15:35:22 2025]
localrule GET_ALN_ONLY_PER_CHROM:
    input: sharks/HydCol_Test2/HydCol_Test2_FASTGA_Updated.paf
    output: sharks/HydCol_Test2/temp/20250403_CM068779.1_Aln_Only.txt
    jobid: 47
    reason: Missing output files: sharks/HydCol_Test2/temp/20250403_CM068779.1_Aln_Only.txt; Set of input files has changed since last execution; Code has changed since last execution
    wildcards: CLADE=sharks, SPEC_NAME=HydCol_Test2, TODAY_DATE=20250403, CHR=CM068779.1
    resources: tmpdir=/tmp


[Fri Apr  4 15:35:22 2025]
localrule GET_ALN_ONLY_PER_CHROM:
    input: sharks/HydCol_Test2/HydCol_Test2_FASTGA_Updated.paf
    output: sharks/HydCol_Test2/temp/20250403_CM068772.1_Aln_Only.txt
    jobid: 40
    reason: Missing output files: sharks/HydCol_Test2/temp/20250403_CM068772.1_Aln_Only.txt; Set of input files has changed since last execution; Code has changed since last execution
    wildcards: CLADE=sharks, SPEC_NAME=HydCol_Test2, TODAY_DATE=20250403, CHR=CM068772.1
    resources: tmpdir=/tmp


[Fri Apr  4 15:35:22 2025]
localrule GET_ALN_ONLY_PER_CHROM:
    input: sharks/HydCol_Test2/HydCol_Test2_FASTGA_Updated.paf
    output: sharks/HydCol_Test2/temp/20250403_CM068766.1_Aln_Only.txt
    jobid: 34
    reason: Missing output files: sharks/HydCol_Test2/temp/20250403_CM068766.1_Aln_Only.txt; Set of input files has changed since last execution; Code has changed since last execution
    wildcards: CLADE=sharks, SPEC_NAME=HydCol_Test2, TODAY_DATE=20250403, CHR=CM068766.1
    resources: tmpdir=/tmp


[Fri Apr  4 15:35:22 2025]
localrule GET_ALN_ONLY_PER_CHROM:
    input: sharks/HydCol_Test2/HydCol_Test2_FASTGA_Updated.paf
    output: sharks/HydCol_Test2/temp/20250403_CM068759.1_Aln_Only.txt
    jobid: 27
    reason: Missing output files: sharks/HydCol_Test2/temp/20250403_CM068759.1_Aln_Only.txt; Set of input files has changed since last execution; Code has changed since last execution
    wildcards: CLADE=sharks, SPEC_NAME=HydCol_Test2, TODAY_DATE=20250403, CHR=CM068759.1
    resources: tmpdir=/tmp


[Fri Apr  4 15:35:22 2025]
localrule GET_ALN_ONLY_PER_CHROM:
    input: sharks/HydCol_Test2/HydCol_Test2_FASTGA_Updated.paf
    output: sharks/HydCol_Test2/temp/20250403_CM068750.1_Aln_Only.txt
    jobid: 18
    reason: Missing output files: sharks/HydCol_Test2/temp/20250403_CM068750.1_Aln_Only.txt; Set of input files has changed since last execution; Code has changed since last execution
    wildcards: CLADE=sharks, SPEC_NAME=HydCol_Test2, TODAY_DATE=20250403, CHR=CM068750.1
    resources: tmpdir=/tmp


[Fri Apr  4 15:35:22 2025]
localrule GET_ALN_ONLY_PER_CHROM:
    input: sharks/HydCol_Test2/HydCol_Test2_FASTGA_Updated.paf
    output: sharks/HydCol_Test2/temp/20250403_CM068745.1_Aln_Only.txt
    jobid: 13
    reason: Missing output files: sharks/HydCol_Test2/temp/20250403_CM068745.1_Aln_Only.txt; Set of input files has changed since last execution; Code has changed since last execution
    wildcards: CLADE=sharks, SPEC_NAME=HydCol_Test2, TODAY_DATE=20250403, CHR=CM068745.1
    resources: tmpdir=/tmp


[Fri Apr  4 15:35:22 2025]
localrule GET_ALN_ONLY_PER_CHROM:
    input: sharks/HydCol_Test2/HydCol_Test2_FASTGA_Updated.paf
    output: sharks/HydCol_Test2/temp/20250403_CM068780.1_Aln_Only.txt
    jobid: 48
    reason: Missing output files: sharks/HydCol_Test2/temp/20250403_CM068780.1_Aln_Only.txt; Set of input files has changed since last execution; Code has changed since last execution
    wildcards: CLADE=sharks, SPEC_NAME=HydCol_Test2, TODAY_DATE=20250403, CHR=CM068780.1
    resources: tmpdir=/tmp


[Fri Apr  4 15:35:22 2025]
localrule GET_ALN_ONLY_PER_CHROM:
    input: sharks/HydCol_Test2/HydCol_Test2_FASTGA_Updated.paf
    output: sharks/HydCol_Test2/temp/20250403_CM068773.1_Aln_Only.txt
    jobid: 41
    reason: Missing output files: sharks/HydCol_Test2/temp/20250403_CM068773.1_Aln_Only.txt; Set of input files has changed since last execution; Code has changed since last execution
    wildcards: CLADE=sharks, SPEC_NAME=HydCol_Test2, TODAY_DATE=20250403, CHR=CM068773.1
    resources: tmpdir=/tmp


[Fri Apr  4 15:35:22 2025]
localrule GET_ALN_ONLY_PER_CHROM:
    input: sharks/HydCol_Test2/HydCol_Test2_FASTGA_Updated.paf
    output: sharks/HydCol_Test2/temp/20250403_CM068760.1_Aln_Only.txt
    jobid: 28
    reason: Missing output files: sharks/HydCol_Test2/temp/20250403_CM068760.1_Aln_Only.txt; Set of input files has changed since last execution; Code has changed since last execution
    wildcards: CLADE=sharks, SPEC_NAME=HydCol_Test2, TODAY_DATE=20250403, CHR=CM068760.1
    resources: tmpdir=/tmp


[Fri Apr  4 15:35:22 2025]
localrule GET_ALN_ONLY_PER_CHROM:
    input: sharks/HydCol_Test2/HydCol_Test2_FASTGA_Updated.paf
    output: sharks/HydCol_Test2/temp/20250403_CM068753.1_Aln_Only.txt
    jobid: 21
    reason: Missing output files: sharks/HydCol_Test2/temp/20250403_CM068753.1_Aln_Only.txt; Set of input files has changed since last execution; Code has changed since last execution
    wildcards: CLADE=sharks, SPEC_NAME=HydCol_Test2, TODAY_DATE=20250403, CHR=CM068753.1
    resources: tmpdir=/tmp


[Fri Apr  4 15:35:22 2025]
localrule GET_ALN_ONLY_PER_CHROM:
    input: sharks/HydCol_Test2/HydCol_Test2_FASTGA_Updated.paf
    output: sharks/HydCol_Test2/temp/20250403_CM068751.1_Aln_Only.txt
    jobid: 19
    reason: Missing output files: sharks/HydCol_Test2/temp/20250403_CM068751.1_Aln_Only.txt; Set of input files has changed since last execution; Code has changed since last execution
    wildcards: CLADE=sharks, SPEC_NAME=HydCol_Test2, TODAY_DATE=20250403, CHR=CM068751.1
    resources: tmpdir=/tmp

