host: login-q-1
Building DAG of jobs...
SLURM run ID: 2259a4aa-8379-4868-a19e-bbf63e03d332
Using shell: /usr/bin/bash
Provided remote nodes: 30
Job stats:
job                      count
---------------------  -------
GEN_ROH_NEGATIVE_MASK       40
all                          1
total                       41

Select jobs to execute...
Execute 30 jobs...

[Wed May 28 16:37:22 2025]
rule GEN_ROH_NEGATIVE_MASK:
    input: sharks/HydCol/20250410_CM068747.1_ROH_Results.txt
    output: sharks/HydCol/MSMC/ROH_Negative_Mask/HydCol_CM068747.1_ROH_Mask.bed.gz
    jobid: 344
    reason: Missing output files: sharks/HydCol/MSMC/ROH_Negative_Mask/HydCol_CM068747.1_ROH_Mask.bed.gz; Code has changed since last execution
    wildcards: CLADE=sharks, SPEC_NAME=HydCol, CHROM=CM068747.1
    resources: mem_mb=10000, mem_mib=9537, disk_mb=1000, disk_mib=954, tmpdir=<TBD>, slurm_account=DURBIN-SL2-CPU, slurm_partition=cclake-himem, runtime=60

Job 344 has been submitted with SLURM jobid 10033938 (log: /rds/project/rds-p67MZilb2eQ/projects/VGP/heterozygosity/.snakemake/slurm_logs/rule_GEN_ROH_NEGATIVE_MASK/sharks_HydCol_CM068747.1/10033938.log).

[Wed May 28 16:37:22 2025]
rule GEN_ROH_NEGATIVE_MASK:
    input: sharks/HydCol/20250410_CM068769.1_ROH_Results.txt
    output: sharks/HydCol/MSMC/ROH_Negative_Mask/HydCol_CM068769.1_ROH_Mask.bed.gz
    jobid: 366
    reason: Missing output files: sharks/HydCol/MSMC/ROH_Negative_Mask/HydCol_CM068769.1_ROH_Mask.bed.gz; Code has changed since last execution
    wildcards: CLADE=sharks, SPEC_NAME=HydCol, CHROM=CM068769.1
    resources: mem_mb=10000, mem_mib=9537, disk_mb=1000, disk_mib=954, tmpdir=<TBD>, slurm_account=DURBIN-SL2-CPU, slurm_partition=cclake-himem, runtime=60

Job 366 has been submitted with SLURM jobid 10033940 (log: /rds/project/rds-p67MZilb2eQ/projects/VGP/heterozygosity/.snakemake/slurm_logs/rule_GEN_ROH_NEGATIVE_MASK/sharks_HydCol_CM068769.1/10033940.log).

[Wed May 28 16:37:22 2025]
rule GEN_ROH_NEGATIVE_MASK:
    input: sharks/HydCol/20250410_CM068762.1_ROH_Results.txt
    output: sharks/HydCol/MSMC/ROH_Negative_Mask/HydCol_CM068762.1_ROH_Mask.bed.gz
    jobid: 359
    reason: Missing output files: sharks/HydCol/MSMC/ROH_Negative_Mask/HydCol_CM068762.1_ROH_Mask.bed.gz; Code has changed since last execution
    wildcards: CLADE=sharks, SPEC_NAME=HydCol, CHROM=CM068762.1
    resources: mem_mb=10000, mem_mib=9537, disk_mb=1000, disk_mib=954, tmpdir=<TBD>, slurm_account=DURBIN-SL2-CPU, slurm_partition=cclake-himem, runtime=60

Job 359 has been submitted with SLURM jobid 10033941 (log: /rds/project/rds-p67MZilb2eQ/projects/VGP/heterozygosity/.snakemake/slurm_logs/rule_GEN_ROH_NEGATIVE_MASK/sharks_HydCol_CM068762.1/10033941.log).

[Wed May 28 16:37:23 2025]
rule GEN_ROH_NEGATIVE_MASK:
    input: sharks/HydCol/20250410_CM068755.1_ROH_Results.txt
    output: sharks/HydCol/MSMC/ROH_Negative_Mask/HydCol_CM068755.1_ROH_Mask.bed.gz
    jobid: 352
    reason: Missing output files: sharks/HydCol/MSMC/ROH_Negative_Mask/HydCol_CM068755.1_ROH_Mask.bed.gz; Code has changed since last execution
    wildcards: CLADE=sharks, SPEC_NAME=HydCol, CHROM=CM068755.1
    resources: mem_mb=10000, mem_mib=9537, disk_mb=1000, disk_mib=954, tmpdir=<TBD>, slurm_account=DURBIN-SL2-CPU, slurm_partition=cclake-himem, runtime=60

Job 352 has been submitted with SLURM jobid 10033942 (log: /rds/project/rds-p67MZilb2eQ/projects/VGP/heterozygosity/.snakemake/slurm_logs/rule_GEN_ROH_NEGATIVE_MASK/sharks_HydCol_CM068755.1/10033942.log).

[Wed May 28 16:37:25 2025]
rule GEN_ROH_NEGATIVE_MASK:
    input: sharks/HydCol/20250410_CM068748.1_ROH_Results.txt
    output: sharks/HydCol/MSMC/ROH_Negative_Mask/HydCol_CM068748.1_ROH_Mask.bed.gz
    jobid: 345
    reason: Missing output files: sharks/HydCol/MSMC/ROH_Negative_Mask/HydCol_CM068748.1_ROH_Mask.bed.gz; Code has changed since last execution
    wildcards: CLADE=sharks, SPEC_NAME=HydCol, CHROM=CM068748.1
    resources: mem_mb=10000, mem_mib=9537, disk_mb=1000, disk_mib=954, tmpdir=<TBD>, slurm_account=DURBIN-SL2-CPU, slurm_partition=cclake-himem, runtime=60

Job 345 has been submitted with SLURM jobid 10033943 (log: /rds/project/rds-p67MZilb2eQ/projects/VGP/heterozygosity/.snakemake/slurm_logs/rule_GEN_ROH_NEGATIVE_MASK/sharks_HydCol_CM068748.1/10033943.log).

[Wed May 28 16:37:25 2025]
rule GEN_ROH_NEGATIVE_MASK:
    input: sharks/HydCol/20250410_CM068777.1_ROH_Results.txt
    output: sharks/HydCol/MSMC/ROH_Negative_Mask/HydCol_CM068777.1_ROH_Mask.bed.gz
    jobid: 374
    reason: Missing output files: sharks/HydCol/MSMC/ROH_Negative_Mask/HydCol_CM068777.1_ROH_Mask.bed.gz; Code has changed since last execution
    wildcards: CLADE=sharks, SPEC_NAME=HydCol, CHROM=CM068777.1
    resources: mem_mb=10000, mem_mib=9537, disk_mb=1000, disk_mib=954, tmpdir=<TBD>, slurm_account=DURBIN-SL2-CPU, slurm_partition=cclake-himem, runtime=60

Job 374 has been submitted with SLURM jobid 10033944 (log: /rds/project/rds-p67MZilb2eQ/projects/VGP/heterozygosity/.snakemake/slurm_logs/rule_GEN_ROH_NEGATIVE_MASK/sharks_HydCol_CM068777.1/10033944.log).

[Wed May 28 16:37:25 2025]
rule GEN_ROH_NEGATIVE_MASK:
    input: sharks/HydCol/20250410_CM068770.1_ROH_Results.txt
    output: sharks/HydCol/MSMC/ROH_Negative_Mask/HydCol_CM068770.1_ROH_Mask.bed.gz
    jobid: 367
    reason: Missing output files: sharks/HydCol/MSMC/ROH_Negative_Mask/HydCol_CM068770.1_ROH_Mask.bed.gz; Code has changed since last execution
    wildcards: CLADE=sharks, SPEC_NAME=HydCol, CHROM=CM068770.1
    resources: mem_mb=10000, mem_mib=9537, disk_mb=1000, disk_mib=954, tmpdir=<TBD>, slurm_account=DURBIN-SL2-CPU, slurm_partition=cclake-himem, runtime=60

Job 367 has been submitted with SLURM jobid 10033945 (log: /rds/project/rds-p67MZilb2eQ/projects/VGP/heterozygosity/.snakemake/slurm_logs/rule_GEN_ROH_NEGATIVE_MASK/sharks_HydCol_CM068770.1/10033945.log).

[Wed May 28 16:37:25 2025]
rule GEN_ROH_NEGATIVE_MASK:
    input: sharks/HydCol/20250410_CM068763.1_ROH_Results.txt
    output: sharks/HydCol/MSMC/ROH_Negative_Mask/HydCol_CM068763.1_ROH_Mask.bed.gz
    jobid: 360
    reason: Missing output files: sharks/HydCol/MSMC/ROH_Negative_Mask/HydCol_CM068763.1_ROH_Mask.bed.gz; Code has changed since last execution
    wildcards: CLADE=sharks, SPEC_NAME=HydCol, CHROM=CM068763.1
    resources: mem_mb=10000, mem_mib=9537, disk_mb=1000, disk_mib=954, tmpdir=<TBD>, slurm_account=DURBIN-SL2-CPU, slurm_partition=cclake-himem, runtime=60

Job 360 has been submitted with SLURM jobid 10033946 (log: /rds/project/rds-p67MZilb2eQ/projects/VGP/heterozygosity/.snakemake/slurm_logs/rule_GEN_ROH_NEGATIVE_MASK/sharks_HydCol_CM068763.1/10033946.log).

[Wed May 28 16:37:27 2025]
rule GEN_ROH_NEGATIVE_MASK:
    input: sharks/HydCol/20250410_CM068756.1_ROH_Results.txt
    output: sharks/HydCol/MSMC/ROH_Negative_Mask/HydCol_CM068756.1_ROH_Mask.bed.gz
    jobid: 353
    reason: Missing output files: sharks/HydCol/MSMC/ROH_Negative_Mask/HydCol_CM068756.1_ROH_Mask.bed.gz; Code has changed since last execution
    wildcards: CLADE=sharks, SPEC_NAME=HydCol, CHROM=CM068756.1
    resources: mem_mb=10000, mem_mib=9537, disk_mb=1000, disk_mib=954, tmpdir=<TBD>, slurm_account=DURBIN-SL2-CPU, slurm_partition=cclake-himem, runtime=60

Job 353 has been submitted with SLURM jobid 10033947 (log: /rds/project/rds-p67MZilb2eQ/projects/VGP/heterozygosity/.snakemake/slurm_logs/rule_GEN_ROH_NEGATIVE_MASK/sharks_HydCol_CM068756.1/10033947.log).

[Wed May 28 16:37:27 2025]
rule GEN_ROH_NEGATIVE_MASK:
    input: sharks/HydCol/20250410_CM068749.1_ROH_Results.txt
    output: sharks/HydCol/MSMC/ROH_Negative_Mask/HydCol_CM068749.1_ROH_Mask.bed.gz
    jobid: 346
    reason: Missing output files: sharks/HydCol/MSMC/ROH_Negative_Mask/HydCol_CM068749.1_ROH_Mask.bed.gz; Code has changed since last execution
    wildcards: CLADE=sharks, SPEC_NAME=HydCol, CHROM=CM068749.1
    resources: mem_mb=10000, mem_mib=9537, disk_mb=1000, disk_mib=954, tmpdir=<TBD>, slurm_account=DURBIN-SL2-CPU, slurm_partition=cclake-himem, runtime=60

Job 346 has been submitted with SLURM jobid 10033948 (log: /rds/project/rds-p67MZilb2eQ/projects/VGP/heterozygosity/.snakemake/slurm_logs/rule_GEN_ROH_NEGATIVE_MASK/sharks_HydCol_CM068749.1/10033948.log).

[Wed May 28 16:37:28 2025]
rule GEN_ROH_NEGATIVE_MASK:
    input: sharks/HydCol/20250410_CM068742.1_ROH_Results.txt
    output: sharks/HydCol/MSMC/ROH_Negative_Mask/HydCol_CM068742.1_ROH_Mask.bed.gz
    jobid: 339
    reason: Missing output files: sharks/HydCol/MSMC/ROH_Negative_Mask/HydCol_CM068742.1_ROH_Mask.bed.gz; Code has changed since last execution
    wildcards: CLADE=sharks, SPEC_NAME=HydCol, CHROM=CM068742.1
    resources: mem_mb=10000, mem_mib=9537, disk_mb=1000, disk_mib=954, tmpdir=<TBD>, slurm_account=DURBIN-SL2-CPU, slurm_partition=cclake-himem, runtime=60

Job 339 has been submitted with SLURM jobid 10033949 (log: /rds/project/rds-p67MZilb2eQ/projects/VGP/heterozygosity/.snakemake/slurm_logs/rule_GEN_ROH_NEGATIVE_MASK/sharks_HydCol_CM068742.1/10033949.log).

[Wed May 28 16:37:30 2025]
rule GEN_ROH_NEGATIVE_MASK:
    input: sharks/HydCol/20250410_CM068778.1_ROH_Results.txt
    output: sharks/HydCol/MSMC/ROH_Negative_Mask/HydCol_CM068778.1_ROH_Mask.bed.gz
    jobid: 375
    reason: Missing output files: sharks/HydCol/MSMC/ROH_Negative_Mask/HydCol_CM068778.1_ROH_Mask.bed.gz; Code has changed since last execution
    wildcards: CLADE=sharks, SPEC_NAME=HydCol, CHROM=CM068778.1
    resources: mem_mb=10000, mem_mib=9537, disk_mb=1000, disk_mib=954, tmpdir=<TBD>, slurm_account=DURBIN-SL2-CPU, slurm_partition=cclake-himem, runtime=60

Job 375 has been submitted with SLURM jobid 10033950 (log: /rds/project/rds-p67MZilb2eQ/projects/VGP/heterozygosity/.snakemake/slurm_logs/rule_GEN_ROH_NEGATIVE_MASK/sharks_HydCol_CM068778.1/10033950.log).

[Wed May 28 16:37:30 2025]
rule GEN_ROH_NEGATIVE_MASK:
    input: sharks/HydCol/20250410_CM068771.1_ROH_Results.txt
    output: sharks/HydCol/MSMC/ROH_Negative_Mask/HydCol_CM068771.1_ROH_Mask.bed.gz
    jobid: 368
    reason: Missing output files: sharks/HydCol/MSMC/ROH_Negative_Mask/HydCol_CM068771.1_ROH_Mask.bed.gz; Code has changed since last execution
    wildcards: CLADE=sharks, SPEC_NAME=HydCol, CHROM=CM068771.1
    resources: mem_mb=10000, mem_mib=9537, disk_mb=1000, disk_mib=954, tmpdir=<TBD>, slurm_account=DURBIN-SL2-CPU, slurm_partition=cclake-himem, runtime=60

Job 368 has been submitted with SLURM jobid 10033952 (log: /rds/project/rds-p67MZilb2eQ/projects/VGP/heterozygosity/.snakemake/slurm_logs/rule_GEN_ROH_NEGATIVE_MASK/sharks_HydCol_CM068771.1/10033952.log).

[Wed May 28 16:37:32 2025]
rule GEN_ROH_NEGATIVE_MASK:
    input: sharks/HydCol/20250410_CM068764.1_ROH_Results.txt
    output: sharks/HydCol/MSMC/ROH_Negative_Mask/HydCol_CM068764.1_ROH_Mask.bed.gz
    jobid: 361
    reason: Missing output files: sharks/HydCol/MSMC/ROH_Negative_Mask/HydCol_CM068764.1_ROH_Mask.bed.gz; Code has changed since last execution
    wildcards: CLADE=sharks, SPEC_NAME=HydCol, CHROM=CM068764.1
    resources: mem_mb=10000, mem_mib=9537, disk_mb=1000, disk_mib=954, tmpdir=<TBD>, slurm_account=DURBIN-SL2-CPU, slurm_partition=cclake-himem, runtime=60

Job 361 has been submitted with SLURM jobid 10033953 (log: /rds/project/rds-p67MZilb2eQ/projects/VGP/heterozygosity/.snakemake/slurm_logs/rule_GEN_ROH_NEGATIVE_MASK/sharks_HydCol_CM068764.1/10033953.log).

[Wed May 28 16:37:33 2025]
rule GEN_ROH_NEGATIVE_MASK:
    input: sharks/HydCol/20250410_CM068757.1_ROH_Results.txt
    output: sharks/HydCol/MSMC/ROH_Negative_Mask/HydCol_CM068757.1_ROH_Mask.bed.gz
    jobid: 354
    reason: Missing output files: sharks/HydCol/MSMC/ROH_Negative_Mask/HydCol_CM068757.1_ROH_Mask.bed.gz; Code has changed since last execution
    wildcards: CLADE=sharks, SPEC_NAME=HydCol, CHROM=CM068757.1
    resources: mem_mb=10000, mem_mib=9537, disk_mb=1000, disk_mib=954, tmpdir=<TBD>, slurm_account=DURBIN-SL2-CPU, slurm_partition=cclake-himem, runtime=60

Job 354 has been submitted with SLURM jobid 10033955 (log: /rds/project/rds-p67MZilb2eQ/projects/VGP/heterozygosity/.snakemake/slurm_logs/rule_GEN_ROH_NEGATIVE_MASK/sharks_HydCol_CM068757.1/10033955.log).

[Wed May 28 16:37:35 2025]
rule GEN_ROH_NEGATIVE_MASK:
    input: sharks/HydCol/20250410_CM068750.1_ROH_Results.txt
    output: sharks/HydCol/MSMC/ROH_Negative_Mask/HydCol_CM068750.1_ROH_Mask.bed.gz
    jobid: 347
    reason: Missing output files: sharks/HydCol/MSMC/ROH_Negative_Mask/HydCol_CM068750.1_ROH_Mask.bed.gz; Code has changed since last execution
    wildcards: CLADE=sharks, SPEC_NAME=HydCol, CHROM=CM068750.1
    resources: mem_mb=10000, mem_mib=9537, disk_mb=1000, disk_mib=954, tmpdir=<TBD>, slurm_account=DURBIN-SL2-CPU, slurm_partition=cclake-himem, runtime=60

Job 347 has been submitted with SLURM jobid 10033956 (log: /rds/project/rds-p67MZilb2eQ/projects/VGP/heterozygosity/.snakemake/slurm_logs/rule_GEN_ROH_NEGATIVE_MASK/sharks_HydCol_CM068750.1/10033956.log).

[Wed May 28 16:37:35 2025]
rule GEN_ROH_NEGATIVE_MASK:
    input: sharks/HydCol/20250410_CM068743.1_ROH_Results.txt
    output: sharks/HydCol/MSMC/ROH_Negative_Mask/HydCol_CM068743.1_ROH_Mask.bed.gz
    jobid: 340
    reason: Missing output files: sharks/HydCol/MSMC/ROH_Negative_Mask/HydCol_CM068743.1_ROH_Mask.bed.gz; Code has changed since last execution
    wildcards: CLADE=sharks, SPEC_NAME=HydCol, CHROM=CM068743.1
    resources: mem_mb=10000, mem_mib=9537, disk_mb=1000, disk_mib=954, tmpdir=<TBD>, slurm_account=DURBIN-SL2-CPU, slurm_partition=cclake-himem, runtime=60

Job 340 has been submitted with SLURM jobid 10033958 (log: /rds/project/rds-p67MZilb2eQ/projects/VGP/heterozygosity/.snakemake/slurm_logs/rule_GEN_ROH_NEGATIVE_MASK/sharks_HydCol_CM068743.1/10033958.log).

[Wed May 28 16:37:37 2025]
rule GEN_ROH_NEGATIVE_MASK:
    input: sharks/HydCol/20250410_CM068766.1_ROH_Results.txt
    output: sharks/HydCol/MSMC/ROH_Negative_Mask/HydCol_CM068766.1_ROH_Mask.bed.gz
    jobid: 363
    reason: Missing output files: sharks/HydCol/MSMC/ROH_Negative_Mask/HydCol_CM068766.1_ROH_Mask.bed.gz; Code has changed since last execution
    wildcards: CLADE=sharks, SPEC_NAME=HydCol, CHROM=CM068766.1
    resources: mem_mb=10000, mem_mib=9537, disk_mb=1000, disk_mib=954, tmpdir=<TBD>, slurm_account=DURBIN-SL2-CPU, slurm_partition=cclake-himem, runtime=60

Job 363 has been submitted with SLURM jobid 10033959 (log: /rds/project/rds-p67MZilb2eQ/projects/VGP/heterozygosity/.snakemake/slurm_logs/rule_GEN_ROH_NEGATIVE_MASK/sharks_HydCol_CM068766.1/10033959.log).

[Wed May 28 16:37:38 2025]
rule GEN_ROH_NEGATIVE_MASK:
    input: sharks/HydCol/20250410_CM068759.1_ROH_Results.txt
    output: sharks/HydCol/MSMC/ROH_Negative_Mask/HydCol_CM068759.1_ROH_Mask.bed.gz
    jobid: 356
    reason: Missing output files: sharks/HydCol/MSMC/ROH_Negative_Mask/HydCol_CM068759.1_ROH_Mask.bed.gz; Code has changed since last execution
    wildcards: CLADE=sharks, SPEC_NAME=HydCol, CHROM=CM068759.1
    resources: mem_mb=10000, mem_mib=9537, disk_mb=1000, disk_mib=954, tmpdir=<TBD>, slurm_account=DURBIN-SL2-CPU, slurm_partition=cclake-himem, runtime=60

Job 356 has been submitted with SLURM jobid 10033960 (log: /rds/project/rds-p67MZilb2eQ/projects/VGP/heterozygosity/.snakemake/slurm_logs/rule_GEN_ROH_NEGATIVE_MASK/sharks_HydCol_CM068759.1/10033960.log).

[Wed May 28 16:37:40 2025]
rule GEN_ROH_NEGATIVE_MASK:
    input: sharks/HydCol/20250410_CM068752.1_ROH_Results.txt
    output: sharks/HydCol/MSMC/ROH_Negative_Mask/HydCol_CM068752.1_ROH_Mask.bed.gz
    jobid: 349
    reason: Missing output files: sharks/HydCol/MSMC/ROH_Negative_Mask/HydCol_CM068752.1_ROH_Mask.bed.gz; Code has changed since last execution
    wildcards: CLADE=sharks, SPEC_NAME=HydCol, CHROM=CM068752.1
    resources: mem_mb=10000, mem_mib=9537, disk_mb=1000, disk_mib=954, tmpdir=<TBD>, slurm_account=DURBIN-SL2-CPU, slurm_partition=cclake-himem, runtime=60

Job 349 has been submitted with SLURM jobid 10033961 (log: /rds/project/rds-p67MZilb2eQ/projects/VGP/heterozygosity/.snakemake/slurm_logs/rule_GEN_ROH_NEGATIVE_MASK/sharks_HydCol_CM068752.1/10033961.log).

[Wed May 28 16:37:40 2025]
rule GEN_ROH_NEGATIVE_MASK:
    input: sharks/HydCol/20250410_CM068745.1_ROH_Results.txt
    output: sharks/HydCol/MSMC/ROH_Negative_Mask/HydCol_CM068745.1_ROH_Mask.bed.gz
    jobid: 342
    reason: Missing output files: sharks/HydCol/MSMC/ROH_Negative_Mask/HydCol_CM068745.1_ROH_Mask.bed.gz; Code has changed since last execution
    wildcards: CLADE=sharks, SPEC_NAME=HydCol, CHROM=CM068745.1
    resources: mem_mb=10000, mem_mib=9537, disk_mb=1000, disk_mib=954, tmpdir=<TBD>, slurm_account=DURBIN-SL2-CPU, slurm_partition=cclake-himem, runtime=60

Job 342 has been submitted with SLURM jobid 10033962 (log: /rds/project/rds-p67MZilb2eQ/projects/VGP/heterozygosity/.snakemake/slurm_logs/rule_GEN_ROH_NEGATIVE_MASK/sharks_HydCol_CM068745.1/10033962.log).

[Wed May 28 16:37:41 2025]
rule GEN_ROH_NEGATIVE_MASK:
    input: sharks/HydCol/20250410_CM068781.1_ROH_Results.txt
    output: sharks/HydCol/MSMC/ROH_Negative_Mask/HydCol_CM068781.1_ROH_Mask.bed.gz
    jobid: 378
    reason: Missing output files: sharks/HydCol/MSMC/ROH_Negative_Mask/HydCol_CM068781.1_ROH_Mask.bed.gz; Code has changed since last execution
    wildcards: CLADE=sharks, SPEC_NAME=HydCol, CHROM=CM068781.1
    resources: mem_mb=10000, mem_mib=9537, disk_mb=1000, disk_mib=954, tmpdir=<TBD>, slurm_account=DURBIN-SL2-CPU, slurm_partition=cclake-himem, runtime=60

Job 378 has been submitted with SLURM jobid 10033969 (log: /rds/project/rds-p67MZilb2eQ/projects/VGP/heterozygosity/.snakemake/slurm_logs/rule_GEN_ROH_NEGATIVE_MASK/sharks_HydCol_CM068781.1/10033969.log).

[Wed May 28 16:37:43 2025]
rule GEN_ROH_NEGATIVE_MASK:
    input: sharks/HydCol/20250410_CM068774.1_ROH_Results.txt
    output: sharks/HydCol/MSMC/ROH_Negative_Mask/HydCol_CM068774.1_ROH_Mask.bed.gz
    jobid: 371
    reason: Missing output files: sharks/HydCol/MSMC/ROH_Negative_Mask/HydCol_CM068774.1_ROH_Mask.bed.gz; Code has changed since last execution
    wildcards: CLADE=sharks, SPEC_NAME=HydCol, CHROM=CM068774.1
    resources: mem_mb=10000, mem_mib=9537, disk_mb=1000, disk_mib=954, tmpdir=<TBD>, slurm_account=DURBIN-SL2-CPU, slurm_partition=cclake-himem, runtime=60

Job 371 has been submitted with SLURM jobid 10033970 (log: /rds/project/rds-p67MZilb2eQ/projects/VGP/heterozygosity/.snakemake/slurm_logs/rule_GEN_ROH_NEGATIVE_MASK/sharks_HydCol_CM068774.1/10033970.log).

[Wed May 28 16:37:43 2025]
rule GEN_ROH_NEGATIVE_MASK:
    input: sharks/HydCol/20250410_CM068767.1_ROH_Results.txt
    output: sharks/HydCol/MSMC/ROH_Negative_Mask/HydCol_CM068767.1_ROH_Mask.bed.gz
    jobid: 364
    reason: Missing output files: sharks/HydCol/MSMC/ROH_Negative_Mask/HydCol_CM068767.1_ROH_Mask.bed.gz; Code has changed since last execution
    wildcards: CLADE=sharks, SPEC_NAME=HydCol, CHROM=CM068767.1
    resources: mem_mb=10000, mem_mib=9537, disk_mb=1000, disk_mib=954, tmpdir=<TBD>, slurm_account=DURBIN-SL2-CPU, slurm_partition=cclake-himem, runtime=60

Job 364 has been submitted with SLURM jobid 10033971 (log: /rds/project/rds-p67MZilb2eQ/projects/VGP/heterozygosity/.snakemake/slurm_logs/rule_GEN_ROH_NEGATIVE_MASK/sharks_HydCol_CM068767.1/10033971.log).

[Wed May 28 16:37:45 2025]
rule GEN_ROH_NEGATIVE_MASK:
    input: sharks/HydCol/20250410_CM068760.1_ROH_Results.txt
    output: sharks/HydCol/MSMC/ROH_Negative_Mask/HydCol_CM068760.1_ROH_Mask.bed.gz
    jobid: 357
    reason: Missing output files: sharks/HydCol/MSMC/ROH_Negative_Mask/HydCol_CM068760.1_ROH_Mask.bed.gz; Code has changed since last execution
    wildcards: CLADE=sharks, SPEC_NAME=HydCol, CHROM=CM068760.1
    resources: mem_mb=10000, mem_mib=9537, disk_mb=1000, disk_mib=954, tmpdir=<TBD>, slurm_account=DURBIN-SL2-CPU, slurm_partition=cclake-himem, runtime=60

Job 357 has been submitted with SLURM jobid 10033972 (log: /rds/project/rds-p67MZilb2eQ/projects/VGP/heterozygosity/.snakemake/slurm_logs/rule_GEN_ROH_NEGATIVE_MASK/sharks_HydCol_CM068760.1/10033972.log).

[Wed May 28 16:37:46 2025]
rule GEN_ROH_NEGATIVE_MASK:
    input: sharks/HydCol/20250410_CM068753.1_ROH_Results.txt
    output: sharks/HydCol/MSMC/ROH_Negative_Mask/HydCol_CM068753.1_ROH_Mask.bed.gz
    jobid: 350
    reason: Missing output files: sharks/HydCol/MSMC/ROH_Negative_Mask/HydCol_CM068753.1_ROH_Mask.bed.gz; Code has changed since last execution
    wildcards: CLADE=sharks, SPEC_NAME=HydCol, CHROM=CM068753.1
    resources: mem_mb=10000, mem_mib=9537, disk_mb=1000, disk_mib=954, tmpdir=<TBD>, slurm_account=DURBIN-SL2-CPU, slurm_partition=cclake-himem, runtime=60

Job 350 has been submitted with SLURM jobid 10033973 (log: /rds/project/rds-p67MZilb2eQ/projects/VGP/heterozygosity/.snakemake/slurm_logs/rule_GEN_ROH_NEGATIVE_MASK/sharks_HydCol_CM068753.1/10033973.log).

[Wed May 28 16:37:48 2025]
rule GEN_ROH_NEGATIVE_MASK:
    input: sharks/HydCol/20250410_CM068746.1_ROH_Results.txt
    output: sharks/HydCol/MSMC/ROH_Negative_Mask/HydCol_CM068746.1_ROH_Mask.bed.gz
    jobid: 343
    reason: Missing output files: sharks/HydCol/MSMC/ROH_Negative_Mask/HydCol_CM068746.1_ROH_Mask.bed.gz; Code has changed since last execution
    wildcards: CLADE=sharks, SPEC_NAME=HydCol, CHROM=CM068746.1
    resources: mem_mb=10000, mem_mib=9537, disk_mb=1000, disk_mib=954, tmpdir=<TBD>, slurm_account=DURBIN-SL2-CPU, slurm_partition=cclake-himem, runtime=60

Job 343 has been submitted with SLURM jobid 10033974 (log: /rds/project/rds-p67MZilb2eQ/projects/VGP/heterozygosity/.snakemake/slurm_logs/rule_GEN_ROH_NEGATIVE_MASK/sharks_HydCol_CM068746.1/10033974.log).

[Wed May 28 16:37:48 2025]
rule GEN_ROH_NEGATIVE_MASK:
    input: sharks/HydCol/20250410_CM068775.1_ROH_Results.txt
    output: sharks/HydCol/MSMC/ROH_Negative_Mask/HydCol_CM068775.1_ROH_Mask.bed.gz
    jobid: 372
    reason: Missing output files: sharks/HydCol/MSMC/ROH_Negative_Mask/HydCol_CM068775.1_ROH_Mask.bed.gz; Code has changed since last execution
    wildcards: CLADE=sharks, SPEC_NAME=HydCol, CHROM=CM068775.1
    resources: mem_mb=10000, mem_mib=9537, disk_mb=1000, disk_mib=954, tmpdir=<TBD>, slurm_account=DURBIN-SL2-CPU, slurm_partition=cclake-himem, runtime=60

Job 372 has been submitted with SLURM jobid 10033975 (log: /rds/project/rds-p67MZilb2eQ/projects/VGP/heterozygosity/.snakemake/slurm_logs/rule_GEN_ROH_NEGATIVE_MASK/sharks_HydCol_CM068775.1/10033975.log).

[Wed May 28 16:37:48 2025]
rule GEN_ROH_NEGATIVE_MASK:
    input: sharks/HydCol/20250410_CM068768.1_ROH_Results.txt
    output: sharks/HydCol/MSMC/ROH_Negative_Mask/HydCol_CM068768.1_ROH_Mask.bed.gz
    jobid: 365
    reason: Missing output files: sharks/HydCol/MSMC/ROH_Negative_Mask/HydCol_CM068768.1_ROH_Mask.bed.gz; Code has changed since last execution
    wildcards: CLADE=sharks, SPEC_NAME=HydCol, CHROM=CM068768.1
    resources: mem_mb=10000, mem_mib=9537, disk_mb=1000, disk_mib=954, tmpdir=<TBD>, slurm_account=DURBIN-SL2-CPU, slurm_partition=cclake-himem, runtime=60

Job 365 has been submitted with SLURM jobid 10033976 (log: /rds/project/rds-p67MZilb2eQ/projects/VGP/heterozygosity/.snakemake/slurm_logs/rule_GEN_ROH_NEGATIVE_MASK/sharks_HydCol_CM068768.1/10033976.log).

[Wed May 28 16:37:53 2025]
rule GEN_ROH_NEGATIVE_MASK:
    input: sharks/HydCol/20250410_CM068761.1_ROH_Results.txt
    output: sharks/HydCol/MSMC/ROH_Negative_Mask/HydCol_CM068761.1_ROH_Mask.bed.gz
    jobid: 358
    reason: Missing output files: sharks/HydCol/MSMC/ROH_Negative_Mask/HydCol_CM068761.1_ROH_Mask.bed.gz; Code has changed since last execution
    wildcards: CLADE=sharks, SPEC_NAME=HydCol, CHROM=CM068761.1
    resources: mem_mb=10000, mem_mib=9537, disk_mb=1000, disk_mib=954, tmpdir=<TBD>, slurm_account=DURBIN-SL2-CPU, slurm_partition=cclake-himem, runtime=60

Job 358 has been submitted with SLURM jobid 10033977 (log: /rds/project/rds-p67MZilb2eQ/projects/VGP/heterozygosity/.snakemake/slurm_logs/rule_GEN_ROH_NEGATIVE_MASK/sharks_HydCol_CM068761.1/10033977.log).
[Wed May 28 16:38:52 2025]
Error in rule GEN_ROH_NEGATIVE_MASK:
    message: SLURM-job '10033938' failed, SLURM status is: 'FAILED'. For further error details see the cluster/cloud log and the log files of the involved rule(s).
    jobid: 344
    input: sharks/HydCol/20250410_CM068747.1_ROH_Results.txt
    output: sharks/HydCol/MSMC/ROH_Negative_Mask/HydCol_CM068747.1_ROH_Mask.bed.gz
    log: /rds/project/rds-p67MZilb2eQ/projects/VGP/heterozygosity/.snakemake/slurm_logs/rule_GEN_ROH_NEGATIVE_MASK/sharks_HydCol_CM068747.1/10033938.log (check log file(s) for error details)
    shell:
        
        mkdir -p "sharks/HydCol/MSMC/ROH_Negative_Mask"
        python /rds/project/rds-p67MZilb2eQ/projects/VGP/heterozygosity/20250528_ROH_Masker.py sharks HydCol CM068747.1 sharks/HydCol/20250410_CM068747.1_ROH_Results.txt
        gzip sharks/HydCol/MSMC/ROH_Negative_Mask/HydCol_CM068747.1_ROH_Mask.bed
        
        (one of the commands exited with non-zero exit code; note that snakemake uses bash strict mode!)
    external_jobid: 10033938

[Wed May 28 16:38:52 2025]
Error in rule GEN_ROH_NEGATIVE_MASK:
    message: SLURM-job '10033940' failed, SLURM status is: 'FAILED'. For further error details see the cluster/cloud log and the log files of the involved rule(s).
    jobid: 366
    input: sharks/HydCol/20250410_CM068769.1_ROH_Results.txt
    output: sharks/HydCol/MSMC/ROH_Negative_Mask/HydCol_CM068769.1_ROH_Mask.bed.gz
    log: /rds/project/rds-p67MZilb2eQ/projects/VGP/heterozygosity/.snakemake/slurm_logs/rule_GEN_ROH_NEGATIVE_MASK/sharks_HydCol_CM068769.1/10033940.log (check log file(s) for error details)
    shell:
        
        mkdir -p "sharks/HydCol/MSMC/ROH_Negative_Mask"
        python /rds/project/rds-p67MZilb2eQ/projects/VGP/heterozygosity/20250528_ROH_Masker.py sharks HydCol CM068769.1 sharks/HydCol/20250410_CM068769.1_ROH_Results.txt
        gzip sharks/HydCol/MSMC/ROH_Negative_Mask/HydCol_CM068769.1_ROH_Mask.bed
        
        (one of the commands exited with non-zero exit code; note that snakemake uses bash strict mode!)
    external_jobid: 10033940

Select jobs to execute...
[Wed May 28 16:38:52 2025]
Error in rule GEN_ROH_NEGATIVE_MASK:
    message: SLURM-job '10033941' failed, SLURM status is: 'FAILED'. For further error details see the cluster/cloud log and the log files of the involved rule(s).
    jobid: 359
    input: sharks/HydCol/20250410_CM068762.1_ROH_Results.txt
    output: sharks/HydCol/MSMC/ROH_Negative_Mask/HydCol_CM068762.1_ROH_Mask.bed.gz
    log: /rds/project/rds-p67MZilb2eQ/projects/VGP/heterozygosity/.snakemake/slurm_logs/rule_GEN_ROH_NEGATIVE_MASK/sharks_HydCol_CM068762.1/10033941.log (check log file(s) for error details)
    shell:
        
        mkdir -p "sharks/HydCol/MSMC/ROH_Negative_Mask"
        python /rds/project/rds-p67MZilb2eQ/projects/VGP/heterozygosity/20250528_ROH_Masker.py sharks HydCol CM068762.1 sharks/HydCol/20250410_CM068762.1_ROH_Results.txt
        gzip sharks/HydCol/MSMC/ROH_Negative_Mask/HydCol_CM068762.1_ROH_Mask.bed
        
        (one of the commands exited with non-zero exit code; note that snakemake uses bash strict mode!)
    external_jobid: 10033941

[Wed May 28 16:38:52 2025]
Error in rule GEN_ROH_NEGATIVE_MASK:
    message: SLURM-job '10033942' failed, SLURM status is: 'FAILED'. For further error details see the cluster/cloud log and the log files of the involved rule(s).
    jobid: 352
    input: sharks/HydCol/20250410_CM068755.1_ROH_Results.txt
    output: sharks/HydCol/MSMC/ROH_Negative_Mask/HydCol_CM068755.1_ROH_Mask.bed.gz
    log: /rds/project/rds-p67MZilb2eQ/projects/VGP/heterozygosity/.snakemake/slurm_logs/rule_GEN_ROH_NEGATIVE_MASK/sharks_HydCol_CM068755.1/10033942.log (check log file(s) for error details)
    shell:
        
        mkdir -p "sharks/HydCol/MSMC/ROH_Negative_Mask"
        python /rds/project/rds-p67MZilb2eQ/projects/VGP/heterozygosity/20250528_ROH_Masker.py sharks HydCol CM068755.1 sharks/HydCol/20250410_CM068755.1_ROH_Results.txt
        gzip sharks/HydCol/MSMC/ROH_Negative_Mask/HydCol_CM068755.1_ROH_Mask.bed
        
        (one of the commands exited with non-zero exit code; note that snakemake uses bash strict mode!)
    external_jobid: 10033942

[Wed May 28 16:38:52 2025]
Error in rule GEN_ROH_NEGATIVE_MASK:
    message: SLURM-job '10033943' failed, SLURM status is: 'FAILED'. For further error details see the cluster/cloud log and the log files of the involved rule(s).
    jobid: 345
    input: sharks/HydCol/20250410_CM068748.1_ROH_Results.txt
    output: sharks/HydCol/MSMC/ROH_Negative_Mask/HydCol_CM068748.1_ROH_Mask.bed.gz
    log: /rds/project/rds-p67MZilb2eQ/projects/VGP/heterozygosity/.snakemake/slurm_logs/rule_GEN_ROH_NEGATIVE_MASK/sharks_HydCol_CM068748.1/10033943.log (check log file(s) for error details)
    shell:
        
        mkdir -p "sharks/HydCol/MSMC/ROH_Negative_Mask"
        python /rds/project/rds-p67MZilb2eQ/projects/VGP/heterozygosity/20250528_ROH_Masker.py sharks HydCol CM068748.1 sharks/HydCol/20250410_CM068748.1_ROH_Results.txt
        gzip sharks/HydCol/MSMC/ROH_Negative_Mask/HydCol_CM068748.1_ROH_Mask.bed
        
        (one of the commands exited with non-zero exit code; note that snakemake uses bash strict mode!)
    external_jobid: 10033943

[Wed May 28 16:38:52 2025]
Error in rule GEN_ROH_NEGATIVE_MASK:
    message: SLURM-job '10033944' failed, SLURM status is: 'FAILED'. For further error details see the cluster/cloud log and the log files of the involved rule(s).
    jobid: 374
    input: sharks/HydCol/20250410_CM068777.1_ROH_Results.txt
    output: sharks/HydCol/MSMC/ROH_Negative_Mask/HydCol_CM068777.1_ROH_Mask.bed.gz
    log: /rds/project/rds-p67MZilb2eQ/projects/VGP/heterozygosity/.snakemake/slurm_logs/rule_GEN_ROH_NEGATIVE_MASK/sharks_HydCol_CM068777.1/10033944.log (check log file(s) for error details)
    shell:
        
        mkdir -p "sharks/HydCol/MSMC/ROH_Negative_Mask"
        python /rds/project/rds-p67MZilb2eQ/projects/VGP/heterozygosity/20250528_ROH_Masker.py sharks HydCol CM068777.1 sharks/HydCol/20250410_CM068777.1_ROH_Results.txt
        gzip sharks/HydCol/MSMC/ROH_Negative_Mask/HydCol_CM068777.1_ROH_Mask.bed
        
        (one of the commands exited with non-zero exit code; note that snakemake uses bash strict mode!)
    external_jobid: 10033944

[Wed May 28 16:38:52 2025]
Error in rule GEN_ROH_NEGATIVE_MASK:
    message: SLURM-job '10033945' failed, SLURM status is: 'FAILED'. For further error details see the cluster/cloud log and the log files of the involved rule(s).
    jobid: 367
    input: sharks/HydCol/20250410_CM068770.1_ROH_Results.txt
    output: sharks/HydCol/MSMC/ROH_Negative_Mask/HydCol_CM068770.1_ROH_Mask.bed.gz
    log: /rds/project/rds-p67MZilb2eQ/projects/VGP/heterozygosity/.snakemake/slurm_logs/rule_GEN_ROH_NEGATIVE_MASK/sharks_HydCol_CM068770.1/10033945.log (check log file(s) for error details)
    shell:
        
        mkdir -p "sharks/HydCol/MSMC/ROH_Negative_Mask"
        python /rds/project/rds-p67MZilb2eQ/projects/VGP/heterozygosity/20250528_ROH_Masker.py sharks HydCol CM068770.1 sharks/HydCol/20250410_CM068770.1_ROH_Results.txt
        gzip sharks/HydCol/MSMC/ROH_Negative_Mask/HydCol_CM068770.1_ROH_Mask.bed
        
        (one of the commands exited with non-zero exit code; note that snakemake uses bash strict mode!)
    external_jobid: 10033945

[Wed May 28 16:38:52 2025]
Error in rule GEN_ROH_NEGATIVE_MASK:
    message: SLURM-job '10033946' failed, SLURM status is: 'FAILED'. For further error details see the cluster/cloud log and the log files of the involved rule(s).
    jobid: 360
    input: sharks/HydCol/20250410_CM068763.1_ROH_Results.txt
    output: sharks/HydCol/MSMC/ROH_Negative_Mask/HydCol_CM068763.1_ROH_Mask.bed.gz
    log: /rds/project/rds-p67MZilb2eQ/projects/VGP/heterozygosity/.snakemake/slurm_logs/rule_GEN_ROH_NEGATIVE_MASK/sharks_HydCol_CM068763.1/10033946.log (check log file(s) for error details)
    shell:
        
        mkdir -p "sharks/HydCol/MSMC/ROH_Negative_Mask"
        python /rds/project/rds-p67MZilb2eQ/projects/VGP/heterozygosity/20250528_ROH_Masker.py sharks HydCol CM068763.1 sharks/HydCol/20250410_CM068763.1_ROH_Results.txt
        gzip sharks/HydCol/MSMC/ROH_Negative_Mask/HydCol_CM068763.1_ROH_Mask.bed
        
        (one of the commands exited with non-zero exit code; note that snakemake uses bash strict mode!)
    external_jobid: 10033946

[Wed May 28 16:38:52 2025]
Error in rule GEN_ROH_NEGATIVE_MASK:
    message: SLURM-job '10033947' failed, SLURM status is: 'FAILED'. For further error details see the cluster/cloud log and the log files of the involved rule(s).
    jobid: 353
    input: sharks/HydCol/20250410_CM068756.1_ROH_Results.txt
    output: sharks/HydCol/MSMC/ROH_Negative_Mask/HydCol_CM068756.1_ROH_Mask.bed.gz
    log: /rds/project/rds-p67MZilb2eQ/projects/VGP/heterozygosity/.snakemake/slurm_logs/rule_GEN_ROH_NEGATIVE_MASK/sharks_HydCol_CM068756.1/10033947.log (check log file(s) for error details)
    shell:
        
        mkdir -p "sharks/HydCol/MSMC/ROH_Negative_Mask"
        python /rds/project/rds-p67MZilb2eQ/projects/VGP/heterozygosity/20250528_ROH_Masker.py sharks HydCol CM068756.1 sharks/HydCol/20250410_CM068756.1_ROH_Results.txt
        gzip sharks/HydCol/MSMC/ROH_Negative_Mask/HydCol_CM068756.1_ROH_Mask.bed
        
        (one of the commands exited with non-zero exit code; note that snakemake uses bash strict mode!)
    external_jobid: 10033947

[Wed May 28 16:38:52 2025]
Error in rule GEN_ROH_NEGATIVE_MASK:
    message: SLURM-job '10033948' failed, SLURM status is: 'FAILED'. For further error details see the cluster/cloud log and the log files of the involved rule(s).
    jobid: 346
    input: sharks/HydCol/20250410_CM068749.1_ROH_Results.txt
    output: sharks/HydCol/MSMC/ROH_Negative_Mask/HydCol_CM068749.1_ROH_Mask.bed.gz
    log: /rds/project/rds-p67MZilb2eQ/projects/VGP/heterozygosity/.snakemake/slurm_logs/rule_GEN_ROH_NEGATIVE_MASK/sharks_HydCol_CM068749.1/10033948.log (check log file(s) for error details)
    shell:
        
        mkdir -p "sharks/HydCol/MSMC/ROH_Negative_Mask"
        python /rds/project/rds-p67MZilb2eQ/projects/VGP/heterozygosity/20250528_ROH_Masker.py sharks HydCol CM068749.1 sharks/HydCol/20250410_CM068749.1_ROH_Results.txt
        gzip sharks/HydCol/MSMC/ROH_Negative_Mask/HydCol_CM068749.1_ROH_Mask.bed
        
        (one of the commands exited with non-zero exit code; note that snakemake uses bash strict mode!)
    external_jobid: 10033948

[Wed May 28 16:38:52 2025]
Error in rule GEN_ROH_NEGATIVE_MASK:
    message: SLURM-job '10033949' failed, SLURM status is: 'FAILED'. For further error details see the cluster/cloud log and the log files of the involved rule(s).
    jobid: 339
    input: sharks/HydCol/20250410_CM068742.1_ROH_Results.txt
    output: sharks/HydCol/MSMC/ROH_Negative_Mask/HydCol_CM068742.1_ROH_Mask.bed.gz
    log: /rds/project/rds-p67MZilb2eQ/projects/VGP/heterozygosity/.snakemake/slurm_logs/rule_GEN_ROH_NEGATIVE_MASK/sharks_HydCol_CM068742.1/10033949.log (check log file(s) for error details)
    shell:
        
        mkdir -p "sharks/HydCol/MSMC/ROH_Negative_Mask"
        python /rds/project/rds-p67MZilb2eQ/projects/VGP/heterozygosity/20250528_ROH_Masker.py sharks HydCol CM068742.1 sharks/HydCol/20250410_CM068742.1_ROH_Results.txt
        gzip sharks/HydCol/MSMC/ROH_Negative_Mask/HydCol_CM068742.1_ROH_Mask.bed
        
        (one of the commands exited with non-zero exit code; note that snakemake uses bash strict mode!)
    external_jobid: 10033949

[Wed May 28 16:38:52 2025]
Error in rule GEN_ROH_NEGATIVE_MASK:
    message: SLURM-job '10033950' failed, SLURM status is: 'FAILED'. For further error details see the cluster/cloud log and the log files of the involved rule(s).
    jobid: 375
    input: sharks/HydCol/20250410_CM068778.1_ROH_Results.txt
    output: sharks/HydCol/MSMC/ROH_Negative_Mask/HydCol_CM068778.1_ROH_Mask.bed.gz
    log: /rds/project/rds-p67MZilb2eQ/projects/VGP/heterozygosity/.snakemake/slurm_logs/rule_GEN_ROH_NEGATIVE_MASK/sharks_HydCol_CM068778.1/10033950.log (check log file(s) for error details)
    shell:
        
        mkdir -p "sharks/HydCol/MSMC/ROH_Negative_Mask"
        python /rds/project/rds-p67MZilb2eQ/projects/VGP/heterozygosity/20250528_ROH_Masker.py sharks HydCol CM068778.1 sharks/HydCol/20250410_CM068778.1_ROH_Results.txt
        gzip sharks/HydCol/MSMC/ROH_Negative_Mask/HydCol_CM068778.1_ROH_Mask.bed
        
        (one of the commands exited with non-zero exit code; note that snakemake uses bash strict mode!)
    external_jobid: 10033950

[Wed May 28 16:38:52 2025]
Error in rule GEN_ROH_NEGATIVE_MASK:
    message: SLURM-job '10033952' failed, SLURM status is: 'FAILED'. For further error details see the cluster/cloud log and the log files of the involved rule(s).
    jobid: 368
    input: sharks/HydCol/20250410_CM068771.1_ROH_Results.txt
    output: sharks/HydCol/MSMC/ROH_Negative_Mask/HydCol_CM068771.1_ROH_Mask.bed.gz
    log: /rds/project/rds-p67MZilb2eQ/projects/VGP/heterozygosity/.snakemake/slurm_logs/rule_GEN_ROH_NEGATIVE_MASK/sharks_HydCol_CM068771.1/10033952.log (check log file(s) for error details)
    shell:
        
        mkdir -p "sharks/HydCol/MSMC/ROH_Negative_Mask"
        python /rds/project/rds-p67MZilb2eQ/projects/VGP/heterozygosity/20250528_ROH_Masker.py sharks HydCol CM068771.1 sharks/HydCol/20250410_CM068771.1_ROH_Results.txt
        gzip sharks/HydCol/MSMC/ROH_Negative_Mask/HydCol_CM068771.1_ROH_Mask.bed
        
        (one of the commands exited with non-zero exit code; note that snakemake uses bash strict mode!)
    external_jobid: 10033952

[Wed May 28 16:38:52 2025]
Error in rule GEN_ROH_NEGATIVE_MASK:
    message: SLURM-job '10033953' failed, SLURM status is: 'FAILED'. For further error details see the cluster/cloud log and the log files of the involved rule(s).
    jobid: 361
    input: sharks/HydCol/20250410_CM068764.1_ROH_Results.txt
    output: sharks/HydCol/MSMC/ROH_Negative_Mask/HydCol_CM068764.1_ROH_Mask.bed.gz
    log: /rds/project/rds-p67MZilb2eQ/projects/VGP/heterozygosity/.snakemake/slurm_logs/rule_GEN_ROH_NEGATIVE_MASK/sharks_HydCol_CM068764.1/10033953.log (check log file(s) for error details)
    shell:
        
        mkdir -p "sharks/HydCol/MSMC/ROH_Negative_Mask"
        python /rds/project/rds-p67MZilb2eQ/projects/VGP/heterozygosity/20250528_ROH_Masker.py sharks HydCol CM068764.1 sharks/HydCol/20250410_CM068764.1_ROH_Results.txt
        gzip sharks/HydCol/MSMC/ROH_Negative_Mask/HydCol_CM068764.1_ROH_Mask.bed
        
        (one of the commands exited with non-zero exit code; note that snakemake uses bash strict mode!)
    external_jobid: 10033953

[Wed May 28 16:38:52 2025]
Error in rule GEN_ROH_NEGATIVE_MASK:
    message: SLURM-job '10033955' failed, SLURM status is: 'FAILED'. For further error details see the cluster/cloud log and the log files of the involved rule(s).
    jobid: 354
    input: sharks/HydCol/20250410_CM068757.1_ROH_Results.txt
    output: sharks/HydCol/MSMC/ROH_Negative_Mask/HydCol_CM068757.1_ROH_Mask.bed.gz
    log: /rds/project/rds-p67MZilb2eQ/projects/VGP/heterozygosity/.snakemake/slurm_logs/rule_GEN_ROH_NEGATIVE_MASK/sharks_HydCol_CM068757.1/10033955.log (check log file(s) for error details)
    shell:
        
        mkdir -p "sharks/HydCol/MSMC/ROH_Negative_Mask"
        python /rds/project/rds-p67MZilb2eQ/projects/VGP/heterozygosity/20250528_ROH_Masker.py sharks HydCol CM068757.1 sharks/HydCol/20250410_CM068757.1_ROH_Results.txt
        gzip sharks/HydCol/MSMC/ROH_Negative_Mask/HydCol_CM068757.1_ROH_Mask.bed
        
        (one of the commands exited with non-zero exit code; note that snakemake uses bash strict mode!)
    external_jobid: 10033955

[Wed May 28 16:38:52 2025]
Error in rule GEN_ROH_NEGATIVE_MASK:
    message: SLURM-job '10033956' failed, SLURM status is: 'FAILED'. For further error details see the cluster/cloud log and the log files of the involved rule(s).
    jobid: 347
    input: sharks/HydCol/20250410_CM068750.1_ROH_Results.txt
    output: sharks/HydCol/MSMC/ROH_Negative_Mask/HydCol_CM068750.1_ROH_Mask.bed.gz
    log: /rds/project/rds-p67MZilb2eQ/projects/VGP/heterozygosity/.snakemake/slurm_logs/rule_GEN_ROH_NEGATIVE_MASK/sharks_HydCol_CM068750.1/10033956.log (check log file(s) for error details)
    shell:
        
        mkdir -p "sharks/HydCol/MSMC/ROH_Negative_Mask"
        python /rds/project/rds-p67MZilb2eQ/projects/VGP/heterozygosity/20250528_ROH_Masker.py sharks HydCol CM068750.1 sharks/HydCol/20250410_CM068750.1_ROH_Results.txt
        gzip sharks/HydCol/MSMC/ROH_Negative_Mask/HydCol_CM068750.1_ROH_Mask.bed
        
        (one of the commands exited with non-zero exit code; note that snakemake uses bash strict mode!)
    external_jobid: 10033956

[Wed May 28 16:38:52 2025]
Error in rule GEN_ROH_NEGATIVE_MASK:
    message: SLURM-job '10033958' failed, SLURM status is: 'FAILED'. For further error details see the cluster/cloud log and the log files of the involved rule(s).
    jobid: 340
    input: sharks/HydCol/20250410_CM068743.1_ROH_Results.txt
    output: sharks/HydCol/MSMC/ROH_Negative_Mask/HydCol_CM068743.1_ROH_Mask.bed.gz
    log: /rds/project/rds-p67MZilb2eQ/projects/VGP/heterozygosity/.snakemake/slurm_logs/rule_GEN_ROH_NEGATIVE_MASK/sharks_HydCol_CM068743.1/10033958.log (check log file(s) for error details)
    shell:
        
        mkdir -p "sharks/HydCol/MSMC/ROH_Negative_Mask"
        python /rds/project/rds-p67MZilb2eQ/projects/VGP/heterozygosity/20250528_ROH_Masker.py sharks HydCol CM068743.1 sharks/HydCol/20250410_CM068743.1_ROH_Results.txt
        gzip sharks/HydCol/MSMC/ROH_Negative_Mask/HydCol_CM068743.1_ROH_Mask.bed
        
        (one of the commands exited with non-zero exit code; note that snakemake uses bash strict mode!)
    external_jobid: 10033958

[Wed May 28 16:38:52 2025]
Error in rule GEN_ROH_NEGATIVE_MASK:
    message: SLURM-job '10033959' failed, SLURM status is: 'FAILED'. For further error details see the cluster/cloud log and the log files of the involved rule(s).
    jobid: 363
    input: sharks/HydCol/20250410_CM068766.1_ROH_Results.txt
    output: sharks/HydCol/MSMC/ROH_Negative_Mask/HydCol_CM068766.1_ROH_Mask.bed.gz
    log: /rds/project/rds-p67MZilb2eQ/projects/VGP/heterozygosity/.snakemake/slurm_logs/rule_GEN_ROH_NEGATIVE_MASK/sharks_HydCol_CM068766.1/10033959.log (check log file(s) for error details)
    shell:
        
        mkdir -p "sharks/HydCol/MSMC/ROH_Negative_Mask"
        python /rds/project/rds-p67MZilb2eQ/projects/VGP/heterozygosity/20250528_ROH_Masker.py sharks HydCol CM068766.1 sharks/HydCol/20250410_CM068766.1_ROH_Results.txt
        gzip sharks/HydCol/MSMC/ROH_Negative_Mask/HydCol_CM068766.1_ROH_Mask.bed
        
        (one of the commands exited with non-zero exit code; note that snakemake uses bash strict mode!)
    external_jobid: 10033959

[Wed May 28 16:38:52 2025]
Error in rule GEN_ROH_NEGATIVE_MASK:
    message: SLURM-job '10033960' failed, SLURM status is: 'FAILED'. For further error details see the cluster/cloud log and the log files of the involved rule(s).
    jobid: 356
    input: sharks/HydCol/20250410_CM068759.1_ROH_Results.txt
    output: sharks/HydCol/MSMC/ROH_Negative_Mask/HydCol_CM068759.1_ROH_Mask.bed.gz
    log: /rds/project/rds-p67MZilb2eQ/projects/VGP/heterozygosity/.snakemake/slurm_logs/rule_GEN_ROH_NEGATIVE_MASK/sharks_HydCol_CM068759.1/10033960.log (check log file(s) for error details)
    shell:
        
        mkdir -p "sharks/HydCol/MSMC/ROH_Negative_Mask"
        python /rds/project/rds-p67MZilb2eQ/projects/VGP/heterozygosity/20250528_ROH_Masker.py sharks HydCol CM068759.1 sharks/HydCol/20250410_CM068759.1_ROH_Results.txt
        gzip sharks/HydCol/MSMC/ROH_Negative_Mask/HydCol_CM068759.1_ROH_Mask.bed
        
        (one of the commands exited with non-zero exit code; note that snakemake uses bash strict mode!)
    external_jobid: 10033960

[Wed May 28 16:38:52 2025]
Error in rule GEN_ROH_NEGATIVE_MASK:
    message: SLURM-job '10033961' failed, SLURM status is: 'FAILED'. For further error details see the cluster/cloud log and the log files of the involved rule(s).
    jobid: 349
    input: sharks/HydCol/20250410_CM068752.1_ROH_Results.txt
    output: sharks/HydCol/MSMC/ROH_Negative_Mask/HydCol_CM068752.1_ROH_Mask.bed.gz
    log: /rds/project/rds-p67MZilb2eQ/projects/VGP/heterozygosity/.snakemake/slurm_logs/rule_GEN_ROH_NEGATIVE_MASK/sharks_HydCol_CM068752.1/10033961.log (check log file(s) for error details)
    shell:
        
        mkdir -p "sharks/HydCol/MSMC/ROH_Negative_Mask"
        python /rds/project/rds-p67MZilb2eQ/projects/VGP/heterozygosity/20250528_ROH_Masker.py sharks HydCol CM068752.1 sharks/HydCol/20250410_CM068752.1_ROH_Results.txt
        gzip sharks/HydCol/MSMC/ROH_Negative_Mask/HydCol_CM068752.1_ROH_Mask.bed
        
        (one of the commands exited with non-zero exit code; note that snakemake uses bash strict mode!)
    external_jobid: 10033961

Execute 1 jobs...

[Wed May 28 16:38:52 2025]
rule GEN_ROH_NEGATIVE_MASK:
    input: sharks/HydCol/20250410_CM068773.1_ROH_Results.txt
    output: sharks/HydCol/MSMC/ROH_Negative_Mask/HydCol_CM068773.1_ROH_Mask.bed.gz
    jobid: 370
    reason: Missing output files: sharks/HydCol/MSMC/ROH_Negative_Mask/HydCol_CM068773.1_ROH_Mask.bed.gz; Code has changed since last execution
    wildcards: CLADE=sharks, SPEC_NAME=HydCol, CHROM=CM068773.1
    resources: mem_mb=10000, mem_mib=9537, disk_mb=1000, disk_mib=954, tmpdir=<TBD>, slurm_account=DURBIN-SL2-CPU, slurm_partition=cclake-himem, runtime=60

Job 370 has been submitted with SLURM jobid 10033980 (log: /rds/project/rds-p67MZilb2eQ/projects/VGP/heterozygosity/.snakemake/slurm_logs/rule_GEN_ROH_NEGATIVE_MASK/sharks_HydCol_CM068773.1/10033980.log).
Select jobs to execute...
Execute 9 jobs...

[Wed May 28 16:38:55 2025]
rule GEN_ROH_NEGATIVE_MASK:
    input: sharks/HydCol/20250410_CM068754.1_ROH_Results.txt
    output: sharks/HydCol/MSMC/ROH_Negative_Mask/HydCol_CM068754.1_ROH_Mask.bed.gz
    jobid: 351
    reason: Missing output files: sharks/HydCol/MSMC/ROH_Negative_Mask/HydCol_CM068754.1_ROH_Mask.bed.gz; Code has changed since last execution
    wildcards: CLADE=sharks, SPEC_NAME=HydCol, CHROM=CM068754.1
    resources: mem_mb=10000, mem_mib=9537, disk_mb=1000, disk_mib=954, tmpdir=<TBD>, slurm_account=DURBIN-SL2-CPU, slurm_partition=cclake-himem, runtime=60

Job 351 has been submitted with SLURM jobid 10033981 (log: /rds/project/rds-p67MZilb2eQ/projects/VGP/heterozygosity/.snakemake/slurm_logs/rule_GEN_ROH_NEGATIVE_MASK/sharks_HydCol_CM068754.1/10033981.log).

[Wed May 28 16:38:57 2025]
rule GEN_ROH_NEGATIVE_MASK:
    input: sharks/HydCol/20250410_CM068779.1_ROH_Results.txt
    output: sharks/HydCol/MSMC/ROH_Negative_Mask/HydCol_CM068779.1_ROH_Mask.bed.gz
    jobid: 376
    reason: Missing output files: sharks/HydCol/MSMC/ROH_Negative_Mask/HydCol_CM068779.1_ROH_Mask.bed.gz; Code has changed since last execution
    wildcards: CLADE=sharks, SPEC_NAME=HydCol, CHROM=CM068779.1
    resources: mem_mb=10000, mem_mib=9537, disk_mb=1000, disk_mib=954, tmpdir=<TBD>, slurm_account=DURBIN-SL2-CPU, slurm_partition=cclake-himem, runtime=60

Job 376 has been submitted with SLURM jobid 10033982 (log: /rds/project/rds-p67MZilb2eQ/projects/VGP/heterozygosity/.snakemake/slurm_logs/rule_GEN_ROH_NEGATIVE_MASK/sharks_HydCol_CM068779.1/10033982.log).

[Wed May 28 16:38:57 2025]
rule GEN_ROH_NEGATIVE_MASK:
    input: sharks/HydCol/20250410_CM068772.1_ROH_Results.txt
    output: sharks/HydCol/MSMC/ROH_Negative_Mask/HydCol_CM068772.1_ROH_Mask.bed.gz
    jobid: 369
    reason: Missing output files: sharks/HydCol/MSMC/ROH_Negative_Mask/HydCol_CM068772.1_ROH_Mask.bed.gz; Code has changed since last execution
    wildcards: CLADE=sharks, SPEC_NAME=HydCol, CHROM=CM068772.1
    resources: mem_mb=10000, mem_mib=9537, disk_mb=1000, disk_mib=954, tmpdir=<TBD>, slurm_account=DURBIN-SL2-CPU, slurm_partition=cclake-himem, runtime=60

Job 369 has been submitted with SLURM jobid 10033983 (log: /rds/project/rds-p67MZilb2eQ/projects/VGP/heterozygosity/.snakemake/slurm_logs/rule_GEN_ROH_NEGATIVE_MASK/sharks_HydCol_CM068772.1/10033983.log).

[Wed May 28 16:38:58 2025]
rule GEN_ROH_NEGATIVE_MASK:
    input: sharks/HydCol/20250410_CM068765.1_ROH_Results.txt
    output: sharks/HydCol/MSMC/ROH_Negative_Mask/HydCol_CM068765.1_ROH_Mask.bed.gz
    jobid: 362
    reason: Missing output files: sharks/HydCol/MSMC/ROH_Negative_Mask/HydCol_CM068765.1_ROH_Mask.bed.gz; Code has changed since last execution
    wildcards: CLADE=sharks, SPEC_NAME=HydCol, CHROM=CM068765.1
    resources: mem_mb=10000, mem_mib=9537, disk_mb=1000, disk_mib=954, tmpdir=<TBD>, slurm_account=DURBIN-SL2-CPU, slurm_partition=cclake-himem, runtime=60

Job 362 has been submitted with SLURM jobid 10033984 (log: /rds/project/rds-p67MZilb2eQ/projects/VGP/heterozygosity/.snakemake/slurm_logs/rule_GEN_ROH_NEGATIVE_MASK/sharks_HydCol_CM068765.1/10033984.log).

[Wed May 28 16:39:00 2025]
rule GEN_ROH_NEGATIVE_MASK:
    input: sharks/HydCol/20250410_CM068758.1_ROH_Results.txt
    output: sharks/HydCol/MSMC/ROH_Negative_Mask/HydCol_CM068758.1_ROH_Mask.bed.gz
    jobid: 355
    reason: Missing output files: sharks/HydCol/MSMC/ROH_Negative_Mask/HydCol_CM068758.1_ROH_Mask.bed.gz; Code has changed since last execution
    wildcards: CLADE=sharks, SPEC_NAME=HydCol, CHROM=CM068758.1
    resources: mem_mb=10000, mem_mib=9537, disk_mb=1000, disk_mib=954, tmpdir=<TBD>, slurm_account=DURBIN-SL2-CPU, slurm_partition=cclake-himem, runtime=60

Job 355 has been submitted with SLURM jobid 10033985 (log: /rds/project/rds-p67MZilb2eQ/projects/VGP/heterozygosity/.snakemake/slurm_logs/rule_GEN_ROH_NEGATIVE_MASK/sharks_HydCol_CM068758.1/10033985.log).

[Wed May 28 16:39:00 2025]
rule GEN_ROH_NEGATIVE_MASK:
    input: sharks/HydCol/20250410_CM068751.1_ROH_Results.txt
    output: sharks/HydCol/MSMC/ROH_Negative_Mask/HydCol_CM068751.1_ROH_Mask.bed.gz
    jobid: 348
    reason: Missing output files: sharks/HydCol/MSMC/ROH_Negative_Mask/HydCol_CM068751.1_ROH_Mask.bed.gz; Code has changed since last execution
    wildcards: CLADE=sharks, SPEC_NAME=HydCol, CHROM=CM068751.1
    resources: mem_mb=10000, mem_mib=9537, disk_mb=1000, disk_mib=954, tmpdir=<TBD>, slurm_account=DURBIN-SL2-CPU, slurm_partition=cclake-himem, runtime=60

Job 348 has been submitted with SLURM jobid 10033986 (log: /rds/project/rds-p67MZilb2eQ/projects/VGP/heterozygosity/.snakemake/slurm_logs/rule_GEN_ROH_NEGATIVE_MASK/sharks_HydCol_CM068751.1/10033986.log).

[Wed May 28 16:39:00 2025]
rule GEN_ROH_NEGATIVE_MASK:
    input: sharks/HydCol/20250410_CM068776.1_ROH_Results.txt
    output: sharks/HydCol/MSMC/ROH_Negative_Mask/HydCol_CM068776.1_ROH_Mask.bed.gz
    jobid: 373
    reason: Missing output files: sharks/HydCol/MSMC/ROH_Negative_Mask/HydCol_CM068776.1_ROH_Mask.bed.gz; Code has changed since last execution
    wildcards: CLADE=sharks, SPEC_NAME=HydCol, CHROM=CM068776.1
    resources: mem_mb=10000, mem_mib=9537, disk_mb=1000, disk_mib=954, tmpdir=<TBD>, slurm_account=DURBIN-SL2-CPU, slurm_partition=cclake-himem, runtime=60

Job 373 has been submitted with SLURM jobid 10033987 (log: /rds/project/rds-p67MZilb2eQ/projects/VGP/heterozygosity/.snakemake/slurm_logs/rule_GEN_ROH_NEGATIVE_MASK/sharks_HydCol_CM068776.1/10033987.log).

[Wed May 28 16:39:02 2025]
rule GEN_ROH_NEGATIVE_MASK:
    input: sharks/HydCol/20250410_CM068744.1_ROH_Results.txt
    output: sharks/HydCol/MSMC/ROH_Negative_Mask/HydCol_CM068744.1_ROH_Mask.bed.gz
    jobid: 341
    reason: Missing output files: sharks/HydCol/MSMC/ROH_Negative_Mask/HydCol_CM068744.1_ROH_Mask.bed.gz; Code has changed since last execution
    wildcards: CLADE=sharks, SPEC_NAME=HydCol, CHROM=CM068744.1
    resources: mem_mb=10000, mem_mib=9537, disk_mb=1000, disk_mib=954, tmpdir=<TBD>, slurm_account=DURBIN-SL2-CPU, slurm_partition=cclake-himem, runtime=60

Job 341 has been submitted with SLURM jobid 10033988 (log: /rds/project/rds-p67MZilb2eQ/projects/VGP/heterozygosity/.snakemake/slurm_logs/rule_GEN_ROH_NEGATIVE_MASK/sharks_HydCol_CM068744.1/10033988.log).

[Wed May 28 16:39:02 2025]
rule GEN_ROH_NEGATIVE_MASK:
    input: sharks/HydCol/20250410_CM068780.1_ROH_Results.txt
    output: sharks/HydCol/MSMC/ROH_Negative_Mask/HydCol_CM068780.1_ROH_Mask.bed.gz
    jobid: 377
    reason: Missing output files: sharks/HydCol/MSMC/ROH_Negative_Mask/HydCol_CM068780.1_ROH_Mask.bed.gz; Code has changed since last execution
    wildcards: CLADE=sharks, SPEC_NAME=HydCol, CHROM=CM068780.1
    resources: mem_mb=10000, mem_mib=9537, disk_mb=1000, disk_mib=954, tmpdir=<TBD>, slurm_account=DURBIN-SL2-CPU, slurm_partition=cclake-himem, runtime=60

Job 377 has been submitted with SLURM jobid 10033989 (log: /rds/project/rds-p67MZilb2eQ/projects/VGP/heterozygosity/.snakemake/slurm_logs/rule_GEN_ROH_NEGATIVE_MASK/sharks_HydCol_CM068780.1/10033989.log).
[Wed May 28 16:39:32 2025]
Error in rule GEN_ROH_NEGATIVE_MASK:
    message: SLURM-job '10033962' failed, SLURM status is: 'FAILED'. For further error details see the cluster/cloud log and the log files of the involved rule(s).
    jobid: 342
    input: sharks/HydCol/20250410_CM068745.1_ROH_Results.txt
    output: sharks/HydCol/MSMC/ROH_Negative_Mask/HydCol_CM068745.1_ROH_Mask.bed.gz
    log: /rds/project/rds-p67MZilb2eQ/projects/VGP/heterozygosity/.snakemake/slurm_logs/rule_GEN_ROH_NEGATIVE_MASK/sharks_HydCol_CM068745.1/10033962.log (check log file(s) for error details)
    shell:
        
        mkdir -p "sharks/HydCol/MSMC/ROH_Negative_Mask"
        python /rds/project/rds-p67MZilb2eQ/projects/VGP/heterozygosity/20250528_ROH_Masker.py sharks HydCol CM068745.1 sharks/HydCol/20250410_CM068745.1_ROH_Results.txt
        gzip sharks/HydCol/MSMC/ROH_Negative_Mask/HydCol_CM068745.1_ROH_Mask.bed
        
        (one of the commands exited with non-zero exit code; note that snakemake uses bash strict mode!)
    external_jobid: 10033962

[Wed May 28 16:39:32 2025]
Error in rule GEN_ROH_NEGATIVE_MASK:
    message: SLURM-job '10033969' failed, SLURM status is: 'FAILED'. For further error details see the cluster/cloud log and the log files of the involved rule(s).
    jobid: 378
    input: sharks/HydCol/20250410_CM068781.1_ROH_Results.txt
    output: sharks/HydCol/MSMC/ROH_Negative_Mask/HydCol_CM068781.1_ROH_Mask.bed.gz
    log: /rds/project/rds-p67MZilb2eQ/projects/VGP/heterozygosity/.snakemake/slurm_logs/rule_GEN_ROH_NEGATIVE_MASK/sharks_HydCol_CM068781.1/10033969.log (check log file(s) for error details)
    shell:
        
        mkdir -p "sharks/HydCol/MSMC/ROH_Negative_Mask"
        python /rds/project/rds-p67MZilb2eQ/projects/VGP/heterozygosity/20250528_ROH_Masker.py sharks HydCol CM068781.1 sharks/HydCol/20250410_CM068781.1_ROH_Results.txt
        gzip sharks/HydCol/MSMC/ROH_Negative_Mask/HydCol_CM068781.1_ROH_Mask.bed
        
        (one of the commands exited with non-zero exit code; note that snakemake uses bash strict mode!)
    external_jobid: 10033969

[Wed May 28 16:39:32 2025]
Error in rule GEN_ROH_NEGATIVE_MASK:
    message: SLURM-job '10033970' failed, SLURM status is: 'FAILED'. For further error details see the cluster/cloud log and the log files of the involved rule(s).
    jobid: 371
    input: sharks/HydCol/20250410_CM068774.1_ROH_Results.txt
    output: sharks/HydCol/MSMC/ROH_Negative_Mask/HydCol_CM068774.1_ROH_Mask.bed.gz
    log: /rds/project/rds-p67MZilb2eQ/projects/VGP/heterozygosity/.snakemake/slurm_logs/rule_GEN_ROH_NEGATIVE_MASK/sharks_HydCol_CM068774.1/10033970.log (check log file(s) for error details)
    shell:
        
        mkdir -p "sharks/HydCol/MSMC/ROH_Negative_Mask"
        python /rds/project/rds-p67MZilb2eQ/projects/VGP/heterozygosity/20250528_ROH_Masker.py sharks HydCol CM068774.1 sharks/HydCol/20250410_CM068774.1_ROH_Results.txt
        gzip sharks/HydCol/MSMC/ROH_Negative_Mask/HydCol_CM068774.1_ROH_Mask.bed
        
        (one of the commands exited with non-zero exit code; note that snakemake uses bash strict mode!)
    external_jobid: 10033970

[Wed May 28 16:39:32 2025]
Error in rule GEN_ROH_NEGATIVE_MASK:
    message: SLURM-job '10033971' failed, SLURM status is: 'FAILED'. For further error details see the cluster/cloud log and the log files of the involved rule(s).
    jobid: 364
    input: sharks/HydCol/20250410_CM068767.1_ROH_Results.txt
    output: sharks/HydCol/MSMC/ROH_Negative_Mask/HydCol_CM068767.1_ROH_Mask.bed.gz
    log: /rds/project/rds-p67MZilb2eQ/projects/VGP/heterozygosity/.snakemake/slurm_logs/rule_GEN_ROH_NEGATIVE_MASK/sharks_HydCol_CM068767.1/10033971.log (check log file(s) for error details)
    shell:
        
        mkdir -p "sharks/HydCol/MSMC/ROH_Negative_Mask"
        python /rds/project/rds-p67MZilb2eQ/projects/VGP/heterozygosity/20250528_ROH_Masker.py sharks HydCol CM068767.1 sharks/HydCol/20250410_CM068767.1_ROH_Results.txt
        gzip sharks/HydCol/MSMC/ROH_Negative_Mask/HydCol_CM068767.1_ROH_Mask.bed
        
        (one of the commands exited with non-zero exit code; note that snakemake uses bash strict mode!)
    external_jobid: 10033971

[Wed May 28 16:39:32 2025]
Error in rule GEN_ROH_NEGATIVE_MASK:
    message: SLURM-job '10033972' failed, SLURM status is: 'FAILED'. For further error details see the cluster/cloud log and the log files of the involved rule(s).
    jobid: 357
    input: sharks/HydCol/20250410_CM068760.1_ROH_Results.txt
    output: sharks/HydCol/MSMC/ROH_Negative_Mask/HydCol_CM068760.1_ROH_Mask.bed.gz
    log: /rds/project/rds-p67MZilb2eQ/projects/VGP/heterozygosity/.snakemake/slurm_logs/rule_GEN_ROH_NEGATIVE_MASK/sharks_HydCol_CM068760.1/10033972.log (check log file(s) for error details)
    shell:
        
        mkdir -p "sharks/HydCol/MSMC/ROH_Negative_Mask"
        python /rds/project/rds-p67MZilb2eQ/projects/VGP/heterozygosity/20250528_ROH_Masker.py sharks HydCol CM068760.1 sharks/HydCol/20250410_CM068760.1_ROH_Results.txt
        gzip sharks/HydCol/MSMC/ROH_Negative_Mask/HydCol_CM068760.1_ROH_Mask.bed
        
        (one of the commands exited with non-zero exit code; note that snakemake uses bash strict mode!)
    external_jobid: 10033972

[Wed May 28 16:39:32 2025]
Error in rule GEN_ROH_NEGATIVE_MASK:
    message: SLURM-job '10033973' failed, SLURM status is: 'FAILED'. For further error details see the cluster/cloud log and the log files of the involved rule(s).
    jobid: 350
    input: sharks/HydCol/20250410_CM068753.1_ROH_Results.txt
    output: sharks/HydCol/MSMC/ROH_Negative_Mask/HydCol_CM068753.1_ROH_Mask.bed.gz
    log: /rds/project/rds-p67MZilb2eQ/projects/VGP/heterozygosity/.snakemake/slurm_logs/rule_GEN_ROH_NEGATIVE_MASK/sharks_HydCol_CM068753.1/10033973.log (check log file(s) for error details)
    shell:
        
        mkdir -p "sharks/HydCol/MSMC/ROH_Negative_Mask"
        python /rds/project/rds-p67MZilb2eQ/projects/VGP/heterozygosity/20250528_ROH_Masker.py sharks HydCol CM068753.1 sharks/HydCol/20250410_CM068753.1_ROH_Results.txt
        gzip sharks/HydCol/MSMC/ROH_Negative_Mask/HydCol_CM068753.1_ROH_Mask.bed
        
        (one of the commands exited with non-zero exit code; note that snakemake uses bash strict mode!)
    external_jobid: 10033973

[Wed May 28 16:39:32 2025]
Error in rule GEN_ROH_NEGATIVE_MASK:
    message: SLURM-job '10033974' failed, SLURM status is: 'FAILED'. For further error details see the cluster/cloud log and the log files of the involved rule(s).
    jobid: 343
    input: sharks/HydCol/20250410_CM068746.1_ROH_Results.txt
    output: sharks/HydCol/MSMC/ROH_Negative_Mask/HydCol_CM068746.1_ROH_Mask.bed.gz
    log: /rds/project/rds-p67MZilb2eQ/projects/VGP/heterozygosity/.snakemake/slurm_logs/rule_GEN_ROH_NEGATIVE_MASK/sharks_HydCol_CM068746.1/10033974.log (check log file(s) for error details)
    shell:
        
        mkdir -p "sharks/HydCol/MSMC/ROH_Negative_Mask"
        python /rds/project/rds-p67MZilb2eQ/projects/VGP/heterozygosity/20250528_ROH_Masker.py sharks HydCol CM068746.1 sharks/HydCol/20250410_CM068746.1_ROH_Results.txt
        gzip sharks/HydCol/MSMC/ROH_Negative_Mask/HydCol_CM068746.1_ROH_Mask.bed
        
        (one of the commands exited with non-zero exit code; note that snakemake uses bash strict mode!)
    external_jobid: 10033974

[Wed May 28 16:39:32 2025]
Error in rule GEN_ROH_NEGATIVE_MASK:
    message: SLURM-job '10033975' failed, SLURM status is: 'FAILED'. For further error details see the cluster/cloud log and the log files of the involved rule(s).
    jobid: 372
    input: sharks/HydCol/20250410_CM068775.1_ROH_Results.txt
    output: sharks/HydCol/MSMC/ROH_Negative_Mask/HydCol_CM068775.1_ROH_Mask.bed.gz
    log: /rds/project/rds-p67MZilb2eQ/projects/VGP/heterozygosity/.snakemake/slurm_logs/rule_GEN_ROH_NEGATIVE_MASK/sharks_HydCol_CM068775.1/10033975.log (check log file(s) for error details)
    shell:
        
        mkdir -p "sharks/HydCol/MSMC/ROH_Negative_Mask"
        python /rds/project/rds-p67MZilb2eQ/projects/VGP/heterozygosity/20250528_ROH_Masker.py sharks HydCol CM068775.1 sharks/HydCol/20250410_CM068775.1_ROH_Results.txt
        gzip sharks/HydCol/MSMC/ROH_Negative_Mask/HydCol_CM068775.1_ROH_Mask.bed
        
        (one of the commands exited with non-zero exit code; note that snakemake uses bash strict mode!)
    external_jobid: 10033975

[Wed May 28 16:39:32 2025]
Error in rule GEN_ROH_NEGATIVE_MASK:
    message: SLURM-job '10033976' failed, SLURM status is: 'FAILED'. For further error details see the cluster/cloud log and the log files of the involved rule(s).
    jobid: 365
    input: sharks/HydCol/20250410_CM068768.1_ROH_Results.txt
    output: sharks/HydCol/MSMC/ROH_Negative_Mask/HydCol_CM068768.1_ROH_Mask.bed.gz
    log: /rds/project/rds-p67MZilb2eQ/projects/VGP/heterozygosity/.snakemake/slurm_logs/rule_GEN_ROH_NEGATIVE_MASK/sharks_HydCol_CM068768.1/10033976.log (check log file(s) for error details)
    shell:
        
        mkdir -p "sharks/HydCol/MSMC/ROH_Negative_Mask"
        python /rds/project/rds-p67MZilb2eQ/projects/VGP/heterozygosity/20250528_ROH_Masker.py sharks HydCol CM068768.1 sharks/HydCol/20250410_CM068768.1_ROH_Results.txt
        gzip sharks/HydCol/MSMC/ROH_Negative_Mask/HydCol_CM068768.1_ROH_Mask.bed
        
        (one of the commands exited with non-zero exit code; note that snakemake uses bash strict mode!)
    external_jobid: 10033976

[Wed May 28 16:39:32 2025]
Error in rule GEN_ROH_NEGATIVE_MASK:
    message: SLURM-job '10033977' failed, SLURM status is: 'FAILED'. For further error details see the cluster/cloud log and the log files of the involved rule(s).
    jobid: 358
    input: sharks/HydCol/20250410_CM068761.1_ROH_Results.txt
    output: sharks/HydCol/MSMC/ROH_Negative_Mask/HydCol_CM068761.1_ROH_Mask.bed.gz
    log: /rds/project/rds-p67MZilb2eQ/projects/VGP/heterozygosity/.snakemake/slurm_logs/rule_GEN_ROH_NEGATIVE_MASK/sharks_HydCol_CM068761.1/10033977.log (check log file(s) for error details)
    shell:
        
        mkdir -p "sharks/HydCol/MSMC/ROH_Negative_Mask"
        python /rds/project/rds-p67MZilb2eQ/projects/VGP/heterozygosity/20250528_ROH_Masker.py sharks HydCol CM068761.1 sharks/HydCol/20250410_CM068761.1_ROH_Results.txt
        gzip sharks/HydCol/MSMC/ROH_Negative_Mask/HydCol_CM068761.1_ROH_Mask.bed
        
        (one of the commands exited with non-zero exit code; note that snakemake uses bash strict mode!)
    external_jobid: 10033977

[Wed May 28 16:39:32 2025]
Error in rule GEN_ROH_NEGATIVE_MASK:
    message: SLURM-job '10033980' failed, SLURM status is: 'FAILED'. For further error details see the cluster/cloud log and the log files of the involved rule(s).
    jobid: 370
    input: sharks/HydCol/20250410_CM068773.1_ROH_Results.txt
    output: sharks/HydCol/MSMC/ROH_Negative_Mask/HydCol_CM068773.1_ROH_Mask.bed.gz
    log: /rds/project/rds-p67MZilb2eQ/projects/VGP/heterozygosity/.snakemake/slurm_logs/rule_GEN_ROH_NEGATIVE_MASK/sharks_HydCol_CM068773.1/10033980.log (check log file(s) for error details)
    shell:
        
        mkdir -p "sharks/HydCol/MSMC/ROH_Negative_Mask"
        python /rds/project/rds-p67MZilb2eQ/projects/VGP/heterozygosity/20250528_ROH_Masker.py sharks HydCol CM068773.1 sharks/HydCol/20250410_CM068773.1_ROH_Results.txt
        gzip sharks/HydCol/MSMC/ROH_Negative_Mask/HydCol_CM068773.1_ROH_Mask.bed
        
        (one of the commands exited with non-zero exit code; note that snakemake uses bash strict mode!)
    external_jobid: 10033980

[Wed May 28 16:39:32 2025]
Error in rule GEN_ROH_NEGATIVE_MASK:
    message: SLURM-job '10033981' failed, SLURM status is: 'FAILED'. For further error details see the cluster/cloud log and the log files of the involved rule(s).
    jobid: 351
    input: sharks/HydCol/20250410_CM068754.1_ROH_Results.txt
    output: sharks/HydCol/MSMC/ROH_Negative_Mask/HydCol_CM068754.1_ROH_Mask.bed.gz
    log: /rds/project/rds-p67MZilb2eQ/projects/VGP/heterozygosity/.snakemake/slurm_logs/rule_GEN_ROH_NEGATIVE_MASK/sharks_HydCol_CM068754.1/10033981.log (check log file(s) for error details)
    shell:
        
        mkdir -p "sharks/HydCol/MSMC/ROH_Negative_Mask"
        python /rds/project/rds-p67MZilb2eQ/projects/VGP/heterozygosity/20250528_ROH_Masker.py sharks HydCol CM068754.1 sharks/HydCol/20250410_CM068754.1_ROH_Results.txt
        gzip sharks/HydCol/MSMC/ROH_Negative_Mask/HydCol_CM068754.1_ROH_Mask.bed
        
        (one of the commands exited with non-zero exit code; note that snakemake uses bash strict mode!)
    external_jobid: 10033981

[Wed May 28 16:39:32 2025]
Error in rule GEN_ROH_NEGATIVE_MASK:
    message: SLURM-job '10033982' failed, SLURM status is: 'FAILED'. For further error details see the cluster/cloud log and the log files of the involved rule(s).
    jobid: 376
    input: sharks/HydCol/20250410_CM068779.1_ROH_Results.txt
    output: sharks/HydCol/MSMC/ROH_Negative_Mask/HydCol_CM068779.1_ROH_Mask.bed.gz
    log: /rds/project/rds-p67MZilb2eQ/projects/VGP/heterozygosity/.snakemake/slurm_logs/rule_GEN_ROH_NEGATIVE_MASK/sharks_HydCol_CM068779.1/10033982.log (check log file(s) for error details)
    shell:
        
        mkdir -p "sharks/HydCol/MSMC/ROH_Negative_Mask"
        python /rds/project/rds-p67MZilb2eQ/projects/VGP/heterozygosity/20250528_ROH_Masker.py sharks HydCol CM068779.1 sharks/HydCol/20250410_CM068779.1_ROH_Results.txt
        gzip sharks/HydCol/MSMC/ROH_Negative_Mask/HydCol_CM068779.1_ROH_Mask.bed
        
        (one of the commands exited with non-zero exit code; note that snakemake uses bash strict mode!)
    external_jobid: 10033982

[Wed May 28 16:39:32 2025]
Error in rule GEN_ROH_NEGATIVE_MASK:
    message: SLURM-job '10033983' failed, SLURM status is: 'FAILED'. For further error details see the cluster/cloud log and the log files of the involved rule(s).
    jobid: 369
    input: sharks/HydCol/20250410_CM068772.1_ROH_Results.txt
    output: sharks/HydCol/MSMC/ROH_Negative_Mask/HydCol_CM068772.1_ROH_Mask.bed.gz
    log: /rds/project/rds-p67MZilb2eQ/projects/VGP/heterozygosity/.snakemake/slurm_logs/rule_GEN_ROH_NEGATIVE_MASK/sharks_HydCol_CM068772.1/10033983.log (check log file(s) for error details)
    shell:
        
        mkdir -p "sharks/HydCol/MSMC/ROH_Negative_Mask"
        python /rds/project/rds-p67MZilb2eQ/projects/VGP/heterozygosity/20250528_ROH_Masker.py sharks HydCol CM068772.1 sharks/HydCol/20250410_CM068772.1_ROH_Results.txt
        gzip sharks/HydCol/MSMC/ROH_Negative_Mask/HydCol_CM068772.1_ROH_Mask.bed
        
        (one of the commands exited with non-zero exit code; note that snakemake uses bash strict mode!)
    external_jobid: 10033983

[Wed May 28 16:39:32 2025]
Error in rule GEN_ROH_NEGATIVE_MASK:
    message: SLURM-job '10033984' failed, SLURM status is: 'FAILED'. For further error details see the cluster/cloud log and the log files of the involved rule(s).
    jobid: 362
    input: sharks/HydCol/20250410_CM068765.1_ROH_Results.txt
    output: sharks/HydCol/MSMC/ROH_Negative_Mask/HydCol_CM068765.1_ROH_Mask.bed.gz
    log: /rds/project/rds-p67MZilb2eQ/projects/VGP/heterozygosity/.snakemake/slurm_logs/rule_GEN_ROH_NEGATIVE_MASK/sharks_HydCol_CM068765.1/10033984.log (check log file(s) for error details)
    shell:
        
        mkdir -p "sharks/HydCol/MSMC/ROH_Negative_Mask"
        python /rds/project/rds-p67MZilb2eQ/projects/VGP/heterozygosity/20250528_ROH_Masker.py sharks HydCol CM068765.1 sharks/HydCol/20250410_CM068765.1_ROH_Results.txt
        gzip sharks/HydCol/MSMC/ROH_Negative_Mask/HydCol_CM068765.1_ROH_Mask.bed
        
        (one of the commands exited with non-zero exit code; note that snakemake uses bash strict mode!)
    external_jobid: 10033984

[Wed May 28 16:39:32 2025]
Error in rule GEN_ROH_NEGATIVE_MASK:
    message: SLURM-job '10033985' failed, SLURM status is: 'FAILED'. For further error details see the cluster/cloud log and the log files of the involved rule(s).
    jobid: 355
    input: sharks/HydCol/20250410_CM068758.1_ROH_Results.txt
    output: sharks/HydCol/MSMC/ROH_Negative_Mask/HydCol_CM068758.1_ROH_Mask.bed.gz
    log: /rds/project/rds-p67MZilb2eQ/projects/VGP/heterozygosity/.snakemake/slurm_logs/rule_GEN_ROH_NEGATIVE_MASK/sharks_HydCol_CM068758.1/10033985.log (check log file(s) for error details)
    shell:
        
        mkdir -p "sharks/HydCol/MSMC/ROH_Negative_Mask"
        python /rds/project/rds-p67MZilb2eQ/projects/VGP/heterozygosity/20250528_ROH_Masker.py sharks HydCol CM068758.1 sharks/HydCol/20250410_CM068758.1_ROH_Results.txt
        gzip sharks/HydCol/MSMC/ROH_Negative_Mask/HydCol_CM068758.1_ROH_Mask.bed
        
        (one of the commands exited with non-zero exit code; note that snakemake uses bash strict mode!)
    external_jobid: 10033985

[Wed May 28 16:39:32 2025]
Error in rule GEN_ROH_NEGATIVE_MASK:
    message: SLURM-job '10033986' failed, SLURM status is: 'FAILED'. For further error details see the cluster/cloud log and the log files of the involved rule(s).
    jobid: 348
    input: sharks/HydCol/20250410_CM068751.1_ROH_Results.txt
    output: sharks/HydCol/MSMC/ROH_Negative_Mask/HydCol_CM068751.1_ROH_Mask.bed.gz
    log: /rds/project/rds-p67MZilb2eQ/projects/VGP/heterozygosity/.snakemake/slurm_logs/rule_GEN_ROH_NEGATIVE_MASK/sharks_HydCol_CM068751.1/10033986.log (check log file(s) for error details)
    shell:
        
        mkdir -p "sharks/HydCol/MSMC/ROH_Negative_Mask"
        python /rds/project/rds-p67MZilb2eQ/projects/VGP/heterozygosity/20250528_ROH_Masker.py sharks HydCol CM068751.1 sharks/HydCol/20250410_CM068751.1_ROH_Results.txt
        gzip sharks/HydCol/MSMC/ROH_Negative_Mask/HydCol_CM068751.1_ROH_Mask.bed
        
        (one of the commands exited with non-zero exit code; note that snakemake uses bash strict mode!)
    external_jobid: 10033986

[Wed May 28 16:39:32 2025]
Error in rule GEN_ROH_NEGATIVE_MASK:
    message: SLURM-job '10033987' failed, SLURM status is: 'FAILED'. For further error details see the cluster/cloud log and the log files of the involved rule(s).
    jobid: 373
    input: sharks/HydCol/20250410_CM068776.1_ROH_Results.txt
    output: sharks/HydCol/MSMC/ROH_Negative_Mask/HydCol_CM068776.1_ROH_Mask.bed.gz
    log: /rds/project/rds-p67MZilb2eQ/projects/VGP/heterozygosity/.snakemake/slurm_logs/rule_GEN_ROH_NEGATIVE_MASK/sharks_HydCol_CM068776.1/10033987.log (check log file(s) for error details)
    shell:
        
        mkdir -p "sharks/HydCol/MSMC/ROH_Negative_Mask"
        python /rds/project/rds-p67MZilb2eQ/projects/VGP/heterozygosity/20250528_ROH_Masker.py sharks HydCol CM068776.1 sharks/HydCol/20250410_CM068776.1_ROH_Results.txt
        gzip sharks/HydCol/MSMC/ROH_Negative_Mask/HydCol_CM068776.1_ROH_Mask.bed
        
        (one of the commands exited with non-zero exit code; note that snakemake uses bash strict mode!)
    external_jobid: 10033987

[Wed May 28 16:39:32 2025]
Error in rule GEN_ROH_NEGATIVE_MASK:
    message: SLURM-job '10033988' failed, SLURM status is: 'FAILED'. For further error details see the cluster/cloud log and the log files of the involved rule(s).
    jobid: 341
    input: sharks/HydCol/20250410_CM068744.1_ROH_Results.txt
    output: sharks/HydCol/MSMC/ROH_Negative_Mask/HydCol_CM068744.1_ROH_Mask.bed.gz
    log: /rds/project/rds-p67MZilb2eQ/projects/VGP/heterozygosity/.snakemake/slurm_logs/rule_GEN_ROH_NEGATIVE_MASK/sharks_HydCol_CM068744.1/10033988.log (check log file(s) for error details)
    shell:
        
        mkdir -p "sharks/HydCol/MSMC/ROH_Negative_Mask"
        python /rds/project/rds-p67MZilb2eQ/projects/VGP/heterozygosity/20250528_ROH_Masker.py sharks HydCol CM068744.1 sharks/HydCol/20250410_CM068744.1_ROH_Results.txt
        gzip sharks/HydCol/MSMC/ROH_Negative_Mask/HydCol_CM068744.1_ROH_Mask.bed
        
        (one of the commands exited with non-zero exit code; note that snakemake uses bash strict mode!)
    external_jobid: 10033988

[Wed May 28 16:39:32 2025]
Error in rule GEN_ROH_NEGATIVE_MASK:
    message: SLURM-job '10033989' failed, SLURM status is: 'FAILED'. For further error details see the cluster/cloud log and the log files of the involved rule(s).
    jobid: 377
    input: sharks/HydCol/20250410_CM068780.1_ROH_Results.txt
    output: sharks/HydCol/MSMC/ROH_Negative_Mask/HydCol_CM068780.1_ROH_Mask.bed.gz
    log: /rds/project/rds-p67MZilb2eQ/projects/VGP/heterozygosity/.snakemake/slurm_logs/rule_GEN_ROH_NEGATIVE_MASK/sharks_HydCol_CM068780.1/10033989.log (check log file(s) for error details)
    shell:
        
        mkdir -p "sharks/HydCol/MSMC/ROH_Negative_Mask"
        python /rds/project/rds-p67MZilb2eQ/projects/VGP/heterozygosity/20250528_ROH_Masker.py sharks HydCol CM068780.1 sharks/HydCol/20250410_CM068780.1_ROH_Results.txt
        gzip sharks/HydCol/MSMC/ROH_Negative_Mask/HydCol_CM068780.1_ROH_Mask.bed
        
        (one of the commands exited with non-zero exit code; note that snakemake uses bash strict mode!)
    external_jobid: 10033989

Exiting because a job execution failed. Look above for error message
Complete log: .snakemake/log/2025-05-28T163706.569470.snakemake.log
WorkflowError:
At least one job did not complete successfully.
