host: login-p-3
Building DAG of jobs...
IncompleteFilesException:
The files below seem to be incomplete. If you are sure that certain files are not incomplete, mark them as complete with

    snakemake --cleanup-metadata <filenames>

To re-generate the files rerun your command with the --rerun-incomplete flag.
Incomplete files:
sharks/HetFra/20250411_CM070962.1_het.txt
sharks/HetFra/20250411_CM070963.1_het.txt
sharks/HetFra/20250411_CM070964.1_het.txt
sharks/HetFra/20250411_CM070966.1_het.txt
sharks/HetFra/20250411_CM070967.1_het.txt
sharks/HetFra/20250411_CM070968.1_het.txt
sharks/HetFra/20250411_CM070969.1_het.txt
sharks/HetFra/20250411_CM070970.1_het.txt
sharks/HetFra/20250411_CM070971.1_het.txt
sharks/HetFra/20250411_CM070974.1_het.txt
sharks/HetFra/20250411_CM070975.1_het.txt
sharks/HetFra/20250411_CM070976.1_het.txt
sharks/HetFra/20250411_CM070977.1_het.txt
sharks/HetFra/20250411_CM070978.1_het.txt
sharks/HetFra/20250411_CM070980.1_het.txt
sharks/HetFra/20250411_CM070981.1_het.txt
sharks/HetFra/20250411_CM070983.1_het.txt
sharks/HetFra/20250411_CM070984.1_het.txt
sharks/HetFra/20250411_CM070985.1_het.txt
sharks/HetFra/20250411_CM070987.1_het.txt
sharks/HetFra/20250411_CM070988.1_het.txt
sharks/HetFra/20250411_CM070989.1_het.txt
sharks/HetFra/20250411_CM070990.1_het.txt
sharks/HetFra/20250411_CM070991.1_het.txt
sharks/HetFra/20250411_CM070992.1_het.txt
sharks/HetFra/20250411_CM070994.1_het.txt
sharks/HetFra/20250411_CM070995.1_het.txt
sharks/HetFra/20250411_CM070996.1_het.txt
sharks/HetFra/20250411_CM070997.1_het.txt
sharks/HetFra/20250411_CM070998.1_het.txt
sharks/HetFra/20250411_CM071001.1_het.txt
sharks/HetFra/20250411_CM071002.1_het.txt
sharks/HetFra/20250411_CM071004.1_het.txt
sharks/HetFra/20250411_CM071005.1_het.txt
sharks/HetFra/20250411_CM071006.1_het.txt
sharks/HetFra/20250411_CM071008.1_het.txt
sharks/HetFra/20250411_CM071009.1_het.txt
sharks/HetFra/20250411_CM071010.1_het.txt
sharks/HetFra/20250411_CM071011.1_het.txt
sharks/HetFra/20250411_CM071012.1_het.txt
