host: login-q-3
Building DAG of jobs...
Using shell: /usr/bin/bash
Provided cores: 76
Rules claiming more threads will be scaled down.
Job stats:
job                    count
-------------------  -------
FILTER_PAF_CHR_ONLY        1
PAF_CS                     1
SORT_PAF                   1
all                        1
total                      4

Select jobs to execute...
Execute 1 jobs...

[Fri Apr  4 14:50:44 2025]
localrule SORT_PAF:
    input: sharks/HydCol_Test2/HydCol_Test2_FASTGA.paf
    output: sharks/HydCol_Test2/HydCol_Test2_FASTGA.srt.paf
    jobid: 3
    reason: Missing output files: sharks/HydCol_Test2/HydCol_Test2_FASTGA.srt.paf
    resources: tmpdir=/tmp

[Fri Apr  4 14:51:40 2025]
Finished job 3.
1 of 4 steps (25%) done
Select jobs to execute...
Execute 1 jobs...

[Fri Apr  4 14:51:40 2025]
localrule FILTER_PAF_CHR_ONLY:
    input: sharks/HydCol_Test2/HydCol_Test2_FASTGA.srt.paf
    output: sharks/HydCol_Test2/HydCol_Test2_FASTGA_Filtered_Chr_Only.paf
    jobid: 2
    reason: Missing output files: sharks/HydCol_Test2/HydCol_Test2_FASTGA_Filtered_Chr_Only.paf; Input files updated by another job: sharks/HydCol_Test2/HydCol_Test2_FASTGA.srt.paf; Set of input files has changed since last execution
    resources: tmpdir=/tmp

[Fri Apr  4 14:51:41 2025]
Finished job 2.
2 of 4 steps (50%) done
Select jobs to execute...
Execute 1 jobs...

[Fri Apr  4 14:51:41 2025]
localrule PAF_CS:
    input: sharks/HydCol_Test2/HydCol_Test2_FASTGA_Filtered_Chr_Only.paf
    output: sharks/HydCol_Test2/HydCol_Test2_FASTGA_Updated.paf
    jobid: 1
    reason: Missing output files: sharks/HydCol_Test2/HydCol_Test2_FASTGA_Updated.paf; Input files updated by another job: sharks/HydCol_Test2/HydCol_Test2_FASTGA_Filtered_Chr_Only.paf
    resources: tmpdir=/tmp

[Fri Apr  4 14:52:13 2025]
Finished job 1.
3 of 4 steps (75%) done
Select jobs to execute...
Execute 1 jobs...

[Fri Apr  4 14:52:13 2025]
localrule all:
    input: sharks/HydCol_Test2/HydCol_Test2_FASTGA_Updated.paf
    jobid: 0
    reason: Input files updated by another job: sharks/HydCol_Test2/HydCol_Test2_FASTGA_Updated.paf
    resources: tmpdir=/tmp

[Fri Apr  4 14:52:13 2025]
Finished job 0.
4 of 4 steps (100%) done
Complete log: .snakemake/log/2025-04-04T145044.375309.snakemake.log
