host: login-q-4
Building DAG of jobs...
IncompleteFilesException:
The files below seem to be incomplete. If you are sure that certain files are not incomplete, mark them as complete with

    snakemake --cleanup-metadata <filenames>

To re-generate the files rerun your command with the --rerun-incomplete flag.
Incomplete files:
sharks/HepPer/HepPer.bam
sharks/HepPer/MSMC/Output_bam_caller_BED/CM068637.1_unmodified_bed.txt.gz
sharks/HepPer/temp/CM068637.1_only_snps.vcf.bgz
sharks/HepPer/MSMC/Output_bam_caller_BED/CM068640.1_unmodified_bed.txt.gz
sharks/HepPer/temp/CM068640.1_only_snps.vcf.bgz
sharks/HepPer/MSMC/Output_bam_caller_BED/CM068641.1_unmodified_bed.txt.gz
sharks/HepPer/temp/CM068641.1_only_snps.vcf.bgz
sharks/HepPer/MSMC/Output_bam_caller_BED/CM068642.1_unmodified_bed.txt.gz
sharks/HepPer/temp/CM068642.1_only_snps.vcf.bgz
sharks/HepPer/MSMC/Output_bam_caller_BED/CM068643.1_unmodified_bed.txt.gz
sharks/HepPer/temp/CM068643.1_only_snps.vcf.bgz
sharks/HepPer/MSMC/Output_bam_caller_BED/CM068645.1_unmodified_bed.txt.gz
sharks/HepPer/temp/CM068645.1_only_snps.vcf.bgz
sharks/HepPer/temp/CM068646.1_restructured.vcf.gz
sharks/HepPer/MSMC/Output_bam_caller_BED/CM068647.1_unmodified_bed.txt.gz
sharks/HepPer/temp/CM068647.1_only_snps.vcf.bgz
sharks/HepPer/MSMC/Output_bam_caller_BED/CM068648.1_unmodified_bed.txt.gz
sharks/HepPer/temp/CM068648.1_only_snps.vcf.bgz
sharks/HepPer/MSMC/Output_bam_caller_BED/CM068649.1_unmodified_bed.txt.gz
sharks/HepPer/temp/CM068649.1_only_snps.vcf.bgz
sharks/HepPer/temp/CM068651.1_restructured.vcf.gz
sharks/HepPer/MSMC/Output_bam_caller_BED/CM068652.1_unmodified_bed.txt.gz
sharks/HepPer/temp/CM068652.1_only_snps.vcf.bgz
sharks/HepPer/MSMC/Output_bam_caller_BED/CM068655.1_unmodified_bed.txt.gz
sharks/HepPer/temp/CM068655.1_only_snps.vcf.bgz
sharks/HepPer/MSMC/Output_bam_caller_BED/CM068656.1_unmodified_bed.txt.gz
sharks/HepPer/temp/CM068656.1_only_snps.vcf.bgz
sharks/HepPer/MSMC/Output_bam_caller_BED/CM068657.1_unmodified_bed.txt.gz
sharks/HepPer/temp/CM068657.1_only_snps.vcf.bgz
sharks/HepPer/MSMC/Output_bam_caller_BED/CM068661.1_unmodified_bed.txt.gz
sharks/HepPer/temp/CM068661.1_only_snps.vcf.bgz
sharks/HepPer/MSMC/Output_bam_caller_BED/CM068662.1_unmodified_bed.txt.gz
sharks/HepPer/temp/CM068662.1_only_snps.vcf.bgz
sharks/HepPer/MSMC/Output_bam_caller_BED/CM068663.1_unmodified_bed.txt.gz
sharks/HepPer/temp/CM068663.1_only_snps.vcf.bgz
sharks/HepPer/MSMC/Output_bam_caller_BED/CM068664.1_unmodified_bed.txt.gz
sharks/HepPer/temp/CM068664.1_only_snps.vcf.bgz
sharks/HepPer/MSMC/Output_bam_caller_BED/CM068665.1_unmodified_bed.txt.gz
sharks/HepPer/temp/CM068665.1_only_snps.vcf.bgz
sharks/HepPer/MSMC/Output_bam_caller_BED/CM068668.1_unmodified_bed.txt.gz
sharks/HepPer/temp/CM068668.1_only_snps.vcf.bgz
sharks/HepPer/MSMC/Output_bam_caller_BED/CM068669.1_unmodified_bed.txt.gz
sharks/HepPer/temp/CM068669.1_only_snps.vcf.bgz
sharks/HepPer/MSMC/Output_bam_caller_BED/CM068670.1_unmodified_bed.txt.gz
sharks/HepPer/temp/CM068670.1_only_snps.vcf.bgz
sharks/HepPer/MSMC/Output_bam_caller_BED/CM068671.1_unmodified_bed.txt.gz
sharks/HepPer/temp/CM068671.1_only_snps.vcf.bgz
sharks/HepPer/MSMC/Output_bam_caller_BED/CM068672.1_unmodified_bed.txt.gz
sharks/HepPer/temp/CM068672.1_only_snps.vcf.bgz
sharks/HepPer/MSMC/Output_bam_caller_BED/CM068673.1_unmodified_bed.txt.gz
sharks/HepPer/temp/CM068673.1_only_snps.vcf.bgz
sharks/HepPer/temp/CM068674.1_restructured.vcf.gz
sharks/HepPer/temp/CM068675.1_restructured.vcf.gz
sharks/HepPer/MSMC/Output_bam_caller_BED/CM068676.1_unmodified_bed.txt.gz
sharks/HepPer/temp/CM068676.1_only_snps.vcf.bgz
sharks/HepPer/MSMC/Output_bam_caller_BED/CM068677.1_unmodified_bed.txt.gz
sharks/HepPer/temp/CM068677.1_only_snps.vcf.bgz
sharks/HepPer/MSMC/Output_bam_caller_BED/CM068680.1_unmodified_bed.txt.gz
sharks/HepPer/temp/CM068680.1_only_snps.vcf.bgz
sharks/HepPer/temp/CM068638.1_only_snps.vcf.bgz.tbi
sharks/HepPer/temp/CM068639.1_only_snps.vcf.bgz.tbi
sharks/HepPer/temp/CM068651.1_only_snps.vcf.bgz.tbi
sharks/HepPer/temp/CM068666.1_only_snps.vcf.bgz.tbi
sharks/HepPer/temp/CM068667.1_only_snps.vcf.bgz.tbi
sharks/HepPer/temp/CM068674.1_only_snps.vcf.bgz.tbi
sharks/HepPer/temp/CM068675.1_only_snps.vcf.bgz.tbi
sharks/HepPer/MSMC/Output_indel_BED_file/CM068637.1_indel_bed.txt
sharks/HepPer/MSMC/Output_indel_BED_file/CM068639.1_indel_bed.txt
sharks/HepPer/MSMC/Output_indel_BED_file/CM068642.1_indel_bed.txt
sharks/HepPer/MSMC/Output_indel_BED_file/CM068645.1_indel_bed.txt
sharks/HepPer/MSMC/Output_indel_BED_file/CM068646.1_indel_bed.txt
sharks/HepPer/MSMC/Output_indel_BED_file/CM068649.1_indel_bed.txt
sharks/HepPer/MSMC/Output_indel_BED_file/CM068650.1_indel_bed.txt
sharks/HepPer/MSMC/Output_indel_BED_file/CM068651.1_indel_bed.txt
sharks/HepPer/MSMC/Output_indel_BED_file/CM068652.1_indel_bed.txt
sharks/HepPer/MSMC/Output_indel_BED_file/CM068655.1_indel_bed.txt
sharks/HepPer/MSMC/Output_indel_BED_file/CM068656.1_indel_bed.txt
sharks/HepPer/MSMC/Output_indel_BED_file/CM068657.1_indel_bed.txt
sharks/HepPer/MSMC/Output_indel_BED_file/CM068658.1_indel_bed.txt
sharks/HepPer/MSMC/Output_indel_BED_file/CM068659.1_indel_bed.txt
sharks/HepPer/MSMC/Output_indel_BED_file/CM068663.1_indel_bed.txt
sharks/HepPer/MSMC/Output_indel_BED_file/CM068664.1_indel_bed.txt
sharks/HepPer/MSMC/Output_indel_BED_file/CM068665.1_indel_bed.txt
sharks/HepPer/MSMC/Output_indel_BED_file/CM068667.1_indel_bed.txt
sharks/HepPer/MSMC/Output_indel_BED_file/CM068670.1_indel_bed.txt
sharks/HepPer/MSMC/Output_indel_BED_file/CM068677.1_indel_bed.txt
sharks/HepPer/MSMC/Output_indel_BED_file/CM068678.1_indel_bed.txt
sharks/HepPer/MSMC/Output_indel_BED_file/CM068679.1_indel_bed.txt
sharks/HepPer/MSMC/Output_bam_caller_BED/CM068638.1_modified_bed.txt.gz
sharks/HepPer/MSMC/Output_bam_caller_BED/CM068639.1_modified_bed.txt.gz
sharks/HepPer/MSMC/Output_bam_caller_BED/CM068646.1_modified_bed.txt.gz
sharks/HepPer/MSMC/Output_bam_caller_BED/CM068660.1_modified_bed.txt.gz
sharks/HepPer/MSMC/Output_bam_caller_BED/CM068666.1_modified_bed.txt.gz
sharks/HepPer/MSMC/Output_bam_caller_BED/CM068667.1_modified_bed.txt.gz
sharks/HepPer/MSMC/Output_bam_caller_BED/CM068674.1_modified_bed.txt.gz
sharks/HepPer/MSMC/Output_bam_caller_BED/CM068675.1_modified_bed.txt.gz
