host: login-p-3
Building DAG of jobs...
SLURM run ID: ec381eb3-5970-469a-8a49-9bf316e39cb3
Using shell: /usr/bin/bash
Provided remote nodes: 10
Job stats:
job         count
--------  -------
ROH_CALC       12
all             1
total          13

Select jobs to execute...
Execute 10 jobs...

[Fri Apr 25 10:13:17 2025]
rule ROH_CALC:
    input: sharks/HetFra/temp/20250411_CM070965.1_Aln_Only.txt, sharks/HetFra/temp/20250411_CM070965.1_Var_Only.txt, sharks/HetFra/Reference_HetFra_Chroms_Lengths.txt
    output: sharks/HetFra/20250411_CM070965.1_ROH_Results.txt
    jobid: 119
    reason: Missing output files: sharks/HetFra/20250411_CM070965.1_ROH_Results.txt
    wildcards: CLADE=sharks, SPEC_NAME=HetFra, TODAY_DATE=20250411, CHR=CM070965.1
    resources: mem_mb=100000, mem_mib=95368, disk_mb=1000, disk_mib=954, tmpdir=<TBD>, slurm_account=DURBIN-SL2-CPU, slurm_partition=cclake, runtime=120

Job 119 has been submitted with SLURM jobid 8736033 (log: /rds/project/rds-p67MZilb2eQ/projects/VGP/heterozygosity/.snakemake/slurm_logs/rule_ROH_CALC/sharks_HetFra_20250411_CM070965.1/8736033.log).

[Fri Apr 25 10:13:17 2025]
rule ROH_CALC:
    input: sharks/HetFra/temp/20250411_CM070969.1_Aln_Only.txt, sharks/HetFra/temp/20250411_CM070969.1_Var_Only.txt, sharks/HetFra/Reference_HetFra_Chroms_Lengths.txt
    output: sharks/HetFra/20250411_CM070969.1_ROH_Results.txt
    jobid: 123
    reason: Missing output files: sharks/HetFra/20250411_CM070969.1_ROH_Results.txt
    wildcards: CLADE=sharks, SPEC_NAME=HetFra, TODAY_DATE=20250411, CHR=CM070969.1
    resources: mem_mb=100000, mem_mib=95368, disk_mb=1000, disk_mib=954, tmpdir=<TBD>, slurm_account=DURBIN-SL2-CPU, slurm_partition=cclake, runtime=120

Job 123 has been submitted with SLURM jobid 8736034 (log: /rds/project/rds-p67MZilb2eQ/projects/VGP/heterozygosity/.snakemake/slurm_logs/rule_ROH_CALC/sharks_HetFra_20250411_CM070969.1/8736034.log).

[Fri Apr 25 10:13:17 2025]
rule ROH_CALC:
    input: sharks/HetFra/temp/20250411_CM071009.1_Aln_Only.txt, sharks/HetFra/temp/20250411_CM071009.1_Var_Only.txt, sharks/HetFra/Reference_HetFra_Chroms_Lengths.txt
    output: sharks/HetFra/20250411_CM071009.1_ROH_Results.txt
    jobid: 163
    reason: Missing output files: sharks/HetFra/20250411_CM071009.1_ROH_Results.txt
    wildcards: CLADE=sharks, SPEC_NAME=HetFra, TODAY_DATE=20250411, CHR=CM071009.1
    resources: mem_mb=100000, mem_mib=95368, disk_mb=1000, disk_mib=954, tmpdir=<TBD>, slurm_account=DURBIN-SL2-CPU, slurm_partition=cclake, runtime=120

Job 163 has been submitted with SLURM jobid 8736035 (log: /rds/project/rds-p67MZilb2eQ/projects/VGP/heterozygosity/.snakemake/slurm_logs/rule_ROH_CALC/sharks_HetFra_20250411_CM071009.1/8736035.log).

[Fri Apr 25 10:13:17 2025]
rule ROH_CALC:
    input: sharks/HetFra/temp/20250411_CM070978.1_Aln_Only.txt, sharks/HetFra/temp/20250411_CM070978.1_Var_Only.txt, sharks/HetFra/Reference_HetFra_Chroms_Lengths.txt
    output: sharks/HetFra/20250411_CM070978.1_ROH_Results.txt
    jobid: 132
    reason: Missing output files: sharks/HetFra/20250411_CM070978.1_ROH_Results.txt
    wildcards: CLADE=sharks, SPEC_NAME=HetFra, TODAY_DATE=20250411, CHR=CM070978.1
    resources: mem_mb=100000, mem_mib=95368, disk_mb=1000, disk_mib=954, tmpdir=<TBD>, slurm_account=DURBIN-SL2-CPU, slurm_partition=cclake, runtime=120

Job 132 has been submitted with SLURM jobid 8736036 (log: /rds/project/rds-p67MZilb2eQ/projects/VGP/heterozygosity/.snakemake/slurm_logs/rule_ROH_CALC/sharks_HetFra_20250411_CM070978.1/8736036.log).

[Fri Apr 25 10:13:19 2025]
rule ROH_CALC:
    input: sharks/HetFra/temp/20250411_CM070962.1_Aln_Only.txt, sharks/HetFra/temp/20250411_CM070962.1_Var_Only.txt, sharks/HetFra/Reference_HetFra_Chroms_Lengths.txt
    output: sharks/HetFra/20250411_CM070962.1_ROH_Results.txt
    jobid: 115
    reason: Missing output files: sharks/HetFra/20250411_CM070962.1_ROH_Results.txt
    wildcards: CLADE=sharks, SPEC_NAME=HetFra, TODAY_DATE=20250411, CHR=CM070962.1
    resources: mem_mb=100000, mem_mib=95368, disk_mb=1000, disk_mib=954, tmpdir=<TBD>, slurm_account=DURBIN-SL2-CPU, slurm_partition=cclake, runtime=120

Job 115 has been submitted with SLURM jobid 8736037 (log: /rds/project/rds-p67MZilb2eQ/projects/VGP/heterozygosity/.snakemake/slurm_logs/rule_ROH_CALC/sharks_HetFra_20250411_CM070962.1/8736037.log).

[Fri Apr 25 10:13:20 2025]
rule ROH_CALC:
    input: sharks/HetFra/temp/20250411_CM071002.1_Aln_Only.txt, sharks/HetFra/temp/20250411_CM071002.1_Var_Only.txt, sharks/HetFra/Reference_HetFra_Chroms_Lengths.txt
    output: sharks/HetFra/20250411_CM071002.1_ROH_Results.txt
    jobid: 156
    reason: Missing output files: sharks/HetFra/20250411_CM071002.1_ROH_Results.txt
    wildcards: CLADE=sharks, SPEC_NAME=HetFra, TODAY_DATE=20250411, CHR=CM071002.1
    resources: mem_mb=100000, mem_mib=95368, disk_mb=1000, disk_mib=954, tmpdir=<TBD>, slurm_account=DURBIN-SL2-CPU, slurm_partition=cclake, runtime=120

Job 156 has been submitted with SLURM jobid 8736038 (log: /rds/project/rds-p67MZilb2eQ/projects/VGP/heterozygosity/.snakemake/slurm_logs/rule_ROH_CALC/sharks_HetFra_20250411_CM071002.1/8736038.log).

[Fri Apr 25 10:13:20 2025]
rule ROH_CALC:
    input: sharks/HetFra/temp/20250411_CM070973.1_Aln_Only.txt, sharks/HetFra/temp/20250411_CM070973.1_Var_Only.txt, sharks/HetFra/Reference_HetFra_Chroms_Lengths.txt
    output: sharks/HetFra/20250411_CM070973.1_ROH_Results.txt
    jobid: 127
    reason: Missing output files: sharks/HetFra/20250411_CM070973.1_ROH_Results.txt
    wildcards: CLADE=sharks, SPEC_NAME=HetFra, TODAY_DATE=20250411, CHR=CM070973.1
    resources: mem_mb=100000, mem_mib=95368, disk_mb=1000, disk_mib=954, tmpdir=<TBD>, slurm_account=DURBIN-SL2-CPU, slurm_partition=cclake, runtime=120

Job 127 has been submitted with SLURM jobid 8736039 (log: /rds/project/rds-p67MZilb2eQ/projects/VGP/heterozygosity/.snakemake/slurm_logs/rule_ROH_CALC/sharks_HetFra_20250411_CM070973.1/8736039.log).

[Fri Apr 25 10:13:22 2025]
rule ROH_CALC:
    input: sharks/HetFra/temp/20250411_CM071006.1_Aln_Only.txt, sharks/HetFra/temp/20250411_CM071006.1_Var_Only.txt, sharks/HetFra/Reference_HetFra_Chroms_Lengths.txt
    output: sharks/HetFra/20250411_CM071006.1_ROH_Results.txt
    jobid: 160
    reason: Missing output files: sharks/HetFra/20250411_CM071006.1_ROH_Results.txt
    wildcards: CLADE=sharks, SPEC_NAME=HetFra, TODAY_DATE=20250411, CHR=CM071006.1
    resources: mem_mb=100000, mem_mib=95368, disk_mb=1000, disk_mib=954, tmpdir=<TBD>, slurm_account=DURBIN-SL2-CPU, slurm_partition=cclake, runtime=120

Job 160 has been submitted with SLURM jobid 8736040 (log: /rds/project/rds-p67MZilb2eQ/projects/VGP/heterozygosity/.snakemake/slurm_logs/rule_ROH_CALC/sharks_HetFra_20250411_CM071006.1/8736040.log).

[Fri Apr 25 10:13:22 2025]
rule ROH_CALC:
    input: sharks/HetFra/temp/20250411_CM070986.1_Aln_Only.txt, sharks/HetFra/temp/20250411_CM070986.1_Var_Only.txt, sharks/HetFra/Reference_HetFra_Chroms_Lengths.txt
    output: sharks/HetFra/20250411_CM070986.1_ROH_Results.txt
    jobid: 140
    reason: Missing output files: sharks/HetFra/20250411_CM070986.1_ROH_Results.txt
    wildcards: CLADE=sharks, SPEC_NAME=HetFra, TODAY_DATE=20250411, CHR=CM070986.1
    resources: mem_mb=100000, mem_mib=95368, disk_mb=1000, disk_mib=954, tmpdir=<TBD>, slurm_account=DURBIN-SL2-CPU, slurm_partition=cclake, runtime=120

Job 140 has been submitted with SLURM jobid 8736041 (log: /rds/project/rds-p67MZilb2eQ/projects/VGP/heterozygosity/.snakemake/slurm_logs/rule_ROH_CALC/sharks_HetFra_20250411_CM070986.1/8736041.log).

[Fri Apr 25 10:13:22 2025]
rule ROH_CALC:
    input: sharks/HetFra/temp/20250411_CM070994.1_Aln_Only.txt, sharks/HetFra/temp/20250411_CM070994.1_Var_Only.txt, sharks/HetFra/Reference_HetFra_Chroms_Lengths.txt
    output: sharks/HetFra/20250411_CM070994.1_ROH_Results.txt
    jobid: 148
    reason: Missing output files: sharks/HetFra/20250411_CM070994.1_ROH_Results.txt
    wildcards: CLADE=sharks, SPEC_NAME=HetFra, TODAY_DATE=20250411, CHR=CM070994.1
    resources: mem_mb=100000, mem_mib=95368, disk_mb=1000, disk_mib=954, tmpdir=<TBD>, slurm_account=DURBIN-SL2-CPU, slurm_partition=cclake, runtime=120

Job 148 has been submitted with SLURM jobid 8736042 (log: /rds/project/rds-p67MZilb2eQ/projects/VGP/heterozygosity/.snakemake/slurm_logs/rule_ROH_CALC/sharks_HetFra_20250411_CM070994.1/8736042.log).
[Fri Apr 25 10:13:57 2025]
Finished job 119.
1 of 13 steps (8%) done
Select jobs to execute...
Execute 1 jobs...

[Fri Apr 25 10:13:57 2025]
rule ROH_CALC:
    input: sharks/HetFra/temp/20250411_CM070975.1_Aln_Only.txt, sharks/HetFra/temp/20250411_CM070975.1_Var_Only.txt, sharks/HetFra/Reference_HetFra_Chroms_Lengths.txt
    output: sharks/HetFra/20250411_CM070975.1_ROH_Results.txt
    jobid: 129
    reason: Missing output files: sharks/HetFra/20250411_CM070975.1_ROH_Results.txt
    wildcards: CLADE=sharks, SPEC_NAME=HetFra, TODAY_DATE=20250411, CHR=CM070975.1
    resources: mem_mb=100000, mem_mib=95368, disk_mb=1000, disk_mib=954, tmpdir=<TBD>, slurm_account=DURBIN-SL2-CPU, slurm_partition=cclake, runtime=120

Job 129 has been submitted with SLURM jobid 8736087 (log: /rds/project/rds-p67MZilb2eQ/projects/VGP/heterozygosity/.snakemake/slurm_logs/rule_ROH_CALC/sharks_HetFra_20250411_CM070975.1/8736087.log).
[Fri Apr 25 10:13:58 2025]
Finished job 123.
2 of 13 steps (15%) done
[Fri Apr 25 10:13:58 2025]
Finished job 163.
3 of 13 steps (23%) done
[Fri Apr 25 10:13:58 2025]
Finished job 132.
4 of 13 steps (31%) done
[Fri Apr 25 10:13:58 2025]
Finished job 115.
5 of 13 steps (38%) done
[Fri Apr 25 10:13:58 2025]
Finished job 156.
6 of 13 steps (46%) done
[Fri Apr 25 10:13:58 2025]
Finished job 127.
7 of 13 steps (54%) done
[Fri Apr 25 10:13:58 2025]
Finished job 160.
8 of 13 steps (62%) done
Select jobs to execute...
Execute 1 jobs...

[Fri Apr 25 10:13:58 2025]
rule ROH_CALC:
    input: sharks/HetFra/temp/20250411_CM070968.1_Aln_Only.txt, sharks/HetFra/temp/20250411_CM070968.1_Var_Only.txt, sharks/HetFra/Reference_HetFra_Chroms_Lengths.txt
    output: sharks/HetFra/20250411_CM070968.1_ROH_Results.txt
    jobid: 122
    reason: Missing output files: sharks/HetFra/20250411_CM070968.1_ROH_Results.txt
    wildcards: CLADE=sharks, SPEC_NAME=HetFra, TODAY_DATE=20250411, CHR=CM070968.1
    resources: mem_mb=100000, mem_mib=95368, disk_mb=1000, disk_mib=954, tmpdir=<TBD>, slurm_account=DURBIN-SL2-CPU, slurm_partition=cclake, runtime=120

Job 122 has been submitted with SLURM jobid 8736088 (log: /rds/project/rds-p67MZilb2eQ/projects/VGP/heterozygosity/.snakemake/slurm_logs/rule_ROH_CALC/sharks_HetFra_20250411_CM070968.1/8736088.log).
[Fri Apr 25 10:15:27 2025]
Finished job 129.
9 of 13 steps (69%) done
[Fri Apr 25 10:15:27 2025]
Finished job 122.
10 of 13 steps (77%) done
[Fri Apr 25 10:17:57 2025]
Error in rule ROH_CALC:
    message: SLURM-job '8736041' failed, SLURM status is: 'NODE_FAIL'. For further error details see the cluster/cloud log and the log files of the involved rule(s).
    jobid: 140
    input: sharks/HetFra/temp/20250411_CM070986.1_Aln_Only.txt, sharks/HetFra/temp/20250411_CM070986.1_Var_Only.txt, sharks/HetFra/Reference_HetFra_Chroms_Lengths.txt
    output: sharks/HetFra/20250411_CM070986.1_ROH_Results.txt
    log: /rds/project/rds-p67MZilb2eQ/projects/VGP/heterozygosity/.snakemake/slurm_logs/rule_ROH_CALC/sharks_HetFra_20250411_CM070986.1/8736041.log (check log file(s) for error details)
    shell:
        
        CHROM_LENGTH="$(awk -v var='CM070986.1' '$1 == var {print $2; exit}' sharks/HetFra/Reference_HetFra_Chroms_Lengths.txt)"
        python /rds/project/rds-p67MZilb2eQ/projects/VGP/heterozygosity/20250320_ROH_Durbin_Calc_Eqns_V6.py CM070986.1 $CHROM_LENGTH 20250411 GCA_036365495.1 sharks sharks/HetFra/temp/20250411_CM070986.1_Aln_Only.txt sharks/HetFra/temp/20250411_CM070986.1_Var_Only.txt HetFra
        
        (one of the commands exited with non-zero exit code; note that snakemake uses bash strict mode!)
    external_jobid: 8736041

[Fri Apr 25 10:17:57 2025]
Error in rule ROH_CALC:
    message: SLURM-job '8736042' failed, SLURM status is: 'NODE_FAIL'. For further error details see the cluster/cloud log and the log files of the involved rule(s).
    jobid: 148
    input: sharks/HetFra/temp/20250411_CM070994.1_Aln_Only.txt, sharks/HetFra/temp/20250411_CM070994.1_Var_Only.txt, sharks/HetFra/Reference_HetFra_Chroms_Lengths.txt
    output: sharks/HetFra/20250411_CM070994.1_ROH_Results.txt
    log: /rds/project/rds-p67MZilb2eQ/projects/VGP/heterozygosity/.snakemake/slurm_logs/rule_ROH_CALC/sharks_HetFra_20250411_CM070994.1/8736042.log (check log file(s) for error details)
    shell:
        
        CHROM_LENGTH="$(awk -v var='CM070994.1' '$1 == var {print $2; exit}' sharks/HetFra/Reference_HetFra_Chroms_Lengths.txt)"
        python /rds/project/rds-p67MZilb2eQ/projects/VGP/heterozygosity/20250320_ROH_Durbin_Calc_Eqns_V6.py CM070994.1 $CHROM_LENGTH 20250411 GCA_036365495.1 sharks sharks/HetFra/temp/20250411_CM070994.1_Aln_Only.txt sharks/HetFra/temp/20250411_CM070994.1_Var_Only.txt HetFra
        
        (one of the commands exited with non-zero exit code; note that snakemake uses bash strict mode!)
    external_jobid: 8736042

Shutting down, this might take some time.
Exiting because a job execution failed. Look above for error message
Complete log: .snakemake/log/2025-04-25T101315.767834.snakemake.log
WorkflowError:
At least one job did not complete successfully.
