host: login-p-3
Building DAG of jobs...
Using shell: /usr/bin/bash
Provided cores: 56
Rules claiming more threads will be scaled down.
Job stats:
job                 count
----------------  -------
CALC_HET_PER_CHR        5
GET_WHOLE_VAR           1
all                     1
total                   7

Select jobs to execute...
Execute 1 jobs...

[Wed Mar 26 19:11:59 2025]
localrule GET_WHOLE_VAR:
    input: sharks/HydCol_Test/HydCol_Test_FASTGA.paf
    output: sharks/HydCol_Test/temp/HydCol_Test_Var_Only.txt
    jobid: 41
    reason: Missing output files: sharks/HydCol_Test/temp/HydCol_Test_Var_Only.txt
    resources: tmpdir=/tmp

[Wed Mar 26 19:12:02 2025]
Finished job 41.
1 of 7 steps (14%) done
Select jobs to execute...
Execute 5 jobs...

[Wed Mar 26 19:12:02 2025]
localrule CALC_HET_PER_CHR:
    input: sharks/HydCol_Test/temp/HydCol_Test_Var_Only.txt, sharks/HydCol_Test/Reference_HydCol_Test_Chroms_Lengths.txt, sharks/HydCol_Test/HydCol_Test_ROH_Results.csv
    output: sharks/HydCol_Test/20250326_CM068746.1_heterozygosity.txt
    jobid: 45
    reason: Missing output files: sharks/HydCol_Test/20250326_CM068746.1_heterozygosity.txt; Input files updated by another job: sharks/HydCol_Test/temp/HydCol_Test_Var_Only.txt
    wildcards: CLADE=sharks, SPEC_NAME=HydCol_Test, TODAY_DATE=20250326, CHR=CM068746.1
    resources: tmpdir=/tmp


[Wed Mar 26 19:12:02 2025]
localrule CALC_HET_PER_CHR:
    input: sharks/HydCol_Test/temp/HydCol_Test_Var_Only.txt, sharks/HydCol_Test/Reference_HydCol_Test_Chroms_Lengths.txt, sharks/HydCol_Test/HydCol_Test_ROH_Results.csv
    output: sharks/HydCol_Test/20250326_CM068743.1_heterozygosity.txt
    jobid: 42
    reason: Missing output files: sharks/HydCol_Test/20250326_CM068743.1_heterozygosity.txt; Input files updated by another job: sharks/HydCol_Test/temp/HydCol_Test_Var_Only.txt
    wildcards: CLADE=sharks, SPEC_NAME=HydCol_Test, TODAY_DATE=20250326, CHR=CM068743.1
    resources: tmpdir=/tmp


[Wed Mar 26 19:12:02 2025]
localrule CALC_HET_PER_CHR:
    input: sharks/HydCol_Test/temp/HydCol_Test_Var_Only.txt, sharks/HydCol_Test/Reference_HydCol_Test_Chroms_Lengths.txt, sharks/HydCol_Test/HydCol_Test_ROH_Results.csv
    output: sharks/HydCol_Test/20250326_CM068745.1_heterozygosity.txt
    jobid: 44
    reason: Missing output files: sharks/HydCol_Test/20250326_CM068745.1_heterozygosity.txt; Input files updated by another job: sharks/HydCol_Test/temp/HydCol_Test_Var_Only.txt
    wildcards: CLADE=sharks, SPEC_NAME=HydCol_Test, TODAY_DATE=20250326, CHR=CM068745.1
    resources: tmpdir=/tmp


[Wed Mar 26 19:12:02 2025]
localrule CALC_HET_PER_CHR:
    input: sharks/HydCol_Test/temp/HydCol_Test_Var_Only.txt, sharks/HydCol_Test/Reference_HydCol_Test_Chroms_Lengths.txt, sharks/HydCol_Test/HydCol_Test_ROH_Results.csv
    output: sharks/HydCol_Test/20250326_CM068742.1_heterozygosity.txt
    jobid: 40
    reason: Missing output files: sharks/HydCol_Test/20250326_CM068742.1_heterozygosity.txt; Input files updated by another job: sharks/HydCol_Test/temp/HydCol_Test_Var_Only.txt
    wildcards: CLADE=sharks, SPEC_NAME=HydCol_Test, TODAY_DATE=20250326, CHR=CM068742.1
    resources: tmpdir=/tmp


[Wed Mar 26 19:12:03 2025]
localrule CALC_HET_PER_CHR:
    input: sharks/HydCol_Test/temp/HydCol_Test_Var_Only.txt, sharks/HydCol_Test/Reference_HydCol_Test_Chroms_Lengths.txt, sharks/HydCol_Test/HydCol_Test_ROH_Results.csv
    output: sharks/HydCol_Test/20250326_CM068744.1_heterozygosity.txt
    jobid: 43
    reason: Missing output files: sharks/HydCol_Test/20250326_CM068744.1_heterozygosity.txt; Input files updated by another job: sharks/HydCol_Test/temp/HydCol_Test_Var_Only.txt
    wildcards: CLADE=sharks, SPEC_NAME=HydCol_Test, TODAY_DATE=20250326, CHR=CM068744.1
    resources: tmpdir=/tmp

RuleException:
CalledProcessError in file /rds/project/rds-p67MZilb2eQ/projects/VGP/heterozygosity/Snakefile, line 402:
Command 'set -euo pipefail;  
        python /rds/project/rds-p67MZilb2eQ/projects/VGP/heterozygosity/20250325_find_het_per_chr_V3.py sharks/HydCol_Test/temp/HydCol_Test_Var_Only.txt sharks/HydCol_Test/Reference_HydCol_Test_Chroms_Lengths.txt sharks HydCol_Test 20250326 1000000 500000 40 sharks/HydCol_Test/HydCol_Test_ROH_Results.csv' returned non-zero exit status 1.
RuleException:
CalledProcessError in file /rds/project/rds-p67MZilb2eQ/projects/VGP/heterozygosity/Snakefile, line 402:
Command 'set -euo pipefail;  
        python /rds/project/rds-p67MZilb2eQ/projects/VGP/heterozygosity/20250325_find_het_per_chr_V3.py sharks/HydCol_Test/temp/HydCol_Test_Var_Only.txt sharks/HydCol_Test/Reference_HydCol_Test_Chroms_Lengths.txt sharks HydCol_Test 20250326 1000000 500000 40 sharks/HydCol_Test/HydCol_Test_ROH_Results.csv' returned non-zero exit status 1.
[Wed Mar 26 19:12:03 2025]
RuleException:
CalledProcessError in file /rds/project/rds-p67MZilb2eQ/projects/VGP/heterozygosity/Snakefile, line 402:
Command 'set -euo pipefail;  
        python /rds/project/rds-p67MZilb2eQ/projects/VGP/heterozygosity/20250325_find_het_per_chr_V3.py sharks/HydCol_Test/temp/HydCol_Test_Var_Only.txt sharks/HydCol_Test/Reference_HydCol_Test_Chroms_Lengths.txt sharks HydCol_Test 20250326 1000000 500000 40 sharks/HydCol_Test/HydCol_Test_ROH_Results.csv' returned non-zero exit status 1.
[Wed Mar 26 19:12:03 2025]
Error in rule CALC_HET_PER_CHR:
    jobid: 42
    input: sharks/HydCol_Test/temp/HydCol_Test_Var_Only.txt, sharks/HydCol_Test/Reference_HydCol_Test_Chroms_Lengths.txt, sharks/HydCol_Test/HydCol_Test_ROH_Results.csv
    output: sharks/HydCol_Test/20250326_CM068743.1_heterozygosity.txt
    shell:
        
        python /rds/project/rds-p67MZilb2eQ/projects/VGP/heterozygosity/20250325_find_het_per_chr_V3.py sharks/HydCol_Test/temp/HydCol_Test_Var_Only.txt sharks/HydCol_Test/Reference_HydCol_Test_Chroms_Lengths.txt sharks HydCol_Test 20250326 1000000 500000 40 sharks/HydCol_Test/HydCol_Test_ROH_Results.csv
        
        (one of the commands exited with non-zero exit code; note that snakemake uses bash strict mode!)

[Wed Mar 26 19:12:03 2025]
Error in rule CALC_HET_PER_CHR:
    jobid: 43
    input: sharks/HydCol_Test/temp/HydCol_Test_Var_Only.txt, sharks/HydCol_Test/Reference_HydCol_Test_Chroms_Lengths.txt, sharks/HydCol_Test/HydCol_Test_ROH_Results.csv
    output: sharks/HydCol_Test/20250326_CM068744.1_heterozygosity.txt
    shell:
        
        python /rds/project/rds-p67MZilb2eQ/projects/VGP/heterozygosity/20250325_find_het_per_chr_V3.py sharks/HydCol_Test/temp/HydCol_Test_Var_Only.txt sharks/HydCol_Test/Reference_HydCol_Test_Chroms_Lengths.txt sharks HydCol_Test 20250326 1000000 500000 40 sharks/HydCol_Test/HydCol_Test_ROH_Results.csv
        
        (one of the commands exited with non-zero exit code; note that snakemake uses bash strict mode!)

RuleException:
CalledProcessError in file /rds/project/rds-p67MZilb2eQ/projects/VGP/heterozygosity/Snakefile, line 402:
Command 'set -euo pipefail;  
        python /rds/project/rds-p67MZilb2eQ/projects/VGP/heterozygosity/20250325_find_het_per_chr_V3.py sharks/HydCol_Test/temp/HydCol_Test_Var_Only.txt sharks/HydCol_Test/Reference_HydCol_Test_Chroms_Lengths.txt sharks HydCol_Test 20250326 1000000 500000 40 sharks/HydCol_Test/HydCol_Test_ROH_Results.csv' returned non-zero exit status 1.
Error in rule CALC_HET_PER_CHR:
    jobid: 44
    input: sharks/HydCol_Test/temp/HydCol_Test_Var_Only.txt, sharks/HydCol_Test/Reference_HydCol_Test_Chroms_Lengths.txt, sharks/HydCol_Test/HydCol_Test_ROH_Results.csv
    output: sharks/HydCol_Test/20250326_CM068745.1_heterozygosity.txt
    shell:
        
        python /rds/project/rds-p67MZilb2eQ/projects/VGP/heterozygosity/20250325_find_het_per_chr_V3.py sharks/HydCol_Test/temp/HydCol_Test_Var_Only.txt sharks/HydCol_Test/Reference_HydCol_Test_Chroms_Lengths.txt sharks HydCol_Test 20250326 1000000 500000 40 sharks/HydCol_Test/HydCol_Test_ROH_Results.csv
        
        (one of the commands exited with non-zero exit code; note that snakemake uses bash strict mode!)

[Wed Mar 26 19:12:03 2025]
RuleException:
CalledProcessError in file /rds/project/rds-p67MZilb2eQ/projects/VGP/heterozygosity/Snakefile, line 402:
Command 'set -euo pipefail;  
        python /rds/project/rds-p67MZilb2eQ/projects/VGP/heterozygosity/20250325_find_het_per_chr_V3.py sharks/HydCol_Test/temp/HydCol_Test_Var_Only.txt sharks/HydCol_Test/Reference_HydCol_Test_Chroms_Lengths.txt sharks HydCol_Test 20250326 1000000 500000 40 sharks/HydCol_Test/HydCol_Test_ROH_Results.csv' returned non-zero exit status 1.
Error in rule CALC_HET_PER_CHR:
    jobid: 40
    input: sharks/HydCol_Test/temp/HydCol_Test_Var_Only.txt, sharks/HydCol_Test/Reference_HydCol_Test_Chroms_Lengths.txt, sharks/HydCol_Test/HydCol_Test_ROH_Results.csv
    output: sharks/HydCol_Test/20250326_CM068742.1_heterozygosity.txt
    shell:
        
        python /rds/project/rds-p67MZilb2eQ/projects/VGP/heterozygosity/20250325_find_het_per_chr_V3.py sharks/HydCol_Test/temp/HydCol_Test_Var_Only.txt sharks/HydCol_Test/Reference_HydCol_Test_Chroms_Lengths.txt sharks HydCol_Test 20250326 1000000 500000 40 sharks/HydCol_Test/HydCol_Test_ROH_Results.csv
        
        (one of the commands exited with non-zero exit code; note that snakemake uses bash strict mode!)

[Wed Mar 26 19:12:03 2025]
Error in rule CALC_HET_PER_CHR:
    jobid: 45
    input: sharks/HydCol_Test/temp/HydCol_Test_Var_Only.txt, sharks/HydCol_Test/Reference_HydCol_Test_Chroms_Lengths.txt, sharks/HydCol_Test/HydCol_Test_ROH_Results.csv
    output: sharks/HydCol_Test/20250326_CM068746.1_heterozygosity.txt
    shell:
        
        python /rds/project/rds-p67MZilb2eQ/projects/VGP/heterozygosity/20250325_find_het_per_chr_V3.py sharks/HydCol_Test/temp/HydCol_Test_Var_Only.txt sharks/HydCol_Test/Reference_HydCol_Test_Chroms_Lengths.txt sharks HydCol_Test 20250326 1000000 500000 40 sharks/HydCol_Test/HydCol_Test_ROH_Results.csv
        
        (one of the commands exited with non-zero exit code; note that snakemake uses bash strict mode!)

Shutting down, this might take some time.
Exiting because a job execution failed. Look above for error message
Complete log: .snakemake/log/2025-03-26T191158.979939.snakemake.log
WorkflowError:
At least one job did not complete successfully.
