host: login-p-4
Building DAG of jobs...
SLURM run ID: beac38b1-61b7-495a-a1fb-f4109979b007
Using shell: /usr/bin/bash
Provided remote nodes: 10
Job stats:
job            count
-----------  -------
COMPILE_ROH        1
Plot_ROH           1
ROH_CALC          46
all                1
total             49

Select jobs to execute...
Execute 10 jobs...

[Fri May  9 10:01:51 2025]
rule ROH_CALC:
    input: sharks/HepPer/temp/20250422_CM068674.1_Aln_Only.txt, sharks/HepPer/temp/20250422_CM068674.1_Var_Only.txt, sharks/HepPer/Reference_HepPer_Chroms_Lengths.txt
    output: sharks/HepPer/20250422_CM068674.1_ROH_Results.txt
    jobid: 140
    reason: Missing output files: sharks/HepPer/20250422_CM068674.1_ROH_Results.txt
    wildcards: CLADE=sharks, SPEC_NAME=HepPer, TODAY_DATE=20250422, CHR=CM068674.1
    resources: mem_mb=100000, mem_mib=95368, disk_mb=1000, disk_mib=954, tmpdir=<TBD>, slurm_account=DURBIN-SL2-CPU, slurm_partition=icelake-himem, runtime=120

Job 140 has been submitted with SLURM jobid 9208543 (log: /rds/project/rds-p67MZilb2eQ/projects/VGP/heterozygosity/.snakemake/slurm_logs/rule_ROH_CALC/sharks_HepPer_20250422_CM068674.1/9208543.log).

[Fri May  9 10:01:51 2025]
rule ROH_CALC:
    input: sharks/HepPer/temp/20250422_CM068667.1_Aln_Only.txt, sharks/HepPer/temp/20250422_CM068667.1_Var_Only.txt, sharks/HepPer/Reference_HepPer_Chroms_Lengths.txt
    output: sharks/HepPer/20250422_CM068667.1_ROH_Results.txt
    jobid: 133
    reason: Missing output files: sharks/HepPer/20250422_CM068667.1_ROH_Results.txt
    wildcards: CLADE=sharks, SPEC_NAME=HepPer, TODAY_DATE=20250422, CHR=CM068667.1
    resources: mem_mb=100000, mem_mib=95368, disk_mb=1000, disk_mib=954, tmpdir=<TBD>, slurm_account=DURBIN-SL2-CPU, slurm_partition=icelake-himem, runtime=120

Job 133 has been submitted with SLURM jobid 9208544 (log: /rds/project/rds-p67MZilb2eQ/projects/VGP/heterozygosity/.snakemake/slurm_logs/rule_ROH_CALC/sharks_HepPer_20250422_CM068667.1/9208544.log).

[Fri May  9 10:01:51 2025]
rule ROH_CALC:
    input: sharks/HepPer/temp/20250422_CM068660.1_Aln_Only.txt, sharks/HepPer/temp/20250422_CM068660.1_Var_Only.txt, sharks/HepPer/Reference_HepPer_Chroms_Lengths.txt
    output: sharks/HepPer/20250422_CM068660.1_ROH_Results.txt
    jobid: 126
    reason: Missing output files: sharks/HepPer/20250422_CM068660.1_ROH_Results.txt
    wildcards: CLADE=sharks, SPEC_NAME=HepPer, TODAY_DATE=20250422, CHR=CM068660.1
    resources: mem_mb=100000, mem_mib=95368, disk_mb=1000, disk_mib=954, tmpdir=<TBD>, slurm_account=DURBIN-SL2-CPU, slurm_partition=icelake-himem, runtime=120

Job 126 has been submitted with SLURM jobid 9208545 (log: /rds/project/rds-p67MZilb2eQ/projects/VGP/heterozygosity/.snakemake/slurm_logs/rule_ROH_CALC/sharks_HepPer_20250422_CM068660.1/9208545.log).

[Fri May  9 10:01:51 2025]
rule ROH_CALC:
    input: sharks/HepPer/temp/20250422_CM068653.1_Aln_Only.txt, sharks/HepPer/temp/20250422_CM068653.1_Var_Only.txt, sharks/HepPer/Reference_HepPer_Chroms_Lengths.txt
    output: sharks/HepPer/20250422_CM068653.1_ROH_Results.txt
    jobid: 119
    reason: Missing output files: sharks/HepPer/20250422_CM068653.1_ROH_Results.txt
    wildcards: CLADE=sharks, SPEC_NAME=HepPer, TODAY_DATE=20250422, CHR=CM068653.1
    resources: mem_mb=100000, mem_mib=95368, disk_mb=1000, disk_mib=954, tmpdir=<TBD>, slurm_account=DURBIN-SL2-CPU, slurm_partition=icelake-himem, runtime=120

Job 119 has been submitted with SLURM jobid 9208546 (log: /rds/project/rds-p67MZilb2eQ/projects/VGP/heterozygosity/.snakemake/slurm_logs/rule_ROH_CALC/sharks_HepPer_20250422_CM068653.1/9208546.log).

[Fri May  9 10:01:52 2025]
rule ROH_CALC:
    input: sharks/HepPer/temp/20250422_CM068646.1_Aln_Only.txt, sharks/HepPer/temp/20250422_CM068646.1_Var_Only.txt, sharks/HepPer/Reference_HepPer_Chroms_Lengths.txt
    output: sharks/HepPer/20250422_CM068646.1_ROH_Results.txt
    jobid: 112
    reason: Missing output files: sharks/HepPer/20250422_CM068646.1_ROH_Results.txt
    wildcards: CLADE=sharks, SPEC_NAME=HepPer, TODAY_DATE=20250422, CHR=CM068646.1
    resources: mem_mb=100000, mem_mib=95368, disk_mb=1000, disk_mib=954, tmpdir=<TBD>, slurm_account=DURBIN-SL2-CPU, slurm_partition=icelake-himem, runtime=120

Job 112 has been submitted with SLURM jobid 9208547 (log: /rds/project/rds-p67MZilb2eQ/projects/VGP/heterozygosity/.snakemake/slurm_logs/rule_ROH_CALC/sharks_HepPer_20250422_CM068646.1/9208547.log).

[Fri May  9 10:01:52 2025]
rule ROH_CALC:
    input: sharks/HepPer/temp/20250422_CM068681.1_Aln_Only.txt, sharks/HepPer/temp/20250422_CM068681.1_Var_Only.txt, sharks/HepPer/Reference_HepPer_Chroms_Lengths.txt
    output: sharks/HepPer/20250422_CM068681.1_ROH_Results.txt
    jobid: 147
    reason: Missing output files: sharks/HepPer/20250422_CM068681.1_ROH_Results.txt
    wildcards: CLADE=sharks, SPEC_NAME=HepPer, TODAY_DATE=20250422, CHR=CM068681.1
    resources: mem_mb=100000, mem_mib=95368, disk_mb=1000, disk_mib=954, tmpdir=<TBD>, slurm_account=DURBIN-SL2-CPU, slurm_partition=icelake-himem, runtime=120

Job 147 has been submitted with SLURM jobid 9208548 (log: /rds/project/rds-p67MZilb2eQ/projects/VGP/heterozygosity/.snakemake/slurm_logs/rule_ROH_CALC/sharks_HepPer_20250422_CM068681.1/9208548.log).

[Fri May  9 10:01:52 2025]
rule ROH_CALC:
    input: sharks/HepPer/temp/20250422_CM068652.1_Aln_Only.txt, sharks/HepPer/temp/20250422_CM068652.1_Var_Only.txt, sharks/HepPer/Reference_HepPer_Chroms_Lengths.txt
    output: sharks/HepPer/20250422_CM068652.1_ROH_Results.txt
    jobid: 118
    reason: Missing output files: sharks/HepPer/20250422_CM068652.1_ROH_Results.txt
    wildcards: CLADE=sharks, SPEC_NAME=HepPer, TODAY_DATE=20250422, CHR=CM068652.1
    resources: mem_mb=100000, mem_mib=95368, disk_mb=1000, disk_mib=954, tmpdir=<TBD>, slurm_account=DURBIN-SL2-CPU, slurm_partition=icelake-himem, runtime=120

Job 118 has been submitted with SLURM jobid 9208549 (log: /rds/project/rds-p67MZilb2eQ/projects/VGP/heterozygosity/.snakemake/slurm_logs/rule_ROH_CALC/sharks_HepPer_20250422_CM068652.1/9208549.log).

[Fri May  9 10:01:52 2025]
rule ROH_CALC:
    input: sharks/HepPer/temp/20250422_CM068645.1_Aln_Only.txt, sharks/HepPer/temp/20250422_CM068645.1_Var_Only.txt, sharks/HepPer/Reference_HepPer_Chroms_Lengths.txt
    output: sharks/HepPer/20250422_CM068645.1_ROH_Results.txt
    jobid: 111
    reason: Missing output files: sharks/HepPer/20250422_CM068645.1_ROH_Results.txt
    wildcards: CLADE=sharks, SPEC_NAME=HepPer, TODAY_DATE=20250422, CHR=CM068645.1
    resources: mem_mb=100000, mem_mib=95368, disk_mb=1000, disk_mib=954, tmpdir=<TBD>, slurm_account=DURBIN-SL2-CPU, slurm_partition=icelake-himem, runtime=120

Job 111 has been submitted with SLURM jobid 9208550 (log: /rds/project/rds-p67MZilb2eQ/projects/VGP/heterozygosity/.snakemake/slurm_logs/rule_ROH_CALC/sharks_HepPer_20250422_CM068645.1/9208550.log).

[Fri May  9 10:01:52 2025]
rule ROH_CALC:
    input: sharks/HepPer/temp/20250422_CM068638.1_Aln_Only.txt, sharks/HepPer/temp/20250422_CM068638.1_Var_Only.txt, sharks/HepPer/Reference_HepPer_Chroms_Lengths.txt
    output: sharks/HepPer/20250422_CM068638.1_ROH_Results.txt
    jobid: 104
    reason: Missing output files: sharks/HepPer/20250422_CM068638.1_ROH_Results.txt
    wildcards: CLADE=sharks, SPEC_NAME=HepPer, TODAY_DATE=20250422, CHR=CM068638.1
    resources: mem_mb=100000, mem_mib=95368, disk_mb=1000, disk_mib=954, tmpdir=<TBD>, slurm_account=DURBIN-SL2-CPU, slurm_partition=icelake-himem, runtime=120

Job 104 has been submitted with SLURM jobid 9208551 (log: /rds/project/rds-p67MZilb2eQ/projects/VGP/heterozygosity/.snakemake/slurm_logs/rule_ROH_CALC/sharks_HepPer_20250422_CM068638.1/9208551.log).

[Fri May  9 10:01:52 2025]
rule ROH_CALC:
    input: sharks/HepPer/temp/20250422_CM068680.1_Aln_Only.txt, sharks/HepPer/temp/20250422_CM068680.1_Var_Only.txt, sharks/HepPer/Reference_HepPer_Chroms_Lengths.txt
    output: sharks/HepPer/20250422_CM068680.1_ROH_Results.txt
    jobid: 146
    reason: Missing output files: sharks/HepPer/20250422_CM068680.1_ROH_Results.txt
    wildcards: CLADE=sharks, SPEC_NAME=HepPer, TODAY_DATE=20250422, CHR=CM068680.1
    resources: mem_mb=100000, mem_mib=95368, disk_mb=1000, disk_mib=954, tmpdir=<TBD>, slurm_account=DURBIN-SL2-CPU, slurm_partition=icelake-himem, runtime=120

Job 146 has been submitted with SLURM jobid 9208552 (log: /rds/project/rds-p67MZilb2eQ/projects/VGP/heterozygosity/.snakemake/slurm_logs/rule_ROH_CALC/sharks_HepPer_20250422_CM068680.1/9208552.log).
[Fri May  9 10:04:01 2025]
Finished job 140.
1 of 49 steps (2%) done
Select jobs to execute...
Execute 1 jobs...

[Fri May  9 10:04:01 2025]
rule ROH_CALC:
    input: sharks/HepPer/temp/20250422_CM068644.1_Aln_Only.txt, sharks/HepPer/temp/20250422_CM068644.1_Var_Only.txt, sharks/HepPer/Reference_HepPer_Chroms_Lengths.txt
    output: sharks/HepPer/20250422_CM068644.1_ROH_Results.txt
    jobid: 110
    reason: Missing output files: sharks/HepPer/20250422_CM068644.1_ROH_Results.txt
    wildcards: CLADE=sharks, SPEC_NAME=HepPer, TODAY_DATE=20250422, CHR=CM068644.1
    resources: mem_mb=100000, mem_mib=95368, disk_mb=1000, disk_mib=954, tmpdir=<TBD>, slurm_account=DURBIN-SL2-CPU, slurm_partition=icelake-himem, runtime=120

Job 110 has been submitted with SLURM jobid 9208677 (log: /rds/project/rds-p67MZilb2eQ/projects/VGP/heterozygosity/.snakemake/slurm_logs/rule_ROH_CALC/sharks_HepPer_20250422_CM068644.1/9208677.log).
[Fri May  9 10:04:03 2025]
Finished job 133.
2 of 49 steps (4%) done
[Fri May  9 10:04:03 2025]
Finished job 126.
3 of 49 steps (6%) done
Select jobs to execute...
Execute 2 jobs...

[Fri May  9 10:04:03 2025]
rule ROH_CALC:
    input: sharks/HepPer/temp/20250422_CM068654.1_Aln_Only.txt, sharks/HepPer/temp/20250422_CM068654.1_Var_Only.txt, sharks/HepPer/Reference_HepPer_Chroms_Lengths.txt
    output: sharks/HepPer/20250422_CM068654.1_ROH_Results.txt
    jobid: 120
    reason: Missing output files: sharks/HepPer/20250422_CM068654.1_ROH_Results.txt
    wildcards: CLADE=sharks, SPEC_NAME=HepPer, TODAY_DATE=20250422, CHR=CM068654.1
    resources: mem_mb=100000, mem_mib=95368, disk_mb=1000, disk_mib=954, tmpdir=<TBD>, slurm_account=DURBIN-SL2-CPU, slurm_partition=icelake-himem, runtime=120

Job 120 has been submitted with SLURM jobid 9208678 (log: /rds/project/rds-p67MZilb2eQ/projects/VGP/heterozygosity/.snakemake/slurm_logs/rule_ROH_CALC/sharks_HepPer_20250422_CM068654.1/9208678.log).

[Fri May  9 10:04:03 2025]
rule ROH_CALC:
    input: sharks/HepPer/temp/20250422_CM068679.1_Aln_Only.txt, sharks/HepPer/temp/20250422_CM068679.1_Var_Only.txt, sharks/HepPer/Reference_HepPer_Chroms_Lengths.txt
    output: sharks/HepPer/20250422_CM068679.1_ROH_Results.txt
    jobid: 145
    reason: Missing output files: sharks/HepPer/20250422_CM068679.1_ROH_Results.txt
    wildcards: CLADE=sharks, SPEC_NAME=HepPer, TODAY_DATE=20250422, CHR=CM068679.1
    resources: mem_mb=100000, mem_mib=95368, disk_mb=1000, disk_mib=954, tmpdir=<TBD>, slurm_account=DURBIN-SL2-CPU, slurm_partition=icelake-himem, runtime=120

Job 145 has been submitted with SLURM jobid 9208679 (log: /rds/project/rds-p67MZilb2eQ/projects/VGP/heterozygosity/.snakemake/slurm_logs/rule_ROH_CALC/sharks_HepPer_20250422_CM068679.1/9208679.log).
Select jobs to execute...
Waiting for more resources.
[Fri May  9 10:07:42 2025]
Finished job 119.
4 of 49 steps (8%) done
Execute 1 jobs...

[Fri May  9 10:07:42 2025]
rule ROH_CALC:
    input: sharks/HepPer/temp/20250422_CM068651.1_Aln_Only.txt, sharks/HepPer/temp/20250422_CM068651.1_Var_Only.txt, sharks/HepPer/Reference_HepPer_Chroms_Lengths.txt
    output: sharks/HepPer/20250422_CM068651.1_ROH_Results.txt
    jobid: 117
    reason: Missing output files: sharks/HepPer/20250422_CM068651.1_ROH_Results.txt
    wildcards: CLADE=sharks, SPEC_NAME=HepPer, TODAY_DATE=20250422, CHR=CM068651.1
    resources: mem_mb=100000, mem_mib=95368, disk_mb=1000, disk_mib=954, tmpdir=<TBD>, slurm_account=DURBIN-SL2-CPU, slurm_partition=icelake-himem, runtime=120

Job 117 has been submitted with SLURM jobid 9208786 (log: /rds/project/rds-p67MZilb2eQ/projects/VGP/heterozygosity/.snakemake/slurm_logs/rule_ROH_CALC/sharks_HepPer_20250422_CM068651.1/9208786.log).
[Fri May  9 10:07:44 2025]
Finished job 112.
5 of 49 steps (10%) done
[Fri May  9 10:07:44 2025]
Finished job 147.
6 of 49 steps (12%) done
[Fri May  9 10:07:44 2025]
Finished job 118.
7 of 49 steps (14%) done
[Fri May  9 10:07:44 2025]
Finished job 111.
8 of 49 steps (16%) done
Select jobs to execute...
Execute 4 jobs...

[Fri May  9 10:07:44 2025]
rule ROH_CALC:
    input: sharks/HepPer/temp/20250422_CM068637.1_Aln_Only.txt, sharks/HepPer/temp/20250422_CM068637.1_Var_Only.txt, sharks/HepPer/Reference_HepPer_Chroms_Lengths.txt
    output: sharks/HepPer/20250422_CM068637.1_ROH_Results.txt
    jobid: 103
    reason: Missing output files: sharks/HepPer/20250422_CM068637.1_ROH_Results.txt
    wildcards: CLADE=sharks, SPEC_NAME=HepPer, TODAY_DATE=20250422, CHR=CM068637.1
    resources: mem_mb=100000, mem_mib=95368, disk_mb=1000, disk_mib=954, tmpdir=<TBD>, slurm_account=DURBIN-SL2-CPU, slurm_partition=icelake-himem, runtime=120

Job 103 has been submitted with SLURM jobid 9208787 (log: /rds/project/rds-p67MZilb2eQ/projects/VGP/heterozygosity/.snakemake/slurm_logs/rule_ROH_CALC/sharks_HepPer_20250422_CM068637.1/9208787.log).

[Fri May  9 10:07:44 2025]
rule ROH_CALC:
    input: sharks/HepPer/temp/20250422_CM068670.1_Aln_Only.txt, sharks/HepPer/temp/20250422_CM068670.1_Var_Only.txt, sharks/HepPer/Reference_HepPer_Chroms_Lengths.txt
    output: sharks/HepPer/20250422_CM068670.1_ROH_Results.txt
    jobid: 136
    reason: Missing output files: sharks/HepPer/20250422_CM068670.1_ROH_Results.txt
    wildcards: CLADE=sharks, SPEC_NAME=HepPer, TODAY_DATE=20250422, CHR=CM068670.1
    resources: mem_mb=100000, mem_mib=95368, disk_mb=1000, disk_mib=954, tmpdir=<TBD>, slurm_account=DURBIN-SL2-CPU, slurm_partition=icelake-himem, runtime=120

Job 136 has been submitted with SLURM jobid 9208788 (log: /rds/project/rds-p67MZilb2eQ/projects/VGP/heterozygosity/.snakemake/slurm_logs/rule_ROH_CALC/sharks_HepPer_20250422_CM068670.1/9208788.log).

[Fri May  9 10:07:46 2025]
rule ROH_CALC:
    input: sharks/HepPer/temp/20250422_CM068663.1_Aln_Only.txt, sharks/HepPer/temp/20250422_CM068663.1_Var_Only.txt, sharks/HepPer/Reference_HepPer_Chroms_Lengths.txt
    output: sharks/HepPer/20250422_CM068663.1_ROH_Results.txt
    jobid: 129
    reason: Missing output files: sharks/HepPer/20250422_CM068663.1_ROH_Results.txt
    wildcards: CLADE=sharks, SPEC_NAME=HepPer, TODAY_DATE=20250422, CHR=CM068663.1
    resources: mem_mb=100000, mem_mib=95368, disk_mb=1000, disk_mib=954, tmpdir=<TBD>, slurm_account=DURBIN-SL2-CPU, slurm_partition=icelake-himem, runtime=120

Job 129 has been submitted with SLURM jobid 9208789 (log: /rds/project/rds-p67MZilb2eQ/projects/VGP/heterozygosity/.snakemake/slurm_logs/rule_ROH_CALC/sharks_HepPer_20250422_CM068663.1/9208789.log).

[Fri May  9 10:07:46 2025]
rule ROH_CALC:
    input: sharks/HepPer/temp/20250422_CM068676.1_Aln_Only.txt, sharks/HepPer/temp/20250422_CM068676.1_Var_Only.txt, sharks/HepPer/Reference_HepPer_Chroms_Lengths.txt
    output: sharks/HepPer/20250422_CM068676.1_ROH_Results.txt
    jobid: 142
    reason: Missing output files: sharks/HepPer/20250422_CM068676.1_ROH_Results.txt
    wildcards: CLADE=sharks, SPEC_NAME=HepPer, TODAY_DATE=20250422, CHR=CM068676.1
    resources: mem_mb=100000, mem_mib=95368, disk_mb=1000, disk_mib=954, tmpdir=<TBD>, slurm_account=DURBIN-SL2-CPU, slurm_partition=icelake-himem, runtime=120

Job 142 has been submitted with SLURM jobid 9208790 (log: /rds/project/rds-p67MZilb2eQ/projects/VGP/heterozygosity/.snakemake/slurm_logs/rule_ROH_CALC/sharks_HepPer_20250422_CM068676.1/9208790.log).
Select jobs to execute...
Waiting for more resources.
Waiting for more resources.
Waiting for more resources.
[Fri May  9 10:21:53 2025]
Finished job 104.
9 of 49 steps (18%) done
Execute 1 jobs...

[Fri May  9 10:21:53 2025]
rule ROH_CALC:
    input: sharks/HepPer/temp/20250422_CM068675.1_Aln_Only.txt, sharks/HepPer/temp/20250422_CM068675.1_Var_Only.txt, sharks/HepPer/Reference_HepPer_Chroms_Lengths.txt
    output: sharks/HepPer/20250422_CM068675.1_ROH_Results.txt
    jobid: 141
    reason: Missing output files: sharks/HepPer/20250422_CM068675.1_ROH_Results.txt
    wildcards: CLADE=sharks, SPEC_NAME=HepPer, TODAY_DATE=20250422, CHR=CM068675.1
    resources: mem_mb=100000, mem_mib=95368, disk_mb=1000, disk_mib=954, tmpdir=<TBD>, slurm_account=DURBIN-SL2-CPU, slurm_partition=icelake-himem, runtime=120

Job 141 has been submitted with SLURM jobid 9209277 (log: /rds/project/rds-p67MZilb2eQ/projects/VGP/heterozygosity/.snakemake/slurm_logs/rule_ROH_CALC/sharks_HepPer_20250422_CM068675.1/9209277.log).
[Fri May  9 10:21:54 2025]
Finished job 146.
10 of 49 steps (20%) done
[Fri May  9 10:21:54 2025]
Finished job 110.
11 of 49 steps (22%) done
[Fri May  9 10:21:54 2025]
Finished job 120.
12 of 49 steps (24%) done
[Fri May  9 10:21:54 2025]
Finished job 145.
13 of 49 steps (27%) done
[Fri May  9 10:21:54 2025]
Finished job 117.
14 of 49 steps (29%) done
[Fri May  9 10:21:54 2025]
Finished job 103.
15 of 49 steps (31%) done
[Fri May  9 10:21:54 2025]
Finished job 136.
16 of 49 steps (33%) done
[Fri May  9 10:21:54 2025]
Finished job 129.
17 of 49 steps (35%) done
[Fri May  9 10:21:54 2025]
Finished job 142.
18 of 49 steps (37%) done
Select jobs to execute...
Execute 9 jobs...

[Fri May  9 10:21:54 2025]
rule ROH_CALC:
    input: sharks/HepPer/temp/20250422_CM068649.1_Aln_Only.txt, sharks/HepPer/temp/20250422_CM068649.1_Var_Only.txt, sharks/HepPer/Reference_HepPer_Chroms_Lengths.txt
    output: sharks/HepPer/20250422_CM068649.1_ROH_Results.txt
    jobid: 115
    reason: Missing output files: sharks/HepPer/20250422_CM068649.1_ROH_Results.txt
    wildcards: CLADE=sharks, SPEC_NAME=HepPer, TODAY_DATE=20250422, CHR=CM068649.1
    resources: mem_mb=100000, mem_mib=95368, disk_mb=1000, disk_mib=954, tmpdir=<TBD>, slurm_account=DURBIN-SL2-CPU, slurm_partition=icelake-himem, runtime=120

Job 115 has been submitted with SLURM jobid 9209278 (log: /rds/project/rds-p67MZilb2eQ/projects/VGP/heterozygosity/.snakemake/slurm_logs/rule_ROH_CALC/sharks_HepPer_20250422_CM068649.1/9209278.log).

[Fri May  9 10:21:54 2025]
rule ROH_CALC:
    input: sharks/HepPer/temp/20250422_CM068642.1_Aln_Only.txt, sharks/HepPer/temp/20250422_CM068642.1_Var_Only.txt, sharks/HepPer/Reference_HepPer_Chroms_Lengths.txt
    output: sharks/HepPer/20250422_CM068642.1_ROH_Results.txt
    jobid: 108
    reason: Missing output files: sharks/HepPer/20250422_CM068642.1_ROH_Results.txt
    wildcards: CLADE=sharks, SPEC_NAME=HepPer, TODAY_DATE=20250422, CHR=CM068642.1
    resources: mem_mb=100000, mem_mib=95368, disk_mb=1000, disk_mib=954, tmpdir=<TBD>, slurm_account=DURBIN-SL2-CPU, slurm_partition=icelake-himem, runtime=120

Job 108 has been submitted with SLURM jobid 9209279 (log: /rds/project/rds-p67MZilb2eQ/projects/VGP/heterozygosity/.snakemake/slurm_logs/rule_ROH_CALC/sharks_HepPer_20250422_CM068642.1/9209279.log).

[Fri May  9 10:21:56 2025]
rule ROH_CALC:
    input: sharks/HepPer/temp/20250422_CM068640.1_Aln_Only.txt, sharks/HepPer/temp/20250422_CM068640.1_Var_Only.txt, sharks/HepPer/Reference_HepPer_Chroms_Lengths.txt
    output: sharks/HepPer/20250422_CM068640.1_ROH_Results.txt
    jobid: 106
    reason: Missing output files: sharks/HepPer/20250422_CM068640.1_ROH_Results.txt
    wildcards: CLADE=sharks, SPEC_NAME=HepPer, TODAY_DATE=20250422, CHR=CM068640.1
    resources: mem_mb=100000, mem_mib=95368, disk_mb=1000, disk_mib=954, tmpdir=<TBD>, slurm_account=DURBIN-SL2-CPU, slurm_partition=icelake-himem, runtime=120

Job 106 has been submitted with SLURM jobid 9209280 (log: /rds/project/rds-p67MZilb2eQ/projects/VGP/heterozygosity/.snakemake/slurm_logs/rule_ROH_CALC/sharks_HepPer_20250422_CM068640.1/9209280.log).

[Fri May  9 10:21:57 2025]
rule ROH_CALC:
    input: sharks/HepPer/temp/20250422_CM068677.1_Aln_Only.txt, sharks/HepPer/temp/20250422_CM068677.1_Var_Only.txt, sharks/HepPer/Reference_HepPer_Chroms_Lengths.txt
    output: sharks/HepPer/20250422_CM068677.1_ROH_Results.txt
    jobid: 143
    reason: Missing output files: sharks/HepPer/20250422_CM068677.1_ROH_Results.txt
    wildcards: CLADE=sharks, SPEC_NAME=HepPer, TODAY_DATE=20250422, CHR=CM068677.1
    resources: mem_mb=100000, mem_mib=95368, disk_mb=1000, disk_mib=954, tmpdir=<TBD>, slurm_account=DURBIN-SL2-CPU, slurm_partition=icelake-himem, runtime=120

Job 143 has been submitted with SLURM jobid 9209281 (log: /rds/project/rds-p67MZilb2eQ/projects/VGP/heterozygosity/.snakemake/slurm_logs/rule_ROH_CALC/sharks_HepPer_20250422_CM068677.1/9209281.log).

[Fri May  9 10:21:57 2025]
rule ROH_CALC:
    input: sharks/HepPer/temp/20250422_CM068655.1_Aln_Only.txt, sharks/HepPer/temp/20250422_CM068655.1_Var_Only.txt, sharks/HepPer/Reference_HepPer_Chroms_Lengths.txt
    output: sharks/HepPer/20250422_CM068655.1_ROH_Results.txt
    jobid: 121
    reason: Missing output files: sharks/HepPer/20250422_CM068655.1_ROH_Results.txt
    wildcards: CLADE=sharks, SPEC_NAME=HepPer, TODAY_DATE=20250422, CHR=CM068655.1
    resources: mem_mb=100000, mem_mib=95368, disk_mb=1000, disk_mib=954, tmpdir=<TBD>, slurm_account=DURBIN-SL2-CPU, slurm_partition=icelake-himem, runtime=120

Job 121 has been submitted with SLURM jobid 9209282 (log: /rds/project/rds-p67MZilb2eQ/projects/VGP/heterozygosity/.snakemake/slurm_logs/rule_ROH_CALC/sharks_HepPer_20250422_CM068655.1/9209282.log).

[Fri May  9 10:21:59 2025]
rule ROH_CALC:
    input: sharks/HepPer/temp/20250422_CM068648.1_Aln_Only.txt, sharks/HepPer/temp/20250422_CM068648.1_Var_Only.txt, sharks/HepPer/Reference_HepPer_Chroms_Lengths.txt
    output: sharks/HepPer/20250422_CM068648.1_ROH_Results.txt
    jobid: 114
    reason: Missing output files: sharks/HepPer/20250422_CM068648.1_ROH_Results.txt
    wildcards: CLADE=sharks, SPEC_NAME=HepPer, TODAY_DATE=20250422, CHR=CM068648.1
    resources: mem_mb=100000, mem_mib=95368, disk_mb=1000, disk_mib=954, tmpdir=<TBD>, slurm_account=DURBIN-SL2-CPU, slurm_partition=icelake-himem, runtime=120

Job 114 has been submitted with SLURM jobid 9209283 (log: /rds/project/rds-p67MZilb2eQ/projects/VGP/heterozygosity/.snakemake/slurm_logs/rule_ROH_CALC/sharks_HepPer_20250422_CM068648.1/9209283.log).

[Fri May  9 10:21:59 2025]
rule ROH_CALC:
    input: sharks/HepPer/temp/20250422_CM068641.1_Aln_Only.txt, sharks/HepPer/temp/20250422_CM068641.1_Var_Only.txt, sharks/HepPer/Reference_HepPer_Chroms_Lengths.txt
    output: sharks/HepPer/20250422_CM068641.1_ROH_Results.txt
    jobid: 107
    reason: Missing output files: sharks/HepPer/20250422_CM068641.1_ROH_Results.txt
    wildcards: CLADE=sharks, SPEC_NAME=HepPer, TODAY_DATE=20250422, CHR=CM068641.1
    resources: mem_mb=100000, mem_mib=95368, disk_mb=1000, disk_mib=954, tmpdir=<TBD>, slurm_account=DURBIN-SL2-CPU, slurm_partition=icelake-himem, runtime=120

Job 107 has been submitted with SLURM jobid 9209284 (log: /rds/project/rds-p67MZilb2eQ/projects/VGP/heterozygosity/.snakemake/slurm_logs/rule_ROH_CALC/sharks_HepPer_20250422_CM068641.1/9209284.log).

[Fri May  9 10:21:59 2025]
rule ROH_CALC:
    input: sharks/HepPer/temp/20250422_CM068666.1_Aln_Only.txt, sharks/HepPer/temp/20250422_CM068666.1_Var_Only.txt, sharks/HepPer/Reference_HepPer_Chroms_Lengths.txt
    output: sharks/HepPer/20250422_CM068666.1_ROH_Results.txt
    jobid: 132
    reason: Missing output files: sharks/HepPer/20250422_CM068666.1_ROH_Results.txt
    wildcards: CLADE=sharks, SPEC_NAME=HepPer, TODAY_DATE=20250422, CHR=CM068666.1
    resources: mem_mb=100000, mem_mib=95368, disk_mb=1000, disk_mib=954, tmpdir=<TBD>, slurm_account=DURBIN-SL2-CPU, slurm_partition=icelake-himem, runtime=120

Job 132 has been submitted with SLURM jobid 9209285 (log: /rds/project/rds-p67MZilb2eQ/projects/VGP/heterozygosity/.snakemake/slurm_logs/rule_ROH_CALC/sharks_HepPer_20250422_CM068666.1/9209285.log).

[Fri May  9 10:21:59 2025]
rule ROH_CALC:
    input: sharks/HepPer/temp/20250422_CM068656.1_Aln_Only.txt, sharks/HepPer/temp/20250422_CM068656.1_Var_Only.txt, sharks/HepPer/Reference_HepPer_Chroms_Lengths.txt
    output: sharks/HepPer/20250422_CM068656.1_ROH_Results.txt
    jobid: 122
    reason: Missing output files: sharks/HepPer/20250422_CM068656.1_ROH_Results.txt
    wildcards: CLADE=sharks, SPEC_NAME=HepPer, TODAY_DATE=20250422, CHR=CM068656.1
    resources: mem_mb=100000, mem_mib=95368, disk_mb=1000, disk_mib=954, tmpdir=<TBD>, slurm_account=DURBIN-SL2-CPU, slurm_partition=icelake-himem, runtime=120

Job 122 has been submitted with SLURM jobid 9209286 (log: /rds/project/rds-p67MZilb2eQ/projects/VGP/heterozygosity/.snakemake/slurm_logs/rule_ROH_CALC/sharks_HepPer_20250422_CM068656.1/9209286.log).
Select jobs to execute...
Waiting for more resources.
Waiting for more resources.
Waiting for more resources.
Waiting for more resources.
Waiting for more resources.
Waiting for more resources.
Waiting for more resources.
Waiting for more resources.
[Fri May  9 10:31:54 2025]
Finished job 141.
19 of 49 steps (39%) done
Execute 1 jobs...

[Fri May  9 10:31:54 2025]
rule ROH_CALC:
    input: sharks/HepPer/temp/20250422_CM068682.1_Aln_Only.txt, sharks/HepPer/temp/20250422_CM068682.1_Var_Only.txt, sharks/HepPer/Reference_HepPer_Chroms_Lengths.txt
    output: sharks/HepPer/20250422_CM068682.1_ROH_Results.txt
    jobid: 148
    reason: Missing output files: sharks/HepPer/20250422_CM068682.1_ROH_Results.txt
    wildcards: CLADE=sharks, SPEC_NAME=HepPer, TODAY_DATE=20250422, CHR=CM068682.1
    resources: mem_mb=100000, mem_mib=95368, disk_mb=1000, disk_mib=954, tmpdir=<TBD>, slurm_account=DURBIN-SL2-CPU, slurm_partition=icelake-himem, runtime=120

Job 148 has been submitted with SLURM jobid 9209709 (log: /rds/project/rds-p67MZilb2eQ/projects/VGP/heterozygosity/.snakemake/slurm_logs/rule_ROH_CALC/sharks_HepPer_20250422_CM068682.1/9209709.log).
[Fri May  9 10:31:55 2025]
Finished job 115.
20 of 49 steps (41%) done
[Fri May  9 10:31:55 2025]
Finished job 108.
21 of 49 steps (43%) done
[Fri May  9 10:31:55 2025]
Finished job 106.
22 of 49 steps (45%) done
[Fri May  9 10:31:56 2025]
Finished job 143.
23 of 49 steps (47%) done
[Fri May  9 10:31:56 2025]
Finished job 121.
24 of 49 steps (49%) done
[Fri May  9 10:31:56 2025]
Finished job 114.
25 of 49 steps (51%) done
[Fri May  9 10:31:56 2025]
Finished job 107.
26 of 49 steps (53%) done
[Fri May  9 10:31:56 2025]
Finished job 132.
27 of 49 steps (55%) done
[Fri May  9 10:31:56 2025]
Finished job 122.
28 of 49 steps (57%) done
Select jobs to execute...
Execute 9 jobs...

[Fri May  9 10:31:56 2025]
rule ROH_CALC:
    input: sharks/HepPer/temp/20250422_CM068669.1_Aln_Only.txt, sharks/HepPer/temp/20250422_CM068669.1_Var_Only.txt, sharks/HepPer/Reference_HepPer_Chroms_Lengths.txt
    output: sharks/HepPer/20250422_CM068669.1_ROH_Results.txt
    jobid: 135
    reason: Missing output files: sharks/HepPer/20250422_CM068669.1_ROH_Results.txt
    wildcards: CLADE=sharks, SPEC_NAME=HepPer, TODAY_DATE=20250422, CHR=CM068669.1
    resources: mem_mb=100000, mem_mib=95368, disk_mb=1000, disk_mib=954, tmpdir=<TBD>, slurm_account=DURBIN-SL2-CPU, slurm_partition=icelake-himem, runtime=120

Job 135 has been submitted with SLURM jobid 9209710 (log: /rds/project/rds-p67MZilb2eQ/projects/VGP/heterozygosity/.snakemake/slurm_logs/rule_ROH_CALC/sharks_HepPer_20250422_CM068669.1/9209710.log).

[Fri May  9 10:31:58 2025]
rule ROH_CALC:
    input: sharks/HepPer/temp/20250422_CM068662.1_Aln_Only.txt, sharks/HepPer/temp/20250422_CM068662.1_Var_Only.txt, sharks/HepPer/Reference_HepPer_Chroms_Lengths.txt
    output: sharks/HepPer/20250422_CM068662.1_ROH_Results.txt
    jobid: 128
    reason: Missing output files: sharks/HepPer/20250422_CM068662.1_ROH_Results.txt
    wildcards: CLADE=sharks, SPEC_NAME=HepPer, TODAY_DATE=20250422, CHR=CM068662.1
    resources: mem_mb=100000, mem_mib=95368, disk_mb=1000, disk_mib=954, tmpdir=<TBD>, slurm_account=DURBIN-SL2-CPU, slurm_partition=icelake-himem, runtime=120

Job 128 has been submitted with SLURM jobid 9209711 (log: /rds/project/rds-p67MZilb2eQ/projects/VGP/heterozygosity/.snakemake/slurm_logs/rule_ROH_CALC/sharks_HepPer_20250422_CM068662.1/9209711.log).

[Fri May  9 10:31:58 2025]
rule ROH_CALC:
    input: sharks/HepPer/temp/20250422_CM068671.1_Aln_Only.txt, sharks/HepPer/temp/20250422_CM068671.1_Var_Only.txt, sharks/HepPer/Reference_HepPer_Chroms_Lengths.txt
    output: sharks/HepPer/20250422_CM068671.1_ROH_Results.txt
    jobid: 137
    reason: Missing output files: sharks/HepPer/20250422_CM068671.1_ROH_Results.txt
    wildcards: CLADE=sharks, SPEC_NAME=HepPer, TODAY_DATE=20250422, CHR=CM068671.1
    resources: mem_mb=100000, mem_mib=95368, disk_mb=1000, disk_mib=954, tmpdir=<TBD>, slurm_account=DURBIN-SL2-CPU, slurm_partition=icelake-himem, runtime=120

Job 137 has been submitted with SLURM jobid 9209712 (log: /rds/project/rds-p67MZilb2eQ/projects/VGP/heterozygosity/.snakemake/slurm_logs/rule_ROH_CALC/sharks_HepPer_20250422_CM068671.1/9209712.log).

[Fri May  9 10:31:58 2025]
rule ROH_CALC:
    input: sharks/HepPer/temp/20250422_CM068639.1_Aln_Only.txt, sharks/HepPer/temp/20250422_CM068639.1_Var_Only.txt, sharks/HepPer/Reference_HepPer_Chroms_Lengths.txt
    output: sharks/HepPer/20250422_CM068639.1_ROH_Results.txt
    jobid: 105
    reason: Missing output files: sharks/HepPer/20250422_CM068639.1_ROH_Results.txt
    wildcards: CLADE=sharks, SPEC_NAME=HepPer, TODAY_DATE=20250422, CHR=CM068639.1
    resources: mem_mb=100000, mem_mib=95368, disk_mb=1000, disk_mib=954, tmpdir=<TBD>, slurm_account=DURBIN-SL2-CPU, slurm_partition=icelake-himem, runtime=120

Job 105 has been submitted with SLURM jobid 9209713 (log: /rds/project/rds-p67MZilb2eQ/projects/VGP/heterozygosity/.snakemake/slurm_logs/rule_ROH_CALC/sharks_HepPer_20250422_CM068639.1/9209713.log).

[Fri May  9 10:32:00 2025]
rule ROH_CALC:
    input: sharks/HepPer/temp/20250422_CM068664.1_Aln_Only.txt, sharks/HepPer/temp/20250422_CM068664.1_Var_Only.txt, sharks/HepPer/Reference_HepPer_Chroms_Lengths.txt
    output: sharks/HepPer/20250422_CM068664.1_ROH_Results.txt
    jobid: 130
    reason: Missing output files: sharks/HepPer/20250422_CM068664.1_ROH_Results.txt
    wildcards: CLADE=sharks, SPEC_NAME=HepPer, TODAY_DATE=20250422, CHR=CM068664.1
    resources: mem_mb=100000, mem_mib=95368, disk_mb=1000, disk_mib=954, tmpdir=<TBD>, slurm_account=DURBIN-SL2-CPU, slurm_partition=icelake-himem, runtime=120

Job 130 has been submitted with SLURM jobid 9209714 (log: /rds/project/rds-p67MZilb2eQ/projects/VGP/heterozygosity/.snakemake/slurm_logs/rule_ROH_CALC/sharks_HepPer_20250422_CM068664.1/9209714.log).

[Fri May  9 10:32:00 2025]
rule ROH_CALC:
    input: sharks/HepPer/temp/20250422_CM068657.1_Aln_Only.txt, sharks/HepPer/temp/20250422_CM068657.1_Var_Only.txt, sharks/HepPer/Reference_HepPer_Chroms_Lengths.txt
    output: sharks/HepPer/20250422_CM068657.1_ROH_Results.txt
    jobid: 123
    reason: Missing output files: sharks/HepPer/20250422_CM068657.1_ROH_Results.txt
    wildcards: CLADE=sharks, SPEC_NAME=HepPer, TODAY_DATE=20250422, CHR=CM068657.1
    resources: mem_mb=100000, mem_mib=95368, disk_mb=1000, disk_mib=954, tmpdir=<TBD>, slurm_account=DURBIN-SL2-CPU, slurm_partition=icelake-himem, runtime=120

Job 123 has been submitted with SLURM jobid 9209715 (log: /rds/project/rds-p67MZilb2eQ/projects/VGP/heterozygosity/.snakemake/slurm_logs/rule_ROH_CALC/sharks_HepPer_20250422_CM068657.1/9209715.log).

[Fri May  9 10:32:00 2025]
rule ROH_CALC:
    input: sharks/HepPer/temp/20250422_CM068673.1_Aln_Only.txt, sharks/HepPer/temp/20250422_CM068673.1_Var_Only.txt, sharks/HepPer/Reference_HepPer_Chroms_Lengths.txt
    output: sharks/HepPer/20250422_CM068673.1_ROH_Results.txt
    jobid: 139
    reason: Missing output files: sharks/HepPer/20250422_CM068673.1_ROH_Results.txt
    wildcards: CLADE=sharks, SPEC_NAME=HepPer, TODAY_DATE=20250422, CHR=CM068673.1
    resources: mem_mb=100000, mem_mib=95368, disk_mb=1000, disk_mib=954, tmpdir=<TBD>, slurm_account=DURBIN-SL2-CPU, slurm_partition=icelake-himem, runtime=120

Job 139 has been submitted with SLURM jobid 9209716 (log: /rds/project/rds-p67MZilb2eQ/projects/VGP/heterozygosity/.snakemake/slurm_logs/rule_ROH_CALC/sharks_HepPer_20250422_CM068673.1/9209716.log).

[Fri May  9 10:32:03 2025]
rule ROH_CALC:
    input: sharks/HepPer/temp/20250422_CM068650.1_Aln_Only.txt, sharks/HepPer/temp/20250422_CM068650.1_Var_Only.txt, sharks/HepPer/Reference_HepPer_Chroms_Lengths.txt
    output: sharks/HepPer/20250422_CM068650.1_ROH_Results.txt
    jobid: 116
    reason: Missing output files: sharks/HepPer/20250422_CM068650.1_ROH_Results.txt
    wildcards: CLADE=sharks, SPEC_NAME=HepPer, TODAY_DATE=20250422, CHR=CM068650.1
    resources: mem_mb=100000, mem_mib=95368, disk_mb=1000, disk_mib=954, tmpdir=<TBD>, slurm_account=DURBIN-SL2-CPU, slurm_partition=icelake-himem, runtime=120

Job 116 has been submitted with SLURM jobid 9209718 (log: /rds/project/rds-p67MZilb2eQ/projects/VGP/heterozygosity/.snakemake/slurm_logs/rule_ROH_CALC/sharks_HepPer_20250422_CM068650.1/9209718.log).

[Fri May  9 10:32:03 2025]
rule ROH_CALC:
    input: sharks/HepPer/temp/20250422_CM068672.1_Aln_Only.txt, sharks/HepPer/temp/20250422_CM068672.1_Var_Only.txt, sharks/HepPer/Reference_HepPer_Chroms_Lengths.txt
    output: sharks/HepPer/20250422_CM068672.1_ROH_Results.txt
    jobid: 138
    reason: Missing output files: sharks/HepPer/20250422_CM068672.1_ROH_Results.txt
    wildcards: CLADE=sharks, SPEC_NAME=HepPer, TODAY_DATE=20250422, CHR=CM068672.1
    resources: mem_mb=100000, mem_mib=95368, disk_mb=1000, disk_mib=954, tmpdir=<TBD>, slurm_account=DURBIN-SL2-CPU, slurm_partition=icelake-himem, runtime=120

Job 138 has been submitted with SLURM jobid 9209719 (log: /rds/project/rds-p67MZilb2eQ/projects/VGP/heterozygosity/.snakemake/slurm_logs/rule_ROH_CALC/sharks_HepPer_20250422_CM068672.1/9209719.log).
Select jobs to execute...
Waiting for more resources.
Waiting for more resources.
Waiting for more resources.
Waiting for more resources.
Waiting for more resources.
Waiting for more resources.
Waiting for more resources.
Waiting for more resources.
[Fri May  9 10:43:56 2025]
Finished job 148.
29 of 49 steps (59%) done
Execute 1 jobs...

[Fri May  9 10:43:56 2025]
rule ROH_CALC:
    input: sharks/HepPer/temp/20250422_CM068647.1_Aln_Only.txt, sharks/HepPer/temp/20250422_CM068647.1_Var_Only.txt, sharks/HepPer/Reference_HepPer_Chroms_Lengths.txt
    output: sharks/HepPer/20250422_CM068647.1_ROH_Results.txt
    jobid: 113
    reason: Missing output files: sharks/HepPer/20250422_CM068647.1_ROH_Results.txt
    wildcards: CLADE=sharks, SPEC_NAME=HepPer, TODAY_DATE=20250422, CHR=CM068647.1
    resources: mem_mb=100000, mem_mib=95368, disk_mb=1000, disk_mib=954, tmpdir=<TBD>, slurm_account=DURBIN-SL2-CPU, slurm_partition=icelake-himem, runtime=120

Job 113 has been submitted with SLURM jobid 9210077 (log: /rds/project/rds-p67MZilb2eQ/projects/VGP/heterozygosity/.snakemake/slurm_logs/rule_ROH_CALC/sharks_HepPer_20250422_CM068647.1/9210077.log).
[Fri May  9 10:43:57 2025]
Finished job 135.
30 of 49 steps (61%) done
[Fri May  9 10:43:57 2025]
Finished job 128.
31 of 49 steps (63%) done
[Fri May  9 10:43:57 2025]
Finished job 137.
32 of 49 steps (65%) done
[Fri May  9 10:43:57 2025]
Finished job 105.
33 of 49 steps (67%) done
[Fri May  9 10:43:57 2025]
Finished job 130.
34 of 49 steps (69%) done
[Fri May  9 10:43:57 2025]
Finished job 123.
35 of 49 steps (71%) done
[Fri May  9 10:43:57 2025]
Finished job 139.
36 of 49 steps (73%) done
[Fri May  9 10:43:57 2025]
Finished job 116.
37 of 49 steps (76%) done
[Fri May  9 10:43:57 2025]
Finished job 138.
38 of 49 steps (78%) done
Select jobs to execute...
Execute 7 jobs...

[Fri May  9 10:43:57 2025]
rule ROH_CALC:
    input: sharks/HepPer/temp/20250422_CM068665.1_Aln_Only.txt, sharks/HepPer/temp/20250422_CM068665.1_Var_Only.txt, sharks/HepPer/Reference_HepPer_Chroms_Lengths.txt
    output: sharks/HepPer/20250422_CM068665.1_ROH_Results.txt
    jobid: 131
    reason: Missing output files: sharks/HepPer/20250422_CM068665.1_ROH_Results.txt
    wildcards: CLADE=sharks, SPEC_NAME=HepPer, TODAY_DATE=20250422, CHR=CM068665.1
    resources: mem_mb=100000, mem_mib=95368, disk_mb=1000, disk_mib=954, tmpdir=<TBD>, slurm_account=DURBIN-SL2-CPU, slurm_partition=icelake-himem, runtime=120

Job 131 has been submitted with SLURM jobid 9210078 (log: /rds/project/rds-p67MZilb2eQ/projects/VGP/heterozygosity/.snakemake/slurm_logs/rule_ROH_CALC/sharks_HepPer_20250422_CM068665.1/9210078.log).

[Fri May  9 10:43:57 2025]
rule ROH_CALC:
    input: sharks/HepPer/temp/20250422_CM068658.1_Aln_Only.txt, sharks/HepPer/temp/20250422_CM068658.1_Var_Only.txt, sharks/HepPer/Reference_HepPer_Chroms_Lengths.txt
    output: sharks/HepPer/20250422_CM068658.1_ROH_Results.txt
    jobid: 124
    reason: Missing output files: sharks/HepPer/20250422_CM068658.1_ROH_Results.txt
    wildcards: CLADE=sharks, SPEC_NAME=HepPer, TODAY_DATE=20250422, CHR=CM068658.1
    resources: mem_mb=100000, mem_mib=95368, disk_mb=1000, disk_mib=954, tmpdir=<TBD>, slurm_account=DURBIN-SL2-CPU, slurm_partition=icelake-himem, runtime=120

Job 124 has been submitted with SLURM jobid 9210079 (log: /rds/project/rds-p67MZilb2eQ/projects/VGP/heterozygosity/.snakemake/slurm_logs/rule_ROH_CALC/sharks_HepPer_20250422_CM068658.1/9210079.log).

[Fri May  9 10:43:59 2025]
rule ROH_CALC:
    input: sharks/HepPer/temp/20250422_CM068659.1_Aln_Only.txt, sharks/HepPer/temp/20250422_CM068659.1_Var_Only.txt, sharks/HepPer/Reference_HepPer_Chroms_Lengths.txt
    output: sharks/HepPer/20250422_CM068659.1_ROH_Results.txt
    jobid: 125
    reason: Missing output files: sharks/HepPer/20250422_CM068659.1_ROH_Results.txt
    wildcards: CLADE=sharks, SPEC_NAME=HepPer, TODAY_DATE=20250422, CHR=CM068659.1
    resources: mem_mb=100000, mem_mib=95368, disk_mb=1000, disk_mib=954, tmpdir=<TBD>, slurm_account=DURBIN-SL2-CPU, slurm_partition=icelake-himem, runtime=120

Job 125 has been submitted with SLURM jobid 9210080 (log: /rds/project/rds-p67MZilb2eQ/projects/VGP/heterozygosity/.snakemake/slurm_logs/rule_ROH_CALC/sharks_HepPer_20250422_CM068659.1/9210080.log).

[Fri May  9 10:43:59 2025]
rule ROH_CALC:
    input: sharks/HepPer/temp/20250422_CM068643.1_Aln_Only.txt, sharks/HepPer/temp/20250422_CM068643.1_Var_Only.txt, sharks/HepPer/Reference_HepPer_Chroms_Lengths.txt
    output: sharks/HepPer/20250422_CM068643.1_ROH_Results.txt
    jobid: 109
    reason: Missing output files: sharks/HepPer/20250422_CM068643.1_ROH_Results.txt
    wildcards: CLADE=sharks, SPEC_NAME=HepPer, TODAY_DATE=20250422, CHR=CM068643.1
    resources: mem_mb=100000, mem_mib=95368, disk_mb=1000, disk_mib=954, tmpdir=<TBD>, slurm_account=DURBIN-SL2-CPU, slurm_partition=icelake-himem, runtime=120

Job 109 has been submitted with SLURM jobid 9210081 (log: /rds/project/rds-p67MZilb2eQ/projects/VGP/heterozygosity/.snakemake/slurm_logs/rule_ROH_CALC/sharks_HepPer_20250422_CM068643.1/9210081.log).

[Fri May  9 10:44:00 2025]
rule ROH_CALC:
    input: sharks/HepPer/temp/20250422_CM068668.1_Aln_Only.txt, sharks/HepPer/temp/20250422_CM068668.1_Var_Only.txt, sharks/HepPer/Reference_HepPer_Chroms_Lengths.txt
    output: sharks/HepPer/20250422_CM068668.1_ROH_Results.txt
    jobid: 134
    reason: Missing output files: sharks/HepPer/20250422_CM068668.1_ROH_Results.txt
    wildcards: CLADE=sharks, SPEC_NAME=HepPer, TODAY_DATE=20250422, CHR=CM068668.1
    resources: mem_mb=100000, mem_mib=95368, disk_mb=1000, disk_mib=954, tmpdir=<TBD>, slurm_account=DURBIN-SL2-CPU, slurm_partition=icelake-himem, runtime=120

Job 134 has been submitted with SLURM jobid 9210082 (log: /rds/project/rds-p67MZilb2eQ/projects/VGP/heterozygosity/.snakemake/slurm_logs/rule_ROH_CALC/sharks_HepPer_20250422_CM068668.1/9210082.log).

[Fri May  9 10:44:02 2025]
rule ROH_CALC:
    input: sharks/HepPer/temp/20250422_CM068661.1_Aln_Only.txt, sharks/HepPer/temp/20250422_CM068661.1_Var_Only.txt, sharks/HepPer/Reference_HepPer_Chroms_Lengths.txt
    output: sharks/HepPer/20250422_CM068661.1_ROH_Results.txt
    jobid: 127
    reason: Missing output files: sharks/HepPer/20250422_CM068661.1_ROH_Results.txt
    wildcards: CLADE=sharks, SPEC_NAME=HepPer, TODAY_DATE=20250422, CHR=CM068661.1
    resources: mem_mb=100000, mem_mib=95368, disk_mb=1000, disk_mib=954, tmpdir=<TBD>, slurm_account=DURBIN-SL2-CPU, slurm_partition=icelake-himem, runtime=120

Job 127 has been submitted with SLURM jobid 9210083 (log: /rds/project/rds-p67MZilb2eQ/projects/VGP/heterozygosity/.snakemake/slurm_logs/rule_ROH_CALC/sharks_HepPer_20250422_CM068661.1/9210083.log).

[Fri May  9 10:44:02 2025]
rule ROH_CALC:
    input: sharks/HepPer/temp/20250422_CM068678.1_Aln_Only.txt, sharks/HepPer/temp/20250422_CM068678.1_Var_Only.txt, sharks/HepPer/Reference_HepPer_Chroms_Lengths.txt
    output: sharks/HepPer/20250422_CM068678.1_ROH_Results.txt
    jobid: 144
    reason: Missing output files: sharks/HepPer/20250422_CM068678.1_ROH_Results.txt
    wildcards: CLADE=sharks, SPEC_NAME=HepPer, TODAY_DATE=20250422, CHR=CM068678.1
    resources: mem_mb=100000, mem_mib=95368, disk_mb=1000, disk_mib=954, tmpdir=<TBD>, slurm_account=DURBIN-SL2-CPU, slurm_partition=icelake-himem, runtime=120

Job 144 has been submitted with SLURM jobid 9210084 (log: /rds/project/rds-p67MZilb2eQ/projects/VGP/heterozygosity/.snakemake/slurm_logs/rule_ROH_CALC/sharks_HepPer_20250422_CM068678.1/9210084.log).
[Fri May  9 10:50:27 2025]
Finished job 113.
39 of 49 steps (80%) done
[Fri May  9 10:50:27 2025]
Finished job 131.
40 of 49 steps (82%) done
[Fri May  9 10:50:27 2025]
Finished job 124.
41 of 49 steps (84%) done
[Fri May  9 10:50:27 2025]
Finished job 125.
42 of 49 steps (86%) done
[Fri May  9 10:50:27 2025]
Finished job 109.
43 of 49 steps (88%) done
[Fri May  9 10:50:27 2025]
Finished job 134.
44 of 49 steps (90%) done
[Fri May  9 10:50:27 2025]
Finished job 127.
45 of 49 steps (92%) done
[Fri May  9 10:50:27 2025]
Finished job 144.
46 of 49 steps (94%) done
Select jobs to execute...
Execute 1 jobs...

[Fri May  9 10:50:27 2025]
rule COMPILE_ROH:
    input: sharks/HepPer/20250422_CM068637.1_ROH_Results.txt, sharks/HepPer/20250422_CM068638.1_ROH_Results.txt, sharks/HepPer/20250422_CM068639.1_ROH_Results.txt, sharks/HepPer/20250422_CM068640.1_ROH_Results.txt, sharks/HepPer/20250422_CM068641.1_ROH_Results.txt, sharks/HepPer/20250422_CM068642.1_ROH_Results.txt, sharks/HepPer/20250422_CM068643.1_ROH_Results.txt, sharks/HepPer/20250422_CM068644.1_ROH_Results.txt, sharks/HepPer/20250422_CM068645.1_ROH_Results.txt, sharks/HepPer/20250422_CM068646.1_ROH_Results.txt, sharks/HepPer/20250422_CM068647.1_ROH_Results.txt, sharks/HepPer/20250422_CM068648.1_ROH_Results.txt, sharks/HepPer/20250422_CM068649.1_ROH_Results.txt, sharks/HepPer/20250422_CM068650.1_ROH_Results.txt, sharks/HepPer/20250422_CM068651.1_ROH_Results.txt, sharks/HepPer/20250422_CM068652.1_ROH_Results.txt, sharks/HepPer/20250422_CM068653.1_ROH_Results.txt, sharks/HepPer/20250422_CM068654.1_ROH_Results.txt, sharks/HepPer/20250422_CM068655.1_ROH_Results.txt, sharks/HepPer/20250422_CM068656.1_ROH_Results.txt, sharks/HepPer/20250422_CM068657.1_ROH_Results.txt, sharks/HepPer/20250422_CM068658.1_ROH_Results.txt, sharks/HepPer/20250422_CM068659.1_ROH_Results.txt, sharks/HepPer/20250422_CM068660.1_ROH_Results.txt, sharks/HepPer/20250422_CM068661.1_ROH_Results.txt, sharks/HepPer/20250422_CM068662.1_ROH_Results.txt, sharks/HepPer/20250422_CM068663.1_ROH_Results.txt, sharks/HepPer/20250422_CM068664.1_ROH_Results.txt, sharks/HepPer/20250422_CM068665.1_ROH_Results.txt, sharks/HepPer/20250422_CM068666.1_ROH_Results.txt, sharks/HepPer/20250422_CM068667.1_ROH_Results.txt, sharks/HepPer/20250422_CM068668.1_ROH_Results.txt, sharks/HepPer/20250422_CM068669.1_ROH_Results.txt, sharks/HepPer/20250422_CM068670.1_ROH_Results.txt, sharks/HepPer/20250422_CM068671.1_ROH_Results.txt, sharks/HepPer/20250422_CM068672.1_ROH_Results.txt, sharks/HepPer/20250422_CM068673.1_ROH_Results.txt, sharks/HepPer/20250422_CM068674.1_ROH_Results.txt, sharks/HepPer/20250422_CM068675.1_ROH_Results.txt, sharks/HepPer/20250422_CM068676.1_ROH_Results.txt, sharks/HepPer/20250422_CM068677.1_ROH_Results.txt, sharks/HepPer/20250422_CM068678.1_ROH_Results.txt, sharks/HepPer/20250422_CM068679.1_ROH_Results.txt, sharks/HepPer/20250422_CM068680.1_ROH_Results.txt, sharks/HepPer/20250422_CM068681.1_ROH_Results.txt, sharks/HepPer/20250422_CM068682.1_ROH_Results.txt
    output: sharks/HepPer/HepPer_ROH_Results.csv
    jobid: 149
    reason: Missing output files: sharks/HepPer/HepPer_ROH_Results.csv; Input files updated by another job: sharks/HepPer/20250422_CM068642.1_ROH_Results.txt, sharks/HepPer/20250422_CM068665.1_ROH_Results.txt, sharks/HepPer/20250422_CM068651.1_ROH_Results.txt, sharks/HepPer/20250422_CM068643.1_ROH_Results.txt, sharks/HepPer/20250422_CM068678.1_ROH_Results.txt, sharks/HepPer/20250422_CM068680.1_ROH_Results.txt, sharks/HepPer/20250422_CM068668.1_ROH_Results.txt, sharks/HepPer/20250422_CM068670.1_ROH_Results.txt, sharks/HepPer/20250422_CM068675.1_ROH_Results.txt, sharks/HepPer/20250422_CM068645.1_ROH_Results.txt, sharks/HepPer/20250422_CM068659.1_ROH_Results.txt, sharks/HepPer/20250422_CM068671.1_ROH_Results.txt, sharks/HepPer/20250422_CM068658.1_ROH_Results.txt, sharks/HepPer/20250422_CM068649.1_ROH_Results.txt, sharks/HepPer/20250422_CM068672.1_ROH_Results.txt, sharks/HepPer/20250422_CM068664.1_ROH_Results.txt, sharks/HepPer/20250422_CM068669.1_ROH_Results.txt, sharks/HepPer/20250422_CM068646.1_ROH_Results.txt, sharks/HepPer/20250422_CM068662.1_ROH_Results.txt, sharks/HepPer/20250422_CM068667.1_ROH_Results.txt, sharks/HepPer/20250422_CM068644.1_ROH_Results.txt, sharks/HepPer/20250422_CM068673.1_ROH_Results.txt, sharks/HepPer/20250422_CM068663.1_ROH_Results.txt, sharks/HepPer/20250422_CM068647.1_ROH_Results.txt, sharks/HepPer/20250422_CM068677.1_ROH_Results.txt, sharks/HepPer/20250422_CM068648.1_ROH_Results.txt, sharks/HepPer/20250422_CM068650.1_ROH_Results.txt, sharks/HepPer/20250422_CM068656.1_ROH_Results.txt, sharks/HepPer/20250422_CM068652.1_ROH_Results.txt, sharks/HepPer/20250422_CM068661.1_ROH_Results.txt, sharks/HepPer/20250422_CM068641.1_ROH_Results.txt, sharks/HepPer/20250422_CM068676.1_ROH_Results.txt, sharks/HepPer/20250422_CM068682.1_ROH_Results.txt, sharks/HepPer/20250422_CM068674.1_ROH_Results.txt, sharks/HepPer/20250422_CM068655.1_ROH_Results.txt, sharks/HepPer/20250422_CM068679.1_ROH_Results.txt, sharks/HepPer/20250422_CM068653.1_ROH_Results.txt, sharks/HepPer/20250422_CM068660.1_ROH_Results.txt, sharks/HepPer/20250422_CM068681.1_ROH_Results.txt, sharks/HepPer/20250422_CM068657.1_ROH_Results.txt, sharks/HepPer/20250422_CM068654.1_ROH_Results.txt, sharks/HepPer/20250422_CM068639.1_ROH_Results.txt, sharks/HepPer/20250422_CM068666.1_ROH_Results.txt, sharks/HepPer/20250422_CM068638.1_ROH_Results.txt, sharks/HepPer/20250422_CM068640.1_ROH_Results.txt, sharks/HepPer/20250422_CM068637.1_ROH_Results.txt
    resources: mem_mb=100000, mem_mib=95368, disk_mb=1000, disk_mib=954, tmpdir=<TBD>, slurm_account=DURBIN-SL2-CPU, slurm_partition=icelake-himem, runtime=120

Job 149 has been submitted with SLURM jobid 9210363 (log: /rds/project/rds-p67MZilb2eQ/projects/VGP/heterozygosity/.snakemake/slurm_logs/rule_COMPILE_ROH/9210363.log).
[Fri May  9 11:04:38 2025]
Finished job 149.
47 of 49 steps (96%) done
Select jobs to execute...
Execute 1 jobs...

[Fri May  9 11:04:38 2025]
rule Plot_ROH:
    input: sharks/HepPer/HepPer_ROH_Results.csv, sharks/HepPer/Reference_HepPer_Chroms_Lengths.txt
    output: sharks/HepPer/20250422_HepPer_ROH_Map.pdf
    jobid: 150
    reason: Missing output files: sharks/HepPer/20250422_HepPer_ROH_Map.pdf; Input files updated by another job: sharks/HepPer/HepPer_ROH_Results.csv
    wildcards: CLADE=sharks, SPEC_NAME=HepPer, TODAY_DATE=20250422
    resources: mem_mb=100000, mem_mib=95368, disk_mb=1000, disk_mib=954, tmpdir=<TBD>, slurm_account=DURBIN-SL2-CPU, slurm_partition=icelake-himem, runtime=120

Job 150 has been submitted with SLURM jobid 9210836 (log: /rds/project/rds-p67MZilb2eQ/projects/VGP/heterozygosity/.snakemake/slurm_logs/rule_Plot_ROH/sharks_HepPer_20250422/9210836.log).
[Fri May  9 11:16:39 2025]
Finished job 150.
48 of 49 steps (98%) done
Select jobs to execute...
Execute 1 jobs...

[Fri May  9 11:16:40 2025]
localrule all:
    input: sharks/HepPer/HepPer_FASTGA.chain.fltr.srt.paf, sharks/HepPer/temp/HepPer_Var_Only.txt, sharks/HepPer/temp/HepPer_Aln_Only.txt, sharks/HepPer/temp/20250422_CM068637.1_Aln_Only.txt, sharks/HepPer/temp/20250422_CM068638.1_Aln_Only.txt, sharks/HepPer/temp/20250422_CM068639.1_Aln_Only.txt, sharks/HepPer/temp/20250422_CM068640.1_Aln_Only.txt, sharks/HepPer/temp/20250422_CM068641.1_Aln_Only.txt, sharks/HepPer/temp/20250422_CM068642.1_Aln_Only.txt, sharks/HepPer/temp/20250422_CM068643.1_Aln_Only.txt, sharks/HepPer/temp/20250422_CM068644.1_Aln_Only.txt, sharks/HepPer/temp/20250422_CM068645.1_Aln_Only.txt, sharks/HepPer/temp/20250422_CM068646.1_Aln_Only.txt, sharks/HepPer/temp/20250422_CM068647.1_Aln_Only.txt, sharks/HepPer/temp/20250422_CM068648.1_Aln_Only.txt, sharks/HepPer/temp/20250422_CM068649.1_Aln_Only.txt, sharks/HepPer/temp/20250422_CM068650.1_Aln_Only.txt, sharks/HepPer/temp/20250422_CM068651.1_Aln_Only.txt, sharks/HepPer/temp/20250422_CM068652.1_Aln_Only.txt, sharks/HepPer/temp/20250422_CM068653.1_Aln_Only.txt, sharks/HepPer/temp/20250422_CM068654.1_Aln_Only.txt, sharks/HepPer/temp/20250422_CM068655.1_Aln_Only.txt, sharks/HepPer/temp/20250422_CM068656.1_Aln_Only.txt, sharks/HepPer/temp/20250422_CM068657.1_Aln_Only.txt, sharks/HepPer/temp/20250422_CM068658.1_Aln_Only.txt, sharks/HepPer/temp/20250422_CM068659.1_Aln_Only.txt, sharks/HepPer/temp/20250422_CM068660.1_Aln_Only.txt, sharks/HepPer/temp/20250422_CM068661.1_Aln_Only.txt, sharks/HepPer/temp/20250422_CM068662.1_Aln_Only.txt, sharks/HepPer/temp/20250422_CM068663.1_Aln_Only.txt, sharks/HepPer/temp/20250422_CM068664.1_Aln_Only.txt, sharks/HepPer/temp/20250422_CM068665.1_Aln_Only.txt, sharks/HepPer/temp/20250422_CM068666.1_Aln_Only.txt, sharks/HepPer/temp/20250422_CM068667.1_Aln_Only.txt, sharks/HepPer/temp/20250422_CM068668.1_Aln_Only.txt, sharks/HepPer/temp/20250422_CM068669.1_Aln_Only.txt, sharks/HepPer/temp/20250422_CM068670.1_Aln_Only.txt, sharks/HepPer/temp/20250422_CM068671.1_Aln_Only.txt, sharks/HepPer/temp/20250422_CM068672.1_Aln_Only.txt, sharks/HepPer/temp/20250422_CM068673.1_Aln_Only.txt, sharks/HepPer/temp/20250422_CM068674.1_Aln_Only.txt, sharks/HepPer/temp/20250422_CM068675.1_Aln_Only.txt, sharks/HepPer/temp/20250422_CM068676.1_Aln_Only.txt, sharks/HepPer/temp/20250422_CM068677.1_Aln_Only.txt, sharks/HepPer/temp/20250422_CM068678.1_Aln_Only.txt, sharks/HepPer/temp/20250422_CM068679.1_Aln_Only.txt, sharks/HepPer/temp/20250422_CM068680.1_Aln_Only.txt, sharks/HepPer/temp/20250422_CM068681.1_Aln_Only.txt, sharks/HepPer/temp/20250422_CM068682.1_Aln_Only.txt, sharks/HepPer/temp/20250422_CM068637.1_Var_Only.txt, sharks/HepPer/temp/20250422_CM068638.1_Var_Only.txt, sharks/HepPer/temp/20250422_CM068639.1_Var_Only.txt, sharks/HepPer/temp/20250422_CM068640.1_Var_Only.txt, sharks/HepPer/temp/20250422_CM068641.1_Var_Only.txt, sharks/HepPer/temp/20250422_CM068642.1_Var_Only.txt, sharks/HepPer/temp/20250422_CM068643.1_Var_Only.txt, sharks/HepPer/temp/20250422_CM068644.1_Var_Only.txt, sharks/HepPer/temp/20250422_CM068645.1_Var_Only.txt, sharks/HepPer/temp/20250422_CM068646.1_Var_Only.txt, sharks/HepPer/temp/20250422_CM068647.1_Var_Only.txt, sharks/HepPer/temp/20250422_CM068648.1_Var_Only.txt, sharks/HepPer/temp/20250422_CM068649.1_Var_Only.txt, sharks/HepPer/temp/20250422_CM068650.1_Var_Only.txt, sharks/HepPer/temp/20250422_CM068651.1_Var_Only.txt, sharks/HepPer/temp/20250422_CM068652.1_Var_Only.txt, sharks/HepPer/temp/20250422_CM068653.1_Var_Only.txt, sharks/HepPer/temp/20250422_CM068654.1_Var_Only.txt, sharks/HepPer/temp/20250422_CM068655.1_Var_Only.txt, sharks/HepPer/temp/20250422_CM068656.1_Var_Only.txt, sharks/HepPer/temp/20250422_CM068657.1_Var_Only.txt, sharks/HepPer/temp/20250422_CM068658.1_Var_Only.txt, sharks/HepPer/temp/20250422_CM068659.1_Var_Only.txt, sharks/HepPer/temp/20250422_CM068660.1_Var_Only.txt, sharks/HepPer/temp/20250422_CM068661.1_Var_Only.txt, sharks/HepPer/temp/20250422_CM068662.1_Var_Only.txt, sharks/HepPer/temp/20250422_CM068663.1_Var_Only.txt, sharks/HepPer/temp/20250422_CM068664.1_Var_Only.txt, sharks/HepPer/temp/20250422_CM068665.1_Var_Only.txt, sharks/HepPer/temp/20250422_CM068666.1_Var_Only.txt, sharks/HepPer/temp/20250422_CM068667.1_Var_Only.txt, sharks/HepPer/temp/20250422_CM068668.1_Var_Only.txt, sharks/HepPer/temp/20250422_CM068669.1_Var_Only.txt, sharks/HepPer/temp/20250422_CM068670.1_Var_Only.txt, sharks/HepPer/temp/20250422_CM068671.1_Var_Only.txt, sharks/HepPer/temp/20250422_CM068672.1_Var_Only.txt, sharks/HepPer/temp/20250422_CM068673.1_Var_Only.txt, sharks/HepPer/temp/20250422_CM068674.1_Var_Only.txt, sharks/HepPer/temp/20250422_CM068675.1_Var_Only.txt, sharks/HepPer/temp/20250422_CM068676.1_Var_Only.txt, sharks/HepPer/temp/20250422_CM068677.1_Var_Only.txt, sharks/HepPer/temp/20250422_CM068678.1_Var_Only.txt, sharks/HepPer/temp/20250422_CM068679.1_Var_Only.txt, sharks/HepPer/temp/20250422_CM068680.1_Var_Only.txt, sharks/HepPer/temp/20250422_CM068681.1_Var_Only.txt, sharks/HepPer/temp/20250422_CM068682.1_Var_Only.txt, sharks/HepPer/20250422_CM068637.1_ROH_Results.txt, sharks/HepPer/20250422_CM068638.1_ROH_Results.txt, sharks/HepPer/20250422_CM068639.1_ROH_Results.txt, sharks/HepPer/20250422_CM068640.1_ROH_Results.txt, sharks/HepPer/20250422_CM068641.1_ROH_Results.txt, sharks/HepPer/20250422_CM068642.1_ROH_Results.txt, sharks/HepPer/20250422_CM068643.1_ROH_Results.txt, sharks/HepPer/20250422_CM068644.1_ROH_Results.txt, sharks/HepPer/20250422_CM068645.1_ROH_Results.txt, sharks/HepPer/20250422_CM068646.1_ROH_Results.txt, sharks/HepPer/20250422_CM068647.1_ROH_Results.txt, sharks/HepPer/20250422_CM068648.1_ROH_Results.txt, sharks/HepPer/20250422_CM068649.1_ROH_Results.txt, sharks/HepPer/20250422_CM068650.1_ROH_Results.txt, sharks/HepPer/20250422_CM068651.1_ROH_Results.txt, sharks/HepPer/20250422_CM068652.1_ROH_Results.txt, sharks/HepPer/20250422_CM068653.1_ROH_Results.txt, sharks/HepPer/20250422_CM068654.1_ROH_Results.txt, sharks/HepPer/20250422_CM068655.1_ROH_Results.txt, sharks/HepPer/20250422_CM068656.1_ROH_Results.txt, sharks/HepPer/20250422_CM068657.1_ROH_Results.txt, sharks/HepPer/20250422_CM068658.1_ROH_Results.txt, sharks/HepPer/20250422_CM068659.1_ROH_Results.txt, sharks/HepPer/20250422_CM068660.1_ROH_Results.txt, sharks/HepPer/20250422_CM068661.1_ROH_Results.txt, sharks/HepPer/20250422_CM068662.1_ROH_Results.txt, sharks/HepPer/20250422_CM068663.1_ROH_Results.txt, sharks/HepPer/20250422_CM068664.1_ROH_Results.txt, sharks/HepPer/20250422_CM068665.1_ROH_Results.txt, sharks/HepPer/20250422_CM068666.1_ROH_Results.txt, sharks/HepPer/20250422_CM068667.1_ROH_Results.txt, sharks/HepPer/20250422_CM068668.1_ROH_Results.txt, sharks/HepPer/20250422_CM068669.1_ROH_Results.txt, sharks/HepPer/20250422_CM068670.1_ROH_Results.txt, sharks/HepPer/20250422_CM068671.1_ROH_Results.txt, sharks/HepPer/20250422_CM068672.1_ROH_Results.txt, sharks/HepPer/20250422_CM068673.1_ROH_Results.txt, sharks/HepPer/20250422_CM068674.1_ROH_Results.txt, sharks/HepPer/20250422_CM068675.1_ROH_Results.txt, sharks/HepPer/20250422_CM068676.1_ROH_Results.txt, sharks/HepPer/20250422_CM068677.1_ROH_Results.txt, sharks/HepPer/20250422_CM068678.1_ROH_Results.txt, sharks/HepPer/20250422_CM068679.1_ROH_Results.txt, sharks/HepPer/20250422_CM068680.1_ROH_Results.txt, sharks/HepPer/20250422_CM068681.1_ROH_Results.txt, sharks/HepPer/20250422_CM068682.1_ROH_Results.txt, sharks/HepPer/HepPer_ROH_Results.csv, sharks/HepPer/20250422_HepPer_ROH_Map.pdf
    jobid: 0
    reason: Input files updated by another job: sharks/HepPer/20250422_CM068642.1_ROH_Results.txt, sharks/HepPer/20250422_CM068665.1_ROH_Results.txt, sharks/HepPer/20250422_CM068651.1_ROH_Results.txt, sharks/HepPer/20250422_CM068643.1_ROH_Results.txt, sharks/HepPer/20250422_CM068678.1_ROH_Results.txt, sharks/HepPer/20250422_CM068680.1_ROH_Results.txt, sharks/HepPer/20250422_CM068668.1_ROH_Results.txt, sharks/HepPer/20250422_CM068670.1_ROH_Results.txt, sharks/HepPer/20250422_CM068675.1_ROH_Results.txt, sharks/HepPer/20250422_CM068645.1_ROH_Results.txt, sharks/HepPer/20250422_CM068659.1_ROH_Results.txt, sharks/HepPer/20250422_CM068671.1_ROH_Results.txt, sharks/HepPer/20250422_CM068658.1_ROH_Results.txt, sharks/HepPer/20250422_CM068638.1_ROH_Results.txt, sharks/HepPer/20250422_CM068649.1_ROH_Results.txt, sharks/HepPer/20250422_CM068672.1_ROH_Results.txt, sharks/HepPer/20250422_CM068664.1_ROH_Results.txt, sharks/HepPer/20250422_CM068669.1_ROH_Results.txt, sharks/HepPer/20250422_CM068646.1_ROH_Results.txt, sharks/HepPer/20250422_HepPer_ROH_Map.pdf, sharks/HepPer/20250422_CM068644.1_ROH_Results.txt, sharks/HepPer/20250422_CM068662.1_ROH_Results.txt, sharks/HepPer/20250422_CM068667.1_ROH_Results.txt, sharks/HepPer/20250422_CM068673.1_ROH_Results.txt, sharks/HepPer/20250422_CM068663.1_ROH_Results.txt, sharks/HepPer/20250422_CM068647.1_ROH_Results.txt, sharks/HepPer/20250422_CM068677.1_ROH_Results.txt, sharks/HepPer/20250422_CM068648.1_ROH_Results.txt, sharks/HepPer/20250422_CM068650.1_ROH_Results.txt, sharks/HepPer/20250422_CM068656.1_ROH_Results.txt, sharks/HepPer/20250422_CM068661.1_ROH_Results.txt, sharks/HepPer/20250422_CM068641.1_ROH_Results.txt, sharks/HepPer/20250422_CM068676.1_ROH_Results.txt, sharks/HepPer/20250422_CM068682.1_ROH_Results.txt, sharks/HepPer/20250422_CM068674.1_ROH_Results.txt, sharks/HepPer/20250422_CM068655.1_ROH_Results.txt, sharks/HepPer/20250422_CM068679.1_ROH_Results.txt, sharks/HepPer/20250422_CM068653.1_ROH_Results.txt, sharks/HepPer/20250422_CM068660.1_ROH_Results.txt, sharks/HepPer/20250422_CM068681.1_ROH_Results.txt, sharks/HepPer/20250422_CM068657.1_ROH_Results.txt, sharks/HepPer/20250422_CM068654.1_ROH_Results.txt, sharks/HepPer/20250422_CM068639.1_ROH_Results.txt, sharks/HepPer/20250422_CM068666.1_ROH_Results.txt, sharks/HepPer/20250422_CM068652.1_ROH_Results.txt, sharks/HepPer/HepPer_ROH_Results.csv, sharks/HepPer/20250422_CM068640.1_ROH_Results.txt, sharks/HepPer/20250422_CM068637.1_ROH_Results.txt
    resources: mem_mb=100000, mem_mib=95368, disk_mb=2258, disk_mib=2154, tmpdir=/tmp, slurm_account=DURBIN-SL2-CPU, slurm_partition=icelake-himem, runtime=120

[Fri May  9 11:16:40 2025]
Finished job 0.
49 of 49 steps (100%) done
Complete log: .snakemake/log/2025-05-09T100150.897796.snakemake.log
