host: login-q-1
Building DAG of jobs...
Using shell: /usr/bin/bash
Provided cores: 76
Rules claiming more threads will be scaled down.
Job stats:
job                    count
-------------------  -------
BAM_CALLER_BED            45
BGZIP_VCF                 45
CALL_PLOIDY               45
INDEL_MASKER              45
INDEX_BAM_FILE            45
INDEX_WHOLE_BAM            1
MAKE_BAM                   1
PILEUP_VARIANTS           46
REMOVE_INDELS             45
RESTRUCTURE               45
SEPARATE_BAM_BY_CHR       46
TABIX                     45
all                        1
total                    455

Select jobs to execute...
Execute 1 jobs...

[Thu May 22 13:46:14 2025]
localrule MAKE_BAM:
    input: sharks/HepPer/HepPer.sam
    output: sharks/HepPer/HepPer.bam
    jobid: 293
    reason: Missing output files: sharks/HepPer/HepPer.bam; Updated input files: sharks/HepPer/HepPer.sam
    wildcards: CLADE=sharks, SPEC_NAME=HepPer
    resources: tmpdir=/tmp

