host: login-p-3
Building DAG of jobs...
Using shell: /usr/bin/bash
Provided cores: 56
Rules claiming more threads will be scaled down.
Job stats:
job                    count
-------------------  -------
FILTER_PAF_VARIANCE        1
GET_WHOLE_ALN              1
GET_WHOLE_VAR              1
SORT_PAF                   1
all                        1
total                      5

Select jobs to execute...
Execute 1 jobs...

[Fri Apr 11 19:41:06 2025]
localrule FILTER_PAF_VARIANCE:
    input: sharks/NarBan/NarBan_FASTGA.paf
    output: sharks/NarBan/NarBan_FASTGA.fltr.paf
    jobid: 2
    reason: Code has changed since last execution
    resources: tmpdir=/tmp

[Fri Apr 11 19:41:57 2025]
Finished job 2.
1 of 5 steps (20%) done
Select jobs to execute...
Execute 1 jobs...

[Fri Apr 11 19:41:57 2025]
localrule SORT_PAF:
    input: sharks/NarBan/NarBan_FASTGA.fltr.paf
    output: sharks/NarBan/NarBan_FASTGA.fltr.srt.paf
    jobid: 1
    reason: Input files updated by another job: sharks/NarBan/NarBan_FASTGA.fltr.paf
    resources: tmpdir=/tmp

RuleException:
CalledProcessError in file /rds/project/rds-p67MZilb2eQ/projects/VGP/heterozygosity/Snakefile, line 193:
Command 'set -euo pipefail;  
        sort -k6,6V -k8,8n sharks/NarBan/NarBan_FASTGA.fltr.paf > sharks/NarBan/NarBan_FASTGA.fltr.srt.paf' returned non-zero exit status 137.
[Fri Apr 11 19:43:19 2025]
Error in rule SORT_PAF:
    jobid: 1
    input: sharks/NarBan/NarBan_FASTGA.fltr.paf
    output: sharks/NarBan/NarBan_FASTGA.fltr.srt.paf
    shell:
        
        sort -k6,6V -k8,8n sharks/NarBan/NarBan_FASTGA.fltr.paf > sharks/NarBan/NarBan_FASTGA.fltr.srt.paf
        
        (one of the commands exited with non-zero exit code; note that snakemake uses bash strict mode!)

Removing output files of failed job SORT_PAF since they might be corrupted:
sharks/NarBan/NarBan_FASTGA.fltr.srt.paf
Shutting down, this might take some time.
Exiting because a job execution failed. Look above for error message
Complete log: .snakemake/log/2025-04-11T194106.854506.snakemake.log
WorkflowError:
At least one job did not complete successfully.
