host: login-p-1
Building DAG of jobs...
Using shell: /usr/bin/bash
Provided cores: 56
Rules claiming more threads will be scaled down.
Job stats:
job           count
----------  -------
FILTER_PAF        1
total             1

Select jobs to execute...
Execute 1 jobs...

[Wed Mar 26 12:22:20 2025]
localrule FILTER_PAF:
    input: amphibians/EleCoq_TEST/EleCoq_TEST_FASTGA.paf
    output: amphibians/EleCoq_TEST/test.txt
    jobid: 0
    reason: Missing output files: amphibians/EleCoq_TEST/test.txt
    resources: tmpdir=/tmp

[Wed Mar 26 12:22:21 2025]
Finished job 0.
1 of 1 steps (100%) done
Complete log: .snakemake/log/2025-03-26T122220.702337.snakemake.log
