host: login-p-1
Building DAG of jobs...
SLURM run ID: 29b7e081-a3fa-4dad-8535-c149b92a2437
Using shell: /usr/bin/bash
Provided remote nodes: 30
Job stats:
job                 count
----------------  -------
MAIN_MULTIHETSEP       40
all                     1
total                  41

Select jobs to execute...
Execute 30 jobs...

[Thu May 29 10:22:41 2025]
rule MAIN_MULTIHETSEP:
    input: sharks/HydCol/MSMC/Output_VCF/HydCol_CM068771.1_only_snps.vcf.gz, sharks/HydCol/MSMC/ROH_Negative_Mask/HydCol_CM068771.1_ROH_Mask.bed.gz, sharks/HydCol/MSMC/Output_Mask/HydCol_CM068771.1.bed.gz
    output: sharks/HydCol/MSMC/Output_NEW_multihetsep/CM068771.1_multihet.txt
    jobid: 288
    reason: Missing output files: sharks/HydCol/MSMC/Output_NEW_multihetsep/CM068771.1_multihet.txt
    wildcards: CLADE=sharks, SPEC_NAME=HydCol, CHROM=CM068771.1
    resources: mem_mb=10000, mem_mib=9537, disk_mb=1000, disk_mib=954, tmpdir=<TBD>, slurm_account=DURBIN-SL2-CPU, slurm_partition=cclake-himem, runtime=60

Job 288 has been submitted with SLURM jobid 10065118 (log: /rds/project/rds-p67MZilb2eQ/projects/VGP/heterozygosity/.snakemake/slurm_logs/rule_MAIN_MULTIHETSEP/sharks_HydCol_CM068771.1/10065118.log).

[Thu May 29 10:22:41 2025]
rule MAIN_MULTIHETSEP:
    input: sharks/HydCol/MSMC/Output_VCF/HydCol_CM068758.1_only_snps.vcf.gz, sharks/HydCol/MSMC/ROH_Negative_Mask/HydCol_CM068758.1_ROH_Mask.bed.gz, sharks/HydCol/MSMC/Output_Mask/HydCol_CM068758.1.bed.gz
    output: sharks/HydCol/MSMC/Output_NEW_multihetsep/CM068758.1_multihet.txt
    jobid: 275
    reason: Missing output files: sharks/HydCol/MSMC/Output_NEW_multihetsep/CM068758.1_multihet.txt
    wildcards: CLADE=sharks, SPEC_NAME=HydCol, CHROM=CM068758.1
    resources: mem_mb=10000, mem_mib=9537, disk_mb=1000, disk_mib=954, tmpdir=<TBD>, slurm_account=DURBIN-SL2-CPU, slurm_partition=cclake-himem, runtime=60

Job 275 has been submitted with SLURM jobid 10065119 (log: /rds/project/rds-p67MZilb2eQ/projects/VGP/heterozygosity/.snakemake/slurm_logs/rule_MAIN_MULTIHETSEP/sharks_HydCol_CM068758.1/10065119.log).

[Thu May 29 10:22:42 2025]
rule MAIN_MULTIHETSEP:
    input: sharks/HydCol/MSMC/Output_VCF/HydCol_CM068751.1_only_snps.vcf.gz, sharks/HydCol/MSMC/ROH_Negative_Mask/HydCol_CM068751.1_ROH_Mask.bed.gz, sharks/HydCol/MSMC/Output_Mask/HydCol_CM068751.1.bed.gz
    output: sharks/HydCol/MSMC/Output_NEW_multihetsep/CM068751.1_multihet.txt
    jobid: 268
    reason: Missing output files: sharks/HydCol/MSMC/Output_NEW_multihetsep/CM068751.1_multihet.txt
    wildcards: CLADE=sharks, SPEC_NAME=HydCol, CHROM=CM068751.1
    resources: mem_mb=10000, mem_mib=9537, disk_mb=1000, disk_mib=954, tmpdir=<TBD>, slurm_account=DURBIN-SL2-CPU, slurm_partition=cclake-himem, runtime=60

Job 268 has been submitted with SLURM jobid 10065120 (log: /rds/project/rds-p67MZilb2eQ/projects/VGP/heterozygosity/.snakemake/slurm_logs/rule_MAIN_MULTIHETSEP/sharks_HydCol_CM068751.1/10065120.log).

[Thu May 29 10:22:42 2025]
rule MAIN_MULTIHETSEP:
    input: sharks/HydCol/MSMC/Output_VCF/HydCol_CM068744.1_only_snps.vcf.gz, sharks/HydCol/MSMC/ROH_Negative_Mask/HydCol_CM068744.1_ROH_Mask.bed.gz, sharks/HydCol/MSMC/Output_Mask/HydCol_CM068744.1.bed.gz
    output: sharks/HydCol/MSMC/Output_NEW_multihetsep/CM068744.1_multihet.txt
    jobid: 261
    reason: Missing output files: sharks/HydCol/MSMC/Output_NEW_multihetsep/CM068744.1_multihet.txt
    wildcards: CLADE=sharks, SPEC_NAME=HydCol, CHROM=CM068744.1
    resources: mem_mb=10000, mem_mib=9537, disk_mb=1000, disk_mib=954, tmpdir=<TBD>, slurm_account=DURBIN-SL2-CPU, slurm_partition=cclake-himem, runtime=60

Job 261 has been submitted with SLURM jobid 10065121 (log: /rds/project/rds-p67MZilb2eQ/projects/VGP/heterozygosity/.snakemake/slurm_logs/rule_MAIN_MULTIHETSEP/sharks_HydCol_CM068744.1/10065121.log).

[Thu May 29 10:22:44 2025]
rule MAIN_MULTIHETSEP:
    input: sharks/HydCol/MSMC/Output_VCF/HydCol_CM068779.1_only_snps.vcf.gz, sharks/HydCol/MSMC/ROH_Negative_Mask/HydCol_CM068779.1_ROH_Mask.bed.gz, sharks/HydCol/MSMC/Output_Mask/HydCol_CM068779.1.bed.gz
    output: sharks/HydCol/MSMC/Output_NEW_multihetsep/CM068779.1_multihet.txt
    jobid: 296
    reason: Missing output files: sharks/HydCol/MSMC/Output_NEW_multihetsep/CM068779.1_multihet.txt
    wildcards: CLADE=sharks, SPEC_NAME=HydCol, CHROM=CM068779.1
    resources: mem_mb=10000, mem_mib=9537, disk_mb=1000, disk_mib=954, tmpdir=<TBD>, slurm_account=DURBIN-SL2-CPU, slurm_partition=cclake-himem, runtime=60

Job 296 has been submitted with SLURM jobid 10065124 (log: /rds/project/rds-p67MZilb2eQ/projects/VGP/heterozygosity/.snakemake/slurm_logs/rule_MAIN_MULTIHETSEP/sharks_HydCol_CM068779.1/10065124.log).

[Thu May 29 10:22:44 2025]
rule MAIN_MULTIHETSEP:
    input: sharks/HydCol/MSMC/Output_VCF/HydCol_CM068772.1_only_snps.vcf.gz, sharks/HydCol/MSMC/ROH_Negative_Mask/HydCol_CM068772.1_ROH_Mask.bed.gz, sharks/HydCol/MSMC/Output_Mask/HydCol_CM068772.1.bed.gz
    output: sharks/HydCol/MSMC/Output_NEW_multihetsep/CM068772.1_multihet.txt
    jobid: 289
    reason: Missing output files: sharks/HydCol/MSMC/Output_NEW_multihetsep/CM068772.1_multihet.txt
    wildcards: CLADE=sharks, SPEC_NAME=HydCol, CHROM=CM068772.1
    resources: mem_mb=10000, mem_mib=9537, disk_mb=1000, disk_mib=954, tmpdir=<TBD>, slurm_account=DURBIN-SL2-CPU, slurm_partition=cclake-himem, runtime=60

Job 289 has been submitted with SLURM jobid 10065125 (log: /rds/project/rds-p67MZilb2eQ/projects/VGP/heterozygosity/.snakemake/slurm_logs/rule_MAIN_MULTIHETSEP/sharks_HydCol_CM068772.1/10065125.log).

[Thu May 29 10:22:44 2025]
rule MAIN_MULTIHETSEP:
    input: sharks/HydCol/MSMC/Output_VCF/HydCol_CM068765.1_only_snps.vcf.gz, sharks/HydCol/MSMC/ROH_Negative_Mask/HydCol_CM068765.1_ROH_Mask.bed.gz, sharks/HydCol/MSMC/Output_Mask/HydCol_CM068765.1.bed.gz
    output: sharks/HydCol/MSMC/Output_NEW_multihetsep/CM068765.1_multihet.txt
    jobid: 282
    reason: Missing output files: sharks/HydCol/MSMC/Output_NEW_multihetsep/CM068765.1_multihet.txt
    wildcards: CLADE=sharks, SPEC_NAME=HydCol, CHROM=CM068765.1
    resources: mem_mb=10000, mem_mib=9537, disk_mb=1000, disk_mib=954, tmpdir=<TBD>, slurm_account=DURBIN-SL2-CPU, slurm_partition=cclake-himem, runtime=60

Job 282 has been submitted with SLURM jobid 10065126 (log: /rds/project/rds-p67MZilb2eQ/projects/VGP/heterozygosity/.snakemake/slurm_logs/rule_MAIN_MULTIHETSEP/sharks_HydCol_CM068765.1/10065126.log).

[Thu May 29 10:22:45 2025]
rule MAIN_MULTIHETSEP:
    input: sharks/HydCol/MSMC/Output_VCF/HydCol_CM068759.1_only_snps.vcf.gz, sharks/HydCol/MSMC/ROH_Negative_Mask/HydCol_CM068759.1_ROH_Mask.bed.gz, sharks/HydCol/MSMC/Output_Mask/HydCol_CM068759.1.bed.gz
    output: sharks/HydCol/MSMC/Output_NEW_multihetsep/CM068759.1_multihet.txt
    jobid: 276
    reason: Missing output files: sharks/HydCol/MSMC/Output_NEW_multihetsep/CM068759.1_multihet.txt
    wildcards: CLADE=sharks, SPEC_NAME=HydCol, CHROM=CM068759.1
    resources: mem_mb=10000, mem_mib=9537, disk_mb=1000, disk_mib=954, tmpdir=<TBD>, slurm_account=DURBIN-SL2-CPU, slurm_partition=cclake-himem, runtime=60

Job 276 has been submitted with SLURM jobid 10065127 (log: /rds/project/rds-p67MZilb2eQ/projects/VGP/heterozygosity/.snakemake/slurm_logs/rule_MAIN_MULTIHETSEP/sharks_HydCol_CM068759.1/10065127.log).

[Thu May 29 10:22:47 2025]
rule MAIN_MULTIHETSEP:
    input: sharks/HydCol/MSMC/Output_VCF/HydCol_CM068752.1_only_snps.vcf.gz, sharks/HydCol/MSMC/ROH_Negative_Mask/HydCol_CM068752.1_ROH_Mask.bed.gz, sharks/HydCol/MSMC/Output_Mask/HydCol_CM068752.1.bed.gz
    output: sharks/HydCol/MSMC/Output_NEW_multihetsep/CM068752.1_multihet.txt
    jobid: 269
    reason: Missing output files: sharks/HydCol/MSMC/Output_NEW_multihetsep/CM068752.1_multihet.txt
    wildcards: CLADE=sharks, SPEC_NAME=HydCol, CHROM=CM068752.1
    resources: mem_mb=10000, mem_mib=9537, disk_mb=1000, disk_mib=954, tmpdir=<TBD>, slurm_account=DURBIN-SL2-CPU, slurm_partition=cclake-himem, runtime=60

Job 269 has been submitted with SLURM jobid 10065128 (log: /rds/project/rds-p67MZilb2eQ/projects/VGP/heterozygosity/.snakemake/slurm_logs/rule_MAIN_MULTIHETSEP/sharks_HydCol_CM068752.1/10065128.log).

[Thu May 29 10:22:47 2025]
rule MAIN_MULTIHETSEP:
    input: sharks/HydCol/MSMC/Output_VCF/HydCol_CM068745.1_only_snps.vcf.gz, sharks/HydCol/MSMC/ROH_Negative_Mask/HydCol_CM068745.1_ROH_Mask.bed.gz, sharks/HydCol/MSMC/Output_Mask/HydCol_CM068745.1.bed.gz
    output: sharks/HydCol/MSMC/Output_NEW_multihetsep/CM068745.1_multihet.txt
    jobid: 262
    reason: Missing output files: sharks/HydCol/MSMC/Output_NEW_multihetsep/CM068745.1_multihet.txt
    wildcards: CLADE=sharks, SPEC_NAME=HydCol, CHROM=CM068745.1
    resources: mem_mb=10000, mem_mib=9537, disk_mb=1000, disk_mib=954, tmpdir=<TBD>, slurm_account=DURBIN-SL2-CPU, slurm_partition=cclake-himem, runtime=60

Job 262 has been submitted with SLURM jobid 10065129 (log: /rds/project/rds-p67MZilb2eQ/projects/VGP/heterozygosity/.snakemake/slurm_logs/rule_MAIN_MULTIHETSEP/sharks_HydCol_CM068745.1/10065129.log).

[Thu May 29 10:22:47 2025]
rule MAIN_MULTIHETSEP:
    input: sharks/HydCol/MSMC/Output_VCF/HydCol_CM068780.1_only_snps.vcf.gz, sharks/HydCol/MSMC/ROH_Negative_Mask/HydCol_CM068780.1_ROH_Mask.bed.gz, sharks/HydCol/MSMC/Output_Mask/HydCol_CM068780.1.bed.gz
    output: sharks/HydCol/MSMC/Output_NEW_multihetsep/CM068780.1_multihet.txt
    jobid: 297
    reason: Missing output files: sharks/HydCol/MSMC/Output_NEW_multihetsep/CM068780.1_multihet.txt
    wildcards: CLADE=sharks, SPEC_NAME=HydCol, CHROM=CM068780.1
    resources: mem_mb=10000, mem_mib=9537, disk_mb=1000, disk_mib=954, tmpdir=<TBD>, slurm_account=DURBIN-SL2-CPU, slurm_partition=cclake-himem, runtime=60

Job 297 has been submitted with SLURM jobid 10065130 (log: /rds/project/rds-p67MZilb2eQ/projects/VGP/heterozygosity/.snakemake/slurm_logs/rule_MAIN_MULTIHETSEP/sharks_HydCol_CM068780.1/10065130.log).

[Thu May 29 10:22:49 2025]
rule MAIN_MULTIHETSEP:
    input: sharks/HydCol/MSMC/Output_VCF/HydCol_CM068773.1_only_snps.vcf.gz, sharks/HydCol/MSMC/ROH_Negative_Mask/HydCol_CM068773.1_ROH_Mask.bed.gz, sharks/HydCol/MSMC/Output_Mask/HydCol_CM068773.1.bed.gz
    output: sharks/HydCol/MSMC/Output_NEW_multihetsep/CM068773.1_multihet.txt
    jobid: 290
    reason: Missing output files: sharks/HydCol/MSMC/Output_NEW_multihetsep/CM068773.1_multihet.txt
    wildcards: CLADE=sharks, SPEC_NAME=HydCol, CHROM=CM068773.1
    resources: mem_mb=10000, mem_mib=9537, disk_mb=1000, disk_mib=954, tmpdir=<TBD>, slurm_account=DURBIN-SL2-CPU, slurm_partition=cclake-himem, runtime=60

Job 290 has been submitted with SLURM jobid 10065131 (log: /rds/project/rds-p67MZilb2eQ/projects/VGP/heterozygosity/.snakemake/slurm_logs/rule_MAIN_MULTIHETSEP/sharks_HydCol_CM068773.1/10065131.log).

[Thu May 29 10:22:49 2025]
rule MAIN_MULTIHETSEP:
    input: sharks/HydCol/MSMC/Output_VCF/HydCol_CM068766.1_only_snps.vcf.gz, sharks/HydCol/MSMC/ROH_Negative_Mask/HydCol_CM068766.1_ROH_Mask.bed.gz, sharks/HydCol/MSMC/Output_Mask/HydCol_CM068766.1.bed.gz
    output: sharks/HydCol/MSMC/Output_NEW_multihetsep/CM068766.1_multihet.txt
    jobid: 283
    reason: Missing output files: sharks/HydCol/MSMC/Output_NEW_multihetsep/CM068766.1_multihet.txt
    wildcards: CLADE=sharks, SPEC_NAME=HydCol, CHROM=CM068766.1
    resources: mem_mb=10000, mem_mib=9537, disk_mb=1000, disk_mib=954, tmpdir=<TBD>, slurm_account=DURBIN-SL2-CPU, slurm_partition=cclake-himem, runtime=60

Job 283 has been submitted with SLURM jobid 10065132 (log: /rds/project/rds-p67MZilb2eQ/projects/VGP/heterozygosity/.snakemake/slurm_logs/rule_MAIN_MULTIHETSEP/sharks_HydCol_CM068766.1/10065132.log).

[Thu May 29 10:22:50 2025]
rule MAIN_MULTIHETSEP:
    input: sharks/HydCol/MSMC/Output_VCF/HydCol_CM068760.1_only_snps.vcf.gz, sharks/HydCol/MSMC/ROH_Negative_Mask/HydCol_CM068760.1_ROH_Mask.bed.gz, sharks/HydCol/MSMC/Output_Mask/HydCol_CM068760.1.bed.gz
    output: sharks/HydCol/MSMC/Output_NEW_multihetsep/CM068760.1_multihet.txt
    jobid: 277
    reason: Missing output files: sharks/HydCol/MSMC/Output_NEW_multihetsep/CM068760.1_multihet.txt
    wildcards: CLADE=sharks, SPEC_NAME=HydCol, CHROM=CM068760.1
    resources: mem_mb=10000, mem_mib=9537, disk_mb=1000, disk_mib=954, tmpdir=<TBD>, slurm_account=DURBIN-SL2-CPU, slurm_partition=cclake-himem, runtime=60

Job 277 has been submitted with SLURM jobid 10065133 (log: /rds/project/rds-p67MZilb2eQ/projects/VGP/heterozygosity/.snakemake/slurm_logs/rule_MAIN_MULTIHETSEP/sharks_HydCol_CM068760.1/10065133.log).

[Thu May 29 10:22:52 2025]
rule MAIN_MULTIHETSEP:
    input: sharks/HydCol/MSMC/Output_VCF/HydCol_CM068753.1_only_snps.vcf.gz, sharks/HydCol/MSMC/ROH_Negative_Mask/HydCol_CM068753.1_ROH_Mask.bed.gz, sharks/HydCol/MSMC/Output_Mask/HydCol_CM068753.1.bed.gz
    output: sharks/HydCol/MSMC/Output_NEW_multihetsep/CM068753.1_multihet.txt
    jobid: 270
    reason: Missing output files: sharks/HydCol/MSMC/Output_NEW_multihetsep/CM068753.1_multihet.txt
    wildcards: CLADE=sharks, SPEC_NAME=HydCol, CHROM=CM068753.1
    resources: mem_mb=10000, mem_mib=9537, disk_mb=1000, disk_mib=954, tmpdir=<TBD>, slurm_account=DURBIN-SL2-CPU, slurm_partition=cclake-himem, runtime=60

Job 270 has been submitted with SLURM jobid 10065135 (log: /rds/project/rds-p67MZilb2eQ/projects/VGP/heterozygosity/.snakemake/slurm_logs/rule_MAIN_MULTIHETSEP/sharks_HydCol_CM068753.1/10065135.log).

[Thu May 29 10:22:52 2025]
rule MAIN_MULTIHETSEP:
    input: sharks/HydCol/MSMC/Output_VCF/HydCol_CM068746.1_only_snps.vcf.gz, sharks/HydCol/MSMC/ROH_Negative_Mask/HydCol_CM068746.1_ROH_Mask.bed.gz, sharks/HydCol/MSMC/Output_Mask/HydCol_CM068746.1.bed.gz
    output: sharks/HydCol/MSMC/Output_NEW_multihetsep/CM068746.1_multihet.txt
    jobid: 263
    reason: Missing output files: sharks/HydCol/MSMC/Output_NEW_multihetsep/CM068746.1_multihet.txt
    wildcards: CLADE=sharks, SPEC_NAME=HydCol, CHROM=CM068746.1
    resources: mem_mb=10000, mem_mib=9537, disk_mb=1000, disk_mib=954, tmpdir=<TBD>, slurm_account=DURBIN-SL2-CPU, slurm_partition=cclake-himem, runtime=60

Job 263 has been submitted with SLURM jobid 10065136 (log: /rds/project/rds-p67MZilb2eQ/projects/VGP/heterozygosity/.snakemake/slurm_logs/rule_MAIN_MULTIHETSEP/sharks_HydCol_CM068746.1/10065136.log).

[Thu May 29 10:22:54 2025]
rule MAIN_MULTIHETSEP:
    input: sharks/HydCol/MSMC/Output_VCF/HydCol_CM068781.1_only_snps.vcf.gz, sharks/HydCol/MSMC/ROH_Negative_Mask/HydCol_CM068781.1_ROH_Mask.bed.gz, sharks/HydCol/MSMC/Output_Mask/HydCol_CM068781.1.bed.gz
    output: sharks/HydCol/MSMC/Output_NEW_multihetsep/CM068781.1_multihet.txt
    jobid: 298
    reason: Missing output files: sharks/HydCol/MSMC/Output_NEW_multihetsep/CM068781.1_multihet.txt
    wildcards: CLADE=sharks, SPEC_NAME=HydCol, CHROM=CM068781.1
    resources: mem_mb=10000, mem_mib=9537, disk_mb=1000, disk_mib=954, tmpdir=<TBD>, slurm_account=DURBIN-SL2-CPU, slurm_partition=cclake-himem, runtime=60

Job 298 has been submitted with SLURM jobid 10065137 (log: /rds/project/rds-p67MZilb2eQ/projects/VGP/heterozygosity/.snakemake/slurm_logs/rule_MAIN_MULTIHETSEP/sharks_HydCol_CM068781.1/10065137.log).

[Thu May 29 10:22:54 2025]
rule MAIN_MULTIHETSEP:
    input: sharks/HydCol/MSMC/Output_VCF/HydCol_CM068755.1_only_snps.vcf.gz, sharks/HydCol/MSMC/ROH_Negative_Mask/HydCol_CM068755.1_ROH_Mask.bed.gz, sharks/HydCol/MSMC/Output_Mask/HydCol_CM068755.1.bed.gz
    output: sharks/HydCol/MSMC/Output_NEW_multihetsep/CM068755.1_multihet.txt
    jobid: 272
    reason: Missing output files: sharks/HydCol/MSMC/Output_NEW_multihetsep/CM068755.1_multihet.txt
    wildcards: CLADE=sharks, SPEC_NAME=HydCol, CHROM=CM068755.1
    resources: mem_mb=10000, mem_mib=9537, disk_mb=1000, disk_mib=954, tmpdir=<TBD>, slurm_account=DURBIN-SL2-CPU, slurm_partition=cclake-himem, runtime=60

Job 272 has been submitted with SLURM jobid 10065138 (log: /rds/project/rds-p67MZilb2eQ/projects/VGP/heterozygosity/.snakemake/slurm_logs/rule_MAIN_MULTIHETSEP/sharks_HydCol_CM068755.1/10065138.log).

[Thu May 29 10:22:55 2025]
rule MAIN_MULTIHETSEP:
    input: sharks/HydCol/MSMC/Output_VCF/HydCol_CM068748.1_only_snps.vcf.gz, sharks/HydCol/MSMC/ROH_Negative_Mask/HydCol_CM068748.1_ROH_Mask.bed.gz, sharks/HydCol/MSMC/Output_Mask/HydCol_CM068748.1.bed.gz
    output: sharks/HydCol/MSMC/Output_NEW_multihetsep/CM068748.1_multihet.txt
    jobid: 265
    reason: Missing output files: sharks/HydCol/MSMC/Output_NEW_multihetsep/CM068748.1_multihet.txt
    wildcards: CLADE=sharks, SPEC_NAME=HydCol, CHROM=CM068748.1
    resources: mem_mb=10000, mem_mib=9537, disk_mb=1000, disk_mib=954, tmpdir=<TBD>, slurm_account=DURBIN-SL2-CPU, slurm_partition=cclake-himem, runtime=60

Job 265 has been submitted with SLURM jobid 10065139 (log: /rds/project/rds-p67MZilb2eQ/projects/VGP/heterozygosity/.snakemake/slurm_logs/rule_MAIN_MULTIHETSEP/sharks_HydCol_CM068748.1/10065139.log).

[Thu May 29 10:22:57 2025]
rule MAIN_MULTIHETSEP:
    input: sharks/HydCol/MSMC/Output_VCF/HydCol_CM068776.1_only_snps.vcf.gz, sharks/HydCol/MSMC/ROH_Negative_Mask/HydCol_CM068776.1_ROH_Mask.bed.gz, sharks/HydCol/MSMC/Output_Mask/HydCol_CM068776.1.bed.gz
    output: sharks/HydCol/MSMC/Output_NEW_multihetsep/CM068776.1_multihet.txt
    jobid: 293
    reason: Missing output files: sharks/HydCol/MSMC/Output_NEW_multihetsep/CM068776.1_multihet.txt
    wildcards: CLADE=sharks, SPEC_NAME=HydCol, CHROM=CM068776.1
    resources: mem_mb=10000, mem_mib=9537, disk_mb=1000, disk_mib=954, tmpdir=<TBD>, slurm_account=DURBIN-SL2-CPU, slurm_partition=cclake-himem, runtime=60

Job 293 has been submitted with SLURM jobid 10065140 (log: /rds/project/rds-p67MZilb2eQ/projects/VGP/heterozygosity/.snakemake/slurm_logs/rule_MAIN_MULTIHETSEP/sharks_HydCol_CM068776.1/10065140.log).

[Thu May 29 10:22:57 2025]
rule MAIN_MULTIHETSEP:
    input: sharks/HydCol/MSMC/Output_VCF/HydCol_CM068769.1_only_snps.vcf.gz, sharks/HydCol/MSMC/ROH_Negative_Mask/HydCol_CM068769.1_ROH_Mask.bed.gz, sharks/HydCol/MSMC/Output_Mask/HydCol_CM068769.1.bed.gz
    output: sharks/HydCol/MSMC/Output_NEW_multihetsep/CM068769.1_multihet.txt
    jobid: 286
    reason: Missing output files: sharks/HydCol/MSMC/Output_NEW_multihetsep/CM068769.1_multihet.txt
    wildcards: CLADE=sharks, SPEC_NAME=HydCol, CHROM=CM068769.1
    resources: mem_mb=10000, mem_mib=9537, disk_mb=1000, disk_mib=954, tmpdir=<TBD>, slurm_account=DURBIN-SL2-CPU, slurm_partition=cclake-himem, runtime=60

Job 286 has been submitted with SLURM jobid 10065141 (log: /rds/project/rds-p67MZilb2eQ/projects/VGP/heterozygosity/.snakemake/slurm_logs/rule_MAIN_MULTIHETSEP/sharks_HydCol_CM068769.1/10065141.log).

[Thu May 29 10:22:57 2025]
rule MAIN_MULTIHETSEP:
    input: sharks/HydCol/MSMC/Output_VCF/HydCol_CM068763.1_only_snps.vcf.gz, sharks/HydCol/MSMC/ROH_Negative_Mask/HydCol_CM068763.1_ROH_Mask.bed.gz, sharks/HydCol/MSMC/Output_Mask/HydCol_CM068763.1.bed.gz
    output: sharks/HydCol/MSMC/Output_NEW_multihetsep/CM068763.1_multihet.txt
    jobid: 280
    reason: Missing output files: sharks/HydCol/MSMC/Output_NEW_multihetsep/CM068763.1_multihet.txt
    wildcards: CLADE=sharks, SPEC_NAME=HydCol, CHROM=CM068763.1
    resources: mem_mb=10000, mem_mib=9537, disk_mb=1000, disk_mib=954, tmpdir=<TBD>, slurm_account=DURBIN-SL2-CPU, slurm_partition=cclake-himem, runtime=60

Job 280 has been submitted with SLURM jobid 10065142 (log: /rds/project/rds-p67MZilb2eQ/projects/VGP/heterozygosity/.snakemake/slurm_logs/rule_MAIN_MULTIHETSEP/sharks_HydCol_CM068763.1/10065142.log).

[Thu May 29 10:22:57 2025]
rule MAIN_MULTIHETSEP:
    input: sharks/HydCol/MSMC/Output_VCF/HydCol_CM068756.1_only_snps.vcf.gz, sharks/HydCol/MSMC/ROH_Negative_Mask/HydCol_CM068756.1_ROH_Mask.bed.gz, sharks/HydCol/MSMC/Output_Mask/HydCol_CM068756.1.bed.gz
    output: sharks/HydCol/MSMC/Output_NEW_multihetsep/CM068756.1_multihet.txt
    jobid: 273
    reason: Missing output files: sharks/HydCol/MSMC/Output_NEW_multihetsep/CM068756.1_multihet.txt
    wildcards: CLADE=sharks, SPEC_NAME=HydCol, CHROM=CM068756.1
    resources: mem_mb=10000, mem_mib=9537, disk_mb=1000, disk_mib=954, tmpdir=<TBD>, slurm_account=DURBIN-SL2-CPU, slurm_partition=cclake-himem, runtime=60

Job 273 has been submitted with SLURM jobid 10065143 (log: /rds/project/rds-p67MZilb2eQ/projects/VGP/heterozygosity/.snakemake/slurm_logs/rule_MAIN_MULTIHETSEP/sharks_HydCol_CM068756.1/10065143.log).

[Thu May 29 10:23:00 2025]
rule MAIN_MULTIHETSEP:
    input: sharks/HydCol/MSMC/Output_VCF/HydCol_CM068749.1_only_snps.vcf.gz, sharks/HydCol/MSMC/ROH_Negative_Mask/HydCol_CM068749.1_ROH_Mask.bed.gz, sharks/HydCol/MSMC/Output_Mask/HydCol_CM068749.1.bed.gz
    output: sharks/HydCol/MSMC/Output_NEW_multihetsep/CM068749.1_multihet.txt
    jobid: 266
    reason: Missing output files: sharks/HydCol/MSMC/Output_NEW_multihetsep/CM068749.1_multihet.txt
    wildcards: CLADE=sharks, SPEC_NAME=HydCol, CHROM=CM068749.1
    resources: mem_mb=10000, mem_mib=9537, disk_mb=1000, disk_mib=954, tmpdir=<TBD>, slurm_account=DURBIN-SL2-CPU, slurm_partition=cclake-himem, runtime=60

Job 266 has been submitted with SLURM jobid 10065144 (log: /rds/project/rds-p67MZilb2eQ/projects/VGP/heterozygosity/.snakemake/slurm_logs/rule_MAIN_MULTIHETSEP/sharks_HydCol_CM068749.1/10065144.log).

[Thu May 29 10:23:00 2025]
rule MAIN_MULTIHETSEP:
    input: sharks/HydCol/MSMC/Output_VCF/HydCol_CM068742.1_only_snps.vcf.gz, sharks/HydCol/MSMC/ROH_Negative_Mask/HydCol_CM068742.1_ROH_Mask.bed.gz, sharks/HydCol/MSMC/Output_Mask/HydCol_CM068742.1.bed.gz
    output: sharks/HydCol/MSMC/Output_NEW_multihetsep/CM068742.1_multihet.txt
    jobid: 259
    reason: Missing output files: sharks/HydCol/MSMC/Output_NEW_multihetsep/CM068742.1_multihet.txt
    wildcards: CLADE=sharks, SPEC_NAME=HydCol, CHROM=CM068742.1
    resources: mem_mb=10000, mem_mib=9537, disk_mb=1000, disk_mib=954, tmpdir=<TBD>, slurm_account=DURBIN-SL2-CPU, slurm_partition=cclake-himem, runtime=60

Job 259 has been submitted with SLURM jobid 10065145 (log: /rds/project/rds-p67MZilb2eQ/projects/VGP/heterozygosity/.snakemake/slurm_logs/rule_MAIN_MULTIHETSEP/sharks_HydCol_CM068742.1/10065145.log).

[Thu May 29 10:23:00 2025]
rule MAIN_MULTIHETSEP:
    input: sharks/HydCol/MSMC/Output_VCF/HydCol_CM068777.1_only_snps.vcf.gz, sharks/HydCol/MSMC/ROH_Negative_Mask/HydCol_CM068777.1_ROH_Mask.bed.gz, sharks/HydCol/MSMC/Output_Mask/HydCol_CM068777.1.bed.gz
    output: sharks/HydCol/MSMC/Output_NEW_multihetsep/CM068777.1_multihet.txt
    jobid: 294
    reason: Missing output files: sharks/HydCol/MSMC/Output_NEW_multihetsep/CM068777.1_multihet.txt
    wildcards: CLADE=sharks, SPEC_NAME=HydCol, CHROM=CM068777.1
    resources: mem_mb=10000, mem_mib=9537, disk_mb=1000, disk_mib=954, tmpdir=<TBD>, slurm_account=DURBIN-SL2-CPU, slurm_partition=cclake-himem, runtime=60

Job 294 has been submitted with SLURM jobid 10065146 (log: /rds/project/rds-p67MZilb2eQ/projects/VGP/heterozygosity/.snakemake/slurm_logs/rule_MAIN_MULTIHETSEP/sharks_HydCol_CM068777.1/10065146.log).

[Thu May 29 10:23:01 2025]
rule MAIN_MULTIHETSEP:
    input: sharks/HydCol/MSMC/Output_VCF/HydCol_CM068770.1_only_snps.vcf.gz, sharks/HydCol/MSMC/ROH_Negative_Mask/HydCol_CM068770.1_ROH_Mask.bed.gz, sharks/HydCol/MSMC/Output_Mask/HydCol_CM068770.1.bed.gz
    output: sharks/HydCol/MSMC/Output_NEW_multihetsep/CM068770.1_multihet.txt
    jobid: 287
    reason: Missing output files: sharks/HydCol/MSMC/Output_NEW_multihetsep/CM068770.1_multihet.txt
    wildcards: CLADE=sharks, SPEC_NAME=HydCol, CHROM=CM068770.1
    resources: mem_mb=10000, mem_mib=9537, disk_mb=1000, disk_mib=954, tmpdir=<TBD>, slurm_account=DURBIN-SL2-CPU, slurm_partition=cclake-himem, runtime=60

Job 287 has been submitted with SLURM jobid 10065148 (log: /rds/project/rds-p67MZilb2eQ/projects/VGP/heterozygosity/.snakemake/slurm_logs/rule_MAIN_MULTIHETSEP/sharks_HydCol_CM068770.1/10065148.log).

[Thu May 29 10:23:01 2025]
rule MAIN_MULTIHETSEP:
    input: sharks/HydCol/MSMC/Output_VCF/HydCol_CM068757.1_only_snps.vcf.gz, sharks/HydCol/MSMC/ROH_Negative_Mask/HydCol_CM068757.1_ROH_Mask.bed.gz, sharks/HydCol/MSMC/Output_Mask/HydCol_CM068757.1.bed.gz
    output: sharks/HydCol/MSMC/Output_NEW_multihetsep/CM068757.1_multihet.txt
    jobid: 274
    reason: Missing output files: sharks/HydCol/MSMC/Output_NEW_multihetsep/CM068757.1_multihet.txt
    wildcards: CLADE=sharks, SPEC_NAME=HydCol, CHROM=CM068757.1
    resources: mem_mb=10000, mem_mib=9537, disk_mb=1000, disk_mib=954, tmpdir=<TBD>, slurm_account=DURBIN-SL2-CPU, slurm_partition=cclake-himem, runtime=60

Job 274 has been submitted with SLURM jobid 10065149 (log: /rds/project/rds-p67MZilb2eQ/projects/VGP/heterozygosity/.snakemake/slurm_logs/rule_MAIN_MULTIHETSEP/sharks_HydCol_CM068757.1/10065149.log).

[Thu May 29 10:23:01 2025]
rule MAIN_MULTIHETSEP:
    input: sharks/HydCol/MSMC/Output_VCF/HydCol_CM068750.1_only_snps.vcf.gz, sharks/HydCol/MSMC/ROH_Negative_Mask/HydCol_CM068750.1_ROH_Mask.bed.gz, sharks/HydCol/MSMC/Output_Mask/HydCol_CM068750.1.bed.gz
    output: sharks/HydCol/MSMC/Output_NEW_multihetsep/CM068750.1_multihet.txt
    jobid: 267
    reason: Missing output files: sharks/HydCol/MSMC/Output_NEW_multihetsep/CM068750.1_multihet.txt
    wildcards: CLADE=sharks, SPEC_NAME=HydCol, CHROM=CM068750.1
    resources: mem_mb=10000, mem_mib=9537, disk_mb=1000, disk_mib=954, tmpdir=<TBD>, slurm_account=DURBIN-SL2-CPU, slurm_partition=cclake-himem, runtime=60

Job 267 has been submitted with SLURM jobid 10065150 (log: /rds/project/rds-p67MZilb2eQ/projects/VGP/heterozygosity/.snakemake/slurm_logs/rule_MAIN_MULTIHETSEP/sharks_HydCol_CM068750.1/10065150.log).

[Thu May 29 10:23:01 2025]
rule MAIN_MULTIHETSEP:
    input: sharks/HydCol/MSMC/Output_VCF/HydCol_CM068743.1_only_snps.vcf.gz, sharks/HydCol/MSMC/ROH_Negative_Mask/HydCol_CM068743.1_ROH_Mask.bed.gz, sharks/HydCol/MSMC/Output_Mask/HydCol_CM068743.1.bed.gz
    output: sharks/HydCol/MSMC/Output_NEW_multihetsep/CM068743.1_multihet.txt
    jobid: 260
    reason: Missing output files: sharks/HydCol/MSMC/Output_NEW_multihetsep/CM068743.1_multihet.txt
    wildcards: CLADE=sharks, SPEC_NAME=HydCol, CHROM=CM068743.1
    resources: mem_mb=10000, mem_mib=9537, disk_mb=1000, disk_mib=954, tmpdir=<TBD>, slurm_account=DURBIN-SL2-CPU, slurm_partition=cclake-himem, runtime=60

Job 260 has been submitted with SLURM jobid 10065151 (log: /rds/project/rds-p67MZilb2eQ/projects/VGP/heterozygosity/.snakemake/slurm_logs/rule_MAIN_MULTIHETSEP/sharks_HydCol_CM068743.1/10065151.log).
[Thu May 29 10:26:42 2025]
Finished job 288.
1 of 41 steps (2%) done
Select jobs to execute...
Execute 1 jobs...

[Thu May 29 10:26:42 2025]
rule MAIN_MULTIHETSEP:
    input: sharks/HydCol/MSMC/Output_VCF/HydCol_CM068761.1_only_snps.vcf.gz, sharks/HydCol/MSMC/ROH_Negative_Mask/HydCol_CM068761.1_ROH_Mask.bed.gz, sharks/HydCol/MSMC/Output_Mask/HydCol_CM068761.1.bed.gz
    output: sharks/HydCol/MSMC/Output_NEW_multihetsep/CM068761.1_multihet.txt
    jobid: 278
    reason: Missing output files: sharks/HydCol/MSMC/Output_NEW_multihetsep/CM068761.1_multihet.txt
    wildcards: CLADE=sharks, SPEC_NAME=HydCol, CHROM=CM068761.1
    resources: mem_mb=10000, mem_mib=9537, disk_mb=1000, disk_mib=954, tmpdir=<TBD>, slurm_account=DURBIN-SL2-CPU, slurm_partition=cclake-himem, runtime=60

Job 278 has been submitted with SLURM jobid 10065487 (log: /rds/project/rds-p67MZilb2eQ/projects/VGP/heterozygosity/.snakemake/slurm_logs/rule_MAIN_MULTIHETSEP/sharks_HydCol_CM068761.1/10065487.log).
[Thu May 29 10:26:46 2025]
Finished job 275.
2 of 41 steps (5%) done
[Thu May 29 10:26:46 2025]
Finished job 268.
3 of 41 steps (7%) done
[Thu May 29 10:26:46 2025]
Finished job 261.
4 of 41 steps (10%) done
[Thu May 29 10:26:46 2025]
Finished job 296.
5 of 41 steps (12%) done
[Thu May 29 10:26:46 2025]
Finished job 289.
6 of 41 steps (15%) done
[Thu May 29 10:26:46 2025]
Finished job 282.
7 of 41 steps (17%) done
[Thu May 29 10:26:46 2025]
Finished job 276.
8 of 41 steps (20%) done
[Thu May 29 10:26:46 2025]
Finished job 269.
9 of 41 steps (22%) done
[Thu May 29 10:26:46 2025]
Finished job 262.
10 of 41 steps (24%) done
[Thu May 29 10:26:46 2025]
Finished job 297.
11 of 41 steps (27%) done
[Thu May 29 10:26:46 2025]
Finished job 290.
12 of 41 steps (29%) done
[Thu May 29 10:26:46 2025]
Finished job 283.
13 of 41 steps (32%) done
[Thu May 29 10:26:46 2025]
Finished job 277.
14 of 41 steps (34%) done
[Thu May 29 10:26:46 2025]
Finished job 270.
15 of 41 steps (37%) done
[Thu May 29 10:26:47 2025]
Finished job 263.
16 of 41 steps (39%) done
[Thu May 29 10:26:47 2025]
Finished job 298.
17 of 41 steps (41%) done
[Thu May 29 10:26:47 2025]
Finished job 272.
18 of 41 steps (44%) done
[Thu May 29 10:26:47 2025]
Finished job 265.
19 of 41 steps (46%) done
[Thu May 29 10:26:47 2025]
Finished job 293.
20 of 41 steps (49%) done
[Thu May 29 10:26:47 2025]
Finished job 286.
21 of 41 steps (51%) done
[Thu May 29 10:26:47 2025]
Finished job 280.
22 of 41 steps (54%) done
[Thu May 29 10:26:47 2025]
Finished job 273.
23 of 41 steps (56%) done
[Thu May 29 10:26:47 2025]
Finished job 266.
24 of 41 steps (59%) done
[Thu May 29 10:26:47 2025]
Finished job 259.
25 of 41 steps (61%) done
Select jobs to execute...
Execute 9 jobs...

[Thu May 29 10:26:47 2025]
rule MAIN_MULTIHETSEP:
    input: sharks/HydCol/MSMC/Output_VCF/HydCol_CM068754.1_only_snps.vcf.gz, sharks/HydCol/MSMC/ROH_Negative_Mask/HydCol_CM068754.1_ROH_Mask.bed.gz, sharks/HydCol/MSMC/Output_Mask/HydCol_CM068754.1.bed.gz
    output: sharks/HydCol/MSMC/Output_NEW_multihetsep/CM068754.1_multihet.txt
    jobid: 271
    reason: Missing output files: sharks/HydCol/MSMC/Output_NEW_multihetsep/CM068754.1_multihet.txt
    wildcards: CLADE=sharks, SPEC_NAME=HydCol, CHROM=CM068754.1
    resources: mem_mb=10000, mem_mib=9537, disk_mb=1000, disk_mib=954, tmpdir=<TBD>, slurm_account=DURBIN-SL2-CPU, slurm_partition=cclake-himem, runtime=60

Job 271 has been submitted with SLURM jobid 10065489 (log: /rds/project/rds-p67MZilb2eQ/projects/VGP/heterozygosity/.snakemake/slurm_logs/rule_MAIN_MULTIHETSEP/sharks_HydCol_CM068754.1/10065489.log).

[Thu May 29 10:26:49 2025]
rule MAIN_MULTIHETSEP:
    input: sharks/HydCol/MSMC/Output_VCF/HydCol_CM068778.1_only_snps.vcf.gz, sharks/HydCol/MSMC/ROH_Negative_Mask/HydCol_CM068778.1_ROH_Mask.bed.gz, sharks/HydCol/MSMC/Output_Mask/HydCol_CM068778.1.bed.gz
    output: sharks/HydCol/MSMC/Output_NEW_multihetsep/CM068778.1_multihet.txt
    jobid: 295
    reason: Missing output files: sharks/HydCol/MSMC/Output_NEW_multihetsep/CM068778.1_multihet.txt
    wildcards: CLADE=sharks, SPEC_NAME=HydCol, CHROM=CM068778.1
    resources: mem_mb=10000, mem_mib=9537, disk_mb=1000, disk_mib=954, tmpdir=<TBD>, slurm_account=DURBIN-SL2-CPU, slurm_partition=cclake-himem, runtime=60

Job 295 has been submitted with SLURM jobid 10065490 (log: /rds/project/rds-p67MZilb2eQ/projects/VGP/heterozygosity/.snakemake/slurm_logs/rule_MAIN_MULTIHETSEP/sharks_HydCol_CM068778.1/10065490.log).

[Thu May 29 10:26:49 2025]
rule MAIN_MULTIHETSEP:
    input: sharks/HydCol/MSMC/Output_VCF/HydCol_CM068747.1_only_snps.vcf.gz, sharks/HydCol/MSMC/ROH_Negative_Mask/HydCol_CM068747.1_ROH_Mask.bed.gz, sharks/HydCol/MSMC/Output_Mask/HydCol_CM068747.1.bed.gz
    output: sharks/HydCol/MSMC/Output_NEW_multihetsep/CM068747.1_multihet.txt
    jobid: 264
    reason: Missing output files: sharks/HydCol/MSMC/Output_NEW_multihetsep/CM068747.1_multihet.txt
    wildcards: CLADE=sharks, SPEC_NAME=HydCol, CHROM=CM068747.1
    resources: mem_mb=10000, mem_mib=9537, disk_mb=1000, disk_mib=954, tmpdir=<TBD>, slurm_account=DURBIN-SL2-CPU, slurm_partition=cclake-himem, runtime=60

Job 264 has been submitted with SLURM jobid 10065491 (log: /rds/project/rds-p67MZilb2eQ/projects/VGP/heterozygosity/.snakemake/slurm_logs/rule_MAIN_MULTIHETSEP/sharks_HydCol_CM068747.1/10065491.log).

[Thu May 29 10:26:49 2025]
rule MAIN_MULTIHETSEP:
    input: sharks/HydCol/MSMC/Output_VCF/HydCol_CM068764.1_only_snps.vcf.gz, sharks/HydCol/MSMC/ROH_Negative_Mask/HydCol_CM068764.1_ROH_Mask.bed.gz, sharks/HydCol/MSMC/Output_Mask/HydCol_CM068764.1.bed.gz
    output: sharks/HydCol/MSMC/Output_NEW_multihetsep/CM068764.1_multihet.txt
    jobid: 281
    reason: Missing output files: sharks/HydCol/MSMC/Output_NEW_multihetsep/CM068764.1_multihet.txt
    wildcards: CLADE=sharks, SPEC_NAME=HydCol, CHROM=CM068764.1
    resources: mem_mb=10000, mem_mib=9537, disk_mb=1000, disk_mib=954, tmpdir=<TBD>, slurm_account=DURBIN-SL2-CPU, slurm_partition=cclake-himem, runtime=60

Job 281 has been submitted with SLURM jobid 10065492 (log: /rds/project/rds-p67MZilb2eQ/projects/VGP/heterozygosity/.snakemake/slurm_logs/rule_MAIN_MULTIHETSEP/sharks_HydCol_CM068764.1/10065492.log).

[Thu May 29 10:26:51 2025]
rule MAIN_MULTIHETSEP:
    input: sharks/HydCol/MSMC/Output_VCF/HydCol_CM068775.1_only_snps.vcf.gz, sharks/HydCol/MSMC/ROH_Negative_Mask/HydCol_CM068775.1_ROH_Mask.bed.gz, sharks/HydCol/MSMC/Output_Mask/HydCol_CM068775.1.bed.gz
    output: sharks/HydCol/MSMC/Output_NEW_multihetsep/CM068775.1_multihet.txt
    jobid: 292
    reason: Missing output files: sharks/HydCol/MSMC/Output_NEW_multihetsep/CM068775.1_multihet.txt
    wildcards: CLADE=sharks, SPEC_NAME=HydCol, CHROM=CM068775.1
    resources: mem_mb=10000, mem_mib=9537, disk_mb=1000, disk_mib=954, tmpdir=<TBD>, slurm_account=DURBIN-SL2-CPU, slurm_partition=cclake-himem, runtime=60

Job 292 has been submitted with SLURM jobid 10065494 (log: /rds/project/rds-p67MZilb2eQ/projects/VGP/heterozygosity/.snakemake/slurm_logs/rule_MAIN_MULTIHETSEP/sharks_HydCol_CM068775.1/10065494.log).

[Thu May 29 10:26:51 2025]
rule MAIN_MULTIHETSEP:
    input: sharks/HydCol/MSMC/Output_VCF/HydCol_CM068768.1_only_snps.vcf.gz, sharks/HydCol/MSMC/ROH_Negative_Mask/HydCol_CM068768.1_ROH_Mask.bed.gz, sharks/HydCol/MSMC/Output_Mask/HydCol_CM068768.1.bed.gz
    output: sharks/HydCol/MSMC/Output_NEW_multihetsep/CM068768.1_multihet.txt
    jobid: 285
    reason: Missing output files: sharks/HydCol/MSMC/Output_NEW_multihetsep/CM068768.1_multihet.txt
    wildcards: CLADE=sharks, SPEC_NAME=HydCol, CHROM=CM068768.1
    resources: mem_mb=10000, mem_mib=9537, disk_mb=1000, disk_mib=954, tmpdir=<TBD>, slurm_account=DURBIN-SL2-CPU, slurm_partition=cclake-himem, runtime=60

Job 285 has been submitted with SLURM jobid 10065495 (log: /rds/project/rds-p67MZilb2eQ/projects/VGP/heterozygosity/.snakemake/slurm_logs/rule_MAIN_MULTIHETSEP/sharks_HydCol_CM068768.1/10065495.log).

[Thu May 29 10:26:52 2025]
rule MAIN_MULTIHETSEP:
    input: sharks/HydCol/MSMC/Output_VCF/HydCol_CM068762.1_only_snps.vcf.gz, sharks/HydCol/MSMC/ROH_Negative_Mask/HydCol_CM068762.1_ROH_Mask.bed.gz, sharks/HydCol/MSMC/Output_Mask/HydCol_CM068762.1.bed.gz
    output: sharks/HydCol/MSMC/Output_NEW_multihetsep/CM068762.1_multihet.txt
    jobid: 279
    reason: Missing output files: sharks/HydCol/MSMC/Output_NEW_multihetsep/CM068762.1_multihet.txt
    wildcards: CLADE=sharks, SPEC_NAME=HydCol, CHROM=CM068762.1
    resources: mem_mb=10000, mem_mib=9537, disk_mb=1000, disk_mib=954, tmpdir=<TBD>, slurm_account=DURBIN-SL2-CPU, slurm_partition=cclake-himem, runtime=60

Job 279 has been submitted with SLURM jobid 10065496 (log: /rds/project/rds-p67MZilb2eQ/projects/VGP/heterozygosity/.snakemake/slurm_logs/rule_MAIN_MULTIHETSEP/sharks_HydCol_CM068762.1/10065496.log).

[Thu May 29 10:26:54 2025]
rule MAIN_MULTIHETSEP:
    input: sharks/HydCol/MSMC/Output_VCF/HydCol_CM068774.1_only_snps.vcf.gz, sharks/HydCol/MSMC/ROH_Negative_Mask/HydCol_CM068774.1_ROH_Mask.bed.gz, sharks/HydCol/MSMC/Output_Mask/HydCol_CM068774.1.bed.gz
    output: sharks/HydCol/MSMC/Output_NEW_multihetsep/CM068774.1_multihet.txt
    jobid: 291
    reason: Missing output files: sharks/HydCol/MSMC/Output_NEW_multihetsep/CM068774.1_multihet.txt
    wildcards: CLADE=sharks, SPEC_NAME=HydCol, CHROM=CM068774.1
    resources: mem_mb=10000, mem_mib=9537, disk_mb=1000, disk_mib=954, tmpdir=<TBD>, slurm_account=DURBIN-SL2-CPU, slurm_partition=cclake-himem, runtime=60

Job 291 has been submitted with SLURM jobid 10065497 (log: /rds/project/rds-p67MZilb2eQ/projects/VGP/heterozygosity/.snakemake/slurm_logs/rule_MAIN_MULTIHETSEP/sharks_HydCol_CM068774.1/10065497.log).

[Thu May 29 10:26:54 2025]
rule MAIN_MULTIHETSEP:
    input: sharks/HydCol/MSMC/Output_VCF/HydCol_CM068767.1_only_snps.vcf.gz, sharks/HydCol/MSMC/ROH_Negative_Mask/HydCol_CM068767.1_ROH_Mask.bed.gz, sharks/HydCol/MSMC/Output_Mask/HydCol_CM068767.1.bed.gz
    output: sharks/HydCol/MSMC/Output_NEW_multihetsep/CM068767.1_multihet.txt
    jobid: 284
    reason: Missing output files: sharks/HydCol/MSMC/Output_NEW_multihetsep/CM068767.1_multihet.txt
    wildcards: CLADE=sharks, SPEC_NAME=HydCol, CHROM=CM068767.1
    resources: mem_mb=10000, mem_mib=9537, disk_mb=1000, disk_mib=954, tmpdir=<TBD>, slurm_account=DURBIN-SL2-CPU, slurm_partition=cclake-himem, runtime=60

Job 284 has been submitted with SLURM jobid 10065498 (log: /rds/project/rds-p67MZilb2eQ/projects/VGP/heterozygosity/.snakemake/slurm_logs/rule_MAIN_MULTIHETSEP/sharks_HydCol_CM068767.1/10065498.log).
[Thu May 29 10:36:43 2025]
Finished job 294.
26 of 41 steps (63%) done
[Thu May 29 10:36:43 2025]
Finished job 287.
27 of 41 steps (66%) done
[Thu May 29 10:36:43 2025]
Finished job 274.
28 of 41 steps (68%) done
[Thu May 29 10:36:43 2025]
Finished job 267.
29 of 41 steps (71%) done
[Thu May 29 10:36:43 2025]
Finished job 260.
30 of 41 steps (73%) done
[Thu May 29 10:36:43 2025]
Finished job 278.
31 of 41 steps (76%) done
[Thu May 29 10:36:43 2025]
Finished job 271.
32 of 41 steps (78%) done
[Thu May 29 10:36:43 2025]
Finished job 295.
33 of 41 steps (80%) done
[Thu May 29 10:36:43 2025]
Finished job 264.
34 of 41 steps (83%) done
[Thu May 29 10:36:43 2025]
Finished job 281.
35 of 41 steps (85%) done
[Thu May 29 10:36:43 2025]
Finished job 292.
36 of 41 steps (88%) done
[Thu May 29 10:36:43 2025]
Finished job 285.
37 of 41 steps (90%) done
[Thu May 29 10:36:43 2025]
Finished job 279.
38 of 41 steps (93%) done
[Thu May 29 10:36:43 2025]
Finished job 291.
39 of 41 steps (95%) done
[Thu May 29 10:36:44 2025]
Finished job 284.
40 of 41 steps (98%) done
Select jobs to execute...
Execute 1 jobs...

[Thu May 29 10:36:49 2025]
localrule all:
    input: sharks/HydCol/HydCol_FASTGA.chain.chr.fltr.srt.paf, HydCol_ALN.chain.pdf, sharks/chrom_lists/GCA_035084275.1_chroms.txt, sharks/HydCol/temp/HydCol_Var_Only.txt, sharks/HydCol/temp/HydCol_Aln_Only.txt, sharks/HydCol/temp/20250410_CM068742.1_Aln_Only.txt, sharks/HydCol/temp/20250410_CM068743.1_Aln_Only.txt, sharks/HydCol/temp/20250410_CM068744.1_Aln_Only.txt, sharks/HydCol/temp/20250410_CM068745.1_Aln_Only.txt, sharks/HydCol/temp/20250410_CM068746.1_Aln_Only.txt, sharks/HydCol/temp/20250410_CM068747.1_Aln_Only.txt, sharks/HydCol/temp/20250410_CM068748.1_Aln_Only.txt, sharks/HydCol/temp/20250410_CM068749.1_Aln_Only.txt, sharks/HydCol/temp/20250410_CM068750.1_Aln_Only.txt, sharks/HydCol/temp/20250410_CM068751.1_Aln_Only.txt, sharks/HydCol/temp/20250410_CM068752.1_Aln_Only.txt, sharks/HydCol/temp/20250410_CM068753.1_Aln_Only.txt, sharks/HydCol/temp/20250410_CM068754.1_Aln_Only.txt, sharks/HydCol/temp/20250410_CM068755.1_Aln_Only.txt, sharks/HydCol/temp/20250410_CM068756.1_Aln_Only.txt, sharks/HydCol/temp/20250410_CM068757.1_Aln_Only.txt, sharks/HydCol/temp/20250410_CM068758.1_Aln_Only.txt, sharks/HydCol/temp/20250410_CM068759.1_Aln_Only.txt, sharks/HydCol/temp/20250410_CM068760.1_Aln_Only.txt, sharks/HydCol/temp/20250410_CM068761.1_Aln_Only.txt, sharks/HydCol/temp/20250410_CM068762.1_Aln_Only.txt, sharks/HydCol/temp/20250410_CM068763.1_Aln_Only.txt, sharks/HydCol/temp/20250410_CM068764.1_Aln_Only.txt, sharks/HydCol/temp/20250410_CM068765.1_Aln_Only.txt, sharks/HydCol/temp/20250410_CM068766.1_Aln_Only.txt, sharks/HydCol/temp/20250410_CM068767.1_Aln_Only.txt, sharks/HydCol/temp/20250410_CM068768.1_Aln_Only.txt, sharks/HydCol/temp/20250410_CM068769.1_Aln_Only.txt, sharks/HydCol/temp/20250410_CM068770.1_Aln_Only.txt, sharks/HydCol/temp/20250410_CM068771.1_Aln_Only.txt, sharks/HydCol/temp/20250410_CM068772.1_Aln_Only.txt, sharks/HydCol/temp/20250410_CM068773.1_Aln_Only.txt, sharks/HydCol/temp/20250410_CM068774.1_Aln_Only.txt, sharks/HydCol/temp/20250410_CM068775.1_Aln_Only.txt, sharks/HydCol/temp/20250410_CM068776.1_Aln_Only.txt, sharks/HydCol/temp/20250410_CM068777.1_Aln_Only.txt, sharks/HydCol/temp/20250410_CM068778.1_Aln_Only.txt, sharks/HydCol/temp/20250410_CM068779.1_Aln_Only.txt, sharks/HydCol/temp/20250410_CM068780.1_Aln_Only.txt, sharks/HydCol/temp/20250410_CM068781.1_Aln_Only.txt, sharks/HydCol/temp/20250410_CM068742.1_Var_Only.txt, sharks/HydCol/temp/20250410_CM068743.1_Var_Only.txt, sharks/HydCol/temp/20250410_CM068744.1_Var_Only.txt, sharks/HydCol/temp/20250410_CM068745.1_Var_Only.txt, sharks/HydCol/temp/20250410_CM068746.1_Var_Only.txt, sharks/HydCol/temp/20250410_CM068747.1_Var_Only.txt, sharks/HydCol/temp/20250410_CM068748.1_Var_Only.txt, sharks/HydCol/temp/20250410_CM068749.1_Var_Only.txt, sharks/HydCol/temp/20250410_CM068750.1_Var_Only.txt, sharks/HydCol/temp/20250410_CM068751.1_Var_Only.txt, sharks/HydCol/temp/20250410_CM068752.1_Var_Only.txt, sharks/HydCol/temp/20250410_CM068753.1_Var_Only.txt, sharks/HydCol/temp/20250410_CM068754.1_Var_Only.txt, sharks/HydCol/temp/20250410_CM068755.1_Var_Only.txt, sharks/HydCol/temp/20250410_CM068756.1_Var_Only.txt, sharks/HydCol/temp/20250410_CM068757.1_Var_Only.txt, sharks/HydCol/temp/20250410_CM068758.1_Var_Only.txt, sharks/HydCol/temp/20250410_CM068759.1_Var_Only.txt, sharks/HydCol/temp/20250410_CM068760.1_Var_Only.txt, sharks/HydCol/temp/20250410_CM068761.1_Var_Only.txt, sharks/HydCol/temp/20250410_CM068762.1_Var_Only.txt, sharks/HydCol/temp/20250410_CM068763.1_Var_Only.txt, sharks/HydCol/temp/20250410_CM068764.1_Var_Only.txt, sharks/HydCol/temp/20250410_CM068765.1_Var_Only.txt, sharks/HydCol/temp/20250410_CM068766.1_Var_Only.txt, sharks/HydCol/temp/20250410_CM068767.1_Var_Only.txt, sharks/HydCol/temp/20250410_CM068768.1_Var_Only.txt, sharks/HydCol/temp/20250410_CM068769.1_Var_Only.txt, sharks/HydCol/temp/20250410_CM068770.1_Var_Only.txt, sharks/HydCol/temp/20250410_CM068771.1_Var_Only.txt, sharks/HydCol/temp/20250410_CM068772.1_Var_Only.txt, sharks/HydCol/temp/20250410_CM068773.1_Var_Only.txt, sharks/HydCol/temp/20250410_CM068774.1_Var_Only.txt, sharks/HydCol/temp/20250410_CM068775.1_Var_Only.txt, sharks/HydCol/temp/20250410_CM068776.1_Var_Only.txt, sharks/HydCol/temp/20250410_CM068777.1_Var_Only.txt, sharks/HydCol/temp/20250410_CM068778.1_Var_Only.txt, sharks/HydCol/temp/20250410_CM068779.1_Var_Only.txt, sharks/HydCol/temp/20250410_CM068780.1_Var_Only.txt, sharks/HydCol/temp/20250410_CM068781.1_Var_Only.txt, sharks/HydCol/20250410_CM068742.1_ROH_Results.txt, sharks/HydCol/20250410_CM068743.1_ROH_Results.txt, sharks/HydCol/20250410_CM068744.1_ROH_Results.txt, sharks/HydCol/20250410_CM068745.1_ROH_Results.txt, sharks/HydCol/20250410_CM068746.1_ROH_Results.txt, sharks/HydCol/20250410_CM068747.1_ROH_Results.txt, sharks/HydCol/20250410_CM068748.1_ROH_Results.txt, sharks/HydCol/20250410_CM068749.1_ROH_Results.txt, sharks/HydCol/20250410_CM068750.1_ROH_Results.txt, sharks/HydCol/20250410_CM068751.1_ROH_Results.txt, sharks/HydCol/20250410_CM068752.1_ROH_Results.txt, sharks/HydCol/20250410_CM068753.1_ROH_Results.txt, sharks/HydCol/20250410_CM068754.1_ROH_Results.txt, sharks/HydCol/20250410_CM068755.1_ROH_Results.txt, sharks/HydCol/20250410_CM068756.1_ROH_Results.txt, sharks/HydCol/20250410_CM068757.1_ROH_Results.txt, sharks/HydCol/20250410_CM068758.1_ROH_Results.txt, sharks/HydCol/20250410_CM068759.1_ROH_Results.txt, sharks/HydCol/20250410_CM068760.1_ROH_Results.txt, sharks/HydCol/20250410_CM068761.1_ROH_Results.txt, sharks/HydCol/20250410_CM068762.1_ROH_Results.txt, sharks/HydCol/20250410_CM068763.1_ROH_Results.txt, sharks/HydCol/20250410_CM068764.1_ROH_Results.txt, sharks/HydCol/20250410_CM068765.1_ROH_Results.txt, sharks/HydCol/20250410_CM068766.1_ROH_Results.txt, sharks/HydCol/20250410_CM068767.1_ROH_Results.txt, sharks/HydCol/20250410_CM068768.1_ROH_Results.txt, sharks/HydCol/20250410_CM068769.1_ROH_Results.txt, sharks/HydCol/20250410_CM068770.1_ROH_Results.txt, sharks/HydCol/20250410_CM068771.1_ROH_Results.txt, sharks/HydCol/20250410_CM068772.1_ROH_Results.txt, sharks/HydCol/20250410_CM068773.1_ROH_Results.txt, sharks/HydCol/20250410_CM068774.1_ROH_Results.txt, sharks/HydCol/20250410_CM068775.1_ROH_Results.txt, sharks/HydCol/20250410_CM068776.1_ROH_Results.txt, sharks/HydCol/20250410_CM068777.1_ROH_Results.txt, sharks/HydCol/20250410_CM068778.1_ROH_Results.txt, sharks/HydCol/20250410_CM068779.1_ROH_Results.txt, sharks/HydCol/20250410_CM068780.1_ROH_Results.txt, sharks/HydCol/20250410_CM068781.1_ROH_Results.txt, sharks/HydCol/HydCol_ROH_Results.csv, sharks/HydCol/20250410_HydCol_ROH_Map.pdf, sharks/HydCol/20250410_CM068742.1_GCA_035084275.1_FROH.txt, sharks/HydCol/20250410_CM068743.1_GCA_035084275.1_FROH.txt, sharks/HydCol/20250410_CM068744.1_GCA_035084275.1_FROH.txt, sharks/HydCol/20250410_CM068745.1_GCA_035084275.1_FROH.txt, sharks/HydCol/20250410_CM068746.1_GCA_035084275.1_FROH.txt, sharks/HydCol/20250410_CM068747.1_GCA_035084275.1_FROH.txt, sharks/HydCol/20250410_CM068748.1_GCA_035084275.1_FROH.txt, sharks/HydCol/20250410_CM068749.1_GCA_035084275.1_FROH.txt, sharks/HydCol/20250410_CM068750.1_GCA_035084275.1_FROH.txt, sharks/HydCol/20250410_CM068751.1_GCA_035084275.1_FROH.txt, sharks/HydCol/20250410_CM068752.1_GCA_035084275.1_FROH.txt, sharks/HydCol/20250410_CM068753.1_GCA_035084275.1_FROH.txt, sharks/HydCol/20250410_CM068754.1_GCA_035084275.1_FROH.txt, sharks/HydCol/20250410_CM068755.1_GCA_035084275.1_FROH.txt, sharks/HydCol/20250410_CM068756.1_GCA_035084275.1_FROH.txt, sharks/HydCol/20250410_CM068757.1_GCA_035084275.1_FROH.txt, sharks/HydCol/20250410_CM068758.1_GCA_035084275.1_FROH.txt, sharks/HydCol/20250410_CM068759.1_GCA_035084275.1_FROH.txt, sharks/HydCol/20250410_CM068760.1_GCA_035084275.1_FROH.txt, sharks/HydCol/20250410_CM068761.1_GCA_035084275.1_FROH.txt, sharks/HydCol/20250410_CM068762.1_GCA_035084275.1_FROH.txt, sharks/HydCol/20250410_CM068763.1_GCA_035084275.1_FROH.txt, sharks/HydCol/20250410_CM068764.1_GCA_035084275.1_FROH.txt, sharks/HydCol/20250410_CM068765.1_GCA_035084275.1_FROH.txt, sharks/HydCol/20250410_CM068766.1_GCA_035084275.1_FROH.txt, sharks/HydCol/20250410_CM068767.1_GCA_035084275.1_FROH.txt, sharks/HydCol/20250410_CM068768.1_GCA_035084275.1_FROH.txt, sharks/HydCol/20250410_CM068769.1_GCA_035084275.1_FROH.txt, sharks/HydCol/20250410_CM068770.1_GCA_035084275.1_FROH.txt, sharks/HydCol/20250410_CM068771.1_GCA_035084275.1_FROH.txt, sharks/HydCol/20250410_CM068772.1_GCA_035084275.1_FROH.txt, sharks/HydCol/20250410_CM068773.1_GCA_035084275.1_FROH.txt, sharks/HydCol/20250410_CM068774.1_GCA_035084275.1_FROH.txt, sharks/HydCol/20250410_CM068775.1_GCA_035084275.1_FROH.txt, sharks/HydCol/20250410_CM068776.1_GCA_035084275.1_FROH.txt, sharks/HydCol/20250410_CM068777.1_GCA_035084275.1_FROH.txt, sharks/HydCol/20250410_CM068778.1_GCA_035084275.1_FROH.txt, sharks/HydCol/20250410_CM068779.1_GCA_035084275.1_FROH.txt, sharks/HydCol/20250410_CM068780.1_GCA_035084275.1_FROH.txt, sharks/HydCol/20250410_CM068781.1_GCA_035084275.1_FROH.txt, sharks/HydCol/20250410_HydCol_FROH.txt, sharks/HydCol/20250410_CM068742.1_het.txt, sharks/HydCol/20250410_CM068743.1_het.txt, sharks/HydCol/20250410_CM068744.1_het.txt, sharks/HydCol/20250410_CM068745.1_het.txt, sharks/HydCol/20250410_CM068746.1_het.txt, sharks/HydCol/20250410_CM068747.1_het.txt, sharks/HydCol/20250410_CM068748.1_het.txt, sharks/HydCol/20250410_CM068749.1_het.txt, sharks/HydCol/20250410_CM068750.1_het.txt, sharks/HydCol/20250410_CM068751.1_het.txt, sharks/HydCol/20250410_CM068752.1_het.txt, sharks/HydCol/20250410_CM068753.1_het.txt, sharks/HydCol/20250410_CM068754.1_het.txt, sharks/HydCol/20250410_CM068755.1_het.txt, sharks/HydCol/20250410_CM068756.1_het.txt, sharks/HydCol/20250410_CM068757.1_het.txt, sharks/HydCol/20250410_CM068758.1_het.txt, sharks/HydCol/20250410_CM068759.1_het.txt, sharks/HydCol/20250410_CM068760.1_het.txt, sharks/HydCol/20250410_CM068761.1_het.txt, sharks/HydCol/20250410_CM068762.1_het.txt, sharks/HydCol/20250410_CM068763.1_het.txt, sharks/HydCol/20250410_CM068764.1_het.txt, sharks/HydCol/20250410_CM068765.1_het.txt, sharks/HydCol/20250410_CM068766.1_het.txt, sharks/HydCol/20250410_CM068767.1_het.txt, sharks/HydCol/20250410_CM068768.1_het.txt, sharks/HydCol/20250410_CM068769.1_het.txt, sharks/HydCol/20250410_CM068770.1_het.txt, sharks/HydCol/20250410_CM068771.1_het.txt, sharks/HydCol/20250410_CM068772.1_het.txt, sharks/HydCol/20250410_CM068773.1_het.txt, sharks/HydCol/20250410_CM068774.1_het.txt, sharks/HydCol/20250410_CM068775.1_het.txt, sharks/HydCol/20250410_CM068776.1_het.txt, sharks/HydCol/20250410_CM068777.1_het.txt, sharks/HydCol/20250410_CM068778.1_het.txt, sharks/HydCol/20250410_CM068779.1_het.txt, sharks/HydCol/20250410_CM068780.1_het.txt, sharks/HydCol/20250410_CM068781.1_het.txt, sharks/HydCol/20250410_HydCol_per_chr_mean_heterozygosity.txt, sharks/HydCol/20250410_HydCol_whole_genome_mean_heterozygosity.txt, sharks/HydCol/HydCol_Het_Compiled.tsv, sharks/HydCol/20250410_HydCol_CM068742.1_Het_Map.svg, sharks/HydCol/20250410_HydCol_CM068743.1_Het_Map.svg, sharks/HydCol/20250410_HydCol_CM068744.1_Het_Map.svg, sharks/HydCol/20250410_HydCol_CM068745.1_Het_Map.svg, sharks/HydCol/20250410_HydCol_CM068746.1_Het_Map.svg, sharks/HydCol/20250410_HydCol_CM068747.1_Het_Map.svg, sharks/HydCol/20250410_HydCol_CM068748.1_Het_Map.svg, sharks/HydCol/20250410_HydCol_CM068749.1_Het_Map.svg, sharks/HydCol/20250410_HydCol_CM068750.1_Het_Map.svg, sharks/HydCol/20250410_HydCol_CM068751.1_Het_Map.svg, sharks/HydCol/20250410_HydCol_CM068752.1_Het_Map.svg, sharks/HydCol/20250410_HydCol_CM068753.1_Het_Map.svg, sharks/HydCol/20250410_HydCol_CM068754.1_Het_Map.svg, sharks/HydCol/20250410_HydCol_CM068755.1_Het_Map.svg, sharks/HydCol/20250410_HydCol_CM068756.1_Het_Map.svg, sharks/HydCol/20250410_HydCol_CM068757.1_Het_Map.svg, sharks/HydCol/20250410_HydCol_CM068758.1_Het_Map.svg, sharks/HydCol/20250410_HydCol_CM068759.1_Het_Map.svg, sharks/HydCol/20250410_HydCol_CM068760.1_Het_Map.svg, sharks/HydCol/20250410_HydCol_CM068761.1_Het_Map.svg, sharks/HydCol/20250410_HydCol_CM068762.1_Het_Map.svg, sharks/HydCol/20250410_HydCol_CM068763.1_Het_Map.svg, sharks/HydCol/20250410_HydCol_CM068764.1_Het_Map.svg, sharks/HydCol/20250410_HydCol_CM068765.1_Het_Map.svg, sharks/HydCol/20250410_HydCol_CM068766.1_Het_Map.svg, sharks/HydCol/20250410_HydCol_CM068767.1_Het_Map.svg, sharks/HydCol/20250410_HydCol_CM068768.1_Het_Map.svg, sharks/HydCol/20250410_HydCol_CM068769.1_Het_Map.svg, sharks/HydCol/20250410_HydCol_CM068770.1_Het_Map.svg, sharks/HydCol/20250410_HydCol_CM068771.1_Het_Map.svg, sharks/HydCol/20250410_HydCol_CM068772.1_Het_Map.svg, sharks/HydCol/20250410_HydCol_CM068773.1_Het_Map.svg, sharks/HydCol/20250410_HydCol_CM068774.1_Het_Map.svg, sharks/HydCol/20250410_HydCol_CM068775.1_Het_Map.svg, sharks/HydCol/20250410_HydCol_CM068776.1_Het_Map.svg, sharks/HydCol/20250410_HydCol_CM068777.1_Het_Map.svg, sharks/HydCol/20250410_HydCol_CM068778.1_Het_Map.svg, sharks/HydCol/20250410_HydCol_CM068779.1_Het_Map.svg, sharks/HydCol/20250410_HydCol_CM068780.1_Het_Map.svg, sharks/HydCol/20250410_HydCol_CM068781.1_Het_Map.svg, sharks/HydCol/20250410_HydCol_Het_Whole_Genome_Map.svg, sharks/HydCol/MSMC/paf_files/HydCol_CM068742.1.paf, sharks/HydCol/MSMC/paf_files/HydCol_CM068743.1.paf, sharks/HydCol/MSMC/paf_files/HydCol_CM068744.1.paf, sharks/HydCol/MSMC/paf_files/HydCol_CM068745.1.paf, sharks/HydCol/MSMC/paf_files/HydCol_CM068746.1.paf, sharks/HydCol/MSMC/paf_files/HydCol_CM068747.1.paf, sharks/HydCol/MSMC/paf_files/HydCol_CM068748.1.paf, sharks/HydCol/MSMC/paf_files/HydCol_CM068749.1.paf, sharks/HydCol/MSMC/paf_files/HydCol_CM068750.1.paf, sharks/HydCol/MSMC/paf_files/HydCol_CM068751.1.paf, sharks/HydCol/MSMC/paf_files/HydCol_CM068752.1.paf, sharks/HydCol/MSMC/paf_files/HydCol_CM068753.1.paf, sharks/HydCol/MSMC/paf_files/HydCol_CM068754.1.paf, sharks/HydCol/MSMC/paf_files/HydCol_CM068755.1.paf, sharks/HydCol/MSMC/paf_files/HydCol_CM068756.1.paf, sharks/HydCol/MSMC/paf_files/HydCol_CM068757.1.paf, sharks/HydCol/MSMC/paf_files/HydCol_CM068758.1.paf, sharks/HydCol/MSMC/paf_files/HydCol_CM068759.1.paf, sharks/HydCol/MSMC/paf_files/HydCol_CM068760.1.paf, sharks/HydCol/MSMC/paf_files/HydCol_CM068761.1.paf, sharks/HydCol/MSMC/paf_files/HydCol_CM068762.1.paf, sharks/HydCol/MSMC/paf_files/HydCol_CM068763.1.paf, sharks/HydCol/MSMC/paf_files/HydCol_CM068764.1.paf, sharks/HydCol/MSMC/paf_files/HydCol_CM068765.1.paf, sharks/HydCol/MSMC/paf_files/HydCol_CM068766.1.paf, sharks/HydCol/MSMC/paf_files/HydCol_CM068767.1.paf, sharks/HydCol/MSMC/paf_files/HydCol_CM068768.1.paf, sharks/HydCol/MSMC/paf_files/HydCol_CM068769.1.paf, sharks/HydCol/MSMC/paf_files/HydCol_CM068770.1.paf, sharks/HydCol/MSMC/paf_files/HydCol_CM068771.1.paf, sharks/HydCol/MSMC/paf_files/HydCol_CM068772.1.paf, sharks/HydCol/MSMC/paf_files/HydCol_CM068773.1.paf, sharks/HydCol/MSMC/paf_files/HydCol_CM068774.1.paf, sharks/HydCol/MSMC/paf_files/HydCol_CM068775.1.paf, sharks/HydCol/MSMC/paf_files/HydCol_CM068776.1.paf, sharks/HydCol/MSMC/paf_files/HydCol_CM068777.1.paf, sharks/HydCol/MSMC/paf_files/HydCol_CM068778.1.paf, sharks/HydCol/MSMC/paf_files/HydCol_CM068779.1.paf, sharks/HydCol/MSMC/paf_files/HydCol_CM068780.1.paf, sharks/HydCol/MSMC/paf_files/HydCol_CM068781.1.paf, sharks/HydCol/MSMC/vcf_files/HydCol_CM068742.1.vcf.gz, sharks/HydCol/MSMC/vcf_files/HydCol_CM068743.1.vcf.gz, sharks/HydCol/MSMC/vcf_files/HydCol_CM068744.1.vcf.gz, sharks/HydCol/MSMC/vcf_files/HydCol_CM068745.1.vcf.gz, sharks/HydCol/MSMC/vcf_files/HydCol_CM068746.1.vcf.gz, sharks/HydCol/MSMC/vcf_files/HydCol_CM068747.1.vcf.gz, sharks/HydCol/MSMC/vcf_files/HydCol_CM068748.1.vcf.gz, sharks/HydCol/MSMC/vcf_files/HydCol_CM068749.1.vcf.gz, sharks/HydCol/MSMC/vcf_files/HydCol_CM068750.1.vcf.gz, sharks/HydCol/MSMC/vcf_files/HydCol_CM068751.1.vcf.gz, sharks/HydCol/MSMC/vcf_files/HydCol_CM068752.1.vcf.gz, sharks/HydCol/MSMC/vcf_files/HydCol_CM068753.1.vcf.gz, sharks/HydCol/MSMC/vcf_files/HydCol_CM068754.1.vcf.gz, sharks/HydCol/MSMC/vcf_files/HydCol_CM068755.1.vcf.gz, sharks/HydCol/MSMC/vcf_files/HydCol_CM068756.1.vcf.gz, sharks/HydCol/MSMC/vcf_files/HydCol_CM068757.1.vcf.gz, sharks/HydCol/MSMC/vcf_files/HydCol_CM068758.1.vcf.gz, sharks/HydCol/MSMC/vcf_files/HydCol_CM068759.1.vcf.gz, sharks/HydCol/MSMC/vcf_files/HydCol_CM068760.1.vcf.gz, sharks/HydCol/MSMC/vcf_files/HydCol_CM068761.1.vcf.gz, sharks/HydCol/MSMC/vcf_files/HydCol_CM068762.1.vcf.gz, sharks/HydCol/MSMC/vcf_files/HydCol_CM068763.1.vcf.gz, sharks/HydCol/MSMC/vcf_files/HydCol_CM068764.1.vcf.gz, sharks/HydCol/MSMC/vcf_files/HydCol_CM068765.1.vcf.gz, sharks/HydCol/MSMC/vcf_files/HydCol_CM068766.1.vcf.gz, sharks/HydCol/MSMC/vcf_files/HydCol_CM068767.1.vcf.gz, sharks/HydCol/MSMC/vcf_files/HydCol_CM068768.1.vcf.gz, sharks/HydCol/MSMC/vcf_files/HydCol_CM068769.1.vcf.gz, sharks/HydCol/MSMC/vcf_files/HydCol_CM068770.1.vcf.gz, sharks/HydCol/MSMC/vcf_files/HydCol_CM068771.1.vcf.gz, sharks/HydCol/MSMC/vcf_files/HydCol_CM068772.1.vcf.gz, sharks/HydCol/MSMC/vcf_files/HydCol_CM068773.1.vcf.gz, sharks/HydCol/MSMC/vcf_files/HydCol_CM068774.1.vcf.gz, sharks/HydCol/MSMC/vcf_files/HydCol_CM068775.1.vcf.gz, sharks/HydCol/MSMC/vcf_files/HydCol_CM068776.1.vcf.gz, sharks/HydCol/MSMC/vcf_files/HydCol_CM068777.1.vcf.gz, sharks/HydCol/MSMC/vcf_files/HydCol_CM068778.1.vcf.gz, sharks/HydCol/MSMC/vcf_files/HydCol_CM068779.1.vcf.gz, sharks/HydCol/MSMC/vcf_files/HydCol_CM068780.1.vcf.gz, sharks/HydCol/MSMC/vcf_files/HydCol_CM068781.1.vcf.gz, sharks/HydCol/MSMC/Output_Mask/HydCol_CM068742.1.bed.gz, sharks/HydCol/MSMC/Output_Mask/HydCol_CM068743.1.bed.gz, sharks/HydCol/MSMC/Output_Mask/HydCol_CM068744.1.bed.gz, sharks/HydCol/MSMC/Output_Mask/HydCol_CM068745.1.bed.gz, sharks/HydCol/MSMC/Output_Mask/HydCol_CM068746.1.bed.gz, sharks/HydCol/MSMC/Output_Mask/HydCol_CM068747.1.bed.gz, sharks/HydCol/MSMC/Output_Mask/HydCol_CM068748.1.bed.gz, sharks/HydCol/MSMC/Output_Mask/HydCol_CM068749.1.bed.gz, sharks/HydCol/MSMC/Output_Mask/HydCol_CM068750.1.bed.gz, sharks/HydCol/MSMC/Output_Mask/HydCol_CM068751.1.bed.gz, sharks/HydCol/MSMC/Output_Mask/HydCol_CM068752.1.bed.gz, sharks/HydCol/MSMC/Output_Mask/HydCol_CM068753.1.bed.gz, sharks/HydCol/MSMC/Output_Mask/HydCol_CM068754.1.bed.gz, sharks/HydCol/MSMC/Output_Mask/HydCol_CM068755.1.bed.gz, sharks/HydCol/MSMC/Output_Mask/HydCol_CM068756.1.bed.gz, sharks/HydCol/MSMC/Output_Mask/HydCol_CM068757.1.bed.gz, sharks/HydCol/MSMC/Output_Mask/HydCol_CM068758.1.bed.gz, sharks/HydCol/MSMC/Output_Mask/HydCol_CM068759.1.bed.gz, sharks/HydCol/MSMC/Output_Mask/HydCol_CM068760.1.bed.gz, sharks/HydCol/MSMC/Output_Mask/HydCol_CM068761.1.bed.gz, sharks/HydCol/MSMC/Output_Mask/HydCol_CM068762.1.bed.gz, sharks/HydCol/MSMC/Output_Mask/HydCol_CM068763.1.bed.gz, sharks/HydCol/MSMC/Output_Mask/HydCol_CM068764.1.bed.gz, sharks/HydCol/MSMC/Output_Mask/HydCol_CM068765.1.bed.gz, sharks/HydCol/MSMC/Output_Mask/HydCol_CM068766.1.bed.gz, sharks/HydCol/MSMC/Output_Mask/HydCol_CM068767.1.bed.gz, sharks/HydCol/MSMC/Output_Mask/HydCol_CM068768.1.bed.gz, sharks/HydCol/MSMC/Output_Mask/HydCol_CM068769.1.bed.gz, sharks/HydCol/MSMC/Output_Mask/HydCol_CM068770.1.bed.gz, sharks/HydCol/MSMC/Output_Mask/HydCol_CM068771.1.bed.gz, sharks/HydCol/MSMC/Output_Mask/HydCol_CM068772.1.bed.gz, sharks/HydCol/MSMC/Output_Mask/HydCol_CM068773.1.bed.gz, sharks/HydCol/MSMC/Output_Mask/HydCol_CM068774.1.bed.gz, sharks/HydCol/MSMC/Output_Mask/HydCol_CM068775.1.bed.gz, sharks/HydCol/MSMC/Output_Mask/HydCol_CM068776.1.bed.gz, sharks/HydCol/MSMC/Output_Mask/HydCol_CM068777.1.bed.gz, sharks/HydCol/MSMC/Output_Mask/HydCol_CM068778.1.bed.gz, sharks/HydCol/MSMC/Output_Mask/HydCol_CM068779.1.bed.gz, sharks/HydCol/MSMC/Output_Mask/HydCol_CM068780.1.bed.gz, sharks/HydCol/MSMC/Output_Mask/HydCol_CM068781.1.bed.gz, sharks/HydCol/MSMC/Output_VCF/HydCol_CM068742.1_only_snps.vcf.gz, sharks/HydCol/MSMC/Output_VCF/HydCol_CM068743.1_only_snps.vcf.gz, sharks/HydCol/MSMC/Output_VCF/HydCol_CM068744.1_only_snps.vcf.gz, sharks/HydCol/MSMC/Output_VCF/HydCol_CM068745.1_only_snps.vcf.gz, sharks/HydCol/MSMC/Output_VCF/HydCol_CM068746.1_only_snps.vcf.gz, sharks/HydCol/MSMC/Output_VCF/HydCol_CM068747.1_only_snps.vcf.gz, sharks/HydCol/MSMC/Output_VCF/HydCol_CM068748.1_only_snps.vcf.gz, sharks/HydCol/MSMC/Output_VCF/HydCol_CM068749.1_only_snps.vcf.gz, sharks/HydCol/MSMC/Output_VCF/HydCol_CM068750.1_only_snps.vcf.gz, sharks/HydCol/MSMC/Output_VCF/HydCol_CM068751.1_only_snps.vcf.gz, sharks/HydCol/MSMC/Output_VCF/HydCol_CM068752.1_only_snps.vcf.gz, sharks/HydCol/MSMC/Output_VCF/HydCol_CM068753.1_only_snps.vcf.gz, sharks/HydCol/MSMC/Output_VCF/HydCol_CM068754.1_only_snps.vcf.gz, sharks/HydCol/MSMC/Output_VCF/HydCol_CM068755.1_only_snps.vcf.gz, sharks/HydCol/MSMC/Output_VCF/HydCol_CM068756.1_only_snps.vcf.gz, sharks/HydCol/MSMC/Output_VCF/HydCol_CM068757.1_only_snps.vcf.gz, sharks/HydCol/MSMC/Output_VCF/HydCol_CM068758.1_only_snps.vcf.gz, sharks/HydCol/MSMC/Output_VCF/HydCol_CM068759.1_only_snps.vcf.gz, sharks/HydCol/MSMC/Output_VCF/HydCol_CM068760.1_only_snps.vcf.gz, sharks/HydCol/MSMC/Output_VCF/HydCol_CM068761.1_only_snps.vcf.gz, sharks/HydCol/MSMC/Output_VCF/HydCol_CM068762.1_only_snps.vcf.gz, sharks/HydCol/MSMC/Output_VCF/HydCol_CM068763.1_only_snps.vcf.gz, sharks/HydCol/MSMC/Output_VCF/HydCol_CM068764.1_only_snps.vcf.gz, sharks/HydCol/MSMC/Output_VCF/HydCol_CM068765.1_only_snps.vcf.gz, sharks/HydCol/MSMC/Output_VCF/HydCol_CM068766.1_only_snps.vcf.gz, sharks/HydCol/MSMC/Output_VCF/HydCol_CM068767.1_only_snps.vcf.gz, sharks/HydCol/MSMC/Output_VCF/HydCol_CM068768.1_only_snps.vcf.gz, sharks/HydCol/MSMC/Output_VCF/HydCol_CM068769.1_only_snps.vcf.gz, sharks/HydCol/MSMC/Output_VCF/HydCol_CM068770.1_only_snps.vcf.gz, sharks/HydCol/MSMC/Output_VCF/HydCol_CM068771.1_only_snps.vcf.gz, sharks/HydCol/MSMC/Output_VCF/HydCol_CM068772.1_only_snps.vcf.gz, sharks/HydCol/MSMC/Output_VCF/HydCol_CM068773.1_only_snps.vcf.gz, sharks/HydCol/MSMC/Output_VCF/HydCol_CM068774.1_only_snps.vcf.gz, sharks/HydCol/MSMC/Output_VCF/HydCol_CM068775.1_only_snps.vcf.gz, sharks/HydCol/MSMC/Output_VCF/HydCol_CM068776.1_only_snps.vcf.gz, sharks/HydCol/MSMC/Output_VCF/HydCol_CM068777.1_only_snps.vcf.gz, sharks/HydCol/MSMC/Output_VCF/HydCol_CM068778.1_only_snps.vcf.gz, sharks/HydCol/MSMC/Output_VCF/HydCol_CM068779.1_only_snps.vcf.gz, sharks/HydCol/MSMC/Output_VCF/HydCol_CM068780.1_only_snps.vcf.gz, sharks/HydCol/MSMC/Output_VCF/HydCol_CM068781.1_only_snps.vcf.gz, sharks/HydCol/MSMC/ROH_Negative_Mask/HydCol_CM068742.1_ROH_Mask.bed.gz, sharks/HydCol/MSMC/ROH_Negative_Mask/HydCol_CM068743.1_ROH_Mask.bed.gz, sharks/HydCol/MSMC/ROH_Negative_Mask/HydCol_CM068744.1_ROH_Mask.bed.gz, sharks/HydCol/MSMC/ROH_Negative_Mask/HydCol_CM068745.1_ROH_Mask.bed.gz, sharks/HydCol/MSMC/ROH_Negative_Mask/HydCol_CM068746.1_ROH_Mask.bed.gz, sharks/HydCol/MSMC/ROH_Negative_Mask/HydCol_CM068747.1_ROH_Mask.bed.gz, sharks/HydCol/MSMC/ROH_Negative_Mask/HydCol_CM068748.1_ROH_Mask.bed.gz, sharks/HydCol/MSMC/ROH_Negative_Mask/HydCol_CM068749.1_ROH_Mask.bed.gz, sharks/HydCol/MSMC/ROH_Negative_Mask/HydCol_CM068750.1_ROH_Mask.bed.gz, sharks/HydCol/MSMC/ROH_Negative_Mask/HydCol_CM068751.1_ROH_Mask.bed.gz, sharks/HydCol/MSMC/ROH_Negative_Mask/HydCol_CM068752.1_ROH_Mask.bed.gz, sharks/HydCol/MSMC/ROH_Negative_Mask/HydCol_CM068753.1_ROH_Mask.bed.gz, sharks/HydCol/MSMC/ROH_Negative_Mask/HydCol_CM068754.1_ROH_Mask.bed.gz, sharks/HydCol/MSMC/ROH_Negative_Mask/HydCol_CM068755.1_ROH_Mask.bed.gz, sharks/HydCol/MSMC/ROH_Negative_Mask/HydCol_CM068756.1_ROH_Mask.bed.gz, sharks/HydCol/MSMC/ROH_Negative_Mask/HydCol_CM068757.1_ROH_Mask.bed.gz, sharks/HydCol/MSMC/ROH_Negative_Mask/HydCol_CM068758.1_ROH_Mask.bed.gz, sharks/HydCol/MSMC/ROH_Negative_Mask/HydCol_CM068759.1_ROH_Mask.bed.gz, sharks/HydCol/MSMC/ROH_Negative_Mask/HydCol_CM068760.1_ROH_Mask.bed.gz, sharks/HydCol/MSMC/ROH_Negative_Mask/HydCol_CM068761.1_ROH_Mask.bed.gz, sharks/HydCol/MSMC/ROH_Negative_Mask/HydCol_CM068762.1_ROH_Mask.bed.gz, sharks/HydCol/MSMC/ROH_Negative_Mask/HydCol_CM068763.1_ROH_Mask.bed.gz, sharks/HydCol/MSMC/ROH_Negative_Mask/HydCol_CM068764.1_ROH_Mask.bed.gz, sharks/HydCol/MSMC/ROH_Negative_Mask/HydCol_CM068765.1_ROH_Mask.bed.gz, sharks/HydCol/MSMC/ROH_Negative_Mask/HydCol_CM068766.1_ROH_Mask.bed.gz, sharks/HydCol/MSMC/ROH_Negative_Mask/HydCol_CM068767.1_ROH_Mask.bed.gz, sharks/HydCol/MSMC/ROH_Negative_Mask/HydCol_CM068768.1_ROH_Mask.bed.gz, sharks/HydCol/MSMC/ROH_Negative_Mask/HydCol_CM068769.1_ROH_Mask.bed.gz, sharks/HydCol/MSMC/ROH_Negative_Mask/HydCol_CM068770.1_ROH_Mask.bed.gz, sharks/HydCol/MSMC/ROH_Negative_Mask/HydCol_CM068771.1_ROH_Mask.bed.gz, sharks/HydCol/MSMC/ROH_Negative_Mask/HydCol_CM068772.1_ROH_Mask.bed.gz, sharks/HydCol/MSMC/ROH_Negative_Mask/HydCol_CM068773.1_ROH_Mask.bed.gz, sharks/HydCol/MSMC/ROH_Negative_Mask/HydCol_CM068774.1_ROH_Mask.bed.gz, sharks/HydCol/MSMC/ROH_Negative_Mask/HydCol_CM068775.1_ROH_Mask.bed.gz, sharks/HydCol/MSMC/ROH_Negative_Mask/HydCol_CM068776.1_ROH_Mask.bed.gz, sharks/HydCol/MSMC/ROH_Negative_Mask/HydCol_CM068777.1_ROH_Mask.bed.gz, sharks/HydCol/MSMC/ROH_Negative_Mask/HydCol_CM068778.1_ROH_Mask.bed.gz, sharks/HydCol/MSMC/ROH_Negative_Mask/HydCol_CM068779.1_ROH_Mask.bed.gz, sharks/HydCol/MSMC/ROH_Negative_Mask/HydCol_CM068780.1_ROH_Mask.bed.gz, sharks/HydCol/MSMC/ROH_Negative_Mask/HydCol_CM068781.1_ROH_Mask.bed.gz, sharks/HydCol/MSMC/Output_NEW_multihetsep/CM068742.1_multihet.txt, sharks/HydCol/MSMC/Output_NEW_multihetsep/CM068743.1_multihet.txt, sharks/HydCol/MSMC/Output_NEW_multihetsep/CM068744.1_multihet.txt, sharks/HydCol/MSMC/Output_NEW_multihetsep/CM068745.1_multihet.txt, sharks/HydCol/MSMC/Output_NEW_multihetsep/CM068746.1_multihet.txt, sharks/HydCol/MSMC/Output_NEW_multihetsep/CM068747.1_multihet.txt, sharks/HydCol/MSMC/Output_NEW_multihetsep/CM068748.1_multihet.txt, sharks/HydCol/MSMC/Output_NEW_multihetsep/CM068749.1_multihet.txt, sharks/HydCol/MSMC/Output_NEW_multihetsep/CM068750.1_multihet.txt, sharks/HydCol/MSMC/Output_NEW_multihetsep/CM068751.1_multihet.txt, sharks/HydCol/MSMC/Output_NEW_multihetsep/CM068752.1_multihet.txt, sharks/HydCol/MSMC/Output_NEW_multihetsep/CM068753.1_multihet.txt, sharks/HydCol/MSMC/Output_NEW_multihetsep/CM068754.1_multihet.txt, sharks/HydCol/MSMC/Output_NEW_multihetsep/CM068755.1_multihet.txt, sharks/HydCol/MSMC/Output_NEW_multihetsep/CM068756.1_multihet.txt, sharks/HydCol/MSMC/Output_NEW_multihetsep/CM068757.1_multihet.txt, sharks/HydCol/MSMC/Output_NEW_multihetsep/CM068758.1_multihet.txt, sharks/HydCol/MSMC/Output_NEW_multihetsep/CM068759.1_multihet.txt, sharks/HydCol/MSMC/Output_NEW_multihetsep/CM068760.1_multihet.txt, sharks/HydCol/MSMC/Output_NEW_multihetsep/CM068761.1_multihet.txt, sharks/HydCol/MSMC/Output_NEW_multihetsep/CM068762.1_multihet.txt, sharks/HydCol/MSMC/Output_NEW_multihetsep/CM068763.1_multihet.txt, sharks/HydCol/MSMC/Output_NEW_multihetsep/CM068764.1_multihet.txt, sharks/HydCol/MSMC/Output_NEW_multihetsep/CM068765.1_multihet.txt, sharks/HydCol/MSMC/Output_NEW_multihetsep/CM068766.1_multihet.txt, sharks/HydCol/MSMC/Output_NEW_multihetsep/CM068767.1_multihet.txt, sharks/HydCol/MSMC/Output_NEW_multihetsep/CM068768.1_multihet.txt, sharks/HydCol/MSMC/Output_NEW_multihetsep/CM068769.1_multihet.txt, sharks/HydCol/MSMC/Output_NEW_multihetsep/CM068770.1_multihet.txt, sharks/HydCol/MSMC/Output_NEW_multihetsep/CM068771.1_multihet.txt, sharks/HydCol/MSMC/Output_NEW_multihetsep/CM068772.1_multihet.txt, sharks/HydCol/MSMC/Output_NEW_multihetsep/CM068773.1_multihet.txt, sharks/HydCol/MSMC/Output_NEW_multihetsep/CM068774.1_multihet.txt, sharks/HydCol/MSMC/Output_NEW_multihetsep/CM068775.1_multihet.txt, sharks/HydCol/MSMC/Output_NEW_multihetsep/CM068776.1_multihet.txt, sharks/HydCol/MSMC/Output_NEW_multihetsep/CM068777.1_multihet.txt, sharks/HydCol/MSMC/Output_NEW_multihetsep/CM068778.1_multihet.txt, sharks/HydCol/MSMC/Output_NEW_multihetsep/CM068779.1_multihet.txt, sharks/HydCol/MSMC/Output_NEW_multihetsep/CM068780.1_multihet.txt, sharks/HydCol/MSMC/Output_NEW_multihetsep/CM068781.1_multihet.txt
    jobid: 0
    reason: Input files updated by another job: sharks/HydCol/MSMC/Output_NEW_multihetsep/CM068763.1_multihet.txt, sharks/HydCol/MSMC/Output_NEW_multihetsep/CM068776.1_multihet.txt, sharks/HydCol/MSMC/Output_NEW_multihetsep/CM068756.1_multihet.txt, sharks/HydCol/MSMC/Output_NEW_multihetsep/CM068779.1_multihet.txt, sharks/HydCol/MSMC/Output_NEW_multihetsep/CM068773.1_multihet.txt, sharks/HydCol/MSMC/Output_NEW_multihetsep/CM068775.1_multihet.txt, sharks/HydCol/MSMC/Output_NEW_multihetsep/CM068750.1_multihet.txt, sharks/HydCol/MSMC/Output_NEW_multihetsep/CM068762.1_multihet.txt, sharks/HydCol/MSMC/Output_NEW_multihetsep/CM068769.1_multihet.txt, sharks/HydCol/MSMC/Output_NEW_multihetsep/CM068778.1_multihet.txt, sharks/HydCol/MSMC/Output_NEW_multihetsep/CM068765.1_multihet.txt, sharks/HydCol/MSMC/Output_NEW_multihetsep/CM068744.1_multihet.txt, sharks/HydCol/MSMC/Output_NEW_multihetsep/CM068751.1_multihet.txt, sharks/HydCol/MSMC/Output_NEW_multihetsep/CM068759.1_multihet.txt, sharks/HydCol/MSMC/Output_NEW_multihetsep/CM068768.1_multihet.txt, sharks/HydCol/MSMC/Output_NEW_multihetsep/CM068761.1_multihet.txt, sharks/HydCol/MSMC/Output_NEW_multihetsep/CM068755.1_multihet.txt, sharks/HydCol/MSMC/Output_NEW_multihetsep/CM068749.1_multihet.txt, sharks/HydCol/MSMC/Output_NEW_multihetsep/CM068746.1_multihet.txt, sharks/HydCol/MSMC/Output_NEW_multihetsep/CM068771.1_multihet.txt, sharks/HydCol/MSMC/Output_NEW_multihetsep/CM068754.1_multihet.txt, sharks/HydCol/MSMC/Output_NEW_multihetsep/CM068780.1_multihet.txt, sharks/HydCol/MSMC/Output_NEW_multihetsep/CM068760.1_multihet.txt, sharks/HydCol/MSMC/Output_NEW_multihetsep/CM068767.1_multihet.txt, sharks/HydCol/MSMC/Output_NEW_multihetsep/CM068745.1_multihet.txt, sharks/HydCol/MSMC/Output_NEW_multihetsep/CM068748.1_multihet.txt, sharks/HydCol/MSMC/Output_NEW_multihetsep/CM068752.1_multihet.txt, sharks/HydCol/MSMC/Output_NEW_multihetsep/CM068753.1_multihet.txt, sharks/HydCol/MSMC/Output_NEW_multihetsep/CM068758.1_multihet.txt, sharks/HydCol/MSMC/Output_NEW_multihetsep/CM068764.1_multihet.txt, sharks/HydCol/MSMC/Output_NEW_multihetsep/CM068742.1_multihet.txt, sharks/HydCol/MSMC/Output_NEW_multihetsep/CM068757.1_multihet.txt, sharks/HydCol/MSMC/Output_NEW_multihetsep/CM068770.1_multihet.txt, sharks/HydCol/MSMC/Output_NEW_multihetsep/CM068774.1_multihet.txt, sharks/HydCol/MSMC/Output_NEW_multihetsep/CM068747.1_multihet.txt, sharks/HydCol/MSMC/Output_NEW_multihetsep/CM068743.1_multihet.txt, sharks/HydCol/MSMC/Output_NEW_multihetsep/CM068777.1_multihet.txt, sharks/HydCol/MSMC/Output_NEW_multihetsep/CM068766.1_multihet.txt, sharks/HydCol/MSMC/Output_NEW_multihetsep/CM068772.1_multihet.txt, sharks/HydCol/MSMC/Output_NEW_multihetsep/CM068781.1_multihet.txt
    resources: mem_mb=10000, mem_mib=9537, disk_mb=1000, disk_mib=954, tmpdir=/tmp, slurm_account=DURBIN-SL2-CPU, slurm_partition=cclake-himem, runtime=60

[Thu May 29 10:36:49 2025]
Finished job 0.
41 of 41 steps (100%) done
Complete log: .snakemake/log/2025-05-29T102227.488834.snakemake.log
