host: login-p-3
Building DAG of jobs...
Using shell: /usr/bin/bash
Provided cores: 56
Rules claiming more threads will be scaled down.
Job stats:
job            count
-----------  -------
COMPILE_ROH        1
ROH_CALC           5
all                1
total              7

Select jobs to execute...
Execute 5 jobs...

[Wed Mar 26 18:05:36 2025]
localrule ROH_CALC:
    input: sharks/HydCol_Test/temp/20250326_CM068742.1_Aln_Only.txt, sharks/HydCol_Test/temp/20250326_CM068742.1_Var_Only.txt, sharks/HydCol_Test/Reference_HydCol_Test_Chroms_Lengths.txt
    output: sharks/HydCol_Test/20250326_CM068742.1_ROH_Results.txt
    jobid: 27
    reason: Missing output files: sharks/HydCol_Test/20250326_CM068742.1_ROH_Results.txt
    wildcards: CLADE=sharks, SPEC_NAME=HydCol_Test, TODAY_DATE=20250326, CHR=CM068742.1
    resources: tmpdir=/tmp


[Wed Mar 26 18:05:36 2025]
localrule ROH_CALC:
    input: sharks/HydCol_Test/temp/20250326_CM068744.1_Aln_Only.txt, sharks/HydCol_Test/temp/20250326_CM068744.1_Var_Only.txt, sharks/HydCol_Test/Reference_HydCol_Test_Chroms_Lengths.txt
    output: sharks/HydCol_Test/20250326_CM068744.1_ROH_Results.txt
    jobid: 30
    reason: Missing output files: sharks/HydCol_Test/20250326_CM068744.1_ROH_Results.txt
    wildcards: CLADE=sharks, SPEC_NAME=HydCol_Test, TODAY_DATE=20250326, CHR=CM068744.1
    resources: tmpdir=/tmp


[Wed Mar 26 18:05:36 2025]
localrule ROH_CALC:
    input: sharks/HydCol_Test/temp/20250326_CM068746.1_Aln_Only.txt, sharks/HydCol_Test/temp/20250326_CM068746.1_Var_Only.txt, sharks/HydCol_Test/Reference_HydCol_Test_Chroms_Lengths.txt
    output: sharks/HydCol_Test/20250326_CM068746.1_ROH_Results.txt
    jobid: 32
    reason: Missing output files: sharks/HydCol_Test/20250326_CM068746.1_ROH_Results.txt
    wildcards: CLADE=sharks, SPEC_NAME=HydCol_Test, TODAY_DATE=20250326, CHR=CM068746.1
    resources: tmpdir=/tmp


[Wed Mar 26 18:05:36 2025]
localrule ROH_CALC:
    input: sharks/HydCol_Test/temp/20250326_CM068743.1_Aln_Only.txt, sharks/HydCol_Test/temp/20250326_CM068743.1_Var_Only.txt, sharks/HydCol_Test/Reference_HydCol_Test_Chroms_Lengths.txt
    output: sharks/HydCol_Test/20250326_CM068743.1_ROH_Results.txt
    jobid: 29
    reason: Missing output files: sharks/HydCol_Test/20250326_CM068743.1_ROH_Results.txt
    wildcards: CLADE=sharks, SPEC_NAME=HydCol_Test, TODAY_DATE=20250326, CHR=CM068743.1
    resources: tmpdir=/tmp


[Wed Mar 26 18:05:36 2025]
localrule ROH_CALC:
    input: sharks/HydCol_Test/temp/20250326_CM068745.1_Aln_Only.txt, sharks/HydCol_Test/temp/20250326_CM068745.1_Var_Only.txt, sharks/HydCol_Test/Reference_HydCol_Test_Chroms_Lengths.txt
    output: sharks/HydCol_Test/20250326_CM068745.1_ROH_Results.txt
    jobid: 31
    reason: Missing output files: sharks/HydCol_Test/20250326_CM068745.1_ROH_Results.txt
    wildcards: CLADE=sharks, SPEC_NAME=HydCol_Test, TODAY_DATE=20250326, CHR=CM068745.1
    resources: tmpdir=/tmp

[Wed Mar 26 18:05:38 2025]
Finished job 32.
1 of 7 steps (14%) done
[Wed Mar 26 18:05:39 2025]
Finished job 30.
2 of 7 steps (29%) done
[Wed Mar 26 18:05:40 2025]
Finished job 31.
3 of 7 steps (43%) done
[Wed Mar 26 18:05:41 2025]
Finished job 29.
4 of 7 steps (57%) done
[Wed Mar 26 18:05:42 2025]
Finished job 27.
5 of 7 steps (71%) done
Select jobs to execute...
Execute 1 jobs...

[Wed Mar 26 18:05:42 2025]
localrule COMPILE_ROH:
    input: sharks/HydCol_Test/20250326_CM068742.1_ROH_Results.txt, sharks/HydCol_Test/20250326_CM068743.1_ROH_Results.txt, sharks/HydCol_Test/20250326_CM068744.1_ROH_Results.txt, sharks/HydCol_Test/20250326_CM068745.1_ROH_Results.txt, sharks/HydCol_Test/20250326_CM068746.1_ROH_Results.txt
    output: sharks/HydCol_Test/GCA_035084275.1_ROH_Results.tsv
    jobid: 33
    reason: Missing output files: sharks/HydCol_Test/GCA_035084275.1_ROH_Results.tsv; Input files updated by another job: sharks/HydCol_Test/20250326_CM068746.1_ROH_Results.txt, sharks/HydCol_Test/20250326_CM068742.1_ROH_Results.txt, sharks/HydCol_Test/20250326_CM068745.1_ROH_Results.txt, sharks/HydCol_Test/20250326_CM068743.1_ROH_Results.txt, sharks/HydCol_Test/20250326_CM068744.1_ROH_Results.txt; Code has changed since last execution; Params have changed since last execution: Union of exclusive params before and now across all output: before: ['CM068742.1', 'CM068743.1', 'CM068744.1', 'CM068745.1', 'CM068746.1'] now: <nothing exclusive> 
    resources: tmpdir=/tmp

[Wed Mar 26 18:05:42 2025]
Finished job 33.
6 of 7 steps (86%) done
Select jobs to execute...
Execute 1 jobs...

[Wed Mar 26 18:05:42 2025]
localrule all:
    input: sharks/HydCol_Test/HydCol_Test_FASTGA.paf, sharks/HydCol_Test/20250326_CM068742.1_filtered.paf, sharks/HydCol_Test/20250326_CM068743.1_filtered.paf, sharks/HydCol_Test/20250326_CM068744.1_filtered.paf, sharks/HydCol_Test/20250326_CM068745.1_filtered.paf, sharks/HydCol_Test/20250326_CM068746.1_filtered.paf, sharks/HydCol_Test/temp/20250326_CM068742.1_Aln_Only.txt, sharks/HydCol_Test/temp/20250326_CM068743.1_Aln_Only.txt, sharks/HydCol_Test/temp/20250326_CM068744.1_Aln_Only.txt, sharks/HydCol_Test/temp/20250326_CM068745.1_Aln_Only.txt, sharks/HydCol_Test/temp/20250326_CM068746.1_Aln_Only.txt, sharks/HydCol_Test/temp/20250326_CM068742.1_Var_Only.txt, sharks/HydCol_Test/temp/20250326_CM068743.1_Var_Only.txt, sharks/HydCol_Test/temp/20250326_CM068744.1_Var_Only.txt, sharks/HydCol_Test/temp/20250326_CM068745.1_Var_Only.txt, sharks/HydCol_Test/temp/20250326_CM068746.1_Var_Only.txt, sharks/HydCol_Test/20250326_CM068742.1_ROH_Results.txt, sharks/HydCol_Test/20250326_CM068743.1_ROH_Results.txt, sharks/HydCol_Test/20250326_CM068744.1_ROH_Results.txt, sharks/HydCol_Test/20250326_CM068745.1_ROH_Results.txt, sharks/HydCol_Test/20250326_CM068746.1_ROH_Results.txt, sharks/HydCol_Test/GCA_035084275.1_ROH_Results.tsv
    jobid: 0
    reason: Input files updated by another job: sharks/HydCol_Test/20250326_CM068746.1_ROH_Results.txt, sharks/HydCol_Test/20250326_CM068742.1_ROH_Results.txt, sharks/HydCol_Test/GCA_035084275.1_ROH_Results.tsv, sharks/HydCol_Test/20250326_CM068745.1_ROH_Results.txt, sharks/HydCol_Test/20250326_CM068743.1_ROH_Results.txt, sharks/HydCol_Test/20250326_CM068744.1_ROH_Results.txt
    resources: tmpdir=/tmp

[Wed Mar 26 18:05:42 2025]
Finished job 0.
7 of 7 steps (100%) done
Complete log: .snakemake/log/2025-03-26T180536.145676.snakemake.log
