host: login-p-2
Building DAG of jobs...
Using shell: /usr/bin/bash
Provided cores: 56
Rules claiming more threads will be scaled down.
Job stats:
job                      count
---------------------  -------
BAM_COVERAGE                 1
CALC_HET_WHOLE_GENOME        1
COMPILE_HET                  1
MAKE_BAM                     1
MAKE_SAM                     1
PAF_DOTPLOT                  1
PLOT_HET_PER_CHR            40
PLOT_WHOLE_HET               1
all                          1
total                       48

Select jobs to execute...
Execute 4 jobs...

[Mon Mar 31 11:27:19 2025]
localrule PAF_DOTPLOT:
    input: sharks/chrom_lists/GCA_035084275.1_chroms.txt, sharks/HydCol_Test/GCA_035084275.1.mm2.srt.paf
    output: sharks/HydCol_Test/dotplots/20250331_HydCol_Test_DotPlot.pdf
    jobid: 338
    reason: Missing output files: sharks/HydCol_Test/dotplots/20250331_HydCol_Test_DotPlot.pdf
    wildcards: CLADE=sharks, SPEC_NAME=HydCol_Test, TODAY_DATE=20250331
    resources: tmpdir=/tmp


[Mon Mar 31 11:27:19 2025]
localrule CALC_HET_WHOLE_GENOME:
    input: sharks/HydCol_Test/Reference_HydCol_Test_Chroms_Lengths.txt
    output: sharks/HydCol_Test/20250331_HydCol_Test_per_chr_mean_heterozygosity.txt, sharks/HydCol_Test/20250331_HydCol_Test_whole_genome_mean_heterozygosity.txt
    jobid: 292
    reason: Missing output files: sharks/HydCol_Test/20250331_HydCol_Test_per_chr_mean_heterozygosity.txt, sharks/HydCol_Test/20250331_HydCol_Test_whole_genome_mean_heterozygosity.txt
    wildcards: CLADE=sharks, SPEC_NAME=HydCol_Test, TODAY_DATE=20250331
    resources: tmpdir=/tmp


[Mon Mar 31 11:27:19 2025]
localrule MAKE_SAM:
    input: /rds/project/rds-p67MZilb2eQ/projects/VGP/241117.UCSC-hubs-VGP-alignment/alignment/reference/sharks/GCA_035084275.1.fa.gz, /rds/project/rds-p67MZilb2eQ/projects/VGP/241117.UCSC-hubs-VGP-alignment/alignment/alternate/sharks/GCA_035084065.1.fa.gz
    output: sharks/HydCol_Test/20250331_HydCol_Test.sam
    jobid: 337
    reason: Missing output files: sharks/HydCol_Test/20250331_HydCol_Test.sam
    wildcards: CLADE=sharks, SPEC_NAME=HydCol_Test, TODAY_DATE=20250331
    resources: tmpdir=/tmp


[Mon Mar 31 11:27:19 2025]
localrule COMPILE_HET:
    input: sharks/HydCol_Test/20250331_CM068742.1_het.txt, sharks/HydCol_Test/20250331_CM068743.1_het.txt, sharks/HydCol_Test/20250331_CM068744.1_het.txt, sharks/HydCol_Test/20250331_CM068745.1_het.txt, sharks/HydCol_Test/20250331_CM068746.1_het.txt, sharks/HydCol_Test/20250331_CM068747.1_het.txt, sharks/HydCol_Test/20250331_CM068748.1_het.txt, sharks/HydCol_Test/20250331_CM068749.1_het.txt, sharks/HydCol_Test/20250331_CM068750.1_het.txt, sharks/HydCol_Test/20250331_CM068751.1_het.txt, sharks/HydCol_Test/20250331_CM068752.1_het.txt, sharks/HydCol_Test/20250331_CM068753.1_het.txt, sharks/HydCol_Test/20250331_CM068754.1_het.txt, sharks/HydCol_Test/20250331_CM068755.1_het.txt, sharks/HydCol_Test/20250331_CM068756.1_het.txt, sharks/HydCol_Test/20250331_CM068757.1_het.txt, sharks/HydCol_Test/20250331_CM068758.1_het.txt, sharks/HydCol_Test/20250331_CM068759.1_het.txt, sharks/HydCol_Test/20250331_CM068760.1_het.txt, sharks/HydCol_Test/20250331_CM068761.1_het.txt, sharks/HydCol_Test/20250331_CM068762.1_het.txt, sharks/HydCol_Test/20250331_CM068763.1_het.txt, sharks/HydCol_Test/20250331_CM068764.1_het.txt, sharks/HydCol_Test/20250331_CM068765.1_het.txt, sharks/HydCol_Test/20250331_CM068766.1_het.txt, sharks/HydCol_Test/20250331_CM068767.1_het.txt, sharks/HydCol_Test/20250331_CM068768.1_het.txt, sharks/HydCol_Test/20250331_CM068769.1_het.txt, sharks/HydCol_Test/20250331_CM068770.1_het.txt, sharks/HydCol_Test/20250331_CM068771.1_het.txt, sharks/HydCol_Test/20250331_CM068772.1_het.txt, sharks/HydCol_Test/20250331_CM068773.1_het.txt, sharks/HydCol_Test/20250331_CM068774.1_het.txt, sharks/HydCol_Test/20250331_CM068775.1_het.txt, sharks/HydCol_Test/20250331_CM068776.1_het.txt, sharks/HydCol_Test/20250331_CM068777.1_het.txt, sharks/HydCol_Test/20250331_CM068778.1_het.txt, sharks/HydCol_Test/20250331_CM068779.1_het.txt, sharks/HydCol_Test/20250331_CM068780.1_het.txt, sharks/HydCol_Test/20250331_CM068781.1_het.txt
    output: sharks/HydCol_Test/HydCol_Test_Het_Compiled.tsv
    jobid: 293
    reason: Missing output files: sharks/HydCol_Test/HydCol_Test_Het_Compiled.tsv; Set of input files has changed since last execution
    wildcards: CLADE=sharks, SPEC_NAME=HydCol_Test
    resources: tmpdir=/tmp

[Mon Mar 31 11:27:19 2025]
Finished job 293.
1 of 48 steps (2%) done
Select jobs to execute...
Execute 41 jobs...

[Mon Mar 31 11:27:19 2025]
localrule PLOT_HET_PER_CHR:
    input: sharks/HydCol_Test/HydCol_Test_Het_Compiled.tsv
    output: sharks/HydCol_Test/20250331_HydCol_Test_CM068758.1_Het_Map.svg
    jobid: 310
    reason: Missing output files: sharks/HydCol_Test/20250331_HydCol_Test_CM068758.1_Het_Map.svg; Input files updated by another job: sharks/HydCol_Test/HydCol_Test_Het_Compiled.tsv
    wildcards: CLADE=sharks, SPEC_NAME=HydCol_Test, TODAY_DATE=20250331, CHR=CM068758.1
    resources: tmpdir=/tmp


[Mon Mar 31 11:27:19 2025]
localrule PLOT_HET_PER_CHR:
    input: sharks/HydCol_Test/HydCol_Test_Het_Compiled.tsv
    output: sharks/HydCol_Test/20250331_HydCol_Test_CM068751.1_Het_Map.svg
    jobid: 303
    reason: Missing output files: sharks/HydCol_Test/20250331_HydCol_Test_CM068751.1_Het_Map.svg; Input files updated by another job: sharks/HydCol_Test/HydCol_Test_Het_Compiled.tsv
    wildcards: CLADE=sharks, SPEC_NAME=HydCol_Test, TODAY_DATE=20250331, CHR=CM068751.1
    resources: tmpdir=/tmp


[Mon Mar 31 11:27:19 2025]
localrule PLOT_HET_PER_CHR:
    input: sharks/HydCol_Test/HydCol_Test_Het_Compiled.tsv
    output: sharks/HydCol_Test/20250331_HydCol_Test_CM068744.1_Het_Map.svg
    jobid: 296
    reason: Missing output files: sharks/HydCol_Test/20250331_HydCol_Test_CM068744.1_Het_Map.svg; Input files updated by another job: sharks/HydCol_Test/HydCol_Test_Het_Compiled.tsv
    wildcards: CLADE=sharks, SPEC_NAME=HydCol_Test, TODAY_DATE=20250331, CHR=CM068744.1
    resources: tmpdir=/tmp


[Mon Mar 31 11:27:19 2025]
localrule PLOT_HET_PER_CHR:
    input: sharks/HydCol_Test/HydCol_Test_Het_Compiled.tsv
    output: sharks/HydCol_Test/20250331_HydCol_Test_CM068780.1_Het_Map.svg
    jobid: 332
    reason: Missing output files: sharks/HydCol_Test/20250331_HydCol_Test_CM068780.1_Het_Map.svg; Input files updated by another job: sharks/HydCol_Test/HydCol_Test_Het_Compiled.tsv
    wildcards: CLADE=sharks, SPEC_NAME=HydCol_Test, TODAY_DATE=20250331, CHR=CM068780.1
    resources: tmpdir=/tmp


[Mon Mar 31 11:27:19 2025]
localrule PLOT_HET_PER_CHR:
    input: sharks/HydCol_Test/HydCol_Test_Het_Compiled.tsv
    output: sharks/HydCol_Test/20250331_HydCol_Test_CM068773.1_Het_Map.svg
    jobid: 325
    reason: Missing output files: sharks/HydCol_Test/20250331_HydCol_Test_CM068773.1_Het_Map.svg; Input files updated by another job: sharks/HydCol_Test/HydCol_Test_Het_Compiled.tsv
    wildcards: CLADE=sharks, SPEC_NAME=HydCol_Test, TODAY_DATE=20250331, CHR=CM068773.1
    resources: tmpdir=/tmp


[Mon Mar 31 11:27:19 2025]
localrule PLOT_HET_PER_CHR:
    input: sharks/HydCol_Test/HydCol_Test_Het_Compiled.tsv
    output: sharks/HydCol_Test/20250331_HydCol_Test_CM068766.1_Het_Map.svg
    jobid: 318
    reason: Missing output files: sharks/HydCol_Test/20250331_HydCol_Test_CM068766.1_Het_Map.svg; Input files updated by another job: sharks/HydCol_Test/HydCol_Test_Het_Compiled.tsv
    wildcards: CLADE=sharks, SPEC_NAME=HydCol_Test, TODAY_DATE=20250331, CHR=CM068766.1
    resources: tmpdir=/tmp


[Mon Mar 31 11:27:19 2025]
localrule PLOT_HET_PER_CHR:
    input: sharks/HydCol_Test/HydCol_Test_Het_Compiled.tsv
    output: sharks/HydCol_Test/20250331_HydCol_Test_CM068759.1_Het_Map.svg
    jobid: 311
    reason: Missing output files: sharks/HydCol_Test/20250331_HydCol_Test_CM068759.1_Het_Map.svg; Input files updated by another job: sharks/HydCol_Test/HydCol_Test_Het_Compiled.tsv
    wildcards: CLADE=sharks, SPEC_NAME=HydCol_Test, TODAY_DATE=20250331, CHR=CM068759.1
    resources: tmpdir=/tmp


[Mon Mar 31 11:27:19 2025]
localrule PLOT_HET_PER_CHR:
    input: sharks/HydCol_Test/HydCol_Test_Het_Compiled.tsv
    output: sharks/HydCol_Test/20250331_HydCol_Test_CM068752.1_Het_Map.svg
    jobid: 304
    reason: Missing output files: sharks/HydCol_Test/20250331_HydCol_Test_CM068752.1_Het_Map.svg; Input files updated by another job: sharks/HydCol_Test/HydCol_Test_Het_Compiled.tsv
    wildcards: CLADE=sharks, SPEC_NAME=HydCol_Test, TODAY_DATE=20250331, CHR=CM068752.1
    resources: tmpdir=/tmp


[Mon Mar 31 11:27:19 2025]
localrule PLOT_HET_PER_CHR:
    input: sharks/HydCol_Test/HydCol_Test_Het_Compiled.tsv
    output: sharks/HydCol_Test/20250331_HydCol_Test_CM068745.1_Het_Map.svg
    jobid: 297
    reason: Missing output files: sharks/HydCol_Test/20250331_HydCol_Test_CM068745.1_Het_Map.svg; Input files updated by another job: sharks/HydCol_Test/HydCol_Test_Het_Compiled.tsv
    wildcards: CLADE=sharks, SPEC_NAME=HydCol_Test, TODAY_DATE=20250331, CHR=CM068745.1
    resources: tmpdir=/tmp


[Mon Mar 31 11:27:19 2025]
localrule PLOT_HET_PER_CHR:
    input: sharks/HydCol_Test/HydCol_Test_Het_Compiled.tsv
    output: sharks/HydCol_Test/20250331_HydCol_Test_CM068781.1_Het_Map.svg
    jobid: 333
    reason: Missing output files: sharks/HydCol_Test/20250331_HydCol_Test_CM068781.1_Het_Map.svg; Input files updated by another job: sharks/HydCol_Test/HydCol_Test_Het_Compiled.tsv
    wildcards: CLADE=sharks, SPEC_NAME=HydCol_Test, TODAY_DATE=20250331, CHR=CM068781.1
    resources: tmpdir=/tmp


[Mon Mar 31 11:27:19 2025]
localrule PLOT_HET_PER_CHR:
    input: sharks/HydCol_Test/HydCol_Test_Het_Compiled.tsv
    output: sharks/HydCol_Test/20250331_HydCol_Test_CM068774.1_Het_Map.svg
    jobid: 326
    reason: Missing output files: sharks/HydCol_Test/20250331_HydCol_Test_CM068774.1_Het_Map.svg; Input files updated by another job: sharks/HydCol_Test/HydCol_Test_Het_Compiled.tsv
    wildcards: CLADE=sharks, SPEC_NAME=HydCol_Test, TODAY_DATE=20250331, CHR=CM068774.1
    resources: tmpdir=/tmp


[Mon Mar 31 11:27:19 2025]
localrule PLOT_HET_PER_CHR:
    input: sharks/HydCol_Test/HydCol_Test_Het_Compiled.tsv
    output: sharks/HydCol_Test/20250331_HydCol_Test_CM068767.1_Het_Map.svg
    jobid: 319
    reason: Missing output files: sharks/HydCol_Test/20250331_HydCol_Test_CM068767.1_Het_Map.svg; Input files updated by another job: sharks/HydCol_Test/HydCol_Test_Het_Compiled.tsv
    wildcards: CLADE=sharks, SPEC_NAME=HydCol_Test, TODAY_DATE=20250331, CHR=CM068767.1
    resources: tmpdir=/tmp


[Mon Mar 31 11:27:20 2025]
localrule PLOT_HET_PER_CHR:
    input: sharks/HydCol_Test/HydCol_Test_Het_Compiled.tsv
    output: sharks/HydCol_Test/20250331_HydCol_Test_CM068760.1_Het_Map.svg
    jobid: 312
    reason: Missing output files: sharks/HydCol_Test/20250331_HydCol_Test_CM068760.1_Het_Map.svg; Input files updated by another job: sharks/HydCol_Test/HydCol_Test_Het_Compiled.tsv
    wildcards: CLADE=sharks, SPEC_NAME=HydCol_Test, TODAY_DATE=20250331, CHR=CM068760.1
    resources: tmpdir=/tmp


[Mon Mar 31 11:27:20 2025]
localrule PLOT_HET_PER_CHR:
    input: sharks/HydCol_Test/HydCol_Test_Het_Compiled.tsv
    output: sharks/HydCol_Test/20250331_HydCol_Test_CM068753.1_Het_Map.svg
    jobid: 305
    reason: Missing output files: sharks/HydCol_Test/20250331_HydCol_Test_CM068753.1_Het_Map.svg; Input files updated by another job: sharks/HydCol_Test/HydCol_Test_Het_Compiled.tsv
    wildcards: CLADE=sharks, SPEC_NAME=HydCol_Test, TODAY_DATE=20250331, CHR=CM068753.1
    resources: tmpdir=/tmp


[Mon Mar 31 11:27:20 2025]
localrule PLOT_HET_PER_CHR:
    input: sharks/HydCol_Test/HydCol_Test_Het_Compiled.tsv
    output: sharks/HydCol_Test/20250331_HydCol_Test_CM068746.1_Het_Map.svg
    jobid: 298
    reason: Missing output files: sharks/HydCol_Test/20250331_HydCol_Test_CM068746.1_Het_Map.svg; Input files updated by another job: sharks/HydCol_Test/HydCol_Test_Het_Compiled.tsv
    wildcards: CLADE=sharks, SPEC_NAME=HydCol_Test, TODAY_DATE=20250331, CHR=CM068746.1
    resources: tmpdir=/tmp


[Mon Mar 31 11:27:20 2025]
localrule PLOT_WHOLE_HET:
    input: sharks/HydCol_Test/HydCol_Test_Het_Compiled.tsv
    output: sharks/HydCol_Test/20250331_HydCol_Test_Het_Whole_Genome_Map.svg
    jobid: 334
    reason: Missing output files: sharks/HydCol_Test/20250331_HydCol_Test_Het_Whole_Genome_Map.svg; Input files updated by another job: sharks/HydCol_Test/HydCol_Test_Het_Compiled.tsv
    wildcards: CLADE=sharks, SPEC_NAME=HydCol_Test, TODAY_DATE=20250331
    resources: tmpdir=/tmp


[Mon Mar 31 11:27:20 2025]
localrule PLOT_HET_PER_CHR:
    input: sharks/HydCol_Test/HydCol_Test_Het_Compiled.tsv
    output: sharks/HydCol_Test/20250331_HydCol_Test_CM068775.1_Het_Map.svg
    jobid: 327
    reason: Missing output files: sharks/HydCol_Test/20250331_HydCol_Test_CM068775.1_Het_Map.svg; Input files updated by another job: sharks/HydCol_Test/HydCol_Test_Het_Compiled.tsv
    wildcards: CLADE=sharks, SPEC_NAME=HydCol_Test, TODAY_DATE=20250331, CHR=CM068775.1
    resources: tmpdir=/tmp


[Mon Mar 31 11:27:20 2025]
localrule PLOT_HET_PER_CHR:
    input: sharks/HydCol_Test/HydCol_Test_Het_Compiled.tsv
    output: sharks/HydCol_Test/20250331_HydCol_Test_CM068768.1_Het_Map.svg
    jobid: 320
    reason: Missing output files: sharks/HydCol_Test/20250331_HydCol_Test_CM068768.1_Het_Map.svg; Input files updated by another job: sharks/HydCol_Test/HydCol_Test_Het_Compiled.tsv
    wildcards: CLADE=sharks, SPEC_NAME=HydCol_Test, TODAY_DATE=20250331, CHR=CM068768.1
    resources: tmpdir=/tmp


[Mon Mar 31 11:27:20 2025]
localrule PLOT_HET_PER_CHR:
    input: sharks/HydCol_Test/HydCol_Test_Het_Compiled.tsv
    output: sharks/HydCol_Test/20250331_HydCol_Test_CM068761.1_Het_Map.svg
    jobid: 313
    reason: Missing output files: sharks/HydCol_Test/20250331_HydCol_Test_CM068761.1_Het_Map.svg; Input files updated by another job: sharks/HydCol_Test/HydCol_Test_Het_Compiled.tsv
    wildcards: CLADE=sharks, SPEC_NAME=HydCol_Test, TODAY_DATE=20250331, CHR=CM068761.1
    resources: tmpdir=/tmp


[Mon Mar 31 11:27:20 2025]
localrule PLOT_HET_PER_CHR:
    input: sharks/HydCol_Test/HydCol_Test_Het_Compiled.tsv
    output: sharks/HydCol_Test/20250331_HydCol_Test_CM068754.1_Het_Map.svg
    jobid: 306
    reason: Missing output files: sharks/HydCol_Test/20250331_HydCol_Test_CM068754.1_Het_Map.svg; Input files updated by another job: sharks/HydCol_Test/HydCol_Test_Het_Compiled.tsv
    wildcards: CLADE=sharks, SPEC_NAME=HydCol_Test, TODAY_DATE=20250331, CHR=CM068754.1
    resources: tmpdir=/tmp


[Mon Mar 31 11:27:20 2025]
localrule PLOT_HET_PER_CHR:
    input: sharks/HydCol_Test/HydCol_Test_Het_Compiled.tsv
    output: sharks/HydCol_Test/20250331_HydCol_Test_CM068747.1_Het_Map.svg
    jobid: 299
    reason: Missing output files: sharks/HydCol_Test/20250331_HydCol_Test_CM068747.1_Het_Map.svg; Input files updated by another job: sharks/HydCol_Test/HydCol_Test_Het_Compiled.tsv
    wildcards: CLADE=sharks, SPEC_NAME=HydCol_Test, TODAY_DATE=20250331, CHR=CM068747.1
    resources: tmpdir=/tmp


[Mon Mar 31 11:27:20 2025]
localrule PLOT_HET_PER_CHR:
    input: sharks/HydCol_Test/HydCol_Test_Het_Compiled.tsv
    output: sharks/HydCol_Test/20250331_HydCol_Test_CM068776.1_Het_Map.svg
    jobid: 328
    reason: Missing output files: sharks/HydCol_Test/20250331_HydCol_Test_CM068776.1_Het_Map.svg; Input files updated by another job: sharks/HydCol_Test/HydCol_Test_Het_Compiled.tsv
    wildcards: CLADE=sharks, SPEC_NAME=HydCol_Test, TODAY_DATE=20250331, CHR=CM068776.1
    resources: tmpdir=/tmp


[Mon Mar 31 11:27:20 2025]
localrule PLOT_HET_PER_CHR:
    input: sharks/HydCol_Test/HydCol_Test_Het_Compiled.tsv
    output: sharks/HydCol_Test/20250331_HydCol_Test_CM068769.1_Het_Map.svg
    jobid: 321
    reason: Missing output files: sharks/HydCol_Test/20250331_HydCol_Test_CM068769.1_Het_Map.svg; Input files updated by another job: sharks/HydCol_Test/HydCol_Test_Het_Compiled.tsv
    wildcards: CLADE=sharks, SPEC_NAME=HydCol_Test, TODAY_DATE=20250331, CHR=CM068769.1
    resources: tmpdir=/tmp


[Mon Mar 31 11:27:20 2025]
localrule PLOT_HET_PER_CHR:
    input: sharks/HydCol_Test/HydCol_Test_Het_Compiled.tsv
    output: sharks/HydCol_Test/20250331_HydCol_Test_CM068762.1_Het_Map.svg
    jobid: 314
    reason: Missing output files: sharks/HydCol_Test/20250331_HydCol_Test_CM068762.1_Het_Map.svg; Input files updated by another job: sharks/HydCol_Test/HydCol_Test_Het_Compiled.tsv
    wildcards: CLADE=sharks, SPEC_NAME=HydCol_Test, TODAY_DATE=20250331, CHR=CM068762.1
    resources: tmpdir=/tmp


[Mon Mar 31 11:27:20 2025]
localrule PLOT_HET_PER_CHR:
    input: sharks/HydCol_Test/HydCol_Test_Het_Compiled.tsv
    output: sharks/HydCol_Test/20250331_HydCol_Test_CM068755.1_Het_Map.svg
    jobid: 307
    reason: Missing output files: sharks/HydCol_Test/20250331_HydCol_Test_CM068755.1_Het_Map.svg; Input files updated by another job: sharks/HydCol_Test/HydCol_Test_Het_Compiled.tsv
    wildcards: CLADE=sharks, SPEC_NAME=HydCol_Test, TODAY_DATE=20250331, CHR=CM068755.1
    resources: tmpdir=/tmp


[Mon Mar 31 11:27:20 2025]
localrule PLOT_HET_PER_CHR:
    input: sharks/HydCol_Test/HydCol_Test_Het_Compiled.tsv
    output: sharks/HydCol_Test/20250331_HydCol_Test_CM068748.1_Het_Map.svg
    jobid: 300
    reason: Missing output files: sharks/HydCol_Test/20250331_HydCol_Test_CM068748.1_Het_Map.svg; Input files updated by another job: sharks/HydCol_Test/HydCol_Test_Het_Compiled.tsv
    wildcards: CLADE=sharks, SPEC_NAME=HydCol_Test, TODAY_DATE=20250331, CHR=CM068748.1
    resources: tmpdir=/tmp


[Mon Mar 31 11:27:20 2025]
localrule PLOT_HET_PER_CHR:
    input: sharks/HydCol_Test/HydCol_Test_Het_Compiled.tsv
    output: sharks/HydCol_Test/20250331_HydCol_Test_CM068742.1_Het_Map.svg
    jobid: 294
    reason: Missing output files: sharks/HydCol_Test/20250331_HydCol_Test_CM068742.1_Het_Map.svg; Input files updated by another job: sharks/HydCol_Test/HydCol_Test_Het_Compiled.tsv
    wildcards: CLADE=sharks, SPEC_NAME=HydCol_Test, TODAY_DATE=20250331, CHR=CM068742.1
    resources: tmpdir=/tmp


[Mon Mar 31 11:27:20 2025]
localrule PLOT_HET_PER_CHR:
    input: sharks/HydCol_Test/HydCol_Test_Het_Compiled.tsv
    output: sharks/HydCol_Test/20250331_HydCol_Test_CM068777.1_Het_Map.svg
    jobid: 329
    reason: Missing output files: sharks/HydCol_Test/20250331_HydCol_Test_CM068777.1_Het_Map.svg; Input files updated by another job: sharks/HydCol_Test/HydCol_Test_Het_Compiled.tsv
    wildcards: CLADE=sharks, SPEC_NAME=HydCol_Test, TODAY_DATE=20250331, CHR=CM068777.1
    resources: tmpdir=/tmp


[Mon Mar 31 11:27:20 2025]
localrule PLOT_HET_PER_CHR:
    input: sharks/HydCol_Test/HydCol_Test_Het_Compiled.tsv
    output: sharks/HydCol_Test/20250331_HydCol_Test_CM068770.1_Het_Map.svg
    jobid: 322
    reason: Missing output files: sharks/HydCol_Test/20250331_HydCol_Test_CM068770.1_Het_Map.svg; Input files updated by another job: sharks/HydCol_Test/HydCol_Test_Het_Compiled.tsv
    wildcards: CLADE=sharks, SPEC_NAME=HydCol_Test, TODAY_DATE=20250331, CHR=CM068770.1
    resources: tmpdir=/tmp


[Mon Mar 31 11:27:20 2025]
localrule PLOT_HET_PER_CHR:
    input: sharks/HydCol_Test/HydCol_Test_Het_Compiled.tsv
    output: sharks/HydCol_Test/20250331_HydCol_Test_CM068763.1_Het_Map.svg
    jobid: 315
    reason: Missing output files: sharks/HydCol_Test/20250331_HydCol_Test_CM068763.1_Het_Map.svg; Input files updated by another job: sharks/HydCol_Test/HydCol_Test_Het_Compiled.tsv
    wildcards: CLADE=sharks, SPEC_NAME=HydCol_Test, TODAY_DATE=20250331, CHR=CM068763.1
    resources: tmpdir=/tmp


[Mon Mar 31 11:27:20 2025]
localrule PLOT_HET_PER_CHR:
    input: sharks/HydCol_Test/HydCol_Test_Het_Compiled.tsv
    output: sharks/HydCol_Test/20250331_HydCol_Test_CM068756.1_Het_Map.svg
    jobid: 308
    reason: Missing output files: sharks/HydCol_Test/20250331_HydCol_Test_CM068756.1_Het_Map.svg; Input files updated by another job: sharks/HydCol_Test/HydCol_Test_Het_Compiled.tsv
    wildcards: CLADE=sharks, SPEC_NAME=HydCol_Test, TODAY_DATE=20250331, CHR=CM068756.1
    resources: tmpdir=/tmp


[Mon Mar 31 11:27:20 2025]
localrule PLOT_HET_PER_CHR:
    input: sharks/HydCol_Test/HydCol_Test_Het_Compiled.tsv
    output: sharks/HydCol_Test/20250331_HydCol_Test_CM068749.1_Het_Map.svg
    jobid: 301
    reason: Missing output files: sharks/HydCol_Test/20250331_HydCol_Test_CM068749.1_Het_Map.svg; Input files updated by another job: sharks/HydCol_Test/HydCol_Test_Het_Compiled.tsv
    wildcards: CLADE=sharks, SPEC_NAME=HydCol_Test, TODAY_DATE=20250331, CHR=CM068749.1
    resources: tmpdir=/tmp


[Mon Mar 31 11:27:20 2025]
localrule PLOT_HET_PER_CHR:
    input: sharks/HydCol_Test/HydCol_Test_Het_Compiled.tsv
    output: sharks/HydCol_Test/20250331_HydCol_Test_CM068743.1_Het_Map.svg
    jobid: 295
    reason: Missing output files: sharks/HydCol_Test/20250331_HydCol_Test_CM068743.1_Het_Map.svg; Input files updated by another job: sharks/HydCol_Test/HydCol_Test_Het_Compiled.tsv
    wildcards: CLADE=sharks, SPEC_NAME=HydCol_Test, TODAY_DATE=20250331, CHR=CM068743.1
    resources: tmpdir=/tmp


[Mon Mar 31 11:27:20 2025]
localrule PLOT_HET_PER_CHR:
    input: sharks/HydCol_Test/HydCol_Test_Het_Compiled.tsv
    output: sharks/HydCol_Test/20250331_HydCol_Test_CM068778.1_Het_Map.svg
    jobid: 330
    reason: Missing output files: sharks/HydCol_Test/20250331_HydCol_Test_CM068778.1_Het_Map.svg; Input files updated by another job: sharks/HydCol_Test/HydCol_Test_Het_Compiled.tsv
    wildcards: CLADE=sharks, SPEC_NAME=HydCol_Test, TODAY_DATE=20250331, CHR=CM068778.1
    resources: tmpdir=/tmp


[Mon Mar 31 11:27:20 2025]
localrule PLOT_HET_PER_CHR:
    input: sharks/HydCol_Test/HydCol_Test_Het_Compiled.tsv
    output: sharks/HydCol_Test/20250331_HydCol_Test_CM068771.1_Het_Map.svg
    jobid: 323
    reason: Missing output files: sharks/HydCol_Test/20250331_HydCol_Test_CM068771.1_Het_Map.svg; Input files updated by another job: sharks/HydCol_Test/HydCol_Test_Het_Compiled.tsv
    wildcards: CLADE=sharks, SPEC_NAME=HydCol_Test, TODAY_DATE=20250331, CHR=CM068771.1
    resources: tmpdir=/tmp


[Mon Mar 31 11:27:20 2025]
localrule PLOT_HET_PER_CHR:
    input: sharks/HydCol_Test/HydCol_Test_Het_Compiled.tsv
    output: sharks/HydCol_Test/20250331_HydCol_Test_CM068764.1_Het_Map.svg
    jobid: 316
    reason: Missing output files: sharks/HydCol_Test/20250331_HydCol_Test_CM068764.1_Het_Map.svg; Input files updated by another job: sharks/HydCol_Test/HydCol_Test_Het_Compiled.tsv
    wildcards: CLADE=sharks, SPEC_NAME=HydCol_Test, TODAY_DATE=20250331, CHR=CM068764.1
    resources: tmpdir=/tmp


[Mon Mar 31 11:27:20 2025]
localrule PLOT_HET_PER_CHR:
    input: sharks/HydCol_Test/HydCol_Test_Het_Compiled.tsv
    output: sharks/HydCol_Test/20250331_HydCol_Test_CM068757.1_Het_Map.svg
    jobid: 309
    reason: Missing output files: sharks/HydCol_Test/20250331_HydCol_Test_CM068757.1_Het_Map.svg; Input files updated by another job: sharks/HydCol_Test/HydCol_Test_Het_Compiled.tsv
    wildcards: CLADE=sharks, SPEC_NAME=HydCol_Test, TODAY_DATE=20250331, CHR=CM068757.1
    resources: tmpdir=/tmp


[Mon Mar 31 11:27:20 2025]
localrule PLOT_HET_PER_CHR:
    input: sharks/HydCol_Test/HydCol_Test_Het_Compiled.tsv
    output: sharks/HydCol_Test/20250331_HydCol_Test_CM068750.1_Het_Map.svg
    jobid: 302
    reason: Missing output files: sharks/HydCol_Test/20250331_HydCol_Test_CM068750.1_Het_Map.svg; Input files updated by another job: sharks/HydCol_Test/HydCol_Test_Het_Compiled.tsv
    wildcards: CLADE=sharks, SPEC_NAME=HydCol_Test, TODAY_DATE=20250331, CHR=CM068750.1
    resources: tmpdir=/tmp


[Mon Mar 31 11:27:20 2025]
localrule PLOT_HET_PER_CHR:
    input: sharks/HydCol_Test/HydCol_Test_Het_Compiled.tsv
    output: sharks/HydCol_Test/20250331_HydCol_Test_CM068779.1_Het_Map.svg
    jobid: 331
    reason: Missing output files: sharks/HydCol_Test/20250331_HydCol_Test_CM068779.1_Het_Map.svg; Input files updated by another job: sharks/HydCol_Test/HydCol_Test_Het_Compiled.tsv
    wildcards: CLADE=sharks, SPEC_NAME=HydCol_Test, TODAY_DATE=20250331, CHR=CM068779.1
    resources: tmpdir=/tmp


[Mon Mar 31 11:27:20 2025]
localrule PLOT_HET_PER_CHR:
    input: sharks/HydCol_Test/HydCol_Test_Het_Compiled.tsv
    output: sharks/HydCol_Test/20250331_HydCol_Test_CM068772.1_Het_Map.svg
    jobid: 324
    reason: Missing output files: sharks/HydCol_Test/20250331_HydCol_Test_CM068772.1_Het_Map.svg; Input files updated by another job: sharks/HydCol_Test/HydCol_Test_Het_Compiled.tsv
    wildcards: CLADE=sharks, SPEC_NAME=HydCol_Test, TODAY_DATE=20250331, CHR=CM068772.1
    resources: tmpdir=/tmp


[Mon Mar 31 11:27:20 2025]
localrule PLOT_HET_PER_CHR:
    input: sharks/HydCol_Test/HydCol_Test_Het_Compiled.tsv
    output: sharks/HydCol_Test/20250331_HydCol_Test_CM068765.1_Het_Map.svg
    jobid: 317
    reason: Missing output files: sharks/HydCol_Test/20250331_HydCol_Test_CM068765.1_Het_Map.svg; Input files updated by another job: sharks/HydCol_Test/HydCol_Test_Het_Compiled.tsv
    wildcards: CLADE=sharks, SPEC_NAME=HydCol_Test, TODAY_DATE=20250331, CHR=CM068765.1
    resources: tmpdir=/tmp

[Mon Mar 31 11:27:20 2025]
Finished job 292.
2 of 48 steps (4%) done
[Mon Mar 31 11:27:25 2025]
Finished job 325.
3 of 48 steps (6%) done
[Mon Mar 31 11:27:26 2025]
Finished job 332.
4 of 48 steps (8%) done
[Mon Mar 31 11:27:26 2025]
Finished job 303.
5 of 48 steps (10%) done
[Mon Mar 31 11:27:26 2025]
Finished job 311.
6 of 48 steps (12%) done
[Mon Mar 31 11:27:26 2025]
Finished job 310.
7 of 48 steps (15%) done
[Mon Mar 31 11:27:26 2025]
Finished job 326.
8 of 48 steps (17%) done
[Mon Mar 31 11:27:26 2025]
Finished job 318.
9 of 48 steps (19%) done
[Mon Mar 31 11:27:26 2025]
Finished job 333.
10 of 48 steps (21%) done
[Mon Mar 31 11:27:26 2025]
Finished job 304.
11 of 48 steps (23%) done
[Mon Mar 31 11:27:26 2025]
Finished job 297.
12 of 48 steps (25%) done
[Mon Mar 31 11:27:26 2025]
Finished job 296.
13 of 48 steps (27%) done
[Mon Mar 31 11:27:26 2025]
Finished job 334.
14 of 48 steps (29%) done
[Mon Mar 31 11:27:26 2025]
Finished job 319.
15 of 48 steps (31%) done
[Mon Mar 31 11:27:27 2025]
Finished job 312.
16 of 48 steps (33%) done
[Mon Mar 31 11:27:27 2025]
Finished job 327.
17 of 48 steps (35%) done
[Mon Mar 31 11:27:27 2025]
Finished job 308.
18 of 48 steps (38%) done
[Mon Mar 31 11:27:27 2025]
Finished job 317.
19 of 48 steps (40%) done
[Mon Mar 31 11:27:27 2025]
Finished job 299.
20 of 48 steps (42%) done
[Mon Mar 31 11:27:27 2025]
Finished job 320.
21 of 48 steps (44%) done
[Mon Mar 31 11:27:27 2025]
Finished job 331.
22 of 48 steps (46%) done
[Mon Mar 31 11:27:27 2025]
Finished job 315.
23 of 48 steps (48%) done
[Mon Mar 31 11:27:27 2025]
Finished job 298.
24 of 48 steps (50%) done
[Mon Mar 31 11:27:27 2025]
Finished job 321.
25 of 48 steps (52%) done
[Mon Mar 31 11:27:27 2025]
Finished job 294.
26 of 48 steps (54%) done
[Mon Mar 31 11:27:27 2025]
Finished job 322.
27 of 48 steps (56%) done
[Mon Mar 31 11:27:27 2025]
Finished job 330.
28 of 48 steps (58%) done
[Mon Mar 31 11:27:27 2025]
Finished job 314.
29 of 48 steps (60%) done
[Mon Mar 31 11:27:27 2025]
Finished job 305.
30 of 48 steps (62%) done
[Mon Mar 31 11:27:27 2025]
Finished job 324.
31 of 48 steps (65%) done
[Mon Mar 31 11:27:27 2025]
Finished job 306.
32 of 48 steps (67%) done
[Mon Mar 31 11:27:27 2025]
Finished job 302.
33 of 48 steps (69%) done
[Mon Mar 31 11:27:27 2025]
Finished job 328.
34 of 48 steps (71%) done
[Mon Mar 31 11:27:27 2025]
Finished job 300.
35 of 48 steps (73%) done
[Mon Mar 31 11:27:27 2025]
Finished job 295.
36 of 48 steps (75%) done
[Mon Mar 31 11:27:27 2025]
Finished job 323.
37 of 48 steps (77%) done
[Mon Mar 31 11:27:27 2025]
Finished job 301.
38 of 48 steps (79%) done
[Mon Mar 31 11:27:27 2025]
Finished job 329.
39 of 48 steps (81%) done
[Mon Mar 31 11:27:27 2025]
Finished job 307.
40 of 48 steps (83%) done
[Mon Mar 31 11:27:27 2025]
Finished job 316.
41 of 48 steps (85%) done
[Mon Mar 31 11:27:27 2025]
Finished job 309.
42 of 48 steps (88%) done
[Mon Mar 31 11:27:27 2025]
Finished job 313.
43 of 48 steps (90%) done
[Mon Mar 31 11:27:36 2025]
Finished job 338.
44 of 48 steps (92%) done
[Mon Mar 31 11:35:37 2025]
Finished job 337.
45 of 48 steps (94%) done
Select jobs to execute...
Execute 1 jobs...

[Mon Mar 31 11:35:37 2025]
localrule MAKE_BAM:
    input: sharks/HydCol_Test/20250331_HydCol_Test.sam
    output: sharks/HydCol_Test/20250331_HydCol_Test.bam
    jobid: 336
    reason: Missing output files: sharks/HydCol_Test/20250331_HydCol_Test.bam; Input files updated by another job: sharks/HydCol_Test/20250331_HydCol_Test.sam
    wildcards: CLADE=sharks, SPEC_NAME=HydCol_Test, TODAY_DATE=20250331
    resources: tmpdir=/tmp

[Mon Mar 31 11:36:26 2025]
Finished job 336.
46 of 48 steps (96%) done
Select jobs to execute...
Execute 1 jobs...

[Mon Mar 31 11:36:26 2025]
localrule BAM_COVERAGE:
    input: sharks/HydCol_Test/20250331_HydCol_Test.bam
    output: sharks/HydCol_Test/20250331_HydCol_Test_BAM_Coverage.txt
    jobid: 335
    reason: Missing output files: sharks/HydCol_Test/20250331_HydCol_Test_BAM_Coverage.txt; Input files updated by another job: sharks/HydCol_Test/20250331_HydCol_Test.bam
    wildcards: CLADE=sharks, SPEC_NAME=HydCol_Test, TODAY_DATE=20250331
    resources: tmpdir=/tmp

[Mon Mar 31 11:37:15 2025]
Finished job 335.
47 of 48 steps (98%) done
Select jobs to execute...
Execute 1 jobs...

[Mon Mar 31 11:37:20 2025]
localrule all:
    input: sharks/HydCol_Test/HydCol_Test_FASTGA.paf, sharks/HydCol_Test/20250331_CM068742.1_filtered.paf, sharks/HydCol_Test/20250331_CM068743.1_filtered.paf, sharks/HydCol_Test/20250331_CM068744.1_filtered.paf, sharks/HydCol_Test/20250331_CM068745.1_filtered.paf, sharks/HydCol_Test/20250331_CM068746.1_filtered.paf, sharks/HydCol_Test/20250331_CM068747.1_filtered.paf, sharks/HydCol_Test/20250331_CM068748.1_filtered.paf, sharks/HydCol_Test/20250331_CM068749.1_filtered.paf, sharks/HydCol_Test/20250331_CM068750.1_filtered.paf, sharks/HydCol_Test/20250331_CM068751.1_filtered.paf, sharks/HydCol_Test/20250331_CM068752.1_filtered.paf, sharks/HydCol_Test/20250331_CM068753.1_filtered.paf, sharks/HydCol_Test/20250331_CM068754.1_filtered.paf, sharks/HydCol_Test/20250331_CM068755.1_filtered.paf, sharks/HydCol_Test/20250331_CM068756.1_filtered.paf, sharks/HydCol_Test/20250331_CM068757.1_filtered.paf, sharks/HydCol_Test/20250331_CM068758.1_filtered.paf, sharks/HydCol_Test/20250331_CM068759.1_filtered.paf, sharks/HydCol_Test/20250331_CM068760.1_filtered.paf, sharks/HydCol_Test/20250331_CM068761.1_filtered.paf, sharks/HydCol_Test/20250331_CM068762.1_filtered.paf, sharks/HydCol_Test/20250331_CM068763.1_filtered.paf, sharks/HydCol_Test/20250331_CM068764.1_filtered.paf, sharks/HydCol_Test/20250331_CM068765.1_filtered.paf, sharks/HydCol_Test/20250331_CM068766.1_filtered.paf, sharks/HydCol_Test/20250331_CM068767.1_filtered.paf, sharks/HydCol_Test/20250331_CM068768.1_filtered.paf, sharks/HydCol_Test/20250331_CM068769.1_filtered.paf, sharks/HydCol_Test/20250331_CM068770.1_filtered.paf, sharks/HydCol_Test/20250331_CM068771.1_filtered.paf, sharks/HydCol_Test/20250331_CM068772.1_filtered.paf, sharks/HydCol_Test/20250331_CM068773.1_filtered.paf, sharks/HydCol_Test/20250331_CM068774.1_filtered.paf, sharks/HydCol_Test/20250331_CM068775.1_filtered.paf, sharks/HydCol_Test/20250331_CM068776.1_filtered.paf, sharks/HydCol_Test/20250331_CM068777.1_filtered.paf, sharks/HydCol_Test/20250331_CM068778.1_filtered.paf, sharks/HydCol_Test/20250331_CM068779.1_filtered.paf, sharks/HydCol_Test/20250331_CM068780.1_filtered.paf, sharks/HydCol_Test/20250331_CM068781.1_filtered.paf, sharks/HydCol_Test/temp/HydCol_Test_Var_Only.txt, sharks/HydCol_Test/temp/20250331_CM068742.1_Aln_Only.txt, sharks/HydCol_Test/temp/20250331_CM068743.1_Aln_Only.txt, sharks/HydCol_Test/temp/20250331_CM068744.1_Aln_Only.txt, sharks/HydCol_Test/temp/20250331_CM068745.1_Aln_Only.txt, sharks/HydCol_Test/temp/20250331_CM068746.1_Aln_Only.txt, sharks/HydCol_Test/temp/20250331_CM068747.1_Aln_Only.txt, sharks/HydCol_Test/temp/20250331_CM068748.1_Aln_Only.txt, sharks/HydCol_Test/temp/20250331_CM068749.1_Aln_Only.txt, sharks/HydCol_Test/temp/20250331_CM068750.1_Aln_Only.txt, sharks/HydCol_Test/temp/20250331_CM068751.1_Aln_Only.txt, sharks/HydCol_Test/temp/20250331_CM068752.1_Aln_Only.txt, sharks/HydCol_Test/temp/20250331_CM068753.1_Aln_Only.txt, sharks/HydCol_Test/temp/20250331_CM068754.1_Aln_Only.txt, sharks/HydCol_Test/temp/20250331_CM068755.1_Aln_Only.txt, sharks/HydCol_Test/temp/20250331_CM068756.1_Aln_Only.txt, sharks/HydCol_Test/temp/20250331_CM068757.1_Aln_Only.txt, sharks/HydCol_Test/temp/20250331_CM068758.1_Aln_Only.txt, sharks/HydCol_Test/temp/20250331_CM068759.1_Aln_Only.txt, sharks/HydCol_Test/temp/20250331_CM068760.1_Aln_Only.txt, sharks/HydCol_Test/temp/20250331_CM068761.1_Aln_Only.txt, sharks/HydCol_Test/temp/20250331_CM068762.1_Aln_Only.txt, sharks/HydCol_Test/temp/20250331_CM068763.1_Aln_Only.txt, sharks/HydCol_Test/temp/20250331_CM068764.1_Aln_Only.txt, sharks/HydCol_Test/temp/20250331_CM068765.1_Aln_Only.txt, sharks/HydCol_Test/temp/20250331_CM068766.1_Aln_Only.txt, sharks/HydCol_Test/temp/20250331_CM068767.1_Aln_Only.txt, sharks/HydCol_Test/temp/20250331_CM068768.1_Aln_Only.txt, sharks/HydCol_Test/temp/20250331_CM068769.1_Aln_Only.txt, sharks/HydCol_Test/temp/20250331_CM068770.1_Aln_Only.txt, sharks/HydCol_Test/temp/20250331_CM068771.1_Aln_Only.txt, sharks/HydCol_Test/temp/20250331_CM068772.1_Aln_Only.txt, sharks/HydCol_Test/temp/20250331_CM068773.1_Aln_Only.txt, sharks/HydCol_Test/temp/20250331_CM068774.1_Aln_Only.txt, sharks/HydCol_Test/temp/20250331_CM068775.1_Aln_Only.txt, sharks/HydCol_Test/temp/20250331_CM068776.1_Aln_Only.txt, sharks/HydCol_Test/temp/20250331_CM068777.1_Aln_Only.txt, sharks/HydCol_Test/temp/20250331_CM068778.1_Aln_Only.txt, sharks/HydCol_Test/temp/20250331_CM068779.1_Aln_Only.txt, sharks/HydCol_Test/temp/20250331_CM068780.1_Aln_Only.txt, sharks/HydCol_Test/temp/20250331_CM068781.1_Aln_Only.txt, sharks/HydCol_Test/temp/20250331_CM068742.1_Var_Only.txt, sharks/HydCol_Test/temp/20250331_CM068743.1_Var_Only.txt, sharks/HydCol_Test/temp/20250331_CM068744.1_Var_Only.txt, sharks/HydCol_Test/temp/20250331_CM068745.1_Var_Only.txt, sharks/HydCol_Test/temp/20250331_CM068746.1_Var_Only.txt, sharks/HydCol_Test/temp/20250331_CM068747.1_Var_Only.txt, sharks/HydCol_Test/temp/20250331_CM068748.1_Var_Only.txt, sharks/HydCol_Test/temp/20250331_CM068749.1_Var_Only.txt, sharks/HydCol_Test/temp/20250331_CM068750.1_Var_Only.txt, sharks/HydCol_Test/temp/20250331_CM068751.1_Var_Only.txt, sharks/HydCol_Test/temp/20250331_CM068752.1_Var_Only.txt, sharks/HydCol_Test/temp/20250331_CM068753.1_Var_Only.txt, sharks/HydCol_Test/temp/20250331_CM068754.1_Var_Only.txt, sharks/HydCol_Test/temp/20250331_CM068755.1_Var_Only.txt, sharks/HydCol_Test/temp/20250331_CM068756.1_Var_Only.txt, sharks/HydCol_Test/temp/20250331_CM068757.1_Var_Only.txt, sharks/HydCol_Test/temp/20250331_CM068758.1_Var_Only.txt, sharks/HydCol_Test/temp/20250331_CM068759.1_Var_Only.txt, sharks/HydCol_Test/temp/20250331_CM068760.1_Var_Only.txt, sharks/HydCol_Test/temp/20250331_CM068761.1_Var_Only.txt, sharks/HydCol_Test/temp/20250331_CM068762.1_Var_Only.txt, sharks/HydCol_Test/temp/20250331_CM068763.1_Var_Only.txt, sharks/HydCol_Test/temp/20250331_CM068764.1_Var_Only.txt, sharks/HydCol_Test/temp/20250331_CM068765.1_Var_Only.txt, sharks/HydCol_Test/temp/20250331_CM068766.1_Var_Only.txt, sharks/HydCol_Test/temp/20250331_CM068767.1_Var_Only.txt, sharks/HydCol_Test/temp/20250331_CM068768.1_Var_Only.txt, sharks/HydCol_Test/temp/20250331_CM068769.1_Var_Only.txt, sharks/HydCol_Test/temp/20250331_CM068770.1_Var_Only.txt, sharks/HydCol_Test/temp/20250331_CM068771.1_Var_Only.txt, sharks/HydCol_Test/temp/20250331_CM068772.1_Var_Only.txt, sharks/HydCol_Test/temp/20250331_CM068773.1_Var_Only.txt, sharks/HydCol_Test/temp/20250331_CM068774.1_Var_Only.txt, sharks/HydCol_Test/temp/20250331_CM068775.1_Var_Only.txt, sharks/HydCol_Test/temp/20250331_CM068776.1_Var_Only.txt, sharks/HydCol_Test/temp/20250331_CM068777.1_Var_Only.txt, sharks/HydCol_Test/temp/20250331_CM068778.1_Var_Only.txt, sharks/HydCol_Test/temp/20250331_CM068779.1_Var_Only.txt, sharks/HydCol_Test/temp/20250331_CM068780.1_Var_Only.txt, sharks/HydCol_Test/temp/20250331_CM068781.1_Var_Only.txt, sharks/HydCol_Test/20250331_CM068742.1_ROH_Results.txt, sharks/HydCol_Test/20250331_CM068743.1_ROH_Results.txt, sharks/HydCol_Test/20250331_CM068744.1_ROH_Results.txt, sharks/HydCol_Test/20250331_CM068745.1_ROH_Results.txt, sharks/HydCol_Test/20250331_CM068746.1_ROH_Results.txt, sharks/HydCol_Test/20250331_CM068747.1_ROH_Results.txt, sharks/HydCol_Test/20250331_CM068748.1_ROH_Results.txt, sharks/HydCol_Test/20250331_CM068749.1_ROH_Results.txt, sharks/HydCol_Test/20250331_CM068750.1_ROH_Results.txt, sharks/HydCol_Test/20250331_CM068751.1_ROH_Results.txt, sharks/HydCol_Test/20250331_CM068752.1_ROH_Results.txt, sharks/HydCol_Test/20250331_CM068753.1_ROH_Results.txt, sharks/HydCol_Test/20250331_CM068754.1_ROH_Results.txt, sharks/HydCol_Test/20250331_CM068755.1_ROH_Results.txt, sharks/HydCol_Test/20250331_CM068756.1_ROH_Results.txt, sharks/HydCol_Test/20250331_CM068757.1_ROH_Results.txt, sharks/HydCol_Test/20250331_CM068758.1_ROH_Results.txt, sharks/HydCol_Test/20250331_CM068759.1_ROH_Results.txt, sharks/HydCol_Test/20250331_CM068760.1_ROH_Results.txt, sharks/HydCol_Test/20250331_CM068761.1_ROH_Results.txt, sharks/HydCol_Test/20250331_CM068762.1_ROH_Results.txt, sharks/HydCol_Test/20250331_CM068763.1_ROH_Results.txt, sharks/HydCol_Test/20250331_CM068764.1_ROH_Results.txt, sharks/HydCol_Test/20250331_CM068765.1_ROH_Results.txt, sharks/HydCol_Test/20250331_CM068766.1_ROH_Results.txt, sharks/HydCol_Test/20250331_CM068767.1_ROH_Results.txt, sharks/HydCol_Test/20250331_CM068768.1_ROH_Results.txt, sharks/HydCol_Test/20250331_CM068769.1_ROH_Results.txt, sharks/HydCol_Test/20250331_CM068770.1_ROH_Results.txt, sharks/HydCol_Test/20250331_CM068771.1_ROH_Results.txt, sharks/HydCol_Test/20250331_CM068772.1_ROH_Results.txt, sharks/HydCol_Test/20250331_CM068773.1_ROH_Results.txt, sharks/HydCol_Test/20250331_CM068774.1_ROH_Results.txt, sharks/HydCol_Test/20250331_CM068775.1_ROH_Results.txt, sharks/HydCol_Test/20250331_CM068776.1_ROH_Results.txt, sharks/HydCol_Test/20250331_CM068777.1_ROH_Results.txt, sharks/HydCol_Test/20250331_CM068778.1_ROH_Results.txt, sharks/HydCol_Test/20250331_CM068779.1_ROH_Results.txt, sharks/HydCol_Test/20250331_CM068780.1_ROH_Results.txt, sharks/HydCol_Test/20250331_CM068781.1_ROH_Results.txt, sharks/HydCol_Test/HydCol_Test_ROH_Results.csv, sharks/HydCol_Test/20250331_HydCol_Test_ROH_Map.pdf, sharks/HydCol_Test/20250331_CM068742.1_GCA_035084275.1_FROH.txt, sharks/HydCol_Test/20250331_CM068743.1_GCA_035084275.1_FROH.txt, sharks/HydCol_Test/20250331_CM068744.1_GCA_035084275.1_FROH.txt, sharks/HydCol_Test/20250331_CM068745.1_GCA_035084275.1_FROH.txt, sharks/HydCol_Test/20250331_CM068746.1_GCA_035084275.1_FROH.txt, sharks/HydCol_Test/20250331_CM068747.1_GCA_035084275.1_FROH.txt, sharks/HydCol_Test/20250331_CM068748.1_GCA_035084275.1_FROH.txt, sharks/HydCol_Test/20250331_CM068749.1_GCA_035084275.1_FROH.txt, sharks/HydCol_Test/20250331_CM068750.1_GCA_035084275.1_FROH.txt, sharks/HydCol_Test/20250331_CM068751.1_GCA_035084275.1_FROH.txt, sharks/HydCol_Test/20250331_CM068752.1_GCA_035084275.1_FROH.txt, sharks/HydCol_Test/20250331_CM068753.1_GCA_035084275.1_FROH.txt, sharks/HydCol_Test/20250331_CM068754.1_GCA_035084275.1_FROH.txt, sharks/HydCol_Test/20250331_CM068755.1_GCA_035084275.1_FROH.txt, sharks/HydCol_Test/20250331_CM068756.1_GCA_035084275.1_FROH.txt, sharks/HydCol_Test/20250331_CM068757.1_GCA_035084275.1_FROH.txt, sharks/HydCol_Test/20250331_CM068758.1_GCA_035084275.1_FROH.txt, sharks/HydCol_Test/20250331_CM068759.1_GCA_035084275.1_FROH.txt, sharks/HydCol_Test/20250331_CM068760.1_GCA_035084275.1_FROH.txt, sharks/HydCol_Test/20250331_CM068761.1_GCA_035084275.1_FROH.txt, sharks/HydCol_Test/20250331_CM068762.1_GCA_035084275.1_FROH.txt, sharks/HydCol_Test/20250331_CM068763.1_GCA_035084275.1_FROH.txt, sharks/HydCol_Test/20250331_CM068764.1_GCA_035084275.1_FROH.txt, sharks/HydCol_Test/20250331_CM068765.1_GCA_035084275.1_FROH.txt, sharks/HydCol_Test/20250331_CM068766.1_GCA_035084275.1_FROH.txt, sharks/HydCol_Test/20250331_CM068767.1_GCA_035084275.1_FROH.txt, sharks/HydCol_Test/20250331_CM068768.1_GCA_035084275.1_FROH.txt, sharks/HydCol_Test/20250331_CM068769.1_GCA_035084275.1_FROH.txt, sharks/HydCol_Test/20250331_CM068770.1_GCA_035084275.1_FROH.txt, sharks/HydCol_Test/20250331_CM068771.1_GCA_035084275.1_FROH.txt, sharks/HydCol_Test/20250331_CM068772.1_GCA_035084275.1_FROH.txt, sharks/HydCol_Test/20250331_CM068773.1_GCA_035084275.1_FROH.txt, sharks/HydCol_Test/20250331_CM068774.1_GCA_035084275.1_FROH.txt, sharks/HydCol_Test/20250331_CM068775.1_GCA_035084275.1_FROH.txt, sharks/HydCol_Test/20250331_CM068776.1_GCA_035084275.1_FROH.txt, sharks/HydCol_Test/20250331_CM068777.1_GCA_035084275.1_FROH.txt, sharks/HydCol_Test/20250331_CM068778.1_GCA_035084275.1_FROH.txt, sharks/HydCol_Test/20250331_CM068779.1_GCA_035084275.1_FROH.txt, sharks/HydCol_Test/20250331_CM068780.1_GCA_035084275.1_FROH.txt, sharks/HydCol_Test/20250331_CM068781.1_GCA_035084275.1_FROH.txt, sharks/HydCol_Test/20250331_HydCol_Test_FROH.txt, sharks/HydCol_Test/20250331_CM068742.1_het.txt, sharks/HydCol_Test/20250331_CM068743.1_het.txt, sharks/HydCol_Test/20250331_CM068744.1_het.txt, sharks/HydCol_Test/20250331_CM068745.1_het.txt, sharks/HydCol_Test/20250331_CM068746.1_het.txt, sharks/HydCol_Test/20250331_CM068747.1_het.txt, sharks/HydCol_Test/20250331_CM068748.1_het.txt, sharks/HydCol_Test/20250331_CM068749.1_het.txt, sharks/HydCol_Test/20250331_CM068750.1_het.txt, sharks/HydCol_Test/20250331_CM068751.1_het.txt, sharks/HydCol_Test/20250331_CM068752.1_het.txt, sharks/HydCol_Test/20250331_CM068753.1_het.txt, sharks/HydCol_Test/20250331_CM068754.1_het.txt, sharks/HydCol_Test/20250331_CM068755.1_het.txt, sharks/HydCol_Test/20250331_CM068756.1_het.txt, sharks/HydCol_Test/20250331_CM068757.1_het.txt, sharks/HydCol_Test/20250331_CM068758.1_het.txt, sharks/HydCol_Test/20250331_CM068759.1_het.txt, sharks/HydCol_Test/20250331_CM068760.1_het.txt, sharks/HydCol_Test/20250331_CM068761.1_het.txt, sharks/HydCol_Test/20250331_CM068762.1_het.txt, sharks/HydCol_Test/20250331_CM068763.1_het.txt, sharks/HydCol_Test/20250331_CM068764.1_het.txt, sharks/HydCol_Test/20250331_CM068765.1_het.txt, sharks/HydCol_Test/20250331_CM068766.1_het.txt, sharks/HydCol_Test/20250331_CM068767.1_het.txt, sharks/HydCol_Test/20250331_CM068768.1_het.txt, sharks/HydCol_Test/20250331_CM068769.1_het.txt, sharks/HydCol_Test/20250331_CM068770.1_het.txt, sharks/HydCol_Test/20250331_CM068771.1_het.txt, sharks/HydCol_Test/20250331_CM068772.1_het.txt, sharks/HydCol_Test/20250331_CM068773.1_het.txt, sharks/HydCol_Test/20250331_CM068774.1_het.txt, sharks/HydCol_Test/20250331_CM068775.1_het.txt, sharks/HydCol_Test/20250331_CM068776.1_het.txt, sharks/HydCol_Test/20250331_CM068777.1_het.txt, sharks/HydCol_Test/20250331_CM068778.1_het.txt, sharks/HydCol_Test/20250331_CM068779.1_het.txt, sharks/HydCol_Test/20250331_CM068780.1_het.txt, sharks/HydCol_Test/20250331_CM068781.1_het.txt, sharks/HydCol_Test/20250331_HydCol_Test_per_chr_mean_heterozygosity.txt, sharks/HydCol_Test/20250331_HydCol_Test_whole_genome_mean_heterozygosity.txt, sharks/HydCol_Test/HydCol_Test_Het_Compiled.tsv, sharks/HydCol_Test/20250331_HydCol_Test_CM068742.1_Het_Map.svg, sharks/HydCol_Test/20250331_HydCol_Test_CM068743.1_Het_Map.svg, sharks/HydCol_Test/20250331_HydCol_Test_CM068744.1_Het_Map.svg, sharks/HydCol_Test/20250331_HydCol_Test_CM068745.1_Het_Map.svg, sharks/HydCol_Test/20250331_HydCol_Test_CM068746.1_Het_Map.svg, sharks/HydCol_Test/20250331_HydCol_Test_CM068747.1_Het_Map.svg, sharks/HydCol_Test/20250331_HydCol_Test_CM068748.1_Het_Map.svg, sharks/HydCol_Test/20250331_HydCol_Test_CM068749.1_Het_Map.svg, sharks/HydCol_Test/20250331_HydCol_Test_CM068750.1_Het_Map.svg, sharks/HydCol_Test/20250331_HydCol_Test_CM068751.1_Het_Map.svg, sharks/HydCol_Test/20250331_HydCol_Test_CM068752.1_Het_Map.svg, sharks/HydCol_Test/20250331_HydCol_Test_CM068753.1_Het_Map.svg, sharks/HydCol_Test/20250331_HydCol_Test_CM068754.1_Het_Map.svg, sharks/HydCol_Test/20250331_HydCol_Test_CM068755.1_Het_Map.svg, sharks/HydCol_Test/20250331_HydCol_Test_CM068756.1_Het_Map.svg, sharks/HydCol_Test/20250331_HydCol_Test_CM068757.1_Het_Map.svg, sharks/HydCol_Test/20250331_HydCol_Test_CM068758.1_Het_Map.svg, sharks/HydCol_Test/20250331_HydCol_Test_CM068759.1_Het_Map.svg, sharks/HydCol_Test/20250331_HydCol_Test_CM068760.1_Het_Map.svg, sharks/HydCol_Test/20250331_HydCol_Test_CM068761.1_Het_Map.svg, sharks/HydCol_Test/20250331_HydCol_Test_CM068762.1_Het_Map.svg, sharks/HydCol_Test/20250331_HydCol_Test_CM068763.1_Het_Map.svg, sharks/HydCol_Test/20250331_HydCol_Test_CM068764.1_Het_Map.svg, sharks/HydCol_Test/20250331_HydCol_Test_CM068765.1_Het_Map.svg, sharks/HydCol_Test/20250331_HydCol_Test_CM068766.1_Het_Map.svg, sharks/HydCol_Test/20250331_HydCol_Test_CM068767.1_Het_Map.svg, sharks/HydCol_Test/20250331_HydCol_Test_CM068768.1_Het_Map.svg, sharks/HydCol_Test/20250331_HydCol_Test_CM068769.1_Het_Map.svg, sharks/HydCol_Test/20250331_HydCol_Test_CM068770.1_Het_Map.svg, sharks/HydCol_Test/20250331_HydCol_Test_CM068771.1_Het_Map.svg, sharks/HydCol_Test/20250331_HydCol_Test_CM068772.1_Het_Map.svg, sharks/HydCol_Test/20250331_HydCol_Test_CM068773.1_Het_Map.svg, sharks/HydCol_Test/20250331_HydCol_Test_CM068774.1_Het_Map.svg, sharks/HydCol_Test/20250331_HydCol_Test_CM068775.1_Het_Map.svg, sharks/HydCol_Test/20250331_HydCol_Test_CM068776.1_Het_Map.svg, sharks/HydCol_Test/20250331_HydCol_Test_CM068777.1_Het_Map.svg, sharks/HydCol_Test/20250331_HydCol_Test_CM068778.1_Het_Map.svg, sharks/HydCol_Test/20250331_HydCol_Test_CM068779.1_Het_Map.svg, sharks/HydCol_Test/20250331_HydCol_Test_CM068780.1_Het_Map.svg, sharks/HydCol_Test/20250331_HydCol_Test_CM068781.1_Het_Map.svg, sharks/HydCol_Test/20250331_HydCol_Test_Het_Whole_Genome_Map.svg, sharks/HydCol_Test/20250331_HydCol_Test_BAM_Coverage.txt, sharks/HydCol_Test/dotplots/20250331_HydCol_Test_DotPlot.pdf
    jobid: 0
    reason: Input files updated by another job: sharks/HydCol_Test/20250331_HydCol_Test_CM068750.1_Het_Map.svg, sharks/HydCol_Test/20250331_HydCol_Test_CM068759.1_Het_Map.svg, sharks/HydCol_Test/20250331_HydCol_Test_CM068776.1_Het_Map.svg, sharks/HydCol_Test/20250331_HydCol_Test_CM068755.1_Het_Map.svg, sharks/HydCol_Test/20250331_HydCol_Test_CM068762.1_Het_Map.svg, sharks/HydCol_Test/20250331_HydCol_Test_CM068745.1_Het_Map.svg, sharks/HydCol_Test/20250331_HydCol_Test_CM068747.1_Het_Map.svg, sharks/HydCol_Test/20250331_HydCol_Test_CM068764.1_Het_Map.svg, sharks/HydCol_Test/20250331_HydCol_Test_CM068742.1_Het_Map.svg, sharks/HydCol_Test/dotplots/20250331_HydCol_Test_DotPlot.pdf, sharks/HydCol_Test/20250331_HydCol_Test_CM068757.1_Het_Map.svg, sharks/HydCol_Test/20250331_HydCol_Test_CM068744.1_Het_Map.svg, sharks/HydCol_Test/20250331_HydCol_Test_CM068777.1_Het_Map.svg, sharks/HydCol_Test/20250331_HydCol_Test_CM068743.1_Het_Map.svg, sharks/HydCol_Test/20250331_HydCol_Test_CM068749.1_Het_Map.svg, sharks/HydCol_Test/20250331_HydCol_Test_whole_genome_mean_heterozygosity.txt, sharks/HydCol_Test/20250331_HydCol_Test_CM068754.1_Het_Map.svg, sharks/HydCol_Test/20250331_HydCol_Test_CM068761.1_Het_Map.svg, sharks/HydCol_Test/20250331_HydCol_Test_CM068765.1_Het_Map.svg, sharks/HydCol_Test/20250331_HydCol_Test_CM068766.1_Het_Map.svg, sharks/HydCol_Test/20250331_HydCol_Test_CM068780.1_Het_Map.svg, sharks/HydCol_Test/20250331_HydCol_Test_CM068752.1_Het_Map.svg, sharks/HydCol_Test/20250331_HydCol_Test_CM068773.1_Het_Map.svg, sharks/HydCol_Test/20250331_HydCol_Test_BAM_Coverage.txt, sharks/HydCol_Test/20250331_HydCol_Test_CM068751.1_Het_Map.svg, sharks/HydCol_Test/20250331_HydCol_Test_CM068746.1_Het_Map.svg, sharks/HydCol_Test/20250331_HydCol_Test_CM068770.1_Het_Map.svg, sharks/HydCol_Test/20250331_HydCol_Test_CM068767.1_Het_Map.svg, sharks/HydCol_Test/20250331_HydCol_Test_CM068778.1_Het_Map.svg, sharks/HydCol_Test/20250331_HydCol_Test_CM068781.1_Het_Map.svg, sharks/HydCol_Test/20250331_HydCol_Test_per_chr_mean_heterozygosity.txt, sharks/HydCol_Test/20250331_HydCol_Test_CM068775.1_Het_Map.svg, sharks/HydCol_Test/20250331_HydCol_Test_CM068753.1_Het_Map.svg, sharks/HydCol_Test/20250331_HydCol_Test_CM068772.1_Het_Map.svg, sharks/HydCol_Test/HydCol_Test_Het_Compiled.tsv, sharks/HydCol_Test/20250331_HydCol_Test_CM068771.1_Het_Map.svg, sharks/HydCol_Test/20250331_HydCol_Test_CM068760.1_Het_Map.svg, sharks/HydCol_Test/20250331_HydCol_Test_CM068763.1_Het_Map.svg, sharks/HydCol_Test/20250331_HydCol_Test_CM068774.1_Het_Map.svg, sharks/HydCol_Test/20250331_HydCol_Test_CM068779.1_Het_Map.svg, sharks/HydCol_Test/20250331_HydCol_Test_Het_Whole_Genome_Map.svg, sharks/HydCol_Test/20250331_HydCol_Test_CM068756.1_Het_Map.svg, sharks/HydCol_Test/20250331_HydCol_Test_CM068748.1_Het_Map.svg, sharks/HydCol_Test/20250331_HydCol_Test_CM068758.1_Het_Map.svg, sharks/HydCol_Test/20250331_HydCol_Test_CM068768.1_Het_Map.svg, sharks/HydCol_Test/20250331_HydCol_Test_CM068769.1_Het_Map.svg
    resources: tmpdir=/tmp

[Mon Mar 31 11:37:20 2025]
Finished job 0.
48 of 48 steps (100%) done
Complete log: .snakemake/log/2025-03-31T112718.392445.snakemake.log
