host: login-p-4
Building DAG of jobs...
SLURM run ID: 2358beac-c689-4486-827e-cac3c655111b
Using shell: /usr/bin/bash
Provided remote nodes: 10
Job stats:
job            count
-----------  -------
COMPILE_ROH        1
Plot_ROH           1
ROH_CALC          46
all                1
total             49

Select jobs to execute...
Execute 10 jobs...

[Fri May  9 09:10:27 2025]
rule ROH_CALC:
    input: sharks/HepPer/temp/20250422_CM068674.1_Aln_Only.txt, sharks/HepPer/temp/20250422_CM068674.1_Var_Only.txt, sharks/HepPer/Reference_HepPer_Chroms_Lengths.txt
    output: sharks/HepPer/20250422_CM068674.1_ROH_Results.txt
    jobid: 140
    reason: Missing output files: sharks/HepPer/20250422_CM068674.1_ROH_Results.txt
    wildcards: CLADE=sharks, SPEC_NAME=HepPer, TODAY_DATE=20250422, CHR=CM068674.1
    resources: mem_mb=100000, mem_mib=95368, disk_mb=1000, disk_mib=954, tmpdir=<TBD>, slurm_account=DURBIN-SL2-CPU, slurm_partition=icelake-himem, runtime=120

Job 140 has been submitted with SLURM jobid 9205101 (log: /rds/project/rds-p67MZilb2eQ/projects/VGP/heterozygosity/.snakemake/slurm_logs/rule_ROH_CALC/sharks_HepPer_20250422_CM068674.1/9205101.log).

[Fri May  9 09:10:28 2025]
rule ROH_CALC:
    input: sharks/HepPer/temp/20250422_CM068667.1_Aln_Only.txt, sharks/HepPer/temp/20250422_CM068667.1_Var_Only.txt, sharks/HepPer/Reference_HepPer_Chroms_Lengths.txt
    output: sharks/HepPer/20250422_CM068667.1_ROH_Results.txt
    jobid: 133
    reason: Missing output files: sharks/HepPer/20250422_CM068667.1_ROH_Results.txt
    wildcards: CLADE=sharks, SPEC_NAME=HepPer, TODAY_DATE=20250422, CHR=CM068667.1
    resources: mem_mb=100000, mem_mib=95368, disk_mb=1000, disk_mib=954, tmpdir=<TBD>, slurm_account=DURBIN-SL2-CPU, slurm_partition=icelake-himem, runtime=120

Job 133 has been submitted with SLURM jobid 9205102 (log: /rds/project/rds-p67MZilb2eQ/projects/VGP/heterozygosity/.snakemake/slurm_logs/rule_ROH_CALC/sharks_HepPer_20250422_CM068667.1/9205102.log).

[Fri May  9 09:10:28 2025]
rule ROH_CALC:
    input: sharks/HepPer/temp/20250422_CM068660.1_Aln_Only.txt, sharks/HepPer/temp/20250422_CM068660.1_Var_Only.txt, sharks/HepPer/Reference_HepPer_Chroms_Lengths.txt
    output: sharks/HepPer/20250422_CM068660.1_ROH_Results.txt
    jobid: 126
    reason: Missing output files: sharks/HepPer/20250422_CM068660.1_ROH_Results.txt
    wildcards: CLADE=sharks, SPEC_NAME=HepPer, TODAY_DATE=20250422, CHR=CM068660.1
    resources: mem_mb=100000, mem_mib=95368, disk_mb=1000, disk_mib=954, tmpdir=<TBD>, slurm_account=DURBIN-SL2-CPU, slurm_partition=icelake-himem, runtime=120

Job 126 has been submitted with SLURM jobid 9205103 (log: /rds/project/rds-p67MZilb2eQ/projects/VGP/heterozygosity/.snakemake/slurm_logs/rule_ROH_CALC/sharks_HepPer_20250422_CM068660.1/9205103.log).

[Fri May  9 09:10:28 2025]
rule ROH_CALC:
    input: sharks/HepPer/temp/20250422_CM068653.1_Aln_Only.txt, sharks/HepPer/temp/20250422_CM068653.1_Var_Only.txt, sharks/HepPer/Reference_HepPer_Chroms_Lengths.txt
    output: sharks/HepPer/20250422_CM068653.1_ROH_Results.txt
    jobid: 119
    reason: Missing output files: sharks/HepPer/20250422_CM068653.1_ROH_Results.txt
    wildcards: CLADE=sharks, SPEC_NAME=HepPer, TODAY_DATE=20250422, CHR=CM068653.1
    resources: mem_mb=100000, mem_mib=95368, disk_mb=1000, disk_mib=954, tmpdir=<TBD>, slurm_account=DURBIN-SL2-CPU, slurm_partition=icelake-himem, runtime=120

Job 119 has been submitted with SLURM jobid 9205104 (log: /rds/project/rds-p67MZilb2eQ/projects/VGP/heterozygosity/.snakemake/slurm_logs/rule_ROH_CALC/sharks_HepPer_20250422_CM068653.1/9205104.log).

[Fri May  9 09:10:28 2025]
rule ROH_CALC:
    input: sharks/HepPer/temp/20250422_CM068646.1_Aln_Only.txt, sharks/HepPer/temp/20250422_CM068646.1_Var_Only.txt, sharks/HepPer/Reference_HepPer_Chroms_Lengths.txt
    output: sharks/HepPer/20250422_CM068646.1_ROH_Results.txt
    jobid: 112
    reason: Missing output files: sharks/HepPer/20250422_CM068646.1_ROH_Results.txt
    wildcards: CLADE=sharks, SPEC_NAME=HepPer, TODAY_DATE=20250422, CHR=CM068646.1
    resources: mem_mb=100000, mem_mib=95368, disk_mb=1000, disk_mib=954, tmpdir=<TBD>, slurm_account=DURBIN-SL2-CPU, slurm_partition=icelake-himem, runtime=120

Job 112 has been submitted with SLURM jobid 9205105 (log: /rds/project/rds-p67MZilb2eQ/projects/VGP/heterozygosity/.snakemake/slurm_logs/rule_ROH_CALC/sharks_HepPer_20250422_CM068646.1/9205105.log).

[Fri May  9 09:10:28 2025]
rule ROH_CALC:
    input: sharks/HepPer/temp/20250422_CM068681.1_Aln_Only.txt, sharks/HepPer/temp/20250422_CM068681.1_Var_Only.txt, sharks/HepPer/Reference_HepPer_Chroms_Lengths.txt
    output: sharks/HepPer/20250422_CM068681.1_ROH_Results.txt
    jobid: 147
    reason: Missing output files: sharks/HepPer/20250422_CM068681.1_ROH_Results.txt
    wildcards: CLADE=sharks, SPEC_NAME=HepPer, TODAY_DATE=20250422, CHR=CM068681.1
    resources: mem_mb=100000, mem_mib=95368, disk_mb=1000, disk_mib=954, tmpdir=<TBD>, slurm_account=DURBIN-SL2-CPU, slurm_partition=icelake-himem, runtime=120

Job 147 has been submitted with SLURM jobid 9205106 (log: /rds/project/rds-p67MZilb2eQ/projects/VGP/heterozygosity/.snakemake/slurm_logs/rule_ROH_CALC/sharks_HepPer_20250422_CM068681.1/9205106.log).

[Fri May  9 09:10:28 2025]
rule ROH_CALC:
    input: sharks/HepPer/temp/20250422_CM068652.1_Aln_Only.txt, sharks/HepPer/temp/20250422_CM068652.1_Var_Only.txt, sharks/HepPer/Reference_HepPer_Chroms_Lengths.txt
    output: sharks/HepPer/20250422_CM068652.1_ROH_Results.txt
    jobid: 118
    reason: Missing output files: sharks/HepPer/20250422_CM068652.1_ROH_Results.txt
    wildcards: CLADE=sharks, SPEC_NAME=HepPer, TODAY_DATE=20250422, CHR=CM068652.1
    resources: mem_mb=100000, mem_mib=95368, disk_mb=1000, disk_mib=954, tmpdir=<TBD>, slurm_account=DURBIN-SL2-CPU, slurm_partition=icelake-himem, runtime=120

Job 118 has been submitted with SLURM jobid 9205107 (log: /rds/project/rds-p67MZilb2eQ/projects/VGP/heterozygosity/.snakemake/slurm_logs/rule_ROH_CALC/sharks_HepPer_20250422_CM068652.1/9205107.log).

[Fri May  9 09:10:28 2025]
rule ROH_CALC:
    input: sharks/HepPer/temp/20250422_CM068645.1_Aln_Only.txt, sharks/HepPer/temp/20250422_CM068645.1_Var_Only.txt, sharks/HepPer/Reference_HepPer_Chroms_Lengths.txt
    output: sharks/HepPer/20250422_CM068645.1_ROH_Results.txt
    jobid: 111
    reason: Missing output files: sharks/HepPer/20250422_CM068645.1_ROH_Results.txt
    wildcards: CLADE=sharks, SPEC_NAME=HepPer, TODAY_DATE=20250422, CHR=CM068645.1
    resources: mem_mb=100000, mem_mib=95368, disk_mb=1000, disk_mib=954, tmpdir=<TBD>, slurm_account=DURBIN-SL2-CPU, slurm_partition=icelake-himem, runtime=120

Job 111 has been submitted with SLURM jobid 9205108 (log: /rds/project/rds-p67MZilb2eQ/projects/VGP/heterozygosity/.snakemake/slurm_logs/rule_ROH_CALC/sharks_HepPer_20250422_CM068645.1/9205108.log).

[Fri May  9 09:10:29 2025]
rule ROH_CALC:
    input: sharks/HepPer/temp/20250422_CM068638.1_Aln_Only.txt, sharks/HepPer/temp/20250422_CM068638.1_Var_Only.txt, sharks/HepPer/Reference_HepPer_Chroms_Lengths.txt
    output: sharks/HepPer/20250422_CM068638.1_ROH_Results.txt
    jobid: 104
    reason: Missing output files: sharks/HepPer/20250422_CM068638.1_ROH_Results.txt
    wildcards: CLADE=sharks, SPEC_NAME=HepPer, TODAY_DATE=20250422, CHR=CM068638.1
    resources: mem_mb=100000, mem_mib=95368, disk_mb=1000, disk_mib=954, tmpdir=<TBD>, slurm_account=DURBIN-SL2-CPU, slurm_partition=icelake-himem, runtime=120

Job 104 has been submitted with SLURM jobid 9205109 (log: /rds/project/rds-p67MZilb2eQ/projects/VGP/heterozygosity/.snakemake/slurm_logs/rule_ROH_CALC/sharks_HepPer_20250422_CM068638.1/9205109.log).

[Fri May  9 09:10:29 2025]
rule ROH_CALC:
    input: sharks/HepPer/temp/20250422_CM068680.1_Aln_Only.txt, sharks/HepPer/temp/20250422_CM068680.1_Var_Only.txt, sharks/HepPer/Reference_HepPer_Chroms_Lengths.txt
    output: sharks/HepPer/20250422_CM068680.1_ROH_Results.txt
    jobid: 146
    reason: Missing output files: sharks/HepPer/20250422_CM068680.1_ROH_Results.txt
    wildcards: CLADE=sharks, SPEC_NAME=HepPer, TODAY_DATE=20250422, CHR=CM068680.1
    resources: mem_mb=100000, mem_mib=95368, disk_mb=1000, disk_mib=954, tmpdir=<TBD>, slurm_account=DURBIN-SL2-CPU, slurm_partition=icelake-himem, runtime=120

Job 146 has been submitted with SLURM jobid 9205110 (log: /rds/project/rds-p67MZilb2eQ/projects/VGP/heterozygosity/.snakemake/slurm_logs/rule_ROH_CALC/sharks_HepPer_20250422_CM068680.1/9205110.log).
[Fri May  9 09:13:28 2025]
Finished job 140.
1 of 49 steps (2%) done
Select jobs to execute...
Execute 1 jobs...

[Fri May  9 09:13:28 2025]
rule ROH_CALC:
    input: sharks/HepPer/temp/20250422_CM068644.1_Aln_Only.txt, sharks/HepPer/temp/20250422_CM068644.1_Var_Only.txt, sharks/HepPer/Reference_HepPer_Chroms_Lengths.txt
    output: sharks/HepPer/20250422_CM068644.1_ROH_Results.txt
    jobid: 110
    reason: Missing output files: sharks/HepPer/20250422_CM068644.1_ROH_Results.txt
    wildcards: CLADE=sharks, SPEC_NAME=HepPer, TODAY_DATE=20250422, CHR=CM068644.1
    resources: mem_mb=100000, mem_mib=95368, disk_mb=1000, disk_mib=954, tmpdir=<TBD>, slurm_account=DURBIN-SL2-CPU, slurm_partition=icelake-himem, runtime=120

Job 110 has been submitted with SLURM jobid 9205270 (log: /rds/project/rds-p67MZilb2eQ/projects/VGP/heterozygosity/.snakemake/slurm_logs/rule_ROH_CALC/sharks_HepPer_20250422_CM068644.1/9205270.log).
[Fri May  9 09:13:30 2025]
Finished job 133.
2 of 49 steps (4%) done
[Fri May  9 09:13:30 2025]
Finished job 126.
3 of 49 steps (6%) done
[Fri May  9 09:13:30 2025]
Finished job 119.
4 of 49 steps (8%) done
[Fri May  9 09:13:30 2025]
Finished job 112.
5 of 49 steps (10%) done
[Fri May  9 09:13:30 2025]
Finished job 147.
6 of 49 steps (12%) done
[Fri May  9 09:13:30 2025]
Finished job 118.
7 of 49 steps (14%) done
[Fri May  9 09:13:30 2025]
Finished job 111.
8 of 49 steps (16%) done
[Fri May  9 09:13:30 2025]
Finished job 104.
9 of 49 steps (18%) done
[Fri May  9 09:13:30 2025]
Finished job 146.
10 of 49 steps (20%) done
Select jobs to execute...
Execute 9 jobs...

[Fri May  9 09:13:30 2025]
rule ROH_CALC:
    input: sharks/HepPer/temp/20250422_CM068662.1_Aln_Only.txt, sharks/HepPer/temp/20250422_CM068662.1_Var_Only.txt, sharks/HepPer/Reference_HepPer_Chroms_Lengths.txt
    output: sharks/HepPer/20250422_CM068662.1_ROH_Results.txt
    jobid: 128
    reason: Missing output files: sharks/HepPer/20250422_CM068662.1_ROH_Results.txt
    wildcards: CLADE=sharks, SPEC_NAME=HepPer, TODAY_DATE=20250422, CHR=CM068662.1
    resources: mem_mb=100000, mem_mib=95368, disk_mb=1000, disk_mib=954, tmpdir=<TBD>, slurm_account=DURBIN-SL2-CPU, slurm_partition=icelake-himem, runtime=120

Job 128 has been submitted with SLURM jobid 9205274 (log: /rds/project/rds-p67MZilb2eQ/projects/VGP/heterozygosity/.snakemake/slurm_logs/rule_ROH_CALC/sharks_HepPer_20250422_CM068662.1/9205274.log).

[Fri May  9 09:13:32 2025]
rule ROH_CALC:
    input: sharks/HepPer/temp/20250422_CM068679.1_Aln_Only.txt, sharks/HepPer/temp/20250422_CM068679.1_Var_Only.txt, sharks/HepPer/Reference_HepPer_Chroms_Lengths.txt
    output: sharks/HepPer/20250422_CM068679.1_ROH_Results.txt
    jobid: 145
    reason: Missing output files: sharks/HepPer/20250422_CM068679.1_ROH_Results.txt
    wildcards: CLADE=sharks, SPEC_NAME=HepPer, TODAY_DATE=20250422, CHR=CM068679.1
    resources: mem_mb=100000, mem_mib=95368, disk_mb=1000, disk_mib=954, tmpdir=<TBD>, slurm_account=DURBIN-SL2-CPU, slurm_partition=icelake-himem, runtime=120

Job 145 has been submitted with SLURM jobid 9205275 (log: /rds/project/rds-p67MZilb2eQ/projects/VGP/heterozygosity/.snakemake/slurm_logs/rule_ROH_CALC/sharks_HepPer_20250422_CM068679.1/9205275.log).

[Fri May  9 09:13:32 2025]
rule ROH_CALC:
    input: sharks/HepPer/temp/20250422_CM068639.1_Aln_Only.txt, sharks/HepPer/temp/20250422_CM068639.1_Var_Only.txt, sharks/HepPer/Reference_HepPer_Chroms_Lengths.txt
    output: sharks/HepPer/20250422_CM068639.1_ROH_Results.txt
    jobid: 105
    reason: Missing output files: sharks/HepPer/20250422_CM068639.1_ROH_Results.txt
    wildcards: CLADE=sharks, SPEC_NAME=HepPer, TODAY_DATE=20250422, CHR=CM068639.1
    resources: mem_mb=100000, mem_mib=95368, disk_mb=1000, disk_mib=954, tmpdir=<TBD>, slurm_account=DURBIN-SL2-CPU, slurm_partition=icelake-himem, runtime=120

Job 105 has been submitted with SLURM jobid 9205276 (log: /rds/project/rds-p67MZilb2eQ/projects/VGP/heterozygosity/.snakemake/slurm_logs/rule_ROH_CALC/sharks_HepPer_20250422_CM068639.1/9205276.log).

[Fri May  9 09:13:33 2025]
rule ROH_CALC:
    input: sharks/HepPer/temp/20250422_CM068673.1_Aln_Only.txt, sharks/HepPer/temp/20250422_CM068673.1_Var_Only.txt, sharks/HepPer/Reference_HepPer_Chroms_Lengths.txt
    output: sharks/HepPer/20250422_CM068673.1_ROH_Results.txt
    jobid: 139
    reason: Missing output files: sharks/HepPer/20250422_CM068673.1_ROH_Results.txt
    wildcards: CLADE=sharks, SPEC_NAME=HepPer, TODAY_DATE=20250422, CHR=CM068673.1
    resources: mem_mb=100000, mem_mib=95368, disk_mb=1000, disk_mib=954, tmpdir=<TBD>, slurm_account=DURBIN-SL2-CPU, slurm_partition=icelake-himem, runtime=120

Job 139 has been submitted with SLURM jobid 9205277 (log: /rds/project/rds-p67MZilb2eQ/projects/VGP/heterozygosity/.snakemake/slurm_logs/rule_ROH_CALC/sharks_HepPer_20250422_CM068673.1/9205277.log).

[Fri May  9 09:13:33 2025]
rule ROH_CALC:
    input: sharks/HepPer/temp/20250422_CM068666.1_Aln_Only.txt, sharks/HepPer/temp/20250422_CM068666.1_Var_Only.txt, sharks/HepPer/Reference_HepPer_Chroms_Lengths.txt
    output: sharks/HepPer/20250422_CM068666.1_ROH_Results.txt
    jobid: 132
    reason: Missing output files: sharks/HepPer/20250422_CM068666.1_ROH_Results.txt
    wildcards: CLADE=sharks, SPEC_NAME=HepPer, TODAY_DATE=20250422, CHR=CM068666.1
    resources: mem_mb=100000, mem_mib=95368, disk_mb=1000, disk_mib=954, tmpdir=<TBD>, slurm_account=DURBIN-SL2-CPU, slurm_partition=icelake-himem, runtime=120

Job 132 has been submitted with SLURM jobid 9205278 (log: /rds/project/rds-p67MZilb2eQ/projects/VGP/heterozygosity/.snakemake/slurm_logs/rule_ROH_CALC/sharks_HepPer_20250422_CM068666.1/9205278.log).

[Fri May  9 09:13:35 2025]
rule ROH_CALC:
    input: sharks/HepPer/temp/20250422_CM068659.1_Aln_Only.txt, sharks/HepPer/temp/20250422_CM068659.1_Var_Only.txt, sharks/HepPer/Reference_HepPer_Chroms_Lengths.txt
    output: sharks/HepPer/20250422_CM068659.1_ROH_Results.txt
    jobid: 125
    reason: Missing output files: sharks/HepPer/20250422_CM068659.1_ROH_Results.txt
    wildcards: CLADE=sharks, SPEC_NAME=HepPer, TODAY_DATE=20250422, CHR=CM068659.1
    resources: mem_mb=100000, mem_mib=95368, disk_mb=1000, disk_mib=954, tmpdir=<TBD>, slurm_account=DURBIN-SL2-CPU, slurm_partition=icelake-himem, runtime=120

Job 125 has been submitted with SLURM jobid 9205279 (log: /rds/project/rds-p67MZilb2eQ/projects/VGP/heterozygosity/.snakemake/slurm_logs/rule_ROH_CALC/sharks_HepPer_20250422_CM068659.1/9205279.log).

[Fri May  9 09:13:35 2025]
rule ROH_CALC:
    input: sharks/HepPer/temp/20250422_CM068668.1_Aln_Only.txt, sharks/HepPer/temp/20250422_CM068668.1_Var_Only.txt, sharks/HepPer/Reference_HepPer_Chroms_Lengths.txt
    output: sharks/HepPer/20250422_CM068668.1_ROH_Results.txt
    jobid: 134
    reason: Missing output files: sharks/HepPer/20250422_CM068668.1_ROH_Results.txt
    wildcards: CLADE=sharks, SPEC_NAME=HepPer, TODAY_DATE=20250422, CHR=CM068668.1
    resources: mem_mb=100000, mem_mib=95368, disk_mb=1000, disk_mib=954, tmpdir=<TBD>, slurm_account=DURBIN-SL2-CPU, slurm_partition=icelake-himem, runtime=120

Job 134 has been submitted with SLURM jobid 9205280 (log: /rds/project/rds-p67MZilb2eQ/projects/VGP/heterozygosity/.snakemake/slurm_logs/rule_ROH_CALC/sharks_HepPer_20250422_CM068668.1/9205280.log).

[Fri May  9 09:13:37 2025]
rule ROH_CALC:
    input: sharks/HepPer/temp/20250422_CM068661.1_Aln_Only.txt, sharks/HepPer/temp/20250422_CM068661.1_Var_Only.txt, sharks/HepPer/Reference_HepPer_Chroms_Lengths.txt
    output: sharks/HepPer/20250422_CM068661.1_ROH_Results.txt
    jobid: 127
    reason: Missing output files: sharks/HepPer/20250422_CM068661.1_ROH_Results.txt
    wildcards: CLADE=sharks, SPEC_NAME=HepPer, TODAY_DATE=20250422, CHR=CM068661.1
    resources: mem_mb=100000, mem_mib=95368, disk_mb=1000, disk_mib=954, tmpdir=<TBD>, slurm_account=DURBIN-SL2-CPU, slurm_partition=icelake-himem, runtime=120

Job 127 has been submitted with SLURM jobid 9205281 (log: /rds/project/rds-p67MZilb2eQ/projects/VGP/heterozygosity/.snakemake/slurm_logs/rule_ROH_CALC/sharks_HepPer_20250422_CM068661.1/9205281.log).

[Fri May  9 09:13:37 2025]
rule ROH_CALC:
    input: sharks/HepPer/temp/20250422_CM068654.1_Aln_Only.txt, sharks/HepPer/temp/20250422_CM068654.1_Var_Only.txt, sharks/HepPer/Reference_HepPer_Chroms_Lengths.txt
    output: sharks/HepPer/20250422_CM068654.1_ROH_Results.txt
    jobid: 120
    reason: Missing output files: sharks/HepPer/20250422_CM068654.1_ROH_Results.txt
    wildcards: CLADE=sharks, SPEC_NAME=HepPer, TODAY_DATE=20250422, CHR=CM068654.1
    resources: mem_mb=100000, mem_mib=95368, disk_mb=1000, disk_mib=954, tmpdir=<TBD>, slurm_account=DURBIN-SL2-CPU, slurm_partition=icelake-himem, runtime=120

Job 120 has been submitted with SLURM jobid 9205282 (log: /rds/project/rds-p67MZilb2eQ/projects/VGP/heterozygosity/.snakemake/slurm_logs/rule_ROH_CALC/sharks_HepPer_20250422_CM068654.1/9205282.log).
Select jobs to execute...
Waiting for more resources.
Waiting for more resources.
Waiting for more resources.
Waiting for more resources.
Waiting for more resources.
Waiting for more resources.
Waiting for more resources.
Waiting for more resources.
[Fri May  9 09:23:29 2025]
Finished job 110.
11 of 49 steps (22%) done
Execute 1 jobs...

[Fri May  9 09:23:29 2025]
rule ROH_CALC:
    input: sharks/HepPer/temp/20250422_CM068675.1_Aln_Only.txt, sharks/HepPer/temp/20250422_CM068675.1_Var_Only.txt, sharks/HepPer/Reference_HepPer_Chroms_Lengths.txt
    output: sharks/HepPer/20250422_CM068675.1_ROH_Results.txt
    jobid: 141
    reason: Missing output files: sharks/HepPer/20250422_CM068675.1_ROH_Results.txt
    wildcards: CLADE=sharks, SPEC_NAME=HepPer, TODAY_DATE=20250422, CHR=CM068675.1
    resources: mem_mb=100000, mem_mib=95368, disk_mb=1000, disk_mib=954, tmpdir=<TBD>, slurm_account=DURBIN-SL2-CPU, slurm_partition=icelake-himem, runtime=120

Job 141 has been submitted with SLURM jobid 9205593 (log: /rds/project/rds-p67MZilb2eQ/projects/VGP/heterozygosity/.snakemake/slurm_logs/rule_ROH_CALC/sharks_HepPer_20250422_CM068675.1/9205593.log).
[Fri May  9 09:23:33 2025]
Finished job 128.
12 of 49 steps (24%) done
[Fri May  9 09:23:33 2025]
Finished job 145.
13 of 49 steps (27%) done
[Fri May  9 09:23:33 2025]
Finished job 105.
14 of 49 steps (29%) done
[Fri May  9 09:23:33 2025]
Finished job 139.
15 of 49 steps (31%) done
[Fri May  9 09:23:33 2025]
Finished job 132.
16 of 49 steps (33%) done
[Fri May  9 09:23:33 2025]
Finished job 125.
17 of 49 steps (35%) done
[Fri May  9 09:23:33 2025]
Finished job 134.
18 of 49 steps (37%) done
[Fri May  9 09:23:33 2025]
Finished job 127.
19 of 49 steps (39%) done
[Fri May  9 09:23:33 2025]
Finished job 120.
20 of 49 steps (41%) done
Select jobs to execute...
Execute 9 jobs...

[Fri May  9 09:23:33 2025]
rule ROH_CALC:
    input: sharks/HepPer/temp/20250422_CM068649.1_Aln_Only.txt, sharks/HepPer/temp/20250422_CM068649.1_Var_Only.txt, sharks/HepPer/Reference_HepPer_Chroms_Lengths.txt
    output: sharks/HepPer/20250422_CM068649.1_ROH_Results.txt
    jobid: 115
    reason: Missing output files: sharks/HepPer/20250422_CM068649.1_ROH_Results.txt
    wildcards: CLADE=sharks, SPEC_NAME=HepPer, TODAY_DATE=20250422, CHR=CM068649.1
    resources: mem_mb=100000, mem_mib=95368, disk_mb=1000, disk_mib=954, tmpdir=<TBD>, slurm_account=DURBIN-SL2-CPU, slurm_partition=icelake-himem, runtime=120

Job 115 has been submitted with SLURM jobid 9205594 (log: /rds/project/rds-p67MZilb2eQ/projects/VGP/heterozygosity/.snakemake/slurm_logs/rule_ROH_CALC/sharks_HepPer_20250422_CM068649.1/9205594.log).

[Fri May  9 09:23:33 2025]
rule ROH_CALC:
    input: sharks/HepPer/temp/20250422_CM068640.1_Aln_Only.txt, sharks/HepPer/temp/20250422_CM068640.1_Var_Only.txt, sharks/HepPer/Reference_HepPer_Chroms_Lengths.txt
    output: sharks/HepPer/20250422_CM068640.1_ROH_Results.txt
    jobid: 106
    reason: Missing output files: sharks/HepPer/20250422_CM068640.1_ROH_Results.txt
    wildcards: CLADE=sharks, SPEC_NAME=HepPer, TODAY_DATE=20250422, CHR=CM068640.1
    resources: mem_mb=100000, mem_mib=95368, disk_mb=1000, disk_mib=954, tmpdir=<TBD>, slurm_account=DURBIN-SL2-CPU, slurm_partition=icelake-himem, runtime=120

Job 106 has been submitted with SLURM jobid 9205595 (log: /rds/project/rds-p67MZilb2eQ/projects/VGP/heterozygosity/.snakemake/slurm_logs/rule_ROH_CALC/sharks_HepPer_20250422_CM068640.1/9205595.log).

[Fri May  9 09:23:35 2025]
rule ROH_CALC:
    input: sharks/HepPer/temp/20250422_CM068655.1_Aln_Only.txt, sharks/HepPer/temp/20250422_CM068655.1_Var_Only.txt, sharks/HepPer/Reference_HepPer_Chroms_Lengths.txt
    output: sharks/HepPer/20250422_CM068655.1_ROH_Results.txt
    jobid: 121
    reason: Missing output files: sharks/HepPer/20250422_CM068655.1_ROH_Results.txt
    wildcards: CLADE=sharks, SPEC_NAME=HepPer, TODAY_DATE=20250422, CHR=CM068655.1
    resources: mem_mb=100000, mem_mib=95368, disk_mb=1000, disk_mib=954, tmpdir=<TBD>, slurm_account=DURBIN-SL2-CPU, slurm_partition=icelake-himem, runtime=120

Job 121 has been submitted with SLURM jobid 9205596 (log: /rds/project/rds-p67MZilb2eQ/projects/VGP/heterozygosity/.snakemake/slurm_logs/rule_ROH_CALC/sharks_HepPer_20250422_CM068655.1/9205596.log).

[Fri May  9 09:23:35 2025]
rule ROH_CALC:
    input: sharks/HepPer/temp/20250422_CM068648.1_Aln_Only.txt, sharks/HepPer/temp/20250422_CM068648.1_Var_Only.txt, sharks/HepPer/Reference_HepPer_Chroms_Lengths.txt
    output: sharks/HepPer/20250422_CM068648.1_ROH_Results.txt
    jobid: 114
    reason: Missing output files: sharks/HepPer/20250422_CM068648.1_ROH_Results.txt
    wildcards: CLADE=sharks, SPEC_NAME=HepPer, TODAY_DATE=20250422, CHR=CM068648.1
    resources: mem_mb=100000, mem_mib=95368, disk_mb=1000, disk_mib=954, tmpdir=<TBD>, slurm_account=DURBIN-SL2-CPU, slurm_partition=icelake-himem, runtime=120

Job 114 has been submitted with SLURM jobid 9205597 (log: /rds/project/rds-p67MZilb2eQ/projects/VGP/heterozygosity/.snakemake/slurm_logs/rule_ROH_CALC/sharks_HepPer_20250422_CM068648.1/9205597.log).

[Fri May  9 09:23:36 2025]
rule ROH_CALC:
    input: sharks/HepPer/temp/20250422_CM068641.1_Aln_Only.txt, sharks/HepPer/temp/20250422_CM068641.1_Var_Only.txt, sharks/HepPer/Reference_HepPer_Chroms_Lengths.txt
    output: sharks/HepPer/20250422_CM068641.1_ROH_Results.txt
    jobid: 107
    reason: Missing output files: sharks/HepPer/20250422_CM068641.1_ROH_Results.txt
    wildcards: CLADE=sharks, SPEC_NAME=HepPer, TODAY_DATE=20250422, CHR=CM068641.1
    resources: mem_mb=100000, mem_mib=95368, disk_mb=1000, disk_mib=954, tmpdir=<TBD>, slurm_account=DURBIN-SL2-CPU, slurm_partition=icelake-himem, runtime=120

Job 107 has been submitted with SLURM jobid 9205598 (log: /rds/project/rds-p67MZilb2eQ/projects/VGP/heterozygosity/.snakemake/slurm_logs/rule_ROH_CALC/sharks_HepPer_20250422_CM068641.1/9205598.log).

[Fri May  9 09:23:38 2025]
rule ROH_CALC:
    input: sharks/HepPer/temp/20250422_CM068676.1_Aln_Only.txt, sharks/HepPer/temp/20250422_CM068676.1_Var_Only.txt, sharks/HepPer/Reference_HepPer_Chroms_Lengths.txt
    output: sharks/HepPer/20250422_CM068676.1_ROH_Results.txt
    jobid: 142
    reason: Missing output files: sharks/HepPer/20250422_CM068676.1_ROH_Results.txt
    wildcards: CLADE=sharks, SPEC_NAME=HepPer, TODAY_DATE=20250422, CHR=CM068676.1
    resources: mem_mb=100000, mem_mib=95368, disk_mb=1000, disk_mib=954, tmpdir=<TBD>, slurm_account=DURBIN-SL2-CPU, slurm_partition=icelake-himem, runtime=120

Job 142 has been submitted with SLURM jobid 9205599 (log: /rds/project/rds-p67MZilb2eQ/projects/VGP/heterozygosity/.snakemake/slurm_logs/rule_ROH_CALC/sharks_HepPer_20250422_CM068676.1/9205599.log).

[Fri May  9 09:23:38 2025]
rule ROH_CALC:
    input: sharks/HepPer/temp/20250422_CM068670.1_Aln_Only.txt, sharks/HepPer/temp/20250422_CM068670.1_Var_Only.txt, sharks/HepPer/Reference_HepPer_Chroms_Lengths.txt
    output: sharks/HepPer/20250422_CM068670.1_ROH_Results.txt
    jobid: 136
    reason: Missing output files: sharks/HepPer/20250422_CM068670.1_ROH_Results.txt
    wildcards: CLADE=sharks, SPEC_NAME=HepPer, TODAY_DATE=20250422, CHR=CM068670.1
    resources: mem_mb=100000, mem_mib=95368, disk_mb=1000, disk_mib=954, tmpdir=<TBD>, slurm_account=DURBIN-SL2-CPU, slurm_partition=icelake-himem, runtime=120

Job 136 has been submitted with SLURM jobid 9205600 (log: /rds/project/rds-p67MZilb2eQ/projects/VGP/heterozygosity/.snakemake/slurm_logs/rule_ROH_CALC/sharks_HepPer_20250422_CM068670.1/9205600.log).

[Fri May  9 09:23:38 2025]
rule ROH_CALC:
    input: sharks/HepPer/temp/20250422_CM068663.1_Aln_Only.txt, sharks/HepPer/temp/20250422_CM068663.1_Var_Only.txt, sharks/HepPer/Reference_HepPer_Chroms_Lengths.txt
    output: sharks/HepPer/20250422_CM068663.1_ROH_Results.txt
    jobid: 129
    reason: Missing output files: sharks/HepPer/20250422_CM068663.1_ROH_Results.txt
    wildcards: CLADE=sharks, SPEC_NAME=HepPer, TODAY_DATE=20250422, CHR=CM068663.1
    resources: mem_mb=100000, mem_mib=95368, disk_mb=1000, disk_mib=954, tmpdir=<TBD>, slurm_account=DURBIN-SL2-CPU, slurm_partition=icelake-himem, runtime=120

Job 129 has been submitted with SLURM jobid 9205601 (log: /rds/project/rds-p67MZilb2eQ/projects/VGP/heterozygosity/.snakemake/slurm_logs/rule_ROH_CALC/sharks_HepPer_20250422_CM068663.1/9205601.log).

[Fri May  9 09:23:40 2025]
rule ROH_CALC:
    input: sharks/HepPer/temp/20250422_CM068656.1_Aln_Only.txt, sharks/HepPer/temp/20250422_CM068656.1_Var_Only.txt, sharks/HepPer/Reference_HepPer_Chroms_Lengths.txt
    output: sharks/HepPer/20250422_CM068656.1_ROH_Results.txt
    jobid: 122
    reason: Missing output files: sharks/HepPer/20250422_CM068656.1_ROH_Results.txt
    wildcards: CLADE=sharks, SPEC_NAME=HepPer, TODAY_DATE=20250422, CHR=CM068656.1
    resources: mem_mb=100000, mem_mib=95368, disk_mb=1000, disk_mib=954, tmpdir=<TBD>, slurm_account=DURBIN-SL2-CPU, slurm_partition=icelake-himem, runtime=120

Job 122 has been submitted with SLURM jobid 9205603 (log: /rds/project/rds-p67MZilb2eQ/projects/VGP/heterozygosity/.snakemake/slurm_logs/rule_ROH_CALC/sharks_HepPer_20250422_CM068656.1/9205603.log).
Select jobs to execute...
Waiting for more resources.
Waiting for more resources.
Waiting for more resources.
Waiting for more resources.
Waiting for more resources.
Waiting for more resources.
Waiting for more resources.
Waiting for more resources.
[Fri May  9 09:31:40 2025]
Finished job 141.
21 of 49 steps (43%) done
Execute 1 jobs...

[Fri May  9 09:31:40 2025]
rule ROH_CALC:
    input: sharks/HepPer/temp/20250422_CM068682.1_Aln_Only.txt, sharks/HepPer/temp/20250422_CM068682.1_Var_Only.txt, sharks/HepPer/Reference_HepPer_Chroms_Lengths.txt
    output: sharks/HepPer/20250422_CM068682.1_ROH_Results.txt
    jobid: 148
    reason: Missing output files: sharks/HepPer/20250422_CM068682.1_ROH_Results.txt
    wildcards: CLADE=sharks, SPEC_NAME=HepPer, TODAY_DATE=20250422, CHR=CM068682.1
    resources: mem_mb=100000, mem_mib=95368, disk_mb=1000, disk_mib=954, tmpdir=<TBD>, slurm_account=DURBIN-SL2-CPU, slurm_partition=icelake-himem, runtime=120

Job 148 has been submitted with SLURM jobid 9205773 (log: /rds/project/rds-p67MZilb2eQ/projects/VGP/heterozygosity/.snakemake/slurm_logs/rule_ROH_CALC/sharks_HepPer_20250422_CM068682.1/9205773.log).
[Fri May  9 09:31:40 2025]
Finished job 115.
22 of 49 steps (45%) done
[Fri May  9 09:31:40 2025]
Finished job 121.
23 of 49 steps (47%) done
[Fri May  9 09:31:40 2025]
Finished job 114.
24 of 49 steps (49%) done
[Fri May  9 09:31:40 2025]
Finished job 107.
25 of 49 steps (51%) done
[Fri May  9 09:31:40 2025]
Finished job 142.
26 of 49 steps (53%) done
[Fri May  9 09:31:40 2025]
Finished job 136.
27 of 49 steps (55%) done
[Fri May  9 09:31:40 2025]
Finished job 129.
28 of 49 steps (57%) done
[Fri May  9 09:31:40 2025]
Finished job 122.
29 of 49 steps (59%) done
Select jobs to execute...
Execute 8 jobs...

[Fri May  9 09:31:40 2025]
rule ROH_CALC:
    input: sharks/HepPer/temp/20250422_CM068665.1_Aln_Only.txt, sharks/HepPer/temp/20250422_CM068665.1_Var_Only.txt, sharks/HepPer/Reference_HepPer_Chroms_Lengths.txt
    output: sharks/HepPer/20250422_CM068665.1_ROH_Results.txt
    jobid: 131
    reason: Missing output files: sharks/HepPer/20250422_CM068665.1_ROH_Results.txt
    wildcards: CLADE=sharks, SPEC_NAME=HepPer, TODAY_DATE=20250422, CHR=CM068665.1
    resources: mem_mb=100000, mem_mib=95368, disk_mb=1000, disk_mib=954, tmpdir=<TBD>, slurm_account=DURBIN-SL2-CPU, slurm_partition=icelake-himem, runtime=120

Job 131 has been submitted with SLURM jobid 9205775 (log: /rds/project/rds-p67MZilb2eQ/projects/VGP/heterozygosity/.snakemake/slurm_logs/rule_ROH_CALC/sharks_HepPer_20250422_CM068665.1/9205775.log).

[Fri May  9 09:31:42 2025]
rule ROH_CALC:
    input: sharks/HepPer/temp/20250422_CM068642.1_Aln_Only.txt, sharks/HepPer/temp/20250422_CM068642.1_Var_Only.txt, sharks/HepPer/Reference_HepPer_Chroms_Lengths.txt
    output: sharks/HepPer/20250422_CM068642.1_ROH_Results.txt
    jobid: 108
    reason: Missing output files: sharks/HepPer/20250422_CM068642.1_ROH_Results.txt
    wildcards: CLADE=sharks, SPEC_NAME=HepPer, TODAY_DATE=20250422, CHR=CM068642.1
    resources: mem_mb=100000, mem_mib=95368, disk_mb=1000, disk_mib=954, tmpdir=<TBD>, slurm_account=DURBIN-SL2-CPU, slurm_partition=icelake-himem, runtime=120

Job 108 has been submitted with SLURM jobid 9205776 (log: /rds/project/rds-p67MZilb2eQ/projects/VGP/heterozygosity/.snakemake/slurm_logs/rule_ROH_CALC/sharks_HepPer_20250422_CM068642.1/9205776.log).

[Fri May  9 09:31:42 2025]
rule ROH_CALC:
    input: sharks/HepPer/temp/20250422_CM068658.1_Aln_Only.txt, sharks/HepPer/temp/20250422_CM068658.1_Var_Only.txt, sharks/HepPer/Reference_HepPer_Chroms_Lengths.txt
    output: sharks/HepPer/20250422_CM068658.1_ROH_Results.txt
    jobid: 124
    reason: Missing output files: sharks/HepPer/20250422_CM068658.1_ROH_Results.txt
    wildcards: CLADE=sharks, SPEC_NAME=HepPer, TODAY_DATE=20250422, CHR=CM068658.1
    resources: mem_mb=100000, mem_mib=95368, disk_mb=1000, disk_mib=954, tmpdir=<TBD>, slurm_account=DURBIN-SL2-CPU, slurm_partition=icelake-himem, runtime=120

Job 124 has been submitted with SLURM jobid 9205777 (log: /rds/project/rds-p67MZilb2eQ/projects/VGP/heterozygosity/.snakemake/slurm_logs/rule_ROH_CALC/sharks_HepPer_20250422_CM068658.1/9205777.log).

[Fri May  9 09:31:43 2025]
rule ROH_CALC:
    input: sharks/HepPer/temp/20250422_CM068650.1_Aln_Only.txt, sharks/HepPer/temp/20250422_CM068650.1_Var_Only.txt, sharks/HepPer/Reference_HepPer_Chroms_Lengths.txt
    output: sharks/HepPer/20250422_CM068650.1_ROH_Results.txt
    jobid: 116
    reason: Missing output files: sharks/HepPer/20250422_CM068650.1_ROH_Results.txt
    wildcards: CLADE=sharks, SPEC_NAME=HepPer, TODAY_DATE=20250422, CHR=CM068650.1
    resources: mem_mb=100000, mem_mib=95368, disk_mb=1000, disk_mib=954, tmpdir=<TBD>, slurm_account=DURBIN-SL2-CPU, slurm_partition=icelake-himem, runtime=120

Job 116 has been submitted with SLURM jobid 9205780 (log: /rds/project/rds-p67MZilb2eQ/projects/VGP/heterozygosity/.snakemake/slurm_logs/rule_ROH_CALC/sharks_HepPer_20250422_CM068650.1/9205780.log).

[Fri May  9 09:31:47 2025]
rule ROH_CALC:
    input: sharks/HepPer/temp/20250422_CM068643.1_Aln_Only.txt, sharks/HepPer/temp/20250422_CM068643.1_Var_Only.txt, sharks/HepPer/Reference_HepPer_Chroms_Lengths.txt
    output: sharks/HepPer/20250422_CM068643.1_ROH_Results.txt
    jobid: 109
    reason: Missing output files: sharks/HepPer/20250422_CM068643.1_ROH_Results.txt
    wildcards: CLADE=sharks, SPEC_NAME=HepPer, TODAY_DATE=20250422, CHR=CM068643.1
    resources: mem_mb=100000, mem_mib=95368, disk_mb=1000, disk_mib=954, tmpdir=<TBD>, slurm_account=DURBIN-SL2-CPU, slurm_partition=icelake-himem, runtime=120

Job 109 has been submitted with SLURM jobid 9205781 (log: /rds/project/rds-p67MZilb2eQ/projects/VGP/heterozygosity/.snakemake/slurm_logs/rule_ROH_CALC/sharks_HepPer_20250422_CM068643.1/9205781.log).

[Fri May  9 09:31:47 2025]
rule ROH_CALC:
    input: sharks/HepPer/temp/20250422_CM068678.1_Aln_Only.txt, sharks/HepPer/temp/20250422_CM068678.1_Var_Only.txt, sharks/HepPer/Reference_HepPer_Chroms_Lengths.txt
    output: sharks/HepPer/20250422_CM068678.1_ROH_Results.txt
    jobid: 144
    reason: Missing output files: sharks/HepPer/20250422_CM068678.1_ROH_Results.txt
    wildcards: CLADE=sharks, SPEC_NAME=HepPer, TODAY_DATE=20250422, CHR=CM068678.1
    resources: mem_mb=100000, mem_mib=95368, disk_mb=1000, disk_mib=954, tmpdir=<TBD>, slurm_account=DURBIN-SL2-CPU, slurm_partition=icelake-himem, runtime=120

Job 144 has been submitted with SLURM jobid 9205782 (log: /rds/project/rds-p67MZilb2eQ/projects/VGP/heterozygosity/.snakemake/slurm_logs/rule_ROH_CALC/sharks_HepPer_20250422_CM068678.1/9205782.log).

[Fri May  9 09:31:48 2025]
rule ROH_CALC:
    input: sharks/HepPer/temp/20250422_CM068647.1_Aln_Only.txt, sharks/HepPer/temp/20250422_CM068647.1_Var_Only.txt, sharks/HepPer/Reference_HepPer_Chroms_Lengths.txt
    output: sharks/HepPer/20250422_CM068647.1_ROH_Results.txt
    jobid: 113
    reason: Missing output files: sharks/HepPer/20250422_CM068647.1_ROH_Results.txt
    wildcards: CLADE=sharks, SPEC_NAME=HepPer, TODAY_DATE=20250422, CHR=CM068647.1
    resources: mem_mb=100000, mem_mib=95368, disk_mb=1000, disk_mib=954, tmpdir=<TBD>, slurm_account=DURBIN-SL2-CPU, slurm_partition=icelake-himem, runtime=120

Job 113 has been submitted with SLURM jobid 9205783 (log: /rds/project/rds-p67MZilb2eQ/projects/VGP/heterozygosity/.snakemake/slurm_logs/rule_ROH_CALC/sharks_HepPer_20250422_CM068647.1/9205783.log).

[Fri May  9 09:31:50 2025]
rule ROH_CALC:
    input: sharks/HepPer/temp/20250422_CM068672.1_Aln_Only.txt, sharks/HepPer/temp/20250422_CM068672.1_Var_Only.txt, sharks/HepPer/Reference_HepPer_Chroms_Lengths.txt
    output: sharks/HepPer/20250422_CM068672.1_ROH_Results.txt
    jobid: 138
    reason: Missing output files: sharks/HepPer/20250422_CM068672.1_ROH_Results.txt
    wildcards: CLADE=sharks, SPEC_NAME=HepPer, TODAY_DATE=20250422, CHR=CM068672.1
    resources: mem_mb=100000, mem_mib=95368, disk_mb=1000, disk_mib=954, tmpdir=<TBD>, slurm_account=DURBIN-SL2-CPU, slurm_partition=icelake-himem, runtime=120

Job 138 has been submitted with SLURM jobid 9205784 (log: /rds/project/rds-p67MZilb2eQ/projects/VGP/heterozygosity/.snakemake/slurm_logs/rule_ROH_CALC/sharks_HepPer_20250422_CM068672.1/9205784.log).
Select jobs to execute...
Waiting for more resources.
Waiting for more resources.
Waiting for more resources.
Waiting for more resources.
Waiting for more resources.
Waiting for more resources.
Waiting for more resources.
[Fri May  9 09:32:20 2025]
Finished job 106.
30 of 49 steps (61%) done
Execute 1 jobs...

[Fri May  9 09:32:20 2025]
rule ROH_CALC:
    input: sharks/HepPer/temp/20250422_CM068657.1_Aln_Only.txt, sharks/HepPer/temp/20250422_CM068657.1_Var_Only.txt, sharks/HepPer/Reference_HepPer_Chroms_Lengths.txt
    output: sharks/HepPer/20250422_CM068657.1_ROH_Results.txt
    jobid: 123
    reason: Missing output files: sharks/HepPer/20250422_CM068657.1_ROH_Results.txt
    wildcards: CLADE=sharks, SPEC_NAME=HepPer, TODAY_DATE=20250422, CHR=CM068657.1
    resources: mem_mb=100000, mem_mib=95368, disk_mb=1000, disk_mib=954, tmpdir=<TBD>, slurm_account=DURBIN-SL2-CPU, slurm_partition=icelake-himem, runtime=120

Job 123 has been submitted with SLURM jobid 9205787 (log: /rds/project/rds-p67MZilb2eQ/projects/VGP/heterozygosity/.snakemake/slurm_logs/rule_ROH_CALC/sharks_HepPer_20250422_CM068657.1/9205787.log).
