host: login-q-4
Building DAG of jobs...
IncompleteFilesException:
The files below seem to be incomplete. If you are sure that certain files are not incomplete, mark them as complete with

    snakemake --cleanup-metadata <filenames>

To re-generate the files rerun your command with the --rerun-incomplete flag.
Incomplete files:
sharks/HypSab/MSMC/Output_multihet_filtered_95/NC_082707.1_multihet.txt
sharks/HypSab/MSMC/Output_multihet_filtered_95/NC_082708.1_multihet.txt
sharks/HypSab/MSMC/Output_multihet_filtered_95/NC_082709.1_multihet.txt
sharks/HypSab/MSMC/Output_multihet_filtered_95/NC_082712.1_multihet.txt
sharks/HypSab/MSMC/Output_multihet_filtered_95/NC_082714.1_multihet.txt
sharks/HypSab/MSMC/Output_multihet_filtered_95/NC_082715.1_multihet.txt
sharks/HypSab/MSMC/Output_multihet_filtered_95/NC_082716.1_multihet.txt
sharks/HypSab/MSMC/Output_multihet_filtered_95/NC_082717.1_multihet.txt
sharks/HypSab/MSMC/Output_multihet_filtered_95/NC_082719.1_multihet.txt
sharks/HypSab/MSMC/Output_multihet_filtered_95/NC_082721.1_multihet.txt
sharks/HypSab/MSMC/Output_multihet_filtered_95/NC_082722.1_multihet.txt
sharks/HypSab/MSMC/Output_multihet_filtered_95/NC_082723.1_multihet.txt
sharks/HypSab/MSMC/Output_multihet_filtered_95/NC_082724.1_multihet.txt
sharks/HypSab/MSMC/Output_multihet_filtered_95/NC_082726.1_multihet.txt
sharks/HypSab/MSMC/Output_multihet_filtered_95/NC_082729.1_multihet.txt
sharks/HypSab/MSMC/Output_multihet_filtered_95/NC_082730.1_multihet.txt
sharks/HypSab/MSMC/Output_multihet_filtered_95/NC_082731.1_multihet.txt
sharks/HypSab/MSMC/Output_multihet_filtered_95/NC_082734.1_multihet.txt
sharks/HypSab/MSMC/Output_multihet_filtered_95/NC_082736.1_multihet.txt
sharks/HypSab/MSMC/Output_multihet_filtered_95/NC_082737.1_multihet.txt
sharks/HypSab/MSMC/Output_Multihet_Bootstrapped/24/NC_082710.1_multihet.txt
sharks/HypSab/MSMC/Output_Multihet_Bootstrapped/7/NC_082711.1_multihet.txt
sharks/HypSab/MSMC/Output_Multihet_Bootstrapped/22/NC_082718.1_multihet.txt
sharks/HypSab/MSMC/Output_Multihet_Bootstrapped/13/NC_082725.1_multihet.txt
sharks/HypSab/MSMC/Output_Multihet_Bootstrapped/21/NC_082725.1_multihet.txt
