host: login-p-3
Building DAG of jobs...
MissingInputException in rule all in file /rds/project/rds-p67MZilb2eQ/projects/VGP/heterozygosity/Snakefile, line 86:
Missing input files for rule all:
    affected files:
        sharks/HetFra/20250411_HetFra_CM070986.1_Het_Map.svg
        sharks/HetFra/20250411_CM070984.1_het.txt
        sharks/HetFra/20250411_CM071006.1_het.txt
        sharks/HetFra/20250411_CM070994.1_GCA_036365495.1_FROH.txt
        sharks/HetFra/20250411_CM070992.1_het.txt
        sharks/HetFra/20250411_CM070980.1_GCA_036365495.1_FROH.txt
        sharks/HetFra/20250411_CM070992.1_GCA_036365495.1_FROH.txt
        sharks/HetFra/20250411_CM070973.1_het.txt
        sharks/HetFra/20250411_HetFra_CM070987.1_Het_Map.svg
        sharks/HetFra/20250411_CM071010.1_het.txt
        sharks/HetFra/20250411_HetFra_CM070969.1_Het_Map.svg
        sharks/HetFra/20250411_CM071002.1_het.txt
        sharks/HetFra/20250411_HetFra_CM070999.1_Het_Map.svg
        sharks/HetFra/20250411_CM070964.1_het.txt
        sharks/HetFra/20250411_HetFra_CM070983.1_Het_Map.svg
        sharks/HetFra/20250411_HetFra_CM071007.1_Het_Map.svg
        sharks/HetFra/20250411_CM070990.1_GCA_036365495.1_FROH.txt
        sharks/HetFra/20250411_CM071012.1_GCA_036365495.1_FROH.txt
        sharks/HetFra/20250411_CM070971.1_GCA_036365495.1_FROH.txt
        sharks/HetFra/20250411_CM070982.1_GCA_036365495.1_FROH.txt
        sharks/HetFra/20250411_CM070977.1_het.txt
        sharks/HetFra/20250411_CM070973.1_GCA_036365495.1_FROH.txt
        sharks/HetFra/20250411_CM070990.1_het.txt
        sharks/HetFra/20250411_CM070972.1_GCA_036365495.1_FROH.txt
        sharks/HetFra/20250411_HetFra_CM071000.1_Het_Map.svg
        sharks/HetFra/20250411_HetFra_CM071008.1_Het_Map.svg
        sharks/HetFra/20250411_CM071009.1_het.txt
        sharks/HetFra/20250411_HetFra_CM070996.1_Het_Map.svg
        sharks/HetFra/20250411_CM070970.1_het.txt
        sharks/HetFra/20250411_CM070986.1_het.txt
        sharks/HetFra/20250411_CM070969.1_GCA_036365495.1_FROH.txt
        sharks/HetFra/20250411_CM071000.1_het.txt
        sharks/HetFra/20250411_CM070986.1_GCA_036365495.1_FROH.txt
        sharks/HetFra/20250411_CM070978.1_GCA_036365495.1_FROH.txt
        sharks/HetFra/20250411_HetFra_CM070971.1_Het_Map.svg
        sharks/HetFra/20250411_CM070968.1_GCA_036365495.1_FROH.txt
        sharks/HetFra/20250411_CM071009.1_GCA_036365495.1_FROH.txt
        sharks/HetFra/20250411_CM071003.1_GCA_036365495.1_FROH.txt
        sharks/HetFra/20250411_CM070972.1_het.txt
        sharks/HetFra/20250411_HetFra_CM070981.1_Het_Map.svg
        sharks/HetFra/20250411_HetFra_FROH.txt
        sharks/HetFra/20250411_CM071004.1_GCA_036365495.1_FROH.txt
        sharks/HetFra/20250411_CM071007.1_het.txt
        sharks/HetFra/20250411_HetFra_CM070998.1_Het_Map.svg
        sharks/HetFra/20250411_HetFra_CM071005.1_Het_Map.svg
        sharks/HetFra/20250411_HetFra_CM071009.1_Het_Map.svg
        sharks/HetFra/20250411_CM071007.1_GCA_036365495.1_FROH.txt
        sharks/HetFra/20250411_HetFra_CM071001.1_Het_Map.svg
        sharks/HetFra/20250411_CM071004.1_het.txt
        sharks/HetFra/20250411_HetFra_CM071012.1_Het_Map.svg
        sharks/HetFra/20250411_HetFra_CM070988.1_Het_Map.svg
        sharks/HetFra/20250411_HetFra_CM070968.1_Het_Map.svg
        sharks/HetFra/20250411_CM070967.1_GCA_036365495.1_FROH.txt
        sharks/HetFra/20250411_HetFra_CM070964.1_Het_Map.svg
        sharks/HetFra/20250411_CM070982.1_het.txt
        sharks/HetFra/20250411_CM070974.1_GCA_036365495.1_FROH.txt
        sharks/HetFra/20250411_HetFra_whole_genome_mean_heterozygosity.txt
        sharks/HetFra/20250411_HetFra_CM070993.1_Het_Map.svg
        sharks/HetFra/20250411_CM070983.1_het.txt
        sharks/HetFra/20250411_HetFra_CM071004.1_Het_Map.svg
        sharks/HetFra/20250411_CM071011.1_GCA_036365495.1_FROH.txt
        sharks/HetFra/20250411_CM071010.1_GCA_036365495.1_FROH.txt
        sharks/HetFra/20250411_CM070974.1_het.txt
        sharks/HetFra/20250411_CM070989.1_het.txt
        sharks/HetFra/20250411_HetFra_CM070977.1_Het_Map.svg
        sharks/HetFra/20250411_HetFra_CM070984.1_Het_Map.svg
        sharks/HetFra/20250411_CM070999.1_het.txt
        sharks/HetFra/20250411_CM070979.1_GCA_036365495.1_FROH.txt
        sharks/HetFra/20250411_CM070965.1_GCA_036365495.1_FROH.txt
        sharks/HetFra/20250411_HetFra_CM070979.1_Het_Map.svg
        sharks/HetFra/20250411_CM070965.1_het.txt
        sharks/HetFra/20250411_CM070991.1_GCA_036365495.1_FROH.txt
        sharks/HetFra/20250411_HetFra_CM071006.1_Het_Map.svg
        sharks/HetFra/20250411_CM070975.1_het.txt
        sharks/HetFra/20250411_CM070976.1_GCA_036365495.1_FROH.txt
        sharks/HetFra/20250411_CM070993.1_GCA_036365495.1_FROH.txt
        sharks/HetFra/20250411_CM070997.1_GCA_036365495.1_FROH.txt
        sharks/HetFra/20250411_CM071011.1_het.txt
        sharks/HetFra/20250411_CM070966.1_GCA_036365495.1_FROH.txt
        sharks/HetFra/20250411_CM070996.1_het.txt
        sharks/HetFra/20250411_HetFra_CM070978.1_Het_Map.svg
        sharks/HetFra/20250411_CM070968.1_het.txt
        sharks/HetFra/20250411_HetFra_CM070972.1_Het_Map.svg
        sharks/HetFra/20250411_CM070987.1_GCA_036365495.1_FROH.txt
        sharks/HetFra/20250411_HetFra_CM071003.1_Het_Map.svg
        sharks/HetFra/20250411_CM070969.1_het.txt
        sharks/HetFra/20250411_CM070981.1_het.txt
        sharks/HetFra/20250411_HetFra_CM071002.1_Het_Map.svg
        sharks/HetFra/20250411_HetFra_CM070965.1_Het_Map.svg
        sharks/HetFra/20250411_HetFra_CM070997.1_Het_Map.svg
        sharks/HetFra/20250411_HetFra_CM070985.1_Het_Map.svg
        sharks/HetFra/20250411_HetFra_CM070974.1_Het_Map.svg
        sharks/HetFra/20250411_CM070985.1_GCA_036365495.1_FROH.txt
        sharks/HetFra/20250411_HetFra_CM070963.1_Het_Map.svg
        sharks/HetFra/20250411_CM070998.1_GCA_036365495.1_FROH.txt
        sharks/HetFra/20250411_CM071002.1_GCA_036365495.1_FROH.txt
        sharks/HetFra/20250411_CM071012.1_het.txt
        sharks/HetFra/20250411_CM070991.1_het.txt
        sharks/HetFra/20250411_CM070963.1_het.txt
        sharks/HetFra/20250411_CM070979.1_het.txt
        sharks/HetFra/20250411_CM070985.1_het.txt
        sharks/HetFra/20250411_HetFra_CM070980.1_Het_Map.svg
        sharks/HetFra/20250411_CM071005.1_GCA_036365495.1_FROH.txt
        sharks/HetFra/20250411_CM070966.1_het.txt
        sharks/HetFra/20250411_CM070978.1_het.txt
        sharks/HetFra/20250411_CM071008.1_GCA_036365495.1_FROH.txt
        sharks/HetFra/20250411_CM070971.1_het.txt
        sharks/HetFra/20250411_CM070989.1_GCA_036365495.1_FROH.txt
        sharks/HetFra/20250411_HetFra_CM070989.1_Het_Map.svg
        sharks/HetFra/20250411_CM070999.1_GCA_036365495.1_FROH.txt
        sharks/HetFra/20250411_HetFra_CM070995.1_Het_Map.svg
        sharks/HetFra/20250411_CM070998.1_het.txt
        sharks/HetFra/20250411_HetFra_CM071011.1_Het_Map.svg
        sharks/HetFra/20250411_CM070988.1_het.txt
        sharks/HetFra/20250411_CM071005.1_het.txt
        sharks/HetFra/20250411_CM070980.1_het.txt
        sharks/HetFra/20250411_CM071000.1_GCA_036365495.1_FROH.txt
        sharks/HetFra/20250411_CM070963.1_GCA_036365495.1_FROH.txt
        sharks/HetFra/20250411_CM071001.1_GCA_036365495.1_FROH.txt
        sharks/HetFra/20250411_CM071001.1_het.txt
        sharks/HetFra/20250411_HetFra_CM070990.1_Het_Map.svg
        sharks/HetFra/20250411_HetFra_CM070976.1_Het_Map.svg
        sharks/HetFra/20250411_CM070995.1_het.txt
        sharks/HetFra/20250411_CM070981.1_GCA_036365495.1_FROH.txt
        sharks/HetFra/20250411_CM071003.1_het.txt
        sharks/HetFra/20250411_CM070976.1_het.txt
        sharks/HetFra/20250411_HetFra_CM071010.1_Het_Map.svg
        sharks/HetFra/20250411_CM071006.1_GCA_036365495.1_FROH.txt
        sharks/HetFra/20250411_HetFra_CM070970.1_Het_Map.svg
        sharks/HetFra/20250411_CM070962.1_GCA_036365495.1_FROH.txt
        sharks/HetFra/20250411_CM070996.1_GCA_036365495.1_FROH.txt
        sharks/HetFra/20250411_HetFra_CM070994.1_Het_Map.svg
        sharks/HetFra/20250411_CM070964.1_GCA_036365495.1_FROH.txt
        sharks/HetFra/20250411_HetFra_CM070967.1_Het_Map.svg
        sharks/HetFra/20250411_HetFra_ROH_Map.pdf
        sharks/HetFra/20250411_CM070970.1_GCA_036365495.1_FROH.txt
        sharks/HetFra/20250411_CM070977.1_GCA_036365495.1_FROH.txt
        sharks/HetFra/20250411_CM070984.1_GCA_036365495.1_FROH.txt
        sharks/HetFra/20250411_HetFra_CM070991.1_Het_Map.svg
        sharks/HetFra/20250411_HetFra_per_chr_mean_heterozygosity.txt
        sharks/HetFra/20250411_HetFra_CM070962.1_Het_Map.svg
        sharks/HetFra/20250411_HetFra_CM070975.1_Het_Map.svg
        sharks/HetFra/20250411_CM070995.1_GCA_036365495.1_FROH.txt
        sharks/HetFra/20250411_CM071008.1_het.txt
        sharks/HetFra/20250411_CM070967.1_het.txt
        sharks/HetFra/HetFra_Het_Compiled.tsv
        sharks/HetFra/20250411_CM070983.1_GCA_036365495.1_FROH.txt
        sharks/HetFra/20250411_CM070987.1_het.txt
        sharks/HetFra/20250411_HetFra_CM070966.1_Het_Map.svg
        sharks/HetFra/20250411_HetFra_Het_Whole_Genome_Map.svg
        sharks/HetFra/20250411_CM070993.1_het.txt
        sharks/HetFra/20250411_HetFra_CM070973.1_Het_Map.svg
        sharks/HetFra/20250411_HetFra_CM070982.1_Het_Map.svg
        sharks/HetFra/HetFra_ROH_Results.csv
        sharks/HetFra/20250411_CM070997.1_het.txt
        sharks/HetFra/20250411_CM070988.1_GCA_036365495.1_FROH.txt
        sharks/HetFra/20250411_CM070962.1_het.txt
        sharks/HetFra/20250411_HetFra_CM070992.1_Het_Map.svg
        sharks/HetFra/20250411_CM070975.1_GCA_036365495.1_FROH.txt
        sharks/HetFra/20250411_CM070994.1_het.txt
