host: login-q-1
Building DAG of jobs...
SLURM run ID: 9aad6bb1-5058-4fb5-939f-3ed67e387f35
Using shell: /usr/bin/bash
Provided remote nodes: 30
Job stats:
job                      count
---------------------  -------
GEN_ROH_NEGATIVE_MASK       40
all                          1
total                       41

Select jobs to execute...
Execute 30 jobs...

[Wed May 28 16:20:27 2025]
rule GEN_ROH_NEGATIVE_MASK:
    input: sharks/HydCol/20250410_CM068742.1_ROH_Results.txt, sharks/HydCol/20250410_CM068743.1_ROH_Results.txt, sharks/HydCol/20250410_CM068744.1_ROH_Results.txt, sharks/HydCol/20250410_CM068745.1_ROH_Results.txt, sharks/HydCol/20250410_CM068746.1_ROH_Results.txt, sharks/HydCol/20250410_CM068747.1_ROH_Results.txt, sharks/HydCol/20250410_CM068748.1_ROH_Results.txt, sharks/HydCol/20250410_CM068749.1_ROH_Results.txt, sharks/HydCol/20250410_CM068750.1_ROH_Results.txt, sharks/HydCol/20250410_CM068751.1_ROH_Results.txt, sharks/HydCol/20250410_CM068752.1_ROH_Results.txt, sharks/HydCol/20250410_CM068753.1_ROH_Results.txt, sharks/HydCol/20250410_CM068754.1_ROH_Results.txt, sharks/HydCol/20250410_CM068755.1_ROH_Results.txt, sharks/HydCol/20250410_CM068756.1_ROH_Results.txt, sharks/HydCol/20250410_CM068757.1_ROH_Results.txt, sharks/HydCol/20250410_CM068758.1_ROH_Results.txt, sharks/HydCol/20250410_CM068759.1_ROH_Results.txt, sharks/HydCol/20250410_CM068760.1_ROH_Results.txt, sharks/HydCol/20250410_CM068761.1_ROH_Results.txt, sharks/HydCol/20250410_CM068762.1_ROH_Results.txt, sharks/HydCol/20250410_CM068763.1_ROH_Results.txt, sharks/HydCol/20250410_CM068764.1_ROH_Results.txt, sharks/HydCol/20250410_CM068765.1_ROH_Results.txt, sharks/HydCol/20250410_CM068766.1_ROH_Results.txt, sharks/HydCol/20250410_CM068767.1_ROH_Results.txt, sharks/HydCol/20250410_CM068768.1_ROH_Results.txt, sharks/HydCol/20250410_CM068769.1_ROH_Results.txt, sharks/HydCol/20250410_CM068770.1_ROH_Results.txt, sharks/HydCol/20250410_CM068771.1_ROH_Results.txt, sharks/HydCol/20250410_CM068772.1_ROH_Results.txt, sharks/HydCol/20250410_CM068773.1_ROH_Results.txt, sharks/HydCol/20250410_CM068774.1_ROH_Results.txt, sharks/HydCol/20250410_CM068775.1_ROH_Results.txt, sharks/HydCol/20250410_CM068776.1_ROH_Results.txt, sharks/HydCol/20250410_CM068777.1_ROH_Results.txt, sharks/HydCol/20250410_CM068778.1_ROH_Results.txt, sharks/HydCol/20250410_CM068779.1_ROH_Results.txt, sharks/HydCol/20250410_CM068780.1_ROH_Results.txt, sharks/HydCol/20250410_CM068781.1_ROH_Results.txt
    output: sharks/HydCol/MSMC/ROH_Negative_Mask/HydCol_CM068747.1_ROH_Mask.bed.gz
    jobid: 344
    reason: Missing output files: sharks/HydCol/MSMC/ROH_Negative_Mask/HydCol_CM068747.1_ROH_Mask.bed.gz
    wildcards: CLADE=sharks, SPEC_NAME=HydCol, CHROM=CM068747.1
    resources: mem_mb=10000, mem_mib=9537, disk_mb=1000, disk_mib=954, tmpdir=<TBD>, slurm_account=DURBIN-SL2-CPU, slurm_partition=cclake-himem, runtime=60

Job 344 has been submitted with SLURM jobid 10033520 (log: /rds/project/rds-p67MZilb2eQ/projects/VGP/heterozygosity/.snakemake/slurm_logs/rule_GEN_ROH_NEGATIVE_MASK/sharks_HydCol_CM068747.1/10033520.log).

[Wed May 28 16:20:27 2025]
rule GEN_ROH_NEGATIVE_MASK:
    input: sharks/HydCol/20250410_CM068742.1_ROH_Results.txt, sharks/HydCol/20250410_CM068743.1_ROH_Results.txt, sharks/HydCol/20250410_CM068744.1_ROH_Results.txt, sharks/HydCol/20250410_CM068745.1_ROH_Results.txt, sharks/HydCol/20250410_CM068746.1_ROH_Results.txt, sharks/HydCol/20250410_CM068747.1_ROH_Results.txt, sharks/HydCol/20250410_CM068748.1_ROH_Results.txt, sharks/HydCol/20250410_CM068749.1_ROH_Results.txt, sharks/HydCol/20250410_CM068750.1_ROH_Results.txt, sharks/HydCol/20250410_CM068751.1_ROH_Results.txt, sharks/HydCol/20250410_CM068752.1_ROH_Results.txt, sharks/HydCol/20250410_CM068753.1_ROH_Results.txt, sharks/HydCol/20250410_CM068754.1_ROH_Results.txt, sharks/HydCol/20250410_CM068755.1_ROH_Results.txt, sharks/HydCol/20250410_CM068756.1_ROH_Results.txt, sharks/HydCol/20250410_CM068757.1_ROH_Results.txt, sharks/HydCol/20250410_CM068758.1_ROH_Results.txt, sharks/HydCol/20250410_CM068759.1_ROH_Results.txt, sharks/HydCol/20250410_CM068760.1_ROH_Results.txt, sharks/HydCol/20250410_CM068761.1_ROH_Results.txt, sharks/HydCol/20250410_CM068762.1_ROH_Results.txt, sharks/HydCol/20250410_CM068763.1_ROH_Results.txt, sharks/HydCol/20250410_CM068764.1_ROH_Results.txt, sharks/HydCol/20250410_CM068765.1_ROH_Results.txt, sharks/HydCol/20250410_CM068766.1_ROH_Results.txt, sharks/HydCol/20250410_CM068767.1_ROH_Results.txt, sharks/HydCol/20250410_CM068768.1_ROH_Results.txt, sharks/HydCol/20250410_CM068769.1_ROH_Results.txt, sharks/HydCol/20250410_CM068770.1_ROH_Results.txt, sharks/HydCol/20250410_CM068771.1_ROH_Results.txt, sharks/HydCol/20250410_CM068772.1_ROH_Results.txt, sharks/HydCol/20250410_CM068773.1_ROH_Results.txt, sharks/HydCol/20250410_CM068774.1_ROH_Results.txt, sharks/HydCol/20250410_CM068775.1_ROH_Results.txt, sharks/HydCol/20250410_CM068776.1_ROH_Results.txt, sharks/HydCol/20250410_CM068777.1_ROH_Results.txt, sharks/HydCol/20250410_CM068778.1_ROH_Results.txt, sharks/HydCol/20250410_CM068779.1_ROH_Results.txt, sharks/HydCol/20250410_CM068780.1_ROH_Results.txt, sharks/HydCol/20250410_CM068781.1_ROH_Results.txt
    output: sharks/HydCol/MSMC/ROH_Negative_Mask/HydCol_CM068769.1_ROH_Mask.bed.gz
    jobid: 366
    reason: Missing output files: sharks/HydCol/MSMC/ROH_Negative_Mask/HydCol_CM068769.1_ROH_Mask.bed.gz
    wildcards: CLADE=sharks, SPEC_NAME=HydCol, CHROM=CM068769.1
    resources: mem_mb=10000, mem_mib=9537, disk_mb=1000, disk_mib=954, tmpdir=<TBD>, slurm_account=DURBIN-SL2-CPU, slurm_partition=cclake-himem, runtime=60

Job 366 has been submitted with SLURM jobid 10033522 (log: /rds/project/rds-p67MZilb2eQ/projects/VGP/heterozygosity/.snakemake/slurm_logs/rule_GEN_ROH_NEGATIVE_MASK/sharks_HydCol_CM068769.1/10033522.log).

[Wed May 28 16:20:27 2025]
rule GEN_ROH_NEGATIVE_MASK:
    input: sharks/HydCol/20250410_CM068742.1_ROH_Results.txt, sharks/HydCol/20250410_CM068743.1_ROH_Results.txt, sharks/HydCol/20250410_CM068744.1_ROH_Results.txt, sharks/HydCol/20250410_CM068745.1_ROH_Results.txt, sharks/HydCol/20250410_CM068746.1_ROH_Results.txt, sharks/HydCol/20250410_CM068747.1_ROH_Results.txt, sharks/HydCol/20250410_CM068748.1_ROH_Results.txt, sharks/HydCol/20250410_CM068749.1_ROH_Results.txt, sharks/HydCol/20250410_CM068750.1_ROH_Results.txt, sharks/HydCol/20250410_CM068751.1_ROH_Results.txt, sharks/HydCol/20250410_CM068752.1_ROH_Results.txt, sharks/HydCol/20250410_CM068753.1_ROH_Results.txt, sharks/HydCol/20250410_CM068754.1_ROH_Results.txt, sharks/HydCol/20250410_CM068755.1_ROH_Results.txt, sharks/HydCol/20250410_CM068756.1_ROH_Results.txt, sharks/HydCol/20250410_CM068757.1_ROH_Results.txt, sharks/HydCol/20250410_CM068758.1_ROH_Results.txt, sharks/HydCol/20250410_CM068759.1_ROH_Results.txt, sharks/HydCol/20250410_CM068760.1_ROH_Results.txt, sharks/HydCol/20250410_CM068761.1_ROH_Results.txt, sharks/HydCol/20250410_CM068762.1_ROH_Results.txt, sharks/HydCol/20250410_CM068763.1_ROH_Results.txt, sharks/HydCol/20250410_CM068764.1_ROH_Results.txt, sharks/HydCol/20250410_CM068765.1_ROH_Results.txt, sharks/HydCol/20250410_CM068766.1_ROH_Results.txt, sharks/HydCol/20250410_CM068767.1_ROH_Results.txt, sharks/HydCol/20250410_CM068768.1_ROH_Results.txt, sharks/HydCol/20250410_CM068769.1_ROH_Results.txt, sharks/HydCol/20250410_CM068770.1_ROH_Results.txt, sharks/HydCol/20250410_CM068771.1_ROH_Results.txt, sharks/HydCol/20250410_CM068772.1_ROH_Results.txt, sharks/HydCol/20250410_CM068773.1_ROH_Results.txt, sharks/HydCol/20250410_CM068774.1_ROH_Results.txt, sharks/HydCol/20250410_CM068775.1_ROH_Results.txt, sharks/HydCol/20250410_CM068776.1_ROH_Results.txt, sharks/HydCol/20250410_CM068777.1_ROH_Results.txt, sharks/HydCol/20250410_CM068778.1_ROH_Results.txt, sharks/HydCol/20250410_CM068779.1_ROH_Results.txt, sharks/HydCol/20250410_CM068780.1_ROH_Results.txt, sharks/HydCol/20250410_CM068781.1_ROH_Results.txt
    output: sharks/HydCol/MSMC/ROH_Negative_Mask/HydCol_CM068762.1_ROH_Mask.bed.gz
    jobid: 359
    reason: Missing output files: sharks/HydCol/MSMC/ROH_Negative_Mask/HydCol_CM068762.1_ROH_Mask.bed.gz
    wildcards: CLADE=sharks, SPEC_NAME=HydCol, CHROM=CM068762.1
    resources: mem_mb=10000, mem_mib=9537, disk_mb=1000, disk_mib=954, tmpdir=<TBD>, slurm_account=DURBIN-SL2-CPU, slurm_partition=cclake-himem, runtime=60

Job 359 has been submitted with SLURM jobid 10033523 (log: /rds/project/rds-p67MZilb2eQ/projects/VGP/heterozygosity/.snakemake/slurm_logs/rule_GEN_ROH_NEGATIVE_MASK/sharks_HydCol_CM068762.1/10033523.log).

[Wed May 28 16:20:27 2025]
rule GEN_ROH_NEGATIVE_MASK:
    input: sharks/HydCol/20250410_CM068742.1_ROH_Results.txt, sharks/HydCol/20250410_CM068743.1_ROH_Results.txt, sharks/HydCol/20250410_CM068744.1_ROH_Results.txt, sharks/HydCol/20250410_CM068745.1_ROH_Results.txt, sharks/HydCol/20250410_CM068746.1_ROH_Results.txt, sharks/HydCol/20250410_CM068747.1_ROH_Results.txt, sharks/HydCol/20250410_CM068748.1_ROH_Results.txt, sharks/HydCol/20250410_CM068749.1_ROH_Results.txt, sharks/HydCol/20250410_CM068750.1_ROH_Results.txt, sharks/HydCol/20250410_CM068751.1_ROH_Results.txt, sharks/HydCol/20250410_CM068752.1_ROH_Results.txt, sharks/HydCol/20250410_CM068753.1_ROH_Results.txt, sharks/HydCol/20250410_CM068754.1_ROH_Results.txt, sharks/HydCol/20250410_CM068755.1_ROH_Results.txt, sharks/HydCol/20250410_CM068756.1_ROH_Results.txt, sharks/HydCol/20250410_CM068757.1_ROH_Results.txt, sharks/HydCol/20250410_CM068758.1_ROH_Results.txt, sharks/HydCol/20250410_CM068759.1_ROH_Results.txt, sharks/HydCol/20250410_CM068760.1_ROH_Results.txt, sharks/HydCol/20250410_CM068761.1_ROH_Results.txt, sharks/HydCol/20250410_CM068762.1_ROH_Results.txt, sharks/HydCol/20250410_CM068763.1_ROH_Results.txt, sharks/HydCol/20250410_CM068764.1_ROH_Results.txt, sharks/HydCol/20250410_CM068765.1_ROH_Results.txt, sharks/HydCol/20250410_CM068766.1_ROH_Results.txt, sharks/HydCol/20250410_CM068767.1_ROH_Results.txt, sharks/HydCol/20250410_CM068768.1_ROH_Results.txt, sharks/HydCol/20250410_CM068769.1_ROH_Results.txt, sharks/HydCol/20250410_CM068770.1_ROH_Results.txt, sharks/HydCol/20250410_CM068771.1_ROH_Results.txt, sharks/HydCol/20250410_CM068772.1_ROH_Results.txt, sharks/HydCol/20250410_CM068773.1_ROH_Results.txt, sharks/HydCol/20250410_CM068774.1_ROH_Results.txt, sharks/HydCol/20250410_CM068775.1_ROH_Results.txt, sharks/HydCol/20250410_CM068776.1_ROH_Results.txt, sharks/HydCol/20250410_CM068777.1_ROH_Results.txt, sharks/HydCol/20250410_CM068778.1_ROH_Results.txt, sharks/HydCol/20250410_CM068779.1_ROH_Results.txt, sharks/HydCol/20250410_CM068780.1_ROH_Results.txt, sharks/HydCol/20250410_CM068781.1_ROH_Results.txt
    output: sharks/HydCol/MSMC/ROH_Negative_Mask/HydCol_CM068755.1_ROH_Mask.bed.gz
    jobid: 352
    reason: Missing output files: sharks/HydCol/MSMC/ROH_Negative_Mask/HydCol_CM068755.1_ROH_Mask.bed.gz
    wildcards: CLADE=sharks, SPEC_NAME=HydCol, CHROM=CM068755.1
    resources: mem_mb=10000, mem_mib=9537, disk_mb=1000, disk_mib=954, tmpdir=<TBD>, slurm_account=DURBIN-SL2-CPU, slurm_partition=cclake-himem, runtime=60

Job 352 has been submitted with SLURM jobid 10033524 (log: /rds/project/rds-p67MZilb2eQ/projects/VGP/heterozygosity/.snakemake/slurm_logs/rule_GEN_ROH_NEGATIVE_MASK/sharks_HydCol_CM068755.1/10033524.log).

[Wed May 28 16:20:29 2025]
rule GEN_ROH_NEGATIVE_MASK:
    input: sharks/HydCol/20250410_CM068742.1_ROH_Results.txt, sharks/HydCol/20250410_CM068743.1_ROH_Results.txt, sharks/HydCol/20250410_CM068744.1_ROH_Results.txt, sharks/HydCol/20250410_CM068745.1_ROH_Results.txt, sharks/HydCol/20250410_CM068746.1_ROH_Results.txt, sharks/HydCol/20250410_CM068747.1_ROH_Results.txt, sharks/HydCol/20250410_CM068748.1_ROH_Results.txt, sharks/HydCol/20250410_CM068749.1_ROH_Results.txt, sharks/HydCol/20250410_CM068750.1_ROH_Results.txt, sharks/HydCol/20250410_CM068751.1_ROH_Results.txt, sharks/HydCol/20250410_CM068752.1_ROH_Results.txt, sharks/HydCol/20250410_CM068753.1_ROH_Results.txt, sharks/HydCol/20250410_CM068754.1_ROH_Results.txt, sharks/HydCol/20250410_CM068755.1_ROH_Results.txt, sharks/HydCol/20250410_CM068756.1_ROH_Results.txt, sharks/HydCol/20250410_CM068757.1_ROH_Results.txt, sharks/HydCol/20250410_CM068758.1_ROH_Results.txt, sharks/HydCol/20250410_CM068759.1_ROH_Results.txt, sharks/HydCol/20250410_CM068760.1_ROH_Results.txt, sharks/HydCol/20250410_CM068761.1_ROH_Results.txt, sharks/HydCol/20250410_CM068762.1_ROH_Results.txt, sharks/HydCol/20250410_CM068763.1_ROH_Results.txt, sharks/HydCol/20250410_CM068764.1_ROH_Results.txt, sharks/HydCol/20250410_CM068765.1_ROH_Results.txt, sharks/HydCol/20250410_CM068766.1_ROH_Results.txt, sharks/HydCol/20250410_CM068767.1_ROH_Results.txt, sharks/HydCol/20250410_CM068768.1_ROH_Results.txt, sharks/HydCol/20250410_CM068769.1_ROH_Results.txt, sharks/HydCol/20250410_CM068770.1_ROH_Results.txt, sharks/HydCol/20250410_CM068771.1_ROH_Results.txt, sharks/HydCol/20250410_CM068772.1_ROH_Results.txt, sharks/HydCol/20250410_CM068773.1_ROH_Results.txt, sharks/HydCol/20250410_CM068774.1_ROH_Results.txt, sharks/HydCol/20250410_CM068775.1_ROH_Results.txt, sharks/HydCol/20250410_CM068776.1_ROH_Results.txt, sharks/HydCol/20250410_CM068777.1_ROH_Results.txt, sharks/HydCol/20250410_CM068778.1_ROH_Results.txt, sharks/HydCol/20250410_CM068779.1_ROH_Results.txt, sharks/HydCol/20250410_CM068780.1_ROH_Results.txt, sharks/HydCol/20250410_CM068781.1_ROH_Results.txt
    output: sharks/HydCol/MSMC/ROH_Negative_Mask/HydCol_CM068748.1_ROH_Mask.bed.gz
    jobid: 345
    reason: Missing output files: sharks/HydCol/MSMC/ROH_Negative_Mask/HydCol_CM068748.1_ROH_Mask.bed.gz
    wildcards: CLADE=sharks, SPEC_NAME=HydCol, CHROM=CM068748.1
    resources: mem_mb=10000, mem_mib=9537, disk_mb=1000, disk_mib=954, tmpdir=<TBD>, slurm_account=DURBIN-SL2-CPU, slurm_partition=cclake-himem, runtime=60

Job 345 has been submitted with SLURM jobid 10033525 (log: /rds/project/rds-p67MZilb2eQ/projects/VGP/heterozygosity/.snakemake/slurm_logs/rule_GEN_ROH_NEGATIVE_MASK/sharks_HydCol_CM068748.1/10033525.log).

[Wed May 28 16:20:30 2025]
rule GEN_ROH_NEGATIVE_MASK:
    input: sharks/HydCol/20250410_CM068742.1_ROH_Results.txt, sharks/HydCol/20250410_CM068743.1_ROH_Results.txt, sharks/HydCol/20250410_CM068744.1_ROH_Results.txt, sharks/HydCol/20250410_CM068745.1_ROH_Results.txt, sharks/HydCol/20250410_CM068746.1_ROH_Results.txt, sharks/HydCol/20250410_CM068747.1_ROH_Results.txt, sharks/HydCol/20250410_CM068748.1_ROH_Results.txt, sharks/HydCol/20250410_CM068749.1_ROH_Results.txt, sharks/HydCol/20250410_CM068750.1_ROH_Results.txt, sharks/HydCol/20250410_CM068751.1_ROH_Results.txt, sharks/HydCol/20250410_CM068752.1_ROH_Results.txt, sharks/HydCol/20250410_CM068753.1_ROH_Results.txt, sharks/HydCol/20250410_CM068754.1_ROH_Results.txt, sharks/HydCol/20250410_CM068755.1_ROH_Results.txt, sharks/HydCol/20250410_CM068756.1_ROH_Results.txt, sharks/HydCol/20250410_CM068757.1_ROH_Results.txt, sharks/HydCol/20250410_CM068758.1_ROH_Results.txt, sharks/HydCol/20250410_CM068759.1_ROH_Results.txt, sharks/HydCol/20250410_CM068760.1_ROH_Results.txt, sharks/HydCol/20250410_CM068761.1_ROH_Results.txt, sharks/HydCol/20250410_CM068762.1_ROH_Results.txt, sharks/HydCol/20250410_CM068763.1_ROH_Results.txt, sharks/HydCol/20250410_CM068764.1_ROH_Results.txt, sharks/HydCol/20250410_CM068765.1_ROH_Results.txt, sharks/HydCol/20250410_CM068766.1_ROH_Results.txt, sharks/HydCol/20250410_CM068767.1_ROH_Results.txt, sharks/HydCol/20250410_CM068768.1_ROH_Results.txt, sharks/HydCol/20250410_CM068769.1_ROH_Results.txt, sharks/HydCol/20250410_CM068770.1_ROH_Results.txt, sharks/HydCol/20250410_CM068771.1_ROH_Results.txt, sharks/HydCol/20250410_CM068772.1_ROH_Results.txt, sharks/HydCol/20250410_CM068773.1_ROH_Results.txt, sharks/HydCol/20250410_CM068774.1_ROH_Results.txt, sharks/HydCol/20250410_CM068775.1_ROH_Results.txt, sharks/HydCol/20250410_CM068776.1_ROH_Results.txt, sharks/HydCol/20250410_CM068777.1_ROH_Results.txt, sharks/HydCol/20250410_CM068778.1_ROH_Results.txt, sharks/HydCol/20250410_CM068779.1_ROH_Results.txt, sharks/HydCol/20250410_CM068780.1_ROH_Results.txt, sharks/HydCol/20250410_CM068781.1_ROH_Results.txt
    output: sharks/HydCol/MSMC/ROH_Negative_Mask/HydCol_CM068777.1_ROH_Mask.bed.gz
    jobid: 374
    reason: Missing output files: sharks/HydCol/MSMC/ROH_Negative_Mask/HydCol_CM068777.1_ROH_Mask.bed.gz
    wildcards: CLADE=sharks, SPEC_NAME=HydCol, CHROM=CM068777.1
    resources: mem_mb=10000, mem_mib=9537, disk_mb=1000, disk_mib=954, tmpdir=<TBD>, slurm_account=DURBIN-SL2-CPU, slurm_partition=cclake-himem, runtime=60

Job 374 has been submitted with SLURM jobid 10033526 (log: /rds/project/rds-p67MZilb2eQ/projects/VGP/heterozygosity/.snakemake/slurm_logs/rule_GEN_ROH_NEGATIVE_MASK/sharks_HydCol_CM068777.1/10033526.log).

[Wed May 28 16:20:32 2025]
rule GEN_ROH_NEGATIVE_MASK:
    input: sharks/HydCol/20250410_CM068742.1_ROH_Results.txt, sharks/HydCol/20250410_CM068743.1_ROH_Results.txt, sharks/HydCol/20250410_CM068744.1_ROH_Results.txt, sharks/HydCol/20250410_CM068745.1_ROH_Results.txt, sharks/HydCol/20250410_CM068746.1_ROH_Results.txt, sharks/HydCol/20250410_CM068747.1_ROH_Results.txt, sharks/HydCol/20250410_CM068748.1_ROH_Results.txt, sharks/HydCol/20250410_CM068749.1_ROH_Results.txt, sharks/HydCol/20250410_CM068750.1_ROH_Results.txt, sharks/HydCol/20250410_CM068751.1_ROH_Results.txt, sharks/HydCol/20250410_CM068752.1_ROH_Results.txt, sharks/HydCol/20250410_CM068753.1_ROH_Results.txt, sharks/HydCol/20250410_CM068754.1_ROH_Results.txt, sharks/HydCol/20250410_CM068755.1_ROH_Results.txt, sharks/HydCol/20250410_CM068756.1_ROH_Results.txt, sharks/HydCol/20250410_CM068757.1_ROH_Results.txt, sharks/HydCol/20250410_CM068758.1_ROH_Results.txt, sharks/HydCol/20250410_CM068759.1_ROH_Results.txt, sharks/HydCol/20250410_CM068760.1_ROH_Results.txt, sharks/HydCol/20250410_CM068761.1_ROH_Results.txt, sharks/HydCol/20250410_CM068762.1_ROH_Results.txt, sharks/HydCol/20250410_CM068763.1_ROH_Results.txt, sharks/HydCol/20250410_CM068764.1_ROH_Results.txt, sharks/HydCol/20250410_CM068765.1_ROH_Results.txt, sharks/HydCol/20250410_CM068766.1_ROH_Results.txt, sharks/HydCol/20250410_CM068767.1_ROH_Results.txt, sharks/HydCol/20250410_CM068768.1_ROH_Results.txt, sharks/HydCol/20250410_CM068769.1_ROH_Results.txt, sharks/HydCol/20250410_CM068770.1_ROH_Results.txt, sharks/HydCol/20250410_CM068771.1_ROH_Results.txt, sharks/HydCol/20250410_CM068772.1_ROH_Results.txt, sharks/HydCol/20250410_CM068773.1_ROH_Results.txt, sharks/HydCol/20250410_CM068774.1_ROH_Results.txt, sharks/HydCol/20250410_CM068775.1_ROH_Results.txt, sharks/HydCol/20250410_CM068776.1_ROH_Results.txt, sharks/HydCol/20250410_CM068777.1_ROH_Results.txt, sharks/HydCol/20250410_CM068778.1_ROH_Results.txt, sharks/HydCol/20250410_CM068779.1_ROH_Results.txt, sharks/HydCol/20250410_CM068780.1_ROH_Results.txt, sharks/HydCol/20250410_CM068781.1_ROH_Results.txt
    output: sharks/HydCol/MSMC/ROH_Negative_Mask/HydCol_CM068770.1_ROH_Mask.bed.gz
    jobid: 367
    reason: Missing output files: sharks/HydCol/MSMC/ROH_Negative_Mask/HydCol_CM068770.1_ROH_Mask.bed.gz
    wildcards: CLADE=sharks, SPEC_NAME=HydCol, CHROM=CM068770.1
    resources: mem_mb=10000, mem_mib=9537, disk_mb=1000, disk_mib=954, tmpdir=<TBD>, slurm_account=DURBIN-SL2-CPU, slurm_partition=cclake-himem, runtime=60

Job 367 has been submitted with SLURM jobid 10033527 (log: /rds/project/rds-p67MZilb2eQ/projects/VGP/heterozygosity/.snakemake/slurm_logs/rule_GEN_ROH_NEGATIVE_MASK/sharks_HydCol_CM068770.1/10033527.log).

[Wed May 28 16:20:32 2025]
rule GEN_ROH_NEGATIVE_MASK:
    input: sharks/HydCol/20250410_CM068742.1_ROH_Results.txt, sharks/HydCol/20250410_CM068743.1_ROH_Results.txt, sharks/HydCol/20250410_CM068744.1_ROH_Results.txt, sharks/HydCol/20250410_CM068745.1_ROH_Results.txt, sharks/HydCol/20250410_CM068746.1_ROH_Results.txt, sharks/HydCol/20250410_CM068747.1_ROH_Results.txt, sharks/HydCol/20250410_CM068748.1_ROH_Results.txt, sharks/HydCol/20250410_CM068749.1_ROH_Results.txt, sharks/HydCol/20250410_CM068750.1_ROH_Results.txt, sharks/HydCol/20250410_CM068751.1_ROH_Results.txt, sharks/HydCol/20250410_CM068752.1_ROH_Results.txt, sharks/HydCol/20250410_CM068753.1_ROH_Results.txt, sharks/HydCol/20250410_CM068754.1_ROH_Results.txt, sharks/HydCol/20250410_CM068755.1_ROH_Results.txt, sharks/HydCol/20250410_CM068756.1_ROH_Results.txt, sharks/HydCol/20250410_CM068757.1_ROH_Results.txt, sharks/HydCol/20250410_CM068758.1_ROH_Results.txt, sharks/HydCol/20250410_CM068759.1_ROH_Results.txt, sharks/HydCol/20250410_CM068760.1_ROH_Results.txt, sharks/HydCol/20250410_CM068761.1_ROH_Results.txt, sharks/HydCol/20250410_CM068762.1_ROH_Results.txt, sharks/HydCol/20250410_CM068763.1_ROH_Results.txt, sharks/HydCol/20250410_CM068764.1_ROH_Results.txt, sharks/HydCol/20250410_CM068765.1_ROH_Results.txt, sharks/HydCol/20250410_CM068766.1_ROH_Results.txt, sharks/HydCol/20250410_CM068767.1_ROH_Results.txt, sharks/HydCol/20250410_CM068768.1_ROH_Results.txt, sharks/HydCol/20250410_CM068769.1_ROH_Results.txt, sharks/HydCol/20250410_CM068770.1_ROH_Results.txt, sharks/HydCol/20250410_CM068771.1_ROH_Results.txt, sharks/HydCol/20250410_CM068772.1_ROH_Results.txt, sharks/HydCol/20250410_CM068773.1_ROH_Results.txt, sharks/HydCol/20250410_CM068774.1_ROH_Results.txt, sharks/HydCol/20250410_CM068775.1_ROH_Results.txt, sharks/HydCol/20250410_CM068776.1_ROH_Results.txt, sharks/HydCol/20250410_CM068777.1_ROH_Results.txt, sharks/HydCol/20250410_CM068778.1_ROH_Results.txt, sharks/HydCol/20250410_CM068779.1_ROH_Results.txt, sharks/HydCol/20250410_CM068780.1_ROH_Results.txt, sharks/HydCol/20250410_CM068781.1_ROH_Results.txt
    output: sharks/HydCol/MSMC/ROH_Negative_Mask/HydCol_CM068763.1_ROH_Mask.bed.gz
    jobid: 360
    reason: Missing output files: sharks/HydCol/MSMC/ROH_Negative_Mask/HydCol_CM068763.1_ROH_Mask.bed.gz
    wildcards: CLADE=sharks, SPEC_NAME=HydCol, CHROM=CM068763.1
    resources: mem_mb=10000, mem_mib=9537, disk_mb=1000, disk_mib=954, tmpdir=<TBD>, slurm_account=DURBIN-SL2-CPU, slurm_partition=cclake-himem, runtime=60

Job 360 has been submitted with SLURM jobid 10033528 (log: /rds/project/rds-p67MZilb2eQ/projects/VGP/heterozygosity/.snakemake/slurm_logs/rule_GEN_ROH_NEGATIVE_MASK/sharks_HydCol_CM068763.1/10033528.log).

[Wed May 28 16:20:32 2025]
rule GEN_ROH_NEGATIVE_MASK:
    input: sharks/HydCol/20250410_CM068742.1_ROH_Results.txt, sharks/HydCol/20250410_CM068743.1_ROH_Results.txt, sharks/HydCol/20250410_CM068744.1_ROH_Results.txt, sharks/HydCol/20250410_CM068745.1_ROH_Results.txt, sharks/HydCol/20250410_CM068746.1_ROH_Results.txt, sharks/HydCol/20250410_CM068747.1_ROH_Results.txt, sharks/HydCol/20250410_CM068748.1_ROH_Results.txt, sharks/HydCol/20250410_CM068749.1_ROH_Results.txt, sharks/HydCol/20250410_CM068750.1_ROH_Results.txt, sharks/HydCol/20250410_CM068751.1_ROH_Results.txt, sharks/HydCol/20250410_CM068752.1_ROH_Results.txt, sharks/HydCol/20250410_CM068753.1_ROH_Results.txt, sharks/HydCol/20250410_CM068754.1_ROH_Results.txt, sharks/HydCol/20250410_CM068755.1_ROH_Results.txt, sharks/HydCol/20250410_CM068756.1_ROH_Results.txt, sharks/HydCol/20250410_CM068757.1_ROH_Results.txt, sharks/HydCol/20250410_CM068758.1_ROH_Results.txt, sharks/HydCol/20250410_CM068759.1_ROH_Results.txt, sharks/HydCol/20250410_CM068760.1_ROH_Results.txt, sharks/HydCol/20250410_CM068761.1_ROH_Results.txt, sharks/HydCol/20250410_CM068762.1_ROH_Results.txt, sharks/HydCol/20250410_CM068763.1_ROH_Results.txt, sharks/HydCol/20250410_CM068764.1_ROH_Results.txt, sharks/HydCol/20250410_CM068765.1_ROH_Results.txt, sharks/HydCol/20250410_CM068766.1_ROH_Results.txt, sharks/HydCol/20250410_CM068767.1_ROH_Results.txt, sharks/HydCol/20250410_CM068768.1_ROH_Results.txt, sharks/HydCol/20250410_CM068769.1_ROH_Results.txt, sharks/HydCol/20250410_CM068770.1_ROH_Results.txt, sharks/HydCol/20250410_CM068771.1_ROH_Results.txt, sharks/HydCol/20250410_CM068772.1_ROH_Results.txt, sharks/HydCol/20250410_CM068773.1_ROH_Results.txt, sharks/HydCol/20250410_CM068774.1_ROH_Results.txt, sharks/HydCol/20250410_CM068775.1_ROH_Results.txt, sharks/HydCol/20250410_CM068776.1_ROH_Results.txt, sharks/HydCol/20250410_CM068777.1_ROH_Results.txt, sharks/HydCol/20250410_CM068778.1_ROH_Results.txt, sharks/HydCol/20250410_CM068779.1_ROH_Results.txt, sharks/HydCol/20250410_CM068780.1_ROH_Results.txt, sharks/HydCol/20250410_CM068781.1_ROH_Results.txt
    output: sharks/HydCol/MSMC/ROH_Negative_Mask/HydCol_CM068756.1_ROH_Mask.bed.gz
    jobid: 353
    reason: Missing output files: sharks/HydCol/MSMC/ROH_Negative_Mask/HydCol_CM068756.1_ROH_Mask.bed.gz
    wildcards: CLADE=sharks, SPEC_NAME=HydCol, CHROM=CM068756.1
    resources: mem_mb=10000, mem_mib=9537, disk_mb=1000, disk_mib=954, tmpdir=<TBD>, slurm_account=DURBIN-SL2-CPU, slurm_partition=cclake-himem, runtime=60

Job 353 has been submitted with SLURM jobid 10033529 (log: /rds/project/rds-p67MZilb2eQ/projects/VGP/heterozygosity/.snakemake/slurm_logs/rule_GEN_ROH_NEGATIVE_MASK/sharks_HydCol_CM068756.1/10033529.log).

[Wed May 28 16:20:35 2025]
rule GEN_ROH_NEGATIVE_MASK:
    input: sharks/HydCol/20250410_CM068742.1_ROH_Results.txt, sharks/HydCol/20250410_CM068743.1_ROH_Results.txt, sharks/HydCol/20250410_CM068744.1_ROH_Results.txt, sharks/HydCol/20250410_CM068745.1_ROH_Results.txt, sharks/HydCol/20250410_CM068746.1_ROH_Results.txt, sharks/HydCol/20250410_CM068747.1_ROH_Results.txt, sharks/HydCol/20250410_CM068748.1_ROH_Results.txt, sharks/HydCol/20250410_CM068749.1_ROH_Results.txt, sharks/HydCol/20250410_CM068750.1_ROH_Results.txt, sharks/HydCol/20250410_CM068751.1_ROH_Results.txt, sharks/HydCol/20250410_CM068752.1_ROH_Results.txt, sharks/HydCol/20250410_CM068753.1_ROH_Results.txt, sharks/HydCol/20250410_CM068754.1_ROH_Results.txt, sharks/HydCol/20250410_CM068755.1_ROH_Results.txt, sharks/HydCol/20250410_CM068756.1_ROH_Results.txt, sharks/HydCol/20250410_CM068757.1_ROH_Results.txt, sharks/HydCol/20250410_CM068758.1_ROH_Results.txt, sharks/HydCol/20250410_CM068759.1_ROH_Results.txt, sharks/HydCol/20250410_CM068760.1_ROH_Results.txt, sharks/HydCol/20250410_CM068761.1_ROH_Results.txt, sharks/HydCol/20250410_CM068762.1_ROH_Results.txt, sharks/HydCol/20250410_CM068763.1_ROH_Results.txt, sharks/HydCol/20250410_CM068764.1_ROH_Results.txt, sharks/HydCol/20250410_CM068765.1_ROH_Results.txt, sharks/HydCol/20250410_CM068766.1_ROH_Results.txt, sharks/HydCol/20250410_CM068767.1_ROH_Results.txt, sharks/HydCol/20250410_CM068768.1_ROH_Results.txt, sharks/HydCol/20250410_CM068769.1_ROH_Results.txt, sharks/HydCol/20250410_CM068770.1_ROH_Results.txt, sharks/HydCol/20250410_CM068771.1_ROH_Results.txt, sharks/HydCol/20250410_CM068772.1_ROH_Results.txt, sharks/HydCol/20250410_CM068773.1_ROH_Results.txt, sharks/HydCol/20250410_CM068774.1_ROH_Results.txt, sharks/HydCol/20250410_CM068775.1_ROH_Results.txt, sharks/HydCol/20250410_CM068776.1_ROH_Results.txt, sharks/HydCol/20250410_CM068777.1_ROH_Results.txt, sharks/HydCol/20250410_CM068778.1_ROH_Results.txt, sharks/HydCol/20250410_CM068779.1_ROH_Results.txt, sharks/HydCol/20250410_CM068780.1_ROH_Results.txt, sharks/HydCol/20250410_CM068781.1_ROH_Results.txt
    output: sharks/HydCol/MSMC/ROH_Negative_Mask/HydCol_CM068749.1_ROH_Mask.bed.gz
    jobid: 346
    reason: Missing output files: sharks/HydCol/MSMC/ROH_Negative_Mask/HydCol_CM068749.1_ROH_Mask.bed.gz
    wildcards: CLADE=sharks, SPEC_NAME=HydCol, CHROM=CM068749.1
    resources: mem_mb=10000, mem_mib=9537, disk_mb=1000, disk_mib=954, tmpdir=<TBD>, slurm_account=DURBIN-SL2-CPU, slurm_partition=cclake-himem, runtime=60

Job 346 has been submitted with SLURM jobid 10033531 (log: /rds/project/rds-p67MZilb2eQ/projects/VGP/heterozygosity/.snakemake/slurm_logs/rule_GEN_ROH_NEGATIVE_MASK/sharks_HydCol_CM068749.1/10033531.log).

[Wed May 28 16:20:35 2025]
rule GEN_ROH_NEGATIVE_MASK:
    input: sharks/HydCol/20250410_CM068742.1_ROH_Results.txt, sharks/HydCol/20250410_CM068743.1_ROH_Results.txt, sharks/HydCol/20250410_CM068744.1_ROH_Results.txt, sharks/HydCol/20250410_CM068745.1_ROH_Results.txt, sharks/HydCol/20250410_CM068746.1_ROH_Results.txt, sharks/HydCol/20250410_CM068747.1_ROH_Results.txt, sharks/HydCol/20250410_CM068748.1_ROH_Results.txt, sharks/HydCol/20250410_CM068749.1_ROH_Results.txt, sharks/HydCol/20250410_CM068750.1_ROH_Results.txt, sharks/HydCol/20250410_CM068751.1_ROH_Results.txt, sharks/HydCol/20250410_CM068752.1_ROH_Results.txt, sharks/HydCol/20250410_CM068753.1_ROH_Results.txt, sharks/HydCol/20250410_CM068754.1_ROH_Results.txt, sharks/HydCol/20250410_CM068755.1_ROH_Results.txt, sharks/HydCol/20250410_CM068756.1_ROH_Results.txt, sharks/HydCol/20250410_CM068757.1_ROH_Results.txt, sharks/HydCol/20250410_CM068758.1_ROH_Results.txt, sharks/HydCol/20250410_CM068759.1_ROH_Results.txt, sharks/HydCol/20250410_CM068760.1_ROH_Results.txt, sharks/HydCol/20250410_CM068761.1_ROH_Results.txt, sharks/HydCol/20250410_CM068762.1_ROH_Results.txt, sharks/HydCol/20250410_CM068763.1_ROH_Results.txt, sharks/HydCol/20250410_CM068764.1_ROH_Results.txt, sharks/HydCol/20250410_CM068765.1_ROH_Results.txt, sharks/HydCol/20250410_CM068766.1_ROH_Results.txt, sharks/HydCol/20250410_CM068767.1_ROH_Results.txt, sharks/HydCol/20250410_CM068768.1_ROH_Results.txt, sharks/HydCol/20250410_CM068769.1_ROH_Results.txt, sharks/HydCol/20250410_CM068770.1_ROH_Results.txt, sharks/HydCol/20250410_CM068771.1_ROH_Results.txt, sharks/HydCol/20250410_CM068772.1_ROH_Results.txt, sharks/HydCol/20250410_CM068773.1_ROH_Results.txt, sharks/HydCol/20250410_CM068774.1_ROH_Results.txt, sharks/HydCol/20250410_CM068775.1_ROH_Results.txt, sharks/HydCol/20250410_CM068776.1_ROH_Results.txt, sharks/HydCol/20250410_CM068777.1_ROH_Results.txt, sharks/HydCol/20250410_CM068778.1_ROH_Results.txt, sharks/HydCol/20250410_CM068779.1_ROH_Results.txt, sharks/HydCol/20250410_CM068780.1_ROH_Results.txt, sharks/HydCol/20250410_CM068781.1_ROH_Results.txt
    output: sharks/HydCol/MSMC/ROH_Negative_Mask/HydCol_CM068742.1_ROH_Mask.bed.gz
    jobid: 339
    reason: Missing output files: sharks/HydCol/MSMC/ROH_Negative_Mask/HydCol_CM068742.1_ROH_Mask.bed.gz
    wildcards: CLADE=sharks, SPEC_NAME=HydCol, CHROM=CM068742.1
    resources: mem_mb=10000, mem_mib=9537, disk_mb=1000, disk_mib=954, tmpdir=<TBD>, slurm_account=DURBIN-SL2-CPU, slurm_partition=cclake-himem, runtime=60

Job 339 has been submitted with SLURM jobid 10033532 (log: /rds/project/rds-p67MZilb2eQ/projects/VGP/heterozygosity/.snakemake/slurm_logs/rule_GEN_ROH_NEGATIVE_MASK/sharks_HydCol_CM068742.1/10033532.log).

[Wed May 28 16:20:37 2025]
rule GEN_ROH_NEGATIVE_MASK:
    input: sharks/HydCol/20250410_CM068742.1_ROH_Results.txt, sharks/HydCol/20250410_CM068743.1_ROH_Results.txt, sharks/HydCol/20250410_CM068744.1_ROH_Results.txt, sharks/HydCol/20250410_CM068745.1_ROH_Results.txt, sharks/HydCol/20250410_CM068746.1_ROH_Results.txt, sharks/HydCol/20250410_CM068747.1_ROH_Results.txt, sharks/HydCol/20250410_CM068748.1_ROH_Results.txt, sharks/HydCol/20250410_CM068749.1_ROH_Results.txt, sharks/HydCol/20250410_CM068750.1_ROH_Results.txt, sharks/HydCol/20250410_CM068751.1_ROH_Results.txt, sharks/HydCol/20250410_CM068752.1_ROH_Results.txt, sharks/HydCol/20250410_CM068753.1_ROH_Results.txt, sharks/HydCol/20250410_CM068754.1_ROH_Results.txt, sharks/HydCol/20250410_CM068755.1_ROH_Results.txt, sharks/HydCol/20250410_CM068756.1_ROH_Results.txt, sharks/HydCol/20250410_CM068757.1_ROH_Results.txt, sharks/HydCol/20250410_CM068758.1_ROH_Results.txt, sharks/HydCol/20250410_CM068759.1_ROH_Results.txt, sharks/HydCol/20250410_CM068760.1_ROH_Results.txt, sharks/HydCol/20250410_CM068761.1_ROH_Results.txt, sharks/HydCol/20250410_CM068762.1_ROH_Results.txt, sharks/HydCol/20250410_CM068763.1_ROH_Results.txt, sharks/HydCol/20250410_CM068764.1_ROH_Results.txt, sharks/HydCol/20250410_CM068765.1_ROH_Results.txt, sharks/HydCol/20250410_CM068766.1_ROH_Results.txt, sharks/HydCol/20250410_CM068767.1_ROH_Results.txt, sharks/HydCol/20250410_CM068768.1_ROH_Results.txt, sharks/HydCol/20250410_CM068769.1_ROH_Results.txt, sharks/HydCol/20250410_CM068770.1_ROH_Results.txt, sharks/HydCol/20250410_CM068771.1_ROH_Results.txt, sharks/HydCol/20250410_CM068772.1_ROH_Results.txt, sharks/HydCol/20250410_CM068773.1_ROH_Results.txt, sharks/HydCol/20250410_CM068774.1_ROH_Results.txt, sharks/HydCol/20250410_CM068775.1_ROH_Results.txt, sharks/HydCol/20250410_CM068776.1_ROH_Results.txt, sharks/HydCol/20250410_CM068777.1_ROH_Results.txt, sharks/HydCol/20250410_CM068778.1_ROH_Results.txt, sharks/HydCol/20250410_CM068779.1_ROH_Results.txt, sharks/HydCol/20250410_CM068780.1_ROH_Results.txt, sharks/HydCol/20250410_CM068781.1_ROH_Results.txt
    output: sharks/HydCol/MSMC/ROH_Negative_Mask/HydCol_CM068778.1_ROH_Mask.bed.gz
    jobid: 375
    reason: Missing output files: sharks/HydCol/MSMC/ROH_Negative_Mask/HydCol_CM068778.1_ROH_Mask.bed.gz
    wildcards: CLADE=sharks, SPEC_NAME=HydCol, CHROM=CM068778.1
    resources: mem_mb=10000, mem_mib=9537, disk_mb=1000, disk_mib=954, tmpdir=<TBD>, slurm_account=DURBIN-SL2-CPU, slurm_partition=cclake-himem, runtime=60

Job 375 has been submitted with SLURM jobid 10033534 (log: /rds/project/rds-p67MZilb2eQ/projects/VGP/heterozygosity/.snakemake/slurm_logs/rule_GEN_ROH_NEGATIVE_MASK/sharks_HydCol_CM068778.1/10033534.log).

[Wed May 28 16:20:38 2025]
rule GEN_ROH_NEGATIVE_MASK:
    input: sharks/HydCol/20250410_CM068742.1_ROH_Results.txt, sharks/HydCol/20250410_CM068743.1_ROH_Results.txt, sharks/HydCol/20250410_CM068744.1_ROH_Results.txt, sharks/HydCol/20250410_CM068745.1_ROH_Results.txt, sharks/HydCol/20250410_CM068746.1_ROH_Results.txt, sharks/HydCol/20250410_CM068747.1_ROH_Results.txt, sharks/HydCol/20250410_CM068748.1_ROH_Results.txt, sharks/HydCol/20250410_CM068749.1_ROH_Results.txt, sharks/HydCol/20250410_CM068750.1_ROH_Results.txt, sharks/HydCol/20250410_CM068751.1_ROH_Results.txt, sharks/HydCol/20250410_CM068752.1_ROH_Results.txt, sharks/HydCol/20250410_CM068753.1_ROH_Results.txt, sharks/HydCol/20250410_CM068754.1_ROH_Results.txt, sharks/HydCol/20250410_CM068755.1_ROH_Results.txt, sharks/HydCol/20250410_CM068756.1_ROH_Results.txt, sharks/HydCol/20250410_CM068757.1_ROH_Results.txt, sharks/HydCol/20250410_CM068758.1_ROH_Results.txt, sharks/HydCol/20250410_CM068759.1_ROH_Results.txt, sharks/HydCol/20250410_CM068760.1_ROH_Results.txt, sharks/HydCol/20250410_CM068761.1_ROH_Results.txt, sharks/HydCol/20250410_CM068762.1_ROH_Results.txt, sharks/HydCol/20250410_CM068763.1_ROH_Results.txt, sharks/HydCol/20250410_CM068764.1_ROH_Results.txt, sharks/HydCol/20250410_CM068765.1_ROH_Results.txt, sharks/HydCol/20250410_CM068766.1_ROH_Results.txt, sharks/HydCol/20250410_CM068767.1_ROH_Results.txt, sharks/HydCol/20250410_CM068768.1_ROH_Results.txt, sharks/HydCol/20250410_CM068769.1_ROH_Results.txt, sharks/HydCol/20250410_CM068770.1_ROH_Results.txt, sharks/HydCol/20250410_CM068771.1_ROH_Results.txt, sharks/HydCol/20250410_CM068772.1_ROH_Results.txt, sharks/HydCol/20250410_CM068773.1_ROH_Results.txt, sharks/HydCol/20250410_CM068774.1_ROH_Results.txt, sharks/HydCol/20250410_CM068775.1_ROH_Results.txt, sharks/HydCol/20250410_CM068776.1_ROH_Results.txt, sharks/HydCol/20250410_CM068777.1_ROH_Results.txt, sharks/HydCol/20250410_CM068778.1_ROH_Results.txt, sharks/HydCol/20250410_CM068779.1_ROH_Results.txt, sharks/HydCol/20250410_CM068780.1_ROH_Results.txt, sharks/HydCol/20250410_CM068781.1_ROH_Results.txt
    output: sharks/HydCol/MSMC/ROH_Negative_Mask/HydCol_CM068771.1_ROH_Mask.bed.gz
    jobid: 368
    reason: Missing output files: sharks/HydCol/MSMC/ROH_Negative_Mask/HydCol_CM068771.1_ROH_Mask.bed.gz
    wildcards: CLADE=sharks, SPEC_NAME=HydCol, CHROM=CM068771.1
    resources: mem_mb=10000, mem_mib=9537, disk_mb=1000, disk_mib=954, tmpdir=<TBD>, slurm_account=DURBIN-SL2-CPU, slurm_partition=cclake-himem, runtime=60

Job 368 has been submitted with SLURM jobid 10033535 (log: /rds/project/rds-p67MZilb2eQ/projects/VGP/heterozygosity/.snakemake/slurm_logs/rule_GEN_ROH_NEGATIVE_MASK/sharks_HydCol_CM068771.1/10033535.log).

[Wed May 28 16:20:40 2025]
rule GEN_ROH_NEGATIVE_MASK:
    input: sharks/HydCol/20250410_CM068742.1_ROH_Results.txt, sharks/HydCol/20250410_CM068743.1_ROH_Results.txt, sharks/HydCol/20250410_CM068744.1_ROH_Results.txt, sharks/HydCol/20250410_CM068745.1_ROH_Results.txt, sharks/HydCol/20250410_CM068746.1_ROH_Results.txt, sharks/HydCol/20250410_CM068747.1_ROH_Results.txt, sharks/HydCol/20250410_CM068748.1_ROH_Results.txt, sharks/HydCol/20250410_CM068749.1_ROH_Results.txt, sharks/HydCol/20250410_CM068750.1_ROH_Results.txt, sharks/HydCol/20250410_CM068751.1_ROH_Results.txt, sharks/HydCol/20250410_CM068752.1_ROH_Results.txt, sharks/HydCol/20250410_CM068753.1_ROH_Results.txt, sharks/HydCol/20250410_CM068754.1_ROH_Results.txt, sharks/HydCol/20250410_CM068755.1_ROH_Results.txt, sharks/HydCol/20250410_CM068756.1_ROH_Results.txt, sharks/HydCol/20250410_CM068757.1_ROH_Results.txt, sharks/HydCol/20250410_CM068758.1_ROH_Results.txt, sharks/HydCol/20250410_CM068759.1_ROH_Results.txt, sharks/HydCol/20250410_CM068760.1_ROH_Results.txt, sharks/HydCol/20250410_CM068761.1_ROH_Results.txt, sharks/HydCol/20250410_CM068762.1_ROH_Results.txt, sharks/HydCol/20250410_CM068763.1_ROH_Results.txt, sharks/HydCol/20250410_CM068764.1_ROH_Results.txt, sharks/HydCol/20250410_CM068765.1_ROH_Results.txt, sharks/HydCol/20250410_CM068766.1_ROH_Results.txt, sharks/HydCol/20250410_CM068767.1_ROH_Results.txt, sharks/HydCol/20250410_CM068768.1_ROH_Results.txt, sharks/HydCol/20250410_CM068769.1_ROH_Results.txt, sharks/HydCol/20250410_CM068770.1_ROH_Results.txt, sharks/HydCol/20250410_CM068771.1_ROH_Results.txt, sharks/HydCol/20250410_CM068772.1_ROH_Results.txt, sharks/HydCol/20250410_CM068773.1_ROH_Results.txt, sharks/HydCol/20250410_CM068774.1_ROH_Results.txt, sharks/HydCol/20250410_CM068775.1_ROH_Results.txt, sharks/HydCol/20250410_CM068776.1_ROH_Results.txt, sharks/HydCol/20250410_CM068777.1_ROH_Results.txt, sharks/HydCol/20250410_CM068778.1_ROH_Results.txt, sharks/HydCol/20250410_CM068779.1_ROH_Results.txt, sharks/HydCol/20250410_CM068780.1_ROH_Results.txt, sharks/HydCol/20250410_CM068781.1_ROH_Results.txt
    output: sharks/HydCol/MSMC/ROH_Negative_Mask/HydCol_CM068764.1_ROH_Mask.bed.gz
    jobid: 361
    reason: Missing output files: sharks/HydCol/MSMC/ROH_Negative_Mask/HydCol_CM068764.1_ROH_Mask.bed.gz
    wildcards: CLADE=sharks, SPEC_NAME=HydCol, CHROM=CM068764.1
    resources: mem_mb=10000, mem_mib=9537, disk_mb=1000, disk_mib=954, tmpdir=<TBD>, slurm_account=DURBIN-SL2-CPU, slurm_partition=cclake-himem, runtime=60

Job 361 has been submitted with SLURM jobid 10033537 (log: /rds/project/rds-p67MZilb2eQ/projects/VGP/heterozygosity/.snakemake/slurm_logs/rule_GEN_ROH_NEGATIVE_MASK/sharks_HydCol_CM068764.1/10033537.log).

[Wed May 28 16:20:43 2025]
rule GEN_ROH_NEGATIVE_MASK:
    input: sharks/HydCol/20250410_CM068742.1_ROH_Results.txt, sharks/HydCol/20250410_CM068743.1_ROH_Results.txt, sharks/HydCol/20250410_CM068744.1_ROH_Results.txt, sharks/HydCol/20250410_CM068745.1_ROH_Results.txt, sharks/HydCol/20250410_CM068746.1_ROH_Results.txt, sharks/HydCol/20250410_CM068747.1_ROH_Results.txt, sharks/HydCol/20250410_CM068748.1_ROH_Results.txt, sharks/HydCol/20250410_CM068749.1_ROH_Results.txt, sharks/HydCol/20250410_CM068750.1_ROH_Results.txt, sharks/HydCol/20250410_CM068751.1_ROH_Results.txt, sharks/HydCol/20250410_CM068752.1_ROH_Results.txt, sharks/HydCol/20250410_CM068753.1_ROH_Results.txt, sharks/HydCol/20250410_CM068754.1_ROH_Results.txt, sharks/HydCol/20250410_CM068755.1_ROH_Results.txt, sharks/HydCol/20250410_CM068756.1_ROH_Results.txt, sharks/HydCol/20250410_CM068757.1_ROH_Results.txt, sharks/HydCol/20250410_CM068758.1_ROH_Results.txt, sharks/HydCol/20250410_CM068759.1_ROH_Results.txt, sharks/HydCol/20250410_CM068760.1_ROH_Results.txt, sharks/HydCol/20250410_CM068761.1_ROH_Results.txt, sharks/HydCol/20250410_CM068762.1_ROH_Results.txt, sharks/HydCol/20250410_CM068763.1_ROH_Results.txt, sharks/HydCol/20250410_CM068764.1_ROH_Results.txt, sharks/HydCol/20250410_CM068765.1_ROH_Results.txt, sharks/HydCol/20250410_CM068766.1_ROH_Results.txt, sharks/HydCol/20250410_CM068767.1_ROH_Results.txt, sharks/HydCol/20250410_CM068768.1_ROH_Results.txt, sharks/HydCol/20250410_CM068769.1_ROH_Results.txt, sharks/HydCol/20250410_CM068770.1_ROH_Results.txt, sharks/HydCol/20250410_CM068771.1_ROH_Results.txt, sharks/HydCol/20250410_CM068772.1_ROH_Results.txt, sharks/HydCol/20250410_CM068773.1_ROH_Results.txt, sharks/HydCol/20250410_CM068774.1_ROH_Results.txt, sharks/HydCol/20250410_CM068775.1_ROH_Results.txt, sharks/HydCol/20250410_CM068776.1_ROH_Results.txt, sharks/HydCol/20250410_CM068777.1_ROH_Results.txt, sharks/HydCol/20250410_CM068778.1_ROH_Results.txt, sharks/HydCol/20250410_CM068779.1_ROH_Results.txt, sharks/HydCol/20250410_CM068780.1_ROH_Results.txt, sharks/HydCol/20250410_CM068781.1_ROH_Results.txt
    output: sharks/HydCol/MSMC/ROH_Negative_Mask/HydCol_CM068757.1_ROH_Mask.bed.gz
    jobid: 354
    reason: Missing output files: sharks/HydCol/MSMC/ROH_Negative_Mask/HydCol_CM068757.1_ROH_Mask.bed.gz
    wildcards: CLADE=sharks, SPEC_NAME=HydCol, CHROM=CM068757.1
    resources: mem_mb=10000, mem_mib=9537, disk_mb=1000, disk_mib=954, tmpdir=<TBD>, slurm_account=DURBIN-SL2-CPU, slurm_partition=cclake-himem, runtime=60

Job 354 has been submitted with SLURM jobid 10033539 (log: /rds/project/rds-p67MZilb2eQ/projects/VGP/heterozygosity/.snakemake/slurm_logs/rule_GEN_ROH_NEGATIVE_MASK/sharks_HydCol_CM068757.1/10033539.log).

[Wed May 28 16:20:43 2025]
rule GEN_ROH_NEGATIVE_MASK:
    input: sharks/HydCol/20250410_CM068742.1_ROH_Results.txt, sharks/HydCol/20250410_CM068743.1_ROH_Results.txt, sharks/HydCol/20250410_CM068744.1_ROH_Results.txt, sharks/HydCol/20250410_CM068745.1_ROH_Results.txt, sharks/HydCol/20250410_CM068746.1_ROH_Results.txt, sharks/HydCol/20250410_CM068747.1_ROH_Results.txt, sharks/HydCol/20250410_CM068748.1_ROH_Results.txt, sharks/HydCol/20250410_CM068749.1_ROH_Results.txt, sharks/HydCol/20250410_CM068750.1_ROH_Results.txt, sharks/HydCol/20250410_CM068751.1_ROH_Results.txt, sharks/HydCol/20250410_CM068752.1_ROH_Results.txt, sharks/HydCol/20250410_CM068753.1_ROH_Results.txt, sharks/HydCol/20250410_CM068754.1_ROH_Results.txt, sharks/HydCol/20250410_CM068755.1_ROH_Results.txt, sharks/HydCol/20250410_CM068756.1_ROH_Results.txt, sharks/HydCol/20250410_CM068757.1_ROH_Results.txt, sharks/HydCol/20250410_CM068758.1_ROH_Results.txt, sharks/HydCol/20250410_CM068759.1_ROH_Results.txt, sharks/HydCol/20250410_CM068760.1_ROH_Results.txt, sharks/HydCol/20250410_CM068761.1_ROH_Results.txt, sharks/HydCol/20250410_CM068762.1_ROH_Results.txt, sharks/HydCol/20250410_CM068763.1_ROH_Results.txt, sharks/HydCol/20250410_CM068764.1_ROH_Results.txt, sharks/HydCol/20250410_CM068765.1_ROH_Results.txt, sharks/HydCol/20250410_CM068766.1_ROH_Results.txt, sharks/HydCol/20250410_CM068767.1_ROH_Results.txt, sharks/HydCol/20250410_CM068768.1_ROH_Results.txt, sharks/HydCol/20250410_CM068769.1_ROH_Results.txt, sharks/HydCol/20250410_CM068770.1_ROH_Results.txt, sharks/HydCol/20250410_CM068771.1_ROH_Results.txt, sharks/HydCol/20250410_CM068772.1_ROH_Results.txt, sharks/HydCol/20250410_CM068773.1_ROH_Results.txt, sharks/HydCol/20250410_CM068774.1_ROH_Results.txt, sharks/HydCol/20250410_CM068775.1_ROH_Results.txt, sharks/HydCol/20250410_CM068776.1_ROH_Results.txt, sharks/HydCol/20250410_CM068777.1_ROH_Results.txt, sharks/HydCol/20250410_CM068778.1_ROH_Results.txt, sharks/HydCol/20250410_CM068779.1_ROH_Results.txt, sharks/HydCol/20250410_CM068780.1_ROH_Results.txt, sharks/HydCol/20250410_CM068781.1_ROH_Results.txt
    output: sharks/HydCol/MSMC/ROH_Negative_Mask/HydCol_CM068750.1_ROH_Mask.bed.gz
    jobid: 347
    reason: Missing output files: sharks/HydCol/MSMC/ROH_Negative_Mask/HydCol_CM068750.1_ROH_Mask.bed.gz
    wildcards: CLADE=sharks, SPEC_NAME=HydCol, CHROM=CM068750.1
    resources: mem_mb=10000, mem_mib=9537, disk_mb=1000, disk_mib=954, tmpdir=<TBD>, slurm_account=DURBIN-SL2-CPU, slurm_partition=cclake-himem, runtime=60

Job 347 has been submitted with SLURM jobid 10033540 (log: /rds/project/rds-p67MZilb2eQ/projects/VGP/heterozygosity/.snakemake/slurm_logs/rule_GEN_ROH_NEGATIVE_MASK/sharks_HydCol_CM068750.1/10033540.log).

[Wed May 28 16:20:43 2025]
rule GEN_ROH_NEGATIVE_MASK:
    input: sharks/HydCol/20250410_CM068742.1_ROH_Results.txt, sharks/HydCol/20250410_CM068743.1_ROH_Results.txt, sharks/HydCol/20250410_CM068744.1_ROH_Results.txt, sharks/HydCol/20250410_CM068745.1_ROH_Results.txt, sharks/HydCol/20250410_CM068746.1_ROH_Results.txt, sharks/HydCol/20250410_CM068747.1_ROH_Results.txt, sharks/HydCol/20250410_CM068748.1_ROH_Results.txt, sharks/HydCol/20250410_CM068749.1_ROH_Results.txt, sharks/HydCol/20250410_CM068750.1_ROH_Results.txt, sharks/HydCol/20250410_CM068751.1_ROH_Results.txt, sharks/HydCol/20250410_CM068752.1_ROH_Results.txt, sharks/HydCol/20250410_CM068753.1_ROH_Results.txt, sharks/HydCol/20250410_CM068754.1_ROH_Results.txt, sharks/HydCol/20250410_CM068755.1_ROH_Results.txt, sharks/HydCol/20250410_CM068756.1_ROH_Results.txt, sharks/HydCol/20250410_CM068757.1_ROH_Results.txt, sharks/HydCol/20250410_CM068758.1_ROH_Results.txt, sharks/HydCol/20250410_CM068759.1_ROH_Results.txt, sharks/HydCol/20250410_CM068760.1_ROH_Results.txt, sharks/HydCol/20250410_CM068761.1_ROH_Results.txt, sharks/HydCol/20250410_CM068762.1_ROH_Results.txt, sharks/HydCol/20250410_CM068763.1_ROH_Results.txt, sharks/HydCol/20250410_CM068764.1_ROH_Results.txt, sharks/HydCol/20250410_CM068765.1_ROH_Results.txt, sharks/HydCol/20250410_CM068766.1_ROH_Results.txt, sharks/HydCol/20250410_CM068767.1_ROH_Results.txt, sharks/HydCol/20250410_CM068768.1_ROH_Results.txt, sharks/HydCol/20250410_CM068769.1_ROH_Results.txt, sharks/HydCol/20250410_CM068770.1_ROH_Results.txt, sharks/HydCol/20250410_CM068771.1_ROH_Results.txt, sharks/HydCol/20250410_CM068772.1_ROH_Results.txt, sharks/HydCol/20250410_CM068773.1_ROH_Results.txt, sharks/HydCol/20250410_CM068774.1_ROH_Results.txt, sharks/HydCol/20250410_CM068775.1_ROH_Results.txt, sharks/HydCol/20250410_CM068776.1_ROH_Results.txt, sharks/HydCol/20250410_CM068777.1_ROH_Results.txt, sharks/HydCol/20250410_CM068778.1_ROH_Results.txt, sharks/HydCol/20250410_CM068779.1_ROH_Results.txt, sharks/HydCol/20250410_CM068780.1_ROH_Results.txt, sharks/HydCol/20250410_CM068781.1_ROH_Results.txt
    output: sharks/HydCol/MSMC/ROH_Negative_Mask/HydCol_CM068743.1_ROH_Mask.bed.gz
    jobid: 340
    reason: Missing output files: sharks/HydCol/MSMC/ROH_Negative_Mask/HydCol_CM068743.1_ROH_Mask.bed.gz
    wildcards: CLADE=sharks, SPEC_NAME=HydCol, CHROM=CM068743.1
    resources: mem_mb=10000, mem_mib=9537, disk_mb=1000, disk_mib=954, tmpdir=<TBD>, slurm_account=DURBIN-SL2-CPU, slurm_partition=cclake-himem, runtime=60

Job 340 has been submitted with SLURM jobid 10033541 (log: /rds/project/rds-p67MZilb2eQ/projects/VGP/heterozygosity/.snakemake/slurm_logs/rule_GEN_ROH_NEGATIVE_MASK/sharks_HydCol_CM068743.1/10033541.log).

[Wed May 28 16:20:45 2025]
rule GEN_ROH_NEGATIVE_MASK:
    input: sharks/HydCol/20250410_CM068742.1_ROH_Results.txt, sharks/HydCol/20250410_CM068743.1_ROH_Results.txt, sharks/HydCol/20250410_CM068744.1_ROH_Results.txt, sharks/HydCol/20250410_CM068745.1_ROH_Results.txt, sharks/HydCol/20250410_CM068746.1_ROH_Results.txt, sharks/HydCol/20250410_CM068747.1_ROH_Results.txt, sharks/HydCol/20250410_CM068748.1_ROH_Results.txt, sharks/HydCol/20250410_CM068749.1_ROH_Results.txt, sharks/HydCol/20250410_CM068750.1_ROH_Results.txt, sharks/HydCol/20250410_CM068751.1_ROH_Results.txt, sharks/HydCol/20250410_CM068752.1_ROH_Results.txt, sharks/HydCol/20250410_CM068753.1_ROH_Results.txt, sharks/HydCol/20250410_CM068754.1_ROH_Results.txt, sharks/HydCol/20250410_CM068755.1_ROH_Results.txt, sharks/HydCol/20250410_CM068756.1_ROH_Results.txt, sharks/HydCol/20250410_CM068757.1_ROH_Results.txt, sharks/HydCol/20250410_CM068758.1_ROH_Results.txt, sharks/HydCol/20250410_CM068759.1_ROH_Results.txt, sharks/HydCol/20250410_CM068760.1_ROH_Results.txt, sharks/HydCol/20250410_CM068761.1_ROH_Results.txt, sharks/HydCol/20250410_CM068762.1_ROH_Results.txt, sharks/HydCol/20250410_CM068763.1_ROH_Results.txt, sharks/HydCol/20250410_CM068764.1_ROH_Results.txt, sharks/HydCol/20250410_CM068765.1_ROH_Results.txt, sharks/HydCol/20250410_CM068766.1_ROH_Results.txt, sharks/HydCol/20250410_CM068767.1_ROH_Results.txt, sharks/HydCol/20250410_CM068768.1_ROH_Results.txt, sharks/HydCol/20250410_CM068769.1_ROH_Results.txt, sharks/HydCol/20250410_CM068770.1_ROH_Results.txt, sharks/HydCol/20250410_CM068771.1_ROH_Results.txt, sharks/HydCol/20250410_CM068772.1_ROH_Results.txt, sharks/HydCol/20250410_CM068773.1_ROH_Results.txt, sharks/HydCol/20250410_CM068774.1_ROH_Results.txt, sharks/HydCol/20250410_CM068775.1_ROH_Results.txt, sharks/HydCol/20250410_CM068776.1_ROH_Results.txt, sharks/HydCol/20250410_CM068777.1_ROH_Results.txt, sharks/HydCol/20250410_CM068778.1_ROH_Results.txt, sharks/HydCol/20250410_CM068779.1_ROH_Results.txt, sharks/HydCol/20250410_CM068780.1_ROH_Results.txt, sharks/HydCol/20250410_CM068781.1_ROH_Results.txt
    output: sharks/HydCol/MSMC/ROH_Negative_Mask/HydCol_CM068766.1_ROH_Mask.bed.gz
    jobid: 363
    reason: Missing output files: sharks/HydCol/MSMC/ROH_Negative_Mask/HydCol_CM068766.1_ROH_Mask.bed.gz
    wildcards: CLADE=sharks, SPEC_NAME=HydCol, CHROM=CM068766.1
    resources: mem_mb=10000, mem_mib=9537, disk_mb=1000, disk_mib=954, tmpdir=<TBD>, slurm_account=DURBIN-SL2-CPU, slurm_partition=cclake-himem, runtime=60

Job 363 has been submitted with SLURM jobid 10033542 (log: /rds/project/rds-p67MZilb2eQ/projects/VGP/heterozygosity/.snakemake/slurm_logs/rule_GEN_ROH_NEGATIVE_MASK/sharks_HydCol_CM068766.1/10033542.log).

[Wed May 28 16:20:45 2025]
rule GEN_ROH_NEGATIVE_MASK:
    input: sharks/HydCol/20250410_CM068742.1_ROH_Results.txt, sharks/HydCol/20250410_CM068743.1_ROH_Results.txt, sharks/HydCol/20250410_CM068744.1_ROH_Results.txt, sharks/HydCol/20250410_CM068745.1_ROH_Results.txt, sharks/HydCol/20250410_CM068746.1_ROH_Results.txt, sharks/HydCol/20250410_CM068747.1_ROH_Results.txt, sharks/HydCol/20250410_CM068748.1_ROH_Results.txt, sharks/HydCol/20250410_CM068749.1_ROH_Results.txt, sharks/HydCol/20250410_CM068750.1_ROH_Results.txt, sharks/HydCol/20250410_CM068751.1_ROH_Results.txt, sharks/HydCol/20250410_CM068752.1_ROH_Results.txt, sharks/HydCol/20250410_CM068753.1_ROH_Results.txt, sharks/HydCol/20250410_CM068754.1_ROH_Results.txt, sharks/HydCol/20250410_CM068755.1_ROH_Results.txt, sharks/HydCol/20250410_CM068756.1_ROH_Results.txt, sharks/HydCol/20250410_CM068757.1_ROH_Results.txt, sharks/HydCol/20250410_CM068758.1_ROH_Results.txt, sharks/HydCol/20250410_CM068759.1_ROH_Results.txt, sharks/HydCol/20250410_CM068760.1_ROH_Results.txt, sharks/HydCol/20250410_CM068761.1_ROH_Results.txt, sharks/HydCol/20250410_CM068762.1_ROH_Results.txt, sharks/HydCol/20250410_CM068763.1_ROH_Results.txt, sharks/HydCol/20250410_CM068764.1_ROH_Results.txt, sharks/HydCol/20250410_CM068765.1_ROH_Results.txt, sharks/HydCol/20250410_CM068766.1_ROH_Results.txt, sharks/HydCol/20250410_CM068767.1_ROH_Results.txt, sharks/HydCol/20250410_CM068768.1_ROH_Results.txt, sharks/HydCol/20250410_CM068769.1_ROH_Results.txt, sharks/HydCol/20250410_CM068770.1_ROH_Results.txt, sharks/HydCol/20250410_CM068771.1_ROH_Results.txt, sharks/HydCol/20250410_CM068772.1_ROH_Results.txt, sharks/HydCol/20250410_CM068773.1_ROH_Results.txt, sharks/HydCol/20250410_CM068774.1_ROH_Results.txt, sharks/HydCol/20250410_CM068775.1_ROH_Results.txt, sharks/HydCol/20250410_CM068776.1_ROH_Results.txt, sharks/HydCol/20250410_CM068777.1_ROH_Results.txt, sharks/HydCol/20250410_CM068778.1_ROH_Results.txt, sharks/HydCol/20250410_CM068779.1_ROH_Results.txt, sharks/HydCol/20250410_CM068780.1_ROH_Results.txt, sharks/HydCol/20250410_CM068781.1_ROH_Results.txt
    output: sharks/HydCol/MSMC/ROH_Negative_Mask/HydCol_CM068759.1_ROH_Mask.bed.gz
    jobid: 356
    reason: Missing output files: sharks/HydCol/MSMC/ROH_Negative_Mask/HydCol_CM068759.1_ROH_Mask.bed.gz
    wildcards: CLADE=sharks, SPEC_NAME=HydCol, CHROM=CM068759.1
    resources: mem_mb=10000, mem_mib=9537, disk_mb=1000, disk_mib=954, tmpdir=<TBD>, slurm_account=DURBIN-SL2-CPU, slurm_partition=cclake-himem, runtime=60

Job 356 has been submitted with SLURM jobid 10033543 (log: /rds/project/rds-p67MZilb2eQ/projects/VGP/heterozygosity/.snakemake/slurm_logs/rule_GEN_ROH_NEGATIVE_MASK/sharks_HydCol_CM068759.1/10033543.log).

[Wed May 28 16:20:46 2025]
rule GEN_ROH_NEGATIVE_MASK:
    input: sharks/HydCol/20250410_CM068742.1_ROH_Results.txt, sharks/HydCol/20250410_CM068743.1_ROH_Results.txt, sharks/HydCol/20250410_CM068744.1_ROH_Results.txt, sharks/HydCol/20250410_CM068745.1_ROH_Results.txt, sharks/HydCol/20250410_CM068746.1_ROH_Results.txt, sharks/HydCol/20250410_CM068747.1_ROH_Results.txt, sharks/HydCol/20250410_CM068748.1_ROH_Results.txt, sharks/HydCol/20250410_CM068749.1_ROH_Results.txt, sharks/HydCol/20250410_CM068750.1_ROH_Results.txt, sharks/HydCol/20250410_CM068751.1_ROH_Results.txt, sharks/HydCol/20250410_CM068752.1_ROH_Results.txt, sharks/HydCol/20250410_CM068753.1_ROH_Results.txt, sharks/HydCol/20250410_CM068754.1_ROH_Results.txt, sharks/HydCol/20250410_CM068755.1_ROH_Results.txt, sharks/HydCol/20250410_CM068756.1_ROH_Results.txt, sharks/HydCol/20250410_CM068757.1_ROH_Results.txt, sharks/HydCol/20250410_CM068758.1_ROH_Results.txt, sharks/HydCol/20250410_CM068759.1_ROH_Results.txt, sharks/HydCol/20250410_CM068760.1_ROH_Results.txt, sharks/HydCol/20250410_CM068761.1_ROH_Results.txt, sharks/HydCol/20250410_CM068762.1_ROH_Results.txt, sharks/HydCol/20250410_CM068763.1_ROH_Results.txt, sharks/HydCol/20250410_CM068764.1_ROH_Results.txt, sharks/HydCol/20250410_CM068765.1_ROH_Results.txt, sharks/HydCol/20250410_CM068766.1_ROH_Results.txt, sharks/HydCol/20250410_CM068767.1_ROH_Results.txt, sharks/HydCol/20250410_CM068768.1_ROH_Results.txt, sharks/HydCol/20250410_CM068769.1_ROH_Results.txt, sharks/HydCol/20250410_CM068770.1_ROH_Results.txt, sharks/HydCol/20250410_CM068771.1_ROH_Results.txt, sharks/HydCol/20250410_CM068772.1_ROH_Results.txt, sharks/HydCol/20250410_CM068773.1_ROH_Results.txt, sharks/HydCol/20250410_CM068774.1_ROH_Results.txt, sharks/HydCol/20250410_CM068775.1_ROH_Results.txt, sharks/HydCol/20250410_CM068776.1_ROH_Results.txt, sharks/HydCol/20250410_CM068777.1_ROH_Results.txt, sharks/HydCol/20250410_CM068778.1_ROH_Results.txt, sharks/HydCol/20250410_CM068779.1_ROH_Results.txt, sharks/HydCol/20250410_CM068780.1_ROH_Results.txt, sharks/HydCol/20250410_CM068781.1_ROH_Results.txt
    output: sharks/HydCol/MSMC/ROH_Negative_Mask/HydCol_CM068752.1_ROH_Mask.bed.gz
    jobid: 349
    reason: Missing output files: sharks/HydCol/MSMC/ROH_Negative_Mask/HydCol_CM068752.1_ROH_Mask.bed.gz
    wildcards: CLADE=sharks, SPEC_NAME=HydCol, CHROM=CM068752.1
    resources: mem_mb=10000, mem_mib=9537, disk_mb=1000, disk_mib=954, tmpdir=<TBD>, slurm_account=DURBIN-SL2-CPU, slurm_partition=cclake-himem, runtime=60

Job 349 has been submitted with SLURM jobid 10033544 (log: /rds/project/rds-p67MZilb2eQ/projects/VGP/heterozygosity/.snakemake/slurm_logs/rule_GEN_ROH_NEGATIVE_MASK/sharks_HydCol_CM068752.1/10033544.log).

[Wed May 28 16:20:48 2025]
rule GEN_ROH_NEGATIVE_MASK:
    input: sharks/HydCol/20250410_CM068742.1_ROH_Results.txt, sharks/HydCol/20250410_CM068743.1_ROH_Results.txt, sharks/HydCol/20250410_CM068744.1_ROH_Results.txt, sharks/HydCol/20250410_CM068745.1_ROH_Results.txt, sharks/HydCol/20250410_CM068746.1_ROH_Results.txt, sharks/HydCol/20250410_CM068747.1_ROH_Results.txt, sharks/HydCol/20250410_CM068748.1_ROH_Results.txt, sharks/HydCol/20250410_CM068749.1_ROH_Results.txt, sharks/HydCol/20250410_CM068750.1_ROH_Results.txt, sharks/HydCol/20250410_CM068751.1_ROH_Results.txt, sharks/HydCol/20250410_CM068752.1_ROH_Results.txt, sharks/HydCol/20250410_CM068753.1_ROH_Results.txt, sharks/HydCol/20250410_CM068754.1_ROH_Results.txt, sharks/HydCol/20250410_CM068755.1_ROH_Results.txt, sharks/HydCol/20250410_CM068756.1_ROH_Results.txt, sharks/HydCol/20250410_CM068757.1_ROH_Results.txt, sharks/HydCol/20250410_CM068758.1_ROH_Results.txt, sharks/HydCol/20250410_CM068759.1_ROH_Results.txt, sharks/HydCol/20250410_CM068760.1_ROH_Results.txt, sharks/HydCol/20250410_CM068761.1_ROH_Results.txt, sharks/HydCol/20250410_CM068762.1_ROH_Results.txt, sharks/HydCol/20250410_CM068763.1_ROH_Results.txt, sharks/HydCol/20250410_CM068764.1_ROH_Results.txt, sharks/HydCol/20250410_CM068765.1_ROH_Results.txt, sharks/HydCol/20250410_CM068766.1_ROH_Results.txt, sharks/HydCol/20250410_CM068767.1_ROH_Results.txt, sharks/HydCol/20250410_CM068768.1_ROH_Results.txt, sharks/HydCol/20250410_CM068769.1_ROH_Results.txt, sharks/HydCol/20250410_CM068770.1_ROH_Results.txt, sharks/HydCol/20250410_CM068771.1_ROH_Results.txt, sharks/HydCol/20250410_CM068772.1_ROH_Results.txt, sharks/HydCol/20250410_CM068773.1_ROH_Results.txt, sharks/HydCol/20250410_CM068774.1_ROH_Results.txt, sharks/HydCol/20250410_CM068775.1_ROH_Results.txt, sharks/HydCol/20250410_CM068776.1_ROH_Results.txt, sharks/HydCol/20250410_CM068777.1_ROH_Results.txt, sharks/HydCol/20250410_CM068778.1_ROH_Results.txt, sharks/HydCol/20250410_CM068779.1_ROH_Results.txt, sharks/HydCol/20250410_CM068780.1_ROH_Results.txt, sharks/HydCol/20250410_CM068781.1_ROH_Results.txt
    output: sharks/HydCol/MSMC/ROH_Negative_Mask/HydCol_CM068745.1_ROH_Mask.bed.gz
    jobid: 342
    reason: Missing output files: sharks/HydCol/MSMC/ROH_Negative_Mask/HydCol_CM068745.1_ROH_Mask.bed.gz
    wildcards: CLADE=sharks, SPEC_NAME=HydCol, CHROM=CM068745.1
    resources: mem_mb=10000, mem_mib=9537, disk_mb=1000, disk_mib=954, tmpdir=<TBD>, slurm_account=DURBIN-SL2-CPU, slurm_partition=cclake-himem, runtime=60

Job 342 has been submitted with SLURM jobid 10033545 (log: /rds/project/rds-p67MZilb2eQ/projects/VGP/heterozygosity/.snakemake/slurm_logs/rule_GEN_ROH_NEGATIVE_MASK/sharks_HydCol_CM068745.1/10033545.log).

[Wed May 28 16:20:48 2025]
rule GEN_ROH_NEGATIVE_MASK:
    input: sharks/HydCol/20250410_CM068742.1_ROH_Results.txt, sharks/HydCol/20250410_CM068743.1_ROH_Results.txt, sharks/HydCol/20250410_CM068744.1_ROH_Results.txt, sharks/HydCol/20250410_CM068745.1_ROH_Results.txt, sharks/HydCol/20250410_CM068746.1_ROH_Results.txt, sharks/HydCol/20250410_CM068747.1_ROH_Results.txt, sharks/HydCol/20250410_CM068748.1_ROH_Results.txt, sharks/HydCol/20250410_CM068749.1_ROH_Results.txt, sharks/HydCol/20250410_CM068750.1_ROH_Results.txt, sharks/HydCol/20250410_CM068751.1_ROH_Results.txt, sharks/HydCol/20250410_CM068752.1_ROH_Results.txt, sharks/HydCol/20250410_CM068753.1_ROH_Results.txt, sharks/HydCol/20250410_CM068754.1_ROH_Results.txt, sharks/HydCol/20250410_CM068755.1_ROH_Results.txt, sharks/HydCol/20250410_CM068756.1_ROH_Results.txt, sharks/HydCol/20250410_CM068757.1_ROH_Results.txt, sharks/HydCol/20250410_CM068758.1_ROH_Results.txt, sharks/HydCol/20250410_CM068759.1_ROH_Results.txt, sharks/HydCol/20250410_CM068760.1_ROH_Results.txt, sharks/HydCol/20250410_CM068761.1_ROH_Results.txt, sharks/HydCol/20250410_CM068762.1_ROH_Results.txt, sharks/HydCol/20250410_CM068763.1_ROH_Results.txt, sharks/HydCol/20250410_CM068764.1_ROH_Results.txt, sharks/HydCol/20250410_CM068765.1_ROH_Results.txt, sharks/HydCol/20250410_CM068766.1_ROH_Results.txt, sharks/HydCol/20250410_CM068767.1_ROH_Results.txt, sharks/HydCol/20250410_CM068768.1_ROH_Results.txt, sharks/HydCol/20250410_CM068769.1_ROH_Results.txt, sharks/HydCol/20250410_CM068770.1_ROH_Results.txt, sharks/HydCol/20250410_CM068771.1_ROH_Results.txt, sharks/HydCol/20250410_CM068772.1_ROH_Results.txt, sharks/HydCol/20250410_CM068773.1_ROH_Results.txt, sharks/HydCol/20250410_CM068774.1_ROH_Results.txt, sharks/HydCol/20250410_CM068775.1_ROH_Results.txt, sharks/HydCol/20250410_CM068776.1_ROH_Results.txt, sharks/HydCol/20250410_CM068777.1_ROH_Results.txt, sharks/HydCol/20250410_CM068778.1_ROH_Results.txt, sharks/HydCol/20250410_CM068779.1_ROH_Results.txt, sharks/HydCol/20250410_CM068780.1_ROH_Results.txt, sharks/HydCol/20250410_CM068781.1_ROH_Results.txt
    output: sharks/HydCol/MSMC/ROH_Negative_Mask/HydCol_CM068781.1_ROH_Mask.bed.gz
    jobid: 378
    reason: Missing output files: sharks/HydCol/MSMC/ROH_Negative_Mask/HydCol_CM068781.1_ROH_Mask.bed.gz
    wildcards: CLADE=sharks, SPEC_NAME=HydCol, CHROM=CM068781.1
    resources: mem_mb=10000, mem_mib=9537, disk_mb=1000, disk_mib=954, tmpdir=<TBD>, slurm_account=DURBIN-SL2-CPU, slurm_partition=cclake-himem, runtime=60

Job 378 has been submitted with SLURM jobid 10033546 (log: /rds/project/rds-p67MZilb2eQ/projects/VGP/heterozygosity/.snakemake/slurm_logs/rule_GEN_ROH_NEGATIVE_MASK/sharks_HydCol_CM068781.1/10033546.log).

[Wed May 28 16:20:48 2025]
rule GEN_ROH_NEGATIVE_MASK:
    input: sharks/HydCol/20250410_CM068742.1_ROH_Results.txt, sharks/HydCol/20250410_CM068743.1_ROH_Results.txt, sharks/HydCol/20250410_CM068744.1_ROH_Results.txt, sharks/HydCol/20250410_CM068745.1_ROH_Results.txt, sharks/HydCol/20250410_CM068746.1_ROH_Results.txt, sharks/HydCol/20250410_CM068747.1_ROH_Results.txt, sharks/HydCol/20250410_CM068748.1_ROH_Results.txt, sharks/HydCol/20250410_CM068749.1_ROH_Results.txt, sharks/HydCol/20250410_CM068750.1_ROH_Results.txt, sharks/HydCol/20250410_CM068751.1_ROH_Results.txt, sharks/HydCol/20250410_CM068752.1_ROH_Results.txt, sharks/HydCol/20250410_CM068753.1_ROH_Results.txt, sharks/HydCol/20250410_CM068754.1_ROH_Results.txt, sharks/HydCol/20250410_CM068755.1_ROH_Results.txt, sharks/HydCol/20250410_CM068756.1_ROH_Results.txt, sharks/HydCol/20250410_CM068757.1_ROH_Results.txt, sharks/HydCol/20250410_CM068758.1_ROH_Results.txt, sharks/HydCol/20250410_CM068759.1_ROH_Results.txt, sharks/HydCol/20250410_CM068760.1_ROH_Results.txt, sharks/HydCol/20250410_CM068761.1_ROH_Results.txt, sharks/HydCol/20250410_CM068762.1_ROH_Results.txt, sharks/HydCol/20250410_CM068763.1_ROH_Results.txt, sharks/HydCol/20250410_CM068764.1_ROH_Results.txt, sharks/HydCol/20250410_CM068765.1_ROH_Results.txt, sharks/HydCol/20250410_CM068766.1_ROH_Results.txt, sharks/HydCol/20250410_CM068767.1_ROH_Results.txt, sharks/HydCol/20250410_CM068768.1_ROH_Results.txt, sharks/HydCol/20250410_CM068769.1_ROH_Results.txt, sharks/HydCol/20250410_CM068770.1_ROH_Results.txt, sharks/HydCol/20250410_CM068771.1_ROH_Results.txt, sharks/HydCol/20250410_CM068772.1_ROH_Results.txt, sharks/HydCol/20250410_CM068773.1_ROH_Results.txt, sharks/HydCol/20250410_CM068774.1_ROH_Results.txt, sharks/HydCol/20250410_CM068775.1_ROH_Results.txt, sharks/HydCol/20250410_CM068776.1_ROH_Results.txt, sharks/HydCol/20250410_CM068777.1_ROH_Results.txt, sharks/HydCol/20250410_CM068778.1_ROH_Results.txt, sharks/HydCol/20250410_CM068779.1_ROH_Results.txt, sharks/HydCol/20250410_CM068780.1_ROH_Results.txt, sharks/HydCol/20250410_CM068781.1_ROH_Results.txt
    output: sharks/HydCol/MSMC/ROH_Negative_Mask/HydCol_CM068774.1_ROH_Mask.bed.gz
    jobid: 371
    reason: Missing output files: sharks/HydCol/MSMC/ROH_Negative_Mask/HydCol_CM068774.1_ROH_Mask.bed.gz
    wildcards: CLADE=sharks, SPEC_NAME=HydCol, CHROM=CM068774.1
    resources: mem_mb=10000, mem_mib=9537, disk_mb=1000, disk_mib=954, tmpdir=<TBD>, slurm_account=DURBIN-SL2-CPU, slurm_partition=cclake-himem, runtime=60

Job 371 has been submitted with SLURM jobid 10033547 (log: /rds/project/rds-p67MZilb2eQ/projects/VGP/heterozygosity/.snakemake/slurm_logs/rule_GEN_ROH_NEGATIVE_MASK/sharks_HydCol_CM068774.1/10033547.log).

[Wed May 28 16:20:51 2025]
rule GEN_ROH_NEGATIVE_MASK:
    input: sharks/HydCol/20250410_CM068742.1_ROH_Results.txt, sharks/HydCol/20250410_CM068743.1_ROH_Results.txt, sharks/HydCol/20250410_CM068744.1_ROH_Results.txt, sharks/HydCol/20250410_CM068745.1_ROH_Results.txt, sharks/HydCol/20250410_CM068746.1_ROH_Results.txt, sharks/HydCol/20250410_CM068747.1_ROH_Results.txt, sharks/HydCol/20250410_CM068748.1_ROH_Results.txt, sharks/HydCol/20250410_CM068749.1_ROH_Results.txt, sharks/HydCol/20250410_CM068750.1_ROH_Results.txt, sharks/HydCol/20250410_CM068751.1_ROH_Results.txt, sharks/HydCol/20250410_CM068752.1_ROH_Results.txt, sharks/HydCol/20250410_CM068753.1_ROH_Results.txt, sharks/HydCol/20250410_CM068754.1_ROH_Results.txt, sharks/HydCol/20250410_CM068755.1_ROH_Results.txt, sharks/HydCol/20250410_CM068756.1_ROH_Results.txt, sharks/HydCol/20250410_CM068757.1_ROH_Results.txt, sharks/HydCol/20250410_CM068758.1_ROH_Results.txt, sharks/HydCol/20250410_CM068759.1_ROH_Results.txt, sharks/HydCol/20250410_CM068760.1_ROH_Results.txt, sharks/HydCol/20250410_CM068761.1_ROH_Results.txt, sharks/HydCol/20250410_CM068762.1_ROH_Results.txt, sharks/HydCol/20250410_CM068763.1_ROH_Results.txt, sharks/HydCol/20250410_CM068764.1_ROH_Results.txt, sharks/HydCol/20250410_CM068765.1_ROH_Results.txt, sharks/HydCol/20250410_CM068766.1_ROH_Results.txt, sharks/HydCol/20250410_CM068767.1_ROH_Results.txt, sharks/HydCol/20250410_CM068768.1_ROH_Results.txt, sharks/HydCol/20250410_CM068769.1_ROH_Results.txt, sharks/HydCol/20250410_CM068770.1_ROH_Results.txt, sharks/HydCol/20250410_CM068771.1_ROH_Results.txt, sharks/HydCol/20250410_CM068772.1_ROH_Results.txt, sharks/HydCol/20250410_CM068773.1_ROH_Results.txt, sharks/HydCol/20250410_CM068774.1_ROH_Results.txt, sharks/HydCol/20250410_CM068775.1_ROH_Results.txt, sharks/HydCol/20250410_CM068776.1_ROH_Results.txt, sharks/HydCol/20250410_CM068777.1_ROH_Results.txt, sharks/HydCol/20250410_CM068778.1_ROH_Results.txt, sharks/HydCol/20250410_CM068779.1_ROH_Results.txt, sharks/HydCol/20250410_CM068780.1_ROH_Results.txt, sharks/HydCol/20250410_CM068781.1_ROH_Results.txt
    output: sharks/HydCol/MSMC/ROH_Negative_Mask/HydCol_CM068767.1_ROH_Mask.bed.gz
    jobid: 364
    reason: Missing output files: sharks/HydCol/MSMC/ROH_Negative_Mask/HydCol_CM068767.1_ROH_Mask.bed.gz
    wildcards: CLADE=sharks, SPEC_NAME=HydCol, CHROM=CM068767.1
    resources: mem_mb=10000, mem_mib=9537, disk_mb=1000, disk_mib=954, tmpdir=<TBD>, slurm_account=DURBIN-SL2-CPU, slurm_partition=cclake-himem, runtime=60

Job 364 has been submitted with SLURM jobid 10033548 (log: /rds/project/rds-p67MZilb2eQ/projects/VGP/heterozygosity/.snakemake/slurm_logs/rule_GEN_ROH_NEGATIVE_MASK/sharks_HydCol_CM068767.1/10033548.log).

[Wed May 28 16:20:51 2025]
rule GEN_ROH_NEGATIVE_MASK:
    input: sharks/HydCol/20250410_CM068742.1_ROH_Results.txt, sharks/HydCol/20250410_CM068743.1_ROH_Results.txt, sharks/HydCol/20250410_CM068744.1_ROH_Results.txt, sharks/HydCol/20250410_CM068745.1_ROH_Results.txt, sharks/HydCol/20250410_CM068746.1_ROH_Results.txt, sharks/HydCol/20250410_CM068747.1_ROH_Results.txt, sharks/HydCol/20250410_CM068748.1_ROH_Results.txt, sharks/HydCol/20250410_CM068749.1_ROH_Results.txt, sharks/HydCol/20250410_CM068750.1_ROH_Results.txt, sharks/HydCol/20250410_CM068751.1_ROH_Results.txt, sharks/HydCol/20250410_CM068752.1_ROH_Results.txt, sharks/HydCol/20250410_CM068753.1_ROH_Results.txt, sharks/HydCol/20250410_CM068754.1_ROH_Results.txt, sharks/HydCol/20250410_CM068755.1_ROH_Results.txt, sharks/HydCol/20250410_CM068756.1_ROH_Results.txt, sharks/HydCol/20250410_CM068757.1_ROH_Results.txt, sharks/HydCol/20250410_CM068758.1_ROH_Results.txt, sharks/HydCol/20250410_CM068759.1_ROH_Results.txt, sharks/HydCol/20250410_CM068760.1_ROH_Results.txt, sharks/HydCol/20250410_CM068761.1_ROH_Results.txt, sharks/HydCol/20250410_CM068762.1_ROH_Results.txt, sharks/HydCol/20250410_CM068763.1_ROH_Results.txt, sharks/HydCol/20250410_CM068764.1_ROH_Results.txt, sharks/HydCol/20250410_CM068765.1_ROH_Results.txt, sharks/HydCol/20250410_CM068766.1_ROH_Results.txt, sharks/HydCol/20250410_CM068767.1_ROH_Results.txt, sharks/HydCol/20250410_CM068768.1_ROH_Results.txt, sharks/HydCol/20250410_CM068769.1_ROH_Results.txt, sharks/HydCol/20250410_CM068770.1_ROH_Results.txt, sharks/HydCol/20250410_CM068771.1_ROH_Results.txt, sharks/HydCol/20250410_CM068772.1_ROH_Results.txt, sharks/HydCol/20250410_CM068773.1_ROH_Results.txt, sharks/HydCol/20250410_CM068774.1_ROH_Results.txt, sharks/HydCol/20250410_CM068775.1_ROH_Results.txt, sharks/HydCol/20250410_CM068776.1_ROH_Results.txt, sharks/HydCol/20250410_CM068777.1_ROH_Results.txt, sharks/HydCol/20250410_CM068778.1_ROH_Results.txt, sharks/HydCol/20250410_CM068779.1_ROH_Results.txt, sharks/HydCol/20250410_CM068780.1_ROH_Results.txt, sharks/HydCol/20250410_CM068781.1_ROH_Results.txt
    output: sharks/HydCol/MSMC/ROH_Negative_Mask/HydCol_CM068760.1_ROH_Mask.bed.gz
    jobid: 357
    reason: Missing output files: sharks/HydCol/MSMC/ROH_Negative_Mask/HydCol_CM068760.1_ROH_Mask.bed.gz
    wildcards: CLADE=sharks, SPEC_NAME=HydCol, CHROM=CM068760.1
    resources: mem_mb=10000, mem_mib=9537, disk_mb=1000, disk_mib=954, tmpdir=<TBD>, slurm_account=DURBIN-SL2-CPU, slurm_partition=cclake-himem, runtime=60

Job 357 has been submitted with SLURM jobid 10033549 (log: /rds/project/rds-p67MZilb2eQ/projects/VGP/heterozygosity/.snakemake/slurm_logs/rule_GEN_ROH_NEGATIVE_MASK/sharks_HydCol_CM068760.1/10033549.log).

[Wed May 28 16:20:51 2025]
rule GEN_ROH_NEGATIVE_MASK:
    input: sharks/HydCol/20250410_CM068742.1_ROH_Results.txt, sharks/HydCol/20250410_CM068743.1_ROH_Results.txt, sharks/HydCol/20250410_CM068744.1_ROH_Results.txt, sharks/HydCol/20250410_CM068745.1_ROH_Results.txt, sharks/HydCol/20250410_CM068746.1_ROH_Results.txt, sharks/HydCol/20250410_CM068747.1_ROH_Results.txt, sharks/HydCol/20250410_CM068748.1_ROH_Results.txt, sharks/HydCol/20250410_CM068749.1_ROH_Results.txt, sharks/HydCol/20250410_CM068750.1_ROH_Results.txt, sharks/HydCol/20250410_CM068751.1_ROH_Results.txt, sharks/HydCol/20250410_CM068752.1_ROH_Results.txt, sharks/HydCol/20250410_CM068753.1_ROH_Results.txt, sharks/HydCol/20250410_CM068754.1_ROH_Results.txt, sharks/HydCol/20250410_CM068755.1_ROH_Results.txt, sharks/HydCol/20250410_CM068756.1_ROH_Results.txt, sharks/HydCol/20250410_CM068757.1_ROH_Results.txt, sharks/HydCol/20250410_CM068758.1_ROH_Results.txt, sharks/HydCol/20250410_CM068759.1_ROH_Results.txt, sharks/HydCol/20250410_CM068760.1_ROH_Results.txt, sharks/HydCol/20250410_CM068761.1_ROH_Results.txt, sharks/HydCol/20250410_CM068762.1_ROH_Results.txt, sharks/HydCol/20250410_CM068763.1_ROH_Results.txt, sharks/HydCol/20250410_CM068764.1_ROH_Results.txt, sharks/HydCol/20250410_CM068765.1_ROH_Results.txt, sharks/HydCol/20250410_CM068766.1_ROH_Results.txt, sharks/HydCol/20250410_CM068767.1_ROH_Results.txt, sharks/HydCol/20250410_CM068768.1_ROH_Results.txt, sharks/HydCol/20250410_CM068769.1_ROH_Results.txt, sharks/HydCol/20250410_CM068770.1_ROH_Results.txt, sharks/HydCol/20250410_CM068771.1_ROH_Results.txt, sharks/HydCol/20250410_CM068772.1_ROH_Results.txt, sharks/HydCol/20250410_CM068773.1_ROH_Results.txt, sharks/HydCol/20250410_CM068774.1_ROH_Results.txt, sharks/HydCol/20250410_CM068775.1_ROH_Results.txt, sharks/HydCol/20250410_CM068776.1_ROH_Results.txt, sharks/HydCol/20250410_CM068777.1_ROH_Results.txt, sharks/HydCol/20250410_CM068778.1_ROH_Results.txt, sharks/HydCol/20250410_CM068779.1_ROH_Results.txt, sharks/HydCol/20250410_CM068780.1_ROH_Results.txt, sharks/HydCol/20250410_CM068781.1_ROH_Results.txt
    output: sharks/HydCol/MSMC/ROH_Negative_Mask/HydCol_CM068753.1_ROH_Mask.bed.gz
    jobid: 350
    reason: Missing output files: sharks/HydCol/MSMC/ROH_Negative_Mask/HydCol_CM068753.1_ROH_Mask.bed.gz
    wildcards: CLADE=sharks, SPEC_NAME=HydCol, CHROM=CM068753.1
    resources: mem_mb=10000, mem_mib=9537, disk_mb=1000, disk_mib=954, tmpdir=<TBD>, slurm_account=DURBIN-SL2-CPU, slurm_partition=cclake-himem, runtime=60

Job 350 has been submitted with SLURM jobid 10033550 (log: /rds/project/rds-p67MZilb2eQ/projects/VGP/heterozygosity/.snakemake/slurm_logs/rule_GEN_ROH_NEGATIVE_MASK/sharks_HydCol_CM068753.1/10033550.log).

[Wed May 28 16:20:54 2025]
rule GEN_ROH_NEGATIVE_MASK:
    input: sharks/HydCol/20250410_CM068742.1_ROH_Results.txt, sharks/HydCol/20250410_CM068743.1_ROH_Results.txt, sharks/HydCol/20250410_CM068744.1_ROH_Results.txt, sharks/HydCol/20250410_CM068745.1_ROH_Results.txt, sharks/HydCol/20250410_CM068746.1_ROH_Results.txt, sharks/HydCol/20250410_CM068747.1_ROH_Results.txt, sharks/HydCol/20250410_CM068748.1_ROH_Results.txt, sharks/HydCol/20250410_CM068749.1_ROH_Results.txt, sharks/HydCol/20250410_CM068750.1_ROH_Results.txt, sharks/HydCol/20250410_CM068751.1_ROH_Results.txt, sharks/HydCol/20250410_CM068752.1_ROH_Results.txt, sharks/HydCol/20250410_CM068753.1_ROH_Results.txt, sharks/HydCol/20250410_CM068754.1_ROH_Results.txt, sharks/HydCol/20250410_CM068755.1_ROH_Results.txt, sharks/HydCol/20250410_CM068756.1_ROH_Results.txt, sharks/HydCol/20250410_CM068757.1_ROH_Results.txt, sharks/HydCol/20250410_CM068758.1_ROH_Results.txt, sharks/HydCol/20250410_CM068759.1_ROH_Results.txt, sharks/HydCol/20250410_CM068760.1_ROH_Results.txt, sharks/HydCol/20250410_CM068761.1_ROH_Results.txt, sharks/HydCol/20250410_CM068762.1_ROH_Results.txt, sharks/HydCol/20250410_CM068763.1_ROH_Results.txt, sharks/HydCol/20250410_CM068764.1_ROH_Results.txt, sharks/HydCol/20250410_CM068765.1_ROH_Results.txt, sharks/HydCol/20250410_CM068766.1_ROH_Results.txt, sharks/HydCol/20250410_CM068767.1_ROH_Results.txt, sharks/HydCol/20250410_CM068768.1_ROH_Results.txt, sharks/HydCol/20250410_CM068769.1_ROH_Results.txt, sharks/HydCol/20250410_CM068770.1_ROH_Results.txt, sharks/HydCol/20250410_CM068771.1_ROH_Results.txt, sharks/HydCol/20250410_CM068772.1_ROH_Results.txt, sharks/HydCol/20250410_CM068773.1_ROH_Results.txt, sharks/HydCol/20250410_CM068774.1_ROH_Results.txt, sharks/HydCol/20250410_CM068775.1_ROH_Results.txt, sharks/HydCol/20250410_CM068776.1_ROH_Results.txt, sharks/HydCol/20250410_CM068777.1_ROH_Results.txt, sharks/HydCol/20250410_CM068778.1_ROH_Results.txt, sharks/HydCol/20250410_CM068779.1_ROH_Results.txt, sharks/HydCol/20250410_CM068780.1_ROH_Results.txt, sharks/HydCol/20250410_CM068781.1_ROH_Results.txt
    output: sharks/HydCol/MSMC/ROH_Negative_Mask/HydCol_CM068746.1_ROH_Mask.bed.gz
    jobid: 343
    reason: Missing output files: sharks/HydCol/MSMC/ROH_Negative_Mask/HydCol_CM068746.1_ROH_Mask.bed.gz
    wildcards: CLADE=sharks, SPEC_NAME=HydCol, CHROM=CM068746.1
    resources: mem_mb=10000, mem_mib=9537, disk_mb=1000, disk_mib=954, tmpdir=<TBD>, slurm_account=DURBIN-SL2-CPU, slurm_partition=cclake-himem, runtime=60

Job 343 has been submitted with SLURM jobid 10033552 (log: /rds/project/rds-p67MZilb2eQ/projects/VGP/heterozygosity/.snakemake/slurm_logs/rule_GEN_ROH_NEGATIVE_MASK/sharks_HydCol_CM068746.1/10033552.log).

[Wed May 28 16:20:54 2025]
rule GEN_ROH_NEGATIVE_MASK:
    input: sharks/HydCol/20250410_CM068742.1_ROH_Results.txt, sharks/HydCol/20250410_CM068743.1_ROH_Results.txt, sharks/HydCol/20250410_CM068744.1_ROH_Results.txt, sharks/HydCol/20250410_CM068745.1_ROH_Results.txt, sharks/HydCol/20250410_CM068746.1_ROH_Results.txt, sharks/HydCol/20250410_CM068747.1_ROH_Results.txt, sharks/HydCol/20250410_CM068748.1_ROH_Results.txt, sharks/HydCol/20250410_CM068749.1_ROH_Results.txt, sharks/HydCol/20250410_CM068750.1_ROH_Results.txt, sharks/HydCol/20250410_CM068751.1_ROH_Results.txt, sharks/HydCol/20250410_CM068752.1_ROH_Results.txt, sharks/HydCol/20250410_CM068753.1_ROH_Results.txt, sharks/HydCol/20250410_CM068754.1_ROH_Results.txt, sharks/HydCol/20250410_CM068755.1_ROH_Results.txt, sharks/HydCol/20250410_CM068756.1_ROH_Results.txt, sharks/HydCol/20250410_CM068757.1_ROH_Results.txt, sharks/HydCol/20250410_CM068758.1_ROH_Results.txt, sharks/HydCol/20250410_CM068759.1_ROH_Results.txt, sharks/HydCol/20250410_CM068760.1_ROH_Results.txt, sharks/HydCol/20250410_CM068761.1_ROH_Results.txt, sharks/HydCol/20250410_CM068762.1_ROH_Results.txt, sharks/HydCol/20250410_CM068763.1_ROH_Results.txt, sharks/HydCol/20250410_CM068764.1_ROH_Results.txt, sharks/HydCol/20250410_CM068765.1_ROH_Results.txt, sharks/HydCol/20250410_CM068766.1_ROH_Results.txt, sharks/HydCol/20250410_CM068767.1_ROH_Results.txt, sharks/HydCol/20250410_CM068768.1_ROH_Results.txt, sharks/HydCol/20250410_CM068769.1_ROH_Results.txt, sharks/HydCol/20250410_CM068770.1_ROH_Results.txt, sharks/HydCol/20250410_CM068771.1_ROH_Results.txt, sharks/HydCol/20250410_CM068772.1_ROH_Results.txt, sharks/HydCol/20250410_CM068773.1_ROH_Results.txt, sharks/HydCol/20250410_CM068774.1_ROH_Results.txt, sharks/HydCol/20250410_CM068775.1_ROH_Results.txt, sharks/HydCol/20250410_CM068776.1_ROH_Results.txt, sharks/HydCol/20250410_CM068777.1_ROH_Results.txt, sharks/HydCol/20250410_CM068778.1_ROH_Results.txt, sharks/HydCol/20250410_CM068779.1_ROH_Results.txt, sharks/HydCol/20250410_CM068780.1_ROH_Results.txt, sharks/HydCol/20250410_CM068781.1_ROH_Results.txt
    output: sharks/HydCol/MSMC/ROH_Negative_Mask/HydCol_CM068775.1_ROH_Mask.bed.gz
    jobid: 372
    reason: Missing output files: sharks/HydCol/MSMC/ROH_Negative_Mask/HydCol_CM068775.1_ROH_Mask.bed.gz
    wildcards: CLADE=sharks, SPEC_NAME=HydCol, CHROM=CM068775.1
    resources: mem_mb=10000, mem_mib=9537, disk_mb=1000, disk_mib=954, tmpdir=<TBD>, slurm_account=DURBIN-SL2-CPU, slurm_partition=cclake-himem, runtime=60

Job 372 has been submitted with SLURM jobid 10033553 (log: /rds/project/rds-p67MZilb2eQ/projects/VGP/heterozygosity/.snakemake/slurm_logs/rule_GEN_ROH_NEGATIVE_MASK/sharks_HydCol_CM068775.1/10033553.log).

[Wed May 28 16:20:54 2025]
rule GEN_ROH_NEGATIVE_MASK:
    input: sharks/HydCol/20250410_CM068742.1_ROH_Results.txt, sharks/HydCol/20250410_CM068743.1_ROH_Results.txt, sharks/HydCol/20250410_CM068744.1_ROH_Results.txt, sharks/HydCol/20250410_CM068745.1_ROH_Results.txt, sharks/HydCol/20250410_CM068746.1_ROH_Results.txt, sharks/HydCol/20250410_CM068747.1_ROH_Results.txt, sharks/HydCol/20250410_CM068748.1_ROH_Results.txt, sharks/HydCol/20250410_CM068749.1_ROH_Results.txt, sharks/HydCol/20250410_CM068750.1_ROH_Results.txt, sharks/HydCol/20250410_CM068751.1_ROH_Results.txt, sharks/HydCol/20250410_CM068752.1_ROH_Results.txt, sharks/HydCol/20250410_CM068753.1_ROH_Results.txt, sharks/HydCol/20250410_CM068754.1_ROH_Results.txt, sharks/HydCol/20250410_CM068755.1_ROH_Results.txt, sharks/HydCol/20250410_CM068756.1_ROH_Results.txt, sharks/HydCol/20250410_CM068757.1_ROH_Results.txt, sharks/HydCol/20250410_CM068758.1_ROH_Results.txt, sharks/HydCol/20250410_CM068759.1_ROH_Results.txt, sharks/HydCol/20250410_CM068760.1_ROH_Results.txt, sharks/HydCol/20250410_CM068761.1_ROH_Results.txt, sharks/HydCol/20250410_CM068762.1_ROH_Results.txt, sharks/HydCol/20250410_CM068763.1_ROH_Results.txt, sharks/HydCol/20250410_CM068764.1_ROH_Results.txt, sharks/HydCol/20250410_CM068765.1_ROH_Results.txt, sharks/HydCol/20250410_CM068766.1_ROH_Results.txt, sharks/HydCol/20250410_CM068767.1_ROH_Results.txt, sharks/HydCol/20250410_CM068768.1_ROH_Results.txt, sharks/HydCol/20250410_CM068769.1_ROH_Results.txt, sharks/HydCol/20250410_CM068770.1_ROH_Results.txt, sharks/HydCol/20250410_CM068771.1_ROH_Results.txt, sharks/HydCol/20250410_CM068772.1_ROH_Results.txt, sharks/HydCol/20250410_CM068773.1_ROH_Results.txt, sharks/HydCol/20250410_CM068774.1_ROH_Results.txt, sharks/HydCol/20250410_CM068775.1_ROH_Results.txt, sharks/HydCol/20250410_CM068776.1_ROH_Results.txt, sharks/HydCol/20250410_CM068777.1_ROH_Results.txt, sharks/HydCol/20250410_CM068778.1_ROH_Results.txt, sharks/HydCol/20250410_CM068779.1_ROH_Results.txt, sharks/HydCol/20250410_CM068780.1_ROH_Results.txt, sharks/HydCol/20250410_CM068781.1_ROH_Results.txt
    output: sharks/HydCol/MSMC/ROH_Negative_Mask/HydCol_CM068768.1_ROH_Mask.bed.gz
    jobid: 365
    reason: Missing output files: sharks/HydCol/MSMC/ROH_Negative_Mask/HydCol_CM068768.1_ROH_Mask.bed.gz
    wildcards: CLADE=sharks, SPEC_NAME=HydCol, CHROM=CM068768.1
    resources: mem_mb=10000, mem_mib=9537, disk_mb=1000, disk_mib=954, tmpdir=<TBD>, slurm_account=DURBIN-SL2-CPU, slurm_partition=cclake-himem, runtime=60

Job 365 has been submitted with SLURM jobid 10033555 (log: /rds/project/rds-p67MZilb2eQ/projects/VGP/heterozygosity/.snakemake/slurm_logs/rule_GEN_ROH_NEGATIVE_MASK/sharks_HydCol_CM068768.1/10033555.log).

[Wed May 28 16:20:59 2025]
rule GEN_ROH_NEGATIVE_MASK:
    input: sharks/HydCol/20250410_CM068742.1_ROH_Results.txt, sharks/HydCol/20250410_CM068743.1_ROH_Results.txt, sharks/HydCol/20250410_CM068744.1_ROH_Results.txt, sharks/HydCol/20250410_CM068745.1_ROH_Results.txt, sharks/HydCol/20250410_CM068746.1_ROH_Results.txt, sharks/HydCol/20250410_CM068747.1_ROH_Results.txt, sharks/HydCol/20250410_CM068748.1_ROH_Results.txt, sharks/HydCol/20250410_CM068749.1_ROH_Results.txt, sharks/HydCol/20250410_CM068750.1_ROH_Results.txt, sharks/HydCol/20250410_CM068751.1_ROH_Results.txt, sharks/HydCol/20250410_CM068752.1_ROH_Results.txt, sharks/HydCol/20250410_CM068753.1_ROH_Results.txt, sharks/HydCol/20250410_CM068754.1_ROH_Results.txt, sharks/HydCol/20250410_CM068755.1_ROH_Results.txt, sharks/HydCol/20250410_CM068756.1_ROH_Results.txt, sharks/HydCol/20250410_CM068757.1_ROH_Results.txt, sharks/HydCol/20250410_CM068758.1_ROH_Results.txt, sharks/HydCol/20250410_CM068759.1_ROH_Results.txt, sharks/HydCol/20250410_CM068760.1_ROH_Results.txt, sharks/HydCol/20250410_CM068761.1_ROH_Results.txt, sharks/HydCol/20250410_CM068762.1_ROH_Results.txt, sharks/HydCol/20250410_CM068763.1_ROH_Results.txt, sharks/HydCol/20250410_CM068764.1_ROH_Results.txt, sharks/HydCol/20250410_CM068765.1_ROH_Results.txt, sharks/HydCol/20250410_CM068766.1_ROH_Results.txt, sharks/HydCol/20250410_CM068767.1_ROH_Results.txt, sharks/HydCol/20250410_CM068768.1_ROH_Results.txt, sharks/HydCol/20250410_CM068769.1_ROH_Results.txt, sharks/HydCol/20250410_CM068770.1_ROH_Results.txt, sharks/HydCol/20250410_CM068771.1_ROH_Results.txt, sharks/HydCol/20250410_CM068772.1_ROH_Results.txt, sharks/HydCol/20250410_CM068773.1_ROH_Results.txt, sharks/HydCol/20250410_CM068774.1_ROH_Results.txt, sharks/HydCol/20250410_CM068775.1_ROH_Results.txt, sharks/HydCol/20250410_CM068776.1_ROH_Results.txt, sharks/HydCol/20250410_CM068777.1_ROH_Results.txt, sharks/HydCol/20250410_CM068778.1_ROH_Results.txt, sharks/HydCol/20250410_CM068779.1_ROH_Results.txt, sharks/HydCol/20250410_CM068780.1_ROH_Results.txt, sharks/HydCol/20250410_CM068781.1_ROH_Results.txt
    output: sharks/HydCol/MSMC/ROH_Negative_Mask/HydCol_CM068761.1_ROH_Mask.bed.gz
    jobid: 358
    reason: Missing output files: sharks/HydCol/MSMC/ROH_Negative_Mask/HydCol_CM068761.1_ROH_Mask.bed.gz
    wildcards: CLADE=sharks, SPEC_NAME=HydCol, CHROM=CM068761.1
    resources: mem_mb=10000, mem_mib=9537, disk_mb=1000, disk_mib=954, tmpdir=<TBD>, slurm_account=DURBIN-SL2-CPU, slurm_partition=cclake-himem, runtime=60

Job 358 has been submitted with SLURM jobid 10033557 (log: /rds/project/rds-p67MZilb2eQ/projects/VGP/heterozygosity/.snakemake/slurm_logs/rule_GEN_ROH_NEGATIVE_MASK/sharks_HydCol_CM068761.1/10033557.log).
