host: login-p-1
Building DAG of jobs...
Using shell: /usr/bin/bash
Provided cores: 56
Rules claiming more threads will be scaled down.
Job stats:
job                       count
----------------------  -------
FILTER_PAF                    6
GET_ALN_ONLY_PER_CHROM        6
GET_VAR_ALN_FILE              6
all                           1
total                        19

Select jobs to execute...
Execute 6 jobs...

[Wed Mar 26 14:24:28 2025]
localrule FILTER_PAF:
    input: amphibians/EleCoq_TEST/EleCoq_TEST_FASTGA.paf
    output: amphibians/EleCoq_TEST/20250325_CM069419.1_filtered.paf
    jobid: 8
    reason: Missing output files: amphibians/EleCoq_TEST/20250325_CM069419.1_filtered.paf
    wildcards: CLADE=amphibians, SPEC_NAME=EleCoq_TEST, TODAY_DATE=20250325, CHR=CM069419.1
    resources: tmpdir=/tmp


[Wed Mar 26 14:24:28 2025]
localrule FILTER_PAF:
    input: amphibians/EleCoq_TEST/EleCoq_TEST_FASTGA.paf
    output: amphibians/EleCoq_TEST/20250325_CM069421.1_filtered.paf
    jobid: 10
    reason: Missing output files: amphibians/EleCoq_TEST/20250325_CM069421.1_filtered.paf
    wildcards: CLADE=amphibians, SPEC_NAME=EleCoq_TEST, TODAY_DATE=20250325, CHR=CM069421.1
    resources: tmpdir=/tmp


[Wed Mar 26 14:24:28 2025]
localrule FILTER_PAF:
    input: amphibians/EleCoq_TEST/EleCoq_TEST_FASTGA.paf
    output: amphibians/EleCoq_TEST/20250325_CM069422.1_filtered.paf
    jobid: 11
    reason: Missing output files: amphibians/EleCoq_TEST/20250325_CM069422.1_filtered.paf
    wildcards: CLADE=amphibians, SPEC_NAME=EleCoq_TEST, TODAY_DATE=20250325, CHR=CM069422.1
    resources: tmpdir=/tmp


[Wed Mar 26 14:24:28 2025]
localrule FILTER_PAF:
    input: amphibians/EleCoq_TEST/EleCoq_TEST_FASTGA.paf
    output: amphibians/EleCoq_TEST/20250325_CM069423.1_filtered.paf
    jobid: 12
    reason: Missing output files: amphibians/EleCoq_TEST/20250325_CM069423.1_filtered.paf
    wildcards: CLADE=amphibians, SPEC_NAME=EleCoq_TEST, TODAY_DATE=20250325, CHR=CM069423.1
    resources: tmpdir=/tmp


[Wed Mar 26 14:24:28 2025]
localrule FILTER_PAF:
    input: amphibians/EleCoq_TEST/EleCoq_TEST_FASTGA.paf
    output: amphibians/EleCoq_TEST/20250325_CM069418.1_filtered.paf
    jobid: 7
    reason: Missing output files: amphibians/EleCoq_TEST/20250325_CM069418.1_filtered.paf
    wildcards: CLADE=amphibians, SPEC_NAME=EleCoq_TEST, TODAY_DATE=20250325, CHR=CM069418.1
    resources: tmpdir=/tmp


[Wed Mar 26 14:24:28 2025]
localrule FILTER_PAF:
    input: amphibians/EleCoq_TEST/EleCoq_TEST_FASTGA.paf
    output: amphibians/EleCoq_TEST/20250325_CM069420.1_filtered.paf
    jobid: 9
    reason: Missing output files: amphibians/EleCoq_TEST/20250325_CM069420.1_filtered.paf
    wildcards: CLADE=amphibians, SPEC_NAME=EleCoq_TEST, TODAY_DATE=20250325, CHR=CM069420.1
    resources: tmpdir=/tmp

[Wed Mar 26 14:24:32 2025]
Finished job 10.
1 of 19 steps (5%) done
Select jobs to execute...
Execute 1 jobs...

[Wed Mar 26 14:24:32 2025]
localrule GET_VAR_ALN_FILE:
    input: amphibians/EleCoq_TEST/20250325_CM069421.1_filtered.paf
    output: amphibians/EleCoq_TEST/20250325_CM069421.1_Aln_Var.txt
    jobid: 20
    reason: Missing output files: amphibians/EleCoq_TEST/20250325_CM069421.1_Aln_Var.txt; Input files updated by another job: amphibians/EleCoq_TEST/20250325_CM069421.1_filtered.paf
    wildcards: CLADE=amphibians, SPEC_NAME=EleCoq_TEST, TODAY_DATE=20250325, CHR=CM069421.1
    resources: tmpdir=/tmp

[Wed Mar 26 14:24:32 2025]
Finished job 9.
2 of 19 steps (11%) done
[Wed Mar 26 14:24:32 2025]
Finished job 8.
3 of 19 steps (16%) done
Select jobs to execute...
Execute 2 jobs...

[Wed Mar 26 14:24:32 2025]
localrule GET_VAR_ALN_FILE:
    input: amphibians/EleCoq_TEST/20250325_CM069419.1_filtered.paf
    output: amphibians/EleCoq_TEST/20250325_CM069419.1_Aln_Var.txt
    jobid: 16
    reason: Missing output files: amphibians/EleCoq_TEST/20250325_CM069419.1_Aln_Var.txt; Input files updated by another job: amphibians/EleCoq_TEST/20250325_CM069419.1_filtered.paf
    wildcards: CLADE=amphibians, SPEC_NAME=EleCoq_TEST, TODAY_DATE=20250325, CHR=CM069419.1
    resources: tmpdir=/tmp


[Wed Mar 26 14:24:32 2025]
localrule GET_VAR_ALN_FILE:
    input: amphibians/EleCoq_TEST/20250325_CM069420.1_filtered.paf
    output: amphibians/EleCoq_TEST/20250325_CM069420.1_Aln_Var.txt
    jobid: 18
    reason: Missing output files: amphibians/EleCoq_TEST/20250325_CM069420.1_Aln_Var.txt; Input files updated by another job: amphibians/EleCoq_TEST/20250325_CM069420.1_filtered.paf
    wildcards: CLADE=amphibians, SPEC_NAME=EleCoq_TEST, TODAY_DATE=20250325, CHR=CM069420.1
    resources: tmpdir=/tmp

[Wed Mar 26 14:24:32 2025]
Finished job 7.
4 of 19 steps (21%) done
Select jobs to execute...
Execute 1 jobs...

[Wed Mar 26 14:24:32 2025]
localrule GET_VAR_ALN_FILE:
    input: amphibians/EleCoq_TEST/20250325_CM069418.1_filtered.paf
    output: amphibians/EleCoq_TEST/20250325_CM069418.1_Aln_Var.txt
    jobid: 14
    reason: Missing output files: amphibians/EleCoq_TEST/20250325_CM069418.1_Aln_Var.txt; Input files updated by another job: amphibians/EleCoq_TEST/20250325_CM069418.1_filtered.paf
    wildcards: CLADE=amphibians, SPEC_NAME=EleCoq_TEST, TODAY_DATE=20250325, CHR=CM069418.1
    resources: tmpdir=/tmp

[Wed Mar 26 14:24:32 2025]
Finished job 12.
5 of 19 steps (26%) done
Select jobs to execute...
Execute 1 jobs...

[Wed Mar 26 14:24:32 2025]
localrule GET_VAR_ALN_FILE:
    input: amphibians/EleCoq_TEST/20250325_CM069423.1_filtered.paf
    output: amphibians/EleCoq_TEST/20250325_CM069423.1_Aln_Var.txt
    jobid: 24
    reason: Missing output files: amphibians/EleCoq_TEST/20250325_CM069423.1_Aln_Var.txt; Input files updated by another job: amphibians/EleCoq_TEST/20250325_CM069423.1_filtered.paf
    wildcards: CLADE=amphibians, SPEC_NAME=EleCoq_TEST, TODAY_DATE=20250325, CHR=CM069423.1
    resources: tmpdir=/tmp

[Wed Mar 26 14:24:32 2025]
Finished job 11.
6 of 19 steps (32%) done
Select jobs to execute...
Execute 1 jobs...

[Wed Mar 26 14:24:32 2025]
localrule GET_VAR_ALN_FILE:
    input: amphibians/EleCoq_TEST/20250325_CM069422.1_filtered.paf
    output: amphibians/EleCoq_TEST/20250325_CM069422.1_Aln_Var.txt
    jobid: 22
    reason: Missing output files: amphibians/EleCoq_TEST/20250325_CM069422.1_Aln_Var.txt; Input files updated by another job: amphibians/EleCoq_TEST/20250325_CM069422.1_filtered.paf
    wildcards: CLADE=amphibians, SPEC_NAME=EleCoq_TEST, TODAY_DATE=20250325, CHR=CM069422.1
    resources: tmpdir=/tmp

[Wed Mar 26 14:24:32 2025]
Finished job 20.
7 of 19 steps (37%) done
Select jobs to execute...
Execute 1 jobs...

[Wed Mar 26 14:24:32 2025]
localrule GET_ALN_ONLY_PER_CHROM:
    input: amphibians/EleCoq_TEST/20250325_CM069421.1_Aln_Var.txt
    output: amphibians/EleCoq_TEST/20250325_CM069421.1_Aln_Only.txt
    jobid: 19
    reason: Missing output files: amphibians/EleCoq_TEST/20250325_CM069421.1_Aln_Only.txt; Input files updated by another job: amphibians/EleCoq_TEST/20250325_CM069421.1_Aln_Var.txt
    wildcards: CLADE=amphibians, SPEC_NAME=EleCoq_TEST, TODAY_DATE=20250325, CHR=CM069421.1
    resources: tmpdir=/tmp

[Wed Mar 26 14:24:32 2025]
Finished job 16.
8 of 19 steps (42%) done
[Wed Mar 26 14:24:32 2025]
Finished job 18.
9 of 19 steps (47%) done
Select jobs to execute...
Execute 2 jobs...

[Wed Mar 26 14:24:33 2025]
localrule GET_ALN_ONLY_PER_CHROM:
    input: amphibians/EleCoq_TEST/20250325_CM069419.1_Aln_Var.txt
    output: amphibians/EleCoq_TEST/20250325_CM069419.1_Aln_Only.txt
    jobid: 15
    reason: Missing output files: amphibians/EleCoq_TEST/20250325_CM069419.1_Aln_Only.txt; Input files updated by another job: amphibians/EleCoq_TEST/20250325_CM069419.1_Aln_Var.txt
    wildcards: CLADE=amphibians, SPEC_NAME=EleCoq_TEST, TODAY_DATE=20250325, CHR=CM069419.1
    resources: tmpdir=/tmp


[Wed Mar 26 14:24:33 2025]
localrule GET_ALN_ONLY_PER_CHROM:
    input: amphibians/EleCoq_TEST/20250325_CM069420.1_Aln_Var.txt
    output: amphibians/EleCoq_TEST/20250325_CM069420.1_Aln_Only.txt
    jobid: 17
    reason: Missing output files: amphibians/EleCoq_TEST/20250325_CM069420.1_Aln_Only.txt; Input files updated by another job: amphibians/EleCoq_TEST/20250325_CM069420.1_Aln_Var.txt
    wildcards: CLADE=amphibians, SPEC_NAME=EleCoq_TEST, TODAY_DATE=20250325, CHR=CM069420.1
    resources: tmpdir=/tmp

[Wed Mar 26 14:24:33 2025]
Finished job 24.
10 of 19 steps (53%) done
[Wed Mar 26 14:24:33 2025]
Finished job 19.
11 of 19 steps (58%) done
Select jobs to execute...
Execute 1 jobs...

[Wed Mar 26 14:24:33 2025]
localrule GET_ALN_ONLY_PER_CHROM:
    input: amphibians/EleCoq_TEST/20250325_CM069423.1_Aln_Var.txt
    output: amphibians/EleCoq_TEST/20250325_CM069423.1_Aln_Only.txt
    jobid: 23
    reason: Missing output files: amphibians/EleCoq_TEST/20250325_CM069423.1_Aln_Only.txt; Input files updated by another job: amphibians/EleCoq_TEST/20250325_CM069423.1_Aln_Var.txt
    wildcards: CLADE=amphibians, SPEC_NAME=EleCoq_TEST, TODAY_DATE=20250325, CHR=CM069423.1
    resources: tmpdir=/tmp

[Wed Mar 26 14:24:33 2025]
Finished job 15.
12 of 19 steps (63%) done
[Wed Mar 26 14:24:33 2025]
Finished job 17.
13 of 19 steps (68%) done
[Wed Mar 26 14:24:33 2025]
Finished job 23.
14 of 19 steps (74%) done
[Wed Mar 26 14:24:33 2025]
Finished job 22.
15 of 19 steps (79%) done
Select jobs to execute...
Execute 1 jobs...

[Wed Mar 26 14:24:33 2025]
localrule GET_ALN_ONLY_PER_CHROM:
    input: amphibians/EleCoq_TEST/20250325_CM069422.1_Aln_Var.txt
    output: amphibians/EleCoq_TEST/20250325_CM069422.1_Aln_Only.txt
    jobid: 21
    reason: Missing output files: amphibians/EleCoq_TEST/20250325_CM069422.1_Aln_Only.txt; Input files updated by another job: amphibians/EleCoq_TEST/20250325_CM069422.1_Aln_Var.txt
    wildcards: CLADE=amphibians, SPEC_NAME=EleCoq_TEST, TODAY_DATE=20250325, CHR=CM069422.1
    resources: tmpdir=/tmp

[Wed Mar 26 14:24:33 2025]
Finished job 21.
16 of 19 steps (84%) done
[Wed Mar 26 14:24:33 2025]
Finished job 14.
17 of 19 steps (89%) done
Select jobs to execute...
Execute 1 jobs...

[Wed Mar 26 14:24:33 2025]
localrule GET_ALN_ONLY_PER_CHROM:
    input: amphibians/EleCoq_TEST/20250325_CM069418.1_Aln_Var.txt
    output: amphibians/EleCoq_TEST/20250325_CM069418.1_Aln_Only.txt
    jobid: 13
    reason: Missing output files: amphibians/EleCoq_TEST/20250325_CM069418.1_Aln_Only.txt; Input files updated by another job: amphibians/EleCoq_TEST/20250325_CM069418.1_Aln_Var.txt
    wildcards: CLADE=amphibians, SPEC_NAME=EleCoq_TEST, TODAY_DATE=20250325, CHR=CM069418.1
    resources: tmpdir=/tmp

[Wed Mar 26 14:24:33 2025]
Finished job 13.
18 of 19 steps (95%) done
Select jobs to execute...
Execute 1 jobs...

[Wed Mar 26 14:24:33 2025]
localrule all:
    input: amphibians/EleCoq_TEST/EleCoq_TEST_FASTGA.paf, amphibians/EleCoq_TEST/20250325_CM069418.1_filtered.paf, amphibians/EleCoq_TEST/20250325_CM069419.1_filtered.paf, amphibians/EleCoq_TEST/20250325_CM069420.1_filtered.paf, amphibians/EleCoq_TEST/20250325_CM069421.1_filtered.paf, amphibians/EleCoq_TEST/20250325_CM069422.1_filtered.paf, amphibians/EleCoq_TEST/20250325_CM069423.1_filtered.paf, amphibians/EleCoq_TEST/20250325_CM069418.1_Aln_Only.txt, amphibians/EleCoq_TEST/20250325_CM069419.1_Aln_Only.txt, amphibians/EleCoq_TEST/20250325_CM069420.1_Aln_Only.txt, amphibians/EleCoq_TEST/20250325_CM069421.1_Aln_Only.txt, amphibians/EleCoq_TEST/20250325_CM069422.1_Aln_Only.txt, amphibians/EleCoq_TEST/20250325_CM069423.1_Aln_Only.txt
    jobid: 0
    reason: Input files updated by another job: amphibians/EleCoq_TEST/20250325_CM069422.1_filtered.paf, amphibians/EleCoq_TEST/20250325_CM069421.1_Aln_Only.txt, amphibians/EleCoq_TEST/20250325_CM069423.1_Aln_Only.txt, amphibians/EleCoq_TEST/20250325_CM069420.1_filtered.paf, amphibians/EleCoq_TEST/20250325_CM069418.1_Aln_Only.txt, amphibians/EleCoq_TEST/20250325_CM069419.1_filtered.paf, amphibians/EleCoq_TEST/20250325_CM069422.1_Aln_Only.txt, amphibians/EleCoq_TEST/20250325_CM069420.1_Aln_Only.txt, amphibians/EleCoq_TEST/20250325_CM069419.1_Aln_Only.txt, amphibians/EleCoq_TEST/20250325_CM069418.1_filtered.paf, amphibians/EleCoq_TEST/20250325_CM069423.1_filtered.paf, amphibians/EleCoq_TEST/20250325_CM069421.1_filtered.paf
    resources: tmpdir=/tmp

[Wed Mar 26 14:24:33 2025]
Finished job 0.
19 of 19 steps (100%) done
Complete log: .snakemake/log/2025-03-26T142427.860199.snakemake.log
