host: login-q-3
Building DAG of jobs...
SLURM run ID: cb857c8b-c71c-4652-820a-1aa4cec672a9
Using shell: /usr/bin/bash
Provided remote nodes: 30
Job stats:
job                            count
---------------------------  -------
BOOTSTRAPPING_MULTIHET_FILE     1200
all                                1
total                           1201

Select jobs to execute...
Execute 30 jobs...

[Tue May 27 10:25:20 2025]
rule BOOTSTRAPPING_MULTIHET_FILE:
    input: sharks/HydCol/MSMC/Output_multihet_filtered_95/CM068752.1_multihet.txt
    output: sharks/HydCol/MSMC/Output_Multihet_Bootstrapped/9/CM068752.1_multihet.txt
    jobid: 568
    reason: Code has changed since last execution
    wildcards: CLADE=sharks, SPEC_NAME=HydCol, BOOT=9, CHROM=CM068752.1
    resources: mem_mb=10000, mem_mib=9537, disk_mb=1000, disk_mib=954, tmpdir=<TBD>, slurm_account=DURBIN-SL2-CPU, slurm_partition=cclake-himem, runtime=60

Job 568 has been submitted with SLURM jobid 9989178 (log: /rds/project/rds-p67MZilb2eQ/projects/VGP/heterozygosity/.snakemake/slurm_logs/rule_BOOTSTRAPPING_MULTIHET_FILE/sharks_HydCol_9_CM068752.1/9989178.log).

[Tue May 27 10:25:22 2025]
rule BOOTSTRAPPING_MULTIHET_FILE:
    input: sharks/HydCol/MSMC/Output_multihet_filtered_95/CM068765.1_multihet.txt
    output: sharks/HydCol/MSMC/Output_Multihet_Bootstrapped/11/CM068765.1_multihet.txt
    jobid: 960
    reason: Code has changed since last execution
    wildcards: CLADE=sharks, SPEC_NAME=HydCol, BOOT=11, CHROM=CM068765.1
    resources: mem_mb=10000, mem_mib=9537, disk_mb=1000, disk_mib=954, tmpdir=<TBD>, slurm_account=DURBIN-SL2-CPU, slurm_partition=cclake-himem, runtime=60

Job 960 has been submitted with SLURM jobid 9989180 (log: /rds/project/rds-p67MZilb2eQ/projects/VGP/heterozygosity/.snakemake/slurm_logs/rule_BOOTSTRAPPING_MULTIHET_FILE/sharks_HydCol_11_CM068765.1/9989180.log).

[Tue May 27 10:25:22 2025]
rule BOOTSTRAPPING_MULTIHET_FILE:
    input: sharks/HydCol/MSMC/Output_multihet_filtered_95/CM068776.1_multihet.txt
    output: sharks/HydCol/MSMC/Output_Multihet_Bootstrapped/17/CM068776.1_multihet.txt
    jobid: 1296
    reason: Code has changed since last execution
    wildcards: CLADE=sharks, SPEC_NAME=HydCol, BOOT=17, CHROM=CM068776.1
    resources: mem_mb=10000, mem_mib=9537, disk_mb=1000, disk_mib=954, tmpdir=<TBD>, slurm_account=DURBIN-SL2-CPU, slurm_partition=cclake-himem, runtime=60

Job 1296 has been submitted with SLURM jobid 9989181 (log: /rds/project/rds-p67MZilb2eQ/projects/VGP/heterozygosity/.snakemake/slurm_logs/rule_BOOTSTRAPPING_MULTIHET_FILE/sharks_HydCol_17_CM068776.1/9989181.log).

[Tue May 27 10:25:22 2025]
rule BOOTSTRAPPING_MULTIHET_FILE:
    input: sharks/HydCol/MSMC/Output_multihet_filtered_95/CM068761.1_multihet.txt
    output: sharks/HydCol/MSMC/Output_Multihet_Bootstrapped/19/CM068761.1_multihet.txt
    jobid: 848
    reason: Code has changed since last execution
    wildcards: CLADE=sharks, SPEC_NAME=HydCol, BOOT=19, CHROM=CM068761.1
    resources: mem_mb=10000, mem_mib=9537, disk_mb=1000, disk_mib=954, tmpdir=<TBD>, slurm_account=DURBIN-SL2-CPU, slurm_partition=cclake-himem, runtime=60

Job 848 has been submitted with SLURM jobid 9989182 (log: /rds/project/rds-p67MZilb2eQ/projects/VGP/heterozygosity/.snakemake/slurm_logs/rule_BOOTSTRAPPING_MULTIHET_FILE/sharks_HydCol_19_CM068761.1/9989182.log).

[Tue May 27 10:25:24 2025]
rule BOOTSTRAPPING_MULTIHET_FILE:
    input: sharks/HydCol/MSMC/Output_multihet_filtered_95/CM068778.1_multihet.txt
    output: sharks/HydCol/MSMC/Output_Multihet_Bootstrapped/13/CM068778.1_multihet.txt
    jobid: 1352
    reason: Code has changed since last execution
    wildcards: CLADE=sharks, SPEC_NAME=HydCol, BOOT=13, CHROM=CM068778.1
    resources: mem_mb=10000, mem_mib=9537, disk_mb=1000, disk_mib=954, tmpdir=<TBD>, slurm_account=DURBIN-SL2-CPU, slurm_partition=cclake-himem, runtime=60

Job 1352 has been submitted with SLURM jobid 9989183 (log: /rds/project/rds-p67MZilb2eQ/projects/VGP/heterozygosity/.snakemake/slurm_logs/rule_BOOTSTRAPPING_MULTIHET_FILE/sharks_HydCol_13_CM068778.1/9989183.log).

[Tue May 27 10:25:25 2025]
rule BOOTSTRAPPING_MULTIHET_FILE:
    input: sharks/HydCol/MSMC/Output_multihet_filtered_95/CM068760.1_multihet.txt
    output: sharks/HydCol/MSMC/Output_Multihet_Bootstrapped/22/CM068760.1_multihet.txt
    jobid: 821
    reason: Code has changed since last execution
    wildcards: CLADE=sharks, SPEC_NAME=HydCol, BOOT=22, CHROM=CM068760.1
    resources: mem_mb=10000, mem_mib=9537, disk_mb=1000, disk_mib=954, tmpdir=<TBD>, slurm_account=DURBIN-SL2-CPU, slurm_partition=cclake-himem, runtime=60

Job 821 has been submitted with SLURM jobid 9989184 (log: /rds/project/rds-p67MZilb2eQ/projects/VGP/heterozygosity/.snakemake/slurm_logs/rule_BOOTSTRAPPING_MULTIHET_FILE/sharks_HydCol_22_CM068760.1/9989184.log).

[Tue May 27 10:25:25 2025]
rule BOOTSTRAPPING_MULTIHET_FILE:
    input: sharks/HydCol/MSMC/Output_multihet_filtered_95/CM068744.1_multihet.txt
    output: sharks/HydCol/MSMC/Output_Multihet_Bootstrapped/15/CM068744.1_multihet.txt
    jobid: 334
    reason: Code has changed since last execution
    wildcards: CLADE=sharks, SPEC_NAME=HydCol, BOOT=15, CHROM=CM068744.1
    resources: mem_mb=10000, mem_mib=9537, disk_mb=1000, disk_mib=954, tmpdir=<TBD>, slurm_account=DURBIN-SL2-CPU, slurm_partition=cclake-himem, runtime=60

Job 334 has been submitted with SLURM jobid 9989185 (log: /rds/project/rds-p67MZilb2eQ/projects/VGP/heterozygosity/.snakemake/slurm_logs/rule_BOOTSTRAPPING_MULTIHET_FILE/sharks_HydCol_15_CM068744.1/9989185.log).

[Tue May 27 10:25:27 2025]
rule BOOTSTRAPPING_MULTIHET_FILE:
    input: sharks/HydCol/MSMC/Output_multihet_filtered_95/CM068773.1_multihet.txt
    output: sharks/HydCol/MSMC/Output_Multihet_Bootstrapped/27/CM068773.1_multihet.txt
    jobid: 1216
    reason: Code has changed since last execution
    wildcards: CLADE=sharks, SPEC_NAME=HydCol, BOOT=27, CHROM=CM068773.1
    resources: mem_mb=10000, mem_mib=9537, disk_mb=1000, disk_mib=954, tmpdir=<TBD>, slurm_account=DURBIN-SL2-CPU, slurm_partition=cclake-himem, runtime=60

Job 1216 has been submitted with SLURM jobid 9989186 (log: /rds/project/rds-p67MZilb2eQ/projects/VGP/heterozygosity/.snakemake/slurm_logs/rule_BOOTSTRAPPING_MULTIHET_FILE/sharks_HydCol_27_CM068773.1/9989186.log).

[Tue May 27 10:25:27 2025]
rule BOOTSTRAPPING_MULTIHET_FILE:
    input: sharks/HydCol/MSMC/Output_multihet_filtered_95/CM068763.1_multihet.txt
    output: sharks/HydCol/MSMC/Output_Multihet_Bootstrapped/12/CM068763.1_multihet.txt
    jobid: 901
    reason: Code has changed since last execution
    wildcards: CLADE=sharks, SPEC_NAME=HydCol, BOOT=12, CHROM=CM068763.1
    resources: mem_mb=10000, mem_mib=9537, disk_mb=1000, disk_mib=954, tmpdir=<TBD>, slurm_account=DURBIN-SL2-CPU, slurm_partition=cclake-himem, runtime=60

Job 901 has been submitted with SLURM jobid 9989187 (log: /rds/project/rds-p67MZilb2eQ/projects/VGP/heterozygosity/.snakemake/slurm_logs/rule_BOOTSTRAPPING_MULTIHET_FILE/sharks_HydCol_12_CM068763.1/9989187.log).

[Tue May 27 10:25:27 2025]
rule BOOTSTRAPPING_MULTIHET_FILE:
    input: sharks/HydCol/MSMC/Output_multihet_filtered_95/CM068776.1_multihet.txt
    output: sharks/HydCol/MSMC/Output_Multihet_Bootstrapped/14/CM068776.1_multihet.txt
    jobid: 1293
    reason: Code has changed since last execution
    wildcards: CLADE=sharks, SPEC_NAME=HydCol, BOOT=14, CHROM=CM068776.1
    resources: mem_mb=10000, mem_mib=9537, disk_mb=1000, disk_mib=954, tmpdir=<TBD>, slurm_account=DURBIN-SL2-CPU, slurm_partition=cclake-himem, runtime=60

Job 1293 has been submitted with SLURM jobid 9989188 (log: /rds/project/rds-p67MZilb2eQ/projects/VGP/heterozygosity/.snakemake/slurm_logs/rule_BOOTSTRAPPING_MULTIHET_FILE/sharks_HydCol_14_CM068776.1/9989188.log).

[Tue May 27 10:25:29 2025]
rule BOOTSTRAPPING_MULTIHET_FILE:
    input: sharks/HydCol/MSMC/Output_multihet_filtered_95/CM068765.1_multihet.txt
    output: sharks/HydCol/MSMC/Output_Multihet_Bootstrapped/8/CM068765.1_multihet.txt
    jobid: 957
    reason: Code has changed since last execution
    wildcards: CLADE=sharks, SPEC_NAME=HydCol, BOOT=8, CHROM=CM068765.1
    resources: mem_mb=10000, mem_mib=9537, disk_mb=1000, disk_mib=954, tmpdir=<TBD>, slurm_account=DURBIN-SL2-CPU, slurm_partition=cclake-himem, runtime=60

Job 957 has been submitted with SLURM jobid 9989189 (log: /rds/project/rds-p67MZilb2eQ/projects/VGP/heterozygosity/.snakemake/slurm_logs/rule_BOOTSTRAPPING_MULTIHET_FILE/sharks_HydCol_8_CM068765.1/9989189.log).

[Tue May 27 10:25:30 2025]
rule BOOTSTRAPPING_MULTIHET_FILE:
    input: sharks/HydCol/MSMC/Output_multihet_filtered_95/CM068761.1_multihet.txt
    output: sharks/HydCol/MSMC/Output_Multihet_Bootstrapped/16/CM068761.1_multihet.txt
    jobid: 845
    reason: Code has changed since last execution
    wildcards: CLADE=sharks, SPEC_NAME=HydCol, BOOT=16, CHROM=CM068761.1
    resources: mem_mb=10000, mem_mib=9537, disk_mb=1000, disk_mib=954, tmpdir=<TBD>, slurm_account=DURBIN-SL2-CPU, slurm_partition=cclake-himem, runtime=60

Job 845 has been submitted with SLURM jobid 9989190 (log: /rds/project/rds-p67MZilb2eQ/projects/VGP/heterozygosity/.snakemake/slurm_logs/rule_BOOTSTRAPPING_MULTIHET_FILE/sharks_HydCol_16_CM068761.1/9989190.log).

[Tue May 27 10:25:30 2025]
rule BOOTSTRAPPING_MULTIHET_FILE:
    input: sharks/HydCol/MSMC/Output_multihet_filtered_95/CM068778.1_multihet.txt
    output: sharks/HydCol/MSMC/Output_Multihet_Bootstrapped/10/CM068778.1_multihet.txt
    jobid: 1349
    reason: Code has changed since last execution
    wildcards: CLADE=sharks, SPEC_NAME=HydCol, BOOT=10, CHROM=CM068778.1
    resources: mem_mb=10000, mem_mib=9537, disk_mb=1000, disk_mib=954, tmpdir=<TBD>, slurm_account=DURBIN-SL2-CPU, slurm_partition=cclake-himem, runtime=60

Job 1349 has been submitted with SLURM jobid 9989191 (log: /rds/project/rds-p67MZilb2eQ/projects/VGP/heterozygosity/.snakemake/slurm_logs/rule_BOOTSTRAPPING_MULTIHET_FILE/sharks_HydCol_10_CM068778.1/9989191.log).

[Tue May 27 10:25:32 2025]
rule BOOTSTRAPPING_MULTIHET_FILE:
    input: sharks/HydCol/MSMC/Output_multihet_filtered_95/CM068755.1_multihet.txt
    output: sharks/HydCol/MSMC/Output_Multihet_Bootstrapped/28/CM068755.1_multihet.txt
    jobid: 677
    reason: Code has changed since last execution
    wildcards: CLADE=sharks, SPEC_NAME=HydCol, BOOT=28, CHROM=CM068755.1
    resources: mem_mb=10000, mem_mib=9537, disk_mb=1000, disk_mib=954, tmpdir=<TBD>, slurm_account=DURBIN-SL2-CPU, slurm_partition=cclake-himem, runtime=60

Job 677 has been submitted with SLURM jobid 9989192 (log: /rds/project/rds-p67MZilb2eQ/projects/VGP/heterozygosity/.snakemake/slurm_logs/rule_BOOTSTRAPPING_MULTIHET_FILE/sharks_HydCol_28_CM068755.1/9989192.log).

[Tue May 27 10:25:32 2025]
rule BOOTSTRAPPING_MULTIHET_FILE:
    input: sharks/HydCol/MSMC/Output_multihet_filtered_95/CM068774.1_multihet.txt
    output: sharks/HydCol/MSMC/Output_Multihet_Bootstrapped/18/CM068774.1_multihet.txt
    jobid: 1237
    reason: Code has changed since last execution
    wildcards: CLADE=sharks, SPEC_NAME=HydCol, BOOT=18, CHROM=CM068774.1
    resources: mem_mb=10000, mem_mib=9537, disk_mb=1000, disk_mib=954, tmpdir=<TBD>, slurm_account=DURBIN-SL2-CPU, slurm_partition=cclake-himem, runtime=60

Job 1237 has been submitted with SLURM jobid 9989193 (log: /rds/project/rds-p67MZilb2eQ/projects/VGP/heterozygosity/.snakemake/slurm_logs/rule_BOOTSTRAPPING_MULTIHET_FILE/sharks_HydCol_18_CM068774.1/9989193.log).

[Tue May 27 10:25:32 2025]
rule BOOTSTRAPPING_MULTIHET_FILE:
    input: sharks/HydCol/MSMC/Output_multihet_filtered_95/CM068780.1_multihet.txt
    output: sharks/HydCol/MSMC/Output_Multihet_Bootstrapped/6/CM068780.1_multihet.txt
    jobid: 1405
    reason: Code has changed since last execution
    wildcards: CLADE=sharks, SPEC_NAME=HydCol, BOOT=6, CHROM=CM068780.1
    resources: mem_mb=10000, mem_mib=9537, disk_mb=1000, disk_mib=954, tmpdir=<TBD>, slurm_account=DURBIN-SL2-CPU, slurm_partition=cclake-himem, runtime=60

Job 1405 has been submitted with SLURM jobid 9989194 (log: /rds/project/rds-p67MZilb2eQ/projects/VGP/heterozygosity/.snakemake/slurm_logs/rule_BOOTSTRAPPING_MULTIHET_FILE/sharks_HydCol_6_CM068780.1/9989194.log).

[Tue May 27 10:25:34 2025]
rule BOOTSTRAPPING_MULTIHET_FILE:
    input: sharks/HydCol/MSMC/Output_multihet_filtered_95/CM068765.1_multihet.txt
    output: sharks/HydCol/MSMC/Output_Multihet_Bootstrapped/9/CM068765.1_multihet.txt
    jobid: 958
    reason: Code has changed since last execution
    wildcards: CLADE=sharks, SPEC_NAME=HydCol, BOOT=9, CHROM=CM068765.1
    resources: mem_mb=10000, mem_mib=9537, disk_mb=1000, disk_mib=954, tmpdir=<TBD>, slurm_account=DURBIN-SL2-CPU, slurm_partition=cclake-himem, runtime=60

Job 958 has been submitted with SLURM jobid 9989195 (log: /rds/project/rds-p67MZilb2eQ/projects/VGP/heterozygosity/.snakemake/slurm_logs/rule_BOOTSTRAPPING_MULTIHET_FILE/sharks_HydCol_9_CM068765.1/9989195.log).

[Tue May 27 10:25:35 2025]
rule BOOTSTRAPPING_MULTIHET_FILE:
    input: sharks/HydCol/MSMC/Output_multihet_filtered_95/CM068776.1_multihet.txt
    output: sharks/HydCol/MSMC/Output_Multihet_Bootstrapped/15/CM068776.1_multihet.txt
    jobid: 1294
    reason: Code has changed since last execution
    wildcards: CLADE=sharks, SPEC_NAME=HydCol, BOOT=15, CHROM=CM068776.1
    resources: mem_mb=10000, mem_mib=9537, disk_mb=1000, disk_mib=954, tmpdir=<TBD>, slurm_account=DURBIN-SL2-CPU, slurm_partition=cclake-himem, runtime=60

Job 1294 has been submitted with SLURM jobid 9989196 (log: /rds/project/rds-p67MZilb2eQ/projects/VGP/heterozygosity/.snakemake/slurm_logs/rule_BOOTSTRAPPING_MULTIHET_FILE/sharks_HydCol_15_CM068776.1/9989196.log).

[Tue May 27 10:25:37 2025]
rule BOOTSTRAPPING_MULTIHET_FILE:
    input: sharks/HydCol/MSMC/Output_multihet_filtered_95/CM068761.1_multihet.txt
    output: sharks/HydCol/MSMC/Output_Multihet_Bootstrapped/17/CM068761.1_multihet.txt
    jobid: 846
    reason: Code has changed since last execution
    wildcards: CLADE=sharks, SPEC_NAME=HydCol, BOOT=17, CHROM=CM068761.1
    resources: mem_mb=10000, mem_mib=9537, disk_mb=1000, disk_mib=954, tmpdir=<TBD>, slurm_account=DURBIN-SL2-CPU, slurm_partition=cclake-himem, runtime=60

Job 846 has been submitted with SLURM jobid 9989197 (log: /rds/project/rds-p67MZilb2eQ/projects/VGP/heterozygosity/.snakemake/slurm_logs/rule_BOOTSTRAPPING_MULTIHET_FILE/sharks_HydCol_17_CM068761.1/9989197.log).

[Tue May 27 10:25:37 2025]
rule BOOTSTRAPPING_MULTIHET_FILE:
    input: sharks/HydCol/MSMC/Output_multihet_filtered_95/CM068778.1_multihet.txt
    output: sharks/HydCol/MSMC/Output_Multihet_Bootstrapped/11/CM068778.1_multihet.txt
    jobid: 1350
    reason: Code has changed since last execution
    wildcards: CLADE=sharks, SPEC_NAME=HydCol, BOOT=11, CHROM=CM068778.1
    resources: mem_mb=10000, mem_mib=9537, disk_mb=1000, disk_mib=954, tmpdir=<TBD>, slurm_account=DURBIN-SL2-CPU, slurm_partition=cclake-himem, runtime=60

Job 1350 has been submitted with SLURM jobid 9989198 (log: /rds/project/rds-p67MZilb2eQ/projects/VGP/heterozygosity/.snakemake/slurm_logs/rule_BOOTSTRAPPING_MULTIHET_FILE/sharks_HydCol_11_CM068778.1/9989198.log).

[Tue May 27 10:25:37 2025]
rule BOOTSTRAPPING_MULTIHET_FILE:
    input: sharks/HydCol/MSMC/Output_multihet_filtered_95/CM068755.1_multihet.txt
    output: sharks/HydCol/MSMC/Output_Multihet_Bootstrapped/29/CM068755.1_multihet.txt
    jobid: 678
    reason: Code has changed since last execution
    wildcards: CLADE=sharks, SPEC_NAME=HydCol, BOOT=29, CHROM=CM068755.1
    resources: mem_mb=10000, mem_mib=9537, disk_mb=1000, disk_mib=954, tmpdir=<TBD>, slurm_account=DURBIN-SL2-CPU, slurm_partition=cclake-himem, runtime=60

Job 678 has been submitted with SLURM jobid 9989199 (log: /rds/project/rds-p67MZilb2eQ/projects/VGP/heterozygosity/.snakemake/slurm_logs/rule_BOOTSTRAPPING_MULTIHET_FILE/sharks_HydCol_29_CM068755.1/9989199.log).

[Tue May 27 10:25:40 2025]
rule BOOTSTRAPPING_MULTIHET_FILE:
    input: sharks/HydCol/MSMC/Output_multihet_filtered_95/CM068752.1_multihet.txt
    output: sharks/HydCol/MSMC/Output_Multihet_Bootstrapped/7/CM068752.1_multihet.txt
    jobid: 566
    reason: Code has changed since last execution
    wildcards: CLADE=sharks, SPEC_NAME=HydCol, BOOT=7, CHROM=CM068752.1
    resources: mem_mb=10000, mem_mib=9537, disk_mb=1000, disk_mib=954, tmpdir=<TBD>, slurm_account=DURBIN-SL2-CPU, slurm_partition=cclake-himem, runtime=60

Job 566 has been submitted with SLURM jobid 9989200 (log: /rds/project/rds-p67MZilb2eQ/projects/VGP/heterozygosity/.snakemake/slurm_logs/rule_BOOTSTRAPPING_MULTIHET_FILE/sharks_HydCol_7_CM068752.1/9989200.log).

[Tue May 27 10:25:40 2025]
rule BOOTSTRAPPING_MULTIHET_FILE:
    input: sharks/HydCol/MSMC/Output_multihet_filtered_95/CM068774.1_multihet.txt
    output: sharks/HydCol/MSMC/Output_Multihet_Bootstrapped/19/CM068774.1_multihet.txt
    jobid: 1238
    reason: Code has changed since last execution
    wildcards: CLADE=sharks, SPEC_NAME=HydCol, BOOT=19, CHROM=CM068774.1
    resources: mem_mb=10000, mem_mib=9537, disk_mb=1000, disk_mib=954, tmpdir=<TBD>, slurm_account=DURBIN-SL2-CPU, slurm_partition=cclake-himem, runtime=60

Job 1238 has been submitted with SLURM jobid 9989201 (log: /rds/project/rds-p67MZilb2eQ/projects/VGP/heterozygosity/.snakemake/slurm_logs/rule_BOOTSTRAPPING_MULTIHET_FILE/sharks_HydCol_19_CM068774.1/9989201.log).

[Tue May 27 10:25:40 2025]
rule BOOTSTRAPPING_MULTIHET_FILE:
    input: sharks/HydCol/MSMC/Output_multihet_filtered_95/CM068746.1_multihet.txt
    output: sharks/HydCol/MSMC/Output_Multihet_Bootstrapped/20/CM068746.1_multihet.txt
    jobid: 399
    reason: Code has changed since last execution
    wildcards: CLADE=sharks, SPEC_NAME=HydCol, BOOT=20, CHROM=CM068746.1
    resources: mem_mb=10000, mem_mib=9537, disk_mb=1000, disk_mib=954, tmpdir=<TBD>, slurm_account=DURBIN-SL2-CPU, slurm_partition=cclake-himem, runtime=60

Job 399 has been submitted with SLURM jobid 9989202 (log: /rds/project/rds-p67MZilb2eQ/projects/VGP/heterozygosity/.snakemake/slurm_logs/rule_BOOTSTRAPPING_MULTIHET_FILE/sharks_HydCol_20_CM068746.1/9989202.log).

[Tue May 27 10:25:42 2025]
rule BOOTSTRAPPING_MULTIHET_FILE:
    input: sharks/HydCol/MSMC/Output_multihet_filtered_95/CM068770.1_multihet.txt
    output: sharks/HydCol/MSMC/Output_Multihet_Bootstrapped/28/CM068770.1_multihet.txt
    jobid: 1127
    reason: Code has changed since last execution
    wildcards: CLADE=sharks, SPEC_NAME=HydCol, BOOT=28, CHROM=CM068770.1
    resources: mem_mb=10000, mem_mib=9537, disk_mb=1000, disk_mib=954, tmpdir=<TBD>, slurm_account=DURBIN-SL2-CPU, slurm_partition=cclake-himem, runtime=60

Job 1127 has been submitted with SLURM jobid 9989203 (log: /rds/project/rds-p67MZilb2eQ/projects/VGP/heterozygosity/.snakemake/slurm_logs/rule_BOOTSTRAPPING_MULTIHET_FILE/sharks_HydCol_28_CM068770.1/9989203.log).

[Tue May 27 10:25:42 2025]
rule BOOTSTRAPPING_MULTIHET_FILE:
    input: sharks/HydCol/MSMC/Output_multihet_filtered_95/CM068757.1_multihet.txt
    output: sharks/HydCol/MSMC/Output_Multihet_Bootstrapped/26/CM068757.1_multihet.txt
    jobid: 735
    reason: Code has changed since last execution
    wildcards: CLADE=sharks, SPEC_NAME=HydCol, BOOT=26, CHROM=CM068757.1
    resources: mem_mb=10000, mem_mib=9537, disk_mb=1000, disk_mib=954, tmpdir=<TBD>, slurm_account=DURBIN-SL2-CPU, slurm_partition=cclake-himem, runtime=60

Job 735 has been submitted with SLURM jobid 9989204 (log: /rds/project/rds-p67MZilb2eQ/projects/VGP/heterozygosity/.snakemake/slurm_logs/rule_BOOTSTRAPPING_MULTIHET_FILE/sharks_HydCol_26_CM068757.1/9989204.log).

[Tue May 27 10:25:45 2025]
rule BOOTSTRAPPING_MULTIHET_FILE:
    input: sharks/HydCol/MSMC/Output_multihet_filtered_95/CM068756.1_multihet.txt
    output: sharks/HydCol/MSMC/Output_Multihet_Bootstrapped/0/CM068756.1_multihet.txt
    jobid: 679
    reason: Code has changed since last execution
    wildcards: CLADE=sharks, SPEC_NAME=HydCol, BOOT=0, CHROM=CM068756.1
    resources: mem_mb=10000, mem_mib=9537, disk_mb=1000, disk_mib=954, tmpdir=<TBD>, slurm_account=DURBIN-SL2-CPU, slurm_partition=cclake-himem, runtime=60

Job 679 has been submitted with SLURM jobid 9989205 (log: /rds/project/rds-p67MZilb2eQ/projects/VGP/heterozygosity/.snakemake/slurm_logs/rule_BOOTSTRAPPING_MULTIHET_FILE/sharks_HydCol_0_CM068756.1/9989205.log).

[Tue May 27 10:25:45 2025]
rule BOOTSTRAPPING_MULTIHET_FILE:
    input: sharks/HydCol/MSMC/Output_multihet_filtered_95/CM068774.1_multihet.txt
    output: sharks/HydCol/MSMC/Output_Multihet_Bootstrapped/20/CM068774.1_multihet.txt
    jobid: 1239
    reason: Code has changed since last execution
    wildcards: CLADE=sharks, SPEC_NAME=HydCol, BOOT=20, CHROM=CM068774.1
    resources: mem_mb=10000, mem_mib=9537, disk_mb=1000, disk_mib=954, tmpdir=<TBD>, slurm_account=DURBIN-SL2-CPU, slurm_partition=cclake-himem, runtime=60

Job 1239 has been submitted with SLURM jobid 9989206 (log: /rds/project/rds-p67MZilb2eQ/projects/VGP/heterozygosity/.snakemake/slurm_logs/rule_BOOTSTRAPPING_MULTIHET_FILE/sharks_HydCol_20_CM068774.1/9989206.log).

[Tue May 27 10:25:45 2025]
rule BOOTSTRAPPING_MULTIHET_FILE:
    input: sharks/HydCol/MSMC/Output_multihet_filtered_95/CM068780.1_multihet.txt
    output: sharks/HydCol/MSMC/Output_Multihet_Bootstrapped/8/CM068780.1_multihet.txt
    jobid: 1407
    reason: Code has changed since last execution
    wildcards: CLADE=sharks, SPEC_NAME=HydCol, BOOT=8, CHROM=CM068780.1
    resources: mem_mb=10000, mem_mib=9537, disk_mb=1000, disk_mib=954, tmpdir=<TBD>, slurm_account=DURBIN-SL2-CPU, slurm_partition=cclake-himem, runtime=60

Job 1407 has been submitted with SLURM jobid 9989207 (log: /rds/project/rds-p67MZilb2eQ/projects/VGP/heterozygosity/.snakemake/slurm_logs/rule_BOOTSTRAPPING_MULTIHET_FILE/sharks_HydCol_8_CM068780.1/9989207.log).

[Tue May 27 10:25:47 2025]
rule BOOTSTRAPPING_MULTIHET_FILE:
    input: sharks/HydCol/MSMC/Output_multihet_filtered_95/CM068763.1_multihet.txt
    output: sharks/HydCol/MSMC/Output_Multihet_Bootstrapped/14/CM068763.1_multihet.txt
    jobid: 903
    reason: Code has changed since last execution
    wildcards: CLADE=sharks, SPEC_NAME=HydCol, BOOT=14, CHROM=CM068763.1
    resources: mem_mb=10000, mem_mib=9537, disk_mb=1000, disk_mib=954, tmpdir=<TBD>, slurm_account=DURBIN-SL2-CPU, slurm_partition=cclake-himem, runtime=60

Job 903 has been submitted with SLURM jobid 9989208 (log: /rds/project/rds-p67MZilb2eQ/projects/VGP/heterozygosity/.snakemake/slurm_logs/rule_BOOTSTRAPPING_MULTIHET_FILE/sharks_HydCol_14_CM068763.1/9989208.log).
