host: login-p-4
Building DAG of jobs...
Using shell: /usr/bin/bash
Provided cores: 56
Rules claiming more threads will be scaled down.
Job stats:
job                      count
---------------------  -------
CALC_HET_WHOLE_GENOME        1
COMPILE_HET                  1
all                          1
total                        3

Select jobs to execute...
Execute 2 jobs...

[Wed Mar 26 22:12:26 2025]
localrule CALC_HET_WHOLE_GENOME:
    input: sharks/HydCol_Test/Reference_HydCol_Test_Chroms_Lengths.txt
    output: sharks/HydCol_Test/20250326_HydCol_Test_per_chr_mean_heterozygosity.txt, sharks/HydCol_Test/20250326_HydCol_Test_whole_genome_mean_heterozygosity.txt
    jobid: 46
    reason: Missing output files: sharks/HydCol_Test/20250326_HydCol_Test_whole_genome_mean_heterozygosity.txt, sharks/HydCol_Test/20250326_HydCol_Test_per_chr_mean_heterozygosity.txt
    wildcards: CLADE=sharks, SPEC_NAME=HydCol_Test, TODAY_DATE=20250326
    resources: tmpdir=/tmp


[Wed Mar 26 22:12:26 2025]
localrule COMPILE_HET:
    input: sharks/HydCol_Test/20250326_CM068742.1_het.txt, sharks/HydCol_Test/20250326_CM068743.1_het.txt, sharks/HydCol_Test/20250326_CM068744.1_het.txt, sharks/HydCol_Test/20250326_CM068745.1_het.txt, sharks/HydCol_Test/20250326_CM068746.1_het.txt
    output: sharks/HydCol_Test/HydCol_Test_Het_Compiled.tsv
    jobid: 47
    reason: Missing output files: sharks/HydCol_Test/HydCol_Test_Het_Compiled.tsv
    wildcards: CLADE=sharks, SPEC_NAME=HydCol_Test
    resources: tmpdir=/tmp

[Wed Mar 26 22:12:26 2025]
Finished job 47.
1 of 3 steps (33%) done
RuleException:
CalledProcessError in file /rds/project/rds-p67MZilb2eQ/projects/VGP/heterozygosity/Snakefile, line 419:
Command 'set -euo pipefail;  
        python /rds/project/rds-p67MZilb2eQ/projects/VGP/heterozygosity/20250325_find_het_whole_genome_V3.py sharks/HydCol_Test/Reference_HydCol_Test_Chroms_Lengths.txt sharks HydCol_Test 20250326 40' returned non-zero exit status 1.
[Wed Mar 26 22:12:27 2025]
Error in rule CALC_HET_WHOLE_GENOME:
    jobid: 46
    input: sharks/HydCol_Test/Reference_HydCol_Test_Chroms_Lengths.txt
    output: sharks/HydCol_Test/20250326_HydCol_Test_per_chr_mean_heterozygosity.txt, sharks/HydCol_Test/20250326_HydCol_Test_whole_genome_mean_heterozygosity.txt
    shell:
        
        python /rds/project/rds-p67MZilb2eQ/projects/VGP/heterozygosity/20250325_find_het_whole_genome_V3.py sharks/HydCol_Test/Reference_HydCol_Test_Chroms_Lengths.txt sharks HydCol_Test 20250326 40
        
        (one of the commands exited with non-zero exit code; note that snakemake uses bash strict mode!)

Shutting down, this might take some time.
Exiting because a job execution failed. Look above for error message
Complete log: .snakemake/log/2025-03-26T221225.539459.snakemake.log
WorkflowError:
At least one job did not complete successfully.
