host: login-q-3
Building DAG of jobs...
SLURM run ID: f75a3772-c548-44ba-ace7-76d8088264f0
Using shell: /usr/bin/bash
Provided remote nodes: 30
Job stats:
job                            count
---------------------------  -------
BOOTSTRAPPING_MULTIHET_FILE       30
RUN_BOOTSTRAPPING_MSMC            30
all                                1
total                             61

Select jobs to execute...
Execute 30 jobs...

[Tue May 27 10:39:37 2025]
rule BOOTSTRAPPING_MULTIHET_FILE:
    input: sharks/HydCol/MSMC/Output_multihet_filtered_95/CM068781.1_multihet.txt
    output: sharks/HydCol/MSMC/Output_Multihet_Bootstrapped/23/CM068781.1_multihet.txt
    jobid: 283
    reason: Missing output files: sharks/HydCol/MSMC/Output_Multihet_Bootstrapped/23/CM068781.1_multihet.txt; Code has changed since last execution
    wildcards: CLADE=sharks, SPEC_NAME=HydCol, BOOT=23
    resources: mem_mb=10000, mem_mib=9537, disk_mb=1000, disk_mib=954, tmpdir=<TBD>, slurm_account=DURBIN-SL2-CPU, slurm_partition=cclake-himem, runtime=60

Job 283 has been submitted with SLURM jobid 9989568 (log: /rds/project/rds-p67MZilb2eQ/projects/VGP/heterozygosity/.snakemake/slurm_logs/rule_BOOTSTRAPPING_MULTIHET_FILE/sharks_HydCol_23/9989568.log).

[Tue May 27 10:39:38 2025]
rule BOOTSTRAPPING_MULTIHET_FILE:
    input: sharks/HydCol/MSMC/Output_multihet_filtered_95/CM068781.1_multihet.txt
    output: sharks/HydCol/MSMC/Output_Multihet_Bootstrapped/16/CM068781.1_multihet.txt
    jobid: 276
    reason: Missing output files: sharks/HydCol/MSMC/Output_Multihet_Bootstrapped/16/CM068781.1_multihet.txt; Code has changed since last execution
    wildcards: CLADE=sharks, SPEC_NAME=HydCol, BOOT=16
    resources: mem_mb=10000, mem_mib=9537, disk_mb=1000, disk_mib=954, tmpdir=<TBD>, slurm_account=DURBIN-SL2-CPU, slurm_partition=cclake-himem, runtime=60

Job 276 has been submitted with SLURM jobid 9989570 (log: /rds/project/rds-p67MZilb2eQ/projects/VGP/heterozygosity/.snakemake/slurm_logs/rule_BOOTSTRAPPING_MULTIHET_FILE/sharks_HydCol_16/9989570.log).

[Tue May 27 10:39:38 2025]
rule BOOTSTRAPPING_MULTIHET_FILE:
    input: sharks/HydCol/MSMC/Output_multihet_filtered_95/CM068781.1_multihet.txt
    output: sharks/HydCol/MSMC/Output_Multihet_Bootstrapped/9/CM068781.1_multihet.txt
    jobid: 269
    reason: Missing output files: sharks/HydCol/MSMC/Output_Multihet_Bootstrapped/9/CM068781.1_multihet.txt; Code has changed since last execution
    wildcards: CLADE=sharks, SPEC_NAME=HydCol, BOOT=9
    resources: mem_mb=10000, mem_mib=9537, disk_mb=1000, disk_mib=954, tmpdir=<TBD>, slurm_account=DURBIN-SL2-CPU, slurm_partition=cclake-himem, runtime=60

Job 269 has been submitted with SLURM jobid 9989571 (log: /rds/project/rds-p67MZilb2eQ/projects/VGP/heterozygosity/.snakemake/slurm_logs/rule_BOOTSTRAPPING_MULTIHET_FILE/sharks_HydCol_9/9989571.log).

[Tue May 27 10:39:39 2025]
rule BOOTSTRAPPING_MULTIHET_FILE:
    input: sharks/HydCol/MSMC/Output_multihet_filtered_95/CM068781.1_multihet.txt
    output: sharks/HydCol/MSMC/Output_Multihet_Bootstrapped/2/CM068781.1_multihet.txt
    jobid: 262
    reason: Missing output files: sharks/HydCol/MSMC/Output_Multihet_Bootstrapped/2/CM068781.1_multihet.txt; Code has changed since last execution
    wildcards: CLADE=sharks, SPEC_NAME=HydCol, BOOT=2
    resources: mem_mb=10000, mem_mib=9537, disk_mb=1000, disk_mib=954, tmpdir=<TBD>, slurm_account=DURBIN-SL2-CPU, slurm_partition=cclake-himem, runtime=60

Job 262 has been submitted with SLURM jobid 9989572 (log: /rds/project/rds-p67MZilb2eQ/projects/VGP/heterozygosity/.snakemake/slurm_logs/rule_BOOTSTRAPPING_MULTIHET_FILE/sharks_HydCol_2/9989572.log).

[Tue May 27 10:39:41 2025]
rule BOOTSTRAPPING_MULTIHET_FILE:
    input: sharks/HydCol/MSMC/Output_multihet_filtered_95/CM068781.1_multihet.txt
    output: sharks/HydCol/MSMC/Output_Multihet_Bootstrapped/24/CM068781.1_multihet.txt
    jobid: 284
    reason: Missing output files: sharks/HydCol/MSMC/Output_Multihet_Bootstrapped/24/CM068781.1_multihet.txt; Code has changed since last execution
    wildcards: CLADE=sharks, SPEC_NAME=HydCol, BOOT=24
    resources: mem_mb=10000, mem_mib=9537, disk_mb=1000, disk_mib=954, tmpdir=<TBD>, slurm_account=DURBIN-SL2-CPU, slurm_partition=cclake-himem, runtime=60

Job 284 has been submitted with SLURM jobid 9989574 (log: /rds/project/rds-p67MZilb2eQ/projects/VGP/heterozygosity/.snakemake/slurm_logs/rule_BOOTSTRAPPING_MULTIHET_FILE/sharks_HydCol_24/9989574.log).

[Tue May 27 10:39:41 2025]
rule BOOTSTRAPPING_MULTIHET_FILE:
    input: sharks/HydCol/MSMC/Output_multihet_filtered_95/CM068781.1_multihet.txt
    output: sharks/HydCol/MSMC/Output_Multihet_Bootstrapped/17/CM068781.1_multihet.txt
    jobid: 277
    reason: Missing output files: sharks/HydCol/MSMC/Output_Multihet_Bootstrapped/17/CM068781.1_multihet.txt; Code has changed since last execution
    wildcards: CLADE=sharks, SPEC_NAME=HydCol, BOOT=17
    resources: mem_mb=10000, mem_mib=9537, disk_mb=1000, disk_mib=954, tmpdir=<TBD>, slurm_account=DURBIN-SL2-CPU, slurm_partition=cclake-himem, runtime=60

Job 277 has been submitted with SLURM jobid 9989575 (log: /rds/project/rds-p67MZilb2eQ/projects/VGP/heterozygosity/.snakemake/slurm_logs/rule_BOOTSTRAPPING_MULTIHET_FILE/sharks_HydCol_17/9989575.log).

[Tue May 27 10:39:41 2025]
rule BOOTSTRAPPING_MULTIHET_FILE:
    input: sharks/HydCol/MSMC/Output_multihet_filtered_95/CM068781.1_multihet.txt
    output: sharks/HydCol/MSMC/Output_Multihet_Bootstrapped/10/CM068781.1_multihet.txt
    jobid: 270
    reason: Missing output files: sharks/HydCol/MSMC/Output_Multihet_Bootstrapped/10/CM068781.1_multihet.txt; Code has changed since last execution
    wildcards: CLADE=sharks, SPEC_NAME=HydCol, BOOT=10
    resources: mem_mb=10000, mem_mib=9537, disk_mb=1000, disk_mib=954, tmpdir=<TBD>, slurm_account=DURBIN-SL2-CPU, slurm_partition=cclake-himem, runtime=60

Job 270 has been submitted with SLURM jobid 9989576 (log: /rds/project/rds-p67MZilb2eQ/projects/VGP/heterozygosity/.snakemake/slurm_logs/rule_BOOTSTRAPPING_MULTIHET_FILE/sharks_HydCol_10/9989576.log).

[Tue May 27 10:39:43 2025]
rule BOOTSTRAPPING_MULTIHET_FILE:
    input: sharks/HydCol/MSMC/Output_multihet_filtered_95/CM068781.1_multihet.txt
    output: sharks/HydCol/MSMC/Output_Multihet_Bootstrapped/3/CM068781.1_multihet.txt
    jobid: 263
    reason: Missing output files: sharks/HydCol/MSMC/Output_Multihet_Bootstrapped/3/CM068781.1_multihet.txt; Code has changed since last execution
    wildcards: CLADE=sharks, SPEC_NAME=HydCol, BOOT=3
    resources: mem_mb=10000, mem_mib=9537, disk_mb=1000, disk_mib=954, tmpdir=<TBD>, slurm_account=DURBIN-SL2-CPU, slurm_partition=cclake-himem, runtime=60

Job 263 has been submitted with SLURM jobid 9989578 (log: /rds/project/rds-p67MZilb2eQ/projects/VGP/heterozygosity/.snakemake/slurm_logs/rule_BOOTSTRAPPING_MULTIHET_FILE/sharks_HydCol_3/9989578.log).

[Tue May 27 10:39:43 2025]
rule BOOTSTRAPPING_MULTIHET_FILE:
    input: sharks/HydCol/MSMC/Output_multihet_filtered_95/CM068781.1_multihet.txt
    output: sharks/HydCol/MSMC/Output_Multihet_Bootstrapped/25/CM068781.1_multihet.txt
    jobid: 285
    reason: Missing output files: sharks/HydCol/MSMC/Output_Multihet_Bootstrapped/25/CM068781.1_multihet.txt; Code has changed since last execution
    wildcards: CLADE=sharks, SPEC_NAME=HydCol, BOOT=25
    resources: mem_mb=10000, mem_mib=9537, disk_mb=1000, disk_mib=954, tmpdir=<TBD>, slurm_account=DURBIN-SL2-CPU, slurm_partition=cclake-himem, runtime=60

Job 285 has been submitted with SLURM jobid 9989579 (log: /rds/project/rds-p67MZilb2eQ/projects/VGP/heterozygosity/.snakemake/slurm_logs/rule_BOOTSTRAPPING_MULTIHET_FILE/sharks_HydCol_25/9989579.log).

[Tue May 27 10:39:44 2025]
rule BOOTSTRAPPING_MULTIHET_FILE:
    input: sharks/HydCol/MSMC/Output_multihet_filtered_95/CM068781.1_multihet.txt
    output: sharks/HydCol/MSMC/Output_Multihet_Bootstrapped/18/CM068781.1_multihet.txt
    jobid: 278
    reason: Missing output files: sharks/HydCol/MSMC/Output_Multihet_Bootstrapped/18/CM068781.1_multihet.txt; Code has changed since last execution
    wildcards: CLADE=sharks, SPEC_NAME=HydCol, BOOT=18
    resources: mem_mb=10000, mem_mib=9537, disk_mb=1000, disk_mib=954, tmpdir=<TBD>, slurm_account=DURBIN-SL2-CPU, slurm_partition=cclake-himem, runtime=60

Job 278 has been submitted with SLURM jobid 9989580 (log: /rds/project/rds-p67MZilb2eQ/projects/VGP/heterozygosity/.snakemake/slurm_logs/rule_BOOTSTRAPPING_MULTIHET_FILE/sharks_HydCol_18/9989580.log).

[Tue May 27 10:39:46 2025]
rule BOOTSTRAPPING_MULTIHET_FILE:
    input: sharks/HydCol/MSMC/Output_multihet_filtered_95/CM068781.1_multihet.txt
    output: sharks/HydCol/MSMC/Output_Multihet_Bootstrapped/11/CM068781.1_multihet.txt
    jobid: 271
    reason: Missing output files: sharks/HydCol/MSMC/Output_Multihet_Bootstrapped/11/CM068781.1_multihet.txt; Code has changed since last execution
    wildcards: CLADE=sharks, SPEC_NAME=HydCol, BOOT=11
    resources: mem_mb=10000, mem_mib=9537, disk_mb=1000, disk_mib=954, tmpdir=<TBD>, slurm_account=DURBIN-SL2-CPU, slurm_partition=cclake-himem, runtime=60

Job 271 has been submitted with SLURM jobid 9989582 (log: /rds/project/rds-p67MZilb2eQ/projects/VGP/heterozygosity/.snakemake/slurm_logs/rule_BOOTSTRAPPING_MULTIHET_FILE/sharks_HydCol_11/9989582.log).

[Tue May 27 10:39:46 2025]
rule BOOTSTRAPPING_MULTIHET_FILE:
    input: sharks/HydCol/MSMC/Output_multihet_filtered_95/CM068781.1_multihet.txt
    output: sharks/HydCol/MSMC/Output_Multihet_Bootstrapped/4/CM068781.1_multihet.txt
    jobid: 264
    reason: Missing output files: sharks/HydCol/MSMC/Output_Multihet_Bootstrapped/4/CM068781.1_multihet.txt; Code has changed since last execution
    wildcards: CLADE=sharks, SPEC_NAME=HydCol, BOOT=4
    resources: mem_mb=10000, mem_mib=9537, disk_mb=1000, disk_mib=954, tmpdir=<TBD>, slurm_account=DURBIN-SL2-CPU, slurm_partition=cclake-himem, runtime=60

Job 264 has been submitted with SLURM jobid 9989583 (log: /rds/project/rds-p67MZilb2eQ/projects/VGP/heterozygosity/.snakemake/slurm_logs/rule_BOOTSTRAPPING_MULTIHET_FILE/sharks_HydCol_4/9989583.log).

[Tue May 27 10:39:48 2025]
rule BOOTSTRAPPING_MULTIHET_FILE:
    input: sharks/HydCol/MSMC/Output_multihet_filtered_95/CM068781.1_multihet.txt
    output: sharks/HydCol/MSMC/Output_Multihet_Bootstrapped/26/CM068781.1_multihet.txt
    jobid: 286
    reason: Missing output files: sharks/HydCol/MSMC/Output_Multihet_Bootstrapped/26/CM068781.1_multihet.txt; Code has changed since last execution
    wildcards: CLADE=sharks, SPEC_NAME=HydCol, BOOT=26
    resources: mem_mb=10000, mem_mib=9537, disk_mb=1000, disk_mib=954, tmpdir=<TBD>, slurm_account=DURBIN-SL2-CPU, slurm_partition=cclake-himem, runtime=60

Job 286 has been submitted with SLURM jobid 9989585 (log: /rds/project/rds-p67MZilb2eQ/projects/VGP/heterozygosity/.snakemake/slurm_logs/rule_BOOTSTRAPPING_MULTIHET_FILE/sharks_HydCol_26/9989585.log).

[Tue May 27 10:39:49 2025]
rule BOOTSTRAPPING_MULTIHET_FILE:
    input: sharks/HydCol/MSMC/Output_multihet_filtered_95/CM068781.1_multihet.txt
    output: sharks/HydCol/MSMC/Output_Multihet_Bootstrapped/19/CM068781.1_multihet.txt
    jobid: 279
    reason: Missing output files: sharks/HydCol/MSMC/Output_Multihet_Bootstrapped/19/CM068781.1_multihet.txt; Code has changed since last execution
    wildcards: CLADE=sharks, SPEC_NAME=HydCol, BOOT=19
    resources: mem_mb=10000, mem_mib=9537, disk_mb=1000, disk_mib=954, tmpdir=<TBD>, slurm_account=DURBIN-SL2-CPU, slurm_partition=cclake-himem, runtime=60

Job 279 has been submitted with SLURM jobid 9989586 (log: /rds/project/rds-p67MZilb2eQ/projects/VGP/heterozygosity/.snakemake/slurm_logs/rule_BOOTSTRAPPING_MULTIHET_FILE/sharks_HydCol_19/9989586.log).

[Tue May 27 10:39:51 2025]
rule BOOTSTRAPPING_MULTIHET_FILE:
    input: sharks/HydCol/MSMC/Output_multihet_filtered_95/CM068781.1_multihet.txt
    output: sharks/HydCol/MSMC/Output_Multihet_Bootstrapped/12/CM068781.1_multihet.txt
    jobid: 272
    reason: Missing output files: sharks/HydCol/MSMC/Output_Multihet_Bootstrapped/12/CM068781.1_multihet.txt; Code has changed since last execution
    wildcards: CLADE=sharks, SPEC_NAME=HydCol, BOOT=12
    resources: mem_mb=10000, mem_mib=9537, disk_mb=1000, disk_mib=954, tmpdir=<TBD>, slurm_account=DURBIN-SL2-CPU, slurm_partition=cclake-himem, runtime=60

Job 272 has been submitted with SLURM jobid 9989588 (log: /rds/project/rds-p67MZilb2eQ/projects/VGP/heterozygosity/.snakemake/slurm_logs/rule_BOOTSTRAPPING_MULTIHET_FILE/sharks_HydCol_12/9989588.log).

[Tue May 27 10:39:51 2025]
rule BOOTSTRAPPING_MULTIHET_FILE:
    input: sharks/HydCol/MSMC/Output_multihet_filtered_95/CM068781.1_multihet.txt
    output: sharks/HydCol/MSMC/Output_Multihet_Bootstrapped/5/CM068781.1_multihet.txt
    jobid: 265
    reason: Missing output files: sharks/HydCol/MSMC/Output_Multihet_Bootstrapped/5/CM068781.1_multihet.txt; Code has changed since last execution
    wildcards: CLADE=sharks, SPEC_NAME=HydCol, BOOT=5
    resources: mem_mb=10000, mem_mib=9537, disk_mb=1000, disk_mib=954, tmpdir=<TBD>, slurm_account=DURBIN-SL2-CPU, slurm_partition=cclake-himem, runtime=60

Job 265 has been submitted with SLURM jobid 9989589 (log: /rds/project/rds-p67MZilb2eQ/projects/VGP/heterozygosity/.snakemake/slurm_logs/rule_BOOTSTRAPPING_MULTIHET_FILE/sharks_HydCol_5/9989589.log).

[Tue May 27 10:39:54 2025]
rule BOOTSTRAPPING_MULTIHET_FILE:
    input: sharks/HydCol/MSMC/Output_multihet_filtered_95/CM068781.1_multihet.txt
    output: sharks/HydCol/MSMC/Output_Multihet_Bootstrapped/27/CM068781.1_multihet.txt
    jobid: 287
    reason: Missing output files: sharks/HydCol/MSMC/Output_Multihet_Bootstrapped/27/CM068781.1_multihet.txt; Code has changed since last execution
    wildcards: CLADE=sharks, SPEC_NAME=HydCol, BOOT=27
    resources: mem_mb=10000, mem_mib=9537, disk_mb=1000, disk_mib=954, tmpdir=<TBD>, slurm_account=DURBIN-SL2-CPU, slurm_partition=cclake-himem, runtime=60

Job 287 has been submitted with SLURM jobid 9989591 (log: /rds/project/rds-p67MZilb2eQ/projects/VGP/heterozygosity/.snakemake/slurm_logs/rule_BOOTSTRAPPING_MULTIHET_FILE/sharks_HydCol_27/9989591.log).

[Tue May 27 10:39:54 2025]
rule BOOTSTRAPPING_MULTIHET_FILE:
    input: sharks/HydCol/MSMC/Output_multihet_filtered_95/CM068781.1_multihet.txt
    output: sharks/HydCol/MSMC/Output_Multihet_Bootstrapped/20/CM068781.1_multihet.txt
    jobid: 280
    reason: Missing output files: sharks/HydCol/MSMC/Output_Multihet_Bootstrapped/20/CM068781.1_multihet.txt; Code has changed since last execution
    wildcards: CLADE=sharks, SPEC_NAME=HydCol, BOOT=20
    resources: mem_mb=10000, mem_mib=9537, disk_mb=1000, disk_mib=954, tmpdir=<TBD>, slurm_account=DURBIN-SL2-CPU, slurm_partition=cclake-himem, runtime=60

Job 280 has been submitted with SLURM jobid 9989616 (log: /rds/project/rds-p67MZilb2eQ/projects/VGP/heterozygosity/.snakemake/slurm_logs/rule_BOOTSTRAPPING_MULTIHET_FILE/sharks_HydCol_20/9989616.log).

[Tue May 27 10:39:56 2025]
rule BOOTSTRAPPING_MULTIHET_FILE:
    input: sharks/HydCol/MSMC/Output_multihet_filtered_95/CM068781.1_multihet.txt
    output: sharks/HydCol/MSMC/Output_Multihet_Bootstrapped/13/CM068781.1_multihet.txt
    jobid: 273
    reason: Missing output files: sharks/HydCol/MSMC/Output_Multihet_Bootstrapped/13/CM068781.1_multihet.txt; Code has changed since last execution
    wildcards: CLADE=sharks, SPEC_NAME=HydCol, BOOT=13
    resources: mem_mb=10000, mem_mib=9537, disk_mb=1000, disk_mib=954, tmpdir=<TBD>, slurm_account=DURBIN-SL2-CPU, slurm_partition=cclake-himem, runtime=60

Job 273 has been submitted with SLURM jobid 9989617 (log: /rds/project/rds-p67MZilb2eQ/projects/VGP/heterozygosity/.snakemake/slurm_logs/rule_BOOTSTRAPPING_MULTIHET_FILE/sharks_HydCol_13/9989617.log).

[Tue May 27 10:39:56 2025]
rule BOOTSTRAPPING_MULTIHET_FILE:
    input: sharks/HydCol/MSMC/Output_multihet_filtered_95/CM068781.1_multihet.txt
    output: sharks/HydCol/MSMC/Output_Multihet_Bootstrapped/6/CM068781.1_multihet.txt
    jobid: 266
    reason: Missing output files: sharks/HydCol/MSMC/Output_Multihet_Bootstrapped/6/CM068781.1_multihet.txt; Code has changed since last execution
    wildcards: CLADE=sharks, SPEC_NAME=HydCol, BOOT=6
    resources: mem_mb=10000, mem_mib=9537, disk_mb=1000, disk_mib=954, tmpdir=<TBD>, slurm_account=DURBIN-SL2-CPU, slurm_partition=cclake-himem, runtime=60

Job 266 has been submitted with SLURM jobid 9989618 (log: /rds/project/rds-p67MZilb2eQ/projects/VGP/heterozygosity/.snakemake/slurm_logs/rule_BOOTSTRAPPING_MULTIHET_FILE/sharks_HydCol_6/9989618.log).

[Tue May 27 10:39:59 2025]
rule BOOTSTRAPPING_MULTIHET_FILE:
    input: sharks/HydCol/MSMC/Output_multihet_filtered_95/CM068781.1_multihet.txt
    output: sharks/HydCol/MSMC/Output_Multihet_Bootstrapped/28/CM068781.1_multihet.txt
    jobid: 288
    reason: Missing output files: sharks/HydCol/MSMC/Output_Multihet_Bootstrapped/28/CM068781.1_multihet.txt; Code has changed since last execution
    wildcards: CLADE=sharks, SPEC_NAME=HydCol, BOOT=28
    resources: mem_mb=10000, mem_mib=9537, disk_mb=1000, disk_mib=954, tmpdir=<TBD>, slurm_account=DURBIN-SL2-CPU, slurm_partition=cclake-himem, runtime=60

Job 288 has been submitted with SLURM jobid 9989619 (log: /rds/project/rds-p67MZilb2eQ/projects/VGP/heterozygosity/.snakemake/slurm_logs/rule_BOOTSTRAPPING_MULTIHET_FILE/sharks_HydCol_28/9989619.log).

[Tue May 27 10:39:59 2025]
rule BOOTSTRAPPING_MULTIHET_FILE:
    input: sharks/HydCol/MSMC/Output_multihet_filtered_95/CM068781.1_multihet.txt
    output: sharks/HydCol/MSMC/Output_Multihet_Bootstrapped/21/CM068781.1_multihet.txt
    jobid: 281
    reason: Missing output files: sharks/HydCol/MSMC/Output_Multihet_Bootstrapped/21/CM068781.1_multihet.txt; Code has changed since last execution
    wildcards: CLADE=sharks, SPEC_NAME=HydCol, BOOT=21
    resources: mem_mb=10000, mem_mib=9537, disk_mb=1000, disk_mib=954, tmpdir=<TBD>, slurm_account=DURBIN-SL2-CPU, slurm_partition=cclake-himem, runtime=60

Job 281 has been submitted with SLURM jobid 9989620 (log: /rds/project/rds-p67MZilb2eQ/projects/VGP/heterozygosity/.snakemake/slurm_logs/rule_BOOTSTRAPPING_MULTIHET_FILE/sharks_HydCol_21/9989620.log).

[Tue May 27 10:39:59 2025]
rule BOOTSTRAPPING_MULTIHET_FILE:
    input: sharks/HydCol/MSMC/Output_multihet_filtered_95/CM068781.1_multihet.txt
    output: sharks/HydCol/MSMC/Output_Multihet_Bootstrapped/14/CM068781.1_multihet.txt
    jobid: 274
    reason: Missing output files: sharks/HydCol/MSMC/Output_Multihet_Bootstrapped/14/CM068781.1_multihet.txt; Code has changed since last execution
    wildcards: CLADE=sharks, SPEC_NAME=HydCol, BOOT=14
    resources: mem_mb=10000, mem_mib=9537, disk_mb=1000, disk_mib=954, tmpdir=<TBD>, slurm_account=DURBIN-SL2-CPU, slurm_partition=cclake-himem, runtime=60

Job 274 has been submitted with SLURM jobid 9989621 (log: /rds/project/rds-p67MZilb2eQ/projects/VGP/heterozygosity/.snakemake/slurm_logs/rule_BOOTSTRAPPING_MULTIHET_FILE/sharks_HydCol_14/9989621.log).

[Tue May 27 10:40:04 2025]
rule BOOTSTRAPPING_MULTIHET_FILE:
    input: sharks/HydCol/MSMC/Output_multihet_filtered_95/CM068781.1_multihet.txt
    output: sharks/HydCol/MSMC/Output_Multihet_Bootstrapped/7/CM068781.1_multihet.txt
    jobid: 267
    reason: Missing output files: sharks/HydCol/MSMC/Output_Multihet_Bootstrapped/7/CM068781.1_multihet.txt; Code has changed since last execution
    wildcards: CLADE=sharks, SPEC_NAME=HydCol, BOOT=7
    resources: mem_mb=10000, mem_mib=9537, disk_mb=1000, disk_mib=954, tmpdir=<TBD>, slurm_account=DURBIN-SL2-CPU, slurm_partition=cclake-himem, runtime=60

Job 267 has been submitted with SLURM jobid 9989622 (log: /rds/project/rds-p67MZilb2eQ/projects/VGP/heterozygosity/.snakemake/slurm_logs/rule_BOOTSTRAPPING_MULTIHET_FILE/sharks_HydCol_7/9989622.log).

[Tue May 27 10:40:04 2025]
rule BOOTSTRAPPING_MULTIHET_FILE:
    input: sharks/HydCol/MSMC/Output_multihet_filtered_95/CM068781.1_multihet.txt
    output: sharks/HydCol/MSMC/Output_Multihet_Bootstrapped/0/CM068781.1_multihet.txt
    jobid: 260
    reason: Missing output files: sharks/HydCol/MSMC/Output_Multihet_Bootstrapped/0/CM068781.1_multihet.txt; Code has changed since last execution
    wildcards: CLADE=sharks, SPEC_NAME=HydCol, BOOT=0
    resources: mem_mb=10000, mem_mib=9537, disk_mb=1000, disk_mib=954, tmpdir=<TBD>, slurm_account=DURBIN-SL2-CPU, slurm_partition=cclake-himem, runtime=60

Job 260 has been submitted with SLURM jobid 9989623 (log: /rds/project/rds-p67MZilb2eQ/projects/VGP/heterozygosity/.snakemake/slurm_logs/rule_BOOTSTRAPPING_MULTIHET_FILE/sharks_HydCol_0/9989623.log).

[Tue May 27 10:40:04 2025]
rule BOOTSTRAPPING_MULTIHET_FILE:
    input: sharks/HydCol/MSMC/Output_multihet_filtered_95/CM068781.1_multihet.txt
    output: sharks/HydCol/MSMC/Output_Multihet_Bootstrapped/29/CM068781.1_multihet.txt
    jobid: 289
    reason: Missing output files: sharks/HydCol/MSMC/Output_Multihet_Bootstrapped/29/CM068781.1_multihet.txt; Code has changed since last execution
    wildcards: CLADE=sharks, SPEC_NAME=HydCol, BOOT=29
    resources: mem_mb=10000, mem_mib=9537, disk_mb=1000, disk_mib=954, tmpdir=<TBD>, slurm_account=DURBIN-SL2-CPU, slurm_partition=cclake-himem, runtime=60

Job 289 has been submitted with SLURM jobid 9989624 (log: /rds/project/rds-p67MZilb2eQ/projects/VGP/heterozygosity/.snakemake/slurm_logs/rule_BOOTSTRAPPING_MULTIHET_FILE/sharks_HydCol_29/9989624.log).

[Tue May 27 10:40:06 2025]
rule BOOTSTRAPPING_MULTIHET_FILE:
    input: sharks/HydCol/MSMC/Output_multihet_filtered_95/CM068781.1_multihet.txt
    output: sharks/HydCol/MSMC/Output_Multihet_Bootstrapped/22/CM068781.1_multihet.txt
    jobid: 282
    reason: Missing output files: sharks/HydCol/MSMC/Output_Multihet_Bootstrapped/22/CM068781.1_multihet.txt; Code has changed since last execution
    wildcards: CLADE=sharks, SPEC_NAME=HydCol, BOOT=22
    resources: mem_mb=10000, mem_mib=9537, disk_mb=1000, disk_mib=954, tmpdir=<TBD>, slurm_account=DURBIN-SL2-CPU, slurm_partition=cclake-himem, runtime=60

Job 282 has been submitted with SLURM jobid 9989625 (log: /rds/project/rds-p67MZilb2eQ/projects/VGP/heterozygosity/.snakemake/slurm_logs/rule_BOOTSTRAPPING_MULTIHET_FILE/sharks_HydCol_22/9989625.log).

[Tue May 27 10:40:07 2025]
rule BOOTSTRAPPING_MULTIHET_FILE:
    input: sharks/HydCol/MSMC/Output_multihet_filtered_95/CM068781.1_multihet.txt
    output: sharks/HydCol/MSMC/Output_Multihet_Bootstrapped/15/CM068781.1_multihet.txt
    jobid: 275
    reason: Missing output files: sharks/HydCol/MSMC/Output_Multihet_Bootstrapped/15/CM068781.1_multihet.txt; Code has changed since last execution
    wildcards: CLADE=sharks, SPEC_NAME=HydCol, BOOT=15
    resources: mem_mb=10000, mem_mib=9537, disk_mb=1000, disk_mib=954, tmpdir=<TBD>, slurm_account=DURBIN-SL2-CPU, slurm_partition=cclake-himem, runtime=60

Job 275 has been submitted with SLURM jobid 9989626 (log: /rds/project/rds-p67MZilb2eQ/projects/VGP/heterozygosity/.snakemake/slurm_logs/rule_BOOTSTRAPPING_MULTIHET_FILE/sharks_HydCol_15/9989626.log).

[Tue May 27 10:40:07 2025]
rule BOOTSTRAPPING_MULTIHET_FILE:
    input: sharks/HydCol/MSMC/Output_multihet_filtered_95/CM068781.1_multihet.txt
    output: sharks/HydCol/MSMC/Output_Multihet_Bootstrapped/8/CM068781.1_multihet.txt
    jobid: 268
    reason: Missing output files: sharks/HydCol/MSMC/Output_Multihet_Bootstrapped/8/CM068781.1_multihet.txt; Code has changed since last execution
    wildcards: CLADE=sharks, SPEC_NAME=HydCol, BOOT=8
    resources: mem_mb=10000, mem_mib=9537, disk_mb=1000, disk_mib=954, tmpdir=<TBD>, slurm_account=DURBIN-SL2-CPU, slurm_partition=cclake-himem, runtime=60

Job 268 has been submitted with SLURM jobid 9989627 (log: /rds/project/rds-p67MZilb2eQ/projects/VGP/heterozygosity/.snakemake/slurm_logs/rule_BOOTSTRAPPING_MULTIHET_FILE/sharks_HydCol_8/9989627.log).

[Tue May 27 10:40:09 2025]
rule BOOTSTRAPPING_MULTIHET_FILE:
    input: sharks/HydCol/MSMC/Output_multihet_filtered_95/CM068781.1_multihet.txt
    output: sharks/HydCol/MSMC/Output_Multihet_Bootstrapped/1/CM068781.1_multihet.txt
    jobid: 261
    reason: Missing output files: sharks/HydCol/MSMC/Output_Multihet_Bootstrapped/1/CM068781.1_multihet.txt; Code has changed since last execution
    wildcards: CLADE=sharks, SPEC_NAME=HydCol, BOOT=1
    resources: mem_mb=10000, mem_mib=9537, disk_mb=1000, disk_mib=954, tmpdir=<TBD>, slurm_account=DURBIN-SL2-CPU, slurm_partition=cclake-himem, runtime=60

Job 261 has been submitted with SLURM jobid 9989628 (log: /rds/project/rds-p67MZilb2eQ/projects/VGP/heterozygosity/.snakemake/slurm_logs/rule_BOOTSTRAPPING_MULTIHET_FILE/sharks_HydCol_1/9989628.log).
[Tue May 27 10:49:18 2025]
Error in rule BOOTSTRAPPING_MULTIHET_FILE:
    message: SLURM-job '9989568' failed, SLURM status is: 'FAILED'. For further error details see the cluster/cloud log and the log files of the involved rule(s).
    jobid: 283
    input: sharks/HydCol/MSMC/Output_multihet_filtered_95/CM068781.1_multihet.txt
    output: sharks/HydCol/MSMC/Output_Multihet_Bootstrapped/23/CM068781.1_multihet.txt
    log: /rds/project/rds-p67MZilb2eQ/projects/VGP/heterozygosity/.snakemake/slurm_logs/rule_BOOTSTRAPPING_MULTIHET_FILE/sharks_HydCol_23/9989568.log (check log file(s) for error details)
    shell:
        
        mkdir -p sharks/HydCol/MSMC/Output_Multihet_Bootstrapped/23
        python /rds/project/rds-8b3VcZwY7rY/users/ag2427/hpc-work/20241011_jaskaran_script_msmc_fileprep/block_bootstrap_mhs.py --inmhs sharks/HydCol/MSMC/Output_multihet_filtered_95/CM068781.1_multihet.txt --windowsize 5e+05 --outmhs sharks/HydCol/MSMC/Output_Multihet_Bootstrapped/23/CM068781.1_multihet.txt
        
        (one of the commands exited with non-zero exit code; note that snakemake uses bash strict mode!)
    external_jobid: 9989568

[Tue May 27 10:49:18 2025]
Error in rule BOOTSTRAPPING_MULTIHET_FILE:
    message: SLURM-job '9989570' failed, SLURM status is: 'FAILED'. For further error details see the cluster/cloud log and the log files of the involved rule(s).
    jobid: 276
    input: sharks/HydCol/MSMC/Output_multihet_filtered_95/CM068781.1_multihet.txt
    output: sharks/HydCol/MSMC/Output_Multihet_Bootstrapped/16/CM068781.1_multihet.txt
    log: /rds/project/rds-p67MZilb2eQ/projects/VGP/heterozygosity/.snakemake/slurm_logs/rule_BOOTSTRAPPING_MULTIHET_FILE/sharks_HydCol_16/9989570.log (check log file(s) for error details)
    shell:
        
        mkdir -p sharks/HydCol/MSMC/Output_Multihet_Bootstrapped/16
        python /rds/project/rds-8b3VcZwY7rY/users/ag2427/hpc-work/20241011_jaskaran_script_msmc_fileprep/block_bootstrap_mhs.py --inmhs sharks/HydCol/MSMC/Output_multihet_filtered_95/CM068781.1_multihet.txt --windowsize 5e+05 --outmhs sharks/HydCol/MSMC/Output_Multihet_Bootstrapped/16/CM068781.1_multihet.txt
        
        (one of the commands exited with non-zero exit code; note that snakemake uses bash strict mode!)
    external_jobid: 9989570

[Tue May 27 10:49:18 2025]
Error in rule BOOTSTRAPPING_MULTIHET_FILE:
    message: SLURM-job '9989571' failed, SLURM status is: 'FAILED'. For further error details see the cluster/cloud log and the log files of the involved rule(s).
    jobid: 269
    input: sharks/HydCol/MSMC/Output_multihet_filtered_95/CM068781.1_multihet.txt
    output: sharks/HydCol/MSMC/Output_Multihet_Bootstrapped/9/CM068781.1_multihet.txt
    log: /rds/project/rds-p67MZilb2eQ/projects/VGP/heterozygosity/.snakemake/slurm_logs/rule_BOOTSTRAPPING_MULTIHET_FILE/sharks_HydCol_9/9989571.log (check log file(s) for error details)
    shell:
        
        mkdir -p sharks/HydCol/MSMC/Output_Multihet_Bootstrapped/9
        python /rds/project/rds-8b3VcZwY7rY/users/ag2427/hpc-work/20241011_jaskaran_script_msmc_fileprep/block_bootstrap_mhs.py --inmhs sharks/HydCol/MSMC/Output_multihet_filtered_95/CM068781.1_multihet.txt --windowsize 5e+05 --outmhs sharks/HydCol/MSMC/Output_Multihet_Bootstrapped/9/CM068781.1_multihet.txt
        
        (one of the commands exited with non-zero exit code; note that snakemake uses bash strict mode!)
    external_jobid: 9989571

[Tue May 27 10:49:18 2025]
Error in rule BOOTSTRAPPING_MULTIHET_FILE:
    message: SLURM-job '9989572' failed, SLURM status is: 'FAILED'. For further error details see the cluster/cloud log and the log files of the involved rule(s).
    jobid: 262
    input: sharks/HydCol/MSMC/Output_multihet_filtered_95/CM068781.1_multihet.txt
    output: sharks/HydCol/MSMC/Output_Multihet_Bootstrapped/2/CM068781.1_multihet.txt
    log: /rds/project/rds-p67MZilb2eQ/projects/VGP/heterozygosity/.snakemake/slurm_logs/rule_BOOTSTRAPPING_MULTIHET_FILE/sharks_HydCol_2/9989572.log (check log file(s) for error details)
    shell:
        
        mkdir -p sharks/HydCol/MSMC/Output_Multihet_Bootstrapped/2
        python /rds/project/rds-8b3VcZwY7rY/users/ag2427/hpc-work/20241011_jaskaran_script_msmc_fileprep/block_bootstrap_mhs.py --inmhs sharks/HydCol/MSMC/Output_multihet_filtered_95/CM068781.1_multihet.txt --windowsize 5e+05 --outmhs sharks/HydCol/MSMC/Output_Multihet_Bootstrapped/2/CM068781.1_multihet.txt
        
        (one of the commands exited with non-zero exit code; note that snakemake uses bash strict mode!)
    external_jobid: 9989572

