host: login-p-1
Building DAG of jobs...
Using shell: /usr/bin/bash
Provided cores: 56
Rules claiming more threads will be scaled down.
Job stats:
job                       count
----------------------  -------
GET_ALN_ONLY_PER_CHROM        6
GET_VAR_ALN_FILE              6
GET_VAR_ONLY_PER_CHROM        6
ROH_CALC                      6
all                           1
total                        25

Select jobs to execute...
Execute 6 jobs...

[Wed Mar 26 14:04:05 2025]
localrule GET_VAR_ALN_FILE:
    input: amphibians/EleCoq_TEST/20250325_CM069419.1_filtered.paf
    output: amphibians/EleCoq_TEST/20250325_CM069419.1_Aln_Var.txt
    jobid: 20
    reason: Missing output files: amphibians/EleCoq_TEST/20250325_CM069419.1_Aln_Var.txt
    wildcards: CLADE=amphibians, SPEC_NAME=EleCoq_TEST, TODAY_DATE=20250325, CHR=CM069419.1
    resources: tmpdir=/tmp


[Wed Mar 26 14:04:05 2025]
localrule GET_VAR_ALN_FILE:
    input: amphibians/EleCoq_TEST/20250325_CM069423.1_filtered.paf
    output: amphibians/EleCoq_TEST/20250325_CM069423.1_Aln_Var.txt
    jobid: 36
    reason: Missing output files: amphibians/EleCoq_TEST/20250325_CM069423.1_Aln_Var.txt
    wildcards: CLADE=amphibians, SPEC_NAME=EleCoq_TEST, TODAY_DATE=20250325, CHR=CM069423.1
    resources: tmpdir=/tmp


[Wed Mar 26 14:04:05 2025]
localrule GET_VAR_ALN_FILE:
    input: amphibians/EleCoq_TEST/20250325_CM069418.1_filtered.paf
    output: amphibians/EleCoq_TEST/20250325_CM069418.1_Aln_Var.txt
    jobid: 15
    reason: Missing output files: amphibians/EleCoq_TEST/20250325_CM069418.1_Aln_Var.txt
    wildcards: CLADE=amphibians, SPEC_NAME=EleCoq_TEST, TODAY_DATE=20250325, CHR=CM069418.1
    resources: tmpdir=/tmp


[Wed Mar 26 14:04:05 2025]
localrule GET_VAR_ALN_FILE:
    input: amphibians/EleCoq_TEST/20250325_CM069421.1_filtered.paf
    output: amphibians/EleCoq_TEST/20250325_CM069421.1_Aln_Var.txt
    jobid: 28
    reason: Missing output files: amphibians/EleCoq_TEST/20250325_CM069421.1_Aln_Var.txt
    wildcards: CLADE=amphibians, SPEC_NAME=EleCoq_TEST, TODAY_DATE=20250325, CHR=CM069421.1
    resources: tmpdir=/tmp


[Wed Mar 26 14:04:05 2025]
localrule GET_VAR_ALN_FILE:
    input: amphibians/EleCoq_TEST/20250325_CM069422.1_filtered.paf
    output: amphibians/EleCoq_TEST/20250325_CM069422.1_Aln_Var.txt
    jobid: 32
    reason: Missing output files: amphibians/EleCoq_TEST/20250325_CM069422.1_Aln_Var.txt
    wildcards: CLADE=amphibians, SPEC_NAME=EleCoq_TEST, TODAY_DATE=20250325, CHR=CM069422.1
    resources: tmpdir=/tmp


[Wed Mar 26 14:04:05 2025]
localrule GET_VAR_ALN_FILE:
    input: amphibians/EleCoq_TEST/20250325_CM069420.1_filtered.paf
    output: amphibians/EleCoq_TEST/20250325_CM069420.1_Aln_Var.txt
    jobid: 24
    reason: Missing output files: amphibians/EleCoq_TEST/20250325_CM069420.1_Aln_Var.txt
    wildcards: CLADE=amphibians, SPEC_NAME=EleCoq_TEST, TODAY_DATE=20250325, CHR=CM069420.1
    resources: tmpdir=/tmp

[Wed Mar 26 14:04:06 2025]
Finished job 20.
1 of 25 steps (4%) done
Select jobs to execute...
Execute 2 jobs...

[Wed Mar 26 14:04:06 2025]
localrule GET_ALN_ONLY_PER_CHROM:
    input: amphibians/EleCoq_TEST/20250325_CM069419.1_Aln_Var.txt
    output: amphibians/EleCoq_TEST/20250325_CM069419.1_Aln_Only.txt
    jobid: 19
    reason: Missing output files: amphibians/EleCoq_TEST/20250325_CM069419.1_Aln_Only.txt; Input files updated by another job: amphibians/EleCoq_TEST/20250325_CM069419.1_Aln_Var.txt
    wildcards: CLADE=amphibians, SPEC_NAME=EleCoq_TEST, TODAY_DATE=20250325, CHR=CM069419.1
    resources: tmpdir=/tmp


[Wed Mar 26 14:04:06 2025]
localrule GET_VAR_ONLY_PER_CHROM:
    input: amphibians/EleCoq_TEST/20250325_CM069419.1_Aln_Var.txt
    output: amphibians/EleCoq_TEST/20250325_CM069419.1_Var_Only.txt
    jobid: 21
    reason: Missing output files: amphibians/EleCoq_TEST/20250325_CM069419.1_Var_Only.txt; Input files updated by another job: amphibians/EleCoq_TEST/20250325_CM069419.1_Aln_Var.txt
    wildcards: CLADE=amphibians, SPEC_NAME=EleCoq_TEST, TODAY_DATE=20250325, CHR=CM069419.1
    resources: tmpdir=/tmp

[Wed Mar 26 14:04:06 2025]
Finished job 28.
2 of 25 steps (8%) done
[Wed Mar 26 14:04:06 2025]
Finished job 36.
3 of 25 steps (12%) done
Select jobs to execute...
Execute 4 jobs...

[Wed Mar 26 14:04:06 2025]
localrule GET_VAR_ONLY_PER_CHROM:
    input: amphibians/EleCoq_TEST/20250325_CM069423.1_Aln_Var.txt
    output: amphibians/EleCoq_TEST/20250325_CM069423.1_Var_Only.txt
    jobid: 37
    reason: Missing output files: amphibians/EleCoq_TEST/20250325_CM069423.1_Var_Only.txt; Input files updated by another job: amphibians/EleCoq_TEST/20250325_CM069423.1_Aln_Var.txt
    wildcards: CLADE=amphibians, SPEC_NAME=EleCoq_TEST, TODAY_DATE=20250325, CHR=CM069423.1
    resources: tmpdir=/tmp


[Wed Mar 26 14:04:06 2025]
localrule GET_ALN_ONLY_PER_CHROM:
    input: amphibians/EleCoq_TEST/20250325_CM069423.1_Aln_Var.txt
    output: amphibians/EleCoq_TEST/20250325_CM069423.1_Aln_Only.txt
    jobid: 35
    reason: Missing output files: amphibians/EleCoq_TEST/20250325_CM069423.1_Aln_Only.txt; Input files updated by another job: amphibians/EleCoq_TEST/20250325_CM069423.1_Aln_Var.txt
    wildcards: CLADE=amphibians, SPEC_NAME=EleCoq_TEST, TODAY_DATE=20250325, CHR=CM069423.1
    resources: tmpdir=/tmp


[Wed Mar 26 14:04:06 2025]
localrule GET_ALN_ONLY_PER_CHROM:
    input: amphibians/EleCoq_TEST/20250325_CM069421.1_Aln_Var.txt
    output: amphibians/EleCoq_TEST/20250325_CM069421.1_Aln_Only.txt
    jobid: 27
    reason: Missing output files: amphibians/EleCoq_TEST/20250325_CM069421.1_Aln_Only.txt; Input files updated by another job: amphibians/EleCoq_TEST/20250325_CM069421.1_Aln_Var.txt
    wildcards: CLADE=amphibians, SPEC_NAME=EleCoq_TEST, TODAY_DATE=20250325, CHR=CM069421.1
    resources: tmpdir=/tmp


[Wed Mar 26 14:04:06 2025]
localrule GET_VAR_ONLY_PER_CHROM:
    input: amphibians/EleCoq_TEST/20250325_CM069421.1_Aln_Var.txt
    output: amphibians/EleCoq_TEST/20250325_CM069421.1_Var_Only.txt
    jobid: 29
    reason: Missing output files: amphibians/EleCoq_TEST/20250325_CM069421.1_Var_Only.txt; Input files updated by another job: amphibians/EleCoq_TEST/20250325_CM069421.1_Aln_Var.txt
    wildcards: CLADE=amphibians, SPEC_NAME=EleCoq_TEST, TODAY_DATE=20250325, CHR=CM069421.1
    resources: tmpdir=/tmp

[Wed Mar 26 14:04:06 2025]
Finished job 24.
4 of 25 steps (16%) done
[Wed Mar 26 14:04:06 2025]
Finished job 19.
5 of 25 steps (20%) done
[Wed Mar 26 14:04:06 2025]
Finished job 21.
6 of 25 steps (24%) done
[Wed Mar 26 14:04:06 2025]
Finished job 37.
7 of 25 steps (28%) done
[Wed Mar 26 14:04:06 2025]
Finished job 35.
8 of 25 steps (32%) done
Select jobs to execute...
Execute 4 jobs...

[Wed Mar 26 14:04:06 2025]
localrule GET_VAR_ONLY_PER_CHROM:
    input: amphibians/EleCoq_TEST/20250325_CM069420.1_Aln_Var.txt
    output: amphibians/EleCoq_TEST/20250325_CM069420.1_Var_Only.txt
    jobid: 25
    reason: Missing output files: amphibians/EleCoq_TEST/20250325_CM069420.1_Var_Only.txt; Input files updated by another job: amphibians/EleCoq_TEST/20250325_CM069420.1_Aln_Var.txt
    wildcards: CLADE=amphibians, SPEC_NAME=EleCoq_TEST, TODAY_DATE=20250325, CHR=CM069420.1
    resources: tmpdir=/tmp


[Wed Mar 26 14:04:06 2025]
localrule ROH_CALC:
    input: amphibians/EleCoq_TEST/20250325_CM069423.1_Aln_Only.txt, amphibians/EleCoq_TEST/20250325_CM069423.1_Var_Only.txt, amphibians/EleCoq_TEST/Reference_EleCoq_TEST_Chroms_Lengths.txt
    output: amphibians/EleCoq_TEST/20250325_CM069423.1_ROH_Results.txt
    jobid: 34
    reason: Missing output files: amphibians/EleCoq_TEST/20250325_CM069423.1_ROH_Results.txt; Input files updated by another job: amphibians/EleCoq_TEST/20250325_CM069423.1_Var_Only.txt, amphibians/EleCoq_TEST/20250325_CM069423.1_Aln_Only.txt
    wildcards: CLADE=amphibians, SPEC_NAME=EleCoq_TEST, TODAY_DATE=20250325, CHR=CM069423.1
    resources: tmpdir=/tmp

RuleException in rule ROH_CALC in file /rds/project/rds-p67MZilb2eQ/projects/VGP/heterozygosity/Snakefile, line 274:
AttributeError: 'InputFiles' object has no attribute 'ALN_FILE', when formatting the following:

        CHROM_LENGTH="$(find_chrom_length({input.CHROM_LENGTH_FILE}, {wildcards.CHR}))"
        python {ROH_CALC_PY} {wildcards.CHR} "$CHROM_LENGTH" {params.TODAY_DATE} {params.REF_NAME} {params.CLADE} {input.ALN_FILE} {input.VAR_FILE}
        
