host: login-q-4
Building DAG of jobs...
SLURM run ID: 97a2ee0d-15b4-4e7f-9a5d-8fcb717e9d4c
Using shell: /usr/bin/bash
Provided remote nodes: 25
Job stats:
job                 count
----------------  -------
PLOT_MSMC               1
RUN_PRIMARY_MSMC        1
all                     1
total                   3

Select jobs to execute...
Execute 1 jobs...

[Fri May 23 13:59:41 2025]
rule RUN_PRIMARY_MSMC:
    input: sharks/HypSab/MSMC/Output_multihet_filtered_95/NC_082706.1_multihet.txt, sharks/HypSab/MSMC/Output_multihet_filtered_95/NC_082707.1_multihet.txt, sharks/HypSab/MSMC/Output_multihet_filtered_95/NC_082708.1_multihet.txt, sharks/HypSab/MSMC/Output_multihet_filtered_95/NC_082709.1_multihet.txt, sharks/HypSab/MSMC/Output_multihet_filtered_95/NC_082710.1_multihet.txt, sharks/HypSab/MSMC/Output_multihet_filtered_95/NC_082711.1_multihet.txt, sharks/HypSab/MSMC/Output_multihet_filtered_95/NC_082712.1_multihet.txt, sharks/HypSab/MSMC/Output_multihet_filtered_95/NC_082713.1_multihet.txt, sharks/HypSab/MSMC/Output_multihet_filtered_95/NC_082714.1_multihet.txt, sharks/HypSab/MSMC/Output_multihet_filtered_95/NC_082715.1_multihet.txt, sharks/HypSab/MSMC/Output_multihet_filtered_95/NC_082716.1_multihet.txt, sharks/HypSab/MSMC/Output_multihet_filtered_95/NC_082717.1_multihet.txt, sharks/HypSab/MSMC/Output_multihet_filtered_95/NC_082718.1_multihet.txt, sharks/HypSab/MSMC/Output_multihet_filtered_95/NC_082719.1_multihet.txt, sharks/HypSab/MSMC/Output_multihet_filtered_95/NC_082720.1_multihet.txt, sharks/HypSab/MSMC/Output_multihet_filtered_95/NC_082721.1_multihet.txt, sharks/HypSab/MSMC/Output_multihet_filtered_95/NC_082722.1_multihet.txt, sharks/HypSab/MSMC/Output_multihet_filtered_95/NC_082723.1_multihet.txt, sharks/HypSab/MSMC/Output_multihet_filtered_95/NC_082724.1_multihet.txt, sharks/HypSab/MSMC/Output_multihet_filtered_95/NC_082725.1_multihet.txt, sharks/HypSab/MSMC/Output_multihet_filtered_95/NC_082726.1_multihet.txt, sharks/HypSab/MSMC/Output_multihet_filtered_95/NC_082727.1_multihet.txt, sharks/HypSab/MSMC/Output_multihet_filtered_95/NC_082728.1_multihet.txt, sharks/HypSab/MSMC/Output_multihet_filtered_95/NC_082729.1_multihet.txt, sharks/HypSab/MSMC/Output_multihet_filtered_95/NC_082730.1_multihet.txt, sharks/HypSab/MSMC/Output_multihet_filtered_95/NC_082731.1_multihet.txt, sharks/HypSab/MSMC/Output_multihet_filtered_95/NC_082732.1_multihet.txt, sharks/HypSab/MSMC/Output_multihet_filtered_95/NC_082733.1_multihet.txt, sharks/HypSab/MSMC/Output_multihet_filtered_95/NC_082734.1_multihet.txt, sharks/HypSab/MSMC/Output_multihet_filtered_95/NC_082735.1_multihet.txt, sharks/HypSab/MSMC/Output_multihet_filtered_95/NC_082736.1_multihet.txt, sharks/HypSab/MSMC/Output_multihet_filtered_95/NC_082737.1_multihet.txt
    output: sharks/HypSab/20250425_HypSab.msmc2.loop.txt, sharks/HypSab/20250425_HypSab.msmc2.log, sharks/HypSab/20250425_HypSab.msmc2.final.txt
    jobid: 544
    reason: Missing output files: sharks/HypSab/20250425_HypSab.msmc2.final.txt
    wildcards: CLADE=sharks, SPEC_NAME=HypSab, TODAY_DATE=20250425
    resources: mem_mb=10000, mem_mib=9537, disk_mb=1000, disk_mib=954, tmpdir=<TBD>, slurm_account=DURBIN-SL2-CPU, slurm_partition=cclake-himem, runtime=60

Job 544 has been submitted with SLURM jobid 9805867 (log: /rds/project/rds-p67MZilb2eQ/projects/VGP/heterozygosity/.snakemake/slurm_logs/rule_RUN_PRIMARY_MSMC/sharks_HypSab_20250425/9805867.log).
[Fri May 23 14:00:21 2025]
Error in rule RUN_PRIMARY_MSMC:
    message: SLURM-job '9805867' failed, SLURM status is: 'FAILED'. For further error details see the cluster/cloud log and the log files of the involved rule(s).
    jobid: 544
    input: sharks/HypSab/MSMC/Output_multihet_filtered_95/NC_082706.1_multihet.txt, sharks/HypSab/MSMC/Output_multihet_filtered_95/NC_082707.1_multihet.txt, sharks/HypSab/MSMC/Output_multihet_filtered_95/NC_082708.1_multihet.txt, sharks/HypSab/MSMC/Output_multihet_filtered_95/NC_082709.1_multihet.txt, sharks/HypSab/MSMC/Output_multihet_filtered_95/NC_082710.1_multihet.txt, sharks/HypSab/MSMC/Output_multihet_filtered_95/NC_082711.1_multihet.txt, sharks/HypSab/MSMC/Output_multihet_filtered_95/NC_082712.1_multihet.txt, sharks/HypSab/MSMC/Output_multihet_filtered_95/NC_082713.1_multihet.txt, sharks/HypSab/MSMC/Output_multihet_filtered_95/NC_082714.1_multihet.txt, sharks/HypSab/MSMC/Output_multihet_filtered_95/NC_082715.1_multihet.txt, sharks/HypSab/MSMC/Output_multihet_filtered_95/NC_082716.1_multihet.txt, sharks/HypSab/MSMC/Output_multihet_filtered_95/NC_082717.1_multihet.txt, sharks/HypSab/MSMC/Output_multihet_filtered_95/NC_082718.1_multihet.txt, sharks/HypSab/MSMC/Output_multihet_filtered_95/NC_082719.1_multihet.txt, sharks/HypSab/MSMC/Output_multihet_filtered_95/NC_082720.1_multihet.txt, sharks/HypSab/MSMC/Output_multihet_filtered_95/NC_082721.1_multihet.txt, sharks/HypSab/MSMC/Output_multihet_filtered_95/NC_082722.1_multihet.txt, sharks/HypSab/MSMC/Output_multihet_filtered_95/NC_082723.1_multihet.txt, sharks/HypSab/MSMC/Output_multihet_filtered_95/NC_082724.1_multihet.txt, sharks/HypSab/MSMC/Output_multihet_filtered_95/NC_082725.1_multihet.txt, sharks/HypSab/MSMC/Output_multihet_filtered_95/NC_082726.1_multihet.txt, sharks/HypSab/MSMC/Output_multihet_filtered_95/NC_082727.1_multihet.txt, sharks/HypSab/MSMC/Output_multihet_filtered_95/NC_082728.1_multihet.txt, sharks/HypSab/MSMC/Output_multihet_filtered_95/NC_082729.1_multihet.txt, sharks/HypSab/MSMC/Output_multihet_filtered_95/NC_082730.1_multihet.txt, sharks/HypSab/MSMC/Output_multihet_filtered_95/NC_082731.1_multihet.txt, sharks/HypSab/MSMC/Output_multihet_filtered_95/NC_082732.1_multihet.txt, sharks/HypSab/MSMC/Output_multihet_filtered_95/NC_082733.1_multihet.txt, sharks/HypSab/MSMC/Output_multihet_filtered_95/NC_082734.1_multihet.txt, sharks/HypSab/MSMC/Output_multihet_filtered_95/NC_082735.1_multihet.txt, sharks/HypSab/MSMC/Output_multihet_filtered_95/NC_082736.1_multihet.txt, sharks/HypSab/MSMC/Output_multihet_filtered_95/NC_082737.1_multihet.txt
    output: sharks/HypSab/20250425_HypSab.msmc2.loop.txt, sharks/HypSab/20250425_HypSab.msmc2.log, sharks/HypSab/20250425_HypSab.msmc2.final.txt
    log: /rds/project/rds-p67MZilb2eQ/projects/VGP/heterozygosity/.snakemake/slurm_logs/rule_RUN_PRIMARY_MSMC/sharks_HypSab_20250425/9805867.log (check log file(s) for error details)
    shell:
        
        build/release/msmc2 -t 12 --fixedRecombination -o sharks/HypSab/20250425_HypSab.msmc2 sharks/HypSab/MSMC/Output_multihet_filtered_95/NC_082706.1_multihet.txt sharks/HypSab/MSMC/Output_multihet_filtered_95/NC_082707.1_multihet.txt sharks/HypSab/MSMC/Output_multihet_filtered_95/NC_082708.1_multihet.txt sharks/HypSab/MSMC/Output_multihet_filtered_95/NC_082709.1_multihet.txt sharks/HypSab/MSMC/Output_multihet_filtered_95/NC_082710.1_multihet.txt sharks/HypSab/MSMC/Output_multihet_filtered_95/NC_082711.1_multihet.txt sharks/HypSab/MSMC/Output_multihet_filtered_95/NC_082712.1_multihet.txt sharks/HypSab/MSMC/Output_multihet_filtered_95/NC_082713.1_multihet.txt sharks/HypSab/MSMC/Output_multihet_filtered_95/NC_082714.1_multihet.txt sharks/HypSab/MSMC/Output_multihet_filtered_95/NC_082715.1_multihet.txt sharks/HypSab/MSMC/Output_multihet_filtered_95/NC_082716.1_multihet.txt sharks/HypSab/MSMC/Output_multihet_filtered_95/NC_082717.1_multihet.txt sharks/HypSab/MSMC/Output_multihet_filtered_95/NC_082718.1_multihet.txt sharks/HypSab/MSMC/Output_multihet_filtered_95/NC_082719.1_multihet.txt sharks/HypSab/MSMC/Output_multihet_filtered_95/NC_082720.1_multihet.txt sharks/HypSab/MSMC/Output_multihet_filtered_95/NC_082721.1_multihet.txt sharks/HypSab/MSMC/Output_multihet_filtered_95/NC_082722.1_multihet.txt sharks/HypSab/MSMC/Output_multihet_filtered_95/NC_082723.1_multihet.txt sharks/HypSab/MSMC/Output_multihet_filtered_95/NC_082724.1_multihet.txt sharks/HypSab/MSMC/Output_multihet_filtered_95/NC_082725.1_multihet.txt sharks/HypSab/MSMC/Output_multihet_filtered_95/NC_082726.1_multihet.txt sharks/HypSab/MSMC/Output_multihet_filtered_95/NC_082727.1_multihet.txt sharks/HypSab/MSMC/Output_multihet_filtered_95/NC_082728.1_multihet.txt sharks/HypSab/MSMC/Output_multihet_filtered_95/NC_082729.1_multihet.txt sharks/HypSab/MSMC/Output_multihet_filtered_95/NC_082730.1_multihet.txt sharks/HypSab/MSMC/Output_multihet_filtered_95/NC_082731.1_multihet.txt sharks/HypSab/MSMC/Output_multihet_filtered_95/NC_082732.1_multihet.txt sharks/HypSab/MSMC/Output_multihet_filtered_95/NC_082733.1_multihet.txt sharks/HypSab/MSMC/Output_multihet_filtered_95/NC_082734.1_multihet.txt sharks/HypSab/MSMC/Output_multihet_filtered_95/NC_082735.1_multihet.txt sharks/HypSab/MSMC/Output_multihet_filtered_95/NC_082736.1_multihet.txt sharks/HypSab/MSMC/Output_multihet_filtered_95/NC_082737.1_multihet.txt
        
        (one of the commands exited with non-zero exit code; note that snakemake uses bash strict mode!)
    external_jobid: 9805867

Exiting because a job execution failed. Look above for error message
Complete log: .snakemake/log/2025-05-23T135938.597390.snakemake.log
WorkflowError:
At least one job did not complete successfully.
