host: login-q-3
Building DAG of jobs...
IncompleteFilesException:
The files below seem to be incomplete. If you are sure that certain files are not incomplete, mark them as complete with

    snakemake --cleanup-metadata <filenames>

To re-generate the files rerun your command with the --rerun-incomplete flag.
Incomplete files:
sharks/HypSab/20250425_NC_082707.1_het.txt
sharks/HypSab/20250425_NC_082714.1_het.txt
sharks/HypSab/20250425_NC_082717.1_het.txt
sharks/HypSab/20250425_NC_082720.1_het.txt
sharks/HypSab/20250425_NC_082727.1_het.txt
sharks/HypSab/20250425_NC_082734.1_het.txt
sharks/HypSab/20250425_NC_082735.1_het.txt
sharks/HypSab/NC_082706.1.recode.vcf.gz
sharks/HypSab/NC_082708.1.recode.vcf.gz
sharks/HypSab/NC_082709.1.recode.vcf.gz
sharks/HypSab/NC_082710.1.recode.vcf.gz
sharks/HypSab/NC_082713.1.recode.vcf.gz
sharks/HypSab/NC_082714.1.recode.vcf.gz
sharks/HypSab/NC_082716.1.recode.vcf.gz
sharks/HypSab/NC_082717.1.recode.vcf.gz
sharks/HypSab/NC_082718.1.recode.vcf.gz
sharks/HypSab/NC_082720.1.recode.vcf.gz
sharks/HypSab/NC_082721.1.recode.vcf.gz
sharks/HypSab/NC_082723.1.recode.vcf.gz
sharks/HypSab/NC_082724.1.recode.vcf.gz
sharks/HypSab/NC_082725.1.recode.vcf.gz
sharks/HypSab/NC_082727.1.recode.vcf.gz
sharks/HypSab/NC_082728.1.recode.vcf.gz
sharks/HypSab/NC_082730.1.recode.vcf.gz
sharks/HypSab/NC_082731.1.recode.vcf.gz
sharks/HypSab/NC_082732.1.recode.vcf.gz
sharks/HypSab/NC_082734.1.recode.vcf.gz
sharks/HypSab/NC_082735.1.recode.vcf.gz
sharks/HypSab/NC_082737.1.recode.vcf.gz
