host: login-q-1
Building DAG of jobs...
SLURM run ID: d416701e-b4e8-4c63-961c-8116c20c0807
Using shell: /usr/bin/bash
Provided remote nodes: 50
Job stats:
job                      count
---------------------  -------
BGZIP_VCF                   50
CALC_HET_PER_CHR            26
CALC_HET_WHOLE_GENOME        1
CALL_PLOIDY                 50
COMPILE_HET                  1
MAKE_BAM                     1
MAKE_SAM                     1
PILEUP_VARIANTS             51
PLOT_HET_PER_CHR            50
PLOT_WHOLE_HET               1
REMOVE_INDELS               50
RESTRUCTURE                 50
SEPARATE_BAM_BY_CHR         51
all                          1
total                      384

Select jobs to execute...
Execute 27 jobs...

[Wed May 21 14:40:48 2025]
rule CALC_HET_PER_CHR:
    input: sharks/HetFra/temp/HetFra_Var_Only.txt, sharks/HetFra/Reference_HetFra_Chroms_Lengths.txt, sharks/HetFra/HetFra_ROH_Results.csv
    output: sharks/HetFra/20250411_CM070981.1_het.txt
    jobid: 239
    reason: Code has changed since last execution
    wildcards: CLADE=sharks, SPEC_NAME=HetFra, TODAY_DATE=20250411, CHROM=CM070981.1
    resources: mem_mb=100000, mem_mib=95368, disk_mb=4127, disk_mib=3936, tmpdir=<TBD>, slurm_account=DURBIN-SL2-CPU, slurm_partition=cclake-himem, runtime=120

Job 239 has been submitted with SLURM jobid 9675547 (log: /rds/project/rds-p67MZilb2eQ/projects/VGP/heterozygosity/.snakemake/slurm_logs/rule_CALC_HET_PER_CHR/sharks_HetFra_20250411_CM070981.1/9675547.log).

[Wed May 21 14:40:49 2025]
rule CALC_HET_PER_CHR:
    input: sharks/HetFra/temp/HetFra_Var_Only.txt, sharks/HetFra/Reference_HetFra_Chroms_Lengths.txt, sharks/HetFra/HetFra_ROH_Results.csv
    output: sharks/HetFra/20250411_CM071010.1_het.txt
    jobid: 268
    reason: Code has changed since last execution
    wildcards: CLADE=sharks, SPEC_NAME=HetFra, TODAY_DATE=20250411, CHROM=CM071010.1
    resources: mem_mb=100000, mem_mib=95368, disk_mb=4127, disk_mib=3936, tmpdir=<TBD>, slurm_account=DURBIN-SL2-CPU, slurm_partition=cclake-himem, runtime=120

Job 268 has been submitted with SLURM jobid 9675552 (log: /rds/project/rds-p67MZilb2eQ/projects/VGP/heterozygosity/.snakemake/slurm_logs/rule_CALC_HET_PER_CHR/sharks_HetFra_20250411_CM071010.1/9675552.log).

[Wed May 21 14:40:52 2025]
rule CALC_HET_PER_CHR:
    input: sharks/HetFra/temp/HetFra_Var_Only.txt, sharks/HetFra/Reference_HetFra_Chroms_Lengths.txt, sharks/HetFra/HetFra_ROH_Results.csv
    output: sharks/HetFra/20250411_CM071003.1_het.txt
    jobid: 261
    reason: Code has changed since last execution
    wildcards: CLADE=sharks, SPEC_NAME=HetFra, TODAY_DATE=20250411, CHROM=CM071003.1
    resources: mem_mb=100000, mem_mib=95368, disk_mb=4127, disk_mib=3936, tmpdir=<TBD>, slurm_account=DURBIN-SL2-CPU, slurm_partition=cclake-himem, runtime=120

Job 261 has been submitted with SLURM jobid 9675558 (log: /rds/project/rds-p67MZilb2eQ/projects/VGP/heterozygosity/.snakemake/slurm_logs/rule_CALC_HET_PER_CHR/sharks_HetFra_20250411_CM071003.1/9675558.log).

[Wed May 21 14:40:55 2025]
rule CALC_HET_PER_CHR:
    input: sharks/HetFra/temp/HetFra_Var_Only.txt, sharks/HetFra/Reference_HetFra_Chroms_Lengths.txt, sharks/HetFra/HetFra_ROH_Results.csv
    output: sharks/HetFra/20250411_CM070996.1_het.txt
    jobid: 254
    reason: Code has changed since last execution
    wildcards: CLADE=sharks, SPEC_NAME=HetFra, TODAY_DATE=20250411, CHROM=CM070996.1
    resources: mem_mb=100000, mem_mib=95368, disk_mb=4127, disk_mib=3936, tmpdir=<TBD>, slurm_account=DURBIN-SL2-CPU, slurm_partition=cclake-himem, runtime=120

Job 254 has been submitted with SLURM jobid 9675562 (log: /rds/project/rds-p67MZilb2eQ/projects/VGP/heterozygosity/.snakemake/slurm_logs/rule_CALC_HET_PER_CHR/sharks_HetFra_20250411_CM070996.1/9675562.log).

[Wed May 21 14:40:57 2025]
rule CALC_HET_PER_CHR:
    input: sharks/HetFra/temp/HetFra_Var_Only.txt, sharks/HetFra/Reference_HetFra_Chroms_Lengths.txt, sharks/HetFra/HetFra_ROH_Results.csv
    output: sharks/HetFra/20250411_CM070989.1_het.txt
    jobid: 247
    reason: Code has changed since last execution
    wildcards: CLADE=sharks, SPEC_NAME=HetFra, TODAY_DATE=20250411, CHROM=CM070989.1
    resources: mem_mb=100000, mem_mib=95368, disk_mb=4127, disk_mib=3936, tmpdir=<TBD>, slurm_account=DURBIN-SL2-CPU, slurm_partition=cclake-himem, runtime=120

Job 247 has been submitted with SLURM jobid 9675569 (log: /rds/project/rds-p67MZilb2eQ/projects/VGP/heterozygosity/.snakemake/slurm_logs/rule_CALC_HET_PER_CHR/sharks_HetFra_20250411_CM070989.1/9675569.log).

[Wed May 21 14:41:00 2025]
rule CALC_HET_PER_CHR:
    input: sharks/HetFra/temp/HetFra_Var_Only.txt, sharks/HetFra/Reference_HetFra_Chroms_Lengths.txt, sharks/HetFra/HetFra_ROH_Results.csv
    output: sharks/HetFra/20250411_CM070982.1_het.txt
    jobid: 240
    reason: Code has changed since last execution
    wildcards: CLADE=sharks, SPEC_NAME=HetFra, TODAY_DATE=20250411, CHROM=CM070982.1
    resources: mem_mb=100000, mem_mib=95368, disk_mb=4127, disk_mib=3936, tmpdir=<TBD>, slurm_account=DURBIN-SL2-CPU, slurm_partition=cclake-himem, runtime=120

Job 240 has been submitted with SLURM jobid 9675582 (log: /rds/project/rds-p67MZilb2eQ/projects/VGP/heterozygosity/.snakemake/slurm_logs/rule_CALC_HET_PER_CHR/sharks_HetFra_20250411_CM070982.1/9675582.log).

[Wed May 21 14:41:06 2025]
rule CALC_HET_PER_CHR:
    input: sharks/HetFra/temp/HetFra_Var_Only.txt, sharks/HetFra/Reference_HetFra_Chroms_Lengths.txt, sharks/HetFra/HetFra_ROH_Results.csv
    output: sharks/HetFra/20250411_CM070962.1_het.txt
    jobid: 220
    reason: Code has changed since last execution
    wildcards: CLADE=sharks, SPEC_NAME=HetFra, TODAY_DATE=20250411, CHROM=CM070962.1
    resources: mem_mb=100000, mem_mib=95368, disk_mb=4127, disk_mib=3936, tmpdir=<TBD>, slurm_account=DURBIN-SL2-CPU, slurm_partition=cclake-himem, runtime=120

Job 220 has been submitted with SLURM jobid 9675583 (log: /rds/project/rds-p67MZilb2eQ/projects/VGP/heterozygosity/.snakemake/slurm_logs/rule_CALC_HET_PER_CHR/sharks_HetFra_20250411_CM070962.1/9675583.log).

[Wed May 21 14:41:09 2025]
rule CALC_HET_PER_CHR:
    input: sharks/HetFra/temp/HetFra_Var_Only.txt, sharks/HetFra/Reference_HetFra_Chroms_Lengths.txt, sharks/HetFra/HetFra_ROH_Results.csv
    output: sharks/HetFra/20250411_CM071011.1_het.txt
    jobid: 269
    reason: Code has changed since last execution
    wildcards: CLADE=sharks, SPEC_NAME=HetFra, TODAY_DATE=20250411, CHROM=CM071011.1
    resources: mem_mb=100000, mem_mib=95368, disk_mb=4127, disk_mib=3936, tmpdir=<TBD>, slurm_account=DURBIN-SL2-CPU, slurm_partition=cclake-himem, runtime=120

Job 269 has been submitted with SLURM jobid 9675591 (log: /rds/project/rds-p67MZilb2eQ/projects/VGP/heterozygosity/.snakemake/slurm_logs/rule_CALC_HET_PER_CHR/sharks_HetFra_20250411_CM071011.1/9675591.log).

[Wed May 21 14:41:11 2025]
rule CALC_HET_PER_CHR:
    input: sharks/HetFra/temp/HetFra_Var_Only.txt, sharks/HetFra/Reference_HetFra_Chroms_Lengths.txt, sharks/HetFra/HetFra_ROH_Results.csv
    output: sharks/HetFra/20250411_CM070990.1_het.txt
    jobid: 248
    reason: Code has changed since last execution
    wildcards: CLADE=sharks, SPEC_NAME=HetFra, TODAY_DATE=20250411, CHROM=CM070990.1
    resources: mem_mb=100000, mem_mib=95368, disk_mb=4127, disk_mib=3936, tmpdir=<TBD>, slurm_account=DURBIN-SL2-CPU, slurm_partition=cclake-himem, runtime=120

Job 248 has been submitted with SLURM jobid 9675594 (log: /rds/project/rds-p67MZilb2eQ/projects/VGP/heterozygosity/.snakemake/slurm_logs/rule_CALC_HET_PER_CHR/sharks_HetFra_20250411_CM070990.1/9675594.log).

[Wed May 21 14:41:14 2025]
rule CALC_HET_PER_CHR:
    input: sharks/HetFra/temp/HetFra_Var_Only.txt, sharks/HetFra/Reference_HetFra_Chroms_Lengths.txt, sharks/HetFra/HetFra_ROH_Results.csv
    output: sharks/HetFra/20250411_CM070983.1_het.txt
    jobid: 241
    reason: Code has changed since last execution
    wildcards: CLADE=sharks, SPEC_NAME=HetFra, TODAY_DATE=20250411, CHROM=CM070983.1
    resources: mem_mb=100000, mem_mib=95368, disk_mb=4127, disk_mib=3936, tmpdir=<TBD>, slurm_account=DURBIN-SL2-CPU, slurm_partition=cclake-himem, runtime=120

Job 241 has been submitted with SLURM jobid 9675599 (log: /rds/project/rds-p67MZilb2eQ/projects/VGP/heterozygosity/.snakemake/slurm_logs/rule_CALC_HET_PER_CHR/sharks_HetFra_20250411_CM070983.1/9675599.log).

[Wed May 21 14:41:17 2025]
rule CALC_HET_PER_CHR:
    input: sharks/HetFra/temp/HetFra_Var_Only.txt, sharks/HetFra/Reference_HetFra_Chroms_Lengths.txt, sharks/HetFra/HetFra_ROH_Results.csv
    output: sharks/HetFra/20250411_CM070963.1_het.txt
    jobid: 221
    reason: Code has changed since last execution
    wildcards: CLADE=sharks, SPEC_NAME=HetFra, TODAY_DATE=20250411, CHROM=CM070963.1
    resources: mem_mb=100000, mem_mib=95368, disk_mb=4127, disk_mib=3936, tmpdir=<TBD>, slurm_account=DURBIN-SL2-CPU, slurm_partition=cclake-himem, runtime=120

Job 221 has been submitted with SLURM jobid 9675606 (log: /rds/project/rds-p67MZilb2eQ/projects/VGP/heterozygosity/.snakemake/slurm_logs/rule_CALC_HET_PER_CHR/sharks_HetFra_20250411_CM070963.1/9675606.log).

[Wed May 21 14:41:20 2025]
rule CALC_HET_PER_CHR:
    input: sharks/HetFra/temp/HetFra_Var_Only.txt, sharks/HetFra/Reference_HetFra_Chroms_Lengths.txt, sharks/HetFra/HetFra_ROH_Results.csv
    output: sharks/HetFra/20250411_CM070991.1_het.txt
    jobid: 249
    reason: Code has changed since last execution
    wildcards: CLADE=sharks, SPEC_NAME=HetFra, TODAY_DATE=20250411, CHROM=CM070991.1
    resources: mem_mb=100000, mem_mib=95368, disk_mb=4127, disk_mib=3936, tmpdir=<TBD>, slurm_account=DURBIN-SL2-CPU, slurm_partition=cclake-himem, runtime=120

Job 249 has been submitted with SLURM jobid 9675613 (log: /rds/project/rds-p67MZilb2eQ/projects/VGP/heterozygosity/.snakemake/slurm_logs/rule_CALC_HET_PER_CHR/sharks_HetFra_20250411_CM070991.1/9675613.log).

[Wed May 21 14:41:23 2025]
rule CALC_HET_PER_CHR:
    input: sharks/HetFra/temp/HetFra_Var_Only.txt, sharks/HetFra/Reference_HetFra_Chroms_Lengths.txt, sharks/HetFra/HetFra_ROH_Results.csv
    output: sharks/HetFra/20250411_CM070984.1_het.txt
    jobid: 242
    reason: Code has changed since last execution
    wildcards: CLADE=sharks, SPEC_NAME=HetFra, TODAY_DATE=20250411, CHROM=CM070984.1
    resources: mem_mb=100000, mem_mib=95368, disk_mb=4127, disk_mib=3936, tmpdir=<TBD>, slurm_account=DURBIN-SL2-CPU, slurm_partition=cclake-himem, runtime=120

Job 242 has been submitted with SLURM jobid 9675616 (log: /rds/project/rds-p67MZilb2eQ/projects/VGP/heterozygosity/.snakemake/slurm_logs/rule_CALC_HET_PER_CHR/sharks_HetFra_20250411_CM070984.1/9675616.log).

[Wed May 21 14:41:25 2025]
rule CALC_HET_PER_CHR:
    input: sharks/HetFra/temp/HetFra_Var_Only.txt, sharks/HetFra/Reference_HetFra_Chroms_Lengths.txt, sharks/HetFra/HetFra_ROH_Results.csv
    output: sharks/HetFra/20250411_CM070964.1_het.txt
    jobid: 222
    reason: Code has changed since last execution
    wildcards: CLADE=sharks, SPEC_NAME=HetFra, TODAY_DATE=20250411, CHROM=CM070964.1
    resources: mem_mb=100000, mem_mib=95368, disk_mb=4127, disk_mib=3936, tmpdir=<TBD>, slurm_account=DURBIN-SL2-CPU, slurm_partition=cclake-himem, runtime=120

Job 222 has been submitted with SLURM jobid 9675619 (log: /rds/project/rds-p67MZilb2eQ/projects/VGP/heterozygosity/.snakemake/slurm_logs/rule_CALC_HET_PER_CHR/sharks_HetFra_20250411_CM070964.1/9675619.log).

[Wed May 21 14:41:28 2025]
rule CALC_HET_PER_CHR:
    input: sharks/HetFra/temp/HetFra_Var_Only.txt, sharks/HetFra/Reference_HetFra_Chroms_Lengths.txt, sharks/HetFra/HetFra_ROH_Results.csv
    output: sharks/HetFra/20250411_CM070999.1_het.txt
    jobid: 257
    reason: Code has changed since last execution
    wildcards: CLADE=sharks, SPEC_NAME=HetFra, TODAY_DATE=20250411, CHROM=CM070999.1
    resources: mem_mb=100000, mem_mib=95368, disk_mb=4127, disk_mib=3936, tmpdir=<TBD>, slurm_account=DURBIN-SL2-CPU, slurm_partition=cclake-himem, runtime=120

Job 257 has been submitted with SLURM jobid 9675626 (log: /rds/project/rds-p67MZilb2eQ/projects/VGP/heterozygosity/.snakemake/slurm_logs/rule_CALC_HET_PER_CHR/sharks_HetFra_20250411_CM070999.1/9675626.log).

[Wed May 21 14:41:30 2025]
rule CALC_HET_PER_CHR:
    input: sharks/HetFra/temp/HetFra_Var_Only.txt, sharks/HetFra/Reference_HetFra_Chroms_Lengths.txt, sharks/HetFra/HetFra_ROH_Results.csv
    output: sharks/HetFra/20250411_CM070965.1_het.txt
    jobid: 223
    reason: Code has changed since last execution
    wildcards: CLADE=sharks, SPEC_NAME=HetFra, TODAY_DATE=20250411, CHROM=CM070965.1
    resources: mem_mb=100000, mem_mib=95368, disk_mb=4127, disk_mib=3936, tmpdir=<TBD>, slurm_account=DURBIN-SL2-CPU, slurm_partition=cclake-himem, runtime=120

Job 223 has been submitted with SLURM jobid 9675639 (log: /rds/project/rds-p67MZilb2eQ/projects/VGP/heterozygosity/.snakemake/slurm_logs/rule_CALC_HET_PER_CHR/sharks_HetFra_20250411_CM070965.1/9675639.log).

[Wed May 21 14:41:33 2025]
rule MAKE_SAM:
    input: /rds/project/rds-p67MZilb2eQ/projects/VGP/250430.VGP-Phase1/alignment/reference/sharks/GCA_036365495.1.fa.gz, /rds/project/rds-p67MZilb2eQ/projects/VGP/250430.VGP-Phase1/alignment/alternate/sharks/GCA_036365525.1.fa.gz
    output: sharks/HetFra/HetFra.sam
    jobid: 328
    reason: Forced execution
    wildcards: CLADE=sharks, SPEC_NAME=HetFra
    resources: mem_mb=100000, mem_mib=95368, disk_mb=5880, disk_mib=5608, tmpdir=<TBD>, slurm_account=DURBIN-SL2-CPU, slurm_partition=cclake-himem, runtime=720

Job 328 has been submitted with SLURM jobid 9675642 (log: /rds/project/rds-p67MZilb2eQ/projects/VGP/heterozygosity/.snakemake/slurm_logs/rule_MAKE_SAM/sharks_HetFra/9675642.log).

[Wed May 21 14:41:35 2025]
rule CALC_HET_PER_CHR:
    input: sharks/HetFra/temp/HetFra_Var_Only.txt, sharks/HetFra/Reference_HetFra_Chroms_Lengths.txt, sharks/HetFra/HetFra_ROH_Results.csv
    output: sharks/HetFra/20250411_CM071007.1_het.txt
    jobid: 265
    reason: Code has changed since last execution
    wildcards: CLADE=sharks, SPEC_NAME=HetFra, TODAY_DATE=20250411, CHROM=CM071007.1
    resources: mem_mb=100000, mem_mib=95368, disk_mb=4127, disk_mib=3936, tmpdir=<TBD>, slurm_account=DURBIN-SL2-CPU, slurm_partition=cclake-himem, runtime=120

Job 265 has been submitted with SLURM jobid 9675648 (log: /rds/project/rds-p67MZilb2eQ/projects/VGP/heterozygosity/.snakemake/slurm_logs/rule_CALC_HET_PER_CHR/sharks_HetFra_20250411_CM071007.1/9675648.log).

[Wed May 21 14:41:38 2025]
rule CALC_HET_PER_CHR:
    input: sharks/HetFra/temp/HetFra_Var_Only.txt, sharks/HetFra/Reference_HetFra_Chroms_Lengths.txt, sharks/HetFra/HetFra_ROH_Results.csv
    output: sharks/HetFra/20250411_CM071000.1_het.txt
    jobid: 258
    reason: Code has changed since last execution
    wildcards: CLADE=sharks, SPEC_NAME=HetFra, TODAY_DATE=20250411, CHROM=CM071000.1
    resources: mem_mb=100000, mem_mib=95368, disk_mb=4127, disk_mib=3936, tmpdir=<TBD>, slurm_account=DURBIN-SL2-CPU, slurm_partition=cclake-himem, runtime=120

Job 258 has been submitted with SLURM jobid 9675656 (log: /rds/project/rds-p67MZilb2eQ/projects/VGP/heterozygosity/.snakemake/slurm_logs/rule_CALC_HET_PER_CHR/sharks_HetFra_20250411_CM071000.1/9675656.log).

[Wed May 21 14:41:41 2025]
rule CALC_HET_PER_CHR:
    input: sharks/HetFra/temp/HetFra_Var_Only.txt, sharks/HetFra/Reference_HetFra_Chroms_Lengths.txt, sharks/HetFra/HetFra_ROH_Results.csv
    output: sharks/HetFra/20250411_CM070993.1_het.txt
    jobid: 251
    reason: Code has changed since last execution
    wildcards: CLADE=sharks, SPEC_NAME=HetFra, TODAY_DATE=20250411, CHROM=CM070993.1
    resources: mem_mb=100000, mem_mib=95368, disk_mb=4127, disk_mib=3936, tmpdir=<TBD>, slurm_account=DURBIN-SL2-CPU, slurm_partition=cclake-himem, runtime=120

Job 251 has been submitted with SLURM jobid 9675659 (log: /rds/project/rds-p67MZilb2eQ/projects/VGP/heterozygosity/.snakemake/slurm_logs/rule_CALC_HET_PER_CHR/sharks_HetFra_20250411_CM070993.1/9675659.log).

[Wed May 21 14:41:44 2025]
rule CALC_HET_PER_CHR:
    input: sharks/HetFra/temp/HetFra_Var_Only.txt, sharks/HetFra/Reference_HetFra_Chroms_Lengths.txt, sharks/HetFra/HetFra_ROH_Results.csv
    output: sharks/HetFra/20250411_CM070986.1_het.txt
    jobid: 244
    reason: Code has changed since last execution
    wildcards: CLADE=sharks, SPEC_NAME=HetFra, TODAY_DATE=20250411, CHROM=CM070986.1
    resources: mem_mb=100000, mem_mib=95368, disk_mb=4127, disk_mib=3936, tmpdir=<TBD>, slurm_account=DURBIN-SL2-CPU, slurm_partition=cclake-himem, runtime=120

Job 244 has been submitted with SLURM jobid 9675662 (log: /rds/project/rds-p67MZilb2eQ/projects/VGP/heterozygosity/.snakemake/slurm_logs/rule_CALC_HET_PER_CHR/sharks_HetFra_20250411_CM070986.1/9675662.log).

[Wed May 21 14:41:46 2025]
rule CALC_HET_PER_CHR:
    input: sharks/HetFra/temp/HetFra_Var_Only.txt, sharks/HetFra/Reference_HetFra_Chroms_Lengths.txt, sharks/HetFra/HetFra_ROH_Results.csv
    output: sharks/HetFra/20250411_CM070979.1_het.txt
    jobid: 237
    reason: Code has changed since last execution
    wildcards: CLADE=sharks, SPEC_NAME=HetFra, TODAY_DATE=20250411, CHROM=CM070979.1
    resources: mem_mb=100000, mem_mib=95368, disk_mb=4127, disk_mib=3936, tmpdir=<TBD>, slurm_account=DURBIN-SL2-CPU, slurm_partition=cclake-himem, runtime=120

Job 237 has been submitted with SLURM jobid 9675666 (log: /rds/project/rds-p67MZilb2eQ/projects/VGP/heterozygosity/.snakemake/slurm_logs/rule_CALC_HET_PER_CHR/sharks_HetFra_20250411_CM070979.1/9675666.log).

[Wed May 21 14:41:49 2025]
rule CALC_HET_PER_CHR:
    input: sharks/HetFra/temp/HetFra_Var_Only.txt, sharks/HetFra/Reference_HetFra_Chroms_Lengths.txt, sharks/HetFra/HetFra_ROH_Results.csv
    output: sharks/HetFra/20250411_CM070972.1_het.txt
    jobid: 230
    reason: Code has changed since last execution
    wildcards: CLADE=sharks, SPEC_NAME=HetFra, TODAY_DATE=20250411, CHROM=CM070972.1
    resources: mem_mb=100000, mem_mib=95368, disk_mb=4127, disk_mib=3936, tmpdir=<TBD>, slurm_account=DURBIN-SL2-CPU, slurm_partition=cclake-himem, runtime=120

Job 230 has been submitted with SLURM jobid 9675670 (log: /rds/project/rds-p67MZilb2eQ/projects/VGP/heterozygosity/.snakemake/slurm_logs/rule_CALC_HET_PER_CHR/sharks_HetFra_20250411_CM070972.1/9675670.log).

[Wed May 21 14:41:49 2025]
rule CALC_HET_PER_CHR:
    input: sharks/HetFra/temp/HetFra_Var_Only.txt, sharks/HetFra/Reference_HetFra_Chroms_Lengths.txt, sharks/HetFra/HetFra_ROH_Results.csv
    output: sharks/HetFra/20250411_CM070980.1_het.txt
    jobid: 238
    reason: Code has changed since last execution
    wildcards: CLADE=sharks, SPEC_NAME=HetFra, TODAY_DATE=20250411, CHROM=CM070980.1
    resources: mem_mb=100000, mem_mib=95368, disk_mb=4127, disk_mib=3936, tmpdir=<TBD>, slurm_account=DURBIN-SL2-CPU, slurm_partition=cclake-himem, runtime=120

Job 238 has been submitted with SLURM jobid 9675673 (log: /rds/project/rds-p67MZilb2eQ/projects/VGP/heterozygosity/.snakemake/slurm_logs/rule_CALC_HET_PER_CHR/sharks_HetFra_20250411_CM070980.1/9675673.log).

[Wed May 21 14:41:52 2025]
rule CALC_HET_PER_CHR:
    input: sharks/HetFra/temp/HetFra_Var_Only.txt, sharks/HetFra/Reference_HetFra_Chroms_Lengths.txt, sharks/HetFra/HetFra_ROH_Results.csv
    output: sharks/HetFra/20250411_CM070973.1_het.txt
    jobid: 231
    reason: Code has changed since last execution
    wildcards: CLADE=sharks, SPEC_NAME=HetFra, TODAY_DATE=20250411, CHROM=CM070973.1
    resources: mem_mb=100000, mem_mib=95368, disk_mb=4127, disk_mib=3936, tmpdir=<TBD>, slurm_account=DURBIN-SL2-CPU, slurm_partition=cclake-himem, runtime=120

Job 231 has been submitted with SLURM jobid 9675677 (log: /rds/project/rds-p67MZilb2eQ/projects/VGP/heterozygosity/.snakemake/slurm_logs/rule_CALC_HET_PER_CHR/sharks_HetFra_20250411_CM070973.1/9675677.log).

[Wed May 21 14:41:52 2025]
rule CALC_HET_PER_CHR:
    input: sharks/HetFra/temp/HetFra_Var_Only.txt, sharks/HetFra/Reference_HetFra_Chroms_Lengths.txt, sharks/HetFra/HetFra_ROH_Results.csv
    output: sharks/HetFra/20250411_CM071009.1_het.txt
    jobid: 267
    reason: Code has changed since last execution
    wildcards: CLADE=sharks, SPEC_NAME=HetFra, TODAY_DATE=20250411, CHROM=CM071009.1
    resources: mem_mb=100000, mem_mib=95368, disk_mb=4127, disk_mib=3936, tmpdir=<TBD>, slurm_account=DURBIN-SL2-CPU, slurm_partition=cclake-himem, runtime=120

Job 267 has been submitted with SLURM jobid 9675679 (log: /rds/project/rds-p67MZilb2eQ/projects/VGP/heterozygosity/.snakemake/slurm_logs/rule_CALC_HET_PER_CHR/sharks_HetFra_20250411_CM071009.1/9675679.log).

[Wed May 21 14:41:54 2025]
rule CALC_HET_PER_CHR:
    input: sharks/HetFra/temp/HetFra_Var_Only.txt, sharks/HetFra/Reference_HetFra_Chroms_Lengths.txt, sharks/HetFra/HetFra_ROH_Results.csv
    output: sharks/HetFra/20250411_CM070988.1_het.txt
    jobid: 246
    reason: Code has changed since last execution
    wildcards: CLADE=sharks, SPEC_NAME=HetFra, TODAY_DATE=20250411, CHROM=CM070988.1
    resources: mem_mb=100000, mem_mib=95368, disk_mb=4127, disk_mib=3936, tmpdir=<TBD>, slurm_account=DURBIN-SL2-CPU, slurm_partition=cclake-himem, runtime=120

Job 246 has been submitted with SLURM jobid 9675680 (log: /rds/project/rds-p67MZilb2eQ/projects/VGP/heterozygosity/.snakemake/slurm_logs/rule_CALC_HET_PER_CHR/sharks_HetFra_20250411_CM070988.1/9675680.log).
