host: login-q-4
Building DAG of jobs...
SLURM run ID: 850a28d2-7d36-44d2-8d75-15a48987f1e9
Using shell: /usr/bin/bash
Provided remote nodes: 25
Job stats:
job                            count
---------------------------  -------
BOOTSTRAPPING_MULTIHET_FILE      960
MAIN_MULTIHETSEP                  32
all                                1
total                            993

Select jobs to execute...
Execute 25 jobs...

[Fri May 23 10:12:48 2025]
rule MAIN_MULTIHETSEP:
    input: sharks/HypSab/NC_082710.1.recode.vcf.gz, sharks/HypSab/MSMC/Output_Bed/NC_082710.1/NC_082710.1_95.txt, sharks/HypSab/MSMC/Output_bam_caller_BED/NC_082710.1_modified_bed.txt.gz, sharks/HypSab/MSMC/Output_indel_BED_file/NC_082710.1_indel_bed.txt
    output: sharks/HypSab/MSMC/Output_multihet_filtered_95/NC_082710.1_multihet.txt
    jobid: 518
    reason: Updated input files: sharks/HypSab/NC_082710.1.recode.vcf.gz, sharks/HypSab/MSMC/Output_bam_caller_BED/NC_082710.1_modified_bed.txt.gz
    wildcards: CLADE=sharks, SPEC_NAME=HypSab, CHROM=NC_082710.1
    resources: mem_mb=100000, mem_mib=95368, disk_mb=1000, disk_mib=954, tmpdir=<TBD>, slurm_account=DURBIN-SL2-CPU, slurm_partition=icelake, runtime=120

Job 518 has been submitted with SLURM jobid 9799903 (log: /rds/project/rds-p67MZilb2eQ/projects/VGP/heterozygosity/.snakemake/slurm_logs/rule_MAIN_MULTIHETSEP/sharks_HypSab_NC_082710.1/9799903.log).

[Fri May 23 10:12:51 2025]
rule MAIN_MULTIHETSEP:
    input: sharks/HypSab/NC_082725.1.recode.vcf.gz, sharks/HypSab/MSMC/Output_Bed/NC_082725.1/NC_082725.1_95.txt, sharks/HypSab/MSMC/Output_bam_caller_BED/NC_082725.1_modified_bed.txt.gz, sharks/HypSab/MSMC/Output_indel_BED_file/NC_082725.1_indel_bed.txt
    output: sharks/HypSab/MSMC/Output_multihet_filtered_95/NC_082725.1_multihet.txt
    jobid: 533
    reason: Updated input files: sharks/HypSab/MSMC/Output_bam_caller_BED/NC_082725.1_modified_bed.txt.gz, sharks/HypSab/NC_082725.1.recode.vcf.gz
    wildcards: CLADE=sharks, SPEC_NAME=HypSab, CHROM=NC_082725.1
    resources: mem_mb=100000, mem_mib=95368, disk_mb=1000, disk_mib=954, tmpdir=<TBD>, slurm_account=DURBIN-SL2-CPU, slurm_partition=icelake, runtime=120

Job 533 has been submitted with SLURM jobid 9799904 (log: /rds/project/rds-p67MZilb2eQ/projects/VGP/heterozygosity/.snakemake/slurm_logs/rule_MAIN_MULTIHETSEP/sharks_HypSab_NC_082725.1/9799904.log).

[Fri May 23 10:12:51 2025]
rule MAIN_MULTIHETSEP:
    input: sharks/HypSab/NC_082718.1.recode.vcf.gz, sharks/HypSab/MSMC/Output_Bed/NC_082718.1/NC_082718.1_95.txt, sharks/HypSab/MSMC/Output_bam_caller_BED/NC_082718.1_modified_bed.txt.gz, sharks/HypSab/MSMC/Output_indel_BED_file/NC_082718.1_indel_bed.txt
    output: sharks/HypSab/MSMC/Output_multihet_filtered_95/NC_082718.1_multihet.txt
    jobid: 526
    reason: Updated input files: sharks/HypSab/MSMC/Output_bam_caller_BED/NC_082718.1_modified_bed.txt.gz, sharks/HypSab/NC_082718.1.recode.vcf.gz
    wildcards: CLADE=sharks, SPEC_NAME=HypSab, CHROM=NC_082718.1
    resources: mem_mb=100000, mem_mib=95368, disk_mb=1000, disk_mib=954, tmpdir=<TBD>, slurm_account=DURBIN-SL2-CPU, slurm_partition=icelake, runtime=120

Job 526 has been submitted with SLURM jobid 9799905 (log: /rds/project/rds-p67MZilb2eQ/projects/VGP/heterozygosity/.snakemake/slurm_logs/rule_MAIN_MULTIHETSEP/sharks_HypSab_NC_082718.1/9799905.log).

[Fri May 23 10:12:51 2025]
rule MAIN_MULTIHETSEP:
    input: sharks/HypSab/NC_082711.1.recode.vcf.gz, sharks/HypSab/MSMC/Output_Bed/NC_082711.1/NC_082711.1_95.txt, sharks/HypSab/MSMC/Output_bam_caller_BED/NC_082711.1_modified_bed.txt.gz, sharks/HypSab/MSMC/Output_indel_BED_file/NC_082711.1_indel_bed.txt
    output: sharks/HypSab/MSMC/Output_multihet_filtered_95/NC_082711.1_multihet.txt
    jobid: 519
    reason: Updated input files: sharks/HypSab/MSMC/Output_bam_caller_BED/NC_082711.1_modified_bed.txt.gz, sharks/HypSab/NC_082711.1.recode.vcf.gz
    wildcards: CLADE=sharks, SPEC_NAME=HypSab, CHROM=NC_082711.1
    resources: mem_mb=100000, mem_mib=95368, disk_mb=1000, disk_mib=954, tmpdir=<TBD>, slurm_account=DURBIN-SL2-CPU, slurm_partition=icelake, runtime=120

Job 519 has been submitted with SLURM jobid 9799906 (log: /rds/project/rds-p67MZilb2eQ/projects/VGP/heterozygosity/.snakemake/slurm_logs/rule_MAIN_MULTIHETSEP/sharks_HypSab_NC_082711.1/9799906.log).

[Fri May 23 10:12:54 2025]
rule MAIN_MULTIHETSEP:
    input: sharks/HypSab/NC_082733.1.recode.vcf.gz, sharks/HypSab/MSMC/Output_Bed/NC_082733.1/NC_082733.1_95.txt, sharks/HypSab/MSMC/Output_bam_caller_BED/NC_082733.1_modified_bed.txt.gz, sharks/HypSab/MSMC/Output_indel_BED_file/NC_082733.1_indel_bed.txt
    output: sharks/HypSab/MSMC/Output_multihet_filtered_95/NC_082733.1_multihet.txt
    jobid: 541
    reason: Updated input files: sharks/HypSab/MSMC/Output_bam_caller_BED/NC_082733.1_modified_bed.txt.gz, sharks/HypSab/NC_082733.1.recode.vcf.gz
    wildcards: CLADE=sharks, SPEC_NAME=HypSab, CHROM=NC_082733.1
    resources: mem_mb=100000, mem_mib=95368, disk_mb=1000, disk_mib=954, tmpdir=<TBD>, slurm_account=DURBIN-SL2-CPU, slurm_partition=icelake, runtime=120

Job 541 has been submitted with SLURM jobid 9799907 (log: /rds/project/rds-p67MZilb2eQ/projects/VGP/heterozygosity/.snakemake/slurm_logs/rule_MAIN_MULTIHETSEP/sharks_HypSab_NC_082733.1/9799907.log).

[Fri May 23 10:12:54 2025]
rule MAIN_MULTIHETSEP:
    input: sharks/HypSab/NC_082726.1.recode.vcf.gz, sharks/HypSab/MSMC/Output_Bed/NC_082726.1/NC_082726.1_95.txt, sharks/HypSab/MSMC/Output_bam_caller_BED/NC_082726.1_modified_bed.txt.gz, sharks/HypSab/MSMC/Output_indel_BED_file/NC_082726.1_indel_bed.txt
    output: sharks/HypSab/MSMC/Output_multihet_filtered_95/NC_082726.1_multihet.txt
    jobid: 534
    reason: Updated input files: sharks/HypSab/NC_082726.1.recode.vcf.gz, sharks/HypSab/MSMC/Output_bam_caller_BED/NC_082726.1_modified_bed.txt.gz
    wildcards: CLADE=sharks, SPEC_NAME=HypSab, CHROM=NC_082726.1
    resources: mem_mb=100000, mem_mib=95368, disk_mb=1000, disk_mib=954, tmpdir=<TBD>, slurm_account=DURBIN-SL2-CPU, slurm_partition=icelake, runtime=120

Job 534 has been submitted with SLURM jobid 9799908 (log: /rds/project/rds-p67MZilb2eQ/projects/VGP/heterozygosity/.snakemake/slurm_logs/rule_MAIN_MULTIHETSEP/sharks_HypSab_NC_082726.1/9799908.log).

[Fri May 23 10:12:56 2025]
rule MAIN_MULTIHETSEP:
    input: sharks/HypSab/NC_082719.1.recode.vcf.gz, sharks/HypSab/MSMC/Output_Bed/NC_082719.1/NC_082719.1_95.txt, sharks/HypSab/MSMC/Output_bam_caller_BED/NC_082719.1_modified_bed.txt.gz, sharks/HypSab/MSMC/Output_indel_BED_file/NC_082719.1_indel_bed.txt
    output: sharks/HypSab/MSMC/Output_multihet_filtered_95/NC_082719.1_multihet.txt
    jobid: 527
    reason: Updated input files: sharks/HypSab/NC_082719.1.recode.vcf.gz, sharks/HypSab/MSMC/Output_bam_caller_BED/NC_082719.1_modified_bed.txt.gz
    wildcards: CLADE=sharks, SPEC_NAME=HypSab, CHROM=NC_082719.1
    resources: mem_mb=100000, mem_mib=95368, disk_mb=1000, disk_mib=954, tmpdir=<TBD>, slurm_account=DURBIN-SL2-CPU, slurm_partition=icelake, runtime=120

Job 527 has been submitted with SLURM jobid 9799909 (log: /rds/project/rds-p67MZilb2eQ/projects/VGP/heterozygosity/.snakemake/slurm_logs/rule_MAIN_MULTIHETSEP/sharks_HypSab_NC_082719.1/9799909.log).

[Fri May 23 10:12:57 2025]
rule MAIN_MULTIHETSEP:
    input: sharks/HypSab/NC_082712.1.recode.vcf.gz, sharks/HypSab/MSMC/Output_Bed/NC_082712.1/NC_082712.1_95.txt, sharks/HypSab/MSMC/Output_bam_caller_BED/NC_082712.1_modified_bed.txt.gz, sharks/HypSab/MSMC/Output_indel_BED_file/NC_082712.1_indel_bed.txt
    output: sharks/HypSab/MSMC/Output_multihet_filtered_95/NC_082712.1_multihet.txt
    jobid: 520
    reason: Updated input files: sharks/HypSab/NC_082712.1.recode.vcf.gz, sharks/HypSab/MSMC/Output_bam_caller_BED/NC_082712.1_modified_bed.txt.gz
    wildcards: CLADE=sharks, SPEC_NAME=HypSab, CHROM=NC_082712.1
    resources: mem_mb=100000, mem_mib=95368, disk_mb=1000, disk_mib=954, tmpdir=<TBD>, slurm_account=DURBIN-SL2-CPU, slurm_partition=icelake, runtime=120

Job 520 has been submitted with SLURM jobid 9799910 (log: /rds/project/rds-p67MZilb2eQ/projects/VGP/heterozygosity/.snakemake/slurm_logs/rule_MAIN_MULTIHETSEP/sharks_HypSab_NC_082712.1/9799910.log).

[Fri May 23 10:12:57 2025]
rule MAIN_MULTIHETSEP:
    input: sharks/HypSab/NC_082734.1.recode.vcf.gz, sharks/HypSab/MSMC/Output_Bed/NC_082734.1/NC_082734.1_95.txt, sharks/HypSab/MSMC/Output_bam_caller_BED/NC_082734.1_modified_bed.txt.gz, sharks/HypSab/MSMC/Output_indel_BED_file/NC_082734.1_indel_bed.txt
    output: sharks/HypSab/MSMC/Output_multihet_filtered_95/NC_082734.1_multihet.txt
    jobid: 542
    reason: Updated input files: sharks/HypSab/NC_082734.1.recode.vcf.gz, sharks/HypSab/MSMC/Output_bam_caller_BED/NC_082734.1_modified_bed.txt.gz
    wildcards: CLADE=sharks, SPEC_NAME=HypSab, CHROM=NC_082734.1
    resources: mem_mb=100000, mem_mib=95368, disk_mb=1000, disk_mib=954, tmpdir=<TBD>, slurm_account=DURBIN-SL2-CPU, slurm_partition=icelake, runtime=120

Job 542 has been submitted with SLURM jobid 9799911 (log: /rds/project/rds-p67MZilb2eQ/projects/VGP/heterozygosity/.snakemake/slurm_logs/rule_MAIN_MULTIHETSEP/sharks_HypSab_NC_082734.1/9799911.log).

[Fri May 23 10:12:59 2025]
rule MAIN_MULTIHETSEP:
    input: sharks/HypSab/NC_082721.1.recode.vcf.gz, sharks/HypSab/MSMC/Output_Bed/NC_082721.1/NC_082721.1_95.txt, sharks/HypSab/MSMC/Output_bam_caller_BED/NC_082721.1_modified_bed.txt.gz, sharks/HypSab/MSMC/Output_indel_BED_file/NC_082721.1_indel_bed.txt
    output: sharks/HypSab/MSMC/Output_multihet_filtered_95/NC_082721.1_multihet.txt
    jobid: 529
    reason: Updated input files: sharks/HypSab/MSMC/Output_bam_caller_BED/NC_082721.1_modified_bed.txt.gz, sharks/HypSab/NC_082721.1.recode.vcf.gz
    wildcards: CLADE=sharks, SPEC_NAME=HypSab, CHROM=NC_082721.1
    resources: mem_mb=100000, mem_mib=95368, disk_mb=1000, disk_mib=954, tmpdir=<TBD>, slurm_account=DURBIN-SL2-CPU, slurm_partition=icelake, runtime=120

Job 529 has been submitted with SLURM jobid 9799912 (log: /rds/project/rds-p67MZilb2eQ/projects/VGP/heterozygosity/.snakemake/slurm_logs/rule_MAIN_MULTIHETSEP/sharks_HypSab_NC_082721.1/9799912.log).

[Fri May 23 10:12:59 2025]
rule MAIN_MULTIHETSEP:
    input: sharks/HypSab/NC_082714.1.recode.vcf.gz, sharks/HypSab/MSMC/Output_Bed/NC_082714.1/NC_082714.1_95.txt, sharks/HypSab/MSMC/Output_bam_caller_BED/NC_082714.1_modified_bed.txt.gz, sharks/HypSab/MSMC/Output_indel_BED_file/NC_082714.1_indel_bed.txt
    output: sharks/HypSab/MSMC/Output_multihet_filtered_95/NC_082714.1_multihet.txt
    jobid: 522
    reason: Updated input files: sharks/HypSab/NC_082714.1.recode.vcf.gz, sharks/HypSab/MSMC/Output_bam_caller_BED/NC_082714.1_modified_bed.txt.gz
    wildcards: CLADE=sharks, SPEC_NAME=HypSab, CHROM=NC_082714.1
    resources: mem_mb=100000, mem_mib=95368, disk_mb=1000, disk_mib=954, tmpdir=<TBD>, slurm_account=DURBIN-SL2-CPU, slurm_partition=icelake, runtime=120

Job 522 has been submitted with SLURM jobid 9799913 (log: /rds/project/rds-p67MZilb2eQ/projects/VGP/heterozygosity/.snakemake/slurm_logs/rule_MAIN_MULTIHETSEP/sharks_HypSab_NC_082714.1/9799913.log).

[Fri May 23 10:13:02 2025]
rule MAIN_MULTIHETSEP:
    input: sharks/HypSab/NC_082707.1.recode.vcf.gz, sharks/HypSab/MSMC/Output_Bed/NC_082707.1/NC_082707.1_95.txt, sharks/HypSab/MSMC/Output_bam_caller_BED/NC_082707.1_modified_bed.txt.gz, sharks/HypSab/MSMC/Output_indel_BED_file/NC_082707.1_indel_bed.txt
    output: sharks/HypSab/MSMC/Output_multihet_filtered_95/NC_082707.1_multihet.txt
    jobid: 515
    reason: Updated input files: sharks/HypSab/MSMC/Output_bam_caller_BED/NC_082707.1_modified_bed.txt.gz, sharks/HypSab/NC_082707.1.recode.vcf.gz
    wildcards: CLADE=sharks, SPEC_NAME=HypSab, CHROM=NC_082707.1
    resources: mem_mb=100000, mem_mib=95368, disk_mb=1000, disk_mib=954, tmpdir=<TBD>, slurm_account=DURBIN-SL2-CPU, slurm_partition=icelake, runtime=120

Job 515 has been submitted with SLURM jobid 9799914 (log: /rds/project/rds-p67MZilb2eQ/projects/VGP/heterozygosity/.snakemake/slurm_logs/rule_MAIN_MULTIHETSEP/sharks_HypSab_NC_082707.1/9799914.log).

[Fri May 23 10:13:02 2025]
rule MAIN_MULTIHETSEP:
    input: sharks/HypSab/NC_082736.1.recode.vcf.gz, sharks/HypSab/MSMC/Output_Bed/NC_082736.1/NC_082736.1_95.txt, sharks/HypSab/MSMC/Output_bam_caller_BED/NC_082736.1_modified_bed.txt.gz, sharks/HypSab/MSMC/Output_indel_BED_file/NC_082736.1_indel_bed.txt
    output: sharks/HypSab/MSMC/Output_multihet_filtered_95/NC_082736.1_multihet.txt
    jobid: 544
    reason: Updated input files: sharks/HypSab/NC_082736.1.recode.vcf.gz, sharks/HypSab/MSMC/Output_bam_caller_BED/NC_082736.1_modified_bed.txt.gz
    wildcards: CLADE=sharks, SPEC_NAME=HypSab, CHROM=NC_082736.1
    resources: mem_mb=100000, mem_mib=95368, disk_mb=1000, disk_mib=954, tmpdir=<TBD>, slurm_account=DURBIN-SL2-CPU, slurm_partition=icelake, runtime=120

Job 544 has been submitted with SLURM jobid 9799915 (log: /rds/project/rds-p67MZilb2eQ/projects/VGP/heterozygosity/.snakemake/slurm_logs/rule_MAIN_MULTIHETSEP/sharks_HypSab_NC_082736.1/9799915.log).

[Fri May 23 10:13:04 2025]
rule MAIN_MULTIHETSEP:
    input: sharks/HypSab/NC_082729.1.recode.vcf.gz, sharks/HypSab/MSMC/Output_Bed/NC_082729.1/NC_082729.1_95.txt, sharks/HypSab/MSMC/Output_bam_caller_BED/NC_082729.1_modified_bed.txt.gz, sharks/HypSab/MSMC/Output_indel_BED_file/NC_082729.1_indel_bed.txt
    output: sharks/HypSab/MSMC/Output_multihet_filtered_95/NC_082729.1_multihet.txt
    jobid: 537
    reason: Updated input files: sharks/HypSab/NC_082729.1.recode.vcf.gz, sharks/HypSab/MSMC/Output_bam_caller_BED/NC_082729.1_modified_bed.txt.gz
    wildcards: CLADE=sharks, SPEC_NAME=HypSab, CHROM=NC_082729.1
    resources: mem_mb=100000, mem_mib=95368, disk_mb=1000, disk_mib=954, tmpdir=<TBD>, slurm_account=DURBIN-SL2-CPU, slurm_partition=icelake, runtime=120

Job 537 has been submitted with SLURM jobid 9799917 (log: /rds/project/rds-p67MZilb2eQ/projects/VGP/heterozygosity/.snakemake/slurm_logs/rule_MAIN_MULTIHETSEP/sharks_HypSab_NC_082729.1/9799917.log).

[Fri May 23 10:13:04 2025]
rule MAIN_MULTIHETSEP:
    input: sharks/HypSab/NC_082722.1.recode.vcf.gz, sharks/HypSab/MSMC/Output_Bed/NC_082722.1/NC_082722.1_95.txt, sharks/HypSab/MSMC/Output_bam_caller_BED/NC_082722.1_modified_bed.txt.gz, sharks/HypSab/MSMC/Output_indel_BED_file/NC_082722.1_indel_bed.txt
    output: sharks/HypSab/MSMC/Output_multihet_filtered_95/NC_082722.1_multihet.txt
    jobid: 530
    reason: Updated input files: sharks/HypSab/NC_082722.1.recode.vcf.gz, sharks/HypSab/MSMC/Output_bam_caller_BED/NC_082722.1_modified_bed.txt.gz
    wildcards: CLADE=sharks, SPEC_NAME=HypSab, CHROM=NC_082722.1
    resources: mem_mb=100000, mem_mib=95368, disk_mb=1000, disk_mib=954, tmpdir=<TBD>, slurm_account=DURBIN-SL2-CPU, slurm_partition=icelake, runtime=120

Job 530 has been submitted with SLURM jobid 9799918 (log: /rds/project/rds-p67MZilb2eQ/projects/VGP/heterozygosity/.snakemake/slurm_logs/rule_MAIN_MULTIHETSEP/sharks_HypSab_NC_082722.1/9799918.log).

[Fri May 23 10:13:04 2025]
rule MAIN_MULTIHETSEP:
    input: sharks/HypSab/NC_082715.1.recode.vcf.gz, sharks/HypSab/MSMC/Output_Bed/NC_082715.1/NC_082715.1_95.txt, sharks/HypSab/MSMC/Output_bam_caller_BED/NC_082715.1_modified_bed.txt.gz, sharks/HypSab/MSMC/Output_indel_BED_file/NC_082715.1_indel_bed.txt
    output: sharks/HypSab/MSMC/Output_multihet_filtered_95/NC_082715.1_multihet.txt
    jobid: 523
    reason: Updated input files: sharks/HypSab/MSMC/Output_bam_caller_BED/NC_082715.1_modified_bed.txt.gz, sharks/HypSab/NC_082715.1.recode.vcf.gz
    wildcards: CLADE=sharks, SPEC_NAME=HypSab, CHROM=NC_082715.1
    resources: mem_mb=100000, mem_mib=95368, disk_mb=1000, disk_mib=954, tmpdir=<TBD>, slurm_account=DURBIN-SL2-CPU, slurm_partition=icelake, runtime=120

Job 523 has been submitted with SLURM jobid 9799919 (log: /rds/project/rds-p67MZilb2eQ/projects/VGP/heterozygosity/.snakemake/slurm_logs/rule_MAIN_MULTIHETSEP/sharks_HypSab_NC_082715.1/9799919.log).

[Fri May 23 10:13:07 2025]
rule MAIN_MULTIHETSEP:
    input: sharks/HypSab/NC_082708.1.recode.vcf.gz, sharks/HypSab/MSMC/Output_Bed/NC_082708.1/NC_082708.1_95.txt, sharks/HypSab/MSMC/Output_bam_caller_BED/NC_082708.1_modified_bed.txt.gz, sharks/HypSab/MSMC/Output_indel_BED_file/NC_082708.1_indel_bed.txt
    output: sharks/HypSab/MSMC/Output_multihet_filtered_95/NC_082708.1_multihet.txt
    jobid: 516
    reason: Updated input files: sharks/HypSab/NC_082708.1.recode.vcf.gz, sharks/HypSab/MSMC/Output_bam_caller_BED/NC_082708.1_modified_bed.txt.gz
    wildcards: CLADE=sharks, SPEC_NAME=HypSab, CHROM=NC_082708.1
    resources: mem_mb=100000, mem_mib=95368, disk_mb=1000, disk_mib=954, tmpdir=<TBD>, slurm_account=DURBIN-SL2-CPU, slurm_partition=icelake, runtime=120

Job 516 has been submitted with SLURM jobid 9799920 (log: /rds/project/rds-p67MZilb2eQ/projects/VGP/heterozygosity/.snakemake/slurm_logs/rule_MAIN_MULTIHETSEP/sharks_HypSab_NC_082708.1/9799920.log).

[Fri May 23 10:13:07 2025]
rule MAIN_MULTIHETSEP:
    input: sharks/HypSab/NC_082737.1.recode.vcf.gz, sharks/HypSab/MSMC/Output_Bed/NC_082737.1/NC_082737.1_95.txt, sharks/HypSab/MSMC/Output_bam_caller_BED/NC_082737.1_modified_bed.txt.gz, sharks/HypSab/MSMC/Output_indel_BED_file/NC_082737.1_indel_bed.txt
    output: sharks/HypSab/MSMC/Output_multihet_filtered_95/NC_082737.1_multihet.txt
    jobid: 545
    reason: Updated input files: sharks/HypSab/MSMC/Output_bam_caller_BED/NC_082737.1_modified_bed.txt.gz, sharks/HypSab/NC_082737.1.recode.vcf.gz
    wildcards: CLADE=sharks, SPEC_NAME=HypSab, CHROM=NC_082737.1
    resources: mem_mb=100000, mem_mib=95368, disk_mb=1000, disk_mib=954, tmpdir=<TBD>, slurm_account=DURBIN-SL2-CPU, slurm_partition=icelake, runtime=120

Job 545 has been submitted with SLURM jobid 9799921 (log: /rds/project/rds-p67MZilb2eQ/projects/VGP/heterozygosity/.snakemake/slurm_logs/rule_MAIN_MULTIHETSEP/sharks_HypSab_NC_082737.1/9799921.log).

[Fri May 23 10:13:07 2025]
rule MAIN_MULTIHETSEP:
    input: sharks/HypSab/NC_082730.1.recode.vcf.gz, sharks/HypSab/MSMC/Output_Bed/NC_082730.1/NC_082730.1_95.txt, sharks/HypSab/MSMC/Output_bam_caller_BED/NC_082730.1_modified_bed.txt.gz, sharks/HypSab/MSMC/Output_indel_BED_file/NC_082730.1_indel_bed.txt
    output: sharks/HypSab/MSMC/Output_multihet_filtered_95/NC_082730.1_multihet.txt
    jobid: 538
    reason: Updated input files: sharks/HypSab/NC_082730.1.recode.vcf.gz, sharks/HypSab/MSMC/Output_bam_caller_BED/NC_082730.1_modified_bed.txt.gz
    wildcards: CLADE=sharks, SPEC_NAME=HypSab, CHROM=NC_082730.1
    resources: mem_mb=100000, mem_mib=95368, disk_mb=1000, disk_mib=954, tmpdir=<TBD>, slurm_account=DURBIN-SL2-CPU, slurm_partition=icelake, runtime=120

Job 538 has been submitted with SLURM jobid 9799922 (log: /rds/project/rds-p67MZilb2eQ/projects/VGP/heterozygosity/.snakemake/slurm_logs/rule_MAIN_MULTIHETSEP/sharks_HypSab_NC_082730.1/9799922.log).

[Fri May 23 10:13:09 2025]
rule MAIN_MULTIHETSEP:
    input: sharks/HypSab/NC_082723.1.recode.vcf.gz, sharks/HypSab/MSMC/Output_Bed/NC_082723.1/NC_082723.1_95.txt, sharks/HypSab/MSMC/Output_bam_caller_BED/NC_082723.1_modified_bed.txt.gz, sharks/HypSab/MSMC/Output_indel_BED_file/NC_082723.1_indel_bed.txt
    output: sharks/HypSab/MSMC/Output_multihet_filtered_95/NC_082723.1_multihet.txt
    jobid: 531
    reason: Updated input files: sharks/HypSab/NC_082723.1.recode.vcf.gz, sharks/HypSab/MSMC/Output_bam_caller_BED/NC_082723.1_modified_bed.txt.gz
    wildcards: CLADE=sharks, SPEC_NAME=HypSab, CHROM=NC_082723.1
    resources: mem_mb=100000, mem_mib=95368, disk_mb=1000, disk_mib=954, tmpdir=<TBD>, slurm_account=DURBIN-SL2-CPU, slurm_partition=icelake, runtime=120

Job 531 has been submitted with SLURM jobid 9799923 (log: /rds/project/rds-p67MZilb2eQ/projects/VGP/heterozygosity/.snakemake/slurm_logs/rule_MAIN_MULTIHETSEP/sharks_HypSab_NC_082723.1/9799923.log).

[Fri May 23 10:13:09 2025]
rule MAIN_MULTIHETSEP:
    input: sharks/HypSab/NC_082716.1.recode.vcf.gz, sharks/HypSab/MSMC/Output_Bed/NC_082716.1/NC_082716.1_95.txt, sharks/HypSab/MSMC/Output_bam_caller_BED/NC_082716.1_modified_bed.txt.gz, sharks/HypSab/MSMC/Output_indel_BED_file/NC_082716.1_indel_bed.txt
    output: sharks/HypSab/MSMC/Output_multihet_filtered_95/NC_082716.1_multihet.txt
    jobid: 524
    reason: Updated input files: sharks/HypSab/NC_082716.1.recode.vcf.gz, sharks/HypSab/MSMC/Output_bam_caller_BED/NC_082716.1_modified_bed.txt.gz
    wildcards: CLADE=sharks, SPEC_NAME=HypSab, CHROM=NC_082716.1
    resources: mem_mb=100000, mem_mib=95368, disk_mb=1000, disk_mib=954, tmpdir=<TBD>, slurm_account=DURBIN-SL2-CPU, slurm_partition=icelake, runtime=120

Job 524 has been submitted with SLURM jobid 9799924 (log: /rds/project/rds-p67MZilb2eQ/projects/VGP/heterozygosity/.snakemake/slurm_logs/rule_MAIN_MULTIHETSEP/sharks_HypSab_NC_082716.1/9799924.log).

[Fri May 23 10:13:12 2025]
rule MAIN_MULTIHETSEP:
    input: sharks/HypSab/NC_082709.1.recode.vcf.gz, sharks/HypSab/MSMC/Output_Bed/NC_082709.1/NC_082709.1_95.txt, sharks/HypSab/MSMC/Output_bam_caller_BED/NC_082709.1_modified_bed.txt.gz, sharks/HypSab/MSMC/Output_indel_BED_file/NC_082709.1_indel_bed.txt
    output: sharks/HypSab/MSMC/Output_multihet_filtered_95/NC_082709.1_multihet.txt
    jobid: 517
    reason: Updated input files: sharks/HypSab/MSMC/Output_bam_caller_BED/NC_082709.1_modified_bed.txt.gz, sharks/HypSab/NC_082709.1.recode.vcf.gz
    wildcards: CLADE=sharks, SPEC_NAME=HypSab, CHROM=NC_082709.1
    resources: mem_mb=100000, mem_mib=95368, disk_mb=1000, disk_mib=954, tmpdir=<TBD>, slurm_account=DURBIN-SL2-CPU, slurm_partition=icelake, runtime=120

Job 517 has been submitted with SLURM jobid 9799926 (log: /rds/project/rds-p67MZilb2eQ/projects/VGP/heterozygosity/.snakemake/slurm_logs/rule_MAIN_MULTIHETSEP/sharks_HypSab_NC_082709.1/9799926.log).

[Fri May 23 10:13:12 2025]
rule MAIN_MULTIHETSEP:
    input: sharks/HypSab/NC_082731.1.recode.vcf.gz, sharks/HypSab/MSMC/Output_Bed/NC_082731.1/NC_082731.1_95.txt, sharks/HypSab/MSMC/Output_bam_caller_BED/NC_082731.1_modified_bed.txt.gz, sharks/HypSab/MSMC/Output_indel_BED_file/NC_082731.1_indel_bed.txt
    output: sharks/HypSab/MSMC/Output_multihet_filtered_95/NC_082731.1_multihet.txt
    jobid: 539
    reason: Updated input files: sharks/HypSab/MSMC/Output_bam_caller_BED/NC_082731.1_modified_bed.txt.gz, sharks/HypSab/NC_082731.1.recode.vcf.gz
    wildcards: CLADE=sharks, SPEC_NAME=HypSab, CHROM=NC_082731.1
    resources: mem_mb=100000, mem_mib=95368, disk_mb=1000, disk_mib=954, tmpdir=<TBD>, slurm_account=DURBIN-SL2-CPU, slurm_partition=icelake, runtime=120

Job 539 has been submitted with SLURM jobid 9799927 (log: /rds/project/rds-p67MZilb2eQ/projects/VGP/heterozygosity/.snakemake/slurm_logs/rule_MAIN_MULTIHETSEP/sharks_HypSab_NC_082731.1/9799927.log).

[Fri May 23 10:13:12 2025]
rule MAIN_MULTIHETSEP:
    input: sharks/HypSab/NC_082724.1.recode.vcf.gz, sharks/HypSab/MSMC/Output_Bed/NC_082724.1/NC_082724.1_95.txt, sharks/HypSab/MSMC/Output_bam_caller_BED/NC_082724.1_modified_bed.txt.gz, sharks/HypSab/MSMC/Output_indel_BED_file/NC_082724.1_indel_bed.txt
    output: sharks/HypSab/MSMC/Output_multihet_filtered_95/NC_082724.1_multihet.txt
    jobid: 532
    reason: Updated input files: sharks/HypSab/NC_082724.1.recode.vcf.gz, sharks/HypSab/MSMC/Output_bam_caller_BED/NC_082724.1_modified_bed.txt.gz
    wildcards: CLADE=sharks, SPEC_NAME=HypSab, CHROM=NC_082724.1
    resources: mem_mb=100000, mem_mib=95368, disk_mb=1000, disk_mib=954, tmpdir=<TBD>, slurm_account=DURBIN-SL2-CPU, slurm_partition=icelake, runtime=120

Job 532 has been submitted with SLURM jobid 9799928 (log: /rds/project/rds-p67MZilb2eQ/projects/VGP/heterozygosity/.snakemake/slurm_logs/rule_MAIN_MULTIHETSEP/sharks_HypSab_NC_082724.1/9799928.log).

[Fri May 23 10:13:14 2025]
rule MAIN_MULTIHETSEP:
    input: sharks/HypSab/NC_082717.1.recode.vcf.gz, sharks/HypSab/MSMC/Output_Bed/NC_082717.1/NC_082717.1_95.txt, sharks/HypSab/MSMC/Output_bam_caller_BED/NC_082717.1_modified_bed.txt.gz, sharks/HypSab/MSMC/Output_indel_BED_file/NC_082717.1_indel_bed.txt
    output: sharks/HypSab/MSMC/Output_multihet_filtered_95/NC_082717.1_multihet.txt
    jobid: 525
    reason: Updated input files: sharks/HypSab/NC_082717.1.recode.vcf.gz, sharks/HypSab/MSMC/Output_bam_caller_BED/NC_082717.1_modified_bed.txt.gz
    wildcards: CLADE=sharks, SPEC_NAME=HypSab, CHROM=NC_082717.1
    resources: mem_mb=100000, mem_mib=95368, disk_mb=1000, disk_mib=954, tmpdir=<TBD>, slurm_account=DURBIN-SL2-CPU, slurm_partition=icelake, runtime=120

Job 525 has been submitted with SLURM jobid 9799929 (log: /rds/project/rds-p67MZilb2eQ/projects/VGP/heterozygosity/.snakemake/slurm_logs/rule_MAIN_MULTIHETSEP/sharks_HypSab_NC_082717.1/9799929.log).
[Fri May 23 10:24:20 2025]
Finished job 518.
1 of 993 steps (0.1%) done
Select jobs to execute...
Execute 1 jobs...

[Fri May 23 10:24:20 2025]
rule BOOTSTRAPPING_MULTIHET_FILE:
    input: sharks/HypSab/MSMC/Output_multihet_filtered_95/NC_082710.1_multihet.txt
    output: sharks/HypSab/MSMC/Output_Multihet_Bootstrapped/24/NC_082710.1_multihet.txt
    jobid: 690
    reason: Input files updated by another job: sharks/HypSab/MSMC/Output_multihet_filtered_95/NC_082710.1_multihet.txt
    wildcards: CLADE=sharks, SPEC_NAME=HypSab, BOOT=24, CHROM=NC_082710.1
    resources: mem_mb=100000, mem_mib=95368, disk_mb=1000, disk_mib=954, tmpdir=<TBD>, slurm_account=DURBIN-SL2-CPU, slurm_partition=icelake, runtime=120

Job 690 has been submitted with SLURM jobid 9800556 (log: /rds/project/rds-p67MZilb2eQ/projects/VGP/heterozygosity/.snakemake/slurm_logs/rule_BOOTSTRAPPING_MULTIHET_FILE/sharks_HypSab_24_NC_082710.1/9800556.log).
[Fri May 23 10:38:31 2025]
Finished job 533.
2 of 993 steps (0.2%) done
Select jobs to execute...
Execute 1 jobs...

[Fri May 23 10:38:31 2025]
rule BOOTSTRAPPING_MULTIHET_FILE:
    input: sharks/HypSab/MSMC/Output_multihet_filtered_95/NC_082725.1_multihet.txt
    output: sharks/HypSab/MSMC/Output_Multihet_Bootstrapped/21/NC_082725.1_multihet.txt
    jobid: 1137
    reason: Input files updated by another job: sharks/HypSab/MSMC/Output_multihet_filtered_95/NC_082725.1_multihet.txt
    wildcards: CLADE=sharks, SPEC_NAME=HypSab, BOOT=21, CHROM=NC_082725.1
    resources: mem_mb=100000, mem_mib=95368, disk_mb=1000, disk_mib=954, tmpdir=<TBD>, slurm_account=DURBIN-SL2-CPU, slurm_partition=icelake, runtime=120

Job 1137 has been submitted with SLURM jobid 9801022 (log: /rds/project/rds-p67MZilb2eQ/projects/VGP/heterozygosity/.snakemake/slurm_logs/rule_BOOTSTRAPPING_MULTIHET_FILE/sharks_HypSab_21_NC_082725.1/9801022.log).
[Fri May 23 10:52:43 2025]
Finished job 526.
3 of 993 steps (0.3%) done
Select jobs to execute...
Execute 1 jobs...

[Fri May 23 10:52:43 2025]
rule BOOTSTRAPPING_MULTIHET_FILE:
    input: sharks/HypSab/MSMC/Output_multihet_filtered_95/NC_082725.1_multihet.txt
    output: sharks/HypSab/MSMC/Output_Multihet_Bootstrapped/13/NC_082725.1_multihet.txt
    jobid: 1129
    reason: Input files updated by another job: sharks/HypSab/MSMC/Output_multihet_filtered_95/NC_082725.1_multihet.txt
    wildcards: CLADE=sharks, SPEC_NAME=HypSab, BOOT=13, CHROM=NC_082725.1
    resources: mem_mb=100000, mem_mib=95368, disk_mb=1000, disk_mib=954, tmpdir=<TBD>, slurm_account=DURBIN-SL2-CPU, slurm_partition=icelake, runtime=120

Job 1129 has been submitted with SLURM jobid 9801309 (log: /rds/project/rds-p67MZilb2eQ/projects/VGP/heterozygosity/.snakemake/slurm_logs/rule_BOOTSTRAPPING_MULTIHET_FILE/sharks_HypSab_13_NC_082725.1/9801309.log).
[Fri May 23 10:52:45 2025]
Finished job 541.
4 of 993 steps (0.4%) done
Select jobs to execute...
Execute 1 jobs...

[Fri May 23 10:52:45 2025]
rule BOOTSTRAPPING_MULTIHET_FILE:
    input: sharks/HypSab/MSMC/Output_multihet_filtered_95/NC_082718.1_multihet.txt
    output: sharks/HypSab/MSMC/Output_Multihet_Bootstrapped/22/NC_082718.1_multihet.txt
    jobid: 928
    reason: Input files updated by another job: sharks/HypSab/MSMC/Output_multihet_filtered_95/NC_082718.1_multihet.txt
    wildcards: CLADE=sharks, SPEC_NAME=HypSab, BOOT=22, CHROM=NC_082718.1
    resources: mem_mb=100000, mem_mib=95368, disk_mb=1000, disk_mib=954, tmpdir=<TBD>, slurm_account=DURBIN-SL2-CPU, slurm_partition=icelake, runtime=120

Job 928 has been submitted with SLURM jobid 9801310 (log: /rds/project/rds-p67MZilb2eQ/projects/VGP/heterozygosity/.snakemake/slurm_logs/rule_BOOTSTRAPPING_MULTIHET_FILE/sharks_HypSab_22_NC_082718.1/9801310.log).
[Fri May 23 10:53:23 2025]
Finished job 519.
5 of 993 steps (1%) done
Select jobs to execute...
Execute 1 jobs...

[Fri May 23 10:53:23 2025]
rule BOOTSTRAPPING_MULTIHET_FILE:
    input: sharks/HypSab/MSMC/Output_multihet_filtered_95/NC_082711.1_multihet.txt
    output: sharks/HypSab/MSMC/Output_Multihet_Bootstrapped/7/NC_082711.1_multihet.txt
    jobid: 703
    reason: Input files updated by another job: sharks/HypSab/MSMC/Output_multihet_filtered_95/NC_082711.1_multihet.txt
    wildcards: CLADE=sharks, SPEC_NAME=HypSab, BOOT=7, CHROM=NC_082711.1
    resources: mem_mb=100000, mem_mib=95368, disk_mb=1000, disk_mib=954, tmpdir=<TBD>, slurm_account=DURBIN-SL2-CPU, slurm_partition=icelake, runtime=120

Job 703 has been submitted with SLURM jobid 9801319 (log: /rds/project/rds-p67MZilb2eQ/projects/VGP/heterozygosity/.snakemake/slurm_logs/rule_BOOTSTRAPPING_MULTIHET_FILE/sharks_HypSab_7_NC_082711.1/9801319.log).
