host: login-p-3
Building DAG of jobs...
Using shell: /usr/bin/bash
Provided cores: 56
Rules claiming more threads will be scaled down.
Job stats:
job                 count
----------------  -------
PLOT_HET_PER_CHR        1
all                     1
total                   2

Select jobs to execute...
Execute 1 jobs...

[Thu Apr 24 11:51:18 2025]
localrule PLOT_HET_PER_CHR:
    input: sharks/HepPer/HepPer_Het_Compiled.tsv
    output: sharks/HepPer/20250422_HepPer_CM068682.1_Het_Map.svg
    jobid: 293
    reason: Missing output files: sharks/HepPer/20250422_HepPer_CM068682.1_Het_Map.svg
    wildcards: CLADE=sharks, SPEC_NAME=HepPer, TODAY_DATE=20250422, CHR=CM068682.1
    resources: tmpdir=/tmp

Waiting at most 60 seconds for missing files:
sharks/HepPer/20250422_HepPer_CM068682.1_Het_Map.svg (missing locally)
MissingOutputException in rule PLOT_HET_PER_CHR in file /rds/project/rds-p67MZilb2eQ/projects/VGP/heterozygosity/Snakefile, line 481:
Job 293  completed successfully, but some output files are missing. Missing files after 60 seconds. This might be due to filesystem latency. If that is the case, consider to increase the wait time with --latency-wait:
sharks/HepPer/20250422_HepPer_CM068682.1_Het_Map.svg (missing locally, parent dir contents: 20250422_CM068638.1_GCA_035084215.1_FROH.txt, 20250422_HepPer_CM068649.1_Het_Map.svg, 20250422_CM068652.1_ROH_Results.txt, 20250422_CM068665.1_het.txt, 20250422_CM068664.1_ROH_Results.txt, 20250422_CM068642.1_ROH_Results.txt, 20250422_HepPer_CM068670.1_Het_Map.svg, 20250422_HepPer_CM068668.1_Het_Map.svg, 20250422_CM068676.1_GCA_035084215.1_FROH.txt, 20250422_CM068661.1_ROH_Results.txt, 20250422_HepPer_CM068653.1_Het_Map.svg, 20250422_HepPer_CM068638.1_Het_Map.svg, 20250422_CM068669.1_ROH_Results.txt, 20250422_CM068647.1_GCA_035084215.1_FROH.txt, 20250422_CM068652.1_GCA_035084215.1_FROH.txt, 20250422_CM068682.1_ROH_Results.txt, 20250422_CM068672.1_GCA_035084215.1_FROH.txt, 20250422_CM068678.1_GCA_035084215.1_FROH.txt, 20250422_CM068646.1_GCA_035084215.1_FROH.txt, 20250422_HepPer_FROH.txt, 20250422_CM068659.1_het.txt, 20250422_CM068677.1_ROH_Results.txt, 20250422_HepPer_whole_genome_mean_heterozygosity.txt, 20250422_CM068659.1_ROH_Results.txt, 20250422_HepPer_CM068641.1_Het_Map.svg, 20250422_CM068660.1_GCA_035084215.1_FROH.txt, 20250422_HepPer_CM068671.1_Het_Map.svg, 20250422_CM068674.1_het.txt, 20250422_CM068664.1_GCA_035084215.1_FROH.txt, 20250422_CM068657.1_het.txt, 20250422_CM068649.1_het.txt, HepPer_ALN.1aln, 20250422_CM068661.1_het.txt, 20250422_CM068642.1_GCA_035084215.1_FROH.txt, 20250422_HepPer_CM068655.1_Het_Map.svg, 20250422_CM068677.1_het.txt, 20250422_HepPer_CM068681.1_Het_Map.svg, 20250422_CM068651.1_het.txt, 20250422_CM068648.1_GCA_035084215.1_FROH.txt, 20250422_CM068654.1_ROH_Results.txt, 20250422_CM068649.1_GCA_035084215.1_FROH.txt, 20250422_CM068640.1_het.txt, 20250422_CM068664.1_het.txt, temp, 20250422_CM068643.1_GCA_035084215.1_FROH.txt, 20250422_CM068675.1_ROH_Results.txt, 20250422_CM068649.1_ROH_Results.txt, 20250422_CM068637.1_ROH_Results.txt, 20250422_HepPer_CM068643.1_Het_Map.svg, 20250422_CM068666.1_GCA_035084215.1_FROH.txt, 20250422_CM068638.1_ROH_Results.txt, 20250422_CM068641.1_het.txt, 20250422_CM068648.1_ROH_Results.txt, 20250422_CM068647.1_ROH_Results.txt, 20250422_CM068669.1_het.txt, 20250422_CM068645.1_ROH_Results.txt, 20250422_HepPer_CM068650.1_Het_Map.svg, 20250422_HepPer_CM068644.1_Het_Map.svg, 20250422_HepPer_CM068656.1_Het_Map.svg, 20250422_CM068678.1_het.txt, 20250422_CM068681.1_het.txt, 20250422_HepPer_CM068669.1_Het_Map.svg, 20250422_CM068645.1_het.txt, 20250422_CM068651.1_ROH_Results.txt, 20250422_CM068670.1_GCA_035084215.1_FROH.txt, 20250422_CM068682.1_het.txt, 20250422_HepPer_CM068663.1_Het_Map.svg, 20250422_CM068655.1_ROH_Results.txt, HepPer_FASTGA.chain.fltr.paf, 20250422_CM068675.1_GCA_035084215.1_FROH.txt, 20250422_CM068650.1_ROH_Results.txt, 20250422_HepPer_CM068658.1_Het_Map.svg, 20250422_CM068678.1_ROH_Results.txt, 20250422_CM068670.1_ROH_Results.txt, 20250422_CM068640.1_ROH_Results.txt, 20250422_CM068660.1_ROH_Results.txt, HepPer_FASTGA.chain.fltr.srt.paf, 20250422_CM068662.1_het.txt, HepPer_ROH_Results.csv, 20250422_CM068655.1_GCA_035084215.1_FROH.txt, 20250422_CM068660.1_het.txt, 20250422_HepPer_CM068676.1_Het_Map.svg, 20250422_CM068644.1_ROH_Results.txt, 20250422_CM068644.1_GCA_035084215.1_FROH.txt, 20250422_CM068665.1_ROH_Results.txt, 20250422_CM068639.1_ROH_Results.txt, 20250422_CM068645.1_GCA_035084215.1_FROH.txt, 20250422_CM068669.1_GCA_035084215.1_FROH.txt, 20250422_CM068679.1_GCA_035084215.1_FROH.txt, 20250422_CM068646.1_het.txt, 20250422_CM068668.1_ROH_Results.txt, 20250422_HepPer_CM068640.1_Het_Map.svg, 20250422_CM068658.1_het.txt, 20250422_CM068647.1_het.txt, 20250422_CM068680.1_ROH_Results.txt, 20250422_CM068666.1_ROH_Results.txt, 20250422_HepPer_CM068659.1_Het_Map.svg, 20250422_HepPer_CM068645.1_Het_Map.svg, 20250422_CM068680.1_GCA_035084215.1_FROH.txt, 20250422_CM068671.1_GCA_035084215.1_FROH.txt, 20250422_CM068639.1_het.txt, 20250422_CM068643.1_ROH_Results.txt, 20250422_CM068639.1_GCA_035084215.1_FROH.txt, 20250422_CM068648.1_het.txt, 20250422_CM068659.1_GCA_035084215.1_FROH.txt, 20250422_CM068681.1_GCA_035084215.1_FROH.txt, 20250422_CM068673.1_ROH_Results.txt, 20250422_CM068653.1_ROH_Results.txt, 20250422_CM068665.1_GCA_035084215.1_FROH.txt, 20250422_HepPer_CM068646.1_Het_Map.svg, 20250422_CM068661.1_GCA_035084215.1_FROH.txt, 20250422_CM068679.1_het.txt, 20250422_HepPer_CM068651.1_Het_Map.svg, 20250422_CM068674.1_GCA_035084215.1_FROH.txt, 20250422_CM068679.1_ROH_Results.txt, 20250422_CM068668.1_het.txt, 20250422_CM068658.1_GCA_035084215.1_FROH.txt, 20250422_CM068666.1_het.txt, 20250422_HepPer_CM068678.1_Het_Map.svg, 20250422_CM068671.1_het.txt, 20250422_CM068657.1_GCA_035084215.1_FROH.txt, 20250422_CM068663.1_ROH_Results.txt, 20250422_HepPer_CM068657.1_Het_Map.svg, 20250422_HepPer_CM068662.1_Het_Map.svg, 20250422_CM068655.1_het.txt, 20250422_HepPer_CM068647.1_Het_Map.svg, 20250422_CM068662.1_GCA_035084215.1_FROH.txt, 20250422_CM068658.1_ROH_Results.txt, 20250422_CM068667.1_GCA_035084215.1_FROH.txt, 20250422_HepPer_CM068642.1_Het_Map.svg, 20250422_CM068656.1_het.txt, 20250422_CM068680.1_het.txt, 20250422_HepPer_CM068639.1_Het_Map.svg, 20250422_HepPer_CM068666.1_Het_Map.svg, HepPer_Het_Compiled.tsv, 20250422_CM068675.1_het.txt, 20250422_CM068650.1_GCA_035084215.1_FROH.txt, 20250422_CM068656.1_GCA_035084215.1_FROH.txt, 20250422_HepPer_ROH_Map.pdf, 20250422_CM068681.1_ROH_Results.txt, 20250422_CM068656.1_ROH_Results.txt, 20250422_CM068672.1_ROH_Results.txt, 20250422_CM068643.1_het.txt, 20250422_CM068641.1_ROH_Results.txt, 20250422_CM068651.1_GCA_035084215.1_FROH.txt, 20250422_HepPer_per_chr_mean_heterozygosity.txt, 20250422_HepPer_CM068680.1_Het_Map.svg, 20250422_HepPer_CM068665.1_Het_Map.svg, 20250422_CM068637.1_het.txt, HepPer_ALN.chain.1aln, 20250422_CM068650.1_het.txt, 20250422_CM068668.1_GCA_035084215.1_FROH.txt, 20250422_HepPer_CM068667.1_Het_Map.svg, 20250422_CM068674.1_ROH_Results.txt, 20250422_CM068682.1_GCA_035084215.1_FROH.txt, 20250422_CM068670.1_het.txt, 20250422_CM068638.1_het.txt, 20250422_HepPer_CM068652.1_Het_Map.svg, 20250422_HepPer_CM068661.1_Het_Map.svg, 20250422_HepPer_CM068675.1_Het_Map.svg, 20250422_CM068653.1_GCA_035084215.1_FROH.txt, 20250422_CM068654.1_het.txt, 20250422_CM068676.1_het.txt, 20250422_HepPer_CM068677.1_Het_Map.svg, HepPer_FASTGA.chain.paf, 20250422_CM068642.1_het.txt, 20250422_CM068662.1_ROH_Results.txt, 20250422_CM068667.1_het.txt, 20250422_CM068677.1_GCA_035084215.1_FROH.txt, 20250422_CM068646.1_ROH_Results.txt, 20250422_CM068644.1_het.txt, 20250422_CM068653.1_het.txt, 20250422_HepPer_CM068660.1_Het_Map.svg, 20250422_CM068657.1_ROH_Results.txt, Reference_HepPer_Chroms_Lengths.txt, 20250422_CM068667.1_ROH_Results.txt, 20250422_HepPer_CM068648.1_Het_Map.svg, 20250422_CM068640.1_GCA_035084215.1_FROH.txt, 20250422_CM068641.1_GCA_035084215.1_FROH.txt, 20250422_CM068652.1_het.txt, 20250422_CM068637.1_GCA_035084215.1_FROH.txt, 20250422_CM068673.1_GCA_035084215.1_FROH.txt, 20250422_HepPer_CM068672.1_Het_Map.svg, 20250422_HepPer_CM068679.1_Het_Map.svg, 20250422_HepPer_CM068673.1_Het_Map.svg, 20250422_CM068673.1_het.txt, 20250422_HepPer_Het_Whole_Genome_Map.svg, 20250422_HepPer_CM068674.1_Het_Map.svg, 20250422_CM068654.1_GCA_035084215.1_FROH.txt, 20250422_CM068663.1_GCA_035084215.1_FROH.txt, 20250422_CM068676.1_ROH_Results.txt, 20250422_CM068672.1_het.txt, 20250422_HepPer_CM068637.1_Het_Map.svg, 20250422_HepPer_CM068654.1_Het_Map.svg, 20250422_CM068663.1_het.txt, 20250422_CM068671.1_ROH_Results.txt, 20250422_HepPer_CM068664.1_Het_Map.svg)
Shutting down, this might take some time.
Exiting because a job execution failed. Look above for error message
Complete log: .snakemake/log/2025-04-24T115112.580118.snakemake.log
WorkflowError:
At least one job did not complete successfully.
