host: login-q-2
Building DAG of jobs...
Using shell: /usr/bin/bash
Provided cores: 76
Rules claiming more threads will be scaled down.
Job stats:
job            count
-----------  -------
PAF_DOTPLOT        1
all                1
total              2

Select jobs to execute...
Execute 1 jobs...

[Fri Apr  4 16:44:16 2025]
localrule PAF_DOTPLOT:
    input: sharks/chrom_lists/GCA_035084275.1_chroms.txt, sharks/HydCol_Test/HydCol_Test_FASTGA_Updated.paf
    output: sharks/HydCol_Test/dotplots/20250404_HydCol_Test_DotPlot.pdf
    jobid: 261
    reason: Missing output files: sharks/HydCol_Test/dotplots/20250404_HydCol_Test_DotPlot.pdf
    wildcards: CLADE=sharks, SPEC_NAME=HydCol_Test, TODAY_DATE=20250404
    resources: tmpdir=/tmp

