host: login-q-4
Building DAG of jobs...
MissingInputException in rule RUN_PRIMARY_MSMC in file /rds/project/rds-p67MZilb2eQ/projects/VGP/heterozygosity/Snakefile, line 779:
Missing input files for rule RUN_PRIMARY_MSMC:
    output: sharks/HypSab/20250425_HypSab.msmc2.loop.txt, sharks/HypSab/20250425_HypSab.msmc2.log, sharks/HypSab/20250425_HypSab.msmc2.final.txt
    wildcards: CLADE=sharks, SPEC_NAME=HypSab, TODAY_DATE=20250425
    affected files:
        sharks/HypSab/NC_082715.1_multihet.txt
        sharks/HypSab/NC_082714.1_multihet.txt
        sharks/HypSab/NC_082729.1_multihet.txt
        sharks/HypSab/NC_082723.1_multihet.txt
        sharks/HypSab/NC_082732.1_multihet.txt
        sharks/HypSab/NC_082730.1_multihet.txt
        sharks/HypSab/NC_082720.1_multihet.txt
        sharks/HypSab/NC_082721.1_multihet.txt
        sharks/HypSab/NC_082728.1_multihet.txt
        sharks/HypSab/NC_082718.1_multihet.txt
        sharks/HypSab/NC_082717.1_multihet.txt
        sharks/HypSab/NC_082733.1_multihet.txt
        sharks/HypSab/NC_082731.1_multihet.txt
        sharks/HypSab/NC_082716.1_multihet.txt
        sharks/HypSab/NC_082726.1_multihet.txt
        sharks/HypSab/NC_082734.1_multihet.txt
        sharks/HypSab/NC_082725.1_multihet.txt
        sharks/HypSab/NC_082727.1_multihet.txt
        sharks/HypSab/NC_082712.1_multihet.txt
        sharks/HypSab/NC_082710.1_multihet.txt
        sharks/HypSab/NC_082713.1_multihet.txt
        sharks/HypSab/NC_082711.1_multihet.txt
        sharks/HypSab/NC_082709.1_multihet.txt
        sharks/HypSab/NC_082706.1_multihet.txt
        sharks/HypSab/NC_082737.1_multihet.txt
        sharks/HypSab/NC_082722.1_multihet.txt
        sharks/HypSab/NC_082708.1_multihet.txt
        sharks/HypSab/NC_082735.1_multihet.txt
        sharks/HypSab/NC_082719.1_multihet.txt
        sharks/HypSab/NC_082707.1_multihet.txt
        sharks/HypSab/NC_082724.1_multihet.txt
        sharks/HypSab/NC_082736.1_multihet.txt
