host: login-q-2
Building DAG of jobs...
SLURM run ID: 812b2da1-0e31-4525-b7df-b58dce6fdfe7
Using shell: /usr/bin/bash
Provided remote nodes: 10
Job stats:
job            count
-----------  -------
COMPILE_ROH        1
Plot_ROH           1
ROH_CALC          46
all                1
total             49

Select jobs to execute...
Execute 10 jobs...

[Thu May  8 17:08:44 2025]
rule ROH_CALC:
    input: sharks/HepPer/temp/20250422_CM068674.1_Aln_Only.txt, sharks/HepPer/temp/20250422_CM068674.1_Var_Only.txt, sharks/HepPer/Reference_HepPer_Chroms_Lengths.txt
    output: sharks/HepPer/20250422_CM068674.1_ROH_Results.txt
    jobid: 140
    reason: Missing output files: sharks/HepPer/20250422_CM068674.1_ROH_Results.txt
    wildcards: CLADE=sharks, SPEC_NAME=HepPer, TODAY_DATE=20250422, CHR=CM068674.1
    resources: mem_mb=100000, mem_mib=95368, disk_mb=1000, disk_mib=954, tmpdir=<TBD>, slurm_account=DURBIN-SL2-CPU, slurm_partition=icelake-himem, runtime=120

Job 140 has been submitted with SLURM jobid 9179211 (log: /rds/project/rds-p67MZilb2eQ/projects/VGP/heterozygosity/.snakemake/slurm_logs/rule_ROH_CALC/sharks_HepPer_20250422_CM068674.1/9179211.log).

[Thu May  8 17:08:45 2025]
rule ROH_CALC:
    input: sharks/HepPer/temp/20250422_CM068667.1_Aln_Only.txt, sharks/HepPer/temp/20250422_CM068667.1_Var_Only.txt, sharks/HepPer/Reference_HepPer_Chroms_Lengths.txt
    output: sharks/HepPer/20250422_CM068667.1_ROH_Results.txt
    jobid: 133
    reason: Missing output files: sharks/HepPer/20250422_CM068667.1_ROH_Results.txt
    wildcards: CLADE=sharks, SPEC_NAME=HepPer, TODAY_DATE=20250422, CHR=CM068667.1
    resources: mem_mb=100000, mem_mib=95368, disk_mb=1000, disk_mib=954, tmpdir=<TBD>, slurm_account=DURBIN-SL2-CPU, slurm_partition=icelake-himem, runtime=120

Job 133 has been submitted with SLURM jobid 9179212 (log: /rds/project/rds-p67MZilb2eQ/projects/VGP/heterozygosity/.snakemake/slurm_logs/rule_ROH_CALC/sharks_HepPer_20250422_CM068667.1/9179212.log).

[Thu May  8 17:08:45 2025]
rule ROH_CALC:
    input: sharks/HepPer/temp/20250422_CM068660.1_Aln_Only.txt, sharks/HepPer/temp/20250422_CM068660.1_Var_Only.txt, sharks/HepPer/Reference_HepPer_Chroms_Lengths.txt
    output: sharks/HepPer/20250422_CM068660.1_ROH_Results.txt
    jobid: 126
    reason: Missing output files: sharks/HepPer/20250422_CM068660.1_ROH_Results.txt
    wildcards: CLADE=sharks, SPEC_NAME=HepPer, TODAY_DATE=20250422, CHR=CM068660.1
    resources: mem_mb=100000, mem_mib=95368, disk_mb=1000, disk_mib=954, tmpdir=<TBD>, slurm_account=DURBIN-SL2-CPU, slurm_partition=icelake-himem, runtime=120

Job 126 has been submitted with SLURM jobid 9179213 (log: /rds/project/rds-p67MZilb2eQ/projects/VGP/heterozygosity/.snakemake/slurm_logs/rule_ROH_CALC/sharks_HepPer_20250422_CM068660.1/9179213.log).

[Thu May  8 17:08:45 2025]
rule ROH_CALC:
    input: sharks/HepPer/temp/20250422_CM068653.1_Aln_Only.txt, sharks/HepPer/temp/20250422_CM068653.1_Var_Only.txt, sharks/HepPer/Reference_HepPer_Chroms_Lengths.txt
    output: sharks/HepPer/20250422_CM068653.1_ROH_Results.txt
    jobid: 119
    reason: Missing output files: sharks/HepPer/20250422_CM068653.1_ROH_Results.txt
    wildcards: CLADE=sharks, SPEC_NAME=HepPer, TODAY_DATE=20250422, CHR=CM068653.1
    resources: mem_mb=100000, mem_mib=95368, disk_mb=1000, disk_mib=954, tmpdir=<TBD>, slurm_account=DURBIN-SL2-CPU, slurm_partition=icelake-himem, runtime=120

Job 119 has been submitted with SLURM jobid 9179214 (log: /rds/project/rds-p67MZilb2eQ/projects/VGP/heterozygosity/.snakemake/slurm_logs/rule_ROH_CALC/sharks_HepPer_20250422_CM068653.1/9179214.log).

[Thu May  8 17:08:48 2025]
rule ROH_CALC:
    input: sharks/HepPer/temp/20250422_CM068646.1_Aln_Only.txt, sharks/HepPer/temp/20250422_CM068646.1_Var_Only.txt, sharks/HepPer/Reference_HepPer_Chroms_Lengths.txt
    output: sharks/HepPer/20250422_CM068646.1_ROH_Results.txt
    jobid: 112
    reason: Missing output files: sharks/HepPer/20250422_CM068646.1_ROH_Results.txt
    wildcards: CLADE=sharks, SPEC_NAME=HepPer, TODAY_DATE=20250422, CHR=CM068646.1
    resources: mem_mb=100000, mem_mib=95368, disk_mb=1000, disk_mib=954, tmpdir=<TBD>, slurm_account=DURBIN-SL2-CPU, slurm_partition=icelake-himem, runtime=120

Job 112 has been submitted with SLURM jobid 9179215 (log: /rds/project/rds-p67MZilb2eQ/projects/VGP/heterozygosity/.snakemake/slurm_logs/rule_ROH_CALC/sharks_HepPer_20250422_CM068646.1/9179215.log).

[Thu May  8 17:08:48 2025]
rule ROH_CALC:
    input: sharks/HepPer/temp/20250422_CM068681.1_Aln_Only.txt, sharks/HepPer/temp/20250422_CM068681.1_Var_Only.txt, sharks/HepPer/Reference_HepPer_Chroms_Lengths.txt
    output: sharks/HepPer/20250422_CM068681.1_ROH_Results.txt
    jobid: 147
    reason: Missing output files: sharks/HepPer/20250422_CM068681.1_ROH_Results.txt
    wildcards: CLADE=sharks, SPEC_NAME=HepPer, TODAY_DATE=20250422, CHR=CM068681.1
    resources: mem_mb=100000, mem_mib=95368, disk_mb=1000, disk_mib=954, tmpdir=<TBD>, slurm_account=DURBIN-SL2-CPU, slurm_partition=icelake-himem, runtime=120

Job 147 has been submitted with SLURM jobid 9179216 (log: /rds/project/rds-p67MZilb2eQ/projects/VGP/heterozygosity/.snakemake/slurm_logs/rule_ROH_CALC/sharks_HepPer_20250422_CM068681.1/9179216.log).

[Thu May  8 17:08:48 2025]
rule ROH_CALC:
    input: sharks/HepPer/temp/20250422_CM068652.1_Aln_Only.txt, sharks/HepPer/temp/20250422_CM068652.1_Var_Only.txt, sharks/HepPer/Reference_HepPer_Chroms_Lengths.txt
    output: sharks/HepPer/20250422_CM068652.1_ROH_Results.txt
    jobid: 118
    reason: Missing output files: sharks/HepPer/20250422_CM068652.1_ROH_Results.txt
    wildcards: CLADE=sharks, SPEC_NAME=HepPer, TODAY_DATE=20250422, CHR=CM068652.1
    resources: mem_mb=100000, mem_mib=95368, disk_mb=1000, disk_mib=954, tmpdir=<TBD>, slurm_account=DURBIN-SL2-CPU, slurm_partition=icelake-himem, runtime=120

Job 118 has been submitted with SLURM jobid 9179217 (log: /rds/project/rds-p67MZilb2eQ/projects/VGP/heterozygosity/.snakemake/slurm_logs/rule_ROH_CALC/sharks_HepPer_20250422_CM068652.1/9179217.log).

[Thu May  8 17:08:50 2025]
rule ROH_CALC:
    input: sharks/HepPer/temp/20250422_CM068645.1_Aln_Only.txt, sharks/HepPer/temp/20250422_CM068645.1_Var_Only.txt, sharks/HepPer/Reference_HepPer_Chroms_Lengths.txt
    output: sharks/HepPer/20250422_CM068645.1_ROH_Results.txt
    jobid: 111
    reason: Missing output files: sharks/HepPer/20250422_CM068645.1_ROH_Results.txt
    wildcards: CLADE=sharks, SPEC_NAME=HepPer, TODAY_DATE=20250422, CHR=CM068645.1
    resources: mem_mb=100000, mem_mib=95368, disk_mb=1000, disk_mib=954, tmpdir=<TBD>, slurm_account=DURBIN-SL2-CPU, slurm_partition=icelake-himem, runtime=120

Job 111 has been submitted with SLURM jobid 9179218 (log: /rds/project/rds-p67MZilb2eQ/projects/VGP/heterozygosity/.snakemake/slurm_logs/rule_ROH_CALC/sharks_HepPer_20250422_CM068645.1/9179218.log).

[Thu May  8 17:08:50 2025]
rule ROH_CALC:
    input: sharks/HepPer/temp/20250422_CM068638.1_Aln_Only.txt, sharks/HepPer/temp/20250422_CM068638.1_Var_Only.txt, sharks/HepPer/Reference_HepPer_Chroms_Lengths.txt
    output: sharks/HepPer/20250422_CM068638.1_ROH_Results.txt
    jobid: 104
    reason: Missing output files: sharks/HepPer/20250422_CM068638.1_ROH_Results.txt
    wildcards: CLADE=sharks, SPEC_NAME=HepPer, TODAY_DATE=20250422, CHR=CM068638.1
    resources: mem_mb=100000, mem_mib=95368, disk_mb=1000, disk_mib=954, tmpdir=<TBD>, slurm_account=DURBIN-SL2-CPU, slurm_partition=icelake-himem, runtime=120

Job 104 has been submitted with SLURM jobid 9179219 (log: /rds/project/rds-p67MZilb2eQ/projects/VGP/heterozygosity/.snakemake/slurm_logs/rule_ROH_CALC/sharks_HepPer_20250422_CM068638.1/9179219.log).

[Thu May  8 17:08:50 2025]
rule ROH_CALC:
    input: sharks/HepPer/temp/20250422_CM068680.1_Aln_Only.txt, sharks/HepPer/temp/20250422_CM068680.1_Var_Only.txt, sharks/HepPer/Reference_HepPer_Chroms_Lengths.txt
    output: sharks/HepPer/20250422_CM068680.1_ROH_Results.txt
    jobid: 146
    reason: Missing output files: sharks/HepPer/20250422_CM068680.1_ROH_Results.txt
    wildcards: CLADE=sharks, SPEC_NAME=HepPer, TODAY_DATE=20250422, CHR=CM068680.1
    resources: mem_mb=100000, mem_mib=95368, disk_mb=1000, disk_mib=954, tmpdir=<TBD>, slurm_account=DURBIN-SL2-CPU, slurm_partition=icelake-himem, runtime=120

Job 146 has been submitted with SLURM jobid 9179220 (log: /rds/project/rds-p67MZilb2eQ/projects/VGP/heterozygosity/.snakemake/slurm_logs/rule_ROH_CALC/sharks_HepPer_20250422_CM068680.1/9179220.log).
[Thu May  8 17:20:16 2025]
Finished job 140.
1 of 49 steps (2%) done
Select jobs to execute...
Execute 1 jobs...

[Thu May  8 17:20:16 2025]
rule ROH_CALC:
    input: sharks/HepPer/temp/20250422_CM068644.1_Aln_Only.txt, sharks/HepPer/temp/20250422_CM068644.1_Var_Only.txt, sharks/HepPer/Reference_HepPer_Chroms_Lengths.txt
    output: sharks/HepPer/20250422_CM068644.1_ROH_Results.txt
    jobid: 110
    reason: Missing output files: sharks/HepPer/20250422_CM068644.1_ROH_Results.txt
    wildcards: CLADE=sharks, SPEC_NAME=HepPer, TODAY_DATE=20250422, CHR=CM068644.1
    resources: mem_mb=100000, mem_mib=95368, disk_mb=1000, disk_mib=954, tmpdir=<TBD>, slurm_account=DURBIN-SL2-CPU, slurm_partition=icelake-himem, runtime=120

Job 110 has been submitted with SLURM jobid 9179885 (log: /rds/project/rds-p67MZilb2eQ/projects/VGP/heterozygosity/.snakemake/slurm_logs/rule_ROH_CALC/sharks_HepPer_20250422_CM068644.1/9179885.log).
[Thu May  8 17:20:16 2025]
Finished job 133.
2 of 49 steps (4%) done
[Thu May  8 17:20:16 2025]
Finished job 126.
3 of 49 steps (6%) done
[Thu May  8 17:20:16 2025]
Finished job 119.
4 of 49 steps (8%) done
[Thu May  8 17:20:16 2025]
Finished job 112.
5 of 49 steps (10%) done
[Thu May  8 17:20:16 2025]
Finished job 147.
6 of 49 steps (12%) done
[Thu May  8 17:20:16 2025]
Finished job 118.
7 of 49 steps (14%) done
[Thu May  8 17:20:16 2025]
Finished job 111.
8 of 49 steps (16%) done
[Thu May  8 17:20:16 2025]
Finished job 104.
9 of 49 steps (18%) done
Select jobs to execute...
Execute 8 jobs...

[Thu May  8 17:20:16 2025]
rule ROH_CALC:
    input: sharks/HepPer/temp/20250422_CM068662.1_Aln_Only.txt, sharks/HepPer/temp/20250422_CM068662.1_Var_Only.txt, sharks/HepPer/Reference_HepPer_Chroms_Lengths.txt
    output: sharks/HepPer/20250422_CM068662.1_ROH_Results.txt
    jobid: 128
    reason: Missing output files: sharks/HepPer/20250422_CM068662.1_ROH_Results.txt
    wildcards: CLADE=sharks, SPEC_NAME=HepPer, TODAY_DATE=20250422, CHR=CM068662.1
    resources: mem_mb=100000, mem_mib=95368, disk_mb=1000, disk_mib=954, tmpdir=<TBD>, slurm_account=DURBIN-SL2-CPU, slurm_partition=icelake-himem, runtime=120

Job 128 has been submitted with SLURM jobid 9179886 (log: /rds/project/rds-p67MZilb2eQ/projects/VGP/heterozygosity/.snakemake/slurm_logs/rule_ROH_CALC/sharks_HepPer_20250422_CM068662.1/9179886.log).

[Thu May  8 17:20:18 2025]
rule ROH_CALC:
    input: sharks/HepPer/temp/20250422_CM068679.1_Aln_Only.txt, sharks/HepPer/temp/20250422_CM068679.1_Var_Only.txt, sharks/HepPer/Reference_HepPer_Chroms_Lengths.txt
    output: sharks/HepPer/20250422_CM068679.1_ROH_Results.txt
    jobid: 145
    reason: Missing output files: sharks/HepPer/20250422_CM068679.1_ROH_Results.txt
    wildcards: CLADE=sharks, SPEC_NAME=HepPer, TODAY_DATE=20250422, CHR=CM068679.1
    resources: mem_mb=100000, mem_mib=95368, disk_mb=1000, disk_mib=954, tmpdir=<TBD>, slurm_account=DURBIN-SL2-CPU, slurm_partition=icelake-himem, runtime=120

Job 145 has been submitted with SLURM jobid 9179887 (log: /rds/project/rds-p67MZilb2eQ/projects/VGP/heterozygosity/.snakemake/slurm_logs/rule_ROH_CALC/sharks_HepPer_20250422_CM068679.1/9179887.log).

[Thu May  8 17:20:18 2025]
rule ROH_CALC:
    input: sharks/HepPer/temp/20250422_CM068639.1_Aln_Only.txt, sharks/HepPer/temp/20250422_CM068639.1_Var_Only.txt, sharks/HepPer/Reference_HepPer_Chroms_Lengths.txt
    output: sharks/HepPer/20250422_CM068639.1_ROH_Results.txt
    jobid: 105
    reason: Missing output files: sharks/HepPer/20250422_CM068639.1_ROH_Results.txt
    wildcards: CLADE=sharks, SPEC_NAME=HepPer, TODAY_DATE=20250422, CHR=CM068639.1
    resources: mem_mb=100000, mem_mib=95368, disk_mb=1000, disk_mib=954, tmpdir=<TBD>, slurm_account=DURBIN-SL2-CPU, slurm_partition=icelake-himem, runtime=120

Job 105 has been submitted with SLURM jobid 9179888 (log: /rds/project/rds-p67MZilb2eQ/projects/VGP/heterozygosity/.snakemake/slurm_logs/rule_ROH_CALC/sharks_HepPer_20250422_CM068639.1/9179888.log).

[Thu May  8 17:20:18 2025]
rule ROH_CALC:
    input: sharks/HepPer/temp/20250422_CM068673.1_Aln_Only.txt, sharks/HepPer/temp/20250422_CM068673.1_Var_Only.txt, sharks/HepPer/Reference_HepPer_Chroms_Lengths.txt
    output: sharks/HepPer/20250422_CM068673.1_ROH_Results.txt
    jobid: 139
    reason: Missing output files: sharks/HepPer/20250422_CM068673.1_ROH_Results.txt
    wildcards: CLADE=sharks, SPEC_NAME=HepPer, TODAY_DATE=20250422, CHR=CM068673.1
    resources: mem_mb=100000, mem_mib=95368, disk_mb=1000, disk_mib=954, tmpdir=<TBD>, slurm_account=DURBIN-SL2-CPU, slurm_partition=icelake-himem, runtime=120

Job 139 has been submitted with SLURM jobid 9179889 (log: /rds/project/rds-p67MZilb2eQ/projects/VGP/heterozygosity/.snakemake/slurm_logs/rule_ROH_CALC/sharks_HepPer_20250422_CM068673.1/9179889.log).

[Thu May  8 17:20:21 2025]
rule ROH_CALC:
    input: sharks/HepPer/temp/20250422_CM068666.1_Aln_Only.txt, sharks/HepPer/temp/20250422_CM068666.1_Var_Only.txt, sharks/HepPer/Reference_HepPer_Chroms_Lengths.txt
    output: sharks/HepPer/20250422_CM068666.1_ROH_Results.txt
    jobid: 132
    reason: Missing output files: sharks/HepPer/20250422_CM068666.1_ROH_Results.txt
    wildcards: CLADE=sharks, SPEC_NAME=HepPer, TODAY_DATE=20250422, CHR=CM068666.1
    resources: mem_mb=100000, mem_mib=95368, disk_mb=1000, disk_mib=954, tmpdir=<TBD>, slurm_account=DURBIN-SL2-CPU, slurm_partition=icelake-himem, runtime=120

Job 132 has been submitted with SLURM jobid 9179891 (log: /rds/project/rds-p67MZilb2eQ/projects/VGP/heterozygosity/.snakemake/slurm_logs/rule_ROH_CALC/sharks_HepPer_20250422_CM068666.1/9179891.log).

[Thu May  8 17:20:21 2025]
rule ROH_CALC:
    input: sharks/HepPer/temp/20250422_CM068659.1_Aln_Only.txt, sharks/HepPer/temp/20250422_CM068659.1_Var_Only.txt, sharks/HepPer/Reference_HepPer_Chroms_Lengths.txt
    output: sharks/HepPer/20250422_CM068659.1_ROH_Results.txt
    jobid: 125
    reason: Missing output files: sharks/HepPer/20250422_CM068659.1_ROH_Results.txt
    wildcards: CLADE=sharks, SPEC_NAME=HepPer, TODAY_DATE=20250422, CHR=CM068659.1
    resources: mem_mb=100000, mem_mib=95368, disk_mb=1000, disk_mib=954, tmpdir=<TBD>, slurm_account=DURBIN-SL2-CPU, slurm_partition=icelake-himem, runtime=120

Job 125 has been submitted with SLURM jobid 9179892 (log: /rds/project/rds-p67MZilb2eQ/projects/VGP/heterozygosity/.snakemake/slurm_logs/rule_ROH_CALC/sharks_HepPer_20250422_CM068659.1/9179892.log).

[Thu May  8 17:20:21 2025]
rule ROH_CALC:
    input: sharks/HepPer/temp/20250422_CM068668.1_Aln_Only.txt, sharks/HepPer/temp/20250422_CM068668.1_Var_Only.txt, sharks/HepPer/Reference_HepPer_Chroms_Lengths.txt
    output: sharks/HepPer/20250422_CM068668.1_ROH_Results.txt
    jobid: 134
    reason: Missing output files: sharks/HepPer/20250422_CM068668.1_ROH_Results.txt
    wildcards: CLADE=sharks, SPEC_NAME=HepPer, TODAY_DATE=20250422, CHR=CM068668.1
    resources: mem_mb=100000, mem_mib=95368, disk_mb=1000, disk_mib=954, tmpdir=<TBD>, slurm_account=DURBIN-SL2-CPU, slurm_partition=icelake-himem, runtime=120

Job 134 has been submitted with SLURM jobid 9179893 (log: /rds/project/rds-p67MZilb2eQ/projects/VGP/heterozygosity/.snakemake/slurm_logs/rule_ROH_CALC/sharks_HepPer_20250422_CM068668.1/9179893.log).

[Thu May  8 17:20:23 2025]
rule ROH_CALC:
    input: sharks/HepPer/temp/20250422_CM068654.1_Aln_Only.txt, sharks/HepPer/temp/20250422_CM068654.1_Var_Only.txt, sharks/HepPer/Reference_HepPer_Chroms_Lengths.txt
    output: sharks/HepPer/20250422_CM068654.1_ROH_Results.txt
    jobid: 120
    reason: Missing output files: sharks/HepPer/20250422_CM068654.1_ROH_Results.txt
    wildcards: CLADE=sharks, SPEC_NAME=HepPer, TODAY_DATE=20250422, CHR=CM068654.1
    resources: mem_mb=100000, mem_mib=95368, disk_mb=1000, disk_mib=954, tmpdir=<TBD>, slurm_account=DURBIN-SL2-CPU, slurm_partition=icelake-himem, runtime=120

Job 120 has been submitted with SLURM jobid 9179894 (log: /rds/project/rds-p67MZilb2eQ/projects/VGP/heterozygosity/.snakemake/slurm_logs/rule_ROH_CALC/sharks_HepPer_20250422_CM068654.1/9179894.log).
Select jobs to execute...
Waiting for more resources.
Waiting for more resources.
Waiting for more resources.
Waiting for more resources.
Waiting for more resources.
Waiting for more resources.
Waiting for more resources.
[Thu May  8 17:34:27 2025]
Finished job 146.
10 of 49 steps (20%) done
Execute 1 jobs...

[Thu May  8 17:34:27 2025]
rule ROH_CALC:
    input: sharks/HepPer/temp/20250422_CM068675.1_Aln_Only.txt, sharks/HepPer/temp/20250422_CM068675.1_Var_Only.txt, sharks/HepPer/Reference_HepPer_Chroms_Lengths.txt
    output: sharks/HepPer/20250422_CM068675.1_ROH_Results.txt
    jobid: 141
    reason: Missing output files: sharks/HepPer/20250422_CM068675.1_ROH_Results.txt
    wildcards: CLADE=sharks, SPEC_NAME=HepPer, TODAY_DATE=20250422, CHR=CM068675.1
    resources: mem_mb=100000, mem_mib=95368, disk_mb=1000, disk_mib=954, tmpdir=<TBD>, slurm_account=DURBIN-SL2-CPU, slurm_partition=icelake-himem, runtime=120

Job 141 has been submitted with SLURM jobid 9180208 (log: /rds/project/rds-p67MZilb2eQ/projects/VGP/heterozygosity/.snakemake/slurm_logs/rule_ROH_CALC/sharks_HepPer_20250422_CM068675.1/9180208.log).
[Thu May  8 17:34:29 2025]
Finished job 110.
11 of 49 steps (22%) done
[Thu May  8 17:34:29 2025]
Finished job 128.
12 of 49 steps (24%) done
[Thu May  8 17:34:29 2025]
Finished job 145.
13 of 49 steps (27%) done
[Thu May  8 17:34:29 2025]
Finished job 105.
14 of 49 steps (29%) done
[Thu May  8 17:34:29 2025]
Finished job 139.
15 of 49 steps (31%) done
[Thu May  8 17:34:29 2025]
Finished job 132.
16 of 49 steps (33%) done
[Thu May  8 17:34:29 2025]
Finished job 125.
17 of 49 steps (35%) done
[Thu May  8 17:34:29 2025]
Finished job 134.
18 of 49 steps (37%) done
[Thu May  8 17:34:29 2025]
Finished job 120.
19 of 49 steps (39%) done
Select jobs to execute...
Execute 9 jobs...

[Thu May  8 17:34:29 2025]
rule ROH_CALC:
    input: sharks/HepPer/temp/20250422_CM068649.1_Aln_Only.txt, sharks/HepPer/temp/20250422_CM068649.1_Var_Only.txt, sharks/HepPer/Reference_HepPer_Chroms_Lengths.txt
    output: sharks/HepPer/20250422_CM068649.1_ROH_Results.txt
    jobid: 115
    reason: Missing output files: sharks/HepPer/20250422_CM068649.1_ROH_Results.txt
    wildcards: CLADE=sharks, SPEC_NAME=HepPer, TODAY_DATE=20250422, CHR=CM068649.1
    resources: mem_mb=100000, mem_mib=95368, disk_mb=1000, disk_mib=954, tmpdir=<TBD>, slurm_account=DURBIN-SL2-CPU, slurm_partition=icelake-himem, runtime=120

Job 115 has been submitted with SLURM jobid 9180209 (log: /rds/project/rds-p67MZilb2eQ/projects/VGP/heterozygosity/.snakemake/slurm_logs/rule_ROH_CALC/sharks_HepPer_20250422_CM068649.1/9180209.log).

[Thu May  8 17:34:29 2025]
rule ROH_CALC:
    input: sharks/HepPer/temp/20250422_CM068658.1_Aln_Only.txt, sharks/HepPer/temp/20250422_CM068658.1_Var_Only.txt, sharks/HepPer/Reference_HepPer_Chroms_Lengths.txt
    output: sharks/HepPer/20250422_CM068658.1_ROH_Results.txt
    jobid: 124
    reason: Missing output files: sharks/HepPer/20250422_CM068658.1_ROH_Results.txt
    wildcards: CLADE=sharks, SPEC_NAME=HepPer, TODAY_DATE=20250422, CHR=CM068658.1
    resources: mem_mb=100000, mem_mib=95368, disk_mb=1000, disk_mib=954, tmpdir=<TBD>, slurm_account=DURBIN-SL2-CPU, slurm_partition=icelake-himem, runtime=120

Job 124 has been submitted with SLURM jobid 9180210 (log: /rds/project/rds-p67MZilb2eQ/projects/VGP/heterozygosity/.snakemake/slurm_logs/rule_ROH_CALC/sharks_HepPer_20250422_CM068658.1/9180210.log).

[Thu May  8 17:34:32 2025]
rule ROH_CALC:
    input: sharks/HepPer/temp/20250422_CM068640.1_Aln_Only.txt, sharks/HepPer/temp/20250422_CM068640.1_Var_Only.txt, sharks/HepPer/Reference_HepPer_Chroms_Lengths.txt
    output: sharks/HepPer/20250422_CM068640.1_ROH_Results.txt
    jobid: 106
    reason: Missing output files: sharks/HepPer/20250422_CM068640.1_ROH_Results.txt
    wildcards: CLADE=sharks, SPEC_NAME=HepPer, TODAY_DATE=20250422, CHR=CM068640.1
    resources: mem_mb=100000, mem_mib=95368, disk_mb=1000, disk_mib=954, tmpdir=<TBD>, slurm_account=DURBIN-SL2-CPU, slurm_partition=icelake-himem, runtime=120

Job 106 has been submitted with SLURM jobid 9180211 (log: /rds/project/rds-p67MZilb2eQ/projects/VGP/heterozygosity/.snakemake/slurm_logs/rule_ROH_CALC/sharks_HepPer_20250422_CM068640.1/9180211.log).

[Thu May  8 17:34:32 2025]
rule ROH_CALC:
    input: sharks/HepPer/temp/20250422_CM068648.1_Aln_Only.txt, sharks/HepPer/temp/20250422_CM068648.1_Var_Only.txt, sharks/HepPer/Reference_HepPer_Chroms_Lengths.txt
    output: sharks/HepPer/20250422_CM068648.1_ROH_Results.txt
    jobid: 114
    reason: Missing output files: sharks/HepPer/20250422_CM068648.1_ROH_Results.txt
    wildcards: CLADE=sharks, SPEC_NAME=HepPer, TODAY_DATE=20250422, CHR=CM068648.1
    resources: mem_mb=100000, mem_mib=95368, disk_mb=1000, disk_mib=954, tmpdir=<TBD>, slurm_account=DURBIN-SL2-CPU, slurm_partition=icelake-himem, runtime=120

Job 114 has been submitted with SLURM jobid 9180212 (log: /rds/project/rds-p67MZilb2eQ/projects/VGP/heterozygosity/.snakemake/slurm_logs/rule_ROH_CALC/sharks_HepPer_20250422_CM068648.1/9180212.log).

[Thu May  8 17:34:32 2025]
rule ROH_CALC:
    input: sharks/HepPer/temp/20250422_CM068641.1_Aln_Only.txt, sharks/HepPer/temp/20250422_CM068641.1_Var_Only.txt, sharks/HepPer/Reference_HepPer_Chroms_Lengths.txt
    output: sharks/HepPer/20250422_CM068641.1_ROH_Results.txt
    jobid: 107
    reason: Missing output files: sharks/HepPer/20250422_CM068641.1_ROH_Results.txt
    wildcards: CLADE=sharks, SPEC_NAME=HepPer, TODAY_DATE=20250422, CHR=CM068641.1
    resources: mem_mb=100000, mem_mib=95368, disk_mb=1000, disk_mib=954, tmpdir=<TBD>, slurm_account=DURBIN-SL2-CPU, slurm_partition=icelake-himem, runtime=120

Job 107 has been submitted with SLURM jobid 9180213 (log: /rds/project/rds-p67MZilb2eQ/projects/VGP/heterozygosity/.snakemake/slurm_logs/rule_ROH_CALC/sharks_HepPer_20250422_CM068641.1/9180213.log).

[Thu May  8 17:34:34 2025]
rule ROH_CALC:
    input: sharks/HepPer/temp/20250422_CM068676.1_Aln_Only.txt, sharks/HepPer/temp/20250422_CM068676.1_Var_Only.txt, sharks/HepPer/Reference_HepPer_Chroms_Lengths.txt
    output: sharks/HepPer/20250422_CM068676.1_ROH_Results.txt
    jobid: 142
    reason: Missing output files: sharks/HepPer/20250422_CM068676.1_ROH_Results.txt
    wildcards: CLADE=sharks, SPEC_NAME=HepPer, TODAY_DATE=20250422, CHR=CM068676.1
    resources: mem_mb=100000, mem_mib=95368, disk_mb=1000, disk_mib=954, tmpdir=<TBD>, slurm_account=DURBIN-SL2-CPU, slurm_partition=icelake-himem, runtime=120

Job 142 has been submitted with SLURM jobid 9180214 (log: /rds/project/rds-p67MZilb2eQ/projects/VGP/heterozygosity/.snakemake/slurm_logs/rule_ROH_CALC/sharks_HepPer_20250422_CM068676.1/9180214.log).

[Thu May  8 17:34:34 2025]
rule ROH_CALC:
    input: sharks/HepPer/temp/20250422_CM068670.1_Aln_Only.txt, sharks/HepPer/temp/20250422_CM068670.1_Var_Only.txt, sharks/HepPer/Reference_HepPer_Chroms_Lengths.txt
    output: sharks/HepPer/20250422_CM068670.1_ROH_Results.txt
    jobid: 136
    reason: Missing output files: sharks/HepPer/20250422_CM068670.1_ROH_Results.txt
    wildcards: CLADE=sharks, SPEC_NAME=HepPer, TODAY_DATE=20250422, CHR=CM068670.1
    resources: mem_mb=100000, mem_mib=95368, disk_mb=1000, disk_mib=954, tmpdir=<TBD>, slurm_account=DURBIN-SL2-CPU, slurm_partition=icelake-himem, runtime=120

Job 136 has been submitted with SLURM jobid 9180215 (log: /rds/project/rds-p67MZilb2eQ/projects/VGP/heterozygosity/.snakemake/slurm_logs/rule_ROH_CALC/sharks_HepPer_20250422_CM068670.1/9180215.log).

[Thu May  8 17:34:37 2025]
rule ROH_CALC:
    input: sharks/HepPer/temp/20250422_CM068663.1_Aln_Only.txt, sharks/HepPer/temp/20250422_CM068663.1_Var_Only.txt, sharks/HepPer/Reference_HepPer_Chroms_Lengths.txt
    output: sharks/HepPer/20250422_CM068663.1_ROH_Results.txt
    jobid: 129
    reason: Missing output files: sharks/HepPer/20250422_CM068663.1_ROH_Results.txt
    wildcards: CLADE=sharks, SPEC_NAME=HepPer, TODAY_DATE=20250422, CHR=CM068663.1
    resources: mem_mb=100000, mem_mib=95368, disk_mb=1000, disk_mib=954, tmpdir=<TBD>, slurm_account=DURBIN-SL2-CPU, slurm_partition=icelake-himem, runtime=120

Job 129 has been submitted with SLURM jobid 9180216 (log: /rds/project/rds-p67MZilb2eQ/projects/VGP/heterozygosity/.snakemake/slurm_logs/rule_ROH_CALC/sharks_HepPer_20250422_CM068663.1/9180216.log).

[Thu May  8 17:34:37 2025]
rule ROH_CALC:
    input: sharks/HepPer/temp/20250422_CM068656.1_Aln_Only.txt, sharks/HepPer/temp/20250422_CM068656.1_Var_Only.txt, sharks/HepPer/Reference_HepPer_Chroms_Lengths.txt
    output: sharks/HepPer/20250422_CM068656.1_ROH_Results.txt
    jobid: 122
    reason: Missing output files: sharks/HepPer/20250422_CM068656.1_ROH_Results.txt
    wildcards: CLADE=sharks, SPEC_NAME=HepPer, TODAY_DATE=20250422, CHR=CM068656.1
    resources: mem_mb=100000, mem_mib=95368, disk_mb=1000, disk_mib=954, tmpdir=<TBD>, slurm_account=DURBIN-SL2-CPU, slurm_partition=icelake-himem, runtime=120

Job 122 has been submitted with SLURM jobid 9180217 (log: /rds/project/rds-p67MZilb2eQ/projects/VGP/heterozygosity/.snakemake/slurm_logs/rule_ROH_CALC/sharks_HepPer_20250422_CM068656.1/9180217.log).
Select jobs to execute...
Waiting for more resources.
Waiting for more resources.
Waiting for more resources.
Waiting for more resources.
Waiting for more resources.
Waiting for more resources.
Waiting for more resources.
Waiting for more resources.
[Thu May  8 17:48:39 2025]
Finished job 141.
20 of 49 steps (41%) done
Execute 1 jobs...

[Thu May  8 17:48:39 2025]
rule ROH_CALC:
    input: sharks/HepPer/temp/20250422_CM068682.1_Aln_Only.txt, sharks/HepPer/temp/20250422_CM068682.1_Var_Only.txt, sharks/HepPer/Reference_HepPer_Chroms_Lengths.txt
    output: sharks/HepPer/20250422_CM068682.1_ROH_Results.txt
    jobid: 148
    reason: Missing output files: sharks/HepPer/20250422_CM068682.1_ROH_Results.txt
    wildcards: CLADE=sharks, SPEC_NAME=HepPer, TODAY_DATE=20250422, CHR=CM068682.1
    resources: mem_mb=100000, mem_mib=95368, disk_mb=1000, disk_mib=954, tmpdir=<TBD>, slurm_account=DURBIN-SL2-CPU, slurm_partition=icelake-himem, runtime=120

Job 148 has been submitted with SLURM jobid 9180545 (log: /rds/project/rds-p67MZilb2eQ/projects/VGP/heterozygosity/.snakemake/slurm_logs/rule_ROH_CALC/sharks_HepPer_20250422_CM068682.1/9180545.log).
[Thu May  8 17:48:40 2025]
Finished job 115.
21 of 49 steps (43%) done
[Thu May  8 17:48:40 2025]
Finished job 124.
22 of 49 steps (45%) done
[Thu May  8 17:48:40 2025]
Finished job 106.
23 of 49 steps (47%) done
[Thu May  8 17:48:40 2025]
Finished job 114.
24 of 49 steps (49%) done
[Thu May  8 17:48:40 2025]
Finished job 107.
25 of 49 steps (51%) done
[Thu May  8 17:48:40 2025]
Finished job 142.
26 of 49 steps (53%) done
[Thu May  8 17:48:40 2025]
Finished job 136.
27 of 49 steps (55%) done
[Thu May  8 17:48:40 2025]
Finished job 129.
28 of 49 steps (57%) done
[Thu May  8 17:48:40 2025]
Finished job 122.
29 of 49 steps (59%) done
Select jobs to execute...
Execute 9 jobs...

[Thu May  8 17:48:40 2025]
rule ROH_CALC:
    input: sharks/HepPer/temp/20250422_CM068665.1_Aln_Only.txt, sharks/HepPer/temp/20250422_CM068665.1_Var_Only.txt, sharks/HepPer/Reference_HepPer_Chroms_Lengths.txt
    output: sharks/HepPer/20250422_CM068665.1_ROH_Results.txt
    jobid: 131
    reason: Missing output files: sharks/HepPer/20250422_CM068665.1_ROH_Results.txt
    wildcards: CLADE=sharks, SPEC_NAME=HepPer, TODAY_DATE=20250422, CHR=CM068665.1
    resources: mem_mb=100000, mem_mib=95368, disk_mb=1000, disk_mib=954, tmpdir=<TBD>, slurm_account=DURBIN-SL2-CPU, slurm_partition=icelake-himem, runtime=120

Job 131 has been submitted with SLURM jobid 9180546 (log: /rds/project/rds-p67MZilb2eQ/projects/VGP/heterozygosity/.snakemake/slurm_logs/rule_ROH_CALC/sharks_HepPer_20250422_CM068665.1/9180546.log).

[Thu May  8 17:48:42 2025]
rule ROH_CALC:
    input: sharks/HepPer/temp/20250422_CM068642.1_Aln_Only.txt, sharks/HepPer/temp/20250422_CM068642.1_Var_Only.txt, sharks/HepPer/Reference_HepPer_Chroms_Lengths.txt
    output: sharks/HepPer/20250422_CM068642.1_ROH_Results.txt
    jobid: 108
    reason: Missing output files: sharks/HepPer/20250422_CM068642.1_ROH_Results.txt
    wildcards: CLADE=sharks, SPEC_NAME=HepPer, TODAY_DATE=20250422, CHR=CM068642.1
    resources: mem_mb=100000, mem_mib=95368, disk_mb=1000, disk_mib=954, tmpdir=<TBD>, slurm_account=DURBIN-SL2-CPU, slurm_partition=icelake-himem, runtime=120

Job 108 has been submitted with SLURM jobid 9180547 (log: /rds/project/rds-p67MZilb2eQ/projects/VGP/heterozygosity/.snakemake/slurm_logs/rule_ROH_CALC/sharks_HepPer_20250422_CM068642.1/9180547.log).

[Thu May  8 17:48:43 2025]
rule ROH_CALC:
    input: sharks/HepPer/temp/20250422_CM068651.1_Aln_Only.txt, sharks/HepPer/temp/20250422_CM068651.1_Var_Only.txt, sharks/HepPer/Reference_HepPer_Chroms_Lengths.txt
    output: sharks/HepPer/20250422_CM068651.1_ROH_Results.txt
    jobid: 117
    reason: Missing output files: sharks/HepPer/20250422_CM068651.1_ROH_Results.txt
    wildcards: CLADE=sharks, SPEC_NAME=HepPer, TODAY_DATE=20250422, CHR=CM068651.1
    resources: mem_mb=100000, mem_mib=95368, disk_mb=1000, disk_mib=954, tmpdir=<TBD>, slurm_account=DURBIN-SL2-CPU, slurm_partition=icelake-himem, runtime=120

Job 117 has been submitted with SLURM jobid 9180548 (log: /rds/project/rds-p67MZilb2eQ/projects/VGP/heterozygosity/.snakemake/slurm_logs/rule_ROH_CALC/sharks_HepPer_20250422_CM068651.1/9180548.log).

[Thu May  8 17:48:45 2025]
rule ROH_CALC:
    input: sharks/HepPer/temp/20250422_CM068650.1_Aln_Only.txt, sharks/HepPer/temp/20250422_CM068650.1_Var_Only.txt, sharks/HepPer/Reference_HepPer_Chroms_Lengths.txt
    output: sharks/HepPer/20250422_CM068650.1_ROH_Results.txt
    jobid: 116
    reason: Missing output files: sharks/HepPer/20250422_CM068650.1_ROH_Results.txt
    wildcards: CLADE=sharks, SPEC_NAME=HepPer, TODAY_DATE=20250422, CHR=CM068650.1
    resources: mem_mb=100000, mem_mib=95368, disk_mb=1000, disk_mib=954, tmpdir=<TBD>, slurm_account=DURBIN-SL2-CPU, slurm_partition=icelake-himem, runtime=120

Job 116 has been submitted with SLURM jobid 9180549 (log: /rds/project/rds-p67MZilb2eQ/projects/VGP/heterozygosity/.snakemake/slurm_logs/rule_ROH_CALC/sharks_HepPer_20250422_CM068650.1/9180549.log).

[Thu May  8 17:48:45 2025]
rule ROH_CALC:
    input: sharks/HepPer/temp/20250422_CM068643.1_Aln_Only.txt, sharks/HepPer/temp/20250422_CM068643.1_Var_Only.txt, sharks/HepPer/Reference_HepPer_Chroms_Lengths.txt
    output: sharks/HepPer/20250422_CM068643.1_ROH_Results.txt
    jobid: 109
    reason: Missing output files: sharks/HepPer/20250422_CM068643.1_ROH_Results.txt
    wildcards: CLADE=sharks, SPEC_NAME=HepPer, TODAY_DATE=20250422, CHR=CM068643.1
    resources: mem_mb=100000, mem_mib=95368, disk_mb=1000, disk_mib=954, tmpdir=<TBD>, slurm_account=DURBIN-SL2-CPU, slurm_partition=icelake-himem, runtime=120

Job 109 has been submitted with SLURM jobid 9180550 (log: /rds/project/rds-p67MZilb2eQ/projects/VGP/heterozygosity/.snakemake/slurm_logs/rule_ROH_CALC/sharks_HepPer_20250422_CM068643.1/9180550.log).

[Thu May  8 17:48:45 2025]
rule ROH_CALC:
    input: sharks/HepPer/temp/20250422_CM068661.1_Aln_Only.txt, sharks/HepPer/temp/20250422_CM068661.1_Var_Only.txt, sharks/HepPer/Reference_HepPer_Chroms_Lengths.txt
    output: sharks/HepPer/20250422_CM068661.1_ROH_Results.txt
    jobid: 127
    reason: Missing output files: sharks/HepPer/20250422_CM068661.1_ROH_Results.txt
    wildcards: CLADE=sharks, SPEC_NAME=HepPer, TODAY_DATE=20250422, CHR=CM068661.1
    resources: mem_mb=100000, mem_mib=95368, disk_mb=1000, disk_mib=954, tmpdir=<TBD>, slurm_account=DURBIN-SL2-CPU, slurm_partition=icelake-himem, runtime=120

Job 127 has been submitted with SLURM jobid 9180551 (log: /rds/project/rds-p67MZilb2eQ/projects/VGP/heterozygosity/.snakemake/slurm_logs/rule_ROH_CALC/sharks_HepPer_20250422_CM068661.1/9180551.log).

[Thu May  8 17:48:45 2025]
rule ROH_CALC:
    input: sharks/HepPer/temp/20250422_CM068678.1_Aln_Only.txt, sharks/HepPer/temp/20250422_CM068678.1_Var_Only.txt, sharks/HepPer/Reference_HepPer_Chroms_Lengths.txt
    output: sharks/HepPer/20250422_CM068678.1_ROH_Results.txt
    jobid: 144
    reason: Missing output files: sharks/HepPer/20250422_CM068678.1_ROH_Results.txt
    wildcards: CLADE=sharks, SPEC_NAME=HepPer, TODAY_DATE=20250422, CHR=CM068678.1
    resources: mem_mb=100000, mem_mib=95368, disk_mb=1000, disk_mib=954, tmpdir=<TBD>, slurm_account=DURBIN-SL2-CPU, slurm_partition=icelake-himem, runtime=120

Job 144 has been submitted with SLURM jobid 9180552 (log: /rds/project/rds-p67MZilb2eQ/projects/VGP/heterozygosity/.snakemake/slurm_logs/rule_ROH_CALC/sharks_HepPer_20250422_CM068678.1/9180552.log).

[Thu May  8 17:48:48 2025]
rule ROH_CALC:
    input: sharks/HepPer/temp/20250422_CM068647.1_Aln_Only.txt, sharks/HepPer/temp/20250422_CM068647.1_Var_Only.txt, sharks/HepPer/Reference_HepPer_Chroms_Lengths.txt
    output: sharks/HepPer/20250422_CM068647.1_ROH_Results.txt
    jobid: 113
    reason: Missing output files: sharks/HepPer/20250422_CM068647.1_ROH_Results.txt
    wildcards: CLADE=sharks, SPEC_NAME=HepPer, TODAY_DATE=20250422, CHR=CM068647.1
    resources: mem_mb=100000, mem_mib=95368, disk_mb=1000, disk_mib=954, tmpdir=<TBD>, slurm_account=DURBIN-SL2-CPU, slurm_partition=icelake-himem, runtime=120

Job 113 has been submitted with SLURM jobid 9180553 (log: /rds/project/rds-p67MZilb2eQ/projects/VGP/heterozygosity/.snakemake/slurm_logs/rule_ROH_CALC/sharks_HepPer_20250422_CM068647.1/9180553.log).

[Thu May  8 17:48:48 2025]
rule ROH_CALC:
    input: sharks/HepPer/temp/20250422_CM068672.1_Aln_Only.txt, sharks/HepPer/temp/20250422_CM068672.1_Var_Only.txt, sharks/HepPer/Reference_HepPer_Chroms_Lengths.txt
    output: sharks/HepPer/20250422_CM068672.1_ROH_Results.txt
    jobid: 138
    reason: Missing output files: sharks/HepPer/20250422_CM068672.1_ROH_Results.txt
    wildcards: CLADE=sharks, SPEC_NAME=HepPer, TODAY_DATE=20250422, CHR=CM068672.1
    resources: mem_mb=100000, mem_mib=95368, disk_mb=1000, disk_mib=954, tmpdir=<TBD>, slurm_account=DURBIN-SL2-CPU, slurm_partition=icelake-himem, runtime=120

Job 138 has been submitted with SLURM jobid 9180554 (log: /rds/project/rds-p67MZilb2eQ/projects/VGP/heterozygosity/.snakemake/slurm_logs/rule_ROH_CALC/sharks_HepPer_20250422_CM068672.1/9180554.log).
Select jobs to execute...
Waiting for more resources.
Waiting for more resources.
Waiting for more resources.
Waiting for more resources.
Waiting for more resources.
Waiting for more resources.
Waiting for more resources.
Waiting for more resources.
[Thu May  8 18:02:50 2025]
Finished job 148.
30 of 49 steps (61%) done
Execute 1 jobs...

[Thu May  8 18:02:50 2025]
rule ROH_CALC:
    input: sharks/HepPer/temp/20250422_CM068657.1_Aln_Only.txt, sharks/HepPer/temp/20250422_CM068657.1_Var_Only.txt, sharks/HepPer/Reference_HepPer_Chroms_Lengths.txt
    output: sharks/HepPer/20250422_CM068657.1_ROH_Results.txt
    jobid: 123
    reason: Missing output files: sharks/HepPer/20250422_CM068657.1_ROH_Results.txt
    wildcards: CLADE=sharks, SPEC_NAME=HepPer, TODAY_DATE=20250422, CHR=CM068657.1
    resources: mem_mb=100000, mem_mib=95368, disk_mb=1000, disk_mib=954, tmpdir=<TBD>, slurm_account=DURBIN-SL2-CPU, slurm_partition=icelake-himem, runtime=120

Job 123 has been submitted with SLURM jobid 9181191 (log: /rds/project/rds-p67MZilb2eQ/projects/VGP/heterozygosity/.snakemake/slurm_logs/rule_ROH_CALC/sharks_HepPer_20250422_CM068657.1/9181191.log).
[Thu May  8 18:02:52 2025]
Finished job 131.
31 of 49 steps (63%) done
[Thu May  8 18:02:52 2025]
Finished job 108.
32 of 49 steps (65%) done
[Thu May  8 18:02:52 2025]
Finished job 117.
33 of 49 steps (67%) done
[Thu May  8 18:02:52 2025]
Finished job 116.
34 of 49 steps (69%) done
[Thu May  8 18:02:52 2025]
Finished job 109.
35 of 49 steps (71%) done
[Thu May  8 18:02:52 2025]
Finished job 127.
36 of 49 steps (73%) done
[Thu May  8 18:02:52 2025]
Finished job 144.
37 of 49 steps (76%) done
[Thu May  8 18:02:52 2025]
Finished job 113.
38 of 49 steps (78%) done
[Thu May  8 18:02:52 2025]
Finished job 138.
39 of 49 steps (80%) done
Select jobs to execute...
Execute 6 jobs...

[Thu May  8 18:02:52 2025]
rule ROH_CALC:
    input: sharks/HepPer/temp/20250422_CM068637.1_Aln_Only.txt, sharks/HepPer/temp/20250422_CM068637.1_Var_Only.txt, sharks/HepPer/Reference_HepPer_Chroms_Lengths.txt
    output: sharks/HepPer/20250422_CM068637.1_ROH_Results.txt
    jobid: 103
    reason: Missing output files: sharks/HepPer/20250422_CM068637.1_ROH_Results.txt
    wildcards: CLADE=sharks, SPEC_NAME=HepPer, TODAY_DATE=20250422, CHR=CM068637.1
    resources: mem_mb=100000, mem_mib=95368, disk_mb=1000, disk_mib=954, tmpdir=<TBD>, slurm_account=DURBIN-SL2-CPU, slurm_partition=icelake-himem, runtime=120

Job 103 has been submitted with SLURM jobid 9181192 (log: /rds/project/rds-p67MZilb2eQ/projects/VGP/heterozygosity/.snakemake/slurm_logs/rule_ROH_CALC/sharks_HepPer_20250422_CM068637.1/9181192.log).

[Thu May  8 18:02:52 2025]
rule ROH_CALC:
    input: sharks/HepPer/temp/20250422_CM068669.1_Aln_Only.txt, sharks/HepPer/temp/20250422_CM068669.1_Var_Only.txt, sharks/HepPer/Reference_HepPer_Chroms_Lengths.txt
    output: sharks/HepPer/20250422_CM068669.1_ROH_Results.txt
    jobid: 135
    reason: Missing output files: sharks/HepPer/20250422_CM068669.1_ROH_Results.txt
    wildcards: CLADE=sharks, SPEC_NAME=HepPer, TODAY_DATE=20250422, CHR=CM068669.1
    resources: mem_mb=100000, mem_mib=95368, disk_mb=1000, disk_mib=954, tmpdir=<TBD>, slurm_account=DURBIN-SL2-CPU, slurm_partition=icelake-himem, runtime=120

Job 135 has been submitted with SLURM jobid 9181193 (log: /rds/project/rds-p67MZilb2eQ/projects/VGP/heterozygosity/.snakemake/slurm_logs/rule_ROH_CALC/sharks_HepPer_20250422_CM068669.1/9181193.log).

[Thu May  8 18:02:54 2025]
rule ROH_CALC:
    input: sharks/HepPer/temp/20250422_CM068677.1_Aln_Only.txt, sharks/HepPer/temp/20250422_CM068677.1_Var_Only.txt, sharks/HepPer/Reference_HepPer_Chroms_Lengths.txt
    output: sharks/HepPer/20250422_CM068677.1_ROH_Results.txt
    jobid: 143
    reason: Missing output files: sharks/HepPer/20250422_CM068677.1_ROH_Results.txt
    wildcards: CLADE=sharks, SPEC_NAME=HepPer, TODAY_DATE=20250422, CHR=CM068677.1
    resources: mem_mb=100000, mem_mib=95368, disk_mb=1000, disk_mib=954, tmpdir=<TBD>, slurm_account=DURBIN-SL2-CPU, slurm_partition=icelake-himem, runtime=120

Job 143 has been submitted with SLURM jobid 9181194 (log: /rds/project/rds-p67MZilb2eQ/projects/VGP/heterozygosity/.snakemake/slurm_logs/rule_ROH_CALC/sharks_HepPer_20250422_CM068677.1/9181194.log).

[Thu May  8 18:02:54 2025]
rule ROH_CALC:
    input: sharks/HepPer/temp/20250422_CM068671.1_Aln_Only.txt, sharks/HepPer/temp/20250422_CM068671.1_Var_Only.txt, sharks/HepPer/Reference_HepPer_Chroms_Lengths.txt
    output: sharks/HepPer/20250422_CM068671.1_ROH_Results.txt
    jobid: 137
    reason: Missing output files: sharks/HepPer/20250422_CM068671.1_ROH_Results.txt
    wildcards: CLADE=sharks, SPEC_NAME=HepPer, TODAY_DATE=20250422, CHR=CM068671.1
    resources: mem_mb=100000, mem_mib=95368, disk_mb=1000, disk_mib=954, tmpdir=<TBD>, slurm_account=DURBIN-SL2-CPU, slurm_partition=icelake-himem, runtime=120

Job 137 has been submitted with SLURM jobid 9181195 (log: /rds/project/rds-p67MZilb2eQ/projects/VGP/heterozygosity/.snakemake/slurm_logs/rule_ROH_CALC/sharks_HepPer_20250422_CM068671.1/9181195.log).

[Thu May  8 18:02:55 2025]
rule ROH_CALC:
    input: sharks/HepPer/temp/20250422_CM068655.1_Aln_Only.txt, sharks/HepPer/temp/20250422_CM068655.1_Var_Only.txt, sharks/HepPer/Reference_HepPer_Chroms_Lengths.txt
    output: sharks/HepPer/20250422_CM068655.1_ROH_Results.txt
    jobid: 121
    reason: Missing output files: sharks/HepPer/20250422_CM068655.1_ROH_Results.txt
    wildcards: CLADE=sharks, SPEC_NAME=HepPer, TODAY_DATE=20250422, CHR=CM068655.1
    resources: mem_mb=100000, mem_mib=95368, disk_mb=1000, disk_mib=954, tmpdir=<TBD>, slurm_account=DURBIN-SL2-CPU, slurm_partition=icelake-himem, runtime=120

Job 121 has been submitted with SLURM jobid 9181196 (log: /rds/project/rds-p67MZilb2eQ/projects/VGP/heterozygosity/.snakemake/slurm_logs/rule_ROH_CALC/sharks_HepPer_20250422_CM068655.1/9181196.log).

[Thu May  8 18:02:57 2025]
rule ROH_CALC:
    input: sharks/HepPer/temp/20250422_CM068664.1_Aln_Only.txt, sharks/HepPer/temp/20250422_CM068664.1_Var_Only.txt, sharks/HepPer/Reference_HepPer_Chroms_Lengths.txt
    output: sharks/HepPer/20250422_CM068664.1_ROH_Results.txt
    jobid: 130
    reason: Missing output files: sharks/HepPer/20250422_CM068664.1_ROH_Results.txt
    wildcards: CLADE=sharks, SPEC_NAME=HepPer, TODAY_DATE=20250422, CHR=CM068664.1
    resources: mem_mb=100000, mem_mib=95368, disk_mb=1000, disk_mib=954, tmpdir=<TBD>, slurm_account=DURBIN-SL2-CPU, slurm_partition=icelake-himem, runtime=120

Job 130 has been submitted with SLURM jobid 9181197 (log: /rds/project/rds-p67MZilb2eQ/projects/VGP/heterozygosity/.snakemake/slurm_logs/rule_ROH_CALC/sharks_HepPer_20250422_CM068664.1/9181197.log).
