host: login-p-1
Building DAG of jobs...
Using shell: /usr/bin/bash
Provided cores: 56
Rules claiming more threads will be scaled down.
Job stats:
job                       count
----------------------  -------
FILTER_PAF                    6
GET_ALN_ONLY_PER_CHROM        6
GET_VAR_ALN_FILE              6
GET_VAR_ONLY_PER_CHROM        6
ROH_CALC                      6
all                           1
total                        31

Select jobs to execute...
Execute 6 jobs...

[Wed Mar 26 14:20:20 2025]
localrule FILTER_PAF:
    input: amphibians/EleCoq_TEST/EleCoq_TEST_FASTGA.paf
    output: amphibians/EleCoq_TEST/20250325_CM069419.1_filtered.paf
    jobid: 8
    reason: Missing output files: amphibians/EleCoq_TEST/20250325_CM069419.1_filtered.paf
    wildcards: CLADE=amphibians, SPEC_NAME=EleCoq_TEST, TODAY_DATE=20250325, CHR=CM069419.1
    resources: tmpdir=/tmp


[Wed Mar 26 14:20:20 2025]
localrule FILTER_PAF:
    input: amphibians/EleCoq_TEST/EleCoq_TEST_FASTGA.paf
    output: amphibians/EleCoq_TEST/20250325_CM069421.1_filtered.paf
    jobid: 10
    reason: Missing output files: amphibians/EleCoq_TEST/20250325_CM069421.1_filtered.paf
    wildcards: CLADE=amphibians, SPEC_NAME=EleCoq_TEST, TODAY_DATE=20250325, CHR=CM069421.1
    resources: tmpdir=/tmp


[Wed Mar 26 14:20:20 2025]
localrule FILTER_PAF:
    input: amphibians/EleCoq_TEST/EleCoq_TEST_FASTGA.paf
    output: amphibians/EleCoq_TEST/20250325_CM069422.1_filtered.paf
    jobid: 11
    reason: Missing output files: amphibians/EleCoq_TEST/20250325_CM069422.1_filtered.paf
    wildcards: CLADE=amphibians, SPEC_NAME=EleCoq_TEST, TODAY_DATE=20250325, CHR=CM069422.1
    resources: tmpdir=/tmp


[Wed Mar 26 14:20:20 2025]
localrule FILTER_PAF:
    input: amphibians/EleCoq_TEST/EleCoq_TEST_FASTGA.paf
    output: amphibians/EleCoq_TEST/20250325_CM069423.1_filtered.paf
    jobid: 12
    reason: Missing output files: amphibians/EleCoq_TEST/20250325_CM069423.1_filtered.paf
    wildcards: CLADE=amphibians, SPEC_NAME=EleCoq_TEST, TODAY_DATE=20250325, CHR=CM069423.1
    resources: tmpdir=/tmp


[Wed Mar 26 14:20:20 2025]
localrule FILTER_PAF:
    input: amphibians/EleCoq_TEST/EleCoq_TEST_FASTGA.paf
    output: amphibians/EleCoq_TEST/20250325_CM069418.1_filtered.paf
    jobid: 7
    reason: Missing output files: amphibians/EleCoq_TEST/20250325_CM069418.1_filtered.paf
    wildcards: CLADE=amphibians, SPEC_NAME=EleCoq_TEST, TODAY_DATE=20250325, CHR=CM069418.1
    resources: tmpdir=/tmp


[Wed Mar 26 14:20:20 2025]
localrule FILTER_PAF:
    input: amphibians/EleCoq_TEST/EleCoq_TEST_FASTGA.paf
    output: amphibians/EleCoq_TEST/20250325_CM069420.1_filtered.paf
    jobid: 9
    reason: Missing output files: amphibians/EleCoq_TEST/20250325_CM069420.1_filtered.paf
    wildcards: CLADE=amphibians, SPEC_NAME=EleCoq_TEST, TODAY_DATE=20250325, CHR=CM069420.1
    resources: tmpdir=/tmp

[Wed Mar 26 14:20:24 2025]
Finished job 12.
1 of 31 steps (3%) done
Select jobs to execute...
Execute 1 jobs...

[Wed Mar 26 14:20:24 2025]
localrule GET_VAR_ALN_FILE:
    input: amphibians/EleCoq_TEST/20250325_CM069423.1_filtered.paf
    output: amphibians/EleCoq_TEST/20250325_CM069423.1_Aln_Var.txt
    jobid: 36
    reason: Missing output files: amphibians/EleCoq_TEST/20250325_CM069423.1_Aln_Var.txt; Input files updated by another job: amphibians/EleCoq_TEST/20250325_CM069423.1_filtered.paf
    wildcards: CLADE=amphibians, SPEC_NAME=EleCoq_TEST, TODAY_DATE=20250325, CHR=CM069423.1
    resources: tmpdir=/tmp

[Wed Mar 26 14:20:24 2025]
Finished job 8.
2 of 31 steps (6%) done
[Wed Mar 26 14:20:24 2025]
Finished job 10.
3 of 31 steps (10%) done
Select jobs to execute...
Execute 2 jobs...

[Wed Mar 26 14:20:24 2025]
localrule GET_VAR_ALN_FILE:
    input: amphibians/EleCoq_TEST/20250325_CM069421.1_filtered.paf
    output: amphibians/EleCoq_TEST/20250325_CM069421.1_Aln_Var.txt
    jobid: 28
    reason: Missing output files: amphibians/EleCoq_TEST/20250325_CM069421.1_Aln_Var.txt; Input files updated by another job: amphibians/EleCoq_TEST/20250325_CM069421.1_filtered.paf
    wildcards: CLADE=amphibians, SPEC_NAME=EleCoq_TEST, TODAY_DATE=20250325, CHR=CM069421.1
    resources: tmpdir=/tmp


[Wed Mar 26 14:20:24 2025]
localrule GET_VAR_ALN_FILE:
    input: amphibians/EleCoq_TEST/20250325_CM069419.1_filtered.paf
    output: amphibians/EleCoq_TEST/20250325_CM069419.1_Aln_Var.txt
    jobid: 20
    reason: Missing output files: amphibians/EleCoq_TEST/20250325_CM069419.1_Aln_Var.txt; Input files updated by another job: amphibians/EleCoq_TEST/20250325_CM069419.1_filtered.paf
    wildcards: CLADE=amphibians, SPEC_NAME=EleCoq_TEST, TODAY_DATE=20250325, CHR=CM069419.1
    resources: tmpdir=/tmp

[Wed Mar 26 14:20:24 2025]
Finished job 11.
4 of 31 steps (13%) done
Select jobs to execute...
Execute 1 jobs...

[Wed Mar 26 14:20:24 2025]
localrule GET_VAR_ALN_FILE:
    input: amphibians/EleCoq_TEST/20250325_CM069422.1_filtered.paf
    output: amphibians/EleCoq_TEST/20250325_CM069422.1_Aln_Var.txt
    jobid: 32
    reason: Missing output files: amphibians/EleCoq_TEST/20250325_CM069422.1_Aln_Var.txt; Input files updated by another job: amphibians/EleCoq_TEST/20250325_CM069422.1_filtered.paf
    wildcards: CLADE=amphibians, SPEC_NAME=EleCoq_TEST, TODAY_DATE=20250325, CHR=CM069422.1
    resources: tmpdir=/tmp

[Wed Mar 26 14:20:24 2025]
Finished job 9.
5 of 31 steps (16%) done
Select jobs to execute...
Execute 1 jobs...

[Wed Mar 26 14:20:24 2025]
localrule GET_VAR_ALN_FILE:
    input: amphibians/EleCoq_TEST/20250325_CM069420.1_filtered.paf
    output: amphibians/EleCoq_TEST/20250325_CM069420.1_Aln_Var.txt
    jobid: 24
    reason: Missing output files: amphibians/EleCoq_TEST/20250325_CM069420.1_Aln_Var.txt; Input files updated by another job: amphibians/EleCoq_TEST/20250325_CM069420.1_filtered.paf
    wildcards: CLADE=amphibians, SPEC_NAME=EleCoq_TEST, TODAY_DATE=20250325, CHR=CM069420.1
    resources: tmpdir=/tmp

[Wed Mar 26 14:20:24 2025]
Finished job 7.
6 of 31 steps (19%) done
Select jobs to execute...
Execute 1 jobs...

[Wed Mar 26 14:20:24 2025]
localrule GET_VAR_ALN_FILE:
    input: amphibians/EleCoq_TEST/20250325_CM069418.1_filtered.paf
    output: amphibians/EleCoq_TEST/20250325_CM069418.1_Aln_Var.txt
    jobid: 15
    reason: Missing output files: amphibians/EleCoq_TEST/20250325_CM069418.1_Aln_Var.txt; Input files updated by another job: amphibians/EleCoq_TEST/20250325_CM069418.1_filtered.paf
    wildcards: CLADE=amphibians, SPEC_NAME=EleCoq_TEST, TODAY_DATE=20250325, CHR=CM069418.1
    resources: tmpdir=/tmp

[Wed Mar 26 14:20:24 2025]
Finished job 20.
7 of 31 steps (23%) done
Select jobs to execute...
Execute 2 jobs...

[Wed Mar 26 14:20:24 2025]
localrule GET_ALN_ONLY_PER_CHROM:
    input: amphibians/EleCoq_TEST/20250325_CM069419.1_Aln_Var.txt
    output: amphibians/EleCoq_TEST/20250325_CM069419.1_Aln_Only.txt
    jobid: 19
    reason: Missing output files: amphibians/EleCoq_TEST/20250325_CM069419.1_Aln_Only.txt; Input files updated by another job: amphibians/EleCoq_TEST/20250325_CM069419.1_Aln_Var.txt
    wildcards: CLADE=amphibians, SPEC_NAME=EleCoq_TEST, TODAY_DATE=20250325, CHR=CM069419.1
    resources: tmpdir=/tmp


[Wed Mar 26 14:20:24 2025]
localrule GET_VAR_ONLY_PER_CHROM:
    input: amphibians/EleCoq_TEST/20250325_CM069419.1_Aln_Var.txt
    output: amphibians/EleCoq_TEST/20250325_CM069419.1_Var_Only.txt
    jobid: 21
    reason: Missing output files: amphibians/EleCoq_TEST/20250325_CM069419.1_Var_Only.txt; Input files updated by another job: amphibians/EleCoq_TEST/20250325_CM069419.1_Aln_Var.txt
    wildcards: CLADE=amphibians, SPEC_NAME=EleCoq_TEST, TODAY_DATE=20250325, CHR=CM069419.1
    resources: tmpdir=/tmp

[Wed Mar 26 14:20:24 2025]
Finished job 28.
8 of 31 steps (26%) done
Select jobs to execute...
Execute 2 jobs...

[Wed Mar 26 14:20:24 2025]
localrule GET_ALN_ONLY_PER_CHROM:
    input: amphibians/EleCoq_TEST/20250325_CM069421.1_Aln_Var.txt
    output: amphibians/EleCoq_TEST/20250325_CM069421.1_Aln_Only.txt
    jobid: 27
    reason: Missing output files: amphibians/EleCoq_TEST/20250325_CM069421.1_Aln_Only.txt; Input files updated by another job: amphibians/EleCoq_TEST/20250325_CM069421.1_Aln_Var.txt
    wildcards: CLADE=amphibians, SPEC_NAME=EleCoq_TEST, TODAY_DATE=20250325, CHR=CM069421.1
    resources: tmpdir=/tmp


[Wed Mar 26 14:20:24 2025]
localrule GET_VAR_ONLY_PER_CHROM:
    input: amphibians/EleCoq_TEST/20250325_CM069421.1_Aln_Var.txt
    output: amphibians/EleCoq_TEST/20250325_CM069421.1_Var_Only.txt
    jobid: 29
    reason: Missing output files: amphibians/EleCoq_TEST/20250325_CM069421.1_Var_Only.txt; Input files updated by another job: amphibians/EleCoq_TEST/20250325_CM069421.1_Aln_Var.txt
    wildcards: CLADE=amphibians, SPEC_NAME=EleCoq_TEST, TODAY_DATE=20250325, CHR=CM069421.1
    resources: tmpdir=/tmp

[Wed Mar 26 14:20:24 2025]
Finished job 36.
9 of 31 steps (29%) done
[Wed Mar 26 14:20:24 2025]
Finished job 19.
10 of 31 steps (32%) done
[Wed Mar 26 14:20:24 2025]
Finished job 21.
11 of 31 steps (35%) done
Select jobs to execute...
Execute 3 jobs...

[Wed Mar 26 14:20:24 2025]
localrule GET_VAR_ONLY_PER_CHROM:
    input: amphibians/EleCoq_TEST/20250325_CM069423.1_Aln_Var.txt
    output: amphibians/EleCoq_TEST/20250325_CM069423.1_Var_Only.txt
    jobid: 37
    reason: Missing output files: amphibians/EleCoq_TEST/20250325_CM069423.1_Var_Only.txt; Input files updated by another job: amphibians/EleCoq_TEST/20250325_CM069423.1_Aln_Var.txt; Code has changed since last execution
    wildcards: CLADE=amphibians, SPEC_NAME=EleCoq_TEST, TODAY_DATE=20250325, CHR=CM069423.1
    resources: tmpdir=/tmp


[Wed Mar 26 14:20:24 2025]
localrule ROH_CALC:
    input: amphibians/EleCoq_TEST/20250325_CM069419.1_Aln_Only.txt, amphibians/EleCoq_TEST/20250325_CM069419.1_Var_Only.txt, amphibians/EleCoq_TEST/Reference_EleCoq_TEST_Chroms_Lengths.txt
    output: amphibians/EleCoq_TEST/20250325_CM069419.1_ROH_Results.txt
    jobid: 18
    reason: Missing output files: amphibians/EleCoq_TEST/20250325_CM069419.1_ROH_Results.txt; Input files updated by another job: amphibians/EleCoq_TEST/20250325_CM069419.1_Aln_Only.txt, amphibians/EleCoq_TEST/20250325_CM069419.1_Var_Only.txt
    wildcards: CLADE=amphibians, SPEC_NAME=EleCoq_TEST, TODAY_DATE=20250325, CHR=CM069419.1
    resources: tmpdir=/tmp


[Wed Mar 26 14:20:24 2025]
localrule GET_ALN_ONLY_PER_CHROM:
    input: amphibians/EleCoq_TEST/20250325_CM069423.1_Aln_Var.txt
    output: amphibians/EleCoq_TEST/20250325_CM069423.1_Aln_Only.txt
    jobid: 35
    reason: Missing output files: amphibians/EleCoq_TEST/20250325_CM069423.1_Aln_Only.txt; Input files updated by another job: amphibians/EleCoq_TEST/20250325_CM069423.1_Aln_Var.txt
    wildcards: CLADE=amphibians, SPEC_NAME=EleCoq_TEST, TODAY_DATE=20250325, CHR=CM069423.1
    resources: tmpdir=/tmp

RuleException:
CalledProcessError in file /rds/project/rds-p67MZilb2eQ/projects/VGP/heterozygosity/Snakefile, line 286:
Command 'set -euo pipefail;  
        CHROM_LENGTH="$(find_chrom_length(amphibians/EleCoq_TEST/Reference_EleCoq_TEST_Chroms_Lengths.txt, CM069419.1))"
        python /rds/project/rds-p67MZilb2eQ/projects/VGP/heterozygosity/20250320_ROH_Durbin_Calc_Eqns_V6.py CM069419.1 "$CHROM_LENGTH" 20250325 GCA_035609145.1 amphibians amphibians/EleCoq_TEST/20250325_CM069419.1_Aln_Only.txt amphibians/EleCoq_TEST/20250325_CM069419.1_Var_Only.txt' returned non-zero exit status 2.
[Wed Mar 26 14:20:24 2025]
Error in rule ROH_CALC:
    jobid: 18
    input: amphibians/EleCoq_TEST/20250325_CM069419.1_Aln_Only.txt, amphibians/EleCoq_TEST/20250325_CM069419.1_Var_Only.txt, amphibians/EleCoq_TEST/Reference_EleCoq_TEST_Chroms_Lengths.txt
    output: amphibians/EleCoq_TEST/20250325_CM069419.1_ROH_Results.txt
    shell:
        
        CHROM_LENGTH="$(find_chrom_length(amphibians/EleCoq_TEST/Reference_EleCoq_TEST_Chroms_Lengths.txt, CM069419.1))"
        python /rds/project/rds-p67MZilb2eQ/projects/VGP/heterozygosity/20250320_ROH_Durbin_Calc_Eqns_V6.py CM069419.1 "$CHROM_LENGTH" 20250325 GCA_035609145.1 amphibians amphibians/EleCoq_TEST/20250325_CM069419.1_Aln_Only.txt amphibians/EleCoq_TEST/20250325_CM069419.1_Var_Only.txt
        
        (one of the commands exited with non-zero exit code; note that snakemake uses bash strict mode!)

[Wed Mar 26 14:20:24 2025]
Finished job 27.
12 of 31 steps (39%) done
[Wed Mar 26 14:20:24 2025]
Finished job 29.
13 of 31 steps (42%) done
[Wed Mar 26 14:20:24 2025]
Finished job 24.
14 of 31 steps (45%) done
[Wed Mar 26 14:20:24 2025]
Finished job 37.
15 of 31 steps (48%) done
[Wed Mar 26 14:20:24 2025]
Finished job 35.
16 of 31 steps (52%) done
[Wed Mar 26 14:20:24 2025]
Finished job 32.
17 of 31 steps (55%) done
[Wed Mar 26 14:20:25 2025]
Finished job 15.
18 of 31 steps (58%) done
Shutting down, this might take some time.
Exiting because a job execution failed. Look above for error message
Complete log: .snakemake/log/2025-03-26T142020.077589.snakemake.log
WorkflowError:
At least one job did not complete successfully.
