host: login-q-3
Building DAG of jobs...
Using shell: /usr/bin/bash
Provided cores: 76
Rules claiming more threads will be scaled down.
Job stats:
job              count
-------------  -------
GET_WHOLE_ALN        1
GET_WHOLE_VAR        1
all                  1
total                3

Select jobs to execute...
Execute 2 jobs...

[Thu Apr 10 19:04:57 2025]
localrule GET_WHOLE_VAR:
    input: sharks/HydCol/HydCol_FASTGA.fltr.srt.paf
    output: sharks/HydCol/temp/HydCol_Var_Only.txt
    jobid: 9
    reason: Missing output files: sharks/HydCol/temp/HydCol_Var_Only.txt
    resources: tmpdir=/tmp


[Thu Apr 10 19:04:57 2025]
localrule GET_WHOLE_ALN:
    input: sharks/HydCol/HydCol_FASTGA.fltr.srt.paf
    output: sharks/HydCol/temp/HydCol_Aln_Only.txt
    jobid: 10
    reason: Missing output files: sharks/HydCol/temp/HydCol_Aln_Only.txt
    resources: tmpdir=/tmp

[Thu Apr 10 19:09:05 2025]
Finished job 10.
1 of 3 steps (33%) done
[Thu Apr 10 19:09:10 2025]
Finished job 9.
2 of 3 steps (67%) done
Select jobs to execute...
Execute 1 jobs...

[Thu Apr 10 19:09:10 2025]
localrule all:
    input: sharks/HydCol/HydCol_FASTGA.fltr.srt.paf, sharks/HydCol/temp/HydCol_Var_Only.txt, sharks/HydCol/temp/HydCol_Aln_Only.txt
    jobid: 0
    reason: Input files updated by another job: sharks/HydCol/temp/HydCol_Var_Only.txt, sharks/HydCol/temp/HydCol_Aln_Only.txt
    resources: tmpdir=/tmp

[Thu Apr 10 19:09:10 2025]
Finished job 0.
3 of 3 steps (100%) done
Complete log: .snakemake/log/2025-04-10T190456.994411.snakemake.log
