host: login-p-1
Building DAG of jobs...
SLURM run ID: ab8b139c-988a-4421-857d-51e8f788566f
Using shell: /usr/bin/bash
Provided remote nodes: 30
Job stats:
job                      count
---------------------  -------
GEN_ROH_NEGATIVE_MASK       40
all                          1
total                       41

Select jobs to execute...
Execute 30 jobs...

[Thu May 29 09:57:57 2025]
rule GEN_ROH_NEGATIVE_MASK:
    input: sharks/HydCol/20250410_CM068771.1_ROH_Results.txt
    output: sharks/HydCol/MSMC/ROH_Negative_Mask/HydCol_CM068771.1_ROH_Mask.bed.gz
    jobid: 288
    reason: Missing output files: sharks/HydCol/MSMC/ROH_Negative_Mask/HydCol_CM068771.1_ROH_Mask.bed.gz
    wildcards: CLADE=sharks, SPEC_NAME=HydCol, CHROM=CM068771.1
    resources: mem_mb=10000, mem_mib=9537, disk_mb=1000, disk_mib=954, tmpdir=<TBD>, slurm_account=DURBIN-SL2-CPU, slurm_partition=cclake-himem, runtime=60

Job 288 has been submitted with SLURM jobid 10063991 (log: /rds/project/rds-p67MZilb2eQ/projects/VGP/heterozygosity/.snakemake/slurm_logs/rule_GEN_ROH_NEGATIVE_MASK/sharks_HydCol_CM068771.1/10063991.log).

[Thu May 29 09:57:57 2025]
rule GEN_ROH_NEGATIVE_MASK:
    input: sharks/HydCol/20250410_CM068758.1_ROH_Results.txt
    output: sharks/HydCol/MSMC/ROH_Negative_Mask/HydCol_CM068758.1_ROH_Mask.bed.gz
    jobid: 275
    reason: Missing output files: sharks/HydCol/MSMC/ROH_Negative_Mask/HydCol_CM068758.1_ROH_Mask.bed.gz
    wildcards: CLADE=sharks, SPEC_NAME=HydCol, CHROM=CM068758.1
    resources: mem_mb=10000, mem_mib=9537, disk_mb=1000, disk_mib=954, tmpdir=<TBD>, slurm_account=DURBIN-SL2-CPU, slurm_partition=cclake-himem, runtime=60

Job 275 has been submitted with SLURM jobid 10063992 (log: /rds/project/rds-p67MZilb2eQ/projects/VGP/heterozygosity/.snakemake/slurm_logs/rule_GEN_ROH_NEGATIVE_MASK/sharks_HydCol_CM068758.1/10063992.log).

[Thu May 29 09:57:58 2025]
rule GEN_ROH_NEGATIVE_MASK:
    input: sharks/HydCol/20250410_CM068751.1_ROH_Results.txt
    output: sharks/HydCol/MSMC/ROH_Negative_Mask/HydCol_CM068751.1_ROH_Mask.bed.gz
    jobid: 268
    reason: Missing output files: sharks/HydCol/MSMC/ROH_Negative_Mask/HydCol_CM068751.1_ROH_Mask.bed.gz
    wildcards: CLADE=sharks, SPEC_NAME=HydCol, CHROM=CM068751.1
    resources: mem_mb=10000, mem_mib=9537, disk_mb=1000, disk_mib=954, tmpdir=<TBD>, slurm_account=DURBIN-SL2-CPU, slurm_partition=cclake-himem, runtime=60

Job 268 has been submitted with SLURM jobid 10063993 (log: /rds/project/rds-p67MZilb2eQ/projects/VGP/heterozygosity/.snakemake/slurm_logs/rule_GEN_ROH_NEGATIVE_MASK/sharks_HydCol_CM068751.1/10063993.log).

[Thu May 29 09:57:58 2025]
rule GEN_ROH_NEGATIVE_MASK:
    input: sharks/HydCol/20250410_CM068744.1_ROH_Results.txt
    output: sharks/HydCol/MSMC/ROH_Negative_Mask/HydCol_CM068744.1_ROH_Mask.bed.gz
    jobid: 261
    reason: Missing output files: sharks/HydCol/MSMC/ROH_Negative_Mask/HydCol_CM068744.1_ROH_Mask.bed.gz
    wildcards: CLADE=sharks, SPEC_NAME=HydCol, CHROM=CM068744.1
    resources: mem_mb=10000, mem_mib=9537, disk_mb=1000, disk_mib=954, tmpdir=<TBD>, slurm_account=DURBIN-SL2-CPU, slurm_partition=cclake-himem, runtime=60

Job 261 has been submitted with SLURM jobid 10063994 (log: /rds/project/rds-p67MZilb2eQ/projects/VGP/heterozygosity/.snakemake/slurm_logs/rule_GEN_ROH_NEGATIVE_MASK/sharks_HydCol_CM068744.1/10063994.log).

[Thu May 29 09:57:58 2025]
rule GEN_ROH_NEGATIVE_MASK:
    input: sharks/HydCol/20250410_CM068779.1_ROH_Results.txt
    output: sharks/HydCol/MSMC/ROH_Negative_Mask/HydCol_CM068779.1_ROH_Mask.bed.gz
    jobid: 296
    reason: Missing output files: sharks/HydCol/MSMC/ROH_Negative_Mask/HydCol_CM068779.1_ROH_Mask.bed.gz
    wildcards: CLADE=sharks, SPEC_NAME=HydCol, CHROM=CM068779.1
    resources: mem_mb=10000, mem_mib=9537, disk_mb=1000, disk_mib=954, tmpdir=<TBD>, slurm_account=DURBIN-SL2-CPU, slurm_partition=cclake-himem, runtime=60

Job 296 has been submitted with SLURM jobid 10063995 (log: /rds/project/rds-p67MZilb2eQ/projects/VGP/heterozygosity/.snakemake/slurm_logs/rule_GEN_ROH_NEGATIVE_MASK/sharks_HydCol_CM068779.1/10063995.log).

[Thu May 29 09:57:58 2025]
rule GEN_ROH_NEGATIVE_MASK:
    input: sharks/HydCol/20250410_CM068772.1_ROH_Results.txt
    output: sharks/HydCol/MSMC/ROH_Negative_Mask/HydCol_CM068772.1_ROH_Mask.bed.gz
    jobid: 289
    reason: Missing output files: sharks/HydCol/MSMC/ROH_Negative_Mask/HydCol_CM068772.1_ROH_Mask.bed.gz
    wildcards: CLADE=sharks, SPEC_NAME=HydCol, CHROM=CM068772.1
    resources: mem_mb=10000, mem_mib=9537, disk_mb=1000, disk_mib=954, tmpdir=<TBD>, slurm_account=DURBIN-SL2-CPU, slurm_partition=cclake-himem, runtime=60

Job 289 has been submitted with SLURM jobid 10063996 (log: /rds/project/rds-p67MZilb2eQ/projects/VGP/heterozygosity/.snakemake/slurm_logs/rule_GEN_ROH_NEGATIVE_MASK/sharks_HydCol_CM068772.1/10063996.log).

[Thu May 29 09:57:58 2025]
rule GEN_ROH_NEGATIVE_MASK:
    input: sharks/HydCol/20250410_CM068765.1_ROH_Results.txt
    output: sharks/HydCol/MSMC/ROH_Negative_Mask/HydCol_CM068765.1_ROH_Mask.bed.gz
    jobid: 282
    reason: Missing output files: sharks/HydCol/MSMC/ROH_Negative_Mask/HydCol_CM068765.1_ROH_Mask.bed.gz
    wildcards: CLADE=sharks, SPEC_NAME=HydCol, CHROM=CM068765.1
    resources: mem_mb=10000, mem_mib=9537, disk_mb=1000, disk_mib=954, tmpdir=<TBD>, slurm_account=DURBIN-SL2-CPU, slurm_partition=cclake-himem, runtime=60

Job 282 has been submitted with SLURM jobid 10063997 (log: /rds/project/rds-p67MZilb2eQ/projects/VGP/heterozygosity/.snakemake/slurm_logs/rule_GEN_ROH_NEGATIVE_MASK/sharks_HydCol_CM068765.1/10063997.log).

[Thu May 29 09:57:58 2025]
rule GEN_ROH_NEGATIVE_MASK:
    input: sharks/HydCol/20250410_CM068759.1_ROH_Results.txt
    output: sharks/HydCol/MSMC/ROH_Negative_Mask/HydCol_CM068759.1_ROH_Mask.bed.gz
    jobid: 276
    reason: Missing output files: sharks/HydCol/MSMC/ROH_Negative_Mask/HydCol_CM068759.1_ROH_Mask.bed.gz
    wildcards: CLADE=sharks, SPEC_NAME=HydCol, CHROM=CM068759.1
    resources: mem_mb=10000, mem_mib=9537, disk_mb=1000, disk_mib=954, tmpdir=<TBD>, slurm_account=DURBIN-SL2-CPU, slurm_partition=cclake-himem, runtime=60

Job 276 has been submitted with SLURM jobid 10063998 (log: /rds/project/rds-p67MZilb2eQ/projects/VGP/heterozygosity/.snakemake/slurm_logs/rule_GEN_ROH_NEGATIVE_MASK/sharks_HydCol_CM068759.1/10063998.log).

[Thu May 29 09:57:59 2025]
rule GEN_ROH_NEGATIVE_MASK:
    input: sharks/HydCol/20250410_CM068752.1_ROH_Results.txt
    output: sharks/HydCol/MSMC/ROH_Negative_Mask/HydCol_CM068752.1_ROH_Mask.bed.gz
    jobid: 269
    reason: Missing output files: sharks/HydCol/MSMC/ROH_Negative_Mask/HydCol_CM068752.1_ROH_Mask.bed.gz
    wildcards: CLADE=sharks, SPEC_NAME=HydCol, CHROM=CM068752.1
    resources: mem_mb=10000, mem_mib=9537, disk_mb=1000, disk_mib=954, tmpdir=<TBD>, slurm_account=DURBIN-SL2-CPU, slurm_partition=cclake-himem, runtime=60

Job 269 has been submitted with SLURM jobid 10063999 (log: /rds/project/rds-p67MZilb2eQ/projects/VGP/heterozygosity/.snakemake/slurm_logs/rule_GEN_ROH_NEGATIVE_MASK/sharks_HydCol_CM068752.1/10063999.log).

[Thu May 29 09:57:59 2025]
rule GEN_ROH_NEGATIVE_MASK:
    input: sharks/HydCol/20250410_CM068745.1_ROH_Results.txt
    output: sharks/HydCol/MSMC/ROH_Negative_Mask/HydCol_CM068745.1_ROH_Mask.bed.gz
    jobid: 262
    reason: Missing output files: sharks/HydCol/MSMC/ROH_Negative_Mask/HydCol_CM068745.1_ROH_Mask.bed.gz
    wildcards: CLADE=sharks, SPEC_NAME=HydCol, CHROM=CM068745.1
    resources: mem_mb=10000, mem_mib=9537, disk_mb=1000, disk_mib=954, tmpdir=<TBD>, slurm_account=DURBIN-SL2-CPU, slurm_partition=cclake-himem, runtime=60

Job 262 has been submitted with SLURM jobid 10064000 (log: /rds/project/rds-p67MZilb2eQ/projects/VGP/heterozygosity/.snakemake/slurm_logs/rule_GEN_ROH_NEGATIVE_MASK/sharks_HydCol_CM068745.1/10064000.log).

[Thu May 29 09:57:59 2025]
rule GEN_ROH_NEGATIVE_MASK:
    input: sharks/HydCol/20250410_CM068780.1_ROH_Results.txt
    output: sharks/HydCol/MSMC/ROH_Negative_Mask/HydCol_CM068780.1_ROH_Mask.bed.gz
    jobid: 297
    reason: Missing output files: sharks/HydCol/MSMC/ROH_Negative_Mask/HydCol_CM068780.1_ROH_Mask.bed.gz
    wildcards: CLADE=sharks, SPEC_NAME=HydCol, CHROM=CM068780.1
    resources: mem_mb=10000, mem_mib=9537, disk_mb=1000, disk_mib=954, tmpdir=<TBD>, slurm_account=DURBIN-SL2-CPU, slurm_partition=cclake-himem, runtime=60

Job 297 has been submitted with SLURM jobid 10064001 (log: /rds/project/rds-p67MZilb2eQ/projects/VGP/heterozygosity/.snakemake/slurm_logs/rule_GEN_ROH_NEGATIVE_MASK/sharks_HydCol_CM068780.1/10064001.log).

[Thu May 29 09:57:59 2025]
rule GEN_ROH_NEGATIVE_MASK:
    input: sharks/HydCol/20250410_CM068773.1_ROH_Results.txt
    output: sharks/HydCol/MSMC/ROH_Negative_Mask/HydCol_CM068773.1_ROH_Mask.bed.gz
    jobid: 290
    reason: Missing output files: sharks/HydCol/MSMC/ROH_Negative_Mask/HydCol_CM068773.1_ROH_Mask.bed.gz
    wildcards: CLADE=sharks, SPEC_NAME=HydCol, CHROM=CM068773.1
    resources: mem_mb=10000, mem_mib=9537, disk_mb=1000, disk_mib=954, tmpdir=<TBD>, slurm_account=DURBIN-SL2-CPU, slurm_partition=cclake-himem, runtime=60

Job 290 has been submitted with SLURM jobid 10064002 (log: /rds/project/rds-p67MZilb2eQ/projects/VGP/heterozygosity/.snakemake/slurm_logs/rule_GEN_ROH_NEGATIVE_MASK/sharks_HydCol_CM068773.1/10064002.log).

[Thu May 29 09:57:59 2025]
rule GEN_ROH_NEGATIVE_MASK:
    input: sharks/HydCol/20250410_CM068766.1_ROH_Results.txt
    output: sharks/HydCol/MSMC/ROH_Negative_Mask/HydCol_CM068766.1_ROH_Mask.bed.gz
    jobid: 283
    reason: Missing output files: sharks/HydCol/MSMC/ROH_Negative_Mask/HydCol_CM068766.1_ROH_Mask.bed.gz
    wildcards: CLADE=sharks, SPEC_NAME=HydCol, CHROM=CM068766.1
    resources: mem_mb=10000, mem_mib=9537, disk_mb=1000, disk_mib=954, tmpdir=<TBD>, slurm_account=DURBIN-SL2-CPU, slurm_partition=cclake-himem, runtime=60

Job 283 has been submitted with SLURM jobid 10064003 (log: /rds/project/rds-p67MZilb2eQ/projects/VGP/heterozygosity/.snakemake/slurm_logs/rule_GEN_ROH_NEGATIVE_MASK/sharks_HydCol_CM068766.1/10064003.log).

[Thu May 29 09:57:59 2025]
rule GEN_ROH_NEGATIVE_MASK:
    input: sharks/HydCol/20250410_CM068760.1_ROH_Results.txt
    output: sharks/HydCol/MSMC/ROH_Negative_Mask/HydCol_CM068760.1_ROH_Mask.bed.gz
    jobid: 277
    reason: Missing output files: sharks/HydCol/MSMC/ROH_Negative_Mask/HydCol_CM068760.1_ROH_Mask.bed.gz
    wildcards: CLADE=sharks, SPEC_NAME=HydCol, CHROM=CM068760.1
    resources: mem_mb=10000, mem_mib=9537, disk_mb=1000, disk_mib=954, tmpdir=<TBD>, slurm_account=DURBIN-SL2-CPU, slurm_partition=cclake-himem, runtime=60

Job 277 has been submitted with SLURM jobid 10064004 (log: /rds/project/rds-p67MZilb2eQ/projects/VGP/heterozygosity/.snakemake/slurm_logs/rule_GEN_ROH_NEGATIVE_MASK/sharks_HydCol_CM068760.1/10064004.log).

[Thu May 29 09:57:59 2025]
rule GEN_ROH_NEGATIVE_MASK:
    input: sharks/HydCol/20250410_CM068753.1_ROH_Results.txt
    output: sharks/HydCol/MSMC/ROH_Negative_Mask/HydCol_CM068753.1_ROH_Mask.bed.gz
    jobid: 270
    reason: Missing output files: sharks/HydCol/MSMC/ROH_Negative_Mask/HydCol_CM068753.1_ROH_Mask.bed.gz
    wildcards: CLADE=sharks, SPEC_NAME=HydCol, CHROM=CM068753.1
    resources: mem_mb=10000, mem_mib=9537, disk_mb=1000, disk_mib=954, tmpdir=<TBD>, slurm_account=DURBIN-SL2-CPU, slurm_partition=cclake-himem, runtime=60

Job 270 has been submitted with SLURM jobid 10064005 (log: /rds/project/rds-p67MZilb2eQ/projects/VGP/heterozygosity/.snakemake/slurm_logs/rule_GEN_ROH_NEGATIVE_MASK/sharks_HydCol_CM068753.1/10064005.log).

[Thu May 29 09:58:00 2025]
rule GEN_ROH_NEGATIVE_MASK:
    input: sharks/HydCol/20250410_CM068746.1_ROH_Results.txt
    output: sharks/HydCol/MSMC/ROH_Negative_Mask/HydCol_CM068746.1_ROH_Mask.bed.gz
    jobid: 263
    reason: Missing output files: sharks/HydCol/MSMC/ROH_Negative_Mask/HydCol_CM068746.1_ROH_Mask.bed.gz
    wildcards: CLADE=sharks, SPEC_NAME=HydCol, CHROM=CM068746.1
    resources: mem_mb=10000, mem_mib=9537, disk_mb=1000, disk_mib=954, tmpdir=<TBD>, slurm_account=DURBIN-SL2-CPU, slurm_partition=cclake-himem, runtime=60

Job 263 has been submitted with SLURM jobid 10064006 (log: /rds/project/rds-p67MZilb2eQ/projects/VGP/heterozygosity/.snakemake/slurm_logs/rule_GEN_ROH_NEGATIVE_MASK/sharks_HydCol_CM068746.1/10064006.log).

[Thu May 29 09:58:00 2025]
rule GEN_ROH_NEGATIVE_MASK:
    input: sharks/HydCol/20250410_CM068781.1_ROH_Results.txt
    output: sharks/HydCol/MSMC/ROH_Negative_Mask/HydCol_CM068781.1_ROH_Mask.bed.gz
    jobid: 298
    reason: Missing output files: sharks/HydCol/MSMC/ROH_Negative_Mask/HydCol_CM068781.1_ROH_Mask.bed.gz
    wildcards: CLADE=sharks, SPEC_NAME=HydCol, CHROM=CM068781.1
    resources: mem_mb=10000, mem_mib=9537, disk_mb=1000, disk_mib=954, tmpdir=<TBD>, slurm_account=DURBIN-SL2-CPU, slurm_partition=cclake-himem, runtime=60

Job 298 has been submitted with SLURM jobid 10064007 (log: /rds/project/rds-p67MZilb2eQ/projects/VGP/heterozygosity/.snakemake/slurm_logs/rule_GEN_ROH_NEGATIVE_MASK/sharks_HydCol_CM068781.1/10064007.log).

[Thu May 29 09:58:00 2025]
rule GEN_ROH_NEGATIVE_MASK:
    input: sharks/HydCol/20250410_CM068755.1_ROH_Results.txt
    output: sharks/HydCol/MSMC/ROH_Negative_Mask/HydCol_CM068755.1_ROH_Mask.bed.gz
    jobid: 272
    reason: Missing output files: sharks/HydCol/MSMC/ROH_Negative_Mask/HydCol_CM068755.1_ROH_Mask.bed.gz
    wildcards: CLADE=sharks, SPEC_NAME=HydCol, CHROM=CM068755.1
    resources: mem_mb=10000, mem_mib=9537, disk_mb=1000, disk_mib=954, tmpdir=<TBD>, slurm_account=DURBIN-SL2-CPU, slurm_partition=cclake-himem, runtime=60

Job 272 has been submitted with SLURM jobid 10064008 (log: /rds/project/rds-p67MZilb2eQ/projects/VGP/heterozygosity/.snakemake/slurm_logs/rule_GEN_ROH_NEGATIVE_MASK/sharks_HydCol_CM068755.1/10064008.log).

[Thu May 29 09:58:00 2025]
rule GEN_ROH_NEGATIVE_MASK:
    input: sharks/HydCol/20250410_CM068748.1_ROH_Results.txt
    output: sharks/HydCol/MSMC/ROH_Negative_Mask/HydCol_CM068748.1_ROH_Mask.bed.gz
    jobid: 265
    reason: Missing output files: sharks/HydCol/MSMC/ROH_Negative_Mask/HydCol_CM068748.1_ROH_Mask.bed.gz
    wildcards: CLADE=sharks, SPEC_NAME=HydCol, CHROM=CM068748.1
    resources: mem_mb=10000, mem_mib=9537, disk_mb=1000, disk_mib=954, tmpdir=<TBD>, slurm_account=DURBIN-SL2-CPU, slurm_partition=cclake-himem, runtime=60

Job 265 has been submitted with SLURM jobid 10064009 (log: /rds/project/rds-p67MZilb2eQ/projects/VGP/heterozygosity/.snakemake/slurm_logs/rule_GEN_ROH_NEGATIVE_MASK/sharks_HydCol_CM068748.1/10064009.log).

[Thu May 29 09:58:00 2025]
rule GEN_ROH_NEGATIVE_MASK:
    input: sharks/HydCol/20250410_CM068776.1_ROH_Results.txt
    output: sharks/HydCol/MSMC/ROH_Negative_Mask/HydCol_CM068776.1_ROH_Mask.bed.gz
    jobid: 293
    reason: Missing output files: sharks/HydCol/MSMC/ROH_Negative_Mask/HydCol_CM068776.1_ROH_Mask.bed.gz
    wildcards: CLADE=sharks, SPEC_NAME=HydCol, CHROM=CM068776.1
    resources: mem_mb=10000, mem_mib=9537, disk_mb=1000, disk_mib=954, tmpdir=<TBD>, slurm_account=DURBIN-SL2-CPU, slurm_partition=cclake-himem, runtime=60

Job 293 has been submitted with SLURM jobid 10064010 (log: /rds/project/rds-p67MZilb2eQ/projects/VGP/heterozygosity/.snakemake/slurm_logs/rule_GEN_ROH_NEGATIVE_MASK/sharks_HydCol_CM068776.1/10064010.log).

[Thu May 29 09:58:00 2025]
rule GEN_ROH_NEGATIVE_MASK:
    input: sharks/HydCol/20250410_CM068769.1_ROH_Results.txt
    output: sharks/HydCol/MSMC/ROH_Negative_Mask/HydCol_CM068769.1_ROH_Mask.bed.gz
    jobid: 286
    reason: Missing output files: sharks/HydCol/MSMC/ROH_Negative_Mask/HydCol_CM068769.1_ROH_Mask.bed.gz
    wildcards: CLADE=sharks, SPEC_NAME=HydCol, CHROM=CM068769.1
    resources: mem_mb=10000, mem_mib=9537, disk_mb=1000, disk_mib=954, tmpdir=<TBD>, slurm_account=DURBIN-SL2-CPU, slurm_partition=cclake-himem, runtime=60

Job 286 has been submitted with SLURM jobid 10064011 (log: /rds/project/rds-p67MZilb2eQ/projects/VGP/heterozygosity/.snakemake/slurm_logs/rule_GEN_ROH_NEGATIVE_MASK/sharks_HydCol_CM068769.1/10064011.log).

[Thu May 29 09:58:01 2025]
rule GEN_ROH_NEGATIVE_MASK:
    input: sharks/HydCol/20250410_CM068763.1_ROH_Results.txt
    output: sharks/HydCol/MSMC/ROH_Negative_Mask/HydCol_CM068763.1_ROH_Mask.bed.gz
    jobid: 280
    reason: Missing output files: sharks/HydCol/MSMC/ROH_Negative_Mask/HydCol_CM068763.1_ROH_Mask.bed.gz
    wildcards: CLADE=sharks, SPEC_NAME=HydCol, CHROM=CM068763.1
    resources: mem_mb=10000, mem_mib=9537, disk_mb=1000, disk_mib=954, tmpdir=<TBD>, slurm_account=DURBIN-SL2-CPU, slurm_partition=cclake-himem, runtime=60

Job 280 has been submitted with SLURM jobid 10064012 (log: /rds/project/rds-p67MZilb2eQ/projects/VGP/heterozygosity/.snakemake/slurm_logs/rule_GEN_ROH_NEGATIVE_MASK/sharks_HydCol_CM068763.1/10064012.log).

[Thu May 29 09:58:01 2025]
rule GEN_ROH_NEGATIVE_MASK:
    input: sharks/HydCol/20250410_CM068756.1_ROH_Results.txt
    output: sharks/HydCol/MSMC/ROH_Negative_Mask/HydCol_CM068756.1_ROH_Mask.bed.gz
    jobid: 273
    reason: Missing output files: sharks/HydCol/MSMC/ROH_Negative_Mask/HydCol_CM068756.1_ROH_Mask.bed.gz
    wildcards: CLADE=sharks, SPEC_NAME=HydCol, CHROM=CM068756.1
    resources: mem_mb=10000, mem_mib=9537, disk_mb=1000, disk_mib=954, tmpdir=<TBD>, slurm_account=DURBIN-SL2-CPU, slurm_partition=cclake-himem, runtime=60

Job 273 has been submitted with SLURM jobid 10064013 (log: /rds/project/rds-p67MZilb2eQ/projects/VGP/heterozygosity/.snakemake/slurm_logs/rule_GEN_ROH_NEGATIVE_MASK/sharks_HydCol_CM068756.1/10064013.log).

[Thu May 29 09:58:01 2025]
rule GEN_ROH_NEGATIVE_MASK:
    input: sharks/HydCol/20250410_CM068749.1_ROH_Results.txt
    output: sharks/HydCol/MSMC/ROH_Negative_Mask/HydCol_CM068749.1_ROH_Mask.bed.gz
    jobid: 266
    reason: Missing output files: sharks/HydCol/MSMC/ROH_Negative_Mask/HydCol_CM068749.1_ROH_Mask.bed.gz
    wildcards: CLADE=sharks, SPEC_NAME=HydCol, CHROM=CM068749.1
    resources: mem_mb=10000, mem_mib=9537, disk_mb=1000, disk_mib=954, tmpdir=<TBD>, slurm_account=DURBIN-SL2-CPU, slurm_partition=cclake-himem, runtime=60

Job 266 has been submitted with SLURM jobid 10064014 (log: /rds/project/rds-p67MZilb2eQ/projects/VGP/heterozygosity/.snakemake/slurm_logs/rule_GEN_ROH_NEGATIVE_MASK/sharks_HydCol_CM068749.1/10064014.log).

[Thu May 29 09:58:01 2025]
rule GEN_ROH_NEGATIVE_MASK:
    input: sharks/HydCol/20250410_CM068742.1_ROH_Results.txt
    output: sharks/HydCol/MSMC/ROH_Negative_Mask/HydCol_CM068742.1_ROH_Mask.bed.gz
    jobid: 259
    reason: Missing output files: sharks/HydCol/MSMC/ROH_Negative_Mask/HydCol_CM068742.1_ROH_Mask.bed.gz
    wildcards: CLADE=sharks, SPEC_NAME=HydCol, CHROM=CM068742.1
    resources: mem_mb=10000, mem_mib=9537, disk_mb=1000, disk_mib=954, tmpdir=<TBD>, slurm_account=DURBIN-SL2-CPU, slurm_partition=cclake-himem, runtime=60

Job 259 has been submitted with SLURM jobid 10064015 (log: /rds/project/rds-p67MZilb2eQ/projects/VGP/heterozygosity/.snakemake/slurm_logs/rule_GEN_ROH_NEGATIVE_MASK/sharks_HydCol_CM068742.1/10064015.log).

[Thu May 29 09:58:01 2025]
rule GEN_ROH_NEGATIVE_MASK:
    input: sharks/HydCol/20250410_CM068777.1_ROH_Results.txt
    output: sharks/HydCol/MSMC/ROH_Negative_Mask/HydCol_CM068777.1_ROH_Mask.bed.gz
    jobid: 294
    reason: Missing output files: sharks/HydCol/MSMC/ROH_Negative_Mask/HydCol_CM068777.1_ROH_Mask.bed.gz
    wildcards: CLADE=sharks, SPEC_NAME=HydCol, CHROM=CM068777.1
    resources: mem_mb=10000, mem_mib=9537, disk_mb=1000, disk_mib=954, tmpdir=<TBD>, slurm_account=DURBIN-SL2-CPU, slurm_partition=cclake-himem, runtime=60

Job 294 has been submitted with SLURM jobid 10064016 (log: /rds/project/rds-p67MZilb2eQ/projects/VGP/heterozygosity/.snakemake/slurm_logs/rule_GEN_ROH_NEGATIVE_MASK/sharks_HydCol_CM068777.1/10064016.log).

[Thu May 29 09:58:01 2025]
rule GEN_ROH_NEGATIVE_MASK:
    input: sharks/HydCol/20250410_CM068770.1_ROH_Results.txt
    output: sharks/HydCol/MSMC/ROH_Negative_Mask/HydCol_CM068770.1_ROH_Mask.bed.gz
    jobid: 287
    reason: Missing output files: sharks/HydCol/MSMC/ROH_Negative_Mask/HydCol_CM068770.1_ROH_Mask.bed.gz
    wildcards: CLADE=sharks, SPEC_NAME=HydCol, CHROM=CM068770.1
    resources: mem_mb=10000, mem_mib=9537, disk_mb=1000, disk_mib=954, tmpdir=<TBD>, slurm_account=DURBIN-SL2-CPU, slurm_partition=cclake-himem, runtime=60

Job 287 has been submitted with SLURM jobid 10064017 (log: /rds/project/rds-p67MZilb2eQ/projects/VGP/heterozygosity/.snakemake/slurm_logs/rule_GEN_ROH_NEGATIVE_MASK/sharks_HydCol_CM068770.1/10064017.log).

[Thu May 29 09:58:01 2025]
rule GEN_ROH_NEGATIVE_MASK:
    input: sharks/HydCol/20250410_CM068757.1_ROH_Results.txt
    output: sharks/HydCol/MSMC/ROH_Negative_Mask/HydCol_CM068757.1_ROH_Mask.bed.gz
    jobid: 274
    reason: Missing output files: sharks/HydCol/MSMC/ROH_Negative_Mask/HydCol_CM068757.1_ROH_Mask.bed.gz
    wildcards: CLADE=sharks, SPEC_NAME=HydCol, CHROM=CM068757.1
    resources: mem_mb=10000, mem_mib=9537, disk_mb=1000, disk_mib=954, tmpdir=<TBD>, slurm_account=DURBIN-SL2-CPU, slurm_partition=cclake-himem, runtime=60

Job 274 has been submitted with SLURM jobid 10064019 (log: /rds/project/rds-p67MZilb2eQ/projects/VGP/heterozygosity/.snakemake/slurm_logs/rule_GEN_ROH_NEGATIVE_MASK/sharks_HydCol_CM068757.1/10064019.log).

[Thu May 29 09:58:02 2025]
rule GEN_ROH_NEGATIVE_MASK:
    input: sharks/HydCol/20250410_CM068750.1_ROH_Results.txt
    output: sharks/HydCol/MSMC/ROH_Negative_Mask/HydCol_CM068750.1_ROH_Mask.bed.gz
    jobid: 267
    reason: Missing output files: sharks/HydCol/MSMC/ROH_Negative_Mask/HydCol_CM068750.1_ROH_Mask.bed.gz
    wildcards: CLADE=sharks, SPEC_NAME=HydCol, CHROM=CM068750.1
    resources: mem_mb=10000, mem_mib=9537, disk_mb=1000, disk_mib=954, tmpdir=<TBD>, slurm_account=DURBIN-SL2-CPU, slurm_partition=cclake-himem, runtime=60

Job 267 has been submitted with SLURM jobid 10064020 (log: /rds/project/rds-p67MZilb2eQ/projects/VGP/heterozygosity/.snakemake/slurm_logs/rule_GEN_ROH_NEGATIVE_MASK/sharks_HydCol_CM068750.1/10064020.log).

[Thu May 29 09:58:02 2025]
rule GEN_ROH_NEGATIVE_MASK:
    input: sharks/HydCol/20250410_CM068743.1_ROH_Results.txt
    output: sharks/HydCol/MSMC/ROH_Negative_Mask/HydCol_CM068743.1_ROH_Mask.bed.gz
    jobid: 260
    reason: Missing output files: sharks/HydCol/MSMC/ROH_Negative_Mask/HydCol_CM068743.1_ROH_Mask.bed.gz
    wildcards: CLADE=sharks, SPEC_NAME=HydCol, CHROM=CM068743.1
    resources: mem_mb=10000, mem_mib=9537, disk_mb=1000, disk_mib=954, tmpdir=<TBD>, slurm_account=DURBIN-SL2-CPU, slurm_partition=cclake-himem, runtime=60

Job 260 has been submitted with SLURM jobid 10064021 (log: /rds/project/rds-p67MZilb2eQ/projects/VGP/heterozygosity/.snakemake/slurm_logs/rule_GEN_ROH_NEGATIVE_MASK/sharks_HydCol_CM068743.1/10064021.log).
[Thu May 29 09:58:37 2025]
Error in rule GEN_ROH_NEGATIVE_MASK:
    message: SLURM-job '10063991' failed, SLURM status is: 'FAILED'. For further error details see the cluster/cloud log and the log files of the involved rule(s).
    jobid: 288
    input: sharks/HydCol/20250410_CM068771.1_ROH_Results.txt
    output: sharks/HydCol/MSMC/ROH_Negative_Mask/HydCol_CM068771.1_ROH_Mask.bed.gz
    log: /rds/project/rds-p67MZilb2eQ/projects/VGP/heterozygosity/.snakemake/slurm_logs/rule_GEN_ROH_NEGATIVE_MASK/sharks_HydCol_CM068771.1/10063991.log (check log file(s) for error details)
    shell:
        
        mkdir -p "sharks/HydCol/MSMC/ROH_Negative_Mask"
        python /rds/project/rds-p67MZilb2eQ/projects/VGP/heterozygosity/20250528_ROH_Masker.py sharks HydCol CM068771.1 sharks/HydCol/20250410_CM068771.1_ROH_Results.txt
        gzip sharks/HydCol/MSMC/ROH_Negative_Mask/HydCol_CM068771.1_ROH_Mask.bed
        
        (one of the commands exited with non-zero exit code; note that snakemake uses bash strict mode!)
    external_jobid: 10063991

[Thu May 29 09:58:37 2025]
Error in rule GEN_ROH_NEGATIVE_MASK:
    message: SLURM-job '10063992' failed, SLURM status is: 'FAILED'. For further error details see the cluster/cloud log and the log files of the involved rule(s).
    jobid: 275
    input: sharks/HydCol/20250410_CM068758.1_ROH_Results.txt
    output: sharks/HydCol/MSMC/ROH_Negative_Mask/HydCol_CM068758.1_ROH_Mask.bed.gz
    log: /rds/project/rds-p67MZilb2eQ/projects/VGP/heterozygosity/.snakemake/slurm_logs/rule_GEN_ROH_NEGATIVE_MASK/sharks_HydCol_CM068758.1/10063992.log (check log file(s) for error details)
    shell:
        
        mkdir -p "sharks/HydCol/MSMC/ROH_Negative_Mask"
        python /rds/project/rds-p67MZilb2eQ/projects/VGP/heterozygosity/20250528_ROH_Masker.py sharks HydCol CM068758.1 sharks/HydCol/20250410_CM068758.1_ROH_Results.txt
        gzip sharks/HydCol/MSMC/ROH_Negative_Mask/HydCol_CM068758.1_ROH_Mask.bed
        
        (one of the commands exited with non-zero exit code; note that snakemake uses bash strict mode!)
    external_jobid: 10063992

Select jobs to execute...
[Thu May 29 09:58:37 2025]
Error in rule GEN_ROH_NEGATIVE_MASK:
    message: SLURM-job '10063993' failed, SLURM status is: 'FAILED'. For further error details see the cluster/cloud log and the log files of the involved rule(s).
    jobid: 268
    input: sharks/HydCol/20250410_CM068751.1_ROH_Results.txt
    output: sharks/HydCol/MSMC/ROH_Negative_Mask/HydCol_CM068751.1_ROH_Mask.bed.gz
    log: /rds/project/rds-p67MZilb2eQ/projects/VGP/heterozygosity/.snakemake/slurm_logs/rule_GEN_ROH_NEGATIVE_MASK/sharks_HydCol_CM068751.1/10063993.log (check log file(s) for error details)
    shell:
        
        mkdir -p "sharks/HydCol/MSMC/ROH_Negative_Mask"
        python /rds/project/rds-p67MZilb2eQ/projects/VGP/heterozygosity/20250528_ROH_Masker.py sharks HydCol CM068751.1 sharks/HydCol/20250410_CM068751.1_ROH_Results.txt
        gzip sharks/HydCol/MSMC/ROH_Negative_Mask/HydCol_CM068751.1_ROH_Mask.bed
        
        (one of the commands exited with non-zero exit code; note that snakemake uses bash strict mode!)
    external_jobid: 10063993

[Thu May 29 09:58:37 2025]
Error in rule GEN_ROH_NEGATIVE_MASK:
    message: SLURM-job '10063994' failed, SLURM status is: 'FAILED'. For further error details see the cluster/cloud log and the log files of the involved rule(s).
    jobid: 261
    input: sharks/HydCol/20250410_CM068744.1_ROH_Results.txt
    output: sharks/HydCol/MSMC/ROH_Negative_Mask/HydCol_CM068744.1_ROH_Mask.bed.gz
    log: /rds/project/rds-p67MZilb2eQ/projects/VGP/heterozygosity/.snakemake/slurm_logs/rule_GEN_ROH_NEGATIVE_MASK/sharks_HydCol_CM068744.1/10063994.log (check log file(s) for error details)
    shell:
        
        mkdir -p "sharks/HydCol/MSMC/ROH_Negative_Mask"
        python /rds/project/rds-p67MZilb2eQ/projects/VGP/heterozygosity/20250528_ROH_Masker.py sharks HydCol CM068744.1 sharks/HydCol/20250410_CM068744.1_ROH_Results.txt
        gzip sharks/HydCol/MSMC/ROH_Negative_Mask/HydCol_CM068744.1_ROH_Mask.bed
        
        (one of the commands exited with non-zero exit code; note that snakemake uses bash strict mode!)
    external_jobid: 10063994

[Thu May 29 09:58:37 2025]
Error in rule GEN_ROH_NEGATIVE_MASK:
    message: SLURM-job '10063996' failed, SLURM status is: 'FAILED'. For further error details see the cluster/cloud log and the log files of the involved rule(s).
    jobid: 289
    input: sharks/HydCol/20250410_CM068772.1_ROH_Results.txt
    output: sharks/HydCol/MSMC/ROH_Negative_Mask/HydCol_CM068772.1_ROH_Mask.bed.gz
    log: /rds/project/rds-p67MZilb2eQ/projects/VGP/heterozygosity/.snakemake/slurm_logs/rule_GEN_ROH_NEGATIVE_MASK/sharks_HydCol_CM068772.1/10063996.log (check log file(s) for error details)
    shell:
        
        mkdir -p "sharks/HydCol/MSMC/ROH_Negative_Mask"
        python /rds/project/rds-p67MZilb2eQ/projects/VGP/heterozygosity/20250528_ROH_Masker.py sharks HydCol CM068772.1 sharks/HydCol/20250410_CM068772.1_ROH_Results.txt
        gzip sharks/HydCol/MSMC/ROH_Negative_Mask/HydCol_CM068772.1_ROH_Mask.bed
        
        (one of the commands exited with non-zero exit code; note that snakemake uses bash strict mode!)
    external_jobid: 10063996

[Thu May 29 09:58:37 2025]
Error in rule GEN_ROH_NEGATIVE_MASK:
    message: SLURM-job '10063997' failed, SLURM status is: 'FAILED'. For further error details see the cluster/cloud log and the log files of the involved rule(s).
    jobid: 282
    input: sharks/HydCol/20250410_CM068765.1_ROH_Results.txt
    output: sharks/HydCol/MSMC/ROH_Negative_Mask/HydCol_CM068765.1_ROH_Mask.bed.gz
    log: /rds/project/rds-p67MZilb2eQ/projects/VGP/heterozygosity/.snakemake/slurm_logs/rule_GEN_ROH_NEGATIVE_MASK/sharks_HydCol_CM068765.1/10063997.log (check log file(s) for error details)
    shell:
        
        mkdir -p "sharks/HydCol/MSMC/ROH_Negative_Mask"
        python /rds/project/rds-p67MZilb2eQ/projects/VGP/heterozygosity/20250528_ROH_Masker.py sharks HydCol CM068765.1 sharks/HydCol/20250410_CM068765.1_ROH_Results.txt
        gzip sharks/HydCol/MSMC/ROH_Negative_Mask/HydCol_CM068765.1_ROH_Mask.bed
        
        (one of the commands exited with non-zero exit code; note that snakemake uses bash strict mode!)
    external_jobid: 10063997

[Thu May 29 09:58:37 2025]
Error in rule GEN_ROH_NEGATIVE_MASK:
    message: SLURM-job '10063998' failed, SLURM status is: 'FAILED'. For further error details see the cluster/cloud log and the log files of the involved rule(s).
    jobid: 276
    input: sharks/HydCol/20250410_CM068759.1_ROH_Results.txt
    output: sharks/HydCol/MSMC/ROH_Negative_Mask/HydCol_CM068759.1_ROH_Mask.bed.gz
    log: /rds/project/rds-p67MZilb2eQ/projects/VGP/heterozygosity/.snakemake/slurm_logs/rule_GEN_ROH_NEGATIVE_MASK/sharks_HydCol_CM068759.1/10063998.log (check log file(s) for error details)
    shell:
        
        mkdir -p "sharks/HydCol/MSMC/ROH_Negative_Mask"
        python /rds/project/rds-p67MZilb2eQ/projects/VGP/heterozygosity/20250528_ROH_Masker.py sharks HydCol CM068759.1 sharks/HydCol/20250410_CM068759.1_ROH_Results.txt
        gzip sharks/HydCol/MSMC/ROH_Negative_Mask/HydCol_CM068759.1_ROH_Mask.bed
        
        (one of the commands exited with non-zero exit code; note that snakemake uses bash strict mode!)
    external_jobid: 10063998

[Thu May 29 09:58:37 2025]
Error in rule GEN_ROH_NEGATIVE_MASK:
    message: SLURM-job '10063999' failed, SLURM status is: 'FAILED'. For further error details see the cluster/cloud log and the log files of the involved rule(s).
    jobid: 269
    input: sharks/HydCol/20250410_CM068752.1_ROH_Results.txt
    output: sharks/HydCol/MSMC/ROH_Negative_Mask/HydCol_CM068752.1_ROH_Mask.bed.gz
    log: /rds/project/rds-p67MZilb2eQ/projects/VGP/heterozygosity/.snakemake/slurm_logs/rule_GEN_ROH_NEGATIVE_MASK/sharks_HydCol_CM068752.1/10063999.log (check log file(s) for error details)
    shell:
        
        mkdir -p "sharks/HydCol/MSMC/ROH_Negative_Mask"
        python /rds/project/rds-p67MZilb2eQ/projects/VGP/heterozygosity/20250528_ROH_Masker.py sharks HydCol CM068752.1 sharks/HydCol/20250410_CM068752.1_ROH_Results.txt
        gzip sharks/HydCol/MSMC/ROH_Negative_Mask/HydCol_CM068752.1_ROH_Mask.bed
        
        (one of the commands exited with non-zero exit code; note that snakemake uses bash strict mode!)
    external_jobid: 10063999

[Thu May 29 09:58:37 2025]
Error in rule GEN_ROH_NEGATIVE_MASK:
    message: SLURM-job '10064000' failed, SLURM status is: 'FAILED'. For further error details see the cluster/cloud log and the log files of the involved rule(s).
    jobid: 262
    input: sharks/HydCol/20250410_CM068745.1_ROH_Results.txt
    output: sharks/HydCol/MSMC/ROH_Negative_Mask/HydCol_CM068745.1_ROH_Mask.bed.gz
    log: /rds/project/rds-p67MZilb2eQ/projects/VGP/heterozygosity/.snakemake/slurm_logs/rule_GEN_ROH_NEGATIVE_MASK/sharks_HydCol_CM068745.1/10064000.log (check log file(s) for error details)
    shell:
        
        mkdir -p "sharks/HydCol/MSMC/ROH_Negative_Mask"
        python /rds/project/rds-p67MZilb2eQ/projects/VGP/heterozygosity/20250528_ROH_Masker.py sharks HydCol CM068745.1 sharks/HydCol/20250410_CM068745.1_ROH_Results.txt
        gzip sharks/HydCol/MSMC/ROH_Negative_Mask/HydCol_CM068745.1_ROH_Mask.bed
        
        (one of the commands exited with non-zero exit code; note that snakemake uses bash strict mode!)
    external_jobid: 10064000

[Thu May 29 09:58:37 2025]
Error in rule GEN_ROH_NEGATIVE_MASK:
    message: SLURM-job '10064001' failed, SLURM status is: 'FAILED'. For further error details see the cluster/cloud log and the log files of the involved rule(s).
    jobid: 297
    input: sharks/HydCol/20250410_CM068780.1_ROH_Results.txt
    output: sharks/HydCol/MSMC/ROH_Negative_Mask/HydCol_CM068780.1_ROH_Mask.bed.gz
    log: /rds/project/rds-p67MZilb2eQ/projects/VGP/heterozygosity/.snakemake/slurm_logs/rule_GEN_ROH_NEGATIVE_MASK/sharks_HydCol_CM068780.1/10064001.log (check log file(s) for error details)
    shell:
        
        mkdir -p "sharks/HydCol/MSMC/ROH_Negative_Mask"
        python /rds/project/rds-p67MZilb2eQ/projects/VGP/heterozygosity/20250528_ROH_Masker.py sharks HydCol CM068780.1 sharks/HydCol/20250410_CM068780.1_ROH_Results.txt
        gzip sharks/HydCol/MSMC/ROH_Negative_Mask/HydCol_CM068780.1_ROH_Mask.bed
        
        (one of the commands exited with non-zero exit code; note that snakemake uses bash strict mode!)
    external_jobid: 10064001

[Thu May 29 09:58:37 2025]
Error in rule GEN_ROH_NEGATIVE_MASK:
    message: SLURM-job '10064002' failed, SLURM status is: 'FAILED'. For further error details see the cluster/cloud log and the log files of the involved rule(s).
    jobid: 290
    input: sharks/HydCol/20250410_CM068773.1_ROH_Results.txt
    output: sharks/HydCol/MSMC/ROH_Negative_Mask/HydCol_CM068773.1_ROH_Mask.bed.gz
    log: /rds/project/rds-p67MZilb2eQ/projects/VGP/heterozygosity/.snakemake/slurm_logs/rule_GEN_ROH_NEGATIVE_MASK/sharks_HydCol_CM068773.1/10064002.log (check log file(s) for error details)
    shell:
        
        mkdir -p "sharks/HydCol/MSMC/ROH_Negative_Mask"
        python /rds/project/rds-p67MZilb2eQ/projects/VGP/heterozygosity/20250528_ROH_Masker.py sharks HydCol CM068773.1 sharks/HydCol/20250410_CM068773.1_ROH_Results.txt
        gzip sharks/HydCol/MSMC/ROH_Negative_Mask/HydCol_CM068773.1_ROH_Mask.bed
        
        (one of the commands exited with non-zero exit code; note that snakemake uses bash strict mode!)
    external_jobid: 10064002

[Thu May 29 09:58:37 2025]
Error in rule GEN_ROH_NEGATIVE_MASK:
    message: SLURM-job '10064003' failed, SLURM status is: 'FAILED'. For further error details see the cluster/cloud log and the log files of the involved rule(s).
    jobid: 283
    input: sharks/HydCol/20250410_CM068766.1_ROH_Results.txt
    output: sharks/HydCol/MSMC/ROH_Negative_Mask/HydCol_CM068766.1_ROH_Mask.bed.gz
    log: /rds/project/rds-p67MZilb2eQ/projects/VGP/heterozygosity/.snakemake/slurm_logs/rule_GEN_ROH_NEGATIVE_MASK/sharks_HydCol_CM068766.1/10064003.log (check log file(s) for error details)
    shell:
        
        mkdir -p "sharks/HydCol/MSMC/ROH_Negative_Mask"
        python /rds/project/rds-p67MZilb2eQ/projects/VGP/heterozygosity/20250528_ROH_Masker.py sharks HydCol CM068766.1 sharks/HydCol/20250410_CM068766.1_ROH_Results.txt
        gzip sharks/HydCol/MSMC/ROH_Negative_Mask/HydCol_CM068766.1_ROH_Mask.bed
        
        (one of the commands exited with non-zero exit code; note that snakemake uses bash strict mode!)
    external_jobid: 10064003

[Thu May 29 09:58:37 2025]
Error in rule GEN_ROH_NEGATIVE_MASK:
    message: SLURM-job '10064004' failed, SLURM status is: 'FAILED'. For further error details see the cluster/cloud log and the log files of the involved rule(s).
    jobid: 277
    input: sharks/HydCol/20250410_CM068760.1_ROH_Results.txt
    output: sharks/HydCol/MSMC/ROH_Negative_Mask/HydCol_CM068760.1_ROH_Mask.bed.gz
    log: /rds/project/rds-p67MZilb2eQ/projects/VGP/heterozygosity/.snakemake/slurm_logs/rule_GEN_ROH_NEGATIVE_MASK/sharks_HydCol_CM068760.1/10064004.log (check log file(s) for error details)
    shell:
        
        mkdir -p "sharks/HydCol/MSMC/ROH_Negative_Mask"
        python /rds/project/rds-p67MZilb2eQ/projects/VGP/heterozygosity/20250528_ROH_Masker.py sharks HydCol CM068760.1 sharks/HydCol/20250410_CM068760.1_ROH_Results.txt
        gzip sharks/HydCol/MSMC/ROH_Negative_Mask/HydCol_CM068760.1_ROH_Mask.bed
        
        (one of the commands exited with non-zero exit code; note that snakemake uses bash strict mode!)
    external_jobid: 10064004

[Thu May 29 09:58:37 2025]
Error in rule GEN_ROH_NEGATIVE_MASK:
    message: SLURM-job '10064005' failed, SLURM status is: 'FAILED'. For further error details see the cluster/cloud log and the log files of the involved rule(s).
    jobid: 270
    input: sharks/HydCol/20250410_CM068753.1_ROH_Results.txt
    output: sharks/HydCol/MSMC/ROH_Negative_Mask/HydCol_CM068753.1_ROH_Mask.bed.gz
    log: /rds/project/rds-p67MZilb2eQ/projects/VGP/heterozygosity/.snakemake/slurm_logs/rule_GEN_ROH_NEGATIVE_MASK/sharks_HydCol_CM068753.1/10064005.log (check log file(s) for error details)
    shell:
        
        mkdir -p "sharks/HydCol/MSMC/ROH_Negative_Mask"
        python /rds/project/rds-p67MZilb2eQ/projects/VGP/heterozygosity/20250528_ROH_Masker.py sharks HydCol CM068753.1 sharks/HydCol/20250410_CM068753.1_ROH_Results.txt
        gzip sharks/HydCol/MSMC/ROH_Negative_Mask/HydCol_CM068753.1_ROH_Mask.bed
        
        (one of the commands exited with non-zero exit code; note that snakemake uses bash strict mode!)
    external_jobid: 10064005

[Thu May 29 09:58:37 2025]
Error in rule GEN_ROH_NEGATIVE_MASK:
    message: SLURM-job '10064006' failed, SLURM status is: 'FAILED'. For further error details see the cluster/cloud log and the log files of the involved rule(s).
    jobid: 263
    input: sharks/HydCol/20250410_CM068746.1_ROH_Results.txt
    output: sharks/HydCol/MSMC/ROH_Negative_Mask/HydCol_CM068746.1_ROH_Mask.bed.gz
    log: /rds/project/rds-p67MZilb2eQ/projects/VGP/heterozygosity/.snakemake/slurm_logs/rule_GEN_ROH_NEGATIVE_MASK/sharks_HydCol_CM068746.1/10064006.log (check log file(s) for error details)
    shell:
        
        mkdir -p "sharks/HydCol/MSMC/ROH_Negative_Mask"
        python /rds/project/rds-p67MZilb2eQ/projects/VGP/heterozygosity/20250528_ROH_Masker.py sharks HydCol CM068746.1 sharks/HydCol/20250410_CM068746.1_ROH_Results.txt
        gzip sharks/HydCol/MSMC/ROH_Negative_Mask/HydCol_CM068746.1_ROH_Mask.bed
        
        (one of the commands exited with non-zero exit code; note that snakemake uses bash strict mode!)
    external_jobid: 10064006

[Thu May 29 09:58:37 2025]
Error in rule GEN_ROH_NEGATIVE_MASK:
    message: SLURM-job '10064007' failed, SLURM status is: 'FAILED'. For further error details see the cluster/cloud log and the log files of the involved rule(s).
    jobid: 298
    input: sharks/HydCol/20250410_CM068781.1_ROH_Results.txt
    output: sharks/HydCol/MSMC/ROH_Negative_Mask/HydCol_CM068781.1_ROH_Mask.bed.gz
    log: /rds/project/rds-p67MZilb2eQ/projects/VGP/heterozygosity/.snakemake/slurm_logs/rule_GEN_ROH_NEGATIVE_MASK/sharks_HydCol_CM068781.1/10064007.log (check log file(s) for error details)
    shell:
        
        mkdir -p "sharks/HydCol/MSMC/ROH_Negative_Mask"
        python /rds/project/rds-p67MZilb2eQ/projects/VGP/heterozygosity/20250528_ROH_Masker.py sharks HydCol CM068781.1 sharks/HydCol/20250410_CM068781.1_ROH_Results.txt
        gzip sharks/HydCol/MSMC/ROH_Negative_Mask/HydCol_CM068781.1_ROH_Mask.bed
        
        (one of the commands exited with non-zero exit code; note that snakemake uses bash strict mode!)
    external_jobid: 10064007

[Thu May 29 09:58:37 2025]
Error in rule GEN_ROH_NEGATIVE_MASK:
    message: SLURM-job '10064008' failed, SLURM status is: 'FAILED'. For further error details see the cluster/cloud log and the log files of the involved rule(s).
    jobid: 272
    input: sharks/HydCol/20250410_CM068755.1_ROH_Results.txt
    output: sharks/HydCol/MSMC/ROH_Negative_Mask/HydCol_CM068755.1_ROH_Mask.bed.gz
    log: /rds/project/rds-p67MZilb2eQ/projects/VGP/heterozygosity/.snakemake/slurm_logs/rule_GEN_ROH_NEGATIVE_MASK/sharks_HydCol_CM068755.1/10064008.log (check log file(s) for error details)
    shell:
        
        mkdir -p "sharks/HydCol/MSMC/ROH_Negative_Mask"
        python /rds/project/rds-p67MZilb2eQ/projects/VGP/heterozygosity/20250528_ROH_Masker.py sharks HydCol CM068755.1 sharks/HydCol/20250410_CM068755.1_ROH_Results.txt
        gzip sharks/HydCol/MSMC/ROH_Negative_Mask/HydCol_CM068755.1_ROH_Mask.bed
        
        (one of the commands exited with non-zero exit code; note that snakemake uses bash strict mode!)
    external_jobid: 10064008

[Thu May 29 09:58:37 2025]
Error in rule GEN_ROH_NEGATIVE_MASK:
    message: SLURM-job '10064009' failed, SLURM status is: 'FAILED'. For further error details see the cluster/cloud log and the log files of the involved rule(s).
    jobid: 265
    input: sharks/HydCol/20250410_CM068748.1_ROH_Results.txt
    output: sharks/HydCol/MSMC/ROH_Negative_Mask/HydCol_CM068748.1_ROH_Mask.bed.gz
    log: /rds/project/rds-p67MZilb2eQ/projects/VGP/heterozygosity/.snakemake/slurm_logs/rule_GEN_ROH_NEGATIVE_MASK/sharks_HydCol_CM068748.1/10064009.log (check log file(s) for error details)
    shell:
        
        mkdir -p "sharks/HydCol/MSMC/ROH_Negative_Mask"
        python /rds/project/rds-p67MZilb2eQ/projects/VGP/heterozygosity/20250528_ROH_Masker.py sharks HydCol CM068748.1 sharks/HydCol/20250410_CM068748.1_ROH_Results.txt
        gzip sharks/HydCol/MSMC/ROH_Negative_Mask/HydCol_CM068748.1_ROH_Mask.bed
        
        (one of the commands exited with non-zero exit code; note that snakemake uses bash strict mode!)
    external_jobid: 10064009

[Thu May 29 09:58:37 2025]
Error in rule GEN_ROH_NEGATIVE_MASK:
    message: SLURM-job '10064010' failed, SLURM status is: 'FAILED'. For further error details see the cluster/cloud log and the log files of the involved rule(s).
    jobid: 293
    input: sharks/HydCol/20250410_CM068776.1_ROH_Results.txt
    output: sharks/HydCol/MSMC/ROH_Negative_Mask/HydCol_CM068776.1_ROH_Mask.bed.gz
    log: /rds/project/rds-p67MZilb2eQ/projects/VGP/heterozygosity/.snakemake/slurm_logs/rule_GEN_ROH_NEGATIVE_MASK/sharks_HydCol_CM068776.1/10064010.log (check log file(s) for error details)
    shell:
        
        mkdir -p "sharks/HydCol/MSMC/ROH_Negative_Mask"
        python /rds/project/rds-p67MZilb2eQ/projects/VGP/heterozygosity/20250528_ROH_Masker.py sharks HydCol CM068776.1 sharks/HydCol/20250410_CM068776.1_ROH_Results.txt
        gzip sharks/HydCol/MSMC/ROH_Negative_Mask/HydCol_CM068776.1_ROH_Mask.bed
        
        (one of the commands exited with non-zero exit code; note that snakemake uses bash strict mode!)
    external_jobid: 10064010

[Thu May 29 09:58:37 2025]
Error in rule GEN_ROH_NEGATIVE_MASK:
    message: SLURM-job '10064011' failed, SLURM status is: 'FAILED'. For further error details see the cluster/cloud log and the log files of the involved rule(s).
    jobid: 286
    input: sharks/HydCol/20250410_CM068769.1_ROH_Results.txt
    output: sharks/HydCol/MSMC/ROH_Negative_Mask/HydCol_CM068769.1_ROH_Mask.bed.gz
    log: /rds/project/rds-p67MZilb2eQ/projects/VGP/heterozygosity/.snakemake/slurm_logs/rule_GEN_ROH_NEGATIVE_MASK/sharks_HydCol_CM068769.1/10064011.log (check log file(s) for error details)
    shell:
        
        mkdir -p "sharks/HydCol/MSMC/ROH_Negative_Mask"
        python /rds/project/rds-p67MZilb2eQ/projects/VGP/heterozygosity/20250528_ROH_Masker.py sharks HydCol CM068769.1 sharks/HydCol/20250410_CM068769.1_ROH_Results.txt
        gzip sharks/HydCol/MSMC/ROH_Negative_Mask/HydCol_CM068769.1_ROH_Mask.bed
        
        (one of the commands exited with non-zero exit code; note that snakemake uses bash strict mode!)
    external_jobid: 10064011

[Thu May 29 09:58:37 2025]
Error in rule GEN_ROH_NEGATIVE_MASK:
    message: SLURM-job '10064012' failed, SLURM status is: 'FAILED'. For further error details see the cluster/cloud log and the log files of the involved rule(s).
    jobid: 280
    input: sharks/HydCol/20250410_CM068763.1_ROH_Results.txt
    output: sharks/HydCol/MSMC/ROH_Negative_Mask/HydCol_CM068763.1_ROH_Mask.bed.gz
    log: /rds/project/rds-p67MZilb2eQ/projects/VGP/heterozygosity/.snakemake/slurm_logs/rule_GEN_ROH_NEGATIVE_MASK/sharks_HydCol_CM068763.1/10064012.log (check log file(s) for error details)
    shell:
        
        mkdir -p "sharks/HydCol/MSMC/ROH_Negative_Mask"
        python /rds/project/rds-p67MZilb2eQ/projects/VGP/heterozygosity/20250528_ROH_Masker.py sharks HydCol CM068763.1 sharks/HydCol/20250410_CM068763.1_ROH_Results.txt
        gzip sharks/HydCol/MSMC/ROH_Negative_Mask/HydCol_CM068763.1_ROH_Mask.bed
        
        (one of the commands exited with non-zero exit code; note that snakemake uses bash strict mode!)
    external_jobid: 10064012

[Thu May 29 09:58:37 2025]
Error in rule GEN_ROH_NEGATIVE_MASK:
    message: SLURM-job '10064013' failed, SLURM status is: 'FAILED'. For further error details see the cluster/cloud log and the log files of the involved rule(s).
    jobid: 273
    input: sharks/HydCol/20250410_CM068756.1_ROH_Results.txt
    output: sharks/HydCol/MSMC/ROH_Negative_Mask/HydCol_CM068756.1_ROH_Mask.bed.gz
    log: /rds/project/rds-p67MZilb2eQ/projects/VGP/heterozygosity/.snakemake/slurm_logs/rule_GEN_ROH_NEGATIVE_MASK/sharks_HydCol_CM068756.1/10064013.log (check log file(s) for error details)
    shell:
        
        mkdir -p "sharks/HydCol/MSMC/ROH_Negative_Mask"
        python /rds/project/rds-p67MZilb2eQ/projects/VGP/heterozygosity/20250528_ROH_Masker.py sharks HydCol CM068756.1 sharks/HydCol/20250410_CM068756.1_ROH_Results.txt
        gzip sharks/HydCol/MSMC/ROH_Negative_Mask/HydCol_CM068756.1_ROH_Mask.bed
        
        (one of the commands exited with non-zero exit code; note that snakemake uses bash strict mode!)
    external_jobid: 10064013

Execute 1 jobs...

[Thu May 29 09:58:37 2025]
rule GEN_ROH_NEGATIVE_MASK:
    input: sharks/HydCol/20250410_CM068761.1_ROH_Results.txt
    output: sharks/HydCol/MSMC/ROH_Negative_Mask/HydCol_CM068761.1_ROH_Mask.bed.gz
    jobid: 278
    reason: Missing output files: sharks/HydCol/MSMC/ROH_Negative_Mask/HydCol_CM068761.1_ROH_Mask.bed.gz
    wildcards: CLADE=sharks, SPEC_NAME=HydCol, CHROM=CM068761.1
    resources: mem_mb=10000, mem_mib=9537, disk_mb=1000, disk_mib=954, tmpdir=<TBD>, slurm_account=DURBIN-SL2-CPU, slurm_partition=cclake-himem, runtime=60

Job 278 has been submitted with SLURM jobid 10064069 (log: /rds/project/rds-p67MZilb2eQ/projects/VGP/heterozygosity/.snakemake/slurm_logs/rule_GEN_ROH_NEGATIVE_MASK/sharks_HydCol_CM068761.1/10064069.log).
Select jobs to execute...
Execute 9 jobs...

[Thu May 29 09:58:38 2025]
rule GEN_ROH_NEGATIVE_MASK:
    input: sharks/HydCol/20250410_CM068754.1_ROH_Results.txt
    output: sharks/HydCol/MSMC/ROH_Negative_Mask/HydCol_CM068754.1_ROH_Mask.bed.gz
    jobid: 271
    reason: Missing output files: sharks/HydCol/MSMC/ROH_Negative_Mask/HydCol_CM068754.1_ROH_Mask.bed.gz
    wildcards: CLADE=sharks, SPEC_NAME=HydCol, CHROM=CM068754.1
    resources: mem_mb=10000, mem_mib=9537, disk_mb=1000, disk_mib=954, tmpdir=<TBD>, slurm_account=DURBIN-SL2-CPU, slurm_partition=cclake-himem, runtime=60

Job 271 has been submitted with SLURM jobid 10064078 (log: /rds/project/rds-p67MZilb2eQ/projects/VGP/heterozygosity/.snakemake/slurm_logs/rule_GEN_ROH_NEGATIVE_MASK/sharks_HydCol_CM068754.1/10064078.log).

[Thu May 29 09:58:38 2025]
rule GEN_ROH_NEGATIVE_MASK:
    input: sharks/HydCol/20250410_CM068778.1_ROH_Results.txt
    output: sharks/HydCol/MSMC/ROH_Negative_Mask/HydCol_CM068778.1_ROH_Mask.bed.gz
    jobid: 295
    reason: Missing output files: sharks/HydCol/MSMC/ROH_Negative_Mask/HydCol_CM068778.1_ROH_Mask.bed.gz
    wildcards: CLADE=sharks, SPEC_NAME=HydCol, CHROM=CM068778.1
    resources: mem_mb=10000, mem_mib=9537, disk_mb=1000, disk_mib=954, tmpdir=<TBD>, slurm_account=DURBIN-SL2-CPU, slurm_partition=cclake-himem, runtime=60

Job 295 has been submitted with SLURM jobid 10064080 (log: /rds/project/rds-p67MZilb2eQ/projects/VGP/heterozygosity/.snakemake/slurm_logs/rule_GEN_ROH_NEGATIVE_MASK/sharks_HydCol_CM068778.1/10064080.log).

[Thu May 29 09:58:38 2025]
rule GEN_ROH_NEGATIVE_MASK:
    input: sharks/HydCol/20250410_CM068747.1_ROH_Results.txt
    output: sharks/HydCol/MSMC/ROH_Negative_Mask/HydCol_CM068747.1_ROH_Mask.bed.gz
    jobid: 264
    reason: Missing output files: sharks/HydCol/MSMC/ROH_Negative_Mask/HydCol_CM068747.1_ROH_Mask.bed.gz
    wildcards: CLADE=sharks, SPEC_NAME=HydCol, CHROM=CM068747.1
    resources: mem_mb=10000, mem_mib=9537, disk_mb=1000, disk_mib=954, tmpdir=<TBD>, slurm_account=DURBIN-SL2-CPU, slurm_partition=cclake-himem, runtime=60

Job 264 has been submitted with SLURM jobid 10064083 (log: /rds/project/rds-p67MZilb2eQ/projects/VGP/heterozygosity/.snakemake/slurm_logs/rule_GEN_ROH_NEGATIVE_MASK/sharks_HydCol_CM068747.1/10064083.log).

[Thu May 29 09:58:38 2025]
rule GEN_ROH_NEGATIVE_MASK:
    input: sharks/HydCol/20250410_CM068764.1_ROH_Results.txt
    output: sharks/HydCol/MSMC/ROH_Negative_Mask/HydCol_CM068764.1_ROH_Mask.bed.gz
    jobid: 281
    reason: Missing output files: sharks/HydCol/MSMC/ROH_Negative_Mask/HydCol_CM068764.1_ROH_Mask.bed.gz
    wildcards: CLADE=sharks, SPEC_NAME=HydCol, CHROM=CM068764.1
    resources: mem_mb=10000, mem_mib=9537, disk_mb=1000, disk_mib=954, tmpdir=<TBD>, slurm_account=DURBIN-SL2-CPU, slurm_partition=cclake-himem, runtime=60

Job 281 has been submitted with SLURM jobid 10064086 (log: /rds/project/rds-p67MZilb2eQ/projects/VGP/heterozygosity/.snakemake/slurm_logs/rule_GEN_ROH_NEGATIVE_MASK/sharks_HydCol_CM068764.1/10064086.log).

[Thu May 29 09:58:38 2025]
rule GEN_ROH_NEGATIVE_MASK:
    input: sharks/HydCol/20250410_CM068775.1_ROH_Results.txt
    output: sharks/HydCol/MSMC/ROH_Negative_Mask/HydCol_CM068775.1_ROH_Mask.bed.gz
    jobid: 292
    reason: Missing output files: sharks/HydCol/MSMC/ROH_Negative_Mask/HydCol_CM068775.1_ROH_Mask.bed.gz
    wildcards: CLADE=sharks, SPEC_NAME=HydCol, CHROM=CM068775.1
    resources: mem_mb=10000, mem_mib=9537, disk_mb=1000, disk_mib=954, tmpdir=<TBD>, slurm_account=DURBIN-SL2-CPU, slurm_partition=cclake-himem, runtime=60

Job 292 has been submitted with SLURM jobid 10064088 (log: /rds/project/rds-p67MZilb2eQ/projects/VGP/heterozygosity/.snakemake/slurm_logs/rule_GEN_ROH_NEGATIVE_MASK/sharks_HydCol_CM068775.1/10064088.log).

[Thu May 29 09:58:39 2025]
rule GEN_ROH_NEGATIVE_MASK:
    input: sharks/HydCol/20250410_CM068768.1_ROH_Results.txt
    output: sharks/HydCol/MSMC/ROH_Negative_Mask/HydCol_CM068768.1_ROH_Mask.bed.gz
    jobid: 285
    reason: Missing output files: sharks/HydCol/MSMC/ROH_Negative_Mask/HydCol_CM068768.1_ROH_Mask.bed.gz
    wildcards: CLADE=sharks, SPEC_NAME=HydCol, CHROM=CM068768.1
    resources: mem_mb=10000, mem_mib=9537, disk_mb=1000, disk_mib=954, tmpdir=<TBD>, slurm_account=DURBIN-SL2-CPU, slurm_partition=cclake-himem, runtime=60

Job 285 has been submitted with SLURM jobid 10064092 (log: /rds/project/rds-p67MZilb2eQ/projects/VGP/heterozygosity/.snakemake/slurm_logs/rule_GEN_ROH_NEGATIVE_MASK/sharks_HydCol_CM068768.1/10064092.log).

[Thu May 29 09:58:39 2025]
rule GEN_ROH_NEGATIVE_MASK:
    input: sharks/HydCol/20250410_CM068762.1_ROH_Results.txt
    output: sharks/HydCol/MSMC/ROH_Negative_Mask/HydCol_CM068762.1_ROH_Mask.bed.gz
    jobid: 279
    reason: Missing output files: sharks/HydCol/MSMC/ROH_Negative_Mask/HydCol_CM068762.1_ROH_Mask.bed.gz
    wildcards: CLADE=sharks, SPEC_NAME=HydCol, CHROM=CM068762.1
    resources: mem_mb=10000, mem_mib=9537, disk_mb=1000, disk_mib=954, tmpdir=<TBD>, slurm_account=DURBIN-SL2-CPU, slurm_partition=cclake-himem, runtime=60

Job 279 has been submitted with SLURM jobid 10064094 (log: /rds/project/rds-p67MZilb2eQ/projects/VGP/heterozygosity/.snakemake/slurm_logs/rule_GEN_ROH_NEGATIVE_MASK/sharks_HydCol_CM068762.1/10064094.log).

[Thu May 29 09:58:39 2025]
rule GEN_ROH_NEGATIVE_MASK:
    input: sharks/HydCol/20250410_CM068774.1_ROH_Results.txt
    output: sharks/HydCol/MSMC/ROH_Negative_Mask/HydCol_CM068774.1_ROH_Mask.bed.gz
    jobid: 291
    reason: Missing output files: sharks/HydCol/MSMC/ROH_Negative_Mask/HydCol_CM068774.1_ROH_Mask.bed.gz
    wildcards: CLADE=sharks, SPEC_NAME=HydCol, CHROM=CM068774.1
    resources: mem_mb=10000, mem_mib=9537, disk_mb=1000, disk_mib=954, tmpdir=<TBD>, slurm_account=DURBIN-SL2-CPU, slurm_partition=cclake-himem, runtime=60

Job 291 has been submitted with SLURM jobid 10064097 (log: /rds/project/rds-p67MZilb2eQ/projects/VGP/heterozygosity/.snakemake/slurm_logs/rule_GEN_ROH_NEGATIVE_MASK/sharks_HydCol_CM068774.1/10064097.log).

[Thu May 29 09:58:39 2025]
rule GEN_ROH_NEGATIVE_MASK:
    input: sharks/HydCol/20250410_CM068767.1_ROH_Results.txt
    output: sharks/HydCol/MSMC/ROH_Negative_Mask/HydCol_CM068767.1_ROH_Mask.bed.gz
    jobid: 284
    reason: Missing output files: sharks/HydCol/MSMC/ROH_Negative_Mask/HydCol_CM068767.1_ROH_Mask.bed.gz
    wildcards: CLADE=sharks, SPEC_NAME=HydCol, CHROM=CM068767.1
    resources: mem_mb=10000, mem_mib=9537, disk_mb=1000, disk_mib=954, tmpdir=<TBD>, slurm_account=DURBIN-SL2-CPU, slurm_partition=cclake-himem, runtime=60

Job 284 has been submitted with SLURM jobid 10064100 (log: /rds/project/rds-p67MZilb2eQ/projects/VGP/heterozygosity/.snakemake/slurm_logs/rule_GEN_ROH_NEGATIVE_MASK/sharks_HydCol_CM068767.1/10064100.log).
[Thu May 29 09:58:57 2025]
Error in rule GEN_ROH_NEGATIVE_MASK:
    message: SLURM-job '10063995' failed, SLURM status is: 'FAILED'. For further error details see the cluster/cloud log and the log files of the involved rule(s).
    jobid: 296
    input: sharks/HydCol/20250410_CM068779.1_ROH_Results.txt
    output: sharks/HydCol/MSMC/ROH_Negative_Mask/HydCol_CM068779.1_ROH_Mask.bed.gz
    log: /rds/project/rds-p67MZilb2eQ/projects/VGP/heterozygosity/.snakemake/slurm_logs/rule_GEN_ROH_NEGATIVE_MASK/sharks_HydCol_CM068779.1/10063995.log (check log file(s) for error details)
    shell:
        
        mkdir -p "sharks/HydCol/MSMC/ROH_Negative_Mask"
        python /rds/project/rds-p67MZilb2eQ/projects/VGP/heterozygosity/20250528_ROH_Masker.py sharks HydCol CM068779.1 sharks/HydCol/20250410_CM068779.1_ROH_Results.txt
        gzip sharks/HydCol/MSMC/ROH_Negative_Mask/HydCol_CM068779.1_ROH_Mask.bed
        
        (one of the commands exited with non-zero exit code; note that snakemake uses bash strict mode!)
    external_jobid: 10063995

[Thu May 29 09:58:57 2025]
Error in rule GEN_ROH_NEGATIVE_MASK:
    message: SLURM-job '10064014' failed, SLURM status is: 'FAILED'. For further error details see the cluster/cloud log and the log files of the involved rule(s).
    jobid: 266
    input: sharks/HydCol/20250410_CM068749.1_ROH_Results.txt
    output: sharks/HydCol/MSMC/ROH_Negative_Mask/HydCol_CM068749.1_ROH_Mask.bed.gz
    log: /rds/project/rds-p67MZilb2eQ/projects/VGP/heterozygosity/.snakemake/slurm_logs/rule_GEN_ROH_NEGATIVE_MASK/sharks_HydCol_CM068749.1/10064014.log (check log file(s) for error details)
    shell:
        
        mkdir -p "sharks/HydCol/MSMC/ROH_Negative_Mask"
        python /rds/project/rds-p67MZilb2eQ/projects/VGP/heterozygosity/20250528_ROH_Masker.py sharks HydCol CM068749.1 sharks/HydCol/20250410_CM068749.1_ROH_Results.txt
        gzip sharks/HydCol/MSMC/ROH_Negative_Mask/HydCol_CM068749.1_ROH_Mask.bed
        
        (one of the commands exited with non-zero exit code; note that snakemake uses bash strict mode!)
    external_jobid: 10064014

[Thu May 29 09:58:57 2025]
Error in rule GEN_ROH_NEGATIVE_MASK:
    message: SLURM-job '10064015' failed, SLURM status is: 'FAILED'. For further error details see the cluster/cloud log and the log files of the involved rule(s).
    jobid: 259
    input: sharks/HydCol/20250410_CM068742.1_ROH_Results.txt
    output: sharks/HydCol/MSMC/ROH_Negative_Mask/HydCol_CM068742.1_ROH_Mask.bed.gz
    log: /rds/project/rds-p67MZilb2eQ/projects/VGP/heterozygosity/.snakemake/slurm_logs/rule_GEN_ROH_NEGATIVE_MASK/sharks_HydCol_CM068742.1/10064015.log (check log file(s) for error details)
    shell:
        
        mkdir -p "sharks/HydCol/MSMC/ROH_Negative_Mask"
        python /rds/project/rds-p67MZilb2eQ/projects/VGP/heterozygosity/20250528_ROH_Masker.py sharks HydCol CM068742.1 sharks/HydCol/20250410_CM068742.1_ROH_Results.txt
        gzip sharks/HydCol/MSMC/ROH_Negative_Mask/HydCol_CM068742.1_ROH_Mask.bed
        
        (one of the commands exited with non-zero exit code; note that snakemake uses bash strict mode!)
    external_jobid: 10064015

[Thu May 29 09:58:57 2025]
Error in rule GEN_ROH_NEGATIVE_MASK:
    message: SLURM-job '10064016' failed, SLURM status is: 'FAILED'. For further error details see the cluster/cloud log and the log files of the involved rule(s).
    jobid: 294
    input: sharks/HydCol/20250410_CM068777.1_ROH_Results.txt
    output: sharks/HydCol/MSMC/ROH_Negative_Mask/HydCol_CM068777.1_ROH_Mask.bed.gz
    log: /rds/project/rds-p67MZilb2eQ/projects/VGP/heterozygosity/.snakemake/slurm_logs/rule_GEN_ROH_NEGATIVE_MASK/sharks_HydCol_CM068777.1/10064016.log (check log file(s) for error details)
    shell:
        
        mkdir -p "sharks/HydCol/MSMC/ROH_Negative_Mask"
        python /rds/project/rds-p67MZilb2eQ/projects/VGP/heterozygosity/20250528_ROH_Masker.py sharks HydCol CM068777.1 sharks/HydCol/20250410_CM068777.1_ROH_Results.txt
        gzip sharks/HydCol/MSMC/ROH_Negative_Mask/HydCol_CM068777.1_ROH_Mask.bed
        
        (one of the commands exited with non-zero exit code; note that snakemake uses bash strict mode!)
    external_jobid: 10064016

[Thu May 29 09:58:57 2025]
Error in rule GEN_ROH_NEGATIVE_MASK:
    message: SLURM-job '10064017' failed, SLURM status is: 'FAILED'. For further error details see the cluster/cloud log and the log files of the involved rule(s).
    jobid: 287
    input: sharks/HydCol/20250410_CM068770.1_ROH_Results.txt
    output: sharks/HydCol/MSMC/ROH_Negative_Mask/HydCol_CM068770.1_ROH_Mask.bed.gz
    log: /rds/project/rds-p67MZilb2eQ/projects/VGP/heterozygosity/.snakemake/slurm_logs/rule_GEN_ROH_NEGATIVE_MASK/sharks_HydCol_CM068770.1/10064017.log (check log file(s) for error details)
    shell:
        
        mkdir -p "sharks/HydCol/MSMC/ROH_Negative_Mask"
        python /rds/project/rds-p67MZilb2eQ/projects/VGP/heterozygosity/20250528_ROH_Masker.py sharks HydCol CM068770.1 sharks/HydCol/20250410_CM068770.1_ROH_Results.txt
        gzip sharks/HydCol/MSMC/ROH_Negative_Mask/HydCol_CM068770.1_ROH_Mask.bed
        
        (one of the commands exited with non-zero exit code; note that snakemake uses bash strict mode!)
    external_jobid: 10064017

[Thu May 29 09:58:57 2025]
Error in rule GEN_ROH_NEGATIVE_MASK:
    message: SLURM-job '10064019' failed, SLURM status is: 'FAILED'. For further error details see the cluster/cloud log and the log files of the involved rule(s).
    jobid: 274
    input: sharks/HydCol/20250410_CM068757.1_ROH_Results.txt
    output: sharks/HydCol/MSMC/ROH_Negative_Mask/HydCol_CM068757.1_ROH_Mask.bed.gz
    log: /rds/project/rds-p67MZilb2eQ/projects/VGP/heterozygosity/.snakemake/slurm_logs/rule_GEN_ROH_NEGATIVE_MASK/sharks_HydCol_CM068757.1/10064019.log (check log file(s) for error details)
    shell:
        
        mkdir -p "sharks/HydCol/MSMC/ROH_Negative_Mask"
        python /rds/project/rds-p67MZilb2eQ/projects/VGP/heterozygosity/20250528_ROH_Masker.py sharks HydCol CM068757.1 sharks/HydCol/20250410_CM068757.1_ROH_Results.txt
        gzip sharks/HydCol/MSMC/ROH_Negative_Mask/HydCol_CM068757.1_ROH_Mask.bed
        
        (one of the commands exited with non-zero exit code; note that snakemake uses bash strict mode!)
    external_jobid: 10064019

[Thu May 29 09:58:57 2025]
Error in rule GEN_ROH_NEGATIVE_MASK:
    message: SLURM-job '10064020' failed, SLURM status is: 'FAILED'. For further error details see the cluster/cloud log and the log files of the involved rule(s).
    jobid: 267
    input: sharks/HydCol/20250410_CM068750.1_ROH_Results.txt
    output: sharks/HydCol/MSMC/ROH_Negative_Mask/HydCol_CM068750.1_ROH_Mask.bed.gz
    log: /rds/project/rds-p67MZilb2eQ/projects/VGP/heterozygosity/.snakemake/slurm_logs/rule_GEN_ROH_NEGATIVE_MASK/sharks_HydCol_CM068750.1/10064020.log (check log file(s) for error details)
    shell:
        
        mkdir -p "sharks/HydCol/MSMC/ROH_Negative_Mask"
        python /rds/project/rds-p67MZilb2eQ/projects/VGP/heterozygosity/20250528_ROH_Masker.py sharks HydCol CM068750.1 sharks/HydCol/20250410_CM068750.1_ROH_Results.txt
        gzip sharks/HydCol/MSMC/ROH_Negative_Mask/HydCol_CM068750.1_ROH_Mask.bed
        
        (one of the commands exited with non-zero exit code; note that snakemake uses bash strict mode!)
    external_jobid: 10064020

[Thu May 29 09:58:57 2025]
Error in rule GEN_ROH_NEGATIVE_MASK:
    message: SLURM-job '10064021' failed, SLURM status is: 'FAILED'. For further error details see the cluster/cloud log and the log files of the involved rule(s).
    jobid: 260
    input: sharks/HydCol/20250410_CM068743.1_ROH_Results.txt
    output: sharks/HydCol/MSMC/ROH_Negative_Mask/HydCol_CM068743.1_ROH_Mask.bed.gz
    log: /rds/project/rds-p67MZilb2eQ/projects/VGP/heterozygosity/.snakemake/slurm_logs/rule_GEN_ROH_NEGATIVE_MASK/sharks_HydCol_CM068743.1/10064021.log (check log file(s) for error details)
    shell:
        
        mkdir -p "sharks/HydCol/MSMC/ROH_Negative_Mask"
        python /rds/project/rds-p67MZilb2eQ/projects/VGP/heterozygosity/20250528_ROH_Masker.py sharks HydCol CM068743.1 sharks/HydCol/20250410_CM068743.1_ROH_Results.txt
        gzip sharks/HydCol/MSMC/ROH_Negative_Mask/HydCol_CM068743.1_ROH_Mask.bed
        
        (one of the commands exited with non-zero exit code; note that snakemake uses bash strict mode!)
    external_jobid: 10064021

[Thu May 29 09:59:28 2025]
Error in rule GEN_ROH_NEGATIVE_MASK:
    message: SLURM-job '10064069' failed, SLURM status is: 'FAILED'. For further error details see the cluster/cloud log and the log files of the involved rule(s).
    jobid: 278
    input: sharks/HydCol/20250410_CM068761.1_ROH_Results.txt
    output: sharks/HydCol/MSMC/ROH_Negative_Mask/HydCol_CM068761.1_ROH_Mask.bed.gz
    log: /rds/project/rds-p67MZilb2eQ/projects/VGP/heterozygosity/.snakemake/slurm_logs/rule_GEN_ROH_NEGATIVE_MASK/sharks_HydCol_CM068761.1/10064069.log (check log file(s) for error details)
    shell:
        
        mkdir -p "sharks/HydCol/MSMC/ROH_Negative_Mask"
        python /rds/project/rds-p67MZilb2eQ/projects/VGP/heterozygosity/20250528_ROH_Masker.py sharks HydCol CM068761.1 sharks/HydCol/20250410_CM068761.1_ROH_Results.txt
        gzip sharks/HydCol/MSMC/ROH_Negative_Mask/HydCol_CM068761.1_ROH_Mask.bed
        
        (one of the commands exited with non-zero exit code; note that snakemake uses bash strict mode!)
    external_jobid: 10064069

[Thu May 29 09:59:28 2025]
Error in rule GEN_ROH_NEGATIVE_MASK:
    message: SLURM-job '10064078' failed, SLURM status is: 'FAILED'. For further error details see the cluster/cloud log and the log files of the involved rule(s).
    jobid: 271
    input: sharks/HydCol/20250410_CM068754.1_ROH_Results.txt
    output: sharks/HydCol/MSMC/ROH_Negative_Mask/HydCol_CM068754.1_ROH_Mask.bed.gz
    log: /rds/project/rds-p67MZilb2eQ/projects/VGP/heterozygosity/.snakemake/slurm_logs/rule_GEN_ROH_NEGATIVE_MASK/sharks_HydCol_CM068754.1/10064078.log (check log file(s) for error details)
    shell:
        
        mkdir -p "sharks/HydCol/MSMC/ROH_Negative_Mask"
        python /rds/project/rds-p67MZilb2eQ/projects/VGP/heterozygosity/20250528_ROH_Masker.py sharks HydCol CM068754.1 sharks/HydCol/20250410_CM068754.1_ROH_Results.txt
        gzip sharks/HydCol/MSMC/ROH_Negative_Mask/HydCol_CM068754.1_ROH_Mask.bed
        
        (one of the commands exited with non-zero exit code; note that snakemake uses bash strict mode!)
    external_jobid: 10064078

[Thu May 29 09:59:28 2025]
Error in rule GEN_ROH_NEGATIVE_MASK:
    message: SLURM-job '10064080' failed, SLURM status is: 'FAILED'. For further error details see the cluster/cloud log and the log files of the involved rule(s).
    jobid: 295
    input: sharks/HydCol/20250410_CM068778.1_ROH_Results.txt
    output: sharks/HydCol/MSMC/ROH_Negative_Mask/HydCol_CM068778.1_ROH_Mask.bed.gz
    log: /rds/project/rds-p67MZilb2eQ/projects/VGP/heterozygosity/.snakemake/slurm_logs/rule_GEN_ROH_NEGATIVE_MASK/sharks_HydCol_CM068778.1/10064080.log (check log file(s) for error details)
    shell:
        
        mkdir -p "sharks/HydCol/MSMC/ROH_Negative_Mask"
        python /rds/project/rds-p67MZilb2eQ/projects/VGP/heterozygosity/20250528_ROH_Masker.py sharks HydCol CM068778.1 sharks/HydCol/20250410_CM068778.1_ROH_Results.txt
        gzip sharks/HydCol/MSMC/ROH_Negative_Mask/HydCol_CM068778.1_ROH_Mask.bed
        
        (one of the commands exited with non-zero exit code; note that snakemake uses bash strict mode!)
    external_jobid: 10064080

[Thu May 29 09:59:28 2025]
Error in rule GEN_ROH_NEGATIVE_MASK:
    message: SLURM-job '10064083' failed, SLURM status is: 'FAILED'. For further error details see the cluster/cloud log and the log files of the involved rule(s).
    jobid: 264
    input: sharks/HydCol/20250410_CM068747.1_ROH_Results.txt
    output: sharks/HydCol/MSMC/ROH_Negative_Mask/HydCol_CM068747.1_ROH_Mask.bed.gz
    log: /rds/project/rds-p67MZilb2eQ/projects/VGP/heterozygosity/.snakemake/slurm_logs/rule_GEN_ROH_NEGATIVE_MASK/sharks_HydCol_CM068747.1/10064083.log (check log file(s) for error details)
    shell:
        
        mkdir -p "sharks/HydCol/MSMC/ROH_Negative_Mask"
        python /rds/project/rds-p67MZilb2eQ/projects/VGP/heterozygosity/20250528_ROH_Masker.py sharks HydCol CM068747.1 sharks/HydCol/20250410_CM068747.1_ROH_Results.txt
        gzip sharks/HydCol/MSMC/ROH_Negative_Mask/HydCol_CM068747.1_ROH_Mask.bed
        
        (one of the commands exited with non-zero exit code; note that snakemake uses bash strict mode!)
    external_jobid: 10064083

[Thu May 29 09:59:28 2025]
Error in rule GEN_ROH_NEGATIVE_MASK:
    message: SLURM-job '10064086' failed, SLURM status is: 'FAILED'. For further error details see the cluster/cloud log and the log files of the involved rule(s).
    jobid: 281
    input: sharks/HydCol/20250410_CM068764.1_ROH_Results.txt
    output: sharks/HydCol/MSMC/ROH_Negative_Mask/HydCol_CM068764.1_ROH_Mask.bed.gz
    log: /rds/project/rds-p67MZilb2eQ/projects/VGP/heterozygosity/.snakemake/slurm_logs/rule_GEN_ROH_NEGATIVE_MASK/sharks_HydCol_CM068764.1/10064086.log (check log file(s) for error details)
    shell:
        
        mkdir -p "sharks/HydCol/MSMC/ROH_Negative_Mask"
        python /rds/project/rds-p67MZilb2eQ/projects/VGP/heterozygosity/20250528_ROH_Masker.py sharks HydCol CM068764.1 sharks/HydCol/20250410_CM068764.1_ROH_Results.txt
        gzip sharks/HydCol/MSMC/ROH_Negative_Mask/HydCol_CM068764.1_ROH_Mask.bed
        
        (one of the commands exited with non-zero exit code; note that snakemake uses bash strict mode!)
    external_jobid: 10064086

[Thu May 29 09:59:28 2025]
Error in rule GEN_ROH_NEGATIVE_MASK:
    message: SLURM-job '10064088' failed, SLURM status is: 'FAILED'. For further error details see the cluster/cloud log and the log files of the involved rule(s).
    jobid: 292
    input: sharks/HydCol/20250410_CM068775.1_ROH_Results.txt
    output: sharks/HydCol/MSMC/ROH_Negative_Mask/HydCol_CM068775.1_ROH_Mask.bed.gz
    log: /rds/project/rds-p67MZilb2eQ/projects/VGP/heterozygosity/.snakemake/slurm_logs/rule_GEN_ROH_NEGATIVE_MASK/sharks_HydCol_CM068775.1/10064088.log (check log file(s) for error details)
    shell:
        
        mkdir -p "sharks/HydCol/MSMC/ROH_Negative_Mask"
        python /rds/project/rds-p67MZilb2eQ/projects/VGP/heterozygosity/20250528_ROH_Masker.py sharks HydCol CM068775.1 sharks/HydCol/20250410_CM068775.1_ROH_Results.txt
        gzip sharks/HydCol/MSMC/ROH_Negative_Mask/HydCol_CM068775.1_ROH_Mask.bed
        
        (one of the commands exited with non-zero exit code; note that snakemake uses bash strict mode!)
    external_jobid: 10064088

[Thu May 29 09:59:28 2025]
Error in rule GEN_ROH_NEGATIVE_MASK:
    message: SLURM-job '10064092' failed, SLURM status is: 'FAILED'. For further error details see the cluster/cloud log and the log files of the involved rule(s).
    jobid: 285
    input: sharks/HydCol/20250410_CM068768.1_ROH_Results.txt
    output: sharks/HydCol/MSMC/ROH_Negative_Mask/HydCol_CM068768.1_ROH_Mask.bed.gz
    log: /rds/project/rds-p67MZilb2eQ/projects/VGP/heterozygosity/.snakemake/slurm_logs/rule_GEN_ROH_NEGATIVE_MASK/sharks_HydCol_CM068768.1/10064092.log (check log file(s) for error details)
    shell:
        
        mkdir -p "sharks/HydCol/MSMC/ROH_Negative_Mask"
        python /rds/project/rds-p67MZilb2eQ/projects/VGP/heterozygosity/20250528_ROH_Masker.py sharks HydCol CM068768.1 sharks/HydCol/20250410_CM068768.1_ROH_Results.txt
        gzip sharks/HydCol/MSMC/ROH_Negative_Mask/HydCol_CM068768.1_ROH_Mask.bed
        
        (one of the commands exited with non-zero exit code; note that snakemake uses bash strict mode!)
    external_jobid: 10064092

[Thu May 29 09:59:28 2025]
Error in rule GEN_ROH_NEGATIVE_MASK:
    message: SLURM-job '10064094' failed, SLURM status is: 'FAILED'. For further error details see the cluster/cloud log and the log files of the involved rule(s).
    jobid: 279
    input: sharks/HydCol/20250410_CM068762.1_ROH_Results.txt
    output: sharks/HydCol/MSMC/ROH_Negative_Mask/HydCol_CM068762.1_ROH_Mask.bed.gz
    log: /rds/project/rds-p67MZilb2eQ/projects/VGP/heterozygosity/.snakemake/slurm_logs/rule_GEN_ROH_NEGATIVE_MASK/sharks_HydCol_CM068762.1/10064094.log (check log file(s) for error details)
    shell:
        
        mkdir -p "sharks/HydCol/MSMC/ROH_Negative_Mask"
        python /rds/project/rds-p67MZilb2eQ/projects/VGP/heterozygosity/20250528_ROH_Masker.py sharks HydCol CM068762.1 sharks/HydCol/20250410_CM068762.1_ROH_Results.txt
        gzip sharks/HydCol/MSMC/ROH_Negative_Mask/HydCol_CM068762.1_ROH_Mask.bed
        
        (one of the commands exited with non-zero exit code; note that snakemake uses bash strict mode!)
    external_jobid: 10064094

[Thu May 29 09:59:28 2025]
Error in rule GEN_ROH_NEGATIVE_MASK:
    message: SLURM-job '10064097' failed, SLURM status is: 'FAILED'. For further error details see the cluster/cloud log and the log files of the involved rule(s).
    jobid: 291
    input: sharks/HydCol/20250410_CM068774.1_ROH_Results.txt
    output: sharks/HydCol/MSMC/ROH_Negative_Mask/HydCol_CM068774.1_ROH_Mask.bed.gz
    log: /rds/project/rds-p67MZilb2eQ/projects/VGP/heterozygosity/.snakemake/slurm_logs/rule_GEN_ROH_NEGATIVE_MASK/sharks_HydCol_CM068774.1/10064097.log (check log file(s) for error details)
    shell:
        
        mkdir -p "sharks/HydCol/MSMC/ROH_Negative_Mask"
        python /rds/project/rds-p67MZilb2eQ/projects/VGP/heterozygosity/20250528_ROH_Masker.py sharks HydCol CM068774.1 sharks/HydCol/20250410_CM068774.1_ROH_Results.txt
        gzip sharks/HydCol/MSMC/ROH_Negative_Mask/HydCol_CM068774.1_ROH_Mask.bed
        
        (one of the commands exited with non-zero exit code; note that snakemake uses bash strict mode!)
    external_jobid: 10064097

[Thu May 29 09:59:28 2025]
Error in rule GEN_ROH_NEGATIVE_MASK:
    message: SLURM-job '10064100' failed, SLURM status is: 'FAILED'. For further error details see the cluster/cloud log and the log files of the involved rule(s).
    jobid: 284
    input: sharks/HydCol/20250410_CM068767.1_ROH_Results.txt
    output: sharks/HydCol/MSMC/ROH_Negative_Mask/HydCol_CM068767.1_ROH_Mask.bed.gz
    log: /rds/project/rds-p67MZilb2eQ/projects/VGP/heterozygosity/.snakemake/slurm_logs/rule_GEN_ROH_NEGATIVE_MASK/sharks_HydCol_CM068767.1/10064100.log (check log file(s) for error details)
    shell:
        
        mkdir -p "sharks/HydCol/MSMC/ROH_Negative_Mask"
        python /rds/project/rds-p67MZilb2eQ/projects/VGP/heterozygosity/20250528_ROH_Masker.py sharks HydCol CM068767.1 sharks/HydCol/20250410_CM068767.1_ROH_Results.txt
        gzip sharks/HydCol/MSMC/ROH_Negative_Mask/HydCol_CM068767.1_ROH_Mask.bed
        
        (one of the commands exited with non-zero exit code; note that snakemake uses bash strict mode!)
    external_jobid: 10064100

Exiting because a job execution failed. Look above for error message
Complete log: .snakemake/log/2025-05-29T095755.419754.snakemake.log
WorkflowError:
At least one job did not complete successfully.
