host: login-p-3
Building DAG of jobs...
Using shell: /usr/bin/bash
Provided cores: 56
Rules claiming more threads will be scaled down.
Job stats:
job                 count
----------------  -------
PLOT_HET_PER_CHR       46
PLOT_WHOLE_HET          1
all                     1
total                  48

Select jobs to execute...
Execute 47 jobs...

[Thu Apr 24 12:25:12 2025]
localrule PLOT_HET_PER_CHR:
    input: sharks/HepPer/HepPer_Het_Compiled.tsv
    output: sharks/HepPer/20250422_HepPer_CM068656.1_Het_Map.svg
    jobid: 267
    reason: Missing output files: sharks/HepPer/20250422_HepPer_CM068656.1_Het_Map.svg; Code has changed since last execution
    wildcards: CLADE=sharks, SPEC_NAME=HepPer, TODAY_DATE=20250422, CHR=CM068656.1
    resources: tmpdir=/tmp

RuleException:
CalledProcessError in file /rds/project/rds-p67MZilb2eQ/projects/VGP/heterozygosity/Snakefile, line 493:
Command 'set -euo pipefail;  
        while read -r line; do
            test="$s"
            echo "$test"
        done < <(head -n 45 "sharks/HepPer/HepPer_Het_Compiled.tsv")' returned non-zero exit status 1.
[Thu Apr 24 12:25:12 2025]

Error in rule PLOT_HET_PER_CHR:
    jobid: 267
    input: sharks/HepPer/HepPer_Het_Compiled.tsv
    output: sharks/HepPer/20250422_HepPer_CM068656.1_Het_Map.svg
    shell:
        
        while read -r line; do
            test="$s"
            echo "$test"
        done < <(head -n 45 "sharks/HepPer/HepPer_Het_Compiled.tsv") 
        
        (one of the commands exited with non-zero exit code; note that snakemake uses bash strict mode!)

[Thu Apr 24 12:25:12 2025]
localrule PLOT_HET_PER_CHR:
    input: sharks/HepPer/HepPer_Het_Compiled.tsv
    output: sharks/HepPer/20250422_HepPer_CM068649.1_Het_Map.svg
    jobid: 260
    reason: Missing output files: sharks/HepPer/20250422_HepPer_CM068649.1_Het_Map.svg; Code has changed since last execution
    wildcards: CLADE=sharks, SPEC_NAME=HepPer, TODAY_DATE=20250422, CHR=CM068649.1
    resources: tmpdir=/tmp

RuleException:
CalledProcessError in file /rds/project/rds-p67MZilb2eQ/projects/VGP/heterozygosity/Snakefile, line 493:
Command 'set -euo pipefail;  
        while read -r line; do
            test="$s"
            echo "$test"
        done < <(head -n 45 "sharks/HepPer/HepPer_Het_Compiled.tsv")' returned non-zero exit status 1.
[Thu Apr 24 12:25:12 2025]
Error in rule PLOT_HET_PER_CHR:
    jobid: 260
    input: sharks/HepPer/HepPer_Het_Compiled.tsv
    output: sharks/HepPer/20250422_HepPer_CM068649.1_Het_Map.svg
    shell:
        
        while read -r line; do
            test="$s"
            echo "$test"
        done < <(head -n 45 "sharks/HepPer/HepPer_Het_Compiled.tsv") 
        
        (one of the commands exited with non-zero exit code; note that snakemake uses bash strict mode!)


[Thu Apr 24 12:25:12 2025]
localrule PLOT_HET_PER_CHR:
    input: sharks/HepPer/HepPer_Het_Compiled.tsv
    output: sharks/HepPer/20250422_HepPer_CM068642.1_Het_Map.svg
    jobid: 253
    reason: Missing output files: sharks/HepPer/20250422_HepPer_CM068642.1_Het_Map.svg; Code has changed since last execution
    wildcards: CLADE=sharks, SPEC_NAME=HepPer, TODAY_DATE=20250422, CHR=CM068642.1
    resources: tmpdir=/tmp


[Thu Apr 24 12:25:12 2025]
localrule PLOT_HET_PER_CHR:
    input: sharks/HepPer/HepPer_Het_Compiled.tsv
    output: sharks/HepPer/20250422_HepPer_CM068678.1_Het_Map.svg
    jobid: 289
    reason: Missing output files: sharks/HepPer/20250422_HepPer_CM068678.1_Het_Map.svg; Code has changed since last execution
    wildcards: CLADE=sharks, SPEC_NAME=HepPer, TODAY_DATE=20250422, CHR=CM068678.1
    resources: tmpdir=/tmp

RuleException:
CalledProcessError in file /rds/project/rds-p67MZilb2eQ/projects/VGP/heterozygosity/Snakefile, line 493:
Command 'set -euo pipefail;  
        while read -r line; do
            test="$s"
            echo "$test"
        done < <(head -n 45 "sharks/HepPer/HepPer_Het_Compiled.tsv")' returned non-zero exit status 1.
[Thu Apr 24 12:25:12 2025]
Error in rule PLOT_HET_PER_CHR:
    jobid: 253
    input: sharks/HepPer/HepPer_Het_Compiled.tsv
    output: sharks/HepPer/20250422_HepPer_CM068642.1_Het_Map.svg
    shell:
        
        while read -r line; do
            test="$s"
            echo "$test"
        done < <(head -n 45 "sharks/HepPer/HepPer_Het_Compiled.tsv") 
        
        (one of the commands exited with non-zero exit code; note that snakemake uses bash strict mode!)


RuleException:
CalledProcessError in file /rds/project/rds-p67MZilb2eQ/projects/VGP/heterozygosity/Snakefile, line 493:
Command 'set -euo pipefail;  
        while read -r line; do
            test="$s"
            echo "$test"
        done < <(head -n 45 "sharks/HepPer/HepPer_Het_Compiled.tsv")' returned non-zero exit status 1.
[Thu Apr 24 12:25:12 2025]
[Thu Apr 24 12:25:12 2025]
localrule PLOT_HET_PER_CHR:
    input: sharks/HepPer/HepPer_Het_Compiled.tsv
    output: sharks/HepPer/20250422_HepPer_CM068671.1_Het_Map.svg
    jobid: 282
    reason: Missing output files: sharks/HepPer/20250422_HepPer_CM068671.1_Het_Map.svg; Code has changed since last execution
    wildcards: CLADE=sharks, SPEC_NAME=HepPer, TODAY_DATE=20250422, CHR=CM068671.1
    resources: tmpdir=/tmp
Error in rule PLOT_HET_PER_CHR:
    jobid: 289
    input: sharks/HepPer/HepPer_Het_Compiled.tsv
    output: sharks/HepPer/20250422_HepPer_CM068678.1_Het_Map.svg
    shell:
        
        while read -r line; do
            test="$s"
            echo "$test"
        done < <(head -n 45 "sharks/HepPer/HepPer_Het_Compiled.tsv") 
        
        (one of the commands exited with non-zero exit code; note that snakemake uses bash strict mode!)


RuleException:
CalledProcessError in file /rds/project/rds-p67MZilb2eQ/projects/VGP/heterozygosity/Snakefile, line 493:
Command 'set -euo pipefail;  
        while read -r line; do
            test="$s"
            echo "$test"
        done < <(head -n 45 "sharks/HepPer/HepPer_Het_Compiled.tsv")' returned non-zero exit status 1.
[Thu Apr 24 12:25:12 2025]

Error in rule PLOT_HET_PER_CHR:
    jobid: 282
    input: sharks/HepPer/HepPer_Het_Compiled.tsv
    output: sharks/HepPer/20250422_HepPer_CM068671.1_Het_Map.svg
    shell:
        
        while read -r line; do
            test="$s"
            echo "$test"
        done < <(head -n 45 "sharks/HepPer/HepPer_Het_Compiled.tsv") 
        
        (one of the commands exited with non-zero exit code; note that snakemake uses bash strict mode!)

[Thu Apr 24 12:25:12 2025]
localrule PLOT_HET_PER_CHR:
    input: sharks/HepPer/HepPer_Het_Compiled.tsv
    output: sharks/HepPer/20250422_HepPer_CM068664.1_Het_Map.svg
    jobid: 275
    reason: Missing output files: sharks/HepPer/20250422_HepPer_CM068664.1_Het_Map.svg; Code has changed since last execution
    wildcards: CLADE=sharks, SPEC_NAME=HepPer, TODAY_DATE=20250422, CHR=CM068664.1
    resources: tmpdir=/tmp


[Thu Apr 24 12:25:12 2025]
localrule PLOT_HET_PER_CHR:
    input: sharks/HepPer/HepPer_Het_Compiled.tsv
    output: sharks/HepPer/20250422_HepPer_CM068657.1_Het_Map.svg
    jobid: 268
    reason: Missing output files: sharks/HepPer/20250422_HepPer_CM068657.1_Het_Map.svg; Code has changed since last execution
    wildcards: CLADE=sharks, SPEC_NAME=HepPer, TODAY_DATE=20250422, CHR=CM068657.1
    resources: tmpdir=/tmp


[Thu Apr 24 12:25:12 2025]
localrule PLOT_HET_PER_CHR:
    input: sharks/HepPer/HepPer_Het_Compiled.tsv
    output: sharks/HepPer/20250422_HepPer_CM068650.1_Het_Map.svg
    jobid: 261
    reason: Missing output files: sharks/HepPer/20250422_HepPer_CM068650.1_Het_Map.svg; Code has changed since last execution
    wildcards: CLADE=sharks, SPEC_NAME=HepPer, TODAY_DATE=20250422, CHR=CM068650.1
    resources: tmpdir=/tmp


RuleException:
CalledProcessError in file /rds/project/rds-p67MZilb2eQ/projects/VGP/heterozygosity/Snakefile, line 493:
Command 'set -euo pipefail;  
        while read -r line; do
            test="$s"
            echo "$test"
        done < <(head -n 45 "sharks/HepPer/HepPer_Het_Compiled.tsv")' returned non-zero exit status 1.
[Thu Apr 24 12:25:12 2025]
[Thu Apr 24 12:25:12 2025]
localrule PLOT_HET_PER_CHR:
    input: sharks/HepPer/HepPer_Het_Compiled.tsv
    output: sharks/HepPer/20250422_HepPer_CM068643.1_Het_Map.svg
    jobid: 254
    reason: Missing output files: sharks/HepPer/20250422_HepPer_CM068643.1_Het_Map.svg; Code has changed since last execution
    wildcards: CLADE=sharks, SPEC_NAME=HepPer, TODAY_DATE=20250422, CHR=CM068643.1
    resources: tmpdir=/tmp
Error in rule PLOT_HET_PER_CHR:
    jobid: 275
    input: sharks/HepPer/HepPer_Het_Compiled.tsv
    output: sharks/HepPer/20250422_HepPer_CM068664.1_Het_Map.svg
    shell:
        
        while read -r line; do
            test="$s"
            echo "$test"
        done < <(head -n 45 "sharks/HepPer/HepPer_Het_Compiled.tsv") 
        
        (one of the commands exited with non-zero exit code; note that snakemake uses bash strict mode!)



[Thu Apr 24 12:25:12 2025]
RuleException:
CalledProcessError in file /rds/project/rds-p67MZilb2eQ/projects/VGP/heterozygosity/Snakefile, line 493:
Command 'set -euo pipefail;  
        while read -r line; do
            test="$s"
            echo "$test"
        done < <(head -n 45 "sharks/HepPer/HepPer_Het_Compiled.tsv")' returned non-zero exit status 1.
localrule PLOT_HET_PER_CHR:
    input: sharks/HepPer/HepPer_Het_Compiled.tsv
    output: sharks/HepPer/20250422_HepPer_CM068637.1_Het_Map.svg
    jobid: 248
    reason: Missing output files: sharks/HepPer/20250422_HepPer_CM068637.1_Het_Map.svg; Code has changed since last execution
    wildcards: CLADE=sharks, SPEC_NAME=HepPer, TODAY_DATE=20250422, CHR=CM068637.1
    resources: tmpdir=/tmp
[Thu Apr 24 12:25:12 2025]

Error in rule PLOT_HET_PER_CHR:
    jobid: 261
    input: sharks/HepPer/HepPer_Het_Compiled.tsv
    output: sharks/HepPer/20250422_HepPer_CM068650.1_Het_Map.svg
    shell:
        
        while read -r line; do
            test="$s"
            echo "$test"
        done < <(head -n 45 "sharks/HepPer/HepPer_Het_Compiled.tsv") 
        
        (one of the commands exited with non-zero exit code; note that snakemake uses bash strict mode!)

RuleException:
CalledProcessError in file /rds/project/rds-p67MZilb2eQ/projects/VGP/heterozygosity/Snakefile, line 493:
Command 'set -euo pipefail;  
        while read -r line; do
            test="$s"
            echo "$test"
        done < <(head -n 45 "sharks/HepPer/HepPer_Het_Compiled.tsv")' returned non-zero exit status 1.
[Thu Apr 24 12:25:12 2025]
Error in rule PLOT_HET_PER_CHR:
    jobid: 268
    input: sharks/HepPer/HepPer_Het_Compiled.tsv
    output: sharks/HepPer/20250422_HepPer_CM068657.1_Het_Map.svg
    shell:
        
        while read -r line; do
            test="$s"
            echo "$test"
        done < <(head -n 45 "sharks/HepPer/HepPer_Het_Compiled.tsv") 
        
        (one of the commands exited with non-zero exit code; note that snakemake uses bash strict mode!)


[Thu Apr 24 12:25:12 2025]
localrule PLOT_HET_PER_CHR:
    input: sharks/HepPer/HepPer_Het_Compiled.tsv
    output: sharks/HepPer/20250422_HepPer_CM068679.1_Het_Map.svg
    jobid: 290
    reason: Missing output files: sharks/HepPer/20250422_HepPer_CM068679.1_Het_Map.svg; Code has changed since last execution
    wildcards: CLADE=sharks, SPEC_NAME=HepPer, TODAY_DATE=20250422, CHR=CM068679.1
    resources: tmpdir=/tmp

RuleException:
CalledProcessError in file /rds/project/rds-p67MZilb2eQ/projects/VGP/heterozygosity/Snakefile, line 493:
Command 'set -euo pipefail;  
        while read -r line; do
            test="$s"
            echo "$test"
        done < <(head -n 45 "sharks/HepPer/HepPer_Het_Compiled.tsv")' returned non-zero exit status 1.
[Thu Apr 24 12:25:12 2025]
Error in rule PLOT_HET_PER_CHR:
    jobid: 254
    input: sharks/HepPer/HepPer_Het_Compiled.tsv
    output: sharks/HepPer/20250422_HepPer_CM068643.1_Het_Map.svg
    shell:
        
        while read -r line; do
            test="$s"
            echo "$test"
        done < <(head -n 45 "sharks/HepPer/HepPer_Het_Compiled.tsv") 
        
        (one of the commands exited with non-zero exit code; note that snakemake uses bash strict mode!)


[Thu Apr 24 12:25:12 2025]
localrule PLOT_HET_PER_CHR:
    input: sharks/HepPer/HepPer_Het_Compiled.tsv
    output: sharks/HepPer/20250422_HepPer_CM068672.1_Het_Map.svg
    jobid: 283
    reason: Missing output files: sharks/HepPer/20250422_HepPer_CM068672.1_Het_Map.svg; Code has changed since last execution
    wildcards: CLADE=sharks, SPEC_NAME=HepPer, TODAY_DATE=20250422, CHR=CM068672.1
    resources: tmpdir=/tmp

RuleException:
CalledProcessError in file /rds/project/rds-p67MZilb2eQ/projects/VGP/heterozygosity/Snakefile, line 493:
Command 'set -euo pipefail;  
        while read -r line; do
            test="$s"
            echo "$test"
        done < <(head -n 45 "sharks/HepPer/HepPer_Het_Compiled.tsv")' returned non-zero exit status 1.
[Thu Apr 24 12:25:12 2025]
Error in rule PLOT_HET_PER_CHR:
    jobid: 248
    input: sharks/HepPer/HepPer_Het_Compiled.tsv
    output: sharks/HepPer/20250422_HepPer_CM068637.1_Het_Map.svg
    shell:
        
        while read -r line; do
            test="$s"
            echo "$test"
        done < <(head -n 45 "sharks/HepPer/HepPer_Het_Compiled.tsv") 
        
        (one of the commands exited with non-zero exit code; note that snakemake uses bash strict mode!)

RuleException:
CalledProcessError in file /rds/project/rds-p67MZilb2eQ/projects/VGP/heterozygosity/Snakefile, line 493:
Command 'set -euo pipefail;  
        while read -r line; do
            test="$s"
            echo "$test"
        done < <(head -n 45 "sharks/HepPer/HepPer_Het_Compiled.tsv")' returned non-zero exit status 1.
[Thu Apr 24 12:25:12 2025]
Error in rule PLOT_HET_PER_CHR:
    jobid: 290
    input: sharks/HepPer/HepPer_Het_Compiled.tsv
    output: sharks/HepPer/20250422_HepPer_CM068679.1_Het_Map.svg
    shell:
        
        while read -r line; do
            test="$s"
            echo "$test"
        done < <(head -n 45 "sharks/HepPer/HepPer_Het_Compiled.tsv") 
        
        (one of the commands exited with non-zero exit code; note that snakemake uses bash strict mode!)


[Thu Apr 24 12:25:12 2025]
localrule PLOT_HET_PER_CHR:
    input: sharks/HepPer/HepPer_Het_Compiled.tsv
    output: sharks/HepPer/20250422_HepPer_CM068665.1_Het_Map.svg
    jobid: 276
    reason: Missing output files: sharks/HepPer/20250422_HepPer_CM068665.1_Het_Map.svg; Code has changed since last execution
    wildcards: CLADE=sharks, SPEC_NAME=HepPer, TODAY_DATE=20250422, CHR=CM068665.1
    resources: tmpdir=/tmp

RuleException:
CalledProcessError in file /rds/project/rds-p67MZilb2eQ/projects/VGP/heterozygosity/Snakefile, line 493:
Command 'set -euo pipefail;  
        while read -r line; do
            test="$s"
            echo "$test"
        done < <(head -n 45 "sharks/HepPer/HepPer_Het_Compiled.tsv")' returned non-zero exit status 1.
[Thu Apr 24 12:25:12 2025]
Error in rule PLOT_HET_PER_CHR:
    jobid: 283
    input: sharks/HepPer/HepPer_Het_Compiled.tsv
    output: sharks/HepPer/20250422_HepPer_CM068672.1_Het_Map.svg
    shell:
        
        while read -r line; do
            test="$s"
            echo "$test"
        done < <(head -n 45 "sharks/HepPer/HepPer_Het_Compiled.tsv") 
        
        (one of the commands exited with non-zero exit code; note that snakemake uses bash strict mode!)


[Thu Apr 24 12:25:12 2025]
localrule PLOT_HET_PER_CHR:
    input: sharks/HepPer/HepPer_Het_Compiled.tsv
    output: sharks/HepPer/20250422_HepPer_CM068658.1_Het_Map.svg
    jobid: 269
    reason: Missing output files: sharks/HepPer/20250422_HepPer_CM068658.1_Het_Map.svg; Code has changed since last execution
    wildcards: CLADE=sharks, SPEC_NAME=HepPer, TODAY_DATE=20250422, CHR=CM068658.1
    resources: tmpdir=/tmp


[Thu Apr 24 12:25:12 2025]
localrule PLOT_HET_PER_CHR:
    input: sharks/HepPer/HepPer_Het_Compiled.tsv
    output: sharks/HepPer/20250422_HepPer_CM068651.1_Het_Map.svg
    jobid: 262
    reason: Missing output files: sharks/HepPer/20250422_HepPer_CM068651.1_Het_Map.svg; Code has changed since last execution
    wildcards: CLADE=sharks, SPEC_NAME=HepPer, TODAY_DATE=20250422, CHR=CM068651.1
    resources: tmpdir=/tmp

RuleException:
CalledProcessError in file /rds/project/rds-p67MZilb2eQ/projects/VGP/heterozygosity/Snakefile, line 493:
Command 'set -euo pipefail;  
        while read -r line; do
            test="$s"
            echo "$test"
        done < <(head -n 45 "sharks/HepPer/HepPer_Het_Compiled.tsv")' returned non-zero exit status 1.
[Thu Apr 24 12:25:12 2025]
Error in rule PLOT_HET_PER_CHR:
    jobid: 276
    input: sharks/HepPer/HepPer_Het_Compiled.tsv
    output: sharks/HepPer/20250422_HepPer_CM068665.1_Het_Map.svg
    shell:
        
        while read -r line; do
            test="$s"
            echo "$test"
        done < <(head -n 45 "sharks/HepPer/HepPer_Het_Compiled.tsv") 
        
        (one of the commands exited with non-zero exit code; note that snakemake uses bash strict mode!)

RuleException:
CalledProcessError in file /rds/project/rds-p67MZilb2eQ/projects/VGP/heterozygosity/Snakefile, line 493:
Command 'set -euo pipefail;  
        while read -r line; do
            test="$s"
            echo "$test"
        done < <(head -n 45 "sharks/HepPer/HepPer_Het_Compiled.tsv")' returned non-zero exit status 1.
[Thu Apr 24 12:25:12 2025]
Error in rule PLOT_HET_PER_CHR:
    jobid: 269
    input: sharks/HepPer/HepPer_Het_Compiled.tsv
    output: sharks/HepPer/20250422_HepPer_CM068658.1_Het_Map.svg
    shell:
        
        while read -r line; do
            test="$s"
            echo "$test"
        done < <(head -n 45 "sharks/HepPer/HepPer_Het_Compiled.tsv") 
        
        (one of the commands exited with non-zero exit code; note that snakemake uses bash strict mode!)

RuleException:
CalledProcessError in file /rds/project/rds-p67MZilb2eQ/projects/VGP/heterozygosity/Snakefile, line 493:
Command 'set -euo pipefail;  
        while read -r line; do
            test="$s"
            echo "$test"
        done < <(head -n 45 "sharks/HepPer/HepPer_Het_Compiled.tsv")' returned non-zero exit status 1.
[Thu Apr 24 12:25:12 2025]
Error in rule PLOT_HET_PER_CHR:
    jobid: 262
    input: sharks/HepPer/HepPer_Het_Compiled.tsv
    output: sharks/HepPer/20250422_HepPer_CM068651.1_Het_Map.svg
    shell:
        
        while read -r line; do
            test="$s"
            echo "$test"
        done < <(head -n 45 "sharks/HepPer/HepPer_Het_Compiled.tsv") 
        
        (one of the commands exited with non-zero exit code; note that snakemake uses bash strict mode!)


[Thu Apr 24 12:25:12 2025]
localrule PLOT_HET_PER_CHR:
    input: sharks/HepPer/HepPer_Het_Compiled.tsv
    output: sharks/HepPer/20250422_HepPer_CM068644.1_Het_Map.svg
    jobid: 255
    reason: Missing output files: sharks/HepPer/20250422_HepPer_CM068644.1_Het_Map.svg; Code has changed since last execution
    wildcards: CLADE=sharks, SPEC_NAME=HepPer, TODAY_DATE=20250422, CHR=CM068644.1
    resources: tmpdir=/tmp

RuleException:
CalledProcessError in file /rds/project/rds-p67MZilb2eQ/projects/VGP/heterozygosity/Snakefile, line 493:
Command 'set -euo pipefail;  
        while read -r line; do
            test="$s"
            echo "$test"
        done < <(head -n 45 "sharks/HepPer/HepPer_Het_Compiled.tsv")' returned non-zero exit status 1.
[Thu Apr 24 12:25:12 2025]
Error in rule PLOT_HET_PER_CHR:
    jobid: 255
    input: sharks/HepPer/HepPer_Het_Compiled.tsv
    output: sharks/HepPer/20250422_HepPer_CM068644.1_Het_Map.svg
    shell:
        
        while read -r line; do
            test="$s"
            echo "$test"
        done < <(head -n 45 "sharks/HepPer/HepPer_Het_Compiled.tsv") 
        
        (one of the commands exited with non-zero exit code; note that snakemake uses bash strict mode!)


[Thu Apr 24 12:25:12 2025]
localrule PLOT_HET_PER_CHR:
    input: sharks/HepPer/HepPer_Het_Compiled.tsv
    output: sharks/HepPer/20250422_HepPer_CM068638.1_Het_Map.svg
    jobid: 249
    reason: Missing output files: sharks/HepPer/20250422_HepPer_CM068638.1_Het_Map.svg; Code has changed since last execution
    wildcards: CLADE=sharks, SPEC_NAME=HepPer, TODAY_DATE=20250422, CHR=CM068638.1
    resources: tmpdir=/tmp

RuleException:
CalledProcessError in file /rds/project/rds-p67MZilb2eQ/projects/VGP/heterozygosity/Snakefile, line 493:
Command 'set -euo pipefail;  
        while read -r line; do
            test="$s"
            echo "$test"
        done < <(head -n 45 "sharks/HepPer/HepPer_Het_Compiled.tsv")' returned non-zero exit status 1.
[Thu Apr 24 12:25:12 2025]
Error in rule PLOT_HET_PER_CHR:
    jobid: 249
    input: sharks/HepPer/HepPer_Het_Compiled.tsv
    output: sharks/HepPer/20250422_HepPer_CM068638.1_Het_Map.svg
    shell:
        
        while read -r line; do
            test="$s"
            echo "$test"
        done < <(head -n 45 "sharks/HepPer/HepPer_Het_Compiled.tsv") 
        
        (one of the commands exited with non-zero exit code; note that snakemake uses bash strict mode!)


[Thu Apr 24 12:25:12 2025]
localrule PLOT_HET_PER_CHR:
    input: sharks/HepPer/HepPer_Het_Compiled.tsv
    output: sharks/HepPer/20250422_HepPer_CM068680.1_Het_Map.svg
    jobid: 291
    reason: Missing output files: sharks/HepPer/20250422_HepPer_CM068680.1_Het_Map.svg; Code has changed since last execution
    wildcards: CLADE=sharks, SPEC_NAME=HepPer, TODAY_DATE=20250422, CHR=CM068680.1
    resources: tmpdir=/tmp

RuleException:
CalledProcessError in file /rds/project/rds-p67MZilb2eQ/projects/VGP/heterozygosity/Snakefile, line 493:
Command 'set -euo pipefail;  
        while read -r line; do
            test="$s"
            echo "$test"
        done < <(head -n 45 "sharks/HepPer/HepPer_Het_Compiled.tsv")' returned non-zero exit status 1.
[Thu Apr 24 12:25:12 2025]
Error in rule PLOT_HET_PER_CHR:
    jobid: 291
    input: sharks/HepPer/HepPer_Het_Compiled.tsv
    output: sharks/HepPer/20250422_HepPer_CM068680.1_Het_Map.svg
    shell:
        
        while read -r line; do
            test="$s"
            echo "$test"
        done < <(head -n 45 "sharks/HepPer/HepPer_Het_Compiled.tsv") 
        
        (one of the commands exited with non-zero exit code; note that snakemake uses bash strict mode!)


[Thu Apr 24 12:25:12 2025]
localrule PLOT_HET_PER_CHR:
    input: sharks/HepPer/HepPer_Het_Compiled.tsv
    output: sharks/HepPer/20250422_HepPer_CM068673.1_Het_Map.svg
    jobid: 284
    reason: Missing output files: sharks/HepPer/20250422_HepPer_CM068673.1_Het_Map.svg; Code has changed since last execution
    wildcards: CLADE=sharks, SPEC_NAME=HepPer, TODAY_DATE=20250422, CHR=CM068673.1
    resources: tmpdir=/tmp


[Thu Apr 24 12:25:12 2025]
localrule PLOT_HET_PER_CHR:
    input: sharks/HepPer/HepPer_Het_Compiled.tsv
    output: sharks/HepPer/20250422_HepPer_CM068666.1_Het_Map.svg
    jobid: 277
    reason: Missing output files: sharks/HepPer/20250422_HepPer_CM068666.1_Het_Map.svg; Code has changed since last execution
    wildcards: CLADE=sharks, SPEC_NAME=HepPer, TODAY_DATE=20250422, CHR=CM068666.1
    resources: tmpdir=/tmp

RuleException:
CalledProcessError in file /rds/project/rds-p67MZilb2eQ/projects/VGP/heterozygosity/Snakefile, line 493:
Command 'set -euo pipefail;  
        while read -r line; do
            test="$s"
            echo "$test"
        done < <(head -n 45 "sharks/HepPer/HepPer_Het_Compiled.tsv")' returned non-zero exit status 1.
[Thu Apr 24 12:25:12 2025]
Error in rule PLOT_HET_PER_CHR:
    jobid: 284
    input: sharks/HepPer/HepPer_Het_Compiled.tsv
    output: sharks/HepPer/20250422_HepPer_CM068673.1_Het_Map.svg
    shell:
        
        while read -r line; do
            test="$s"
            echo "$test"
        done < <(head -n 45 "sharks/HepPer/HepPer_Het_Compiled.tsv") 
        
        (one of the commands exited with non-zero exit code; note that snakemake uses bash strict mode!)


[Thu Apr 24 12:25:12 2025]
localrule PLOT_HET_PER_CHR:
    input: sharks/HepPer/HepPer_Het_Compiled.tsv
    output: sharks/HepPer/20250422_HepPer_CM068659.1_Het_Map.svg
    jobid: 270
    reason: Missing output files: sharks/HepPer/20250422_HepPer_CM068659.1_Het_Map.svg; Code has changed since last execution
    wildcards: CLADE=sharks, SPEC_NAME=HepPer, TODAY_DATE=20250422, CHR=CM068659.1
    resources: tmpdir=/tmp

RuleException:
CalledProcessError in file /rds/project/rds-p67MZilb2eQ/projects/VGP/heterozygosity/Snakefile, line 493:
Command 'set -euo pipefail;  
        while read -r line; do
            test="$s"
            echo "$test"
        done < <(head -n 45 "sharks/HepPer/HepPer_Het_Compiled.tsv")' returned non-zero exit status 1.
[Thu Apr 24 12:25:12 2025]
Error in rule PLOT_HET_PER_CHR:
    jobid: 277
    input: sharks/HepPer/HepPer_Het_Compiled.tsv
    output: sharks/HepPer/20250422_HepPer_CM068666.1_Het_Map.svg
    shell:
        
        while read -r line; do
            test="$s"
            echo "$test"
        done < <(head -n 45 "sharks/HepPer/HepPer_Het_Compiled.tsv") 
        
        (one of the commands exited with non-zero exit code; note that snakemake uses bash strict mode!)


[Thu Apr 24 12:25:12 2025]
localrule PLOT_HET_PER_CHR:
    input: sharks/HepPer/HepPer_Het_Compiled.tsv
    output: sharks/HepPer/20250422_HepPer_CM068652.1_Het_Map.svg
    jobid: 263
    reason: Missing output files: sharks/HepPer/20250422_HepPer_CM068652.1_Het_Map.svg; Code has changed since last execution
    wildcards: CLADE=sharks, SPEC_NAME=HepPer, TODAY_DATE=20250422, CHR=CM068652.1
    resources: tmpdir=/tmp

RuleException:
CalledProcessError in file /rds/project/rds-p67MZilb2eQ/projects/VGP/heterozygosity/Snakefile, line 493:
Command 'set -euo pipefail;  
        while read -r line; do
            test="$s"
            echo "$test"
        done < <(head -n 45 "sharks/HepPer/HepPer_Het_Compiled.tsv")' returned non-zero exit status 1.
[Thu Apr 24 12:25:12 2025]
Error in rule PLOT_HET_PER_CHR:
    jobid: 270
    input: sharks/HepPer/HepPer_Het_Compiled.tsv
    output: sharks/HepPer/20250422_HepPer_CM068659.1_Het_Map.svg
    shell:
        
        while read -r line; do
            test="$s"
            echo "$test"
        done < <(head -n 45 "sharks/HepPer/HepPer_Het_Compiled.tsv") 
        
        (one of the commands exited with non-zero exit code; note that snakemake uses bash strict mode!)

RuleException:
CalledProcessError in file /rds/project/rds-p67MZilb2eQ/projects/VGP/heterozygosity/Snakefile, line 493:
Command 'set -euo pipefail;  
        while read -r line; do
            test="$s"
            echo "$test"
        done < <(head -n 45 "sharks/HepPer/HepPer_Het_Compiled.tsv")' returned non-zero exit status 1.
[Thu Apr 24 12:25:12 2025]
Error in rule PLOT_HET_PER_CHR:
    jobid: 263
    input: sharks/HepPer/HepPer_Het_Compiled.tsv
    output: sharks/HepPer/20250422_HepPer_CM068652.1_Het_Map.svg
    shell:
        
        while read -r line; do
            test="$s"
            echo "$test"
        done < <(head -n 45 "sharks/HepPer/HepPer_Het_Compiled.tsv") 
        
        (one of the commands exited with non-zero exit code; note that snakemake uses bash strict mode!)


[Thu Apr 24 12:25:12 2025]
localrule PLOT_HET_PER_CHR:
    input: sharks/HepPer/HepPer_Het_Compiled.tsv
    output: sharks/HepPer/20250422_HepPer_CM068645.1_Het_Map.svg
    jobid: 256
    reason: Missing output files: sharks/HepPer/20250422_HepPer_CM068645.1_Het_Map.svg; Code has changed since last execution
    wildcards: CLADE=sharks, SPEC_NAME=HepPer, TODAY_DATE=20250422, CHR=CM068645.1
    resources: tmpdir=/tmp

RuleException:
CalledProcessError in file /rds/project/rds-p67MZilb2eQ/projects/VGP/heterozygosity/Snakefile, line 493:
Command 'set -euo pipefail;  
        while read -r line; do
            test="$s"
            echo "$test"
        done < <(head -n 45 "sharks/HepPer/HepPer_Het_Compiled.tsv")' returned non-zero exit status 1.
[Thu Apr 24 12:25:12 2025]
Error in rule PLOT_HET_PER_CHR:
    jobid: 256
    input: sharks/HepPer/HepPer_Het_Compiled.tsv
    output: sharks/HepPer/20250422_HepPer_CM068645.1_Het_Map.svg
    shell:
        
        while read -r line; do
            test="$s"
            echo "$test"
        done < <(head -n 45 "sharks/HepPer/HepPer_Het_Compiled.tsv") 
        
        (one of the commands exited with non-zero exit code; note that snakemake uses bash strict mode!)


[Thu Apr 24 12:25:12 2025]
localrule PLOT_HET_PER_CHR:
    input: sharks/HepPer/HepPer_Het_Compiled.tsv
    output: sharks/HepPer/20250422_HepPer_CM068639.1_Het_Map.svg
    jobid: 250
    reason: Missing output files: sharks/HepPer/20250422_HepPer_CM068639.1_Het_Map.svg; Code has changed since last execution
    wildcards: CLADE=sharks, SPEC_NAME=HepPer, TODAY_DATE=20250422, CHR=CM068639.1
    resources: tmpdir=/tmp


[Thu Apr 24 12:25:12 2025]
localrule PLOT_HET_PER_CHR:
    input: sharks/HepPer/HepPer_Het_Compiled.tsv
    output: sharks/HepPer/20250422_HepPer_CM068681.1_Het_Map.svg
    jobid: 292
    reason: Missing output files: sharks/HepPer/20250422_HepPer_CM068681.1_Het_Map.svg; Code has changed since last execution
    wildcards: CLADE=sharks, SPEC_NAME=HepPer, TODAY_DATE=20250422, CHR=CM068681.1
    resources: tmpdir=/tmp

RuleException:
CalledProcessError in file /rds/project/rds-p67MZilb2eQ/projects/VGP/heterozygosity/Snakefile, line 493:
Command 'set -euo pipefail;  
        while read -r line; do
            test="$s"
            echo "$test"
        done < <(head -n 45 "sharks/HepPer/HepPer_Het_Compiled.tsv")' returned non-zero exit status 1.
[Thu Apr 24 12:25:12 2025]
Error in rule PLOT_HET_PER_CHR:
    jobid: 250
    input: sharks/HepPer/HepPer_Het_Compiled.tsv
    output: sharks/HepPer/20250422_HepPer_CM068639.1_Het_Map.svg
    shell:
        
        while read -r line; do
            test="$s"
            echo "$test"
        done < <(head -n 45 "sharks/HepPer/HepPer_Het_Compiled.tsv") 
        
        (one of the commands exited with non-zero exit code; note that snakemake uses bash strict mode!)

RuleException:
CalledProcessError in file /rds/project/rds-p67MZilb2eQ/projects/VGP/heterozygosity/Snakefile, line 493:
Command 'set -euo pipefail;  
        while read -r line; do
            test="$s"
            echo "$test"
        done < <(head -n 45 "sharks/HepPer/HepPer_Het_Compiled.tsv")' returned non-zero exit status 1.

[Thu Apr 24 12:25:12 2025]
[Thu Apr 24 12:25:12 2025]
Error in rule PLOT_HET_PER_CHR:
    jobid: 292
    input: sharks/HepPer/HepPer_Het_Compiled.tsv
    output: sharks/HepPer/20250422_HepPer_CM068681.1_Het_Map.svg
    shell:
        
        while read -r line; do
            test="$s"
            echo "$test"
        done < <(head -n 45 "sharks/HepPer/HepPer_Het_Compiled.tsv") 
        
        (one of the commands exited with non-zero exit code; note that snakemake uses bash strict mode!)

localrule PLOT_HET_PER_CHR:
    input: sharks/HepPer/HepPer_Het_Compiled.tsv
    output: sharks/HepPer/20250422_HepPer_CM068674.1_Het_Map.svg
    jobid: 285
    reason: Missing output files: sharks/HepPer/20250422_HepPer_CM068674.1_Het_Map.svg; Code has changed since last execution
    wildcards: CLADE=sharks, SPEC_NAME=HepPer, TODAY_DATE=20250422, CHR=CM068674.1
    resources: tmpdir=/tmp


[Thu Apr 24 12:25:12 2025]
localrule PLOT_HET_PER_CHR:
    input: sharks/HepPer/HepPer_Het_Compiled.tsv
    output: sharks/HepPer/20250422_HepPer_CM068667.1_Het_Map.svg
    jobid: 278
    reason: Missing output files: sharks/HepPer/20250422_HepPer_CM068667.1_Het_Map.svg; Code has changed since last execution
    wildcards: CLADE=sharks, SPEC_NAME=HepPer, TODAY_DATE=20250422, CHR=CM068667.1
    resources: tmpdir=/tmp

RuleException:
CalledProcessError in file /rds/project/rds-p67MZilb2eQ/projects/VGP/heterozygosity/Snakefile, line 493:
Command 'set -euo pipefail;  
        while read -r line; do
            test="$s"
            echo "$test"
        done < <(head -n 45 "sharks/HepPer/HepPer_Het_Compiled.tsv")' returned non-zero exit status 1.
[Thu Apr 24 12:25:12 2025]
Error in rule PLOT_HET_PER_CHR:
    jobid: 285
    input: sharks/HepPer/HepPer_Het_Compiled.tsv
    output: sharks/HepPer/20250422_HepPer_CM068674.1_Het_Map.svg
    shell:
        
        while read -r line; do
            test="$s"
            echo "$test"
        done < <(head -n 45 "sharks/HepPer/HepPer_Het_Compiled.tsv") 
        
        (one of the commands exited with non-zero exit code; note that snakemake uses bash strict mode!)

RuleException:
CalledProcessError in file /rds/project/rds-p67MZilb2eQ/projects/VGP/heterozygosity/Snakefile, line 493:
Command 'set -euo pipefail;  
        while read -r line; do
            test="$s"
            echo "$test"
        done < <(head -n 45 "sharks/HepPer/HepPer_Het_Compiled.tsv")' returned non-zero exit status 1.
[Thu Apr 24 12:25:12 2025]
Error in rule PLOT_HET_PER_CHR:
    jobid: 278
    input: sharks/HepPer/HepPer_Het_Compiled.tsv
    output: sharks/HepPer/20250422_HepPer_CM068667.1_Het_Map.svg
    shell:
        
        while read -r line; do
            test="$s"
            echo "$test"
        done < <(head -n 45 "sharks/HepPer/HepPer_Het_Compiled.tsv") 
        
        (one of the commands exited with non-zero exit code; note that snakemake uses bash strict mode!)


[Thu Apr 24 12:25:12 2025]
localrule PLOT_HET_PER_CHR:
    input: sharks/HepPer/HepPer_Het_Compiled.tsv
    output: sharks/HepPer/20250422_HepPer_CM068660.1_Het_Map.svg
    jobid: 271
    reason: Missing output files: sharks/HepPer/20250422_HepPer_CM068660.1_Het_Map.svg; Code has changed since last execution
    wildcards: CLADE=sharks, SPEC_NAME=HepPer, TODAY_DATE=20250422, CHR=CM068660.1
    resources: tmpdir=/tmp


[Thu Apr 24 12:25:12 2025]
localrule PLOT_HET_PER_CHR:
    input: sharks/HepPer/HepPer_Het_Compiled.tsv
    output: sharks/HepPer/20250422_HepPer_CM068653.1_Het_Map.svg
    jobid: 264
    reason: Missing output files: sharks/HepPer/20250422_HepPer_CM068653.1_Het_Map.svg; Code has changed since last execution
    wildcards: CLADE=sharks, SPEC_NAME=HepPer, TODAY_DATE=20250422, CHR=CM068653.1
    resources: tmpdir=/tmp

RuleException:
CalledProcessError in file /rds/project/rds-p67MZilb2eQ/projects/VGP/heterozygosity/Snakefile, line 493:
Command 'set -euo pipefail;  
        while read -r line; do
            test="$s"
            echo "$test"
        done < <(head -n 45 "sharks/HepPer/HepPer_Het_Compiled.tsv")' returned non-zero exit status 1.
[Thu Apr 24 12:25:12 2025]
Error in rule PLOT_HET_PER_CHR:
    jobid: 271
    input: sharks/HepPer/HepPer_Het_Compiled.tsv
    output: sharks/HepPer/20250422_HepPer_CM068660.1_Het_Map.svg
    shell:
        
        while read -r line; do
            test="$s"
            echo "$test"
        done < <(head -n 45 "sharks/HepPer/HepPer_Het_Compiled.tsv") 
        
        (one of the commands exited with non-zero exit code; note that snakemake uses bash strict mode!)

RuleException:
CalledProcessError in file /rds/project/rds-p67MZilb2eQ/projects/VGP/heterozygosity/Snakefile, line 493:
Command 'set -euo pipefail;  
        while read -r line; do
            test="$s"
            echo "$test"
        done < <(head -n 45 "sharks/HepPer/HepPer_Het_Compiled.tsv")' returned non-zero exit status 1.
[Thu Apr 24 12:25:12 2025]
Error in rule PLOT_HET_PER_CHR:
    jobid: 264
    input: sharks/HepPer/HepPer_Het_Compiled.tsv
    output: sharks/HepPer/20250422_HepPer_CM068653.1_Het_Map.svg
    shell:
        
        while read -r line; do
            test="$s"
            echo "$test"
        done < <(head -n 45 "sharks/HepPer/HepPer_Het_Compiled.tsv") 
        
        (one of the commands exited with non-zero exit code; note that snakemake uses bash strict mode!)


[Thu Apr 24 12:25:12 2025]
localrule PLOT_HET_PER_CHR:
    input: sharks/HepPer/HepPer_Het_Compiled.tsv
    output: sharks/HepPer/20250422_HepPer_CM068646.1_Het_Map.svg
    jobid: 257
    reason: Missing output files: sharks/HepPer/20250422_HepPer_CM068646.1_Het_Map.svg; Code has changed since last execution
    wildcards: CLADE=sharks, SPEC_NAME=HepPer, TODAY_DATE=20250422, CHR=CM068646.1
    resources: tmpdir=/tmp

RuleException:
CalledProcessError in file /rds/project/rds-p67MZilb2eQ/projects/VGP/heterozygosity/Snakefile, line 493:
Command 'set -euo pipefail;  
        while read -r line; do
            test="$s"
            echo "$test"
        done < <(head -n 45 "sharks/HepPer/HepPer_Het_Compiled.tsv")' returned non-zero exit status 1.
[Thu Apr 24 12:25:12 2025]
Error in rule PLOT_HET_PER_CHR:
    jobid: 257
    input: sharks/HepPer/HepPer_Het_Compiled.tsv
    output: sharks/HepPer/20250422_HepPer_CM068646.1_Het_Map.svg
    shell:
        
        while read -r line; do
            test="$s"
            echo "$test"
        done < <(head -n 45 "sharks/HepPer/HepPer_Het_Compiled.tsv") 
        
        (one of the commands exited with non-zero exit code; note that snakemake uses bash strict mode!)


[Thu Apr 24 12:25:12 2025]
localrule PLOT_HET_PER_CHR:
    input: sharks/HepPer/HepPer_Het_Compiled.tsv
    output: sharks/HepPer/20250422_HepPer_CM068640.1_Het_Map.svg
    jobid: 251
    reason: Missing output files: sharks/HepPer/20250422_HepPer_CM068640.1_Het_Map.svg; Code has changed since last execution
    wildcards: CLADE=sharks, SPEC_NAME=HepPer, TODAY_DATE=20250422, CHR=CM068640.1
    resources: tmpdir=/tmp


[Thu Apr 24 12:25:12 2025]
localrule PLOT_HET_PER_CHR:
    input: sharks/HepPer/HepPer_Het_Compiled.tsv
    output: sharks/HepPer/20250422_HepPer_CM068682.1_Het_Map.svg
    jobid: 293
    reason: Missing output files: sharks/HepPer/20250422_HepPer_CM068682.1_Het_Map.svg; Code has changed since last execution
    wildcards: CLADE=sharks, SPEC_NAME=HepPer, TODAY_DATE=20250422, CHR=CM068682.1
    resources: tmpdir=/tmp

RuleException:
CalledProcessError in file /rds/project/rds-p67MZilb2eQ/projects/VGP/heterozygosity/Snakefile, line 493:
Command 'set -euo pipefail;  
        while read -r line; do
            test="$s"
            echo "$test"
        done < <(head -n 45 "sharks/HepPer/HepPer_Het_Compiled.tsv")' returned non-zero exit status 1.
[Thu Apr 24 12:25:12 2025]
Error in rule PLOT_HET_PER_CHR:
    jobid: 293
    input: sharks/HepPer/HepPer_Het_Compiled.tsv
    output: sharks/HepPer/20250422_HepPer_CM068682.1_Het_Map.svg
    shell:
        
        while read -r line; do
            test="$s"
            echo "$test"
        done < <(head -n 45 "sharks/HepPer/HepPer_Het_Compiled.tsv") 
        
        (one of the commands exited with non-zero exit code; note that snakemake uses bash strict mode!)

RuleException:
CalledProcessError in file /rds/project/rds-p67MZilb2eQ/projects/VGP/heterozygosity/Snakefile, line 493:
Command 'set -euo pipefail;  
        while read -r line; do
            test="$s"
            echo "$test"
        done < <(head -n 45 "sharks/HepPer/HepPer_Het_Compiled.tsv")' returned non-zero exit status 1.
[Thu Apr 24 12:25:12 2025]
Error in rule PLOT_HET_PER_CHR:
    jobid: 251
    input: sharks/HepPer/HepPer_Het_Compiled.tsv
    output: sharks/HepPer/20250422_HepPer_CM068640.1_Het_Map.svg
    shell:
        
        while read -r line; do
            test="$s"
            echo "$test"
        done < <(head -n 45 "sharks/HepPer/HepPer_Het_Compiled.tsv") 
        
        (one of the commands exited with non-zero exit code; note that snakemake uses bash strict mode!)

