host: login-p-1
Building DAG of jobs...
SLURM run ID: c1a036b9-525d-4263-a4c3-9d3536fd7926
Using shell: /usr/bin/bash
Provided remote nodes: 20
Job stats:
job                            count
---------------------------  -------
BAM_CALLER_BED                    46
BGZIP_VCF                         46
BOOTSTRAPPING_MULTIHET_FILE        1
CALL_PLOIDY                       46
EXTRACT_CHR_FASTA                 17
GENERATE_MASK                     46
GENERATE_MULTIHETSEP              46
INDEL_MASKER                      46
MAIN_MULTIHETSEP                  46
PILEUP_VARIANTS                    1
Plot_ROH                           1
REMOVE_INDELS                     46
RESTRUCTURE                       46
SEPARATE_BAM_BY_CHR               34
all                                1
total                            469

Select jobs to execute...
Execute 20 jobs...

[Wed May 14 11:26:01 2025]
rule EXTRACT_CHR_FASTA:
    input: /rds/project/rds-p67MZilb2eQ/projects/VGP/250430.VGP-Phase1/alignment/reference/sharks/GCA_035084215.1.fa.gz
    output: sharks/HepPer/temp/CM068641.1.fasta
    jobid: 303
    reason: Missing output files: sharks/HepPer/temp/CM068641.1.fasta
    wildcards: CLADE=sharks, SPEC_NAME=HepPer, CHR=CM068641.1
    resources: mem_mb=100000, mem_mib=95368, disk_mb=1872, disk_mib=1786, tmpdir=<TBD>, slurm_account=DURBIN-SL2-CPU, slurm_partition=icelake-himem, runtime=120

Job 303 has been submitted with SLURM jobid 9367254 (log: /rds/project/rds-p67MZilb2eQ/projects/VGP/heterozygosity/.snakemake/slurm_logs/rule_EXTRACT_CHR_FASTA/sharks_HepPer_CM068641.1/9367254.log).

[Wed May 14 11:26:03 2025]
rule SEPARATE_BAM_BY_CHR:
    input: sharks/HepPer/HepPer.bam
    output: sharks/HepPer/HepPer_CM068645.1.bam
    jobid: 355
    reason: Missing output files: sharks/HepPer/HepPer_CM068645.1.bam
    wildcards: CLADE=sharks, SPEC_NAME=HepPer, CHR=CM068645.1
    resources: mem_mb=100000, mem_mib=95368, disk_mb=4168, disk_mib=3975, tmpdir=<TBD>, slurm_account=DURBIN-SL2-CPU, slurm_partition=icelake-himem, runtime=120

Job 355 has been submitted with SLURM jobid 9367256 (log: /rds/project/rds-p67MZilb2eQ/projects/VGP/heterozygosity/.snakemake/slurm_logs/rule_SEPARATE_BAM_BY_CHR/sharks_HepPer_CM068645.1/9367256.log).

[Wed May 14 11:26:03 2025]
rule SEPARATE_BAM_BY_CHR:
    input: sharks/HepPer/HepPer.bam
    output: sharks/HepPer/HepPer_CM068668.1.bam
    jobid: 378
    reason: Missing output files: sharks/HepPer/HepPer_CM068668.1.bam
    wildcards: CLADE=sharks, SPEC_NAME=HepPer, CHR=CM068668.1
    resources: mem_mb=100000, mem_mib=95368, disk_mb=4168, disk_mib=3975, tmpdir=<TBD>, slurm_account=DURBIN-SL2-CPU, slurm_partition=icelake-himem, runtime=120

Job 378 has been submitted with SLURM jobid 9367258 (log: /rds/project/rds-p67MZilb2eQ/projects/VGP/heterozygosity/.snakemake/slurm_logs/rule_SEPARATE_BAM_BY_CHR/sharks_HepPer_CM068668.1/9367258.log).

[Wed May 14 11:26:05 2025]
rule Plot_ROH:
    input: sharks/HepPer/HepPer_ROH_Results.csv, sharks/HepPer/Reference_HepPer_Chroms_Lengths.txt
    output: sharks/HepPer/20250422_HepPer_ROH_Map.pdf
    jobid: 150
    reason: Missing output files: sharks/HepPer/20250422_HepPer_ROH_Map.pdf
    wildcards: CLADE=sharks, SPEC_NAME=HepPer, TODAY_DATE=20250422
    resources: mem_mb=100000, mem_mib=95368, disk_mb=1000, disk_mib=954, tmpdir=<TBD>, slurm_account=DURBIN-SL2-CPU, slurm_partition=icelake-himem, runtime=120

Job 150 has been submitted with SLURM jobid 9367260 (log: /rds/project/rds-p67MZilb2eQ/projects/VGP/heterozygosity/.snakemake/slurm_logs/rule_Plot_ROH/sharks_HepPer_20250422/9367260.log).

[Wed May 14 11:26:05 2025]
rule EXTRACT_CHR_FASTA:
    input: /rds/project/rds-p67MZilb2eQ/projects/VGP/250430.VGP-Phase1/alignment/reference/sharks/GCA_035084215.1.fa.gz
    output: sharks/HepPer/temp/CM068651.1.fasta
    jobid: 313
    reason: Missing output files: sharks/HepPer/temp/CM068651.1.fasta
    wildcards: CLADE=sharks, SPEC_NAME=HepPer, CHR=CM068651.1
    resources: mem_mb=100000, mem_mib=95368, disk_mb=1872, disk_mib=1786, tmpdir=<TBD>, slurm_account=DURBIN-SL2-CPU, slurm_partition=icelake-himem, runtime=120

Job 313 has been submitted with SLURM jobid 9367262 (log: /rds/project/rds-p67MZilb2eQ/projects/VGP/heterozygosity/.snakemake/slurm_logs/rule_EXTRACT_CHR_FASTA/sharks_HepPer_CM068651.1/9367262.log).

[Wed May 14 11:26:08 2025]
rule EXTRACT_CHR_FASTA:
    input: /rds/project/rds-p67MZilb2eQ/projects/VGP/250430.VGP-Phase1/alignment/reference/sharks/GCA_035084215.1.fa.gz
    output: sharks/HepPer/temp/CM068644.1.fasta
    jobid: 306
    reason: Missing output files: sharks/HepPer/temp/CM068644.1.fasta
    wildcards: CLADE=sharks, SPEC_NAME=HepPer, CHR=CM068644.1
    resources: mem_mb=100000, mem_mib=95368, disk_mb=1872, disk_mib=1786, tmpdir=<TBD>, slurm_account=DURBIN-SL2-CPU, slurm_partition=icelake-himem, runtime=120

Job 306 has been submitted with SLURM jobid 9367265 (log: /rds/project/rds-p67MZilb2eQ/projects/VGP/heterozygosity/.snakemake/slurm_logs/rule_EXTRACT_CHR_FASTA/sharks_HepPer_CM068644.1/9367265.log).

[Wed May 14 11:26:08 2025]
rule SEPARATE_BAM_BY_CHR:
    input: sharks/HepPer/HepPer.bam
    output: sharks/HepPer/HepPer_CM068661.1.bam
    jobid: 371
    reason: Missing output files: sharks/HepPer/HepPer_CM068661.1.bam
    wildcards: CLADE=sharks, SPEC_NAME=HepPer, CHR=CM068661.1
    resources: mem_mb=100000, mem_mib=95368, disk_mb=4168, disk_mib=3975, tmpdir=<TBD>, slurm_account=DURBIN-SL2-CPU, slurm_partition=icelake-himem, runtime=120

Job 371 has been submitted with SLURM jobid 9367267 (log: /rds/project/rds-p67MZilb2eQ/projects/VGP/heterozygosity/.snakemake/slurm_logs/rule_SEPARATE_BAM_BY_CHR/sharks_HepPer_CM068661.1/9367267.log).

[Wed May 14 11:26:10 2025]
rule SEPARATE_BAM_BY_CHR:
    input: sharks/HepPer/HepPer.bam
    output: sharks/HepPer/HepPer_CM068654.1.bam
    jobid: 364
    reason: Missing output files: sharks/HepPer/HepPer_CM068654.1.bam
    wildcards: CLADE=sharks, SPEC_NAME=HepPer, CHR=CM068654.1
    resources: mem_mb=100000, mem_mib=95368, disk_mb=4168, disk_mib=3975, tmpdir=<TBD>, slurm_account=DURBIN-SL2-CPU, slurm_partition=icelake-himem, runtime=120

Job 364 has been submitted with SLURM jobid 9367270 (log: /rds/project/rds-p67MZilb2eQ/projects/VGP/heterozygosity/.snakemake/slurm_logs/rule_SEPARATE_BAM_BY_CHR/sharks_HepPer_CM068654.1/9367270.log).

[Wed May 14 11:26:10 2025]
rule SEPARATE_BAM_BY_CHR:
    input: sharks/HepPer/HepPer.bam
    output: sharks/HepPer/HepPer_CM068648.1.bam
    jobid: 358
    reason: Missing output files: sharks/HepPer/HepPer_CM068648.1.bam
    wildcards: CLADE=sharks, SPEC_NAME=HepPer, CHR=CM068648.1
    resources: mem_mb=100000, mem_mib=95368, disk_mb=4168, disk_mib=3975, tmpdir=<TBD>, slurm_account=DURBIN-SL2-CPU, slurm_partition=icelake-himem, runtime=120

Job 358 has been submitted with SLURM jobid 9367271 (log: /rds/project/rds-p67MZilb2eQ/projects/VGP/heterozygosity/.snakemake/slurm_logs/rule_SEPARATE_BAM_BY_CHR/sharks_HepPer_CM068648.1/9367271.log).

[Wed May 14 11:26:13 2025]
rule EXTRACT_CHR_FASTA:
    input: /rds/project/rds-p67MZilb2eQ/projects/VGP/250430.VGP-Phase1/alignment/reference/sharks/GCA_035084215.1.fa.gz
    output: sharks/HepPer/temp/CM068680.1.fasta
    jobid: 342
    reason: Missing output files: sharks/HepPer/temp/CM068680.1.fasta
    wildcards: CLADE=sharks, SPEC_NAME=HepPer, CHR=CM068680.1
    resources: mem_mb=100000, mem_mib=95368, disk_mb=1872, disk_mib=1786, tmpdir=<TBD>, slurm_account=DURBIN-SL2-CPU, slurm_partition=icelake-himem, runtime=120

Job 342 has been submitted with SLURM jobid 9367273 (log: /rds/project/rds-p67MZilb2eQ/projects/VGP/heterozygosity/.snakemake/slurm_logs/rule_EXTRACT_CHR_FASTA/sharks_HepPer_CM068680.1/9367273.log).

[Wed May 14 11:26:13 2025]
rule EXTRACT_CHR_FASTA:
    input: /rds/project/rds-p67MZilb2eQ/projects/VGP/250430.VGP-Phase1/alignment/reference/sharks/GCA_035084215.1.fa.gz
    output: sharks/HepPer/temp/CM068673.1.fasta
    jobid: 335
    reason: Missing output files: sharks/HepPer/temp/CM068673.1.fasta
    wildcards: CLADE=sharks, SPEC_NAME=HepPer, CHR=CM068673.1
    resources: mem_mb=100000, mem_mib=95368, disk_mb=1872, disk_mib=1786, tmpdir=<TBD>, slurm_account=DURBIN-SL2-CPU, slurm_partition=icelake-himem, runtime=120

Job 335 has been submitted with SLURM jobid 9367275 (log: /rds/project/rds-p67MZilb2eQ/projects/VGP/heterozygosity/.snakemake/slurm_logs/rule_EXTRACT_CHR_FASTA/sharks_HepPer_CM068673.1/9367275.log).

[Wed May 14 11:26:13 2025]
rule SEPARATE_BAM_BY_CHR:
    input: sharks/HepPer/HepPer.bam
    output: sharks/HepPer/HepPer_CM068663.1.bam
    jobid: 373
    reason: Missing output files: sharks/HepPer/HepPer_CM068663.1.bam
    wildcards: CLADE=sharks, SPEC_NAME=HepPer, CHR=CM068663.1
    resources: mem_mb=100000, mem_mib=95368, disk_mb=4168, disk_mib=3975, tmpdir=<TBD>, slurm_account=DURBIN-SL2-CPU, slurm_partition=icelake-himem, runtime=120

Job 373 has been submitted with SLURM jobid 9367277 (log: /rds/project/rds-p67MZilb2eQ/projects/VGP/heterozygosity/.snakemake/slurm_logs/rule_SEPARATE_BAM_BY_CHR/sharks_HepPer_CM068663.1/9367277.log).

[Wed May 14 11:26:15 2025]
rule SEPARATE_BAM_BY_CHR:
    input: sharks/HepPer/HepPer.bam
    output: sharks/HepPer/HepPer_CM068656.1.bam
    jobid: 366
    reason: Missing output files: sharks/HepPer/HepPer_CM068656.1.bam
    wildcards: CLADE=sharks, SPEC_NAME=HepPer, CHR=CM068656.1
    resources: mem_mb=100000, mem_mib=95368, disk_mb=4168, disk_mib=3975, tmpdir=<TBD>, slurm_account=DURBIN-SL2-CPU, slurm_partition=icelake-himem, runtime=120

Job 366 has been submitted with SLURM jobid 9367279 (log: /rds/project/rds-p67MZilb2eQ/projects/VGP/heterozygosity/.snakemake/slurm_logs/rule_SEPARATE_BAM_BY_CHR/sharks_HepPer_CM068656.1/9367279.log).

[Wed May 14 11:26:15 2025]
rule SEPARATE_BAM_BY_CHR:
    input: sharks/HepPer/HepPer.bam
    output: sharks/HepPer/HepPer_CM068650.1.bam
    jobid: 360
    reason: Missing output files: sharks/HepPer/HepPer_CM068650.1.bam
    wildcards: CLADE=sharks, SPEC_NAME=HepPer, CHR=CM068650.1
    resources: mem_mb=100000, mem_mib=95368, disk_mb=4168, disk_mib=3975, tmpdir=<TBD>, slurm_account=DURBIN-SL2-CPU, slurm_partition=icelake-himem, runtime=120

Job 360 has been submitted with SLURM jobid 9367280 (log: /rds/project/rds-p67MZilb2eQ/projects/VGP/heterozygosity/.snakemake/slurm_logs/rule_SEPARATE_BAM_BY_CHR/sharks_HepPer_CM068650.1/9367280.log).

[Wed May 14 11:26:18 2025]
rule SEPARATE_BAM_BY_CHR:
    input: sharks/HepPer/HepPer.bam
    output: sharks/HepPer/HepPer_CM068643.1.bam
    jobid: 353
    reason: Missing output files: sharks/HepPer/HepPer_CM068643.1.bam
    wildcards: CLADE=sharks, SPEC_NAME=HepPer, CHR=CM068643.1
    resources: mem_mb=100000, mem_mib=95368, disk_mb=4168, disk_mib=3975, tmpdir=<TBD>, slurm_account=DURBIN-SL2-CPU, slurm_partition=icelake-himem, runtime=120

Job 353 has been submitted with SLURM jobid 9367282 (log: /rds/project/rds-p67MZilb2eQ/projects/VGP/heterozygosity/.snakemake/slurm_logs/rule_SEPARATE_BAM_BY_CHR/sharks_HepPer_CM068643.1/9367282.log).

[Wed May 14 11:26:18 2025]
rule SEPARATE_BAM_BY_CHR:
    input: sharks/HepPer/HepPer.bam
    output: sharks/HepPer/HepPer_CM068678.1.bam
    jobid: 388
    reason: Missing output files: sharks/HepPer/HepPer_CM068678.1.bam
    wildcards: CLADE=sharks, SPEC_NAME=HepPer, CHR=CM068678.1
    resources: mem_mb=100000, mem_mib=95368, disk_mb=4168, disk_mib=3975, tmpdir=<TBD>, slurm_account=DURBIN-SL2-CPU, slurm_partition=icelake-himem, runtime=120

Job 388 has been submitted with SLURM jobid 9367284 (log: /rds/project/rds-p67MZilb2eQ/projects/VGP/heterozygosity/.snakemake/slurm_logs/rule_SEPARATE_BAM_BY_CHR/sharks_HepPer_CM068678.1/9367284.log).

[Wed May 14 11:26:18 2025]
rule SEPARATE_BAM_BY_CHR:
    input: sharks/HepPer/HepPer.bam
    output: sharks/HepPer/HepPer_CM068671.1.bam
    jobid: 381
    reason: Missing output files: sharks/HepPer/HepPer_CM068671.1.bam
    wildcards: CLADE=sharks, SPEC_NAME=HepPer, CHR=CM068671.1
    resources: mem_mb=100000, mem_mib=95368, disk_mb=4168, disk_mib=3975, tmpdir=<TBD>, slurm_account=DURBIN-SL2-CPU, slurm_partition=icelake-himem, runtime=120

Job 381 has been submitted with SLURM jobid 9367286 (log: /rds/project/rds-p67MZilb2eQ/projects/VGP/heterozygosity/.snakemake/slurm_logs/rule_SEPARATE_BAM_BY_CHR/sharks_HepPer_CM068671.1/9367286.log).

[Wed May 14 11:26:20 2025]
rule SEPARATE_BAM_BY_CHR:
    input: sharks/HepPer/HepPer.bam
    output: sharks/HepPer/HepPer_CM068657.1.bam
    jobid: 367
    reason: Missing output files: sharks/HepPer/HepPer_CM068657.1.bam
    wildcards: CLADE=sharks, SPEC_NAME=HepPer, CHR=CM068657.1
    resources: mem_mb=100000, mem_mib=95368, disk_mb=4168, disk_mib=3975, tmpdir=<TBD>, slurm_account=DURBIN-SL2-CPU, slurm_partition=icelake-himem, runtime=120

Job 367 has been submitted with SLURM jobid 9367288 (log: /rds/project/rds-p67MZilb2eQ/projects/VGP/heterozygosity/.snakemake/slurm_logs/rule_SEPARATE_BAM_BY_CHR/sharks_HepPer_CM068657.1/9367288.log).

[Wed May 14 11:26:20 2025]
rule SEPARATE_BAM_BY_CHR:
    input: sharks/HepPer/HepPer.bam
    output: sharks/HepPer/HepPer_CM068644.1.bam
    jobid: 354
    reason: Missing output files: sharks/HepPer/HepPer_CM068644.1.bam
    wildcards: CLADE=sharks, SPEC_NAME=HepPer, CHR=CM068644.1
    resources: mem_mb=100000, mem_mib=95368, disk_mb=4168, disk_mib=3975, tmpdir=<TBD>, slurm_account=DURBIN-SL2-CPU, slurm_partition=icelake-himem, runtime=120

Job 354 has been submitted with SLURM jobid 9367290 (log: /rds/project/rds-p67MZilb2eQ/projects/VGP/heterozygosity/.snakemake/slurm_logs/rule_SEPARATE_BAM_BY_CHR/sharks_HepPer_CM068644.1/9367290.log).

[Wed May 14 11:26:23 2025]
rule SEPARATE_BAM_BY_CHR:
    input: sharks/HepPer/HepPer.bam
    output: sharks/HepPer/HepPer_CM068637.1.bam
    jobid: 345
    reason: Missing output files: sharks/HepPer/HepPer_CM068637.1.bam
    wildcards: CLADE=sharks, SPEC_NAME=HepPer, CHR=CM068637.1
    resources: mem_mb=100000, mem_mib=95368, disk_mb=4168, disk_mib=3975, tmpdir=<TBD>, slurm_account=DURBIN-SL2-CPU, slurm_partition=icelake-himem, runtime=120

Job 345 has been submitted with SLURM jobid 9367292 (log: /rds/project/rds-p67MZilb2eQ/projects/VGP/heterozygosity/.snakemake/slurm_logs/rule_SEPARATE_BAM_BY_CHR/sharks_HepPer_CM068637.1/9367292.log).
[Wed May 14 11:31:12 2025]
Finished job 303.
1 of 469 steps (0.2%) done
Select jobs to execute...
Execute 1 jobs...

[Wed May 14 11:31:12 2025]
rule SEPARATE_BAM_BY_CHR:
    input: sharks/HepPer/HepPer.bam
    output: sharks/HepPer/HepPer_CM068665.1.bam
    jobid: 375
    reason: Missing output files: sharks/HepPer/HepPer_CM068665.1.bam
    wildcards: CLADE=sharks, SPEC_NAME=HepPer, CHR=CM068665.1
    resources: mem_mb=100000, mem_mib=95368, disk_mb=4168, disk_mib=3975, tmpdir=<TBD>, slurm_account=DURBIN-SL2-CPU, slurm_partition=icelake-himem, runtime=120

[Wed May 14 11:31:12 2025]
Error in rule Plot_ROH:
    message: SLURM-job '9367260' failed, SLURM status is: 'FAILED'. For further error details see the cluster/cloud log and the log files of the involved rule(s).
    jobid: 150
    input: sharks/HepPer/HepPer_ROH_Results.csv, sharks/HepPer/Reference_HepPer_Chroms_Lengths.txt
    output: sharks/HepPer/20250422_HepPer_ROH_Map.pdf
    log: /rds/project/rds-p67MZilb2eQ/projects/VGP/heterozygosity/.snakemake/slurm_logs/rule_Plot_ROH/sharks_HepPer_20250422/9367260.log (check log file(s) for error details)
    shell:
        
        Rscript /rds/project/rds-p67MZilb2eQ/projects/VGP/heterozygosity/20250106_Plot_ROH.R sharks/HepPer/HepPer_ROH_Results.csv sharks/HepPer/Reference_HepPer_Chroms_Lengths.txt 20250422 GCA_035084215.1 sharks 45 HepPer 46 > sharks/HepPer/20250422_HepPer_ROH_Map.pdf
        
        (one of the commands exited with non-zero exit code; note that snakemake uses bash strict mode!)
    external_jobid: 9367260

[Wed May 14 11:31:12 2025]
Error in rule EXTRACT_CHR_FASTA:
    message: SLURM-job '9367262' failed, SLURM status is: 'FAILED'. For further error details see the cluster/cloud log and the log files of the involved rule(s).
    jobid: 313
    input: /rds/project/rds-p67MZilb2eQ/projects/VGP/250430.VGP-Phase1/alignment/reference/sharks/GCA_035084215.1.fa.gz
    output: sharks/HepPer/temp/CM068651.1.fasta
    log: /rds/project/rds-p67MZilb2eQ/projects/VGP/heterozygosity/.snakemake/slurm_logs/rule_EXTRACT_CHR_FASTA/sharks_HepPer_CM068651.1/9367262.log (check log file(s) for error details)
    shell:
        
        gunzip -c /rds/project/rds-p67MZilb2eQ/projects/VGP/250430.VGP-Phase1/alignment/reference/sharks/GCA_035084215.1.fa.gz > sharks/HepPer/temp/GCA_035084215.1.fa
        samtools faidx sharks/HepPer/temp/GCA_035084215.1.fa CM068651.1 > sharks/HepPer/temp/CM068651.1.fasta
        samtools faidx sharks/HepPer/temp/CM068651.1.fasta
        rm -r -f sharks/HepPer/temp/GCA_035084215.1.fa
        
        (one of the commands exited with non-zero exit code; note that snakemake uses bash strict mode!)
    external_jobid: 9367262

[Wed May 14 11:31:12 2025]
Error in rule EXTRACT_CHR_FASTA:
    message: SLURM-job '9367265' failed, SLURM status is: 'FAILED'. For further error details see the cluster/cloud log and the log files of the involved rule(s).
    jobid: 306
    input: /rds/project/rds-p67MZilb2eQ/projects/VGP/250430.VGP-Phase1/alignment/reference/sharks/GCA_035084215.1.fa.gz
    output: sharks/HepPer/temp/CM068644.1.fasta
    log: /rds/project/rds-p67MZilb2eQ/projects/VGP/heterozygosity/.snakemake/slurm_logs/rule_EXTRACT_CHR_FASTA/sharks_HepPer_CM068644.1/9367265.log (check log file(s) for error details)
    shell:
        
        gunzip -c /rds/project/rds-p67MZilb2eQ/projects/VGP/250430.VGP-Phase1/alignment/reference/sharks/GCA_035084215.1.fa.gz > sharks/HepPer/temp/GCA_035084215.1.fa
        samtools faidx sharks/HepPer/temp/GCA_035084215.1.fa CM068644.1 > sharks/HepPer/temp/CM068644.1.fasta
        samtools faidx sharks/HepPer/temp/CM068644.1.fasta
        rm -r -f sharks/HepPer/temp/GCA_035084215.1.fa
        
        (one of the commands exited with non-zero exit code; note that snakemake uses bash strict mode!)
    external_jobid: 9367265

[Wed May 14 11:31:12 2025]
Error in rule EXTRACT_CHR_FASTA:
    message: SLURM-job '9367273' failed, SLURM status is: 'FAILED'. For further error details see the cluster/cloud log and the log files of the involved rule(s).
    jobid: 342
    input: /rds/project/rds-p67MZilb2eQ/projects/VGP/250430.VGP-Phase1/alignment/reference/sharks/GCA_035084215.1.fa.gz
    output: sharks/HepPer/temp/CM068680.1.fasta
    log: /rds/project/rds-p67MZilb2eQ/projects/VGP/heterozygosity/.snakemake/slurm_logs/rule_EXTRACT_CHR_FASTA/sharks_HepPer_CM068680.1/9367273.log (check log file(s) for error details)
    shell:
        
        gunzip -c /rds/project/rds-p67MZilb2eQ/projects/VGP/250430.VGP-Phase1/alignment/reference/sharks/GCA_035084215.1.fa.gz > sharks/HepPer/temp/GCA_035084215.1.fa
        samtools faidx sharks/HepPer/temp/GCA_035084215.1.fa CM068680.1 > sharks/HepPer/temp/CM068680.1.fasta
        samtools faidx sharks/HepPer/temp/CM068680.1.fasta
        rm -r -f sharks/HepPer/temp/GCA_035084215.1.fa
        
        (one of the commands exited with non-zero exit code; note that snakemake uses bash strict mode!)
    external_jobid: 9367273

[Wed May 14 11:31:12 2025]
Error in rule EXTRACT_CHR_FASTA:
    message: SLURM-job '9367275' failed, SLURM status is: 'FAILED'. For further error details see the cluster/cloud log and the log files of the involved rule(s).
    jobid: 335
    input: /rds/project/rds-p67MZilb2eQ/projects/VGP/250430.VGP-Phase1/alignment/reference/sharks/GCA_035084215.1.fa.gz
    output: sharks/HepPer/temp/CM068673.1.fasta
    log: /rds/project/rds-p67MZilb2eQ/projects/VGP/heterozygosity/.snakemake/slurm_logs/rule_EXTRACT_CHR_FASTA/sharks_HepPer_CM068673.1/9367275.log (check log file(s) for error details)
    shell:
        
        gunzip -c /rds/project/rds-p67MZilb2eQ/projects/VGP/250430.VGP-Phase1/alignment/reference/sharks/GCA_035084215.1.fa.gz > sharks/HepPer/temp/GCA_035084215.1.fa
        samtools faidx sharks/HepPer/temp/GCA_035084215.1.fa CM068673.1 > sharks/HepPer/temp/CM068673.1.fasta
        samtools faidx sharks/HepPer/temp/CM068673.1.fasta
        rm -r -f sharks/HepPer/temp/GCA_035084215.1.fa
        
        (one of the commands exited with non-zero exit code; note that snakemake uses bash strict mode!)
    external_jobid: 9367275

Job 375 has been submitted with SLURM jobid 9367366 (log: /rds/project/rds-p67MZilb2eQ/projects/VGP/heterozygosity/.snakemake/slurm_logs/rule_SEPARATE_BAM_BY_CHR/sharks_HepPer_CM068665.1/9367366.log).
[Wed May 14 11:31:13 2025]
Finished job 355.
2 of 469 steps (0.4%) done
[Wed May 14 11:31:13 2025]
Finished job 378.
3 of 469 steps (1%) done
[Wed May 14 11:31:13 2025]
Finished job 371.
4 of 469 steps (1%) done
[Wed May 14 11:31:13 2025]
Finished job 364.
5 of 469 steps (1%) done
[Wed May 14 11:31:13 2025]
Finished job 358.
6 of 469 steps (1%) done
[Wed May 14 11:31:13 2025]
Finished job 373.
7 of 469 steps (1%) done
[Wed May 14 11:31:13 2025]
Finished job 366.
8 of 469 steps (2%) done
[Wed May 14 11:31:13 2025]
Finished job 360.
9 of 469 steps (2%) done
[Wed May 14 11:31:13 2025]
Finished job 353.
10 of 469 steps (2%) done
[Wed May 14 11:31:13 2025]
Finished job 388.
11 of 469 steps (2%) done
[Wed May 14 11:31:13 2025]
Finished job 381.
12 of 469 steps (3%) done
[Wed May 14 11:41:14 2025]
Finished job 367.
13 of 469 steps (3%) done
[Wed May 14 11:41:14 2025]
Finished job 354.
14 of 469 steps (3%) done
[Wed May 14 11:41:14 2025]
Finished job 345.
15 of 469 steps (3%) done
[Wed May 14 11:41:15 2025]
Finished job 375.
16 of 469 steps (3%) done
Shutting down, this might take some time.
Exiting because a job execution failed. Look above for error message
Complete log: .snakemake/log/2025-05-14T112559.599667.snakemake.log
WorkflowError:
At least one job did not complete successfully.
