host: login-q-1
Building DAG of jobs...
SLURM run ID: 350b84a5-1fea-47d5-b04c-7500578dfac4
Using shell: /usr/bin/bash
Provided remote nodes: 25
Job stats:
job                            count
---------------------------  -------
BGZIP_VCF                         46
BOOTSTRAPPING_MULTIHET_FILE     1380
GENERATE_MASK                     46
GENERATE_MULTIHETSEP              46
MAIN_MULTIHETSEP                  46
PLOT_WHOLE_HET                     1
REMOVE_INDELS                     46
all                                1
total                           1612

Select jobs to execute...
Execute 25 jobs...

[Fri May 16 14:56:39 2025]
rule REMOVE_INDELS:
    input: sharks/HepPer/temp/CM068643.1_restructured.vcf.gz
    output: sharks/HepPer/CM068643.1.recode.vcf
    jobid: 536
    reason: Missing output files: sharks/HepPer/CM068643.1.recode.vcf
    wildcards: CLADE=sharks, SPEC_NAME=HepPer, CHR=CM068643.1
    resources: mem_mb=100000, mem_mib=95368, disk_mb=1000, disk_mib=954, tmpdir=<TBD>, slurm_account=DURBIN-SL2-CPU, slurm_partition=cclake-himem, runtime=120

Job 536 has been submitted with SLURM jobid 9442291 (log: /rds/project/rds-p67MZilb2eQ/projects/VGP/heterozygosity/.snakemake/slurm_logs/rule_REMOVE_INDELS/sharks_HepPer_CM068643.1/9442291.log).

[Fri May 16 14:56:40 2025]
rule REMOVE_INDELS:
    input: sharks/HepPer/temp/CM068637.1_restructured.vcf.gz
    output: sharks/HepPer/CM068637.1.recode.vcf
    jobid: 524
    reason: Missing output files: sharks/HepPer/CM068637.1.recode.vcf
    wildcards: CLADE=sharks, SPEC_NAME=HepPer, CHR=CM068637.1
    resources: mem_mb=100000, mem_mib=95368, disk_mb=1000, disk_mib=954, tmpdir=<TBD>, slurm_account=DURBIN-SL2-CPU, slurm_partition=cclake-himem, runtime=120

Job 524 has been submitted with SLURM jobid 9442292 (log: /rds/project/rds-p67MZilb2eQ/projects/VGP/heterozygosity/.snakemake/slurm_logs/rule_REMOVE_INDELS/sharks_HepPer_CM068637.1/9442292.log).

[Fri May 16 14:56:40 2025]
rule REMOVE_INDELS:
    input: sharks/HepPer/temp/CM068679.1_restructured.vcf.gz
    output: sharks/HepPer/CM068679.1.recode.vcf
    jobid: 608
    reason: Missing output files: sharks/HepPer/CM068679.1.recode.vcf
    wildcards: CLADE=sharks, SPEC_NAME=HepPer, CHR=CM068679.1
    resources: mem_mb=100000, mem_mib=95368, disk_mb=1000, disk_mib=954, tmpdir=<TBD>, slurm_account=DURBIN-SL2-CPU, slurm_partition=cclake-himem, runtime=120

Job 608 has been submitted with SLURM jobid 9442293 (log: /rds/project/rds-p67MZilb2eQ/projects/VGP/heterozygosity/.snakemake/slurm_logs/rule_REMOVE_INDELS/sharks_HepPer_CM068679.1/9442293.log).

[Fri May 16 14:56:40 2025]
rule REMOVE_INDELS:
    input: sharks/HepPer/temp/CM068672.1_restructured.vcf.gz
    output: sharks/HepPer/CM068672.1.recode.vcf
    jobid: 594
    reason: Missing output files: sharks/HepPer/CM068672.1.recode.vcf
    wildcards: CLADE=sharks, SPEC_NAME=HepPer, CHR=CM068672.1
    resources: mem_mb=100000, mem_mib=95368, disk_mb=1000, disk_mib=954, tmpdir=<TBD>, slurm_account=DURBIN-SL2-CPU, slurm_partition=cclake-himem, runtime=120

Job 594 has been submitted with SLURM jobid 9442294 (log: /rds/project/rds-p67MZilb2eQ/projects/VGP/heterozygosity/.snakemake/slurm_logs/rule_REMOVE_INDELS/sharks_HepPer_CM068672.1/9442294.log).

[Fri May 16 14:56:43 2025]
rule REMOVE_INDELS:
    input: sharks/HepPer/temp/CM068665.1_restructured.vcf.gz
    output: sharks/HepPer/CM068665.1.recode.vcf
    jobid: 580
    reason: Missing output files: sharks/HepPer/CM068665.1.recode.vcf
    wildcards: CLADE=sharks, SPEC_NAME=HepPer, CHR=CM068665.1
    resources: mem_mb=100000, mem_mib=95368, disk_mb=1000, disk_mib=954, tmpdir=<TBD>, slurm_account=DURBIN-SL2-CPU, slurm_partition=cclake-himem, runtime=120

Job 580 has been submitted with SLURM jobid 9442295 (log: /rds/project/rds-p67MZilb2eQ/projects/VGP/heterozygosity/.snakemake/slurm_logs/rule_REMOVE_INDELS/sharks_HepPer_CM068665.1/9442295.log).

[Fri May 16 14:56:43 2025]
rule REMOVE_INDELS:
    input: sharks/HepPer/temp/CM068658.1_restructured.vcf.gz
    output: sharks/HepPer/CM068658.1.recode.vcf
    jobid: 566
    reason: Missing output files: sharks/HepPer/CM068658.1.recode.vcf
    wildcards: CLADE=sharks, SPEC_NAME=HepPer, CHR=CM068658.1
    resources: mem_mb=100000, mem_mib=95368, disk_mb=1000, disk_mib=954, tmpdir=<TBD>, slurm_account=DURBIN-SL2-CPU, slurm_partition=cclake-himem, runtime=120

Job 566 has been submitted with SLURM jobid 9442296 (log: /rds/project/rds-p67MZilb2eQ/projects/VGP/heterozygosity/.snakemake/slurm_logs/rule_REMOVE_INDELS/sharks_HepPer_CM068658.1/9442296.log).

[Fri May 16 14:56:43 2025]
rule REMOVE_INDELS:
    input: sharks/HepPer/temp/CM068651.1_restructured.vcf.gz
    output: sharks/HepPer/CM068651.1.recode.vcf
    jobid: 552
    reason: Missing output files: sharks/HepPer/CM068651.1.recode.vcf
    wildcards: CLADE=sharks, SPEC_NAME=HepPer, CHR=CM068651.1
    resources: mem_mb=100000, mem_mib=95368, disk_mb=1000, disk_mib=954, tmpdir=<TBD>, slurm_account=DURBIN-SL2-CPU, slurm_partition=cclake-himem, runtime=120

Job 552 has been submitted with SLURM jobid 9442297 (log: /rds/project/rds-p67MZilb2eQ/projects/VGP/heterozygosity/.snakemake/slurm_logs/rule_REMOVE_INDELS/sharks_HepPer_CM068651.1/9442297.log).

[Fri May 16 14:56:43 2025]
rule REMOVE_INDELS:
    input: sharks/HepPer/temp/CM068644.1_restructured.vcf.gz
    output: sharks/HepPer/CM068644.1.recode.vcf
    jobid: 538
    reason: Missing output files: sharks/HepPer/CM068644.1.recode.vcf
    wildcards: CLADE=sharks, SPEC_NAME=HepPer, CHR=CM068644.1
    resources: mem_mb=100000, mem_mib=95368, disk_mb=1000, disk_mib=954, tmpdir=<TBD>, slurm_account=DURBIN-SL2-CPU, slurm_partition=cclake-himem, runtime=120

Job 538 has been submitted with SLURM jobid 9442298 (log: /rds/project/rds-p67MZilb2eQ/projects/VGP/heterozygosity/.snakemake/slurm_logs/rule_REMOVE_INDELS/sharks_HepPer_CM068644.1/9442298.log).

[Fri May 16 14:56:45 2025]
rule REMOVE_INDELS:
    input: sharks/HepPer/temp/CM068647.1_restructured.vcf.gz
    output: sharks/HepPer/CM068647.1.recode.vcf
    jobid: 544
    reason: Missing output files: sharks/HepPer/CM068647.1.recode.vcf
    wildcards: CLADE=sharks, SPEC_NAME=HepPer, CHR=CM068647.1
    resources: mem_mb=100000, mem_mib=95368, disk_mb=1000, disk_mib=954, tmpdir=<TBD>, slurm_account=DURBIN-SL2-CPU, slurm_partition=cclake-himem, runtime=120

Job 544 has been submitted with SLURM jobid 9442299 (log: /rds/project/rds-p67MZilb2eQ/projects/VGP/heterozygosity/.snakemake/slurm_logs/rule_REMOVE_INDELS/sharks_HepPer_CM068647.1/9442299.log).

[Fri May 16 14:56:45 2025]
rule REMOVE_INDELS:
    input: sharks/HepPer/temp/CM068641.1_restructured.vcf.gz
    output: sharks/HepPer/CM068641.1.recode.vcf
    jobid: 532
    reason: Missing output files: sharks/HepPer/CM068641.1.recode.vcf
    wildcards: CLADE=sharks, SPEC_NAME=HepPer, CHR=CM068641.1
    resources: mem_mb=100000, mem_mib=95368, disk_mb=1000, disk_mib=954, tmpdir=<TBD>, slurm_account=DURBIN-SL2-CPU, slurm_partition=cclake-himem, runtime=120

Job 532 has been submitted with SLURM jobid 9442300 (log: /rds/project/rds-p67MZilb2eQ/projects/VGP/heterozygosity/.snakemake/slurm_logs/rule_REMOVE_INDELS/sharks_HepPer_CM068641.1/9442300.log).

[Fri May 16 14:56:46 2025]
rule REMOVE_INDELS:
    input: sharks/HepPer/temp/CM068676.1_restructured.vcf.gz
    output: sharks/HepPer/CM068676.1.recode.vcf
    jobid: 602
    reason: Missing output files: sharks/HepPer/CM068676.1.recode.vcf
    wildcards: CLADE=sharks, SPEC_NAME=HepPer, CHR=CM068676.1
    resources: mem_mb=100000, mem_mib=95368, disk_mb=1000, disk_mib=954, tmpdir=<TBD>, slurm_account=DURBIN-SL2-CPU, slurm_partition=cclake-himem, runtime=120

Job 602 has been submitted with SLURM jobid 9442301 (log: /rds/project/rds-p67MZilb2eQ/projects/VGP/heterozygosity/.snakemake/slurm_logs/rule_REMOVE_INDELS/sharks_HepPer_CM068676.1/9442301.log).

[Fri May 16 14:56:48 2025]
rule REMOVE_INDELS:
    input: sharks/HepPer/temp/CM068669.1_restructured.vcf.gz
    output: sharks/HepPer/CM068669.1.recode.vcf
    jobid: 588
    reason: Missing output files: sharks/HepPer/CM068669.1.recode.vcf
    wildcards: CLADE=sharks, SPEC_NAME=HepPer, CHR=CM068669.1
    resources: mem_mb=100000, mem_mib=95368, disk_mb=1000, disk_mib=954, tmpdir=<TBD>, slurm_account=DURBIN-SL2-CPU, slurm_partition=cclake-himem, runtime=120

Job 588 has been submitted with SLURM jobid 9442302 (log: /rds/project/rds-p67MZilb2eQ/projects/VGP/heterozygosity/.snakemake/slurm_logs/rule_REMOVE_INDELS/sharks_HepPer_CM068669.1/9442302.log).

[Fri May 16 14:56:48 2025]
rule REMOVE_INDELS:
    input: sharks/HepPer/temp/CM068662.1_restructured.vcf.gz
    output: sharks/HepPer/CM068662.1.recode.vcf
    jobid: 574
    reason: Missing output files: sharks/HepPer/CM068662.1.recode.vcf
    wildcards: CLADE=sharks, SPEC_NAME=HepPer, CHR=CM068662.1
    resources: mem_mb=100000, mem_mib=95368, disk_mb=1000, disk_mib=954, tmpdir=<TBD>, slurm_account=DURBIN-SL2-CPU, slurm_partition=cclake-himem, runtime=120

Job 574 has been submitted with SLURM jobid 9442303 (log: /rds/project/rds-p67MZilb2eQ/projects/VGP/heterozygosity/.snakemake/slurm_logs/rule_REMOVE_INDELS/sharks_HepPer_CM068662.1/9442303.log).

[Fri May 16 14:56:48 2025]
rule REMOVE_INDELS:
    input: sharks/HepPer/temp/CM068655.1_restructured.vcf.gz
    output: sharks/HepPer/CM068655.1.recode.vcf
    jobid: 560
    reason: Missing output files: sharks/HepPer/CM068655.1.recode.vcf
    wildcards: CLADE=sharks, SPEC_NAME=HepPer, CHR=CM068655.1
    resources: mem_mb=100000, mem_mib=95368, disk_mb=1000, disk_mib=954, tmpdir=<TBD>, slurm_account=DURBIN-SL2-CPU, slurm_partition=cclake-himem, runtime=120

Job 560 has been submitted with SLURM jobid 9442304 (log: /rds/project/rds-p67MZilb2eQ/projects/VGP/heterozygosity/.snakemake/slurm_logs/rule_REMOVE_INDELS/sharks_HepPer_CM068655.1/9442304.log).

[Fri May 16 14:56:48 2025]
rule REMOVE_INDELS:
    input: sharks/HepPer/temp/CM068648.1_restructured.vcf.gz
    output: sharks/HepPer/CM068648.1.recode.vcf
    jobid: 546
    reason: Missing output files: sharks/HepPer/CM068648.1.recode.vcf
    wildcards: CLADE=sharks, SPEC_NAME=HepPer, CHR=CM068648.1
    resources: mem_mb=100000, mem_mib=95368, disk_mb=1000, disk_mib=954, tmpdir=<TBD>, slurm_account=DURBIN-SL2-CPU, slurm_partition=cclake-himem, runtime=120

Job 546 has been submitted with SLURM jobid 9442305 (log: /rds/project/rds-p67MZilb2eQ/projects/VGP/heterozygosity/.snakemake/slurm_logs/rule_REMOVE_INDELS/sharks_HepPer_CM068648.1/9442305.log).

[Fri May 16 14:56:50 2025]
rule REMOVE_INDELS:
    input: sharks/HepPer/temp/CM068642.1_restructured.vcf.gz
    output: sharks/HepPer/CM068642.1.recode.vcf
    jobid: 534
    reason: Missing output files: sharks/HepPer/CM068642.1.recode.vcf
    wildcards: CLADE=sharks, SPEC_NAME=HepPer, CHR=CM068642.1
    resources: mem_mb=100000, mem_mib=95368, disk_mb=1000, disk_mib=954, tmpdir=<TBD>, slurm_account=DURBIN-SL2-CPU, slurm_partition=cclake-himem, runtime=120

Job 534 has been submitted with SLURM jobid 9442306 (log: /rds/project/rds-p67MZilb2eQ/projects/VGP/heterozygosity/.snakemake/slurm_logs/rule_REMOVE_INDELS/sharks_HepPer_CM068642.1/9442306.log).

[Fri May 16 14:56:50 2025]
rule REMOVE_INDELS:
    input: sharks/HepPer/temp/CM068677.1_restructured.vcf.gz
    output: sharks/HepPer/CM068677.1.recode.vcf
    jobid: 604
    reason: Missing output files: sharks/HepPer/CM068677.1.recode.vcf
    wildcards: CLADE=sharks, SPEC_NAME=HepPer, CHR=CM068677.1
    resources: mem_mb=100000, mem_mib=95368, disk_mb=1000, disk_mib=954, tmpdir=<TBD>, slurm_account=DURBIN-SL2-CPU, slurm_partition=cclake-himem, runtime=120

Job 604 has been submitted with SLURM jobid 9442307 (log: /rds/project/rds-p67MZilb2eQ/projects/VGP/heterozygosity/.snakemake/slurm_logs/rule_REMOVE_INDELS/sharks_HepPer_CM068677.1/9442307.log).

[Fri May 16 14:56:51 2025]
rule REMOVE_INDELS:
    input: sharks/HepPer/temp/CM068670.1_restructured.vcf.gz
    output: sharks/HepPer/CM068670.1.recode.vcf
    jobid: 590
    reason: Missing output files: sharks/HepPer/CM068670.1.recode.vcf
    wildcards: CLADE=sharks, SPEC_NAME=HepPer, CHR=CM068670.1
    resources: mem_mb=100000, mem_mib=95368, disk_mb=1000, disk_mib=954, tmpdir=<TBD>, slurm_account=DURBIN-SL2-CPU, slurm_partition=cclake-himem, runtime=120

Job 590 has been submitted with SLURM jobid 9442308 (log: /rds/project/rds-p67MZilb2eQ/projects/VGP/heterozygosity/.snakemake/slurm_logs/rule_REMOVE_INDELS/sharks_HepPer_CM068670.1/9442308.log).

[Fri May 16 14:56:53 2025]
rule REMOVE_INDELS:
    input: sharks/HepPer/temp/CM068663.1_restructured.vcf.gz
    output: sharks/HepPer/CM068663.1.recode.vcf
    jobid: 576
    reason: Missing output files: sharks/HepPer/CM068663.1.recode.vcf
    wildcards: CLADE=sharks, SPEC_NAME=HepPer, CHR=CM068663.1
    resources: mem_mb=100000, mem_mib=95368, disk_mb=1000, disk_mib=954, tmpdir=<TBD>, slurm_account=DURBIN-SL2-CPU, slurm_partition=cclake-himem, runtime=120

Job 576 has been submitted with SLURM jobid 9442309 (log: /rds/project/rds-p67MZilb2eQ/projects/VGP/heterozygosity/.snakemake/slurm_logs/rule_REMOVE_INDELS/sharks_HepPer_CM068663.1/9442309.log).

[Fri May 16 14:56:53 2025]
rule REMOVE_INDELS:
    input: sharks/HepPer/temp/CM068656.1_restructured.vcf.gz
    output: sharks/HepPer/CM068656.1.recode.vcf
    jobid: 562
    reason: Missing output files: sharks/HepPer/CM068656.1.recode.vcf
    wildcards: CLADE=sharks, SPEC_NAME=HepPer, CHR=CM068656.1
    resources: mem_mb=100000, mem_mib=95368, disk_mb=1000, disk_mib=954, tmpdir=<TBD>, slurm_account=DURBIN-SL2-CPU, slurm_partition=cclake-himem, runtime=120

Job 562 has been submitted with SLURM jobid 9442310 (log: /rds/project/rds-p67MZilb2eQ/projects/VGP/heterozygosity/.snakemake/slurm_logs/rule_REMOVE_INDELS/sharks_HepPer_CM068656.1/9442310.log).

[Fri May 16 14:56:53 2025]
rule PLOT_WHOLE_HET:
    input: sharks/HepPer/HepPer_Het_Compiled.tsv
    output: sharks/HepPer/20250422_HepPer_Het_Whole_Genome_Map.svg
    jobid: 292
    reason: Missing output files: sharks/HepPer/20250422_HepPer_Het_Whole_Genome_Map.svg
    wildcards: CLADE=sharks, SPEC_NAME=HepPer, TODAY_DATE=20250422
    resources: mem_mb=100000, mem_mib=95368, disk_mb=1000, disk_mib=954, tmpdir=<TBD>, slurm_account=DURBIN-SL2-CPU, slurm_partition=cclake-himem, runtime=120

Job 292 has been submitted with SLURM jobid 9442311 (log: /rds/project/rds-p67MZilb2eQ/projects/VGP/heterozygosity/.snakemake/slurm_logs/rule_PLOT_WHOLE_HET/sharks_HepPer_20250422/9442311.log).

[Fri May 16 14:56:53 2025]
rule REMOVE_INDELS:
    input: sharks/HepPer/temp/CM068649.1_restructured.vcf.gz
    output: sharks/HepPer/CM068649.1.recode.vcf
    jobid: 548
    reason: Missing output files: sharks/HepPer/CM068649.1.recode.vcf
    wildcards: CLADE=sharks, SPEC_NAME=HepPer, CHR=CM068649.1
    resources: mem_mb=100000, mem_mib=95368, disk_mb=1000, disk_mib=954, tmpdir=<TBD>, slurm_account=DURBIN-SL2-CPU, slurm_partition=cclake-himem, runtime=120

Job 548 has been submitted with SLURM jobid 9442316 (log: /rds/project/rds-p67MZilb2eQ/projects/VGP/heterozygosity/.snakemake/slurm_logs/rule_REMOVE_INDELS/sharks_HepPer_CM068649.1/9442316.log).

[Fri May 16 14:56:55 2025]
rule REMOVE_INDELS:
    input: sharks/HepPer/temp/CM068678.1_restructured.vcf.gz
    output: sharks/HepPer/CM068678.1.recode.vcf
    jobid: 606
    reason: Missing output files: sharks/HepPer/CM068678.1.recode.vcf
    wildcards: CLADE=sharks, SPEC_NAME=HepPer, CHR=CM068678.1
    resources: mem_mb=100000, mem_mib=95368, disk_mb=1000, disk_mib=954, tmpdir=<TBD>, slurm_account=DURBIN-SL2-CPU, slurm_partition=cclake-himem, runtime=120

Job 606 has been submitted with SLURM jobid 9442317 (log: /rds/project/rds-p67MZilb2eQ/projects/VGP/heterozygosity/.snakemake/slurm_logs/rule_REMOVE_INDELS/sharks_HepPer_CM068678.1/9442317.log).

[Fri May 16 14:56:56 2025]
rule REMOVE_INDELS:
    input: sharks/HepPer/temp/CM068671.1_restructured.vcf.gz
    output: sharks/HepPer/CM068671.1.recode.vcf
    jobid: 592
    reason: Missing output files: sharks/HepPer/CM068671.1.recode.vcf
    wildcards: CLADE=sharks, SPEC_NAME=HepPer, CHR=CM068671.1
    resources: mem_mb=100000, mem_mib=95368, disk_mb=1000, disk_mib=954, tmpdir=<TBD>, slurm_account=DURBIN-SL2-CPU, slurm_partition=cclake-himem, runtime=120

Job 592 has been submitted with SLURM jobid 9442318 (log: /rds/project/rds-p67MZilb2eQ/projects/VGP/heterozygosity/.snakemake/slurm_logs/rule_REMOVE_INDELS/sharks_HepPer_CM068671.1/9442318.log).

[Fri May 16 14:56:56 2025]
rule REMOVE_INDELS:
    input: sharks/HepPer/temp/CM068664.1_restructured.vcf.gz
    output: sharks/HepPer/CM068664.1.recode.vcf
    jobid: 578
    reason: Missing output files: sharks/HepPer/CM068664.1.recode.vcf
    wildcards: CLADE=sharks, SPEC_NAME=HepPer, CHR=CM068664.1
    resources: mem_mb=100000, mem_mib=95368, disk_mb=1000, disk_mib=954, tmpdir=<TBD>, slurm_account=DURBIN-SL2-CPU, slurm_partition=cclake-himem, runtime=120

Job 578 has been submitted with SLURM jobid 9442319 (log: /rds/project/rds-p67MZilb2eQ/projects/VGP/heterozygosity/.snakemake/slurm_logs/rule_REMOVE_INDELS/sharks_HepPer_CM068664.1/9442319.log).
