host: login-p-1
Building DAG of jobs...
Using shell: /usr/bin/bash
Provided cores: 56
Rules claiming more threads will be scaled down.
Job stats:
job           count
----------  -------
FILTER_PAF        1
total             1

Select jobs to execute...
Execute 1 jobs...

[Wed Mar 26 12:19:02 2025]
localrule FILTER_PAF:
    input: amphibians/EleCoq_TEST/EleCoq_TEST_FASTGA.paf
    output: amphibians/EleCoq_TEST/20250325_CM069418.1_filtered.paf, amphibians/EleCoq_TEST/20250325_CM069419.1_filtered.paf, amphibians/EleCoq_TEST/20250325_CM069420.1_filtered.paf, amphibians/EleCoq_TEST/20250325_CM069421.1_filtered.paf, amphibians/EleCoq_TEST/20250325_CM069422.1_filtered.paf, amphibians/EleCoq_TEST/20250325_CM069423.1_filtered.paf, amphibians/EleCoq_TEST/20250325_CM069424.1_filtered.paf, amphibians/EleCoq_TEST/20250325_CM069425.1_filtered.paf, amphibians/EleCoq_TEST/20250325_CM069426.1_filtered.paf, amphibians/EleCoq_TEST/20250325_CM069427.1_filtered.paf, amphibians/EleCoq_TEST/20250325_CM069428.1_filtered.paf, amphibians/EleCoq_TEST/20250325_CM069429.1_filtered.paf, amphibians/EleCoq_TEST/20250325_CM069430.1_filtered.paf, amphibians/EleCoq_TEST/20250325_CM069431.1_filtered.paf
    jobid: 0
    reason: Missing output files: amphibians/EleCoq_TEST/20250325_CM069429.1_filtered.paf, amphibians/EleCoq_TEST/20250325_CM069424.1_filtered.paf, amphibians/EleCoq_TEST/20250325_CM069426.1_filtered.paf, amphibians/EleCoq_TEST/20250325_CM069420.1_filtered.paf, amphibians/EleCoq_TEST/20250325_CM069423.1_filtered.paf, amphibians/EleCoq_TEST/20250325_CM069421.1_filtered.paf, amphibians/EleCoq_TEST/20250325_CM069418.1_filtered.paf, amphibians/EleCoq_TEST/20250325_CM069425.1_filtered.paf, amphibians/EleCoq_TEST/20250325_CM069428.1_filtered.paf, amphibians/EleCoq_TEST/20250325_CM069419.1_filtered.paf, amphibians/EleCoq_TEST/20250325_CM069430.1_filtered.paf, amphibians/EleCoq_TEST/20250325_CM069427.1_filtered.paf, amphibians/EleCoq_TEST/20250325_CM069422.1_filtered.paf, amphibians/EleCoq_TEST/20250325_CM069431.1_filtered.paf
    resources: tmpdir=/tmp

Waiting at most 5 seconds for missing files:
amphibians/EleCoq_TEST/20250325_CM069418.1_filtered.paf (missing locally)
amphibians/EleCoq_TEST/20250325_CM069419.1_filtered.paf (missing locally)
amphibians/EleCoq_TEST/20250325_CM069420.1_filtered.paf (missing locally)
amphibians/EleCoq_TEST/20250325_CM069421.1_filtered.paf (missing locally)
amphibians/EleCoq_TEST/20250325_CM069422.1_filtered.paf (missing locally)
amphibians/EleCoq_TEST/20250325_CM069423.1_filtered.paf (missing locally)
amphibians/EleCoq_TEST/20250325_CM069424.1_filtered.paf (missing locally)
amphibians/EleCoq_TEST/20250325_CM069425.1_filtered.paf (missing locally)
amphibians/EleCoq_TEST/20250325_CM069426.1_filtered.paf (missing locally)
amphibians/EleCoq_TEST/20250325_CM069427.1_filtered.paf (missing locally)
amphibians/EleCoq_TEST/20250325_CM069428.1_filtered.paf (missing locally)
amphibians/EleCoq_TEST/20250325_CM069429.1_filtered.paf (missing locally)
amphibians/EleCoq_TEST/20250325_CM069430.1_filtered.paf (missing locally)
amphibians/EleCoq_TEST/20250325_CM069431.1_filtered.paf (missing locally)
MissingOutputException in rule FILTER_PAF in file /rds/project/rds-p67MZilb2eQ/projects/VGP/heterozygosity/Snakefile, line 215:
Job 0 completed successfully, but some output files are missing. Missing files after 5 seconds. This might be due to filesystem latency. If that is the case, consider to increase the wait time with --latency-wait:
amphibians/EleCoq_TEST/20250325_CM069418.1_filtered.paf (missing locally, parent dir contents: temp, EleCoq_TEST_FASTGA.paf, EleCoq_TEST_ALN.1aln, Reference_EleCoq_TEST_Chroms_Lengths.txt)
amphibians/EleCoq_TEST/20250325_CM069419.1_filtered.paf (missing locally, parent dir contents: temp, EleCoq_TEST_FASTGA.paf, EleCoq_TEST_ALN.1aln, Reference_EleCoq_TEST_Chroms_Lengths.txt)
amphibians/EleCoq_TEST/20250325_CM069420.1_filtered.paf (missing locally, parent dir contents: temp, EleCoq_TEST_FASTGA.paf, EleCoq_TEST_ALN.1aln, Reference_EleCoq_TEST_Chroms_Lengths.txt)
amphibians/EleCoq_TEST/20250325_CM069421.1_filtered.paf (missing locally, parent dir contents: temp, EleCoq_TEST_FASTGA.paf, EleCoq_TEST_ALN.1aln, Reference_EleCoq_TEST_Chroms_Lengths.txt)
amphibians/EleCoq_TEST/20250325_CM069422.1_filtered.paf (missing locally, parent dir contents: temp, EleCoq_TEST_FASTGA.paf, EleCoq_TEST_ALN.1aln, Reference_EleCoq_TEST_Chroms_Lengths.txt)
amphibians/EleCoq_TEST/20250325_CM069423.1_filtered.paf (missing locally, parent dir contents: temp, EleCoq_TEST_FASTGA.paf, EleCoq_TEST_ALN.1aln, Reference_EleCoq_TEST_Chroms_Lengths.txt)
amphibians/EleCoq_TEST/20250325_CM069424.1_filtered.paf (missing locally, parent dir contents: temp, EleCoq_TEST_FASTGA.paf, EleCoq_TEST_ALN.1aln, Reference_EleCoq_TEST_Chroms_Lengths.txt)
amphibians/EleCoq_TEST/20250325_CM069425.1_filtered.paf (missing locally, parent dir contents: temp, EleCoq_TEST_FASTGA.paf, EleCoq_TEST_ALN.1aln, Reference_EleCoq_TEST_Chroms_Lengths.txt)
amphibians/EleCoq_TEST/20250325_CM069426.1_filtered.paf (missing locally, parent dir contents: temp, EleCoq_TEST_FASTGA.paf, EleCoq_TEST_ALN.1aln, Reference_EleCoq_TEST_Chroms_Lengths.txt)
amphibians/EleCoq_TEST/20250325_CM069427.1_filtered.paf (missing locally, parent dir contents: temp, EleCoq_TEST_FASTGA.paf, EleCoq_TEST_ALN.1aln, Reference_EleCoq_TEST_Chroms_Lengths.txt)
amphibians/EleCoq_TEST/20250325_CM069428.1_filtered.paf (missing locally, parent dir contents: temp, EleCoq_TEST_FASTGA.paf, EleCoq_TEST_ALN.1aln, Reference_EleCoq_TEST_Chroms_Lengths.txt)
amphibians/EleCoq_TEST/20250325_CM069429.1_filtered.paf (missing locally, parent dir contents: temp, EleCoq_TEST_FASTGA.paf, EleCoq_TEST_ALN.1aln, Reference_EleCoq_TEST_Chroms_Lengths.txt)
amphibians/EleCoq_TEST/20250325_CM069430.1_filtered.paf (missing locally, parent dir contents: temp, EleCoq_TEST_FASTGA.paf, EleCoq_TEST_ALN.1aln, Reference_EleCoq_TEST_Chroms_Lengths.txt)
amphibians/EleCoq_TEST/20250325_CM069431.1_filtered.paf (missing locally, parent dir contents: temp, EleCoq_TEST_FASTGA.paf, EleCoq_TEST_ALN.1aln, Reference_EleCoq_TEST_Chroms_Lengths.txt)
Shutting down, this might take some time.
Exiting because a job execution failed. Look above for error message
Complete log: .snakemake/log/2025-03-26T121902.331880.snakemake.log
WorkflowError:
At least one job did not complete successfully.
