host: login-p-4
Building DAG of jobs...
Using shell: /usr/bin/bash
Provided cores: 56
Rules claiming more threads will be scaled down.
Job stats:
job            count
-----------  -------
PAF_DOTPLOT        1
all                1
total              2

Select jobs to execute...
Execute 1 jobs...

[Wed Mar 26 22:52:14 2025]
localrule PAF_DOTPLOT:
    input: sharks/chrom_lists/GCA_035084275.1_chroms.txt, sharks/HydCol_Test/HydCol_Test_FASTGA.paf
    output: sharks/HydCol_Test/dotplots/20250326_HydCol_Test_CoveragePlot.pdf
    jobid: 56
    reason: Missing output files: sharks/HydCol_Test/dotplots/20250326_HydCol_Test_CoveragePlot.pdf
    wildcards: CLADE=sharks, SPEC_NAME=HydCol_Test, TODAY_DATE=20250326
    resources: tmpdir=/tmp

