host: login-q-1
Building DAG of jobs...
SLURM run ID: c27d2951-2cb9-405f-95c2-23ec5a0216db
Using shell: /usr/bin/bash
Provided remote nodes: 30
Job stats:
job               count
--------------  -------
SEP_PAF_BY_CHR       40
all                   1
total                41

Select jobs to execute...
Execute 30 jobs...

[Wed May 28 13:09:49 2025]
rule SEP_PAF_BY_CHR:
    input: sharks/HydCol/HydCol_FASTGA.chain.chr.fltr.srt.paf
    output: sharks/HydCol/MSMC/paf_files/HydCol_CM068771.1.paf
    jobid: 288
    reason: Missing output files: sharks/HydCol/MSMC/paf_files/HydCol_CM068771.1.paf
    wildcards: CLADE=sharks, SPEC_NAME=HydCol, CHROM=CM068771.1
    resources: mem_mb=10000, mem_mib=9537, disk_mb=1000, disk_mib=954, tmpdir=<TBD>, slurm_account=DURBIN-SL2-CPU, slurm_partition=cclake-himem, runtime=60

Job 288 has been submitted with SLURM jobid 10029263 (log: /rds/project/rds-p67MZilb2eQ/projects/VGP/heterozygosity/.snakemake/slurm_logs/rule_SEP_PAF_BY_CHR/sharks_HydCol_CM068771.1/10029263.log).

[Wed May 28 13:09:49 2025]
rule SEP_PAF_BY_CHR:
    input: sharks/HydCol/HydCol_FASTGA.chain.chr.fltr.srt.paf
    output: sharks/HydCol/MSMC/paf_files/HydCol_CM068758.1.paf
    jobid: 275
    reason: Missing output files: sharks/HydCol/MSMC/paf_files/HydCol_CM068758.1.paf
    wildcards: CLADE=sharks, SPEC_NAME=HydCol, CHROM=CM068758.1
    resources: mem_mb=10000, mem_mib=9537, disk_mb=1000, disk_mib=954, tmpdir=<TBD>, slurm_account=DURBIN-SL2-CPU, slurm_partition=cclake-himem, runtime=60

Job 275 has been submitted with SLURM jobid 10029264 (log: /rds/project/rds-p67MZilb2eQ/projects/VGP/heterozygosity/.snakemake/slurm_logs/rule_SEP_PAF_BY_CHR/sharks_HydCol_CM068758.1/10029264.log).

[Wed May 28 13:09:49 2025]
rule SEP_PAF_BY_CHR:
    input: sharks/HydCol/HydCol_FASTGA.chain.chr.fltr.srt.paf
    output: sharks/HydCol/MSMC/paf_files/HydCol_CM068751.1.paf
    jobid: 268
    reason: Missing output files: sharks/HydCol/MSMC/paf_files/HydCol_CM068751.1.paf
    wildcards: CLADE=sharks, SPEC_NAME=HydCol, CHROM=CM068751.1
    resources: mem_mb=10000, mem_mib=9537, disk_mb=1000, disk_mib=954, tmpdir=<TBD>, slurm_account=DURBIN-SL2-CPU, slurm_partition=cclake-himem, runtime=60

Job 268 has been submitted with SLURM jobid 10029265 (log: /rds/project/rds-p67MZilb2eQ/projects/VGP/heterozygosity/.snakemake/slurm_logs/rule_SEP_PAF_BY_CHR/sharks_HydCol_CM068751.1/10029265.log).

[Wed May 28 13:09:49 2025]
rule SEP_PAF_BY_CHR:
    input: sharks/HydCol/HydCol_FASTGA.chain.chr.fltr.srt.paf
    output: sharks/HydCol/MSMC/paf_files/HydCol_CM068744.1.paf
    jobid: 261
    reason: Missing output files: sharks/HydCol/MSMC/paf_files/HydCol_CM068744.1.paf
    wildcards: CLADE=sharks, SPEC_NAME=HydCol, CHROM=CM068744.1
    resources: mem_mb=10000, mem_mib=9537, disk_mb=1000, disk_mib=954, tmpdir=<TBD>, slurm_account=DURBIN-SL2-CPU, slurm_partition=cclake-himem, runtime=60

Job 261 has been submitted with SLURM jobid 10029266 (log: /rds/project/rds-p67MZilb2eQ/projects/VGP/heterozygosity/.snakemake/slurm_logs/rule_SEP_PAF_BY_CHR/sharks_HydCol_CM068744.1/10029266.log).

[Wed May 28 13:09:49 2025]
rule SEP_PAF_BY_CHR:
    input: sharks/HydCol/HydCol_FASTGA.chain.chr.fltr.srt.paf
    output: sharks/HydCol/MSMC/paf_files/HydCol_CM068779.1.paf
    jobid: 296
    reason: Missing output files: sharks/HydCol/MSMC/paf_files/HydCol_CM068779.1.paf
    wildcards: CLADE=sharks, SPEC_NAME=HydCol, CHROM=CM068779.1
    resources: mem_mb=10000, mem_mib=9537, disk_mb=1000, disk_mib=954, tmpdir=<TBD>, slurm_account=DURBIN-SL2-CPU, slurm_partition=cclake-himem, runtime=60

Job 296 has been submitted with SLURM jobid 10029267 (log: /rds/project/rds-p67MZilb2eQ/projects/VGP/heterozygosity/.snakemake/slurm_logs/rule_SEP_PAF_BY_CHR/sharks_HydCol_CM068779.1/10029267.log).

[Wed May 28 13:09:50 2025]
rule SEP_PAF_BY_CHR:
    input: sharks/HydCol/HydCol_FASTGA.chain.chr.fltr.srt.paf
    output: sharks/HydCol/MSMC/paf_files/HydCol_CM068772.1.paf
    jobid: 289
    reason: Missing output files: sharks/HydCol/MSMC/paf_files/HydCol_CM068772.1.paf
    wildcards: CLADE=sharks, SPEC_NAME=HydCol, CHROM=CM068772.1
    resources: mem_mb=10000, mem_mib=9537, disk_mb=1000, disk_mib=954, tmpdir=<TBD>, slurm_account=DURBIN-SL2-CPU, slurm_partition=cclake-himem, runtime=60

Job 289 has been submitted with SLURM jobid 10029268 (log: /rds/project/rds-p67MZilb2eQ/projects/VGP/heterozygosity/.snakemake/slurm_logs/rule_SEP_PAF_BY_CHR/sharks_HydCol_CM068772.1/10029268.log).

[Wed May 28 13:09:50 2025]
rule SEP_PAF_BY_CHR:
    input: sharks/HydCol/HydCol_FASTGA.chain.chr.fltr.srt.paf
    output: sharks/HydCol/MSMC/paf_files/HydCol_CM068765.1.paf
    jobid: 282
    reason: Missing output files: sharks/HydCol/MSMC/paf_files/HydCol_CM068765.1.paf
    wildcards: CLADE=sharks, SPEC_NAME=HydCol, CHROM=CM068765.1
    resources: mem_mb=10000, mem_mib=9537, disk_mb=1000, disk_mib=954, tmpdir=<TBD>, slurm_account=DURBIN-SL2-CPU, slurm_partition=cclake-himem, runtime=60

Job 282 has been submitted with SLURM jobid 10029269 (log: /rds/project/rds-p67MZilb2eQ/projects/VGP/heterozygosity/.snakemake/slurm_logs/rule_SEP_PAF_BY_CHR/sharks_HydCol_CM068765.1/10029269.log).

[Wed May 28 13:09:50 2025]
rule SEP_PAF_BY_CHR:
    input: sharks/HydCol/HydCol_FASTGA.chain.chr.fltr.srt.paf
    output: sharks/HydCol/MSMC/paf_files/HydCol_CM068759.1.paf
    jobid: 276
    reason: Missing output files: sharks/HydCol/MSMC/paf_files/HydCol_CM068759.1.paf
    wildcards: CLADE=sharks, SPEC_NAME=HydCol, CHROM=CM068759.1
    resources: mem_mb=10000, mem_mib=9537, disk_mb=1000, disk_mib=954, tmpdir=<TBD>, slurm_account=DURBIN-SL2-CPU, slurm_partition=cclake-himem, runtime=60

Job 276 has been submitted with SLURM jobid 10029270 (log: /rds/project/rds-p67MZilb2eQ/projects/VGP/heterozygosity/.snakemake/slurm_logs/rule_SEP_PAF_BY_CHR/sharks_HydCol_CM068759.1/10029270.log).

[Wed May 28 13:09:50 2025]
rule SEP_PAF_BY_CHR:
    input: sharks/HydCol/HydCol_FASTGA.chain.chr.fltr.srt.paf
    output: sharks/HydCol/MSMC/paf_files/HydCol_CM068752.1.paf
    jobid: 269
    reason: Missing output files: sharks/HydCol/MSMC/paf_files/HydCol_CM068752.1.paf
    wildcards: CLADE=sharks, SPEC_NAME=HydCol, CHROM=CM068752.1
    resources: mem_mb=10000, mem_mib=9537, disk_mb=1000, disk_mib=954, tmpdir=<TBD>, slurm_account=DURBIN-SL2-CPU, slurm_partition=cclake-himem, runtime=60

Job 269 has been submitted with SLURM jobid 10029271 (log: /rds/project/rds-p67MZilb2eQ/projects/VGP/heterozygosity/.snakemake/slurm_logs/rule_SEP_PAF_BY_CHR/sharks_HydCol_CM068752.1/10029271.log).

[Wed May 28 13:09:51 2025]
rule SEP_PAF_BY_CHR:
    input: sharks/HydCol/HydCol_FASTGA.chain.chr.fltr.srt.paf
    output: sharks/HydCol/MSMC/paf_files/HydCol_CM068745.1.paf
    jobid: 262
    reason: Missing output files: sharks/HydCol/MSMC/paf_files/HydCol_CM068745.1.paf
    wildcards: CLADE=sharks, SPEC_NAME=HydCol, CHROM=CM068745.1
    resources: mem_mb=10000, mem_mib=9537, disk_mb=1000, disk_mib=954, tmpdir=<TBD>, slurm_account=DURBIN-SL2-CPU, slurm_partition=cclake-himem, runtime=60

Job 262 has been submitted with SLURM jobid 10029272 (log: /rds/project/rds-p67MZilb2eQ/projects/VGP/heterozygosity/.snakemake/slurm_logs/rule_SEP_PAF_BY_CHR/sharks_HydCol_CM068745.1/10029272.log).

[Wed May 28 13:09:51 2025]
rule SEP_PAF_BY_CHR:
    input: sharks/HydCol/HydCol_FASTGA.chain.chr.fltr.srt.paf
    output: sharks/HydCol/MSMC/paf_files/HydCol_CM068780.1.paf
    jobid: 297
    reason: Missing output files: sharks/HydCol/MSMC/paf_files/HydCol_CM068780.1.paf
    wildcards: CLADE=sharks, SPEC_NAME=HydCol, CHROM=CM068780.1
    resources: mem_mb=10000, mem_mib=9537, disk_mb=1000, disk_mib=954, tmpdir=<TBD>, slurm_account=DURBIN-SL2-CPU, slurm_partition=cclake-himem, runtime=60

Job 297 has been submitted with SLURM jobid 10029273 (log: /rds/project/rds-p67MZilb2eQ/projects/VGP/heterozygosity/.snakemake/slurm_logs/rule_SEP_PAF_BY_CHR/sharks_HydCol_CM068780.1/10029273.log).

[Wed May 28 13:09:51 2025]
rule SEP_PAF_BY_CHR:
    input: sharks/HydCol/HydCol_FASTGA.chain.chr.fltr.srt.paf
    output: sharks/HydCol/MSMC/paf_files/HydCol_CM068773.1.paf
    jobid: 290
    reason: Missing output files: sharks/HydCol/MSMC/paf_files/HydCol_CM068773.1.paf
    wildcards: CLADE=sharks, SPEC_NAME=HydCol, CHROM=CM068773.1
    resources: mem_mb=10000, mem_mib=9537, disk_mb=1000, disk_mib=954, tmpdir=<TBD>, slurm_account=DURBIN-SL2-CPU, slurm_partition=cclake-himem, runtime=60

Job 290 has been submitted with SLURM jobid 10029274 (log: /rds/project/rds-p67MZilb2eQ/projects/VGP/heterozygosity/.snakemake/slurm_logs/rule_SEP_PAF_BY_CHR/sharks_HydCol_CM068773.1/10029274.log).

[Wed May 28 13:09:51 2025]
rule SEP_PAF_BY_CHR:
    input: sharks/HydCol/HydCol_FASTGA.chain.chr.fltr.srt.paf
    output: sharks/HydCol/MSMC/paf_files/HydCol_CM068766.1.paf
    jobid: 283
    reason: Missing output files: sharks/HydCol/MSMC/paf_files/HydCol_CM068766.1.paf
    wildcards: CLADE=sharks, SPEC_NAME=HydCol, CHROM=CM068766.1
    resources: mem_mb=10000, mem_mib=9537, disk_mb=1000, disk_mib=954, tmpdir=<TBD>, slurm_account=DURBIN-SL2-CPU, slurm_partition=cclake-himem, runtime=60

Job 283 has been submitted with SLURM jobid 10029275 (log: /rds/project/rds-p67MZilb2eQ/projects/VGP/heterozygosity/.snakemake/slurm_logs/rule_SEP_PAF_BY_CHR/sharks_HydCol_CM068766.1/10029275.log).

[Wed May 28 13:09:51 2025]
rule SEP_PAF_BY_CHR:
    input: sharks/HydCol/HydCol_FASTGA.chain.chr.fltr.srt.paf
    output: sharks/HydCol/MSMC/paf_files/HydCol_CM068760.1.paf
    jobid: 277
    reason: Missing output files: sharks/HydCol/MSMC/paf_files/HydCol_CM068760.1.paf
    wildcards: CLADE=sharks, SPEC_NAME=HydCol, CHROM=CM068760.1
    resources: mem_mb=10000, mem_mib=9537, disk_mb=1000, disk_mib=954, tmpdir=<TBD>, slurm_account=DURBIN-SL2-CPU, slurm_partition=cclake-himem, runtime=60

Job 277 has been submitted with SLURM jobid 10029276 (log: /rds/project/rds-p67MZilb2eQ/projects/VGP/heterozygosity/.snakemake/slurm_logs/rule_SEP_PAF_BY_CHR/sharks_HydCol_CM068760.1/10029276.log).

[Wed May 28 13:09:52 2025]
rule SEP_PAF_BY_CHR:
    input: sharks/HydCol/HydCol_FASTGA.chain.chr.fltr.srt.paf
    output: sharks/HydCol/MSMC/paf_files/HydCol_CM068753.1.paf
    jobid: 270
    reason: Missing output files: sharks/HydCol/MSMC/paf_files/HydCol_CM068753.1.paf
    wildcards: CLADE=sharks, SPEC_NAME=HydCol, CHROM=CM068753.1
    resources: mem_mb=10000, mem_mib=9537, disk_mb=1000, disk_mib=954, tmpdir=<TBD>, slurm_account=DURBIN-SL2-CPU, slurm_partition=cclake-himem, runtime=60

Job 270 has been submitted with SLURM jobid 10029277 (log: /rds/project/rds-p67MZilb2eQ/projects/VGP/heterozygosity/.snakemake/slurm_logs/rule_SEP_PAF_BY_CHR/sharks_HydCol_CM068753.1/10029277.log).

[Wed May 28 13:09:52 2025]
rule SEP_PAF_BY_CHR:
    input: sharks/HydCol/HydCol_FASTGA.chain.chr.fltr.srt.paf
    output: sharks/HydCol/MSMC/paf_files/HydCol_CM068746.1.paf
    jobid: 263
    reason: Missing output files: sharks/HydCol/MSMC/paf_files/HydCol_CM068746.1.paf
    wildcards: CLADE=sharks, SPEC_NAME=HydCol, CHROM=CM068746.1
    resources: mem_mb=10000, mem_mib=9537, disk_mb=1000, disk_mib=954, tmpdir=<TBD>, slurm_account=DURBIN-SL2-CPU, slurm_partition=cclake-himem, runtime=60

Job 263 has been submitted with SLURM jobid 10029278 (log: /rds/project/rds-p67MZilb2eQ/projects/VGP/heterozygosity/.snakemake/slurm_logs/rule_SEP_PAF_BY_CHR/sharks_HydCol_CM068746.1/10029278.log).

[Wed May 28 13:09:52 2025]
rule SEP_PAF_BY_CHR:
    input: sharks/HydCol/HydCol_FASTGA.chain.chr.fltr.srt.paf
    output: sharks/HydCol/MSMC/paf_files/HydCol_CM068781.1.paf
    jobid: 298
    reason: Missing output files: sharks/HydCol/MSMC/paf_files/HydCol_CM068781.1.paf
    wildcards: CLADE=sharks, SPEC_NAME=HydCol, CHROM=CM068781.1
    resources: mem_mb=10000, mem_mib=9537, disk_mb=1000, disk_mib=954, tmpdir=<TBD>, slurm_account=DURBIN-SL2-CPU, slurm_partition=cclake-himem, runtime=60

Job 298 has been submitted with SLURM jobid 10029279 (log: /rds/project/rds-p67MZilb2eQ/projects/VGP/heterozygosity/.snakemake/slurm_logs/rule_SEP_PAF_BY_CHR/sharks_HydCol_CM068781.1/10029279.log).

[Wed May 28 13:09:52 2025]
rule SEP_PAF_BY_CHR:
    input: sharks/HydCol/HydCol_FASTGA.chain.chr.fltr.srt.paf
    output: sharks/HydCol/MSMC/paf_files/HydCol_CM068755.1.paf
    jobid: 272
    reason: Missing output files: sharks/HydCol/MSMC/paf_files/HydCol_CM068755.1.paf
    wildcards: CLADE=sharks, SPEC_NAME=HydCol, CHROM=CM068755.1
    resources: mem_mb=10000, mem_mib=9537, disk_mb=1000, disk_mib=954, tmpdir=<TBD>, slurm_account=DURBIN-SL2-CPU, slurm_partition=cclake-himem, runtime=60

Job 272 has been submitted with SLURM jobid 10029280 (log: /rds/project/rds-p67MZilb2eQ/projects/VGP/heterozygosity/.snakemake/slurm_logs/rule_SEP_PAF_BY_CHR/sharks_HydCol_CM068755.1/10029280.log).

[Wed May 28 13:09:52 2025]
rule SEP_PAF_BY_CHR:
    input: sharks/HydCol/HydCol_FASTGA.chain.chr.fltr.srt.paf
    output: sharks/HydCol/MSMC/paf_files/HydCol_CM068748.1.paf
    jobid: 265
    reason: Missing output files: sharks/HydCol/MSMC/paf_files/HydCol_CM068748.1.paf
    wildcards: CLADE=sharks, SPEC_NAME=HydCol, CHROM=CM068748.1
    resources: mem_mb=10000, mem_mib=9537, disk_mb=1000, disk_mib=954, tmpdir=<TBD>, slurm_account=DURBIN-SL2-CPU, slurm_partition=cclake-himem, runtime=60

Job 265 has been submitted with SLURM jobid 10029281 (log: /rds/project/rds-p67MZilb2eQ/projects/VGP/heterozygosity/.snakemake/slurm_logs/rule_SEP_PAF_BY_CHR/sharks_HydCol_CM068748.1/10029281.log).

[Wed May 28 13:09:52 2025]
rule SEP_PAF_BY_CHR:
    input: sharks/HydCol/HydCol_FASTGA.chain.chr.fltr.srt.paf
    output: sharks/HydCol/MSMC/paf_files/HydCol_CM068776.1.paf
    jobid: 293
    reason: Missing output files: sharks/HydCol/MSMC/paf_files/HydCol_CM068776.1.paf
    wildcards: CLADE=sharks, SPEC_NAME=HydCol, CHROM=CM068776.1
    resources: mem_mb=10000, mem_mib=9537, disk_mb=1000, disk_mib=954, tmpdir=<TBD>, slurm_account=DURBIN-SL2-CPU, slurm_partition=cclake-himem, runtime=60

Job 293 has been submitted with SLURM jobid 10029282 (log: /rds/project/rds-p67MZilb2eQ/projects/VGP/heterozygosity/.snakemake/slurm_logs/rule_SEP_PAF_BY_CHR/sharks_HydCol_CM068776.1/10029282.log).

[Wed May 28 13:09:52 2025]
rule SEP_PAF_BY_CHR:
    input: sharks/HydCol/HydCol_FASTGA.chain.chr.fltr.srt.paf
    output: sharks/HydCol/MSMC/paf_files/HydCol_CM068769.1.paf
    jobid: 286
    reason: Missing output files: sharks/HydCol/MSMC/paf_files/HydCol_CM068769.1.paf
    wildcards: CLADE=sharks, SPEC_NAME=HydCol, CHROM=CM068769.1
    resources: mem_mb=10000, mem_mib=9537, disk_mb=1000, disk_mib=954, tmpdir=<TBD>, slurm_account=DURBIN-SL2-CPU, slurm_partition=cclake-himem, runtime=60

Job 286 has been submitted with SLURM jobid 10029283 (log: /rds/project/rds-p67MZilb2eQ/projects/VGP/heterozygosity/.snakemake/slurm_logs/rule_SEP_PAF_BY_CHR/sharks_HydCol_CM068769.1/10029283.log).

[Wed May 28 13:09:53 2025]
rule SEP_PAF_BY_CHR:
    input: sharks/HydCol/HydCol_FASTGA.chain.chr.fltr.srt.paf
    output: sharks/HydCol/MSMC/paf_files/HydCol_CM068763.1.paf
    jobid: 280
    reason: Missing output files: sharks/HydCol/MSMC/paf_files/HydCol_CM068763.1.paf
    wildcards: CLADE=sharks, SPEC_NAME=HydCol, CHROM=CM068763.1
    resources: mem_mb=10000, mem_mib=9537, disk_mb=1000, disk_mib=954, tmpdir=<TBD>, slurm_account=DURBIN-SL2-CPU, slurm_partition=cclake-himem, runtime=60

Job 280 has been submitted with SLURM jobid 10029284 (log: /rds/project/rds-p67MZilb2eQ/projects/VGP/heterozygosity/.snakemake/slurm_logs/rule_SEP_PAF_BY_CHR/sharks_HydCol_CM068763.1/10029284.log).

[Wed May 28 13:09:53 2025]
rule SEP_PAF_BY_CHR:
    input: sharks/HydCol/HydCol_FASTGA.chain.chr.fltr.srt.paf
    output: sharks/HydCol/MSMC/paf_files/HydCol_CM068756.1.paf
    jobid: 273
    reason: Missing output files: sharks/HydCol/MSMC/paf_files/HydCol_CM068756.1.paf
    wildcards: CLADE=sharks, SPEC_NAME=HydCol, CHROM=CM068756.1
    resources: mem_mb=10000, mem_mib=9537, disk_mb=1000, disk_mib=954, tmpdir=<TBD>, slurm_account=DURBIN-SL2-CPU, slurm_partition=cclake-himem, runtime=60

Job 273 has been submitted with SLURM jobid 10029285 (log: /rds/project/rds-p67MZilb2eQ/projects/VGP/heterozygosity/.snakemake/slurm_logs/rule_SEP_PAF_BY_CHR/sharks_HydCol_CM068756.1/10029285.log).

[Wed May 28 13:09:53 2025]
rule SEP_PAF_BY_CHR:
    input: sharks/HydCol/HydCol_FASTGA.chain.chr.fltr.srt.paf
    output: sharks/HydCol/MSMC/paf_files/HydCol_CM068749.1.paf
    jobid: 266
    reason: Missing output files: sharks/HydCol/MSMC/paf_files/HydCol_CM068749.1.paf
    wildcards: CLADE=sharks, SPEC_NAME=HydCol, CHROM=CM068749.1
    resources: mem_mb=10000, mem_mib=9537, disk_mb=1000, disk_mib=954, tmpdir=<TBD>, slurm_account=DURBIN-SL2-CPU, slurm_partition=cclake-himem, runtime=60

Job 266 has been submitted with SLURM jobid 10029286 (log: /rds/project/rds-p67MZilb2eQ/projects/VGP/heterozygosity/.snakemake/slurm_logs/rule_SEP_PAF_BY_CHR/sharks_HydCol_CM068749.1/10029286.log).

[Wed May 28 13:09:53 2025]
rule SEP_PAF_BY_CHR:
    input: sharks/HydCol/HydCol_FASTGA.chain.chr.fltr.srt.paf
    output: sharks/HydCol/MSMC/paf_files/HydCol_CM068742.1.paf
    jobid: 259
    reason: Missing output files: sharks/HydCol/MSMC/paf_files/HydCol_CM068742.1.paf
    wildcards: CLADE=sharks, SPEC_NAME=HydCol, CHROM=CM068742.1
    resources: mem_mb=10000, mem_mib=9537, disk_mb=1000, disk_mib=954, tmpdir=<TBD>, slurm_account=DURBIN-SL2-CPU, slurm_partition=cclake-himem, runtime=60

Job 259 has been submitted with SLURM jobid 10029287 (log: /rds/project/rds-p67MZilb2eQ/projects/VGP/heterozygosity/.snakemake/slurm_logs/rule_SEP_PAF_BY_CHR/sharks_HydCol_CM068742.1/10029287.log).

[Wed May 28 13:09:53 2025]
rule SEP_PAF_BY_CHR:
    input: sharks/HydCol/HydCol_FASTGA.chain.chr.fltr.srt.paf
    output: sharks/HydCol/MSMC/paf_files/HydCol_CM068777.1.paf
    jobid: 294
    reason: Missing output files: sharks/HydCol/MSMC/paf_files/HydCol_CM068777.1.paf
    wildcards: CLADE=sharks, SPEC_NAME=HydCol, CHROM=CM068777.1
    resources: mem_mb=10000, mem_mib=9537, disk_mb=1000, disk_mib=954, tmpdir=<TBD>, slurm_account=DURBIN-SL2-CPU, slurm_partition=cclake-himem, runtime=60

Job 294 has been submitted with SLURM jobid 10029288 (log: /rds/project/rds-p67MZilb2eQ/projects/VGP/heterozygosity/.snakemake/slurm_logs/rule_SEP_PAF_BY_CHR/sharks_HydCol_CM068777.1/10029288.log).

[Wed May 28 13:09:53 2025]
rule SEP_PAF_BY_CHR:
    input: sharks/HydCol/HydCol_FASTGA.chain.chr.fltr.srt.paf
    output: sharks/HydCol/MSMC/paf_files/HydCol_CM068770.1.paf
    jobid: 287
    reason: Missing output files: sharks/HydCol/MSMC/paf_files/HydCol_CM068770.1.paf
    wildcards: CLADE=sharks, SPEC_NAME=HydCol, CHROM=CM068770.1
    resources: mem_mb=10000, mem_mib=9537, disk_mb=1000, disk_mib=954, tmpdir=<TBD>, slurm_account=DURBIN-SL2-CPU, slurm_partition=cclake-himem, runtime=60

Job 287 has been submitted with SLURM jobid 10029289 (log: /rds/project/rds-p67MZilb2eQ/projects/VGP/heterozygosity/.snakemake/slurm_logs/rule_SEP_PAF_BY_CHR/sharks_HydCol_CM068770.1/10029289.log).

[Wed May 28 13:09:54 2025]
rule SEP_PAF_BY_CHR:
    input: sharks/HydCol/HydCol_FASTGA.chain.chr.fltr.srt.paf
    output: sharks/HydCol/MSMC/paf_files/HydCol_CM068757.1.paf
    jobid: 274
    reason: Missing output files: sharks/HydCol/MSMC/paf_files/HydCol_CM068757.1.paf
    wildcards: CLADE=sharks, SPEC_NAME=HydCol, CHROM=CM068757.1
    resources: mem_mb=10000, mem_mib=9537, disk_mb=1000, disk_mib=954, tmpdir=<TBD>, slurm_account=DURBIN-SL2-CPU, slurm_partition=cclake-himem, runtime=60

Job 274 has been submitted with SLURM jobid 10029290 (log: /rds/project/rds-p67MZilb2eQ/projects/VGP/heterozygosity/.snakemake/slurm_logs/rule_SEP_PAF_BY_CHR/sharks_HydCol_CM068757.1/10029290.log).

[Wed May 28 13:09:54 2025]
rule SEP_PAF_BY_CHR:
    input: sharks/HydCol/HydCol_FASTGA.chain.chr.fltr.srt.paf
    output: sharks/HydCol/MSMC/paf_files/HydCol_CM068750.1.paf
    jobid: 267
    reason: Missing output files: sharks/HydCol/MSMC/paf_files/HydCol_CM068750.1.paf
    wildcards: CLADE=sharks, SPEC_NAME=HydCol, CHROM=CM068750.1
    resources: mem_mb=10000, mem_mib=9537, disk_mb=1000, disk_mib=954, tmpdir=<TBD>, slurm_account=DURBIN-SL2-CPU, slurm_partition=cclake-himem, runtime=60

Job 267 has been submitted with SLURM jobid 10029291 (log: /rds/project/rds-p67MZilb2eQ/projects/VGP/heterozygosity/.snakemake/slurm_logs/rule_SEP_PAF_BY_CHR/sharks_HydCol_CM068750.1/10029291.log).

[Wed May 28 13:09:54 2025]
rule SEP_PAF_BY_CHR:
    input: sharks/HydCol/HydCol_FASTGA.chain.chr.fltr.srt.paf
    output: sharks/HydCol/MSMC/paf_files/HydCol_CM068743.1.paf
    jobid: 260
    reason: Missing output files: sharks/HydCol/MSMC/paf_files/HydCol_CM068743.1.paf
    wildcards: CLADE=sharks, SPEC_NAME=HydCol, CHROM=CM068743.1
    resources: mem_mb=10000, mem_mib=9537, disk_mb=1000, disk_mib=954, tmpdir=<TBD>, slurm_account=DURBIN-SL2-CPU, slurm_partition=cclake-himem, runtime=60

Job 260 has been submitted with SLURM jobid 10029292 (log: /rds/project/rds-p67MZilb2eQ/projects/VGP/heterozygosity/.snakemake/slurm_logs/rule_SEP_PAF_BY_CHR/sharks_HydCol_CM068743.1/10029292.log).
[Wed May 28 13:10:29 2025]
Finished job 288.
1 of 41 steps (2%) done
Select jobs to execute...
Execute 1 jobs...

[Wed May 28 13:10:29 2025]
rule SEP_PAF_BY_CHR:
    input: sharks/HydCol/HydCol_FASTGA.chain.chr.fltr.srt.paf
    output: sharks/HydCol/MSMC/paf_files/HydCol_CM068761.1.paf
    jobid: 278
    reason: Missing output files: sharks/HydCol/MSMC/paf_files/HydCol_CM068761.1.paf
    wildcards: CLADE=sharks, SPEC_NAME=HydCol, CHROM=CM068761.1
    resources: mem_mb=10000, mem_mib=9537, disk_mb=1000, disk_mib=954, tmpdir=<TBD>, slurm_account=DURBIN-SL2-CPU, slurm_partition=cclake-himem, runtime=60

Job 278 has been submitted with SLURM jobid 10029323 (log: /rds/project/rds-p67MZilb2eQ/projects/VGP/heterozygosity/.snakemake/slurm_logs/rule_SEP_PAF_BY_CHR/sharks_HydCol_CM068761.1/10029323.log).
[Wed May 28 13:10:30 2025]
Finished job 275.
2 of 41 steps (5%) done
[Wed May 28 13:10:30 2025]
Finished job 268.
3 of 41 steps (7%) done
[Wed May 28 13:10:30 2025]
Finished job 261.
4 of 41 steps (10%) done
[Wed May 28 13:10:30 2025]
Finished job 296.
5 of 41 steps (12%) done
[Wed May 28 13:10:30 2025]
Finished job 289.
6 of 41 steps (15%) done
[Wed May 28 13:10:30 2025]
Finished job 282.
7 of 41 steps (17%) done
[Wed May 28 13:10:30 2025]
Finished job 276.
8 of 41 steps (20%) done
[Wed May 28 13:10:30 2025]
Finished job 269.
9 of 41 steps (22%) done
[Wed May 28 13:10:30 2025]
Finished job 262.
10 of 41 steps (24%) done
[Wed May 28 13:10:31 2025]
Finished job 297.
11 of 41 steps (27%) done
Select jobs to execute...
Execute 9 jobs...

[Wed May 28 13:10:31 2025]
rule SEP_PAF_BY_CHR:
    input: sharks/HydCol/HydCol_FASTGA.chain.chr.fltr.srt.paf
    output: sharks/HydCol/MSMC/paf_files/HydCol_CM068754.1.paf
    jobid: 271
    reason: Missing output files: sharks/HydCol/MSMC/paf_files/HydCol_CM068754.1.paf
    wildcards: CLADE=sharks, SPEC_NAME=HydCol, CHROM=CM068754.1
    resources: mem_mb=10000, mem_mib=9537, disk_mb=1000, disk_mib=954, tmpdir=<TBD>, slurm_account=DURBIN-SL2-CPU, slurm_partition=cclake-himem, runtime=60

Job 271 has been submitted with SLURM jobid 10029324 (log: /rds/project/rds-p67MZilb2eQ/projects/VGP/heterozygosity/.snakemake/slurm_logs/rule_SEP_PAF_BY_CHR/sharks_HydCol_CM068754.1/10029324.log).

[Wed May 28 13:10:31 2025]
rule SEP_PAF_BY_CHR:
    input: sharks/HydCol/HydCol_FASTGA.chain.chr.fltr.srt.paf
    output: sharks/HydCol/MSMC/paf_files/HydCol_CM068778.1.paf
    jobid: 295
    reason: Missing output files: sharks/HydCol/MSMC/paf_files/HydCol_CM068778.1.paf
    wildcards: CLADE=sharks, SPEC_NAME=HydCol, CHROM=CM068778.1
    resources: mem_mb=10000, mem_mib=9537, disk_mb=1000, disk_mib=954, tmpdir=<TBD>, slurm_account=DURBIN-SL2-CPU, slurm_partition=cclake-himem, runtime=60

Job 295 has been submitted with SLURM jobid 10029325 (log: /rds/project/rds-p67MZilb2eQ/projects/VGP/heterozygosity/.snakemake/slurm_logs/rule_SEP_PAF_BY_CHR/sharks_HydCol_CM068778.1/10029325.log).

[Wed May 28 13:10:33 2025]
rule SEP_PAF_BY_CHR:
    input: sharks/HydCol/HydCol_FASTGA.chain.chr.fltr.srt.paf
    output: sharks/HydCol/MSMC/paf_files/HydCol_CM068747.1.paf
    jobid: 264
    reason: Missing output files: sharks/HydCol/MSMC/paf_files/HydCol_CM068747.1.paf
    wildcards: CLADE=sharks, SPEC_NAME=HydCol, CHROM=CM068747.1
    resources: mem_mb=10000, mem_mib=9537, disk_mb=1000, disk_mib=954, tmpdir=<TBD>, slurm_account=DURBIN-SL2-CPU, slurm_partition=cclake-himem, runtime=60

Job 264 has been submitted with SLURM jobid 10029326 (log: /rds/project/rds-p67MZilb2eQ/projects/VGP/heterozygosity/.snakemake/slurm_logs/rule_SEP_PAF_BY_CHR/sharks_HydCol_CM068747.1/10029326.log).

[Wed May 28 13:10:33 2025]
rule SEP_PAF_BY_CHR:
    input: sharks/HydCol/HydCol_FASTGA.chain.chr.fltr.srt.paf
    output: sharks/HydCol/MSMC/paf_files/HydCol_CM068764.1.paf
    jobid: 281
    reason: Missing output files: sharks/HydCol/MSMC/paf_files/HydCol_CM068764.1.paf
    wildcards: CLADE=sharks, SPEC_NAME=HydCol, CHROM=CM068764.1
    resources: mem_mb=10000, mem_mib=9537, disk_mb=1000, disk_mib=954, tmpdir=<TBD>, slurm_account=DURBIN-SL2-CPU, slurm_partition=cclake-himem, runtime=60

Job 281 has been submitted with SLURM jobid 10029327 (log: /rds/project/rds-p67MZilb2eQ/projects/VGP/heterozygosity/.snakemake/slurm_logs/rule_SEP_PAF_BY_CHR/sharks_HydCol_CM068764.1/10029327.log).

[Wed May 28 13:10:33 2025]
rule SEP_PAF_BY_CHR:
    input: sharks/HydCol/HydCol_FASTGA.chain.chr.fltr.srt.paf
    output: sharks/HydCol/MSMC/paf_files/HydCol_CM068775.1.paf
    jobid: 292
    reason: Missing output files: sharks/HydCol/MSMC/paf_files/HydCol_CM068775.1.paf
    wildcards: CLADE=sharks, SPEC_NAME=HydCol, CHROM=CM068775.1
    resources: mem_mb=10000, mem_mib=9537, disk_mb=1000, disk_mib=954, tmpdir=<TBD>, slurm_account=DURBIN-SL2-CPU, slurm_partition=cclake-himem, runtime=60

Job 292 has been submitted with SLURM jobid 10029328 (log: /rds/project/rds-p67MZilb2eQ/projects/VGP/heterozygosity/.snakemake/slurm_logs/rule_SEP_PAF_BY_CHR/sharks_HydCol_CM068775.1/10029328.log).

[Wed May 28 13:10:35 2025]
rule SEP_PAF_BY_CHR:
    input: sharks/HydCol/HydCol_FASTGA.chain.chr.fltr.srt.paf
    output: sharks/HydCol/MSMC/paf_files/HydCol_CM068768.1.paf
    jobid: 285
    reason: Missing output files: sharks/HydCol/MSMC/paf_files/HydCol_CM068768.1.paf
    wildcards: CLADE=sharks, SPEC_NAME=HydCol, CHROM=CM068768.1
    resources: mem_mb=10000, mem_mib=9537, disk_mb=1000, disk_mib=954, tmpdir=<TBD>, slurm_account=DURBIN-SL2-CPU, slurm_partition=cclake-himem, runtime=60

Job 285 has been submitted with SLURM jobid 10029329 (log: /rds/project/rds-p67MZilb2eQ/projects/VGP/heterozygosity/.snakemake/slurm_logs/rule_SEP_PAF_BY_CHR/sharks_HydCol_CM068768.1/10029329.log).

[Wed May 28 13:10:35 2025]
rule SEP_PAF_BY_CHR:
    input: sharks/HydCol/HydCol_FASTGA.chain.chr.fltr.srt.paf
    output: sharks/HydCol/MSMC/paf_files/HydCol_CM068762.1.paf
    jobid: 279
    reason: Missing output files: sharks/HydCol/MSMC/paf_files/HydCol_CM068762.1.paf
    wildcards: CLADE=sharks, SPEC_NAME=HydCol, CHROM=CM068762.1
    resources: mem_mb=10000, mem_mib=9537, disk_mb=1000, disk_mib=954, tmpdir=<TBD>, slurm_account=DURBIN-SL2-CPU, slurm_partition=cclake-himem, runtime=60

Job 279 has been submitted with SLURM jobid 10029330 (log: /rds/project/rds-p67MZilb2eQ/projects/VGP/heterozygosity/.snakemake/slurm_logs/rule_SEP_PAF_BY_CHR/sharks_HydCol_CM068762.1/10029330.log).

[Wed May 28 13:10:36 2025]
rule SEP_PAF_BY_CHR:
    input: sharks/HydCol/HydCol_FASTGA.chain.chr.fltr.srt.paf
    output: sharks/HydCol/MSMC/paf_files/HydCol_CM068774.1.paf
    jobid: 291
    reason: Missing output files: sharks/HydCol/MSMC/paf_files/HydCol_CM068774.1.paf
    wildcards: CLADE=sharks, SPEC_NAME=HydCol, CHROM=CM068774.1
    resources: mem_mb=10000, mem_mib=9537, disk_mb=1000, disk_mib=954, tmpdir=<TBD>, slurm_account=DURBIN-SL2-CPU, slurm_partition=cclake-himem, runtime=60

Job 291 has been submitted with SLURM jobid 10029331 (log: /rds/project/rds-p67MZilb2eQ/projects/VGP/heterozygosity/.snakemake/slurm_logs/rule_SEP_PAF_BY_CHR/sharks_HydCol_CM068774.1/10029331.log).

[Wed May 28 13:10:38 2025]
rule SEP_PAF_BY_CHR:
    input: sharks/HydCol/HydCol_FASTGA.chain.chr.fltr.srt.paf
    output: sharks/HydCol/MSMC/paf_files/HydCol_CM068767.1.paf
    jobid: 284
    reason: Missing output files: sharks/HydCol/MSMC/paf_files/HydCol_CM068767.1.paf
    wildcards: CLADE=sharks, SPEC_NAME=HydCol, CHROM=CM068767.1
    resources: mem_mb=10000, mem_mib=9537, disk_mb=1000, disk_mib=954, tmpdir=<TBD>, slurm_account=DURBIN-SL2-CPU, slurm_partition=cclake-himem, runtime=60

Job 284 has been submitted with SLURM jobid 10029332 (log: /rds/project/rds-p67MZilb2eQ/projects/VGP/heterozygosity/.snakemake/slurm_logs/rule_SEP_PAF_BY_CHR/sharks_HydCol_CM068767.1/10029332.log).
[Wed May 28 13:22:30 2025]
Finished job 290.
12 of 41 steps (29%) done
[Wed May 28 13:22:30 2025]
Finished job 283.
13 of 41 steps (32%) done
[Wed May 28 13:22:30 2025]
Finished job 277.
14 of 41 steps (34%) done
[Wed May 28 13:22:30 2025]
Finished job 270.
15 of 41 steps (37%) done
[Wed May 28 13:22:30 2025]
Finished job 263.
16 of 41 steps (39%) done
[Wed May 28 13:22:30 2025]
Finished job 298.
17 of 41 steps (41%) done
[Wed May 28 13:22:30 2025]
Finished job 272.
18 of 41 steps (44%) done
[Wed May 28 13:32:32 2025]
Finished job 265.
19 of 41 steps (46%) done
[Wed May 28 13:32:32 2025]
Finished job 293.
20 of 41 steps (49%) done
[Wed May 28 13:32:32 2025]
Finished job 286.
21 of 41 steps (51%) done
[Wed May 28 13:32:32 2025]
Finished job 280.
22 of 41 steps (54%) done
[Wed May 28 13:32:32 2025]
Finished job 273.
23 of 41 steps (56%) done
[Wed May 28 13:32:32 2025]
Finished job 266.
24 of 41 steps (59%) done
[Wed May 28 13:32:32 2025]
Finished job 259.
25 of 41 steps (61%) done
[Wed May 28 13:32:32 2025]
Finished job 294.
26 of 41 steps (63%) done
[Wed May 28 13:32:32 2025]
Finished job 287.
27 of 41 steps (66%) done
[Wed May 28 13:32:32 2025]
Finished job 274.
28 of 41 steps (68%) done
[Wed May 28 13:32:32 2025]
Finished job 267.
29 of 41 steps (71%) done
[Wed May 28 13:42:33 2025]
Finished job 260.
30 of 41 steps (73%) done
[Wed May 28 13:42:33 2025]
Finished job 278.
31 of 41 steps (76%) done
[Wed May 28 13:42:33 2025]
Finished job 271.
32 of 41 steps (78%) done
[Wed May 28 13:42:33 2025]
Finished job 295.
33 of 41 steps (80%) done
[Wed May 28 13:42:33 2025]
Finished job 264.
34 of 41 steps (83%) done
[Wed May 28 13:42:33 2025]
Finished job 281.
35 of 41 steps (85%) done
[Wed May 28 13:42:33 2025]
Finished job 292.
36 of 41 steps (88%) done
[Wed May 28 13:42:33 2025]
Finished job 285.
37 of 41 steps (90%) done
[Wed May 28 13:42:33 2025]
Finished job 279.
38 of 41 steps (93%) done
[Wed May 28 13:42:33 2025]
Finished job 291.
39 of 41 steps (95%) done
[Wed May 28 13:42:33 2025]
Finished job 284.
40 of 41 steps (98%) done
Select jobs to execute...
Execute 1 jobs...

[Wed May 28 13:42:39 2025]
localrule all:
    input: sharks/HydCol/HydCol_FASTGA.chain.chr.fltr.srt.paf, HydCol_ALN.chain.pdf, sharks/chrom_lists/GCA_035084275.1_chroms.txt, sharks/HydCol/temp/HydCol_Var_Only.txt, sharks/HydCol/temp/HydCol_Aln_Only.txt, sharks/HydCol/temp/20250410_CM068742.1_Aln_Only.txt, sharks/HydCol/temp/20250410_CM068743.1_Aln_Only.txt, sharks/HydCol/temp/20250410_CM068744.1_Aln_Only.txt, sharks/HydCol/temp/20250410_CM068745.1_Aln_Only.txt, sharks/HydCol/temp/20250410_CM068746.1_Aln_Only.txt, sharks/HydCol/temp/20250410_CM068747.1_Aln_Only.txt, sharks/HydCol/temp/20250410_CM068748.1_Aln_Only.txt, sharks/HydCol/temp/20250410_CM068749.1_Aln_Only.txt, sharks/HydCol/temp/20250410_CM068750.1_Aln_Only.txt, sharks/HydCol/temp/20250410_CM068751.1_Aln_Only.txt, sharks/HydCol/temp/20250410_CM068752.1_Aln_Only.txt, sharks/HydCol/temp/20250410_CM068753.1_Aln_Only.txt, sharks/HydCol/temp/20250410_CM068754.1_Aln_Only.txt, sharks/HydCol/temp/20250410_CM068755.1_Aln_Only.txt, sharks/HydCol/temp/20250410_CM068756.1_Aln_Only.txt, sharks/HydCol/temp/20250410_CM068757.1_Aln_Only.txt, sharks/HydCol/temp/20250410_CM068758.1_Aln_Only.txt, sharks/HydCol/temp/20250410_CM068759.1_Aln_Only.txt, sharks/HydCol/temp/20250410_CM068760.1_Aln_Only.txt, sharks/HydCol/temp/20250410_CM068761.1_Aln_Only.txt, sharks/HydCol/temp/20250410_CM068762.1_Aln_Only.txt, sharks/HydCol/temp/20250410_CM068763.1_Aln_Only.txt, sharks/HydCol/temp/20250410_CM068764.1_Aln_Only.txt, sharks/HydCol/temp/20250410_CM068765.1_Aln_Only.txt, sharks/HydCol/temp/20250410_CM068766.1_Aln_Only.txt, sharks/HydCol/temp/20250410_CM068767.1_Aln_Only.txt, sharks/HydCol/temp/20250410_CM068768.1_Aln_Only.txt, sharks/HydCol/temp/20250410_CM068769.1_Aln_Only.txt, sharks/HydCol/temp/20250410_CM068770.1_Aln_Only.txt, sharks/HydCol/temp/20250410_CM068771.1_Aln_Only.txt, sharks/HydCol/temp/20250410_CM068772.1_Aln_Only.txt, sharks/HydCol/temp/20250410_CM068773.1_Aln_Only.txt, sharks/HydCol/temp/20250410_CM068774.1_Aln_Only.txt, sharks/HydCol/temp/20250410_CM068775.1_Aln_Only.txt, sharks/HydCol/temp/20250410_CM068776.1_Aln_Only.txt, sharks/HydCol/temp/20250410_CM068777.1_Aln_Only.txt, sharks/HydCol/temp/20250410_CM068778.1_Aln_Only.txt, sharks/HydCol/temp/20250410_CM068779.1_Aln_Only.txt, sharks/HydCol/temp/20250410_CM068780.1_Aln_Only.txt, sharks/HydCol/temp/20250410_CM068781.1_Aln_Only.txt, sharks/HydCol/temp/20250410_CM068742.1_Var_Only.txt, sharks/HydCol/temp/20250410_CM068743.1_Var_Only.txt, sharks/HydCol/temp/20250410_CM068744.1_Var_Only.txt, sharks/HydCol/temp/20250410_CM068745.1_Var_Only.txt, sharks/HydCol/temp/20250410_CM068746.1_Var_Only.txt, sharks/HydCol/temp/20250410_CM068747.1_Var_Only.txt, sharks/HydCol/temp/20250410_CM068748.1_Var_Only.txt, sharks/HydCol/temp/20250410_CM068749.1_Var_Only.txt, sharks/HydCol/temp/20250410_CM068750.1_Var_Only.txt, sharks/HydCol/temp/20250410_CM068751.1_Var_Only.txt, sharks/HydCol/temp/20250410_CM068752.1_Var_Only.txt, sharks/HydCol/temp/20250410_CM068753.1_Var_Only.txt, sharks/HydCol/temp/20250410_CM068754.1_Var_Only.txt, sharks/HydCol/temp/20250410_CM068755.1_Var_Only.txt, sharks/HydCol/temp/20250410_CM068756.1_Var_Only.txt, sharks/HydCol/temp/20250410_CM068757.1_Var_Only.txt, sharks/HydCol/temp/20250410_CM068758.1_Var_Only.txt, sharks/HydCol/temp/20250410_CM068759.1_Var_Only.txt, sharks/HydCol/temp/20250410_CM068760.1_Var_Only.txt, sharks/HydCol/temp/20250410_CM068761.1_Var_Only.txt, sharks/HydCol/temp/20250410_CM068762.1_Var_Only.txt, sharks/HydCol/temp/20250410_CM068763.1_Var_Only.txt, sharks/HydCol/temp/20250410_CM068764.1_Var_Only.txt, sharks/HydCol/temp/20250410_CM068765.1_Var_Only.txt, sharks/HydCol/temp/20250410_CM068766.1_Var_Only.txt, sharks/HydCol/temp/20250410_CM068767.1_Var_Only.txt, sharks/HydCol/temp/20250410_CM068768.1_Var_Only.txt, sharks/HydCol/temp/20250410_CM068769.1_Var_Only.txt, sharks/HydCol/temp/20250410_CM068770.1_Var_Only.txt, sharks/HydCol/temp/20250410_CM068771.1_Var_Only.txt, sharks/HydCol/temp/20250410_CM068772.1_Var_Only.txt, sharks/HydCol/temp/20250410_CM068773.1_Var_Only.txt, sharks/HydCol/temp/20250410_CM068774.1_Var_Only.txt, sharks/HydCol/temp/20250410_CM068775.1_Var_Only.txt, sharks/HydCol/temp/20250410_CM068776.1_Var_Only.txt, sharks/HydCol/temp/20250410_CM068777.1_Var_Only.txt, sharks/HydCol/temp/20250410_CM068778.1_Var_Only.txt, sharks/HydCol/temp/20250410_CM068779.1_Var_Only.txt, sharks/HydCol/temp/20250410_CM068780.1_Var_Only.txt, sharks/HydCol/temp/20250410_CM068781.1_Var_Only.txt, sharks/HydCol/20250410_CM068742.1_ROH_Results.txt, sharks/HydCol/20250410_CM068743.1_ROH_Results.txt, sharks/HydCol/20250410_CM068744.1_ROH_Results.txt, sharks/HydCol/20250410_CM068745.1_ROH_Results.txt, sharks/HydCol/20250410_CM068746.1_ROH_Results.txt, sharks/HydCol/20250410_CM068747.1_ROH_Results.txt, sharks/HydCol/20250410_CM068748.1_ROH_Results.txt, sharks/HydCol/20250410_CM068749.1_ROH_Results.txt, sharks/HydCol/20250410_CM068750.1_ROH_Results.txt, sharks/HydCol/20250410_CM068751.1_ROH_Results.txt, sharks/HydCol/20250410_CM068752.1_ROH_Results.txt, sharks/HydCol/20250410_CM068753.1_ROH_Results.txt, sharks/HydCol/20250410_CM068754.1_ROH_Results.txt, sharks/HydCol/20250410_CM068755.1_ROH_Results.txt, sharks/HydCol/20250410_CM068756.1_ROH_Results.txt, sharks/HydCol/20250410_CM068757.1_ROH_Results.txt, sharks/HydCol/20250410_CM068758.1_ROH_Results.txt, sharks/HydCol/20250410_CM068759.1_ROH_Results.txt, sharks/HydCol/20250410_CM068760.1_ROH_Results.txt, sharks/HydCol/20250410_CM068761.1_ROH_Results.txt, sharks/HydCol/20250410_CM068762.1_ROH_Results.txt, sharks/HydCol/20250410_CM068763.1_ROH_Results.txt, sharks/HydCol/20250410_CM068764.1_ROH_Results.txt, sharks/HydCol/20250410_CM068765.1_ROH_Results.txt, sharks/HydCol/20250410_CM068766.1_ROH_Results.txt, sharks/HydCol/20250410_CM068767.1_ROH_Results.txt, sharks/HydCol/20250410_CM068768.1_ROH_Results.txt, sharks/HydCol/20250410_CM068769.1_ROH_Results.txt, sharks/HydCol/20250410_CM068770.1_ROH_Results.txt, sharks/HydCol/20250410_CM068771.1_ROH_Results.txt, sharks/HydCol/20250410_CM068772.1_ROH_Results.txt, sharks/HydCol/20250410_CM068773.1_ROH_Results.txt, sharks/HydCol/20250410_CM068774.1_ROH_Results.txt, sharks/HydCol/20250410_CM068775.1_ROH_Results.txt, sharks/HydCol/20250410_CM068776.1_ROH_Results.txt, sharks/HydCol/20250410_CM068777.1_ROH_Results.txt, sharks/HydCol/20250410_CM068778.1_ROH_Results.txt, sharks/HydCol/20250410_CM068779.1_ROH_Results.txt, sharks/HydCol/20250410_CM068780.1_ROH_Results.txt, sharks/HydCol/20250410_CM068781.1_ROH_Results.txt, sharks/HydCol/HydCol_ROH_Results.csv, sharks/HydCol/20250410_HydCol_ROH_Map.pdf, sharks/HydCol/20250410_CM068742.1_GCA_035084275.1_FROH.txt, sharks/HydCol/20250410_CM068743.1_GCA_035084275.1_FROH.txt, sharks/HydCol/20250410_CM068744.1_GCA_035084275.1_FROH.txt, sharks/HydCol/20250410_CM068745.1_GCA_035084275.1_FROH.txt, sharks/HydCol/20250410_CM068746.1_GCA_035084275.1_FROH.txt, sharks/HydCol/20250410_CM068747.1_GCA_035084275.1_FROH.txt, sharks/HydCol/20250410_CM068748.1_GCA_035084275.1_FROH.txt, sharks/HydCol/20250410_CM068749.1_GCA_035084275.1_FROH.txt, sharks/HydCol/20250410_CM068750.1_GCA_035084275.1_FROH.txt, sharks/HydCol/20250410_CM068751.1_GCA_035084275.1_FROH.txt, sharks/HydCol/20250410_CM068752.1_GCA_035084275.1_FROH.txt, sharks/HydCol/20250410_CM068753.1_GCA_035084275.1_FROH.txt, sharks/HydCol/20250410_CM068754.1_GCA_035084275.1_FROH.txt, sharks/HydCol/20250410_CM068755.1_GCA_035084275.1_FROH.txt, sharks/HydCol/20250410_CM068756.1_GCA_035084275.1_FROH.txt, sharks/HydCol/20250410_CM068757.1_GCA_035084275.1_FROH.txt, sharks/HydCol/20250410_CM068758.1_GCA_035084275.1_FROH.txt, sharks/HydCol/20250410_CM068759.1_GCA_035084275.1_FROH.txt, sharks/HydCol/20250410_CM068760.1_GCA_035084275.1_FROH.txt, sharks/HydCol/20250410_CM068761.1_GCA_035084275.1_FROH.txt, sharks/HydCol/20250410_CM068762.1_GCA_035084275.1_FROH.txt, sharks/HydCol/20250410_CM068763.1_GCA_035084275.1_FROH.txt, sharks/HydCol/20250410_CM068764.1_GCA_035084275.1_FROH.txt, sharks/HydCol/20250410_CM068765.1_GCA_035084275.1_FROH.txt, sharks/HydCol/20250410_CM068766.1_GCA_035084275.1_FROH.txt, sharks/HydCol/20250410_CM068767.1_GCA_035084275.1_FROH.txt, sharks/HydCol/20250410_CM068768.1_GCA_035084275.1_FROH.txt, sharks/HydCol/20250410_CM068769.1_GCA_035084275.1_FROH.txt, sharks/HydCol/20250410_CM068770.1_GCA_035084275.1_FROH.txt, sharks/HydCol/20250410_CM068771.1_GCA_035084275.1_FROH.txt, sharks/HydCol/20250410_CM068772.1_GCA_035084275.1_FROH.txt, sharks/HydCol/20250410_CM068773.1_GCA_035084275.1_FROH.txt, sharks/HydCol/20250410_CM068774.1_GCA_035084275.1_FROH.txt, sharks/HydCol/20250410_CM068775.1_GCA_035084275.1_FROH.txt, sharks/HydCol/20250410_CM068776.1_GCA_035084275.1_FROH.txt, sharks/HydCol/20250410_CM068777.1_GCA_035084275.1_FROH.txt, sharks/HydCol/20250410_CM068778.1_GCA_035084275.1_FROH.txt, sharks/HydCol/20250410_CM068779.1_GCA_035084275.1_FROH.txt, sharks/HydCol/20250410_CM068780.1_GCA_035084275.1_FROH.txt, sharks/HydCol/20250410_CM068781.1_GCA_035084275.1_FROH.txt, sharks/HydCol/20250410_HydCol_FROH.txt, sharks/HydCol/20250410_CM068742.1_het.txt, sharks/HydCol/20250410_CM068743.1_het.txt, sharks/HydCol/20250410_CM068744.1_het.txt, sharks/HydCol/20250410_CM068745.1_het.txt, sharks/HydCol/20250410_CM068746.1_het.txt, sharks/HydCol/20250410_CM068747.1_het.txt, sharks/HydCol/20250410_CM068748.1_het.txt, sharks/HydCol/20250410_CM068749.1_het.txt, sharks/HydCol/20250410_CM068750.1_het.txt, sharks/HydCol/20250410_CM068751.1_het.txt, sharks/HydCol/20250410_CM068752.1_het.txt, sharks/HydCol/20250410_CM068753.1_het.txt, sharks/HydCol/20250410_CM068754.1_het.txt, sharks/HydCol/20250410_CM068755.1_het.txt, sharks/HydCol/20250410_CM068756.1_het.txt, sharks/HydCol/20250410_CM068757.1_het.txt, sharks/HydCol/20250410_CM068758.1_het.txt, sharks/HydCol/20250410_CM068759.1_het.txt, sharks/HydCol/20250410_CM068760.1_het.txt, sharks/HydCol/20250410_CM068761.1_het.txt, sharks/HydCol/20250410_CM068762.1_het.txt, sharks/HydCol/20250410_CM068763.1_het.txt, sharks/HydCol/20250410_CM068764.1_het.txt, sharks/HydCol/20250410_CM068765.1_het.txt, sharks/HydCol/20250410_CM068766.1_het.txt, sharks/HydCol/20250410_CM068767.1_het.txt, sharks/HydCol/20250410_CM068768.1_het.txt, sharks/HydCol/20250410_CM068769.1_het.txt, sharks/HydCol/20250410_CM068770.1_het.txt, sharks/HydCol/20250410_CM068771.1_het.txt, sharks/HydCol/20250410_CM068772.1_het.txt, sharks/HydCol/20250410_CM068773.1_het.txt, sharks/HydCol/20250410_CM068774.1_het.txt, sharks/HydCol/20250410_CM068775.1_het.txt, sharks/HydCol/20250410_CM068776.1_het.txt, sharks/HydCol/20250410_CM068777.1_het.txt, sharks/HydCol/20250410_CM068778.1_het.txt, sharks/HydCol/20250410_CM068779.1_het.txt, sharks/HydCol/20250410_CM068780.1_het.txt, sharks/HydCol/20250410_CM068781.1_het.txt, sharks/HydCol/20250410_HydCol_per_chr_mean_heterozygosity.txt, sharks/HydCol/20250410_HydCol_whole_genome_mean_heterozygosity.txt, sharks/HydCol/HydCol_Het_Compiled.tsv, sharks/HydCol/20250410_HydCol_CM068742.1_Het_Map.svg, sharks/HydCol/20250410_HydCol_CM068743.1_Het_Map.svg, sharks/HydCol/20250410_HydCol_CM068744.1_Het_Map.svg, sharks/HydCol/20250410_HydCol_CM068745.1_Het_Map.svg, sharks/HydCol/20250410_HydCol_CM068746.1_Het_Map.svg, sharks/HydCol/20250410_HydCol_CM068747.1_Het_Map.svg, sharks/HydCol/20250410_HydCol_CM068748.1_Het_Map.svg, sharks/HydCol/20250410_HydCol_CM068749.1_Het_Map.svg, sharks/HydCol/20250410_HydCol_CM068750.1_Het_Map.svg, sharks/HydCol/20250410_HydCol_CM068751.1_Het_Map.svg, sharks/HydCol/20250410_HydCol_CM068752.1_Het_Map.svg, sharks/HydCol/20250410_HydCol_CM068753.1_Het_Map.svg, sharks/HydCol/20250410_HydCol_CM068754.1_Het_Map.svg, sharks/HydCol/20250410_HydCol_CM068755.1_Het_Map.svg, sharks/HydCol/20250410_HydCol_CM068756.1_Het_Map.svg, sharks/HydCol/20250410_HydCol_CM068757.1_Het_Map.svg, sharks/HydCol/20250410_HydCol_CM068758.1_Het_Map.svg, sharks/HydCol/20250410_HydCol_CM068759.1_Het_Map.svg, sharks/HydCol/20250410_HydCol_CM068760.1_Het_Map.svg, sharks/HydCol/20250410_HydCol_CM068761.1_Het_Map.svg, sharks/HydCol/20250410_HydCol_CM068762.1_Het_Map.svg, sharks/HydCol/20250410_HydCol_CM068763.1_Het_Map.svg, sharks/HydCol/20250410_HydCol_CM068764.1_Het_Map.svg, sharks/HydCol/20250410_HydCol_CM068765.1_Het_Map.svg, sharks/HydCol/20250410_HydCol_CM068766.1_Het_Map.svg, sharks/HydCol/20250410_HydCol_CM068767.1_Het_Map.svg, sharks/HydCol/20250410_HydCol_CM068768.1_Het_Map.svg, sharks/HydCol/20250410_HydCol_CM068769.1_Het_Map.svg, sharks/HydCol/20250410_HydCol_CM068770.1_Het_Map.svg, sharks/HydCol/20250410_HydCol_CM068771.1_Het_Map.svg, sharks/HydCol/20250410_HydCol_CM068772.1_Het_Map.svg, sharks/HydCol/20250410_HydCol_CM068773.1_Het_Map.svg, sharks/HydCol/20250410_HydCol_CM068774.1_Het_Map.svg, sharks/HydCol/20250410_HydCol_CM068775.1_Het_Map.svg, sharks/HydCol/20250410_HydCol_CM068776.1_Het_Map.svg, sharks/HydCol/20250410_HydCol_CM068777.1_Het_Map.svg, sharks/HydCol/20250410_HydCol_CM068778.1_Het_Map.svg, sharks/HydCol/20250410_HydCol_CM068779.1_Het_Map.svg, sharks/HydCol/20250410_HydCol_CM068780.1_Het_Map.svg, sharks/HydCol/20250410_HydCol_CM068781.1_Het_Map.svg, sharks/HydCol/20250410_HydCol_Het_Whole_Genome_Map.svg, sharks/HydCol/MSMC/paf_files/HydCol_CM068742.1.paf, sharks/HydCol/MSMC/paf_files/HydCol_CM068743.1.paf, sharks/HydCol/MSMC/paf_files/HydCol_CM068744.1.paf, sharks/HydCol/MSMC/paf_files/HydCol_CM068745.1.paf, sharks/HydCol/MSMC/paf_files/HydCol_CM068746.1.paf, sharks/HydCol/MSMC/paf_files/HydCol_CM068747.1.paf, sharks/HydCol/MSMC/paf_files/HydCol_CM068748.1.paf, sharks/HydCol/MSMC/paf_files/HydCol_CM068749.1.paf, sharks/HydCol/MSMC/paf_files/HydCol_CM068750.1.paf, sharks/HydCol/MSMC/paf_files/HydCol_CM068751.1.paf, sharks/HydCol/MSMC/paf_files/HydCol_CM068752.1.paf, sharks/HydCol/MSMC/paf_files/HydCol_CM068753.1.paf, sharks/HydCol/MSMC/paf_files/HydCol_CM068754.1.paf, sharks/HydCol/MSMC/paf_files/HydCol_CM068755.1.paf, sharks/HydCol/MSMC/paf_files/HydCol_CM068756.1.paf, sharks/HydCol/MSMC/paf_files/HydCol_CM068757.1.paf, sharks/HydCol/MSMC/paf_files/HydCol_CM068758.1.paf, sharks/HydCol/MSMC/paf_files/HydCol_CM068759.1.paf, sharks/HydCol/MSMC/paf_files/HydCol_CM068760.1.paf, sharks/HydCol/MSMC/paf_files/HydCol_CM068761.1.paf, sharks/HydCol/MSMC/paf_files/HydCol_CM068762.1.paf, sharks/HydCol/MSMC/paf_files/HydCol_CM068763.1.paf, sharks/HydCol/MSMC/paf_files/HydCol_CM068764.1.paf, sharks/HydCol/MSMC/paf_files/HydCol_CM068765.1.paf, sharks/HydCol/MSMC/paf_files/HydCol_CM068766.1.paf, sharks/HydCol/MSMC/paf_files/HydCol_CM068767.1.paf, sharks/HydCol/MSMC/paf_files/HydCol_CM068768.1.paf, sharks/HydCol/MSMC/paf_files/HydCol_CM068769.1.paf, sharks/HydCol/MSMC/paf_files/HydCol_CM068770.1.paf, sharks/HydCol/MSMC/paf_files/HydCol_CM068771.1.paf, sharks/HydCol/MSMC/paf_files/HydCol_CM068772.1.paf, sharks/HydCol/MSMC/paf_files/HydCol_CM068773.1.paf, sharks/HydCol/MSMC/paf_files/HydCol_CM068774.1.paf, sharks/HydCol/MSMC/paf_files/HydCol_CM068775.1.paf, sharks/HydCol/MSMC/paf_files/HydCol_CM068776.1.paf, sharks/HydCol/MSMC/paf_files/HydCol_CM068777.1.paf, sharks/HydCol/MSMC/paf_files/HydCol_CM068778.1.paf, sharks/HydCol/MSMC/paf_files/HydCol_CM068779.1.paf, sharks/HydCol/MSMC/paf_files/HydCol_CM068780.1.paf, sharks/HydCol/MSMC/paf_files/HydCol_CM068781.1.paf
    jobid: 0
    reason: Input files updated by another job: sharks/HydCol/MSMC/paf_files/HydCol_CM068769.1.paf, sharks/HydCol/MSMC/paf_files/HydCol_CM068778.1.paf, sharks/HydCol/MSMC/paf_files/HydCol_CM068751.1.paf, sharks/HydCol/MSMC/paf_files/HydCol_CM068749.1.paf, sharks/HydCol/MSMC/paf_files/HydCol_CM068760.1.paf, sharks/HydCol/MSMC/paf_files/HydCol_CM068779.1.paf, sharks/HydCol/MSMC/paf_files/HydCol_CM068763.1.paf, sharks/HydCol/MSMC/paf_files/HydCol_CM068746.1.paf, sharks/HydCol/MSMC/paf_files/HydCol_CM068742.1.paf, sharks/HydCol/MSMC/paf_files/HydCol_CM068781.1.paf, sharks/HydCol/MSMC/paf_files/HydCol_CM068770.1.paf, sharks/HydCol/MSMC/paf_files/HydCol_CM068748.1.paf, sharks/HydCol/MSMC/paf_files/HydCol_CM068780.1.paf, sharks/HydCol/MSMC/paf_files/HydCol_CM068768.1.paf, sharks/HydCol/MSMC/paf_files/HydCol_CM068758.1.paf, sharks/HydCol/MSMC/paf_files/HydCol_CM068755.1.paf, sharks/HydCol/MSMC/paf_files/HydCol_CM068764.1.paf, sharks/HydCol/MSMC/paf_files/HydCol_CM068745.1.paf, sharks/HydCol/MSMC/paf_files/HydCol_CM068772.1.paf, sharks/HydCol/MSMC/paf_files/HydCol_CM068752.1.paf, sharks/HydCol/MSMC/paf_files/HydCol_CM068771.1.paf, sharks/HydCol/MSMC/paf_files/HydCol_CM068774.1.paf, sharks/HydCol/MSMC/paf_files/HydCol_CM068775.1.paf, sharks/HydCol/MSMC/paf_files/HydCol_CM068777.1.paf, sharks/HydCol/MSMC/paf_files/HydCol_CM068753.1.paf, sharks/HydCol/MSMC/paf_files/HydCol_CM068754.1.paf, sharks/HydCol/MSMC/paf_files/HydCol_CM068743.1.paf, sharks/HydCol/MSMC/paf_files/HydCol_CM068761.1.paf, sharks/HydCol/MSMC/paf_files/HydCol_CM068747.1.paf, sharks/HydCol/MSMC/paf_files/HydCol_CM068759.1.paf, sharks/HydCol/MSMC/paf_files/HydCol_CM068757.1.paf, sharks/HydCol/MSMC/paf_files/HydCol_CM068766.1.paf, sharks/HydCol/MSMC/paf_files/HydCol_CM068756.1.paf, sharks/HydCol/MSMC/paf_files/HydCol_CM068762.1.paf, sharks/HydCol/MSMC/paf_files/HydCol_CM068767.1.paf, sharks/HydCol/MSMC/paf_files/HydCol_CM068773.1.paf, sharks/HydCol/MSMC/paf_files/HydCol_CM068776.1.paf, sharks/HydCol/MSMC/paf_files/HydCol_CM068765.1.paf, sharks/HydCol/MSMC/paf_files/HydCol_CM068750.1.paf, sharks/HydCol/MSMC/paf_files/HydCol_CM068744.1.paf
    resources: mem_mb=10000, mem_mib=9537, disk_mb=1000, disk_mib=954, tmpdir=/tmp, slurm_account=DURBIN-SL2-CPU, slurm_partition=cclake-himem, runtime=60

[Wed May 28 13:42:39 2025]
Finished job 0.
41 of 41 steps (100%) done
Complete log: .snakemake/log/2025-05-28T130930.984455.snakemake.log
