host: login-p-2
Building DAG of jobs...
Using shell: /usr/bin/bash
Provided cores: 56
Rules claiming more threads will be scaled down.
Job stats:
job                 count
----------------  -------
ALNtoPAF                1
CALC_HET_PER_CHR       40
FROH_PER_AUT_CHR       40
Plot_ROH                1
WHOLE_FROH              1
all                     1
total                  84

Select jobs to execute...
Execute 56 jobs...

[Mon Mar 31 11:24:18 2025]
localrule FROH_PER_AUT_CHR:
    input: sharks/HydCol_Test/HydCol_Test_ROH_Results.csv, sharks/HydCol_Test/Reference_HydCol_Test_Chroms_Lengths.txt, sharks/chrom_lists/GCA_035084275.1_chroms.txt, sharks/HydCol_Test/temp/20250331_CM068778.1_Var_Only.txt
    output: sharks/HydCol_Test/20250331_CM068778.1_GCA_035084275.1_FROH.txt
    jobid: 247
    reason: Params have changed since last execution: Union of exclusive params before and now across all output: before: 30 now: 40 
    wildcards: CLADE=sharks, SPEC_NAME=HydCol_Test, TODAY_DATE=20250331, CHR=CM068778.1, REF_NAME=GCA_035084275.1
    resources: tmpdir=/tmp


[Mon Mar 31 11:24:18 2025]
localrule FROH_PER_AUT_CHR:
    input: sharks/HydCol_Test/HydCol_Test_ROH_Results.csv, sharks/HydCol_Test/Reference_HydCol_Test_Chroms_Lengths.txt, sharks/chrom_lists/GCA_035084275.1_chroms.txt, sharks/HydCol_Test/temp/20250331_CM068765.1_Var_Only.txt
    output: sharks/HydCol_Test/20250331_CM068765.1_GCA_035084275.1_FROH.txt
    jobid: 234
    reason: Params have changed since last execution: Union of exclusive params before and now across all output: before: 30 now: 40 
    wildcards: CLADE=sharks, SPEC_NAME=HydCol_Test, TODAY_DATE=20250331, CHR=CM068765.1, REF_NAME=GCA_035084275.1
    resources: tmpdir=/tmp


[Mon Mar 31 11:24:18 2025]
localrule CALC_HET_PER_CHR:
    input: sharks/HydCol_Test/temp/HydCol_Test_Var_Only.txt, sharks/HydCol_Test/Reference_HydCol_Test_Chroms_Lengths.txt, sharks/HydCol_Test/HydCol_Test_ROH_Results.csv
    output: sharks/HydCol_Test/20250331_CM068780.1_het.txt
    jobid: 290
    reason: Params have changed since last execution: Union of exclusive params before and now across all output: before: 30 now: 40 
    wildcards: CLADE=sharks, SPEC_NAME=HydCol_Test, TODAY_DATE=20250331, CHR=CM068780.1
    resources: tmpdir=/tmp


[Mon Mar 31 11:24:18 2025]
localrule FROH_PER_AUT_CHR:
    input: sharks/HydCol_Test/HydCol_Test_ROH_Results.csv, sharks/HydCol_Test/Reference_HydCol_Test_Chroms_Lengths.txt, sharks/chrom_lists/GCA_035084275.1_chroms.txt, sharks/HydCol_Test/temp/20250331_CM068751.1_Var_Only.txt
    output: sharks/HydCol_Test/20250331_CM068751.1_GCA_035084275.1_FROH.txt
    jobid: 220
    reason: Params have changed since last execution: Union of exclusive params before and now across all output: before: 30 now: 40 
    wildcards: CLADE=sharks, SPEC_NAME=HydCol_Test, TODAY_DATE=20250331, CHR=CM068751.1, REF_NAME=GCA_035084275.1
    resources: tmpdir=/tmp


[Mon Mar 31 11:24:18 2025]
localrule CALC_HET_PER_CHR:
    input: sharks/HydCol_Test/temp/HydCol_Test_Var_Only.txt, sharks/HydCol_Test/Reference_HydCol_Test_Chroms_Lengths.txt, sharks/HydCol_Test/HydCol_Test_ROH_Results.csv
    output: sharks/HydCol_Test/20250331_CM068766.1_het.txt
    jobid: 276
    reason: Params have changed since last execution: Union of exclusive params before and now across all output: before: 30 now: 40 
    wildcards: CLADE=sharks, SPEC_NAME=HydCol_Test, TODAY_DATE=20250331, CHR=CM068766.1
    resources: tmpdir=/tmp


[Mon Mar 31 11:24:18 2025]
localrule CALC_HET_PER_CHR:
    input: sharks/HydCol_Test/temp/HydCol_Test_Var_Only.txt, sharks/HydCol_Test/Reference_HydCol_Test_Chroms_Lengths.txt, sharks/HydCol_Test/HydCol_Test_ROH_Results.csv
    output: sharks/HydCol_Test/20250331_CM068759.1_het.txt
    jobid: 269
    reason: Params have changed since last execution: Union of exclusive params before and now across all output: before: 30 now: 40 
    wildcards: CLADE=sharks, SPEC_NAME=HydCol_Test, TODAY_DATE=20250331, CHR=CM068759.1
    resources: tmpdir=/tmp


[Mon Mar 31 11:24:18 2025]
localrule CALC_HET_PER_CHR:
    input: sharks/HydCol_Test/temp/HydCol_Test_Var_Only.txt, sharks/HydCol_Test/Reference_HydCol_Test_Chroms_Lengths.txt, sharks/HydCol_Test/HydCol_Test_ROH_Results.csv
    output: sharks/HydCol_Test/20250331_CM068752.1_het.txt
    jobid: 262
    reason: Params have changed since last execution: Union of exclusive params before and now across all output: before: 30 now: 40 
    wildcards: CLADE=sharks, SPEC_NAME=HydCol_Test, TODAY_DATE=20250331, CHR=CM068752.1
    resources: tmpdir=/tmp


[Mon Mar 31 11:24:18 2025]
localrule CALC_HET_PER_CHR:
    input: sharks/HydCol_Test/temp/HydCol_Test_Var_Only.txt, sharks/HydCol_Test/Reference_HydCol_Test_Chroms_Lengths.txt, sharks/HydCol_Test/HydCol_Test_ROH_Results.csv
    output: sharks/HydCol_Test/20250331_CM068745.1_het.txt
    jobid: 255
    reason: Params have changed since last execution: Union of exclusive params before and now across all output: before: 30 now: 40 
    wildcards: CLADE=sharks, SPEC_NAME=HydCol_Test, TODAY_DATE=20250331, CHR=CM068745.1
    resources: tmpdir=/tmp


[Mon Mar 31 11:24:18 2025]
localrule FROH_PER_AUT_CHR:
    input: sharks/HydCol_Test/HydCol_Test_ROH_Results.csv, sharks/HydCol_Test/Reference_HydCol_Test_Chroms_Lengths.txt, sharks/chrom_lists/GCA_035084275.1_chroms.txt, sharks/HydCol_Test/temp/20250331_CM068779.1_Var_Only.txt
    output: sharks/HydCol_Test/20250331_CM068779.1_GCA_035084275.1_FROH.txt
    jobid: 248
    reason: Params have changed since last execution: Union of exclusive params before and now across all output: before: 30 now: 40 
    wildcards: CLADE=sharks, SPEC_NAME=HydCol_Test, TODAY_DATE=20250331, CHR=CM068779.1, REF_NAME=GCA_035084275.1
    resources: tmpdir=/tmp


[Mon Mar 31 11:24:18 2025]
localrule FROH_PER_AUT_CHR:
    input: sharks/HydCol_Test/HydCol_Test_ROH_Results.csv, sharks/HydCol_Test/Reference_HydCol_Test_Chroms_Lengths.txt, sharks/chrom_lists/GCA_035084275.1_chroms.txt, sharks/HydCol_Test/temp/20250331_CM068750.1_Var_Only.txt
    output: sharks/HydCol_Test/20250331_CM068750.1_GCA_035084275.1_FROH.txt
    jobid: 219
    reason: Params have changed since last execution: Union of exclusive params before and now across all output: before: 30 now: 40 
    wildcards: CLADE=sharks, SPEC_NAME=HydCol_Test, TODAY_DATE=20250331, CHR=CM068750.1, REF_NAME=GCA_035084275.1
    resources: tmpdir=/tmp


[Mon Mar 31 11:24:18 2025]
localrule FROH_PER_AUT_CHR:
    input: sharks/HydCol_Test/HydCol_Test_ROH_Results.csv, sharks/HydCol_Test/Reference_HydCol_Test_Chroms_Lengths.txt, sharks/chrom_lists/GCA_035084275.1_chroms.txt, sharks/HydCol_Test/temp/20250331_CM068766.1_Var_Only.txt
    output: sharks/HydCol_Test/20250331_CM068766.1_GCA_035084275.1_FROH.txt
    jobid: 235
    reason: Params have changed since last execution: Union of exclusive params before and now across all output: before: 30 now: 40 
    wildcards: CLADE=sharks, SPEC_NAME=HydCol_Test, TODAY_DATE=20250331, CHR=CM068766.1, REF_NAME=GCA_035084275.1
    resources: tmpdir=/tmp


[Mon Mar 31 11:24:18 2025]
localrule FROH_PER_AUT_CHR:
    input: sharks/HydCol_Test/HydCol_Test_ROH_Results.csv, sharks/HydCol_Test/Reference_HydCol_Test_Chroms_Lengths.txt, sharks/chrom_lists/GCA_035084275.1_chroms.txt, sharks/HydCol_Test/temp/20250331_CM068759.1_Var_Only.txt
    output: sharks/HydCol_Test/20250331_CM068759.1_GCA_035084275.1_FROH.txt
    jobid: 228
    reason: Params have changed since last execution: Union of exclusive params before and now across all output: before: 30 now: 40 
    wildcards: CLADE=sharks, SPEC_NAME=HydCol_Test, TODAY_DATE=20250331, CHR=CM068759.1, REF_NAME=GCA_035084275.1
    resources: tmpdir=/tmp


[Mon Mar 31 11:24:18 2025]
localrule CALC_HET_PER_CHR:
    input: sharks/HydCol_Test/temp/HydCol_Test_Var_Only.txt, sharks/HydCol_Test/Reference_HydCol_Test_Chroms_Lengths.txt, sharks/HydCol_Test/HydCol_Test_ROH_Results.csv
    output: sharks/HydCol_Test/20250331_CM068774.1_het.txt
    jobid: 284
    reason: Params have changed since last execution: Union of exclusive params before and now across all output: before: 30 now: 40 
    wildcards: CLADE=sharks, SPEC_NAME=HydCol_Test, TODAY_DATE=20250331, CHR=CM068774.1
    resources: tmpdir=/tmp


[Mon Mar 31 11:24:18 2025]
localrule FROH_PER_AUT_CHR:
    input: sharks/HydCol_Test/HydCol_Test_ROH_Results.csv, sharks/HydCol_Test/Reference_HydCol_Test_Chroms_Lengths.txt, sharks/chrom_lists/GCA_035084275.1_chroms.txt, sharks/HydCol_Test/temp/20250331_CM068752.1_Var_Only.txt
    output: sharks/HydCol_Test/20250331_CM068752.1_GCA_035084275.1_FROH.txt
    jobid: 221
    reason: Params have changed since last execution: Union of exclusive params before and now across all output: before: 30 now: 40 
    wildcards: CLADE=sharks, SPEC_NAME=HydCol_Test, TODAY_DATE=20250331, CHR=CM068752.1, REF_NAME=GCA_035084275.1
    resources: tmpdir=/tmp


[Mon Mar 31 11:24:18 2025]
localrule CALC_HET_PER_CHR:
    input: sharks/HydCol_Test/temp/HydCol_Test_Var_Only.txt, sharks/HydCol_Test/Reference_HydCol_Test_Chroms_Lengths.txt, sharks/HydCol_Test/HydCol_Test_ROH_Results.csv
    output: sharks/HydCol_Test/20250331_CM068767.1_het.txt
    jobid: 277
    reason: Params have changed since last execution: Union of exclusive params before and now across all output: before: 30 now: 40 
    wildcards: CLADE=sharks, SPEC_NAME=HydCol_Test, TODAY_DATE=20250331, CHR=CM068767.1
    resources: tmpdir=/tmp


[Mon Mar 31 11:24:18 2025]
localrule CALC_HET_PER_CHR:
    input: sharks/HydCol_Test/temp/HydCol_Test_Var_Only.txt, sharks/HydCol_Test/Reference_HydCol_Test_Chroms_Lengths.txt, sharks/HydCol_Test/HydCol_Test_ROH_Results.csv
    output: sharks/HydCol_Test/20250331_CM068760.1_het.txt
    jobid: 270
    reason: Params have changed since last execution: Union of exclusive params before and now across all output: before: 30 now: 40 
    wildcards: CLADE=sharks, SPEC_NAME=HydCol_Test, TODAY_DATE=20250331, CHR=CM068760.1
    resources: tmpdir=/tmp


[Mon Mar 31 11:24:18 2025]
localrule CALC_HET_PER_CHR:
    input: sharks/HydCol_Test/temp/HydCol_Test_Var_Only.txt, sharks/HydCol_Test/Reference_HydCol_Test_Chroms_Lengths.txt, sharks/HydCol_Test/HydCol_Test_ROH_Results.csv
    output: sharks/HydCol_Test/20250331_CM068781.1_het.txt
    jobid: 291
    reason: Params have changed since last execution: Union of exclusive params before and now across all output: before: 30 now: 40 
    wildcards: CLADE=sharks, SPEC_NAME=HydCol_Test, TODAY_DATE=20250331, CHR=CM068781.1
    resources: tmpdir=/tmp


[Mon Mar 31 11:24:18 2025]
localrule CALC_HET_PER_CHR:
    input: sharks/HydCol_Test/temp/HydCol_Test_Var_Only.txt, sharks/HydCol_Test/Reference_HydCol_Test_Chroms_Lengths.txt, sharks/HydCol_Test/HydCol_Test_ROH_Results.csv
    output: sharks/HydCol_Test/20250331_CM068753.1_het.txt
    jobid: 263
    reason: Params have changed since last execution: Union of exclusive params before and now across all output: before: 30 now: 40 
    wildcards: CLADE=sharks, SPEC_NAME=HydCol_Test, TODAY_DATE=20250331, CHR=CM068753.1
    resources: tmpdir=/tmp


[Mon Mar 31 11:24:18 2025]
localrule FROH_PER_AUT_CHR:
    input: sharks/HydCol_Test/HydCol_Test_ROH_Results.csv, sharks/HydCol_Test/Reference_HydCol_Test_Chroms_Lengths.txt, sharks/chrom_lists/GCA_035084275.1_chroms.txt, sharks/HydCol_Test/temp/20250331_CM068743.1_Var_Only.txt
    output: sharks/HydCol_Test/20250331_CM068743.1_GCA_035084275.1_FROH.txt
    jobid: 212
    reason: Params have changed since last execution: Union of exclusive params before and now across all output: before: 30 now: 40 
    wildcards: CLADE=sharks, SPEC_NAME=HydCol_Test, TODAY_DATE=20250331, CHR=CM068743.1, REF_NAME=GCA_035084275.1
    resources: tmpdir=/tmp


[Mon Mar 31 11:24:18 2025]
localrule CALC_HET_PER_CHR:
    input: sharks/HydCol_Test/temp/HydCol_Test_Var_Only.txt, sharks/HydCol_Test/Reference_HydCol_Test_Chroms_Lengths.txt, sharks/HydCol_Test/HydCol_Test_ROH_Results.csv
    output: sharks/HydCol_Test/20250331_CM068746.1_het.txt
    jobid: 256
    reason: Params have changed since last execution: Union of exclusive params before and now across all output: before: 30 now: 40 
    wildcards: CLADE=sharks, SPEC_NAME=HydCol_Test, TODAY_DATE=20250331, CHR=CM068746.1
    resources: tmpdir=/tmp


[Mon Mar 31 11:24:18 2025]
localrule FROH_PER_AUT_CHR:
    input: sharks/HydCol_Test/HydCol_Test_ROH_Results.csv, sharks/HydCol_Test/Reference_HydCol_Test_Chroms_Lengths.txt, sharks/chrom_lists/GCA_035084275.1_chroms.txt, sharks/HydCol_Test/temp/20250331_CM068780.1_Var_Only.txt
    output: sharks/HydCol_Test/20250331_CM068780.1_GCA_035084275.1_FROH.txt
    jobid: 249
    reason: Params have changed since last execution: Union of exclusive params before and now across all output: before: 30 now: 40 
    wildcards: CLADE=sharks, SPEC_NAME=HydCol_Test, TODAY_DATE=20250331, CHR=CM068780.1, REF_NAME=GCA_035084275.1
    resources: tmpdir=/tmp


[Mon Mar 31 11:24:18 2025]
localrule FROH_PER_AUT_CHR:
    input: sharks/HydCol_Test/HydCol_Test_ROH_Results.csv, sharks/HydCol_Test/Reference_HydCol_Test_Chroms_Lengths.txt, sharks/chrom_lists/GCA_035084275.1_chroms.txt, sharks/HydCol_Test/temp/20250331_CM068773.1_Var_Only.txt
    output: sharks/HydCol_Test/20250331_CM068773.1_GCA_035084275.1_FROH.txt
    jobid: 242
    reason: Params have changed since last execution: Union of exclusive params before and now across all output: before: 30 now: 40 
    wildcards: CLADE=sharks, SPEC_NAME=HydCol_Test, TODAY_DATE=20250331, CHR=CM068773.1, REF_NAME=GCA_035084275.1
    resources: tmpdir=/tmp


[Mon Mar 31 11:24:18 2025]
localrule FROH_PER_AUT_CHR:
    input: sharks/HydCol_Test/HydCol_Test_ROH_Results.csv, sharks/HydCol_Test/Reference_HydCol_Test_Chroms_Lengths.txt, sharks/chrom_lists/GCA_035084275.1_chroms.txt, sharks/HydCol_Test/temp/20250331_CM068767.1_Var_Only.txt
    output: sharks/HydCol_Test/20250331_CM068767.1_GCA_035084275.1_FROH.txt
    jobid: 236
    reason: Params have changed since last execution: Union of exclusive params before and now across all output: before: 30 now: 40 
    wildcards: CLADE=sharks, SPEC_NAME=HydCol_Test, TODAY_DATE=20250331, CHR=CM068767.1, REF_NAME=GCA_035084275.1
    resources: tmpdir=/tmp


[Mon Mar 31 11:24:18 2025]
localrule FROH_PER_AUT_CHR:
    input: sharks/HydCol_Test/HydCol_Test_ROH_Results.csv, sharks/HydCol_Test/Reference_HydCol_Test_Chroms_Lengths.txt, sharks/chrom_lists/GCA_035084275.1_chroms.txt, sharks/HydCol_Test/temp/20250331_CM068760.1_Var_Only.txt
    output: sharks/HydCol_Test/20250331_CM068760.1_GCA_035084275.1_FROH.txt
    jobid: 229
    reason: Params have changed since last execution: Union of exclusive params before and now across all output: before: 30 now: 40 
    wildcards: CLADE=sharks, SPEC_NAME=HydCol_Test, TODAY_DATE=20250331, CHR=CM068760.1, REF_NAME=GCA_035084275.1
    resources: tmpdir=/tmp


[Mon Mar 31 11:24:18 2025]
localrule CALC_HET_PER_CHR:
    input: sharks/HydCol_Test/temp/HydCol_Test_Var_Only.txt, sharks/HydCol_Test/Reference_HydCol_Test_Chroms_Lengths.txt, sharks/HydCol_Test/HydCol_Test_ROH_Results.csv
    output: sharks/HydCol_Test/20250331_CM068775.1_het.txt
    jobid: 285
    reason: Params have changed since last execution: Union of exclusive params before and now across all output: before: 30 now: 40 
    wildcards: CLADE=sharks, SPEC_NAME=HydCol_Test, TODAY_DATE=20250331, CHR=CM068775.1
    resources: tmpdir=/tmp


[Mon Mar 31 11:24:18 2025]
localrule CALC_HET_PER_CHR:
    input: sharks/HydCol_Test/temp/HydCol_Test_Var_Only.txt, sharks/HydCol_Test/Reference_HydCol_Test_Chroms_Lengths.txt, sharks/HydCol_Test/HydCol_Test_ROH_Results.csv
    output: sharks/HydCol_Test/20250331_CM068779.1_het.txt
    jobid: 289
    reason: Params have changed since last execution: Union of exclusive params before and now across all output: before: 30 now: 40 
    wildcards: CLADE=sharks, SPEC_NAME=HydCol_Test, TODAY_DATE=20250331, CHR=CM068779.1
    resources: tmpdir=/tmp


[Mon Mar 31 11:24:18 2025]
localrule FROH_PER_AUT_CHR:
    input: sharks/HydCol_Test/HydCol_Test_ROH_Results.csv, sharks/HydCol_Test/Reference_HydCol_Test_Chroms_Lengths.txt, sharks/chrom_lists/GCA_035084275.1_chroms.txt, sharks/HydCol_Test/temp/20250331_CM068746.1_Var_Only.txt
    output: sharks/HydCol_Test/20250331_CM068746.1_GCA_035084275.1_FROH.txt
    jobid: 215
    reason: Params have changed since last execution: Union of exclusive params before and now across all output: before: 30 now: 40 
    wildcards: CLADE=sharks, SPEC_NAME=HydCol_Test, TODAY_DATE=20250331, CHR=CM068746.1, REF_NAME=GCA_035084275.1
    resources: tmpdir=/tmp


[Mon Mar 31 11:24:18 2025]
localrule CALC_HET_PER_CHR:
    input: sharks/HydCol_Test/temp/HydCol_Test_Var_Only.txt, sharks/HydCol_Test/Reference_HydCol_Test_Chroms_Lengths.txt, sharks/HydCol_Test/HydCol_Test_ROH_Results.csv
    output: sharks/HydCol_Test/20250331_CM068761.1_het.txt
    jobid: 271
    reason: Params have changed since last execution: Union of exclusive params before and now across all output: before: 30 now: 40 
    wildcards: CLADE=sharks, SPEC_NAME=HydCol_Test, TODAY_DATE=20250331, CHR=CM068761.1
    resources: tmpdir=/tmp


[Mon Mar 31 11:24:18 2025]
localrule ALNtoPAF:
    input: sharks/HydCol_Test/HydCol_Test_ALN.1aln
    output: sharks/HydCol_Test/HydCol_Test_FASTGA.paf
    jobid: 1
    reason: Missing output files: sharks/HydCol_Test/HydCol_Test_FASTGA.paf
    resources: tmpdir=/tmp


[Mon Mar 31 11:24:18 2025]
localrule CALC_HET_PER_CHR:
    input: sharks/HydCol_Test/temp/HydCol_Test_Var_Only.txt, sharks/HydCol_Test/Reference_HydCol_Test_Chroms_Lengths.txt, sharks/HydCol_Test/HydCol_Test_ROH_Results.csv
    output: sharks/HydCol_Test/20250331_CM068754.1_het.txt
    jobid: 264
    reason: Params have changed since last execution: Union of exclusive params before and now across all output: before: 30 now: 40 
    wildcards: CLADE=sharks, SPEC_NAME=HydCol_Test, TODAY_DATE=20250331, CHR=CM068754.1
    resources: tmpdir=/tmp


[Mon Mar 31 11:24:18 2025]
localrule CALC_HET_PER_CHR:
    input: sharks/HydCol_Test/temp/HydCol_Test_Var_Only.txt, sharks/HydCol_Test/Reference_HydCol_Test_Chroms_Lengths.txt, sharks/HydCol_Test/HydCol_Test_ROH_Results.csv
    output: sharks/HydCol_Test/20250331_CM068747.1_het.txt
    jobid: 257
    reason: Params have changed since last execution: Union of exclusive params before and now across all output: before: 30 now: 40 
    wildcards: CLADE=sharks, SPEC_NAME=HydCol_Test, TODAY_DATE=20250331, CHR=CM068747.1
    resources: tmpdir=/tmp


[Mon Mar 31 11:24:18 2025]
localrule FROH_PER_AUT_CHR:
    input: sharks/HydCol_Test/HydCol_Test_ROH_Results.csv, sharks/HydCol_Test/Reference_HydCol_Test_Chroms_Lengths.txt, sharks/chrom_lists/GCA_035084275.1_chroms.txt, sharks/HydCol_Test/temp/20250331_CM068768.1_Var_Only.txt
    output: sharks/HydCol_Test/20250331_CM068768.1_GCA_035084275.1_FROH.txt
    jobid: 237
    reason: Params have changed since last execution: Union of exclusive params before and now across all output: before: 30 now: 40 
    wildcards: CLADE=sharks, SPEC_NAME=HydCol_Test, TODAY_DATE=20250331, CHR=CM068768.1, REF_NAME=GCA_035084275.1
    resources: tmpdir=/tmp


[Mon Mar 31 11:24:18 2025]
localrule FROH_PER_AUT_CHR:
    input: sharks/HydCol_Test/HydCol_Test_ROH_Results.csv, sharks/HydCol_Test/Reference_HydCol_Test_Chroms_Lengths.txt, sharks/chrom_lists/GCA_035084275.1_chroms.txt, sharks/HydCol_Test/temp/20250331_CM068761.1_Var_Only.txt
    output: sharks/HydCol_Test/20250331_CM068761.1_GCA_035084275.1_FROH.txt
    jobid: 230
    reason: Params have changed since last execution: Union of exclusive params before and now across all output: before: 30 now: 40 
    wildcards: CLADE=sharks, SPEC_NAME=HydCol_Test, TODAY_DATE=20250331, CHR=CM068761.1, REF_NAME=GCA_035084275.1
    resources: tmpdir=/tmp


[Mon Mar 31 11:24:18 2025]
localrule CALC_HET_PER_CHR:
    input: sharks/HydCol_Test/temp/HydCol_Test_Var_Only.txt, sharks/HydCol_Test/Reference_HydCol_Test_Chroms_Lengths.txt, sharks/HydCol_Test/HydCol_Test_ROH_Results.csv
    output: sharks/HydCol_Test/20250331_CM068776.1_het.txt
    jobid: 286
    reason: Params have changed since last execution: Union of exclusive params before and now across all output: before: 30 now: 40 
    wildcards: CLADE=sharks, SPEC_NAME=HydCol_Test, TODAY_DATE=20250331, CHR=CM068776.1
    resources: tmpdir=/tmp


[Mon Mar 31 11:24:18 2025]
localrule CALC_HET_PER_CHR:
    input: sharks/HydCol_Test/temp/HydCol_Test_Var_Only.txt, sharks/HydCol_Test/Reference_HydCol_Test_Chroms_Lengths.txt, sharks/HydCol_Test/HydCol_Test_ROH_Results.csv
    output: sharks/HydCol_Test/20250331_CM068755.1_het.txt
    jobid: 265
    reason: Params have changed since last execution: Union of exclusive params before and now across all output: before: 30 now: 40 
    wildcards: CLADE=sharks, SPEC_NAME=HydCol_Test, TODAY_DATE=20250331, CHR=CM068755.1
    resources: tmpdir=/tmp


[Mon Mar 31 11:24:18 2025]
localrule CALC_HET_PER_CHR:
    input: sharks/HydCol_Test/temp/HydCol_Test_Var_Only.txt, sharks/HydCol_Test/Reference_HydCol_Test_Chroms_Lengths.txt, sharks/HydCol_Test/HydCol_Test_ROH_Results.csv
    output: sharks/HydCol_Test/20250331_CM068748.1_het.txt
    jobid: 258
    reason: Params have changed since last execution: Union of exclusive params before and now across all output: before: 30 now: 40 
    wildcards: CLADE=sharks, SPEC_NAME=HydCol_Test, TODAY_DATE=20250331, CHR=CM068748.1
    resources: tmpdir=/tmp


[Mon Mar 31 11:24:18 2025]
localrule FROH_PER_AUT_CHR:
    input: sharks/HydCol_Test/HydCol_Test_ROH_Results.csv, sharks/HydCol_Test/Reference_HydCol_Test_Chroms_Lengths.txt, sharks/chrom_lists/GCA_035084275.1_chroms.txt, sharks/HydCol_Test/temp/20250331_CM068769.1_Var_Only.txt
    output: sharks/HydCol_Test/20250331_CM068769.1_GCA_035084275.1_FROH.txt
    jobid: 238
    reason: Params have changed since last execution: Union of exclusive params before and now across all output: before: 30 now: 40 
    wildcards: CLADE=sharks, SPEC_NAME=HydCol_Test, TODAY_DATE=20250331, CHR=CM068769.1, REF_NAME=GCA_035084275.1
    resources: tmpdir=/tmp


[Mon Mar 31 11:24:18 2025]
localrule FROH_PER_AUT_CHR:
    input: sharks/HydCol_Test/HydCol_Test_ROH_Results.csv, sharks/HydCol_Test/Reference_HydCol_Test_Chroms_Lengths.txt, sharks/chrom_lists/GCA_035084275.1_chroms.txt, sharks/HydCol_Test/temp/20250331_CM068762.1_Var_Only.txt
    output: sharks/HydCol_Test/20250331_CM068762.1_GCA_035084275.1_FROH.txt
    jobid: 231
    reason: Params have changed since last execution: Union of exclusive params before and now across all output: before: 30 now: 40 
    wildcards: CLADE=sharks, SPEC_NAME=HydCol_Test, TODAY_DATE=20250331, CHR=CM068762.1, REF_NAME=GCA_035084275.1
    resources: tmpdir=/tmp


[Mon Mar 31 11:24:18 2025]
localrule CALC_HET_PER_CHR:
    input: sharks/HydCol_Test/temp/HydCol_Test_Var_Only.txt, sharks/HydCol_Test/Reference_HydCol_Test_Chroms_Lengths.txt, sharks/HydCol_Test/HydCol_Test_ROH_Results.csv
    output: sharks/HydCol_Test/20250331_CM068777.1_het.txt
    jobid: 287
    reason: Params have changed since last execution: Union of exclusive params before and now across all output: before: 30 now: 40 
    wildcards: CLADE=sharks, SPEC_NAME=HydCol_Test, TODAY_DATE=20250331, CHR=CM068777.1
    resources: tmpdir=/tmp


[Mon Mar 31 11:24:18 2025]
localrule Plot_ROH:
    input: sharks/HydCol_Test/HydCol_Test_ROH_Results.csv, sharks/HydCol_Test/Reference_HydCol_Test_Chroms_Lengths.txt
    output: sharks/HydCol_Test/20250331_HydCol_Test_ROH_Map.pdf
    jobid: 210
    reason: Params have changed since last execution: Union of exclusive params before and now across all output: before: 30 now: 40 
    wildcards: CLADE=sharks, SPEC_NAME=HydCol_Test, TODAY_DATE=20250331
    resources: tmpdir=/tmp


[Mon Mar 31 11:24:18 2025]
localrule CALC_HET_PER_CHR:
    input: sharks/HydCol_Test/temp/HydCol_Test_Var_Only.txt, sharks/HydCol_Test/Reference_HydCol_Test_Chroms_Lengths.txt, sharks/HydCol_Test/HydCol_Test_ROH_Results.csv
    output: sharks/HydCol_Test/20250331_CM068756.1_het.txt
    jobid: 266
    reason: Params have changed since last execution: Union of exclusive params before and now across all output: before: 30 now: 40 
    wildcards: CLADE=sharks, SPEC_NAME=HydCol_Test, TODAY_DATE=20250331, CHR=CM068756.1
    resources: tmpdir=/tmp


[Mon Mar 31 11:24:18 2025]
localrule CALC_HET_PER_CHR:
    input: sharks/HydCol_Test/temp/HydCol_Test_Var_Only.txt, sharks/HydCol_Test/Reference_HydCol_Test_Chroms_Lengths.txt, sharks/HydCol_Test/HydCol_Test_ROH_Results.csv
    output: sharks/HydCol_Test/20250331_CM068749.1_het.txt
    jobid: 259
    reason: Params have changed since last execution: Union of exclusive params before and now across all output: before: 30 now: 40 
    wildcards: CLADE=sharks, SPEC_NAME=HydCol_Test, TODAY_DATE=20250331, CHR=CM068749.1
    resources: tmpdir=/tmp


[Mon Mar 31 11:24:18 2025]
localrule FROH_PER_AUT_CHR:
    input: sharks/HydCol_Test/HydCol_Test_ROH_Results.csv, sharks/HydCol_Test/Reference_HydCol_Test_Chroms_Lengths.txt, sharks/chrom_lists/GCA_035084275.1_chroms.txt, sharks/HydCol_Test/temp/20250331_CM068776.1_Var_Only.txt
    output: sharks/HydCol_Test/20250331_CM068776.1_GCA_035084275.1_FROH.txt
    jobid: 245
    reason: Params have changed since last execution: Union of exclusive params before and now across all output: before: 30 now: 40 
    wildcards: CLADE=sharks, SPEC_NAME=HydCol_Test, TODAY_DATE=20250331, CHR=CM068776.1, REF_NAME=GCA_035084275.1
    resources: tmpdir=/tmp


[Mon Mar 31 11:24:18 2025]
localrule FROH_PER_AUT_CHR:
    input: sharks/HydCol_Test/HydCol_Test_ROH_Results.csv, sharks/HydCol_Test/Reference_HydCol_Test_Chroms_Lengths.txt, sharks/chrom_lists/GCA_035084275.1_chroms.txt, sharks/HydCol_Test/temp/20250331_CM068770.1_Var_Only.txt
    output: sharks/HydCol_Test/20250331_CM068770.1_GCA_035084275.1_FROH.txt
    jobid: 239
    reason: Params have changed since last execution: Union of exclusive params before and now across all output: before: 30 now: 40 
    wildcards: CLADE=sharks, SPEC_NAME=HydCol_Test, TODAY_DATE=20250331, CHR=CM068770.1, REF_NAME=GCA_035084275.1
    resources: tmpdir=/tmp


[Mon Mar 31 11:24:18 2025]
localrule FROH_PER_AUT_CHR:
    input: sharks/HydCol_Test/HydCol_Test_ROH_Results.csv, sharks/HydCol_Test/Reference_HydCol_Test_Chroms_Lengths.txt, sharks/chrom_lists/GCA_035084275.1_chroms.txt, sharks/HydCol_Test/temp/20250331_CM068763.1_Var_Only.txt
    output: sharks/HydCol_Test/20250331_CM068763.1_GCA_035084275.1_FROH.txt
    jobid: 232
    reason: Params have changed since last execution: Union of exclusive params before and now across all output: before: 30 now: 40 
    wildcards: CLADE=sharks, SPEC_NAME=HydCol_Test, TODAY_DATE=20250331, CHR=CM068763.1, REF_NAME=GCA_035084275.1
    resources: tmpdir=/tmp


[Mon Mar 31 11:24:18 2025]
localrule CALC_HET_PER_CHR:
    input: sharks/HydCol_Test/temp/HydCol_Test_Var_Only.txt, sharks/HydCol_Test/Reference_HydCol_Test_Chroms_Lengths.txt, sharks/HydCol_Test/HydCol_Test_ROH_Results.csv
    output: sharks/HydCol_Test/20250331_CM068778.1_het.txt
    jobid: 288
    reason: Params have changed since last execution: Union of exclusive params before and now across all output: before: 30 now: 40 
    wildcards: CLADE=sharks, SPEC_NAME=HydCol_Test, TODAY_DATE=20250331, CHR=CM068778.1
    resources: tmpdir=/tmp


[Mon Mar 31 11:24:18 2025]
localrule FROH_PER_AUT_CHR:
    input: sharks/HydCol_Test/HydCol_Test_ROH_Results.csv, sharks/HydCol_Test/Reference_HydCol_Test_Chroms_Lengths.txt, sharks/chrom_lists/GCA_035084275.1_chroms.txt, sharks/HydCol_Test/temp/20250331_CM068749.1_Var_Only.txt
    output: sharks/HydCol_Test/20250331_CM068749.1_GCA_035084275.1_FROH.txt
    jobid: 218
    reason: Params have changed since last execution: Union of exclusive params before and now across all output: before: 30 now: 40 
    wildcards: CLADE=sharks, SPEC_NAME=HydCol_Test, TODAY_DATE=20250331, CHR=CM068749.1, REF_NAME=GCA_035084275.1
    resources: tmpdir=/tmp


[Mon Mar 31 11:24:18 2025]
localrule CALC_HET_PER_CHR:
    input: sharks/HydCol_Test/temp/HydCol_Test_Var_Only.txt, sharks/HydCol_Test/Reference_HydCol_Test_Chroms_Lengths.txt, sharks/HydCol_Test/HydCol_Test_ROH_Results.csv
    output: sharks/HydCol_Test/20250331_CM068764.1_het.txt
    jobid: 274
    reason: Params have changed since last execution: Union of exclusive params before and now across all output: before: 30 now: 40 
    wildcards: CLADE=sharks, SPEC_NAME=HydCol_Test, TODAY_DATE=20250331, CHR=CM068764.1
    resources: tmpdir=/tmp


[Mon Mar 31 11:24:18 2025]
localrule FROH_PER_AUT_CHR:
    input: sharks/HydCol_Test/HydCol_Test_ROH_Results.csv, sharks/HydCol_Test/Reference_HydCol_Test_Chroms_Lengths.txt, sharks/chrom_lists/GCA_035084275.1_chroms.txt, sharks/HydCol_Test/temp/20250331_CM068742.1_Var_Only.txt
    output: sharks/HydCol_Test/20250331_CM068742.1_GCA_035084275.1_FROH.txt
    jobid: 211
    reason: Params have changed since last execution: Union of exclusive params before and now across all output: before: 30 now: 40 
    wildcards: CLADE=sharks, SPEC_NAME=HydCol_Test, TODAY_DATE=20250331, CHR=CM068742.1, REF_NAME=GCA_035084275.1
    resources: tmpdir=/tmp


[Mon Mar 31 11:24:18 2025]
localrule CALC_HET_PER_CHR:
    input: sharks/HydCol_Test/temp/HydCol_Test_Var_Only.txt, sharks/HydCol_Test/Reference_HydCol_Test_Chroms_Lengths.txt, sharks/HydCol_Test/HydCol_Test_ROH_Results.csv
    output: sharks/HydCol_Test/20250331_CM068757.1_het.txt
    jobid: 267
    reason: Params have changed since last execution: Union of exclusive params before and now across all output: before: 30 now: 40 
    wildcards: CLADE=sharks, SPEC_NAME=HydCol_Test, TODAY_DATE=20250331, CHR=CM068757.1
    resources: tmpdir=/tmp


[Mon Mar 31 11:24:18 2025]
localrule CALC_HET_PER_CHR:
    input: sharks/HydCol_Test/temp/HydCol_Test_Var_Only.txt, sharks/HydCol_Test/Reference_HydCol_Test_Chroms_Lengths.txt, sharks/HydCol_Test/HydCol_Test_ROH_Results.csv
    output: sharks/HydCol_Test/20250331_CM068750.1_het.txt
    jobid: 260
    reason: Params have changed since last execution: Union of exclusive params before and now across all output: before: 30 now: 40 
    wildcards: CLADE=sharks, SPEC_NAME=HydCol_Test, TODAY_DATE=20250331, CHR=CM068750.1
    resources: tmpdir=/tmp


[Mon Mar 31 11:24:18 2025]
localrule FROH_PER_AUT_CHR:
    input: sharks/HydCol_Test/HydCol_Test_ROH_Results.csv, sharks/HydCol_Test/Reference_HydCol_Test_Chroms_Lengths.txt, sharks/chrom_lists/GCA_035084275.1_chroms.txt, sharks/HydCol_Test/temp/20250331_CM068777.1_Var_Only.txt
    output: sharks/HydCol_Test/20250331_CM068777.1_GCA_035084275.1_FROH.txt
    jobid: 246
    reason: Params have changed since last execution: Union of exclusive params before and now across all output: before: 30 now: 40 
    wildcards: CLADE=sharks, SPEC_NAME=HydCol_Test, TODAY_DATE=20250331, CHR=CM068777.1, REF_NAME=GCA_035084275.1
    resources: tmpdir=/tmp


[Mon Mar 31 11:24:18 2025]
localrule FROH_PER_AUT_CHR:
    input: sharks/HydCol_Test/HydCol_Test_ROH_Results.csv, sharks/HydCol_Test/Reference_HydCol_Test_Chroms_Lengths.txt, sharks/chrom_lists/GCA_035084275.1_chroms.txt, sharks/HydCol_Test/temp/20250331_CM068764.1_Var_Only.txt
    output: sharks/HydCol_Test/20250331_CM068764.1_GCA_035084275.1_FROH.txt
    jobid: 233
    reason: Params have changed since last execution: Union of exclusive params before and now across all output: before: 30 now: 40 
    wildcards: CLADE=sharks, SPEC_NAME=HydCol_Test, TODAY_DATE=20250331, CHR=CM068764.1, REF_NAME=GCA_035084275.1
    resources: tmpdir=/tmp


[Mon Mar 31 11:24:18 2025]
localrule CALC_HET_PER_CHR:
    input: sharks/HydCol_Test/temp/HydCol_Test_Var_Only.txt, sharks/HydCol_Test/Reference_HydCol_Test_Chroms_Lengths.txt, sharks/HydCol_Test/HydCol_Test_ROH_Results.csv
    output: sharks/HydCol_Test/20250331_CM068765.1_het.txt
    jobid: 275
    reason: Params have changed since last execution: Union of exclusive params before and now across all output: before: 30 now: 40 
    wildcards: CLADE=sharks, SPEC_NAME=HydCol_Test, TODAY_DATE=20250331, CHR=CM068765.1
    resources: tmpdir=/tmp


[Mon Mar 31 11:24:18 2025]
localrule CALC_HET_PER_CHR:
    input: sharks/HydCol_Test/temp/HydCol_Test_Var_Only.txt, sharks/HydCol_Test/Reference_HydCol_Test_Chroms_Lengths.txt, sharks/HydCol_Test/HydCol_Test_ROH_Results.csv
    output: sharks/HydCol_Test/20250331_CM068758.1_het.txt
    jobid: 268
    reason: Params have changed since last execution: Union of exclusive params before and now across all output: before: 30 now: 40 
    wildcards: CLADE=sharks, SPEC_NAME=HydCol_Test, TODAY_DATE=20250331, CHR=CM068758.1
    resources: tmpdir=/tmp


[Mon Mar 31 11:24:18 2025]
localrule CALC_HET_PER_CHR:
    input: sharks/HydCol_Test/temp/HydCol_Test_Var_Only.txt, sharks/HydCol_Test/Reference_HydCol_Test_Chroms_Lengths.txt, sharks/HydCol_Test/HydCol_Test_ROH_Results.csv
    output: sharks/HydCol_Test/20250331_CM068751.1_het.txt
    jobid: 261
    reason: Params have changed since last execution: Union of exclusive params before and now across all output: before: 30 now: 40 
    wildcards: CLADE=sharks, SPEC_NAME=HydCol_Test, TODAY_DATE=20250331, CHR=CM068751.1
    resources: tmpdir=/tmp

[Mon Mar 31 11:24:19 2025]
Finished job 228.
1 of 84 steps (1%) done
Select jobs to execute...
Execute 1 jobs...

[Mon Mar 31 11:24:19 2025]
localrule FROH_PER_AUT_CHR:
    input: sharks/HydCol_Test/HydCol_Test_ROH_Results.csv, sharks/HydCol_Test/Reference_HydCol_Test_Chroms_Lengths.txt, sharks/chrom_lists/GCA_035084275.1_chroms.txt, sharks/HydCol_Test/temp/20250331_CM068771.1_Var_Only.txt
    output: sharks/HydCol_Test/20250331_CM068771.1_GCA_035084275.1_FROH.txt
    jobid: 240
    reason: Params have changed since last execution: Union of exclusive params before and now across all output: before: 30 now: 40 
    wildcards: CLADE=sharks, SPEC_NAME=HydCol_Test, TODAY_DATE=20250331, CHR=CM068771.1, REF_NAME=GCA_035084275.1
    resources: tmpdir=/tmp

[Mon Mar 31 11:24:19 2025]
Finished job 249.
2 of 84 steps (2%) done
[Mon Mar 31 11:24:19 2025]
Finished job 221.
3 of 84 steps (4%) done
[Mon Mar 31 11:24:19 2025]
Finished job 234.
4 of 84 steps (5%) done
[Mon Mar 31 11:24:19 2025]
Finished job 220.
5 of 84 steps (6%) done
[Mon Mar 31 11:24:19 2025]
Finished job 215.
6 of 84 steps (7%) done
[Mon Mar 31 11:24:19 2025]
Finished job 235.
7 of 84 steps (8%) done
[Mon Mar 31 11:24:19 2025]
Finished job 248.
8 of 84 steps (10%) done
[Mon Mar 31 11:24:19 2025]
Finished job 229.
9 of 84 steps (11%) done
[Mon Mar 31 11:24:19 2025]
Finished job 230.
10 of 84 steps (12%) done
[Mon Mar 31 11:24:19 2025]
Finished job 212.
11 of 84 steps (13%) done
[Mon Mar 31 11:24:19 2025]
Finished job 237.
12 of 84 steps (14%) done
[Mon Mar 31 11:24:19 2025]
Finished job 247.
13 of 84 steps (15%) done
Select jobs to execute...
Execute 12 jobs...

[Mon Mar 31 11:24:19 2025]
localrule FROH_PER_AUT_CHR:
    input: sharks/HydCol_Test/HydCol_Test_ROH_Results.csv, sharks/HydCol_Test/Reference_HydCol_Test_Chroms_Lengths.txt, sharks/chrom_lists/GCA_035084275.1_chroms.txt, sharks/HydCol_Test/temp/20250331_CM068745.1_Var_Only.txt
    output: sharks/HydCol_Test/20250331_CM068745.1_GCA_035084275.1_FROH.txt
    jobid: 214
    reason: Params have changed since last execution: Union of exclusive params before and now across all output: before: 30 now: 40 
    wildcards: CLADE=sharks, SPEC_NAME=HydCol_Test, TODAY_DATE=20250331, CHR=CM068745.1, REF_NAME=GCA_035084275.1
    resources: tmpdir=/tmp


[Mon Mar 31 11:24:19 2025]
localrule FROH_PER_AUT_CHR:
    input: sharks/HydCol_Test/HydCol_Test_ROH_Results.csv, sharks/HydCol_Test/Reference_HydCol_Test_Chroms_Lengths.txt, sharks/chrom_lists/GCA_035084275.1_chroms.txt, sharks/HydCol_Test/temp/20250331_CM068781.1_Var_Only.txt
    output: sharks/HydCol_Test/20250331_CM068781.1_GCA_035084275.1_FROH.txt
    jobid: 250
    reason: Params have changed since last execution: Union of exclusive params before and now across all output: before: 30 now: 40 
    wildcards: CLADE=sharks, SPEC_NAME=HydCol_Test, TODAY_DATE=20250331, CHR=CM068781.1, REF_NAME=GCA_035084275.1
    resources: tmpdir=/tmp


[Mon Mar 31 11:24:19 2025]
localrule CALC_HET_PER_CHR:
    input: sharks/HydCol_Test/temp/HydCol_Test_Var_Only.txt, sharks/HydCol_Test/Reference_HydCol_Test_Chroms_Lengths.txt, sharks/HydCol_Test/HydCol_Test_ROH_Results.csv
    output: sharks/HydCol_Test/20250331_CM068763.1_het.txt
    jobid: 273
    reason: Params have changed since last execution: Union of exclusive params before and now across all output: before: 30 now: 40 
    wildcards: CLADE=sharks, SPEC_NAME=HydCol_Test, TODAY_DATE=20250331, CHR=CM068763.1
    resources: tmpdir=/tmp


[Mon Mar 31 11:24:19 2025]
localrule FROH_PER_AUT_CHR:
    input: sharks/HydCol_Test/HydCol_Test_ROH_Results.csv, sharks/HydCol_Test/Reference_HydCol_Test_Chroms_Lengths.txt, sharks/chrom_lists/GCA_035084275.1_chroms.txt, sharks/HydCol_Test/temp/20250331_CM068756.1_Var_Only.txt
    output: sharks/HydCol_Test/20250331_CM068756.1_GCA_035084275.1_FROH.txt
    jobid: 225
    reason: Params have changed since last execution: Union of exclusive params before and now across all output: before: 30 now: 40 
    wildcards: CLADE=sharks, SPEC_NAME=HydCol_Test, TODAY_DATE=20250331, CHR=CM068756.1, REF_NAME=GCA_035084275.1
    resources: tmpdir=/tmp


[Mon Mar 31 11:24:19 2025]
localrule CALC_HET_PER_CHR:
    input: sharks/HydCol_Test/temp/HydCol_Test_Var_Only.txt, sharks/HydCol_Test/Reference_HydCol_Test_Chroms_Lengths.txt, sharks/HydCol_Test/HydCol_Test_ROH_Results.csv
    output: sharks/HydCol_Test/20250331_CM068771.1_het.txt
    jobid: 281
    reason: Params have changed since last execution: Union of exclusive params before and now across all output: before: 30 now: 40 
    wildcards: CLADE=sharks, SPEC_NAME=HydCol_Test, TODAY_DATE=20250331, CHR=CM068771.1
    resources: tmpdir=/tmp


[Mon Mar 31 11:24:19 2025]
localrule FROH_PER_AUT_CHR:
    input: sharks/HydCol_Test/HydCol_Test_ROH_Results.csv, sharks/HydCol_Test/Reference_HydCol_Test_Chroms_Lengths.txt, sharks/chrom_lists/GCA_035084275.1_chroms.txt, sharks/HydCol_Test/temp/20250331_CM068744.1_Var_Only.txt
    output: sharks/HydCol_Test/20250331_CM068744.1_GCA_035084275.1_FROH.txt
    jobid: 213
    reason: Params have changed since last execution: Union of exclusive params before and now across all output: before: 30 now: 40 
    wildcards: CLADE=sharks, SPEC_NAME=HydCol_Test, TODAY_DATE=20250331, CHR=CM068744.1, REF_NAME=GCA_035084275.1
    resources: tmpdir=/tmp


[Mon Mar 31 11:24:19 2025]
localrule CALC_HET_PER_CHR:
    input: sharks/HydCol_Test/temp/HydCol_Test_Var_Only.txt, sharks/HydCol_Test/Reference_HydCol_Test_Chroms_Lengths.txt, sharks/HydCol_Test/HydCol_Test_ROH_Results.csv
    output: sharks/HydCol_Test/20250331_CM068743.1_het.txt
    jobid: 253
    reason: Params have changed since last execution: Union of exclusive params before and now across all output: before: 30 now: 40 
    wildcards: CLADE=sharks, SPEC_NAME=HydCol_Test, TODAY_DATE=20250331, CHR=CM068743.1
    resources: tmpdir=/tmp


[Mon Mar 31 11:24:19 2025]
localrule FROH_PER_AUT_CHR:
    input: sharks/HydCol_Test/HydCol_Test_ROH_Results.csv, sharks/HydCol_Test/Reference_HydCol_Test_Chroms_Lengths.txt, sharks/chrom_lists/GCA_035084275.1_chroms.txt, sharks/HydCol_Test/temp/20250331_CM068753.1_Var_Only.txt
    output: sharks/HydCol_Test/20250331_CM068753.1_GCA_035084275.1_FROH.txt
    jobid: 222
    reason: Params have changed since last execution: Union of exclusive params before and now across all output: before: 30 now: 40 
    wildcards: CLADE=sharks, SPEC_NAME=HydCol_Test, TODAY_DATE=20250331, CHR=CM068753.1, REF_NAME=GCA_035084275.1
    resources: tmpdir=/tmp


[Mon Mar 31 11:24:19 2025]
localrule CALC_HET_PER_CHR:
    input: sharks/HydCol_Test/temp/HydCol_Test_Var_Only.txt, sharks/HydCol_Test/Reference_HydCol_Test_Chroms_Lengths.txt, sharks/HydCol_Test/HydCol_Test_ROH_Results.csv
    output: sharks/HydCol_Test/20250331_CM068768.1_het.txt
    jobid: 278
    reason: Params have changed since last execution: Union of exclusive params before and now across all output: before: 30 now: 40 
    wildcards: CLADE=sharks, SPEC_NAME=HydCol_Test, TODAY_DATE=20250331, CHR=CM068768.1
    resources: tmpdir=/tmp


[Mon Mar 31 11:24:19 2025]
localrule CALC_HET_PER_CHR:
    input: sharks/HydCol_Test/temp/HydCol_Test_Var_Only.txt, sharks/HydCol_Test/Reference_HydCol_Test_Chroms_Lengths.txt, sharks/HydCol_Test/HydCol_Test_ROH_Results.csv
    output: sharks/HydCol_Test/20250331_CM068772.1_het.txt
    jobid: 282
    reason: Params have changed since last execution: Union of exclusive params before and now across all output: before: 30 now: 40 
    wildcards: CLADE=sharks, SPEC_NAME=HydCol_Test, TODAY_DATE=20250331, CHR=CM068772.1
    resources: tmpdir=/tmp


[Mon Mar 31 11:24:19 2025]
localrule FROH_PER_AUT_CHR:
    input: sharks/HydCol_Test/HydCol_Test_ROH_Results.csv, sharks/HydCol_Test/Reference_HydCol_Test_Chroms_Lengths.txt, sharks/chrom_lists/GCA_035084275.1_chroms.txt, sharks/HydCol_Test/temp/20250331_CM068772.1_Var_Only.txt
    output: sharks/HydCol_Test/20250331_CM068772.1_GCA_035084275.1_FROH.txt
    jobid: 241
    reason: Params have changed since last execution: Union of exclusive params before and now across all output: before: 30 now: 40 
    wildcards: CLADE=sharks, SPEC_NAME=HydCol_Test, TODAY_DATE=20250331, CHR=CM068772.1, REF_NAME=GCA_035084275.1
    resources: tmpdir=/tmp


[Mon Mar 31 11:24:19 2025]
localrule FROH_PER_AUT_CHR:
    input: sharks/HydCol_Test/HydCol_Test_ROH_Results.csv, sharks/HydCol_Test/Reference_HydCol_Test_Chroms_Lengths.txt, sharks/chrom_lists/GCA_035084275.1_chroms.txt, sharks/HydCol_Test/temp/20250331_CM068757.1_Var_Only.txt
    output: sharks/HydCol_Test/20250331_CM068757.1_GCA_035084275.1_FROH.txt
    jobid: 226
    reason: Params have changed since last execution: Union of exclusive params before and now across all output: before: 30 now: 40 
    wildcards: CLADE=sharks, SPEC_NAME=HydCol_Test, TODAY_DATE=20250331, CHR=CM068757.1, REF_NAME=GCA_035084275.1
    resources: tmpdir=/tmp

[Mon Mar 31 11:24:19 2025]
Finished job 219.
14 of 84 steps (17%) done
[Mon Mar 31 11:24:19 2025]
Finished job 242.
15 of 84 steps (18%) done
[Mon Mar 31 11:24:19 2025]
Finished job 236.
16 of 84 steps (19%) done
[Mon Mar 31 11:24:19 2025]
Finished job 245.
17 of 84 steps (20%) done
[Mon Mar 31 11:24:19 2025]
Finished job 231.
18 of 84 steps (21%) done
[Mon Mar 31 11:24:19 2025]
Finished job 218.
19 of 84 steps (23%) done
[Mon Mar 31 11:24:19 2025]
Finished job 239.
20 of 84 steps (24%) done
[Mon Mar 31 11:24:19 2025]
Finished job 238.
21 of 84 steps (25%) done
[Mon Mar 31 11:24:19 2025]
Finished job 232.
22 of 84 steps (26%) done
[Mon Mar 31 11:24:19 2025]
Finished job 233.
23 of 84 steps (27%) done
[Mon Mar 31 11:24:19 2025]
Finished job 246.
24 of 84 steps (29%) done
[Mon Mar 31 11:24:19 2025]
Finished job 211.
25 of 84 steps (30%) done
Select jobs to execute...
Execute 12 jobs...

[Mon Mar 31 11:24:19 2025]
localrule CALC_HET_PER_CHR:
    input: sharks/HydCol_Test/temp/HydCol_Test_Var_Only.txt, sharks/HydCol_Test/Reference_HydCol_Test_Chroms_Lengths.txt, sharks/HydCol_Test/HydCol_Test_ROH_Results.csv
    output: sharks/HydCol_Test/20250331_CM068744.1_het.txt
    jobid: 254
    reason: Params have changed since last execution: Union of exclusive params before and now across all output: before: 30 now: 40 
    wildcards: CLADE=sharks, SPEC_NAME=HydCol_Test, TODAY_DATE=20250331, CHR=CM068744.1
    resources: tmpdir=/tmp


[Mon Mar 31 11:24:19 2025]
localrule FROH_PER_AUT_CHR:
    input: sharks/HydCol_Test/HydCol_Test_ROH_Results.csv, sharks/HydCol_Test/Reference_HydCol_Test_Chroms_Lengths.txt, sharks/chrom_lists/GCA_035084275.1_chroms.txt, sharks/HydCol_Test/temp/20250331_CM068754.1_Var_Only.txt
    output: sharks/HydCol_Test/20250331_CM068754.1_GCA_035084275.1_FROH.txt
    jobid: 223
    reason: Params have changed since last execution: Union of exclusive params before and now across all output: before: 30 now: 40 
    wildcards: CLADE=sharks, SPEC_NAME=HydCol_Test, TODAY_DATE=20250331, CHR=CM068754.1, REF_NAME=GCA_035084275.1
    resources: tmpdir=/tmp


[Mon Mar 31 11:24:19 2025]
localrule CALC_HET_PER_CHR:
    input: sharks/HydCol_Test/temp/HydCol_Test_Var_Only.txt, sharks/HydCol_Test/Reference_HydCol_Test_Chroms_Lengths.txt, sharks/HydCol_Test/HydCol_Test_ROH_Results.csv
    output: sharks/HydCol_Test/20250331_CM068769.1_het.txt
    jobid: 279
    reason: Params have changed since last execution: Union of exclusive params before and now across all output: before: 30 now: 40 
    wildcards: CLADE=sharks, SPEC_NAME=HydCol_Test, TODAY_DATE=20250331, CHR=CM068769.1
    resources: tmpdir=/tmp


[Mon Mar 31 11:24:19 2025]
localrule FROH_PER_AUT_CHR:
    input: sharks/HydCol_Test/HydCol_Test_ROH_Results.csv, sharks/HydCol_Test/Reference_HydCol_Test_Chroms_Lengths.txt, sharks/chrom_lists/GCA_035084275.1_chroms.txt, sharks/HydCol_Test/temp/20250331_CM068747.1_Var_Only.txt
    output: sharks/HydCol_Test/20250331_CM068747.1_GCA_035084275.1_FROH.txt
    jobid: 216
    reason: Params have changed since last execution: Union of exclusive params before and now across all output: before: 30 now: 40 
    wildcards: CLADE=sharks, SPEC_NAME=HydCol_Test, TODAY_DATE=20250331, CHR=CM068747.1, REF_NAME=GCA_035084275.1
    resources: tmpdir=/tmp


[Mon Mar 31 11:24:19 2025]
localrule CALC_HET_PER_CHR:
    input: sharks/HydCol_Test/temp/HydCol_Test_Var_Only.txt, sharks/HydCol_Test/Reference_HydCol_Test_Chroms_Lengths.txt, sharks/HydCol_Test/HydCol_Test_ROH_Results.csv
    output: sharks/HydCol_Test/20250331_CM068762.1_het.txt
    jobid: 272
    reason: Params have changed since last execution: Union of exclusive params before and now across all output: before: 30 now: 40 
    wildcards: CLADE=sharks, SPEC_NAME=HydCol_Test, TODAY_DATE=20250331, CHR=CM068762.1
    resources: tmpdir=/tmp


[Mon Mar 31 11:24:19 2025]
localrule WHOLE_FROH:
    input: sharks/HydCol_Test/HydCol_Test_ROH_Results.csv, sharks/HydCol_Test/Reference_HydCol_Test_Chroms_Lengths.txt, sharks/chrom_lists/GCA_035084275.1_chroms.txt, sharks/HydCol_Test/temp/HydCol_Test_Var_Only.txt
    output: sharks/HydCol_Test/20250331_HydCol_Test_FROH.txt
    jobid: 251
    reason: Missing output files: sharks/HydCol_Test/20250331_HydCol_Test_FROH.txt; Code has changed since last execution; Params have changed since last execution: Union of exclusive params before and now across all output: before: 30 now: 40 
    wildcards: CLADE=sharks, SPEC_NAME=HydCol_Test, TODAY_DATE=20250331
    resources: tmpdir=/tmp


[Mon Mar 31 11:24:19 2025]
localrule FROH_PER_AUT_CHR:
    input: sharks/HydCol_Test/HydCol_Test_ROH_Results.csv, sharks/HydCol_Test/Reference_HydCol_Test_Chroms_Lengths.txt, sharks/chrom_lists/GCA_035084275.1_chroms.txt, sharks/HydCol_Test/temp/20250331_CM068758.1_Var_Only.txt
    output: sharks/HydCol_Test/20250331_CM068758.1_GCA_035084275.1_FROH.txt
    jobid: 227
    reason: Params have changed since last execution: Union of exclusive params before and now across all output: before: 30 now: 40 
    wildcards: CLADE=sharks, SPEC_NAME=HydCol_Test, TODAY_DATE=20250331, CHR=CM068758.1, REF_NAME=GCA_035084275.1
    resources: tmpdir=/tmp


[Mon Mar 31 11:24:19 2025]
localrule FROH_PER_AUT_CHR:
    input: sharks/HydCol_Test/HydCol_Test_ROH_Results.csv, sharks/HydCol_Test/Reference_HydCol_Test_Chroms_Lengths.txt, sharks/chrom_lists/GCA_035084275.1_chroms.txt, sharks/HydCol_Test/temp/20250331_CM068775.1_Var_Only.txt
    output: sharks/HydCol_Test/20250331_CM068775.1_GCA_035084275.1_FROH.txt
    jobid: 244
    reason: Params have changed since last execution: Union of exclusive params before and now across all output: before: 30 now: 40 
    wildcards: CLADE=sharks, SPEC_NAME=HydCol_Test, TODAY_DATE=20250331, CHR=CM068775.1, REF_NAME=GCA_035084275.1
    resources: tmpdir=/tmp


[Mon Mar 31 11:24:19 2025]
localrule CALC_HET_PER_CHR:
    input: sharks/HydCol_Test/temp/HydCol_Test_Var_Only.txt, sharks/HydCol_Test/Reference_HydCol_Test_Chroms_Lengths.txt, sharks/HydCol_Test/HydCol_Test_ROH_Results.csv
    output: sharks/HydCol_Test/20250331_CM068770.1_het.txt
    jobid: 280
    reason: Params have changed since last execution: Union of exclusive params before and now across all output: before: 30 now: 40 
    wildcards: CLADE=sharks, SPEC_NAME=HydCol_Test, TODAY_DATE=20250331, CHR=CM068770.1
    resources: tmpdir=/tmp


[Mon Mar 31 11:24:19 2025]
localrule FROH_PER_AUT_CHR:
    input: sharks/HydCol_Test/HydCol_Test_ROH_Results.csv, sharks/HydCol_Test/Reference_HydCol_Test_Chroms_Lengths.txt, sharks/chrom_lists/GCA_035084275.1_chroms.txt, sharks/HydCol_Test/temp/20250331_CM068748.1_Var_Only.txt
    output: sharks/HydCol_Test/20250331_CM068748.1_GCA_035084275.1_FROH.txt
    jobid: 217
    reason: Params have changed since last execution: Union of exclusive params before and now across all output: before: 30 now: 40 
    wildcards: CLADE=sharks, SPEC_NAME=HydCol_Test, TODAY_DATE=20250331, CHR=CM068748.1, REF_NAME=GCA_035084275.1
    resources: tmpdir=/tmp


[Mon Mar 31 11:24:19 2025]
localrule FROH_PER_AUT_CHR:
    input: sharks/HydCol_Test/HydCol_Test_ROH_Results.csv, sharks/HydCol_Test/Reference_HydCol_Test_Chroms_Lengths.txt, sharks/chrom_lists/GCA_035084275.1_chroms.txt, sharks/HydCol_Test/temp/20250331_CM068774.1_Var_Only.txt
    output: sharks/HydCol_Test/20250331_CM068774.1_GCA_035084275.1_FROH.txt
    jobid: 243
    reason: Params have changed since last execution: Union of exclusive params before and now across all output: before: 30 now: 40 
    wildcards: CLADE=sharks, SPEC_NAME=HydCol_Test, TODAY_DATE=20250331, CHR=CM068774.1, REF_NAME=GCA_035084275.1
    resources: tmpdir=/tmp


[Mon Mar 31 11:24:19 2025]
localrule CALC_HET_PER_CHR:
    input: sharks/HydCol_Test/temp/HydCol_Test_Var_Only.txt, sharks/HydCol_Test/Reference_HydCol_Test_Chroms_Lengths.txt, sharks/HydCol_Test/HydCol_Test_ROH_Results.csv
    output: sharks/HydCol_Test/20250331_CM068742.1_het.txt
    jobid: 252
    reason: Params have changed since last execution: Union of exclusive params before and now across all output: before: 30 now: 40 
    wildcards: CLADE=sharks, SPEC_NAME=HydCol_Test, TODAY_DATE=20250331, CHR=CM068742.1
    resources: tmpdir=/tmp

Select jobs to execute...
Waiting for more resources.
Waiting for more resources.
Waiting for more resources.
Waiting for more resources.
Waiting for more resources.
Waiting for more resources.
Waiting for more resources.
Waiting for more resources.
Waiting for more resources.
Waiting for more resources.
Waiting for more resources.
Waiting for more resources.
Waiting for more resources.
Waiting for more resources.
Waiting for more resources.
Waiting for more resources.
Waiting for more resources.
Waiting for more resources.
Waiting for more resources.
Waiting for more resources.
Waiting for more resources.
Waiting for more resources.
[Mon Mar 31 11:24:20 2025]
Finished job 210.
26 of 84 steps (31%) done
Execute 1 jobs...

[Mon Mar 31 11:24:20 2025]
localrule CALC_HET_PER_CHR:
    input: sharks/HydCol_Test/temp/HydCol_Test_Var_Only.txt, sharks/HydCol_Test/Reference_HydCol_Test_Chroms_Lengths.txt, sharks/HydCol_Test/HydCol_Test_ROH_Results.csv
    output: sharks/HydCol_Test/20250331_CM068773.1_het.txt
    jobid: 283
    reason: Params have changed since last execution: Union of exclusive params before and now across all output: before: 30 now: 40 
    wildcards: CLADE=sharks, SPEC_NAME=HydCol_Test, TODAY_DATE=20250331, CHR=CM068773.1
    resources: tmpdir=/tmp

[Mon Mar 31 11:24:20 2025]
Finished job 240.
27 of 84 steps (32%) done
Select jobs to execute...
Execute 1 jobs...

[Mon Mar 31 11:24:20 2025]
localrule FROH_PER_AUT_CHR:
    input: sharks/HydCol_Test/HydCol_Test_ROH_Results.csv, sharks/HydCol_Test/Reference_HydCol_Test_Chroms_Lengths.txt, sharks/chrom_lists/GCA_035084275.1_chroms.txt, sharks/HydCol_Test/temp/20250331_CM068755.1_Var_Only.txt
    output: sharks/HydCol_Test/20250331_CM068755.1_GCA_035084275.1_FROH.txt
    jobid: 224
    reason: Params have changed since last execution: Union of exclusive params before and now across all output: before: 30 now: 40 
    wildcards: CLADE=sharks, SPEC_NAME=HydCol_Test, TODAY_DATE=20250331, CHR=CM068755.1, REF_NAME=GCA_035084275.1
    resources: tmpdir=/tmp

[Mon Mar 31 11:24:20 2025]
Finished job 250.
28 of 84 steps (33%) done
[Mon Mar 31 11:24:20 2025]
Finished job 241.
29 of 84 steps (35%) done
[Mon Mar 31 11:24:20 2025]
Finished job 225.
30 of 84 steps (36%) done
[Mon Mar 31 11:24:20 2025]
Finished job 222.
31 of 84 steps (37%) done
[Mon Mar 31 11:24:20 2025]
Finished job 214.
32 of 84 steps (38%) done
[Mon Mar 31 11:24:20 2025]
Finished job 217.
33 of 84 steps (39%) done
[Mon Mar 31 11:24:20 2025]
Finished job 227.
34 of 84 steps (40%) done
[Mon Mar 31 11:24:20 2025]
Finished job 216.
35 of 84 steps (42%) done
[Mon Mar 31 11:24:20 2025]
Finished job 226.
36 of 84 steps (43%) done
[Mon Mar 31 11:24:21 2025]
Finished job 244.
37 of 84 steps (44%) done
[Mon Mar 31 11:24:21 2025]
Finished job 223.
38 of 84 steps (45%) done
RuleException:
CalledProcessError in file /rds/project/rds-p67MZilb2eQ/projects/VGP/heterozygosity/Snakefile, line 387:
Command 'set -euo pipefail;  
        set -e 
        
        Laut_autosomal=0
        Laut=0

        while read -r line; do
            start="$(head -n 1 sharks/HydCol_Test/temp/20250331_"$line"_Var_Only.txt | awk ' {print $3} ')"
            end="$(tail -n 1 sharks/HydCol_Test/temp/20250331_"$line"_Var_Only.txt | awk ' {print $4} ')"
            chrom_length="$((end - start))"
            Laut_autosomal=$(("$Laut_autosomal" + "$chrom_length"))
        done < <(head -n 40 "sharks/chrom_lists/GCA_035084275.1_chroms.txt") 


        start="$(head -n  1 sharks/HydCol_Test/temp/HydCol_Test_Var_Only.txt | awk ' {print $3} ')"
        end="$(tail -n  1 sharks/HydCol_Test/temp/HydCol_Test_Var_Only.txt | awk ' {print $4} ')"
        chrom_length=$(("$end" - "$start"))
        Laut=$("$Laut" + "$chrom_length")

        Rscript /rds/project/rds-p67MZilb2eQ/projects/VGP/heterozygosity/20250106_FROH_Calc.R sharks/HydCol_Test/HydCol_Test_ROH_Results.csv sharks/HydCol_Test/Reference_HydCol_Test_Chroms_Lengths.txt 20250331 GCA_035084275.1 sharks "$Laut" 40 "$Laut_autosomal" > sharks/HydCol_Test/20250331_HydCol_Test_FROH.txt' returned non-zero exit status 127.
[Mon Mar 31 11:24:21 2025]
Error in rule WHOLE_FROH:
    jobid: 251
    input: sharks/HydCol_Test/HydCol_Test_ROH_Results.csv, sharks/HydCol_Test/Reference_HydCol_Test_Chroms_Lengths.txt, sharks/chrom_lists/GCA_035084275.1_chroms.txt, sharks/HydCol_Test/temp/HydCol_Test_Var_Only.txt
    output: sharks/HydCol_Test/20250331_HydCol_Test_FROH.txt
    shell:
        
        set -e 
        
        Laut_autosomal=0
        Laut=0

        while read -r line; do
            start="$(head -n 1 sharks/HydCol_Test/temp/20250331_"$line"_Var_Only.txt | awk ' {print $3} ')"
            end="$(tail -n 1 sharks/HydCol_Test/temp/20250331_"$line"_Var_Only.txt | awk ' {print $4} ')"
            chrom_length="$((end - start))"
            Laut_autosomal=$(("$Laut_autosomal" + "$chrom_length"))
        done < <(head -n 40 "sharks/chrom_lists/GCA_035084275.1_chroms.txt") 


        start="$(head -n  1 sharks/HydCol_Test/temp/HydCol_Test_Var_Only.txt | awk ' {print $3} ')"
        end="$(tail -n  1 sharks/HydCol_Test/temp/HydCol_Test_Var_Only.txt | awk ' {print $4} ')"
        chrom_length=$(("$end" - "$start"))
        Laut=$("$Laut" + "$chrom_length")

        Rscript /rds/project/rds-p67MZilb2eQ/projects/VGP/heterozygosity/20250106_FROH_Calc.R sharks/HydCol_Test/HydCol_Test_ROH_Results.csv sharks/HydCol_Test/Reference_HydCol_Test_Chroms_Lengths.txt 20250331 GCA_035084275.1 sharks "$Laut" 40 "$Laut_autosomal" > sharks/HydCol_Test/20250331_HydCol_Test_FROH.txt
        
        (one of the commands exited with non-zero exit code; note that snakemake uses bash strict mode!)

[Mon Mar 31 11:24:21 2025]
Finished job 243.
39 of 84 steps (46%) done
[Mon Mar 31 11:24:21 2025]
Finished job 213.
40 of 84 steps (48%) done
[Mon Mar 31 11:24:21 2025]
Finished job 224.
41 of 84 steps (49%) done
[Mon Mar 31 11:25:03 2025]
Finished job 1.
42 of 84 steps (50%) done
[Mon Mar 31 11:25:32 2025]
Finished job 290.
43 of 84 steps (51%) done
[Mon Mar 31 11:25:32 2025]
Finished job 271.
44 of 84 steps (52%) done
[Mon Mar 31 11:25:32 2025]
Finished job 285.
45 of 84 steps (54%) done
[Mon Mar 31 11:25:32 2025]
Finished job 268.
46 of 84 steps (55%) done
[Mon Mar 31 11:25:33 2025]
Finished job 261.
47 of 84 steps (56%) done
[Mon Mar 31 11:25:33 2025]
Finished job 264.
48 of 84 steps (57%) done
[Mon Mar 31 11:25:33 2025]
Finished job 276.
49 of 84 steps (58%) done
[Mon Mar 31 11:25:33 2025]
Finished job 287.
50 of 84 steps (60%) done
[Mon Mar 31 11:25:33 2025]
Finished job 284.
51 of 84 steps (61%) done
[Mon Mar 31 11:25:33 2025]
Finished job 267.
52 of 84 steps (62%) done
[Mon Mar 31 11:25:33 2025]
Finished job 277.
53 of 84 steps (63%) done
[Mon Mar 31 11:25:33 2025]
Finished job 275.
54 of 84 steps (64%) done
[Mon Mar 31 11:25:33 2025]
Finished job 274.
55 of 84 steps (65%) done
[Mon Mar 31 11:25:33 2025]
Finished job 265.
56 of 84 steps (67%) done
[Mon Mar 31 11:25:33 2025]
Finished job 288.
57 of 84 steps (68%) done
[Mon Mar 31 11:25:33 2025]
Finished job 278.
58 of 84 steps (69%) done
[Mon Mar 31 11:25:33 2025]
Finished job 266.
59 of 84 steps (70%) done
[Mon Mar 31 11:25:33 2025]
Finished job 269.
60 of 84 steps (71%) done
[Mon Mar 31 11:25:33 2025]
Finished job 263.
61 of 84 steps (73%) done
[Mon Mar 31 11:25:33 2025]
Finished job 281.
62 of 84 steps (74%) done
[Mon Mar 31 11:25:34 2025]
Finished job 279.
63 of 84 steps (75%) done
[Mon Mar 31 11:25:34 2025]
Finished job 260.
64 of 84 steps (76%) done
[Mon Mar 31 11:25:34 2025]
Finished job 289.
65 of 84 steps (77%) done
[Mon Mar 31 11:25:34 2025]
Finished job 291.
66 of 84 steps (79%) done
[Mon Mar 31 11:25:34 2025]
Finished job 262.
67 of 84 steps (80%) done
[Mon Mar 31 11:25:34 2025]
Finished job 259.
68 of 84 steps (81%) done
[Mon Mar 31 11:25:34 2025]
Finished job 270.
69 of 84 steps (82%) done
[Mon Mar 31 11:25:34 2025]
Finished job 255.
70 of 84 steps (83%) done
[Mon Mar 31 11:25:34 2025]
Finished job 286.
71 of 84 steps (85%) done
[Mon Mar 31 11:25:34 2025]
Finished job 252.
72 of 84 steps (86%) done
[Mon Mar 31 11:25:34 2025]
Finished job 257.
73 of 84 steps (87%) done
[Mon Mar 31 11:25:34 2025]
Finished job 256.
74 of 84 steps (88%) done
[Mon Mar 31 11:25:34 2025]
Finished job 283.
75 of 84 steps (89%) done
[Mon Mar 31 11:25:34 2025]
Finished job 258.
76 of 84 steps (90%) done
[Mon Mar 31 11:25:34 2025]
Finished job 273.
77 of 84 steps (92%) done
[Mon Mar 31 11:25:34 2025]
Finished job 253.
78 of 84 steps (93%) done
[Mon Mar 31 11:25:34 2025]
Finished job 282.
79 of 84 steps (94%) done
[Mon Mar 31 11:25:35 2025]
Finished job 272.
80 of 84 steps (95%) done
[Mon Mar 31 11:25:35 2025]
Finished job 254.
81 of 84 steps (96%) done
[Mon Mar 31 11:25:37 2025]
Finished job 280.
82 of 84 steps (98%) done
Shutting down, this might take some time.
Exiting because a job execution failed. Look above for error message
Complete log: .snakemake/log/2025-03-31T112415.268065.snakemake.log
WorkflowError:
At least one job did not complete successfully.
