host: login-p-4
Building DAG of jobs...
SLURM run ID: 6df5d327-b0df-427a-9198-45f4f58b6432
Using shell: /usr/bin/bash
Provided remote nodes: 25
Job stats:
job                            count
---------------------------  -------
BAM_CALLER_BED                    46
BGZIP_VCF                         46
BOOTSTRAPPING_MULTIHET_FILE        1
CALL_PLOIDY                       46
GENERATE_MASK                     46
GENERATE_MULTIHETSEP              46
INDEL_MASKER                      46
MAIN_MULTIHETSEP                  46
PILEUP_VARIANTS                   46
REMOVE_INDELS                     46
RESTRUCTURE                       46
all                                1
total                            462

Select jobs to execute...
Execute 25 jobs...

[Thu May 15 09:31:58 2025]
rule PILEUP_VARIANTS:
    input: sharks/HepPer/temp/CM068659.1.fasta, sharks/HepPer/HepPer_CM068659.1.bam
    output: sharks/HepPer/temp/CM068659.1_pileup.vcf.gz
    jobid: 362
    reason: Missing output files: sharks/HepPer/temp/CM068659.1_pileup.vcf.gz
    wildcards: CLADE=sharks, SPEC_NAME=HepPer, CHR=CM068659.1
    resources: mem_mb=100000, mem_mib=95368, disk_mb=1000, disk_mib=954, tmpdir=<TBD>, slurm_account=DURBIN-SL2-CPU, slurm_partition=icelake-himem, runtime=120

Job 362 has been submitted with SLURM jobid 9394103 (log: /rds/project/rds-p67MZilb2eQ/projects/VGP/heterozygosity/.snakemake/slurm_logs/rule_PILEUP_VARIANTS/sharks_HepPer_CM068659.1/9394103.log).

[Thu May 15 09:31:58 2025]
rule PILEUP_VARIANTS:
    input: sharks/HepPer/temp/CM068652.1.fasta, sharks/HepPer/HepPer_CM068652.1.bam
    output: sharks/HepPer/temp/CM068652.1_pileup.vcf.gz
    jobid: 341
    reason: Missing output files: sharks/HepPer/temp/CM068652.1_pileup.vcf.gz
    wildcards: CLADE=sharks, SPEC_NAME=HepPer, CHR=CM068652.1
    resources: mem_mb=100000, mem_mib=95368, disk_mb=1000, disk_mib=954, tmpdir=<TBD>, slurm_account=DURBIN-SL2-CPU, slurm_partition=icelake-himem, runtime=120

Job 341 has been submitted with SLURM jobid 9394105 (log: /rds/project/rds-p67MZilb2eQ/projects/VGP/heterozygosity/.snakemake/slurm_logs/rule_PILEUP_VARIANTS/sharks_HepPer_CM068652.1/9394105.log).

[Thu May 15 09:32:01 2025]
rule PILEUP_VARIANTS:
    input: sharks/HepPer/temp/CM068646.1.fasta, sharks/HepPer/HepPer_CM068646.1.bam
    output: sharks/HepPer/temp/CM068646.1_pileup.vcf.gz
    jobid: 323
    reason: Missing output files: sharks/HepPer/temp/CM068646.1_pileup.vcf.gz
    wildcards: CLADE=sharks, SPEC_NAME=HepPer, CHR=CM068646.1
    resources: mem_mb=100000, mem_mib=95368, disk_mb=1000, disk_mib=954, tmpdir=<TBD>, slurm_account=DURBIN-SL2-CPU, slurm_partition=icelake-himem, runtime=120

Job 323 has been submitted with SLURM jobid 9394106 (log: /rds/project/rds-p67MZilb2eQ/projects/VGP/heterozygosity/.snakemake/slurm_logs/rule_PILEUP_VARIANTS/sharks_HepPer_CM068646.1/9394106.log).

[Thu May 15 09:32:01 2025]
rule PILEUP_VARIANTS:
    input: sharks/HepPer/temp/CM068639.1.fasta, sharks/HepPer/HepPer_CM068639.1.bam
    output: sharks/HepPer/temp/CM068639.1_pileup.vcf.gz
    jobid: 302
    reason: Missing output files: sharks/HepPer/temp/CM068639.1_pileup.vcf.gz
    wildcards: CLADE=sharks, SPEC_NAME=HepPer, CHR=CM068639.1
    resources: mem_mb=100000, mem_mib=95368, disk_mb=1000, disk_mib=954, tmpdir=<TBD>, slurm_account=DURBIN-SL2-CPU, slurm_partition=icelake-himem, runtime=120

Job 302 has been submitted with SLURM jobid 9394107 (log: /rds/project/rds-p67MZilb2eQ/projects/VGP/heterozygosity/.snakemake/slurm_logs/rule_PILEUP_VARIANTS/sharks_HepPer_CM068639.1/9394107.log).

[Thu May 15 09:32:01 2025]
rule PILEUP_VARIANTS:
    input: sharks/HepPer/temp/CM068681.1.fasta, sharks/HepPer/HepPer_CM068681.1.bam
    output: sharks/HepPer/temp/CM068681.1_pileup.vcf.gz
    jobid: 428
    reason: Missing output files: sharks/HepPer/temp/CM068681.1_pileup.vcf.gz
    wildcards: CLADE=sharks, SPEC_NAME=HepPer, CHR=CM068681.1
    resources: mem_mb=100000, mem_mib=95368, disk_mb=1000, disk_mib=954, tmpdir=<TBD>, slurm_account=DURBIN-SL2-CPU, slurm_partition=icelake-himem, runtime=120

Job 428 has been submitted with SLURM jobid 9394108 (log: /rds/project/rds-p67MZilb2eQ/projects/VGP/heterozygosity/.snakemake/slurm_logs/rule_PILEUP_VARIANTS/sharks_HepPer_CM068681.1/9394108.log).

[Thu May 15 09:32:03 2025]
rule PILEUP_VARIANTS:
    input: sharks/HepPer/temp/CM068674.1.fasta, sharks/HepPer/HepPer_CM068674.1.bam
    output: sharks/HepPer/temp/CM068674.1_pileup.vcf.gz
    jobid: 407
    reason: Missing output files: sharks/HepPer/temp/CM068674.1_pileup.vcf.gz
    wildcards: CLADE=sharks, SPEC_NAME=HepPer, CHR=CM068674.1
    resources: mem_mb=100000, mem_mib=95368, disk_mb=1000, disk_mib=954, tmpdir=<TBD>, slurm_account=DURBIN-SL2-CPU, slurm_partition=icelake-himem, runtime=120

Job 407 has been submitted with SLURM jobid 9394109 (log: /rds/project/rds-p67MZilb2eQ/projects/VGP/heterozygosity/.snakemake/slurm_logs/rule_PILEUP_VARIANTS/sharks_HepPer_CM068674.1/9394109.log).

[Thu May 15 09:32:03 2025]
rule PILEUP_VARIANTS:
    input: sharks/HepPer/temp/CM068667.1.fasta, sharks/HepPer/HepPer_CM068667.1.bam
    output: sharks/HepPer/temp/CM068667.1_pileup.vcf.gz
    jobid: 386
    reason: Missing output files: sharks/HepPer/temp/CM068667.1_pileup.vcf.gz
    wildcards: CLADE=sharks, SPEC_NAME=HepPer, CHR=CM068667.1
    resources: mem_mb=100000, mem_mib=95368, disk_mb=1000, disk_mib=954, tmpdir=<TBD>, slurm_account=DURBIN-SL2-CPU, slurm_partition=icelake-himem, runtime=120

Job 386 has been submitted with SLURM jobid 9394110 (log: /rds/project/rds-p67MZilb2eQ/projects/VGP/heterozygosity/.snakemake/slurm_logs/rule_PILEUP_VARIANTS/sharks_HepPer_CM068667.1/9394110.log).

[Thu May 15 09:32:03 2025]
rule PILEUP_VARIANTS:
    input: sharks/HepPer/temp/CM068660.1.fasta, sharks/HepPer/HepPer_CM068660.1.bam
    output: sharks/HepPer/temp/CM068660.1_pileup.vcf.gz
    jobid: 365
    reason: Missing output files: sharks/HepPer/temp/CM068660.1_pileup.vcf.gz
    wildcards: CLADE=sharks, SPEC_NAME=HepPer, CHR=CM068660.1
    resources: mem_mb=100000, mem_mib=95368, disk_mb=1000, disk_mib=954, tmpdir=<TBD>, slurm_account=DURBIN-SL2-CPU, slurm_partition=icelake-himem, runtime=120

Job 365 has been submitted with SLURM jobid 9394111 (log: /rds/project/rds-p67MZilb2eQ/projects/VGP/heterozygosity/.snakemake/slurm_logs/rule_PILEUP_VARIANTS/sharks_HepPer_CM068660.1/9394111.log).

[Thu May 15 09:32:06 2025]
rule PILEUP_VARIANTS:
    input: sharks/HepPer/temp/CM068653.1.fasta, sharks/HepPer/HepPer_CM068653.1.bam
    output: sharks/HepPer/temp/CM068653.1_pileup.vcf.gz
    jobid: 344
    reason: Missing output files: sharks/HepPer/temp/CM068653.1_pileup.vcf.gz
    wildcards: CLADE=sharks, SPEC_NAME=HepPer, CHR=CM068653.1
    resources: mem_mb=100000, mem_mib=95368, disk_mb=1000, disk_mib=954, tmpdir=<TBD>, slurm_account=DURBIN-SL2-CPU, slurm_partition=icelake-himem, runtime=120

Job 344 has been submitted with SLURM jobid 9394113 (log: /rds/project/rds-p67MZilb2eQ/projects/VGP/heterozygosity/.snakemake/slurm_logs/rule_PILEUP_VARIANTS/sharks_HepPer_CM068653.1/9394113.log).

[Thu May 15 09:32:06 2025]
rule PILEUP_VARIANTS:
    input: sharks/HepPer/temp/CM068643.1.fasta, sharks/HepPer/HepPer_CM068643.1.bam
    output: sharks/HepPer/temp/CM068643.1_pileup.vcf.gz
    jobid: 314
    reason: Missing output files: sharks/HepPer/temp/CM068643.1_pileup.vcf.gz
    wildcards: CLADE=sharks, SPEC_NAME=HepPer, CHR=CM068643.1
    resources: mem_mb=100000, mem_mib=95368, disk_mb=1000, disk_mib=954, tmpdir=<TBD>, slurm_account=DURBIN-SL2-CPU, slurm_partition=icelake-himem, runtime=120

Job 314 has been submitted with SLURM jobid 9394114 (log: /rds/project/rds-p67MZilb2eQ/projects/VGP/heterozygosity/.snakemake/slurm_logs/rule_PILEUP_VARIANTS/sharks_HepPer_CM068643.1/9394114.log).

[Thu May 15 09:32:06 2025]
rule PILEUP_VARIANTS:
    input: sharks/HepPer/temp/CM068678.1.fasta, sharks/HepPer/HepPer_CM068678.1.bam
    output: sharks/HepPer/temp/CM068678.1_pileup.vcf.gz
    jobid: 419
    reason: Missing output files: sharks/HepPer/temp/CM068678.1_pileup.vcf.gz
    wildcards: CLADE=sharks, SPEC_NAME=HepPer, CHR=CM068678.1
    resources: mem_mb=100000, mem_mib=95368, disk_mb=1000, disk_mib=954, tmpdir=<TBD>, slurm_account=DURBIN-SL2-CPU, slurm_partition=icelake-himem, runtime=120

Job 419 has been submitted with SLURM jobid 9394115 (log: /rds/project/rds-p67MZilb2eQ/projects/VGP/heterozygosity/.snakemake/slurm_logs/rule_PILEUP_VARIANTS/sharks_HepPer_CM068678.1/9394115.log).

[Thu May 15 09:32:08 2025]
rule PILEUP_VARIANTS:
    input: sharks/HepPer/temp/CM068671.1.fasta, sharks/HepPer/HepPer_CM068671.1.bam
    output: sharks/HepPer/temp/CM068671.1_pileup.vcf.gz
    jobid: 398
    reason: Missing output files: sharks/HepPer/temp/CM068671.1_pileup.vcf.gz
    wildcards: CLADE=sharks, SPEC_NAME=HepPer, CHR=CM068671.1
    resources: mem_mb=100000, mem_mib=95368, disk_mb=1000, disk_mib=954, tmpdir=<TBD>, slurm_account=DURBIN-SL2-CPU, slurm_partition=icelake-himem, runtime=120

Job 398 has been submitted with SLURM jobid 9394116 (log: /rds/project/rds-p67MZilb2eQ/projects/VGP/heterozygosity/.snakemake/slurm_logs/rule_PILEUP_VARIANTS/sharks_HepPer_CM068671.1/9394116.log).

[Thu May 15 09:32:08 2025]
rule PILEUP_VARIANTS:
    input: sharks/HepPer/temp/CM068664.1.fasta, sharks/HepPer/HepPer_CM068664.1.bam
    output: sharks/HepPer/temp/CM068664.1_pileup.vcf.gz
    jobid: 377
    reason: Missing output files: sharks/HepPer/temp/CM068664.1_pileup.vcf.gz
    wildcards: CLADE=sharks, SPEC_NAME=HepPer, CHR=CM068664.1
    resources: mem_mb=100000, mem_mib=95368, disk_mb=1000, disk_mib=954, tmpdir=<TBD>, slurm_account=DURBIN-SL2-CPU, slurm_partition=icelake-himem, runtime=120

Job 377 has been submitted with SLURM jobid 9394117 (log: /rds/project/rds-p67MZilb2eQ/projects/VGP/heterozygosity/.snakemake/slurm_logs/rule_PILEUP_VARIANTS/sharks_HepPer_CM068664.1/9394117.log).

[Thu May 15 09:32:08 2025]
rule PILEUP_VARIANTS:
    input: sharks/HepPer/temp/CM068657.1.fasta, sharks/HepPer/HepPer_CM068657.1.bam
    output: sharks/HepPer/temp/CM068657.1_pileup.vcf.gz
    jobid: 356
    reason: Missing output files: sharks/HepPer/temp/CM068657.1_pileup.vcf.gz
    wildcards: CLADE=sharks, SPEC_NAME=HepPer, CHR=CM068657.1
    resources: mem_mb=100000, mem_mib=95368, disk_mb=1000, disk_mib=954, tmpdir=<TBD>, slurm_account=DURBIN-SL2-CPU, slurm_partition=icelake-himem, runtime=120

Job 356 has been submitted with SLURM jobid 9394118 (log: /rds/project/rds-p67MZilb2eQ/projects/VGP/heterozygosity/.snakemake/slurm_logs/rule_PILEUP_VARIANTS/sharks_HepPer_CM068657.1/9394118.log).

[Thu May 15 09:32:08 2025]
rule PILEUP_VARIANTS:
    input: sharks/HepPer/temp/CM068651.1.fasta, sharks/HepPer/HepPer_CM068651.1.bam
    output: sharks/HepPer/temp/CM068651.1_pileup.vcf.gz
    jobid: 338
    reason: Missing output files: sharks/HepPer/temp/CM068651.1_pileup.vcf.gz
    wildcards: CLADE=sharks, SPEC_NAME=HepPer, CHR=CM068651.1
    resources: mem_mb=100000, mem_mib=95368, disk_mb=1000, disk_mib=954, tmpdir=<TBD>, slurm_account=DURBIN-SL2-CPU, slurm_partition=icelake-himem, runtime=120

Job 338 has been submitted with SLURM jobid 9394119 (log: /rds/project/rds-p67MZilb2eQ/projects/VGP/heterozygosity/.snakemake/slurm_logs/rule_PILEUP_VARIANTS/sharks_HepPer_CM068651.1/9394119.log).

[Thu May 15 09:32:11 2025]
rule PILEUP_VARIANTS:
    input: sharks/HepPer/temp/CM068644.1.fasta, sharks/HepPer/HepPer_CM068644.1.bam
    output: sharks/HepPer/temp/CM068644.1_pileup.vcf.gz
    jobid: 317
    reason: Missing output files: sharks/HepPer/temp/CM068644.1_pileup.vcf.gz
    wildcards: CLADE=sharks, SPEC_NAME=HepPer, CHR=CM068644.1
    resources: mem_mb=100000, mem_mib=95368, disk_mb=1000, disk_mib=954, tmpdir=<TBD>, slurm_account=DURBIN-SL2-CPU, slurm_partition=icelake-himem, runtime=120

Job 317 has been submitted with SLURM jobid 9394121 (log: /rds/project/rds-p67MZilb2eQ/projects/VGP/heterozygosity/.snakemake/slurm_logs/rule_PILEUP_VARIANTS/sharks_HepPer_CM068644.1/9394121.log).

[Thu May 15 09:32:11 2025]
rule PILEUP_VARIANTS:
    input: sharks/HepPer/temp/CM068637.1.fasta, sharks/HepPer/HepPer_CM068637.1.bam
    output: sharks/HepPer/temp/CM068637.1_pileup.vcf.gz
    jobid: 293
    reason: Missing output files: sharks/HepPer/temp/CM068637.1_pileup.vcf.gz
    wildcards: CLADE=sharks, SPEC_NAME=HepPer, CHR=CM068637.1
    resources: mem_mb=100000, mem_mib=95368, disk_mb=1000, disk_mib=954, tmpdir=<TBD>, slurm_account=DURBIN-SL2-CPU, slurm_partition=icelake-himem, runtime=120

Job 293 has been submitted with SLURM jobid 9394122 (log: /rds/project/rds-p67MZilb2eQ/projects/VGP/heterozygosity/.snakemake/slurm_logs/rule_PILEUP_VARIANTS/sharks_HepPer_CM068637.1/9394122.log).

[Thu May 15 09:32:11 2025]
rule PILEUP_VARIANTS:
    input: sharks/HepPer/temp/CM068679.1.fasta, sharks/HepPer/HepPer_CM068679.1.bam
    output: sharks/HepPer/temp/CM068679.1_pileup.vcf.gz
    jobid: 422
    reason: Missing output files: sharks/HepPer/temp/CM068679.1_pileup.vcf.gz
    wildcards: CLADE=sharks, SPEC_NAME=HepPer, CHR=CM068679.1
    resources: mem_mb=100000, mem_mib=95368, disk_mb=1000, disk_mib=954, tmpdir=<TBD>, slurm_account=DURBIN-SL2-CPU, slurm_partition=icelake-himem, runtime=120

Job 422 has been submitted with SLURM jobid 9394123 (log: /rds/project/rds-p67MZilb2eQ/projects/VGP/heterozygosity/.snakemake/slurm_logs/rule_PILEUP_VARIANTS/sharks_HepPer_CM068679.1/9394123.log).

[Thu May 15 09:32:14 2025]
rule PILEUP_VARIANTS:
    input: sharks/HepPer/temp/CM068672.1.fasta, sharks/HepPer/HepPer_CM068672.1.bam
    output: sharks/HepPer/temp/CM068672.1_pileup.vcf.gz
    jobid: 401
    reason: Missing output files: sharks/HepPer/temp/CM068672.1_pileup.vcf.gz
    wildcards: CLADE=sharks, SPEC_NAME=HepPer, CHR=CM068672.1
    resources: mem_mb=100000, mem_mib=95368, disk_mb=1000, disk_mib=954, tmpdir=<TBD>, slurm_account=DURBIN-SL2-CPU, slurm_partition=icelake-himem, runtime=120

Job 401 has been submitted with SLURM jobid 9394124 (log: /rds/project/rds-p67MZilb2eQ/projects/VGP/heterozygosity/.snakemake/slurm_logs/rule_PILEUP_VARIANTS/sharks_HepPer_CM068672.1/9394124.log).

[Thu May 15 09:32:16 2025]
rule PILEUP_VARIANTS:
    input: sharks/HepPer/temp/CM068665.1.fasta, sharks/HepPer/HepPer_CM068665.1.bam
    output: sharks/HepPer/temp/CM068665.1_pileup.vcf.gz
    jobid: 380
    reason: Missing output files: sharks/HepPer/temp/CM068665.1_pileup.vcf.gz
    wildcards: CLADE=sharks, SPEC_NAME=HepPer, CHR=CM068665.1
    resources: mem_mb=100000, mem_mib=95368, disk_mb=1000, disk_mib=954, tmpdir=<TBD>, slurm_account=DURBIN-SL2-CPU, slurm_partition=icelake-himem, runtime=120

Job 380 has been submitted with SLURM jobid 9394126 (log: /rds/project/rds-p67MZilb2eQ/projects/VGP/heterozygosity/.snakemake/slurm_logs/rule_PILEUP_VARIANTS/sharks_HepPer_CM068665.1/9394126.log).

[Thu May 15 09:32:16 2025]
rule PILEUP_VARIANTS:
    input: sharks/HepPer/temp/CM068658.1.fasta, sharks/HepPer/HepPer_CM068658.1.bam
    output: sharks/HepPer/temp/CM068658.1_pileup.vcf.gz
    jobid: 359
    reason: Missing output files: sharks/HepPer/temp/CM068658.1_pileup.vcf.gz
    wildcards: CLADE=sharks, SPEC_NAME=HepPer, CHR=CM068658.1
    resources: mem_mb=100000, mem_mib=95368, disk_mb=1000, disk_mib=954, tmpdir=<TBD>, slurm_account=DURBIN-SL2-CPU, slurm_partition=icelake-himem, runtime=120

Job 359 has been submitted with SLURM jobid 9394127 (log: /rds/project/rds-p67MZilb2eQ/projects/VGP/heterozygosity/.snakemake/slurm_logs/rule_PILEUP_VARIANTS/sharks_HepPer_CM068658.1/9394127.log).

[Thu May 15 09:32:16 2025]
rule PILEUP_VARIANTS:
    input: sharks/HepPer/temp/CM068645.1.fasta, sharks/HepPer/HepPer_CM068645.1.bam
    output: sharks/HepPer/temp/CM068645.1_pileup.vcf.gz
    jobid: 320
    reason: Missing output files: sharks/HepPer/temp/CM068645.1_pileup.vcf.gz
    wildcards: CLADE=sharks, SPEC_NAME=HepPer, CHR=CM068645.1
    resources: mem_mb=100000, mem_mib=95368, disk_mb=1000, disk_mib=954, tmpdir=<TBD>, slurm_account=DURBIN-SL2-CPU, slurm_partition=icelake-himem, runtime=120

Job 320 has been submitted with SLURM jobid 9394128 (log: /rds/project/rds-p67MZilb2eQ/projects/VGP/heterozygosity/.snakemake/slurm_logs/rule_PILEUP_VARIANTS/sharks_HepPer_CM068645.1/9394128.log).

[Thu May 15 09:32:18 2025]
rule PILEUP_VARIANTS:
    input: sharks/HepPer/temp/CM068638.1.fasta, sharks/HepPer/HepPer_CM068638.1.bam
    output: sharks/HepPer/temp/CM068638.1_pileup.vcf.gz
    jobid: 299
    reason: Missing output files: sharks/HepPer/temp/CM068638.1_pileup.vcf.gz
    wildcards: CLADE=sharks, SPEC_NAME=HepPer, CHR=CM068638.1
    resources: mem_mb=100000, mem_mib=95368, disk_mb=1000, disk_mib=954, tmpdir=<TBD>, slurm_account=DURBIN-SL2-CPU, slurm_partition=icelake-himem, runtime=120

Job 299 has been submitted with SLURM jobid 9394129 (log: /rds/project/rds-p67MZilb2eQ/projects/VGP/heterozygosity/.snakemake/slurm_logs/rule_PILEUP_VARIANTS/sharks_HepPer_CM068638.1/9394129.log).

[Thu May 15 09:32:19 2025]
rule PILEUP_VARIANTS:
    input: sharks/HepPer/temp/CM068680.1.fasta, sharks/HepPer/HepPer_CM068680.1.bam
    output: sharks/HepPer/temp/CM068680.1_pileup.vcf.gz
    jobid: 425
    reason: Missing output files: sharks/HepPer/temp/CM068680.1_pileup.vcf.gz
    wildcards: CLADE=sharks, SPEC_NAME=HepPer, CHR=CM068680.1
    resources: mem_mb=100000, mem_mib=95368, disk_mb=1000, disk_mib=954, tmpdir=<TBD>, slurm_account=DURBIN-SL2-CPU, slurm_partition=icelake-himem, runtime=120

Job 425 has been submitted with SLURM jobid 9394130 (log: /rds/project/rds-p67MZilb2eQ/projects/VGP/heterozygosity/.snakemake/slurm_logs/rule_PILEUP_VARIANTS/sharks_HepPer_CM068680.1/9394130.log).

[Thu May 15 09:32:19 2025]
rule PILEUP_VARIANTS:
    input: sharks/HepPer/temp/CM068673.1.fasta, sharks/HepPer/HepPer_CM068673.1.bam
    output: sharks/HepPer/temp/CM068673.1_pileup.vcf.gz
    jobid: 404
    reason: Missing output files: sharks/HepPer/temp/CM068673.1_pileup.vcf.gz
    wildcards: CLADE=sharks, SPEC_NAME=HepPer, CHR=CM068673.1
    resources: mem_mb=100000, mem_mib=95368, disk_mb=1000, disk_mib=954, tmpdir=<TBD>, slurm_account=DURBIN-SL2-CPU, slurm_partition=icelake-himem, runtime=120

Job 404 has been submitted with SLURM jobid 9394131 (log: /rds/project/rds-p67MZilb2eQ/projects/VGP/heterozygosity/.snakemake/slurm_logs/rule_PILEUP_VARIANTS/sharks_HepPer_CM068673.1/9394131.log).
[Thu May 15 09:38:29 2025]
Finished job 362.
1 of 462 steps (0.2%) done
Select jobs to execute...
Execute 1 jobs...

[Thu May 15 09:38:29 2025]
rule PILEUP_VARIANTS:
    input: sharks/HepPer/temp/CM068647.1.fasta, sharks/HepPer/HepPer_CM068647.1.bam
    output: sharks/HepPer/temp/CM068647.1_pileup.vcf.gz
    jobid: 326
    reason: Missing output files: sharks/HepPer/temp/CM068647.1_pileup.vcf.gz
    wildcards: CLADE=sharks, SPEC_NAME=HepPer, CHR=CM068647.1
    resources: mem_mb=100000, mem_mib=95368, disk_mb=1000, disk_mib=954, tmpdir=<TBD>, slurm_account=DURBIN-SL2-CPU, slurm_partition=icelake-himem, runtime=120

Job 326 has been submitted with SLURM jobid 9394314 (log: /rds/project/rds-p67MZilb2eQ/projects/VGP/heterozygosity/.snakemake/slurm_logs/rule_PILEUP_VARIANTS/sharks_HepPer_CM068647.1/9394314.log).
[Thu May 15 09:38:29 2025]
Finished job 341.
2 of 462 steps (0.4%) done
Select jobs to execute...
Execute 1 jobs...

[Thu May 15 09:38:29 2025]
rule PILEUP_VARIANTS:
    input: sharks/HepPer/temp/CM068640.1.fasta, sharks/HepPer/HepPer_CM068640.1.bam
    output: sharks/HepPer/temp/CM068640.1_pileup.vcf.gz
    jobid: 305
    reason: Missing output files: sharks/HepPer/temp/CM068640.1_pileup.vcf.gz
    wildcards: CLADE=sharks, SPEC_NAME=HepPer, CHR=CM068640.1
    resources: mem_mb=100000, mem_mib=95368, disk_mb=1000, disk_mib=954, tmpdir=<TBD>, slurm_account=DURBIN-SL2-CPU, slurm_partition=icelake-himem, runtime=120

Job 305 has been submitted with SLURM jobid 9394315 (log: /rds/project/rds-p67MZilb2eQ/projects/VGP/heterozygosity/.snakemake/slurm_logs/rule_PILEUP_VARIANTS/sharks_HepPer_CM068640.1/9394315.log).
[Thu May 15 09:45:00 2025]
Finished job 323.
3 of 462 steps (1%) done
Select jobs to execute...
Execute 1 jobs...

[Thu May 15 09:45:00 2025]
rule CALL_PLOIDY:
    input: sharks/HepPer/temp/CM068659.1_pileup.vcf.gz
    output: sharks/HepPer/MSMC/Output_bam_caller_BED/CM068659.1_unmodified_bed.txt.gz, sharks/HepPer/temp/CM068659.1_only_snps.vcf.bgz
    jobid: 636
    reason: Missing output files: sharks/HepPer/temp/CM068659.1_only_snps.vcf.bgz, sharks/HepPer/MSMC/Output_bam_caller_BED/CM068659.1_unmodified_bed.txt.gz; Input files updated by another job: sharks/HepPer/temp/CM068659.1_pileup.vcf.gz
    wildcards: CLADE=sharks, SPEC_NAME=HepPer, CHR=CM068659.1
    resources: mem_mb=100000, mem_mib=95368, disk_mb=1000, disk_mib=954, tmpdir=<TBD>, slurm_account=DURBIN-SL2-CPU, slurm_partition=icelake-himem, runtime=120

Job 636 has been submitted with SLURM jobid 9394516 (log: /rds/project/rds-p67MZilb2eQ/projects/VGP/heterozygosity/.snakemake/slurm_logs/rule_CALL_PLOIDY/sharks_HepPer_CM068659.1/9394516.log).
[Thu May 15 09:47:30 2025]
Finished job 302.
4 of 462 steps (1%) done
Select jobs to execute...
Execute 1 jobs...

[Thu May 15 09:47:30 2025]
rule CALL_PLOIDY:
    input: sharks/HepPer/temp/CM068652.1_pileup.vcf.gz
    output: sharks/HepPer/MSMC/Output_bam_caller_BED/CM068652.1_unmodified_bed.txt.gz, sharks/HepPer/temp/CM068652.1_only_snps.vcf.bgz
    jobid: 573
    reason: Missing output files: sharks/HepPer/MSMC/Output_bam_caller_BED/CM068652.1_unmodified_bed.txt.gz, sharks/HepPer/temp/CM068652.1_only_snps.vcf.bgz; Input files updated by another job: sharks/HepPer/temp/CM068652.1_pileup.vcf.gz
    wildcards: CLADE=sharks, SPEC_NAME=HepPer, CHR=CM068652.1
    resources: mem_mb=100000, mem_mib=95368, disk_mb=1000, disk_mib=954, tmpdir=<TBD>, slurm_account=DURBIN-SL2-CPU, slurm_partition=icelake-himem, runtime=120

Job 573 has been submitted with SLURM jobid 9394552 (log: /rds/project/rds-p67MZilb2eQ/projects/VGP/heterozygosity/.snakemake/slurm_logs/rule_CALL_PLOIDY/sharks_HepPer_CM068652.1/9394552.log).
[Thu May 15 09:49:00 2025]
Finished job 428.
5 of 462 steps (1%) done
Select jobs to execute...
Execute 1 jobs...

[Thu May 15 09:49:00 2025]
rule PILEUP_VARIANTS:
    input: sharks/HepPer/temp/CM068682.1.fasta, sharks/HepPer/HepPer_CM068682.1.bam
    output: sharks/HepPer/temp/CM068682.1_pileup.vcf.gz
    jobid: 431
    reason: Missing output files: sharks/HepPer/temp/CM068682.1_pileup.vcf.gz
    wildcards: CLADE=sharks, SPEC_NAME=HepPer, CHR=CM068682.1
    resources: mem_mb=100000, mem_mib=95368, disk_mb=1000, disk_mib=954, tmpdir=<TBD>, slurm_account=DURBIN-SL2-CPU, slurm_partition=icelake-himem, runtime=120

Job 431 has been submitted with SLURM jobid 9394718 (log: /rds/project/rds-p67MZilb2eQ/projects/VGP/heterozygosity/.snakemake/slurm_logs/rule_PILEUP_VARIANTS/sharks_HepPer_CM068682.1/9394718.log).
[Thu May 15 09:49:40 2025]
Finished job 407.
6 of 462 steps (1%) done
Select jobs to execute...
Execute 1 jobs...

[Thu May 15 09:49:40 2025]
rule PILEUP_VARIANTS:
    input: sharks/HepPer/temp/CM068675.1.fasta, sharks/HepPer/HepPer_CM068675.1.bam
    output: sharks/HepPer/temp/CM068675.1_pileup.vcf.gz
    jobid: 410
    reason: Missing output files: sharks/HepPer/temp/CM068675.1_pileup.vcf.gz
    wildcards: CLADE=sharks, SPEC_NAME=HepPer, CHR=CM068675.1
    resources: mem_mb=100000, mem_mib=95368, disk_mb=1000, disk_mib=954, tmpdir=<TBD>, slurm_account=DURBIN-SL2-CPU, slurm_partition=icelake-himem, runtime=120

Job 410 has been submitted with SLURM jobid 9394727 (log: /rds/project/rds-p67MZilb2eQ/projects/VGP/heterozygosity/.snakemake/slurm_logs/rule_PILEUP_VARIANTS/sharks_HepPer_CM068675.1/9394727.log).
[Thu May 15 09:50:20 2025]
Finished job 386.
7 of 462 steps (2%) done
Select jobs to execute...
Execute 1 jobs...

[Thu May 15 09:50:20 2025]
rule INDEL_MASKER:
    input: sharks/HepPer/temp/CM068681.1_pileup.vcf.gz
    output: sharks/HepPer/MSMC/Output_indel_BED_file/CM068681.1_indel_bed.txt
    jobid: 838
    reason: Missing output files: sharks/HepPer/MSMC/Output_indel_BED_file/CM068681.1_indel_bed.txt; Input files updated by another job: sharks/HepPer/temp/CM068681.1_pileup.vcf.gz
    wildcards: CLADE=sharks, SPEC_NAME=HepPer, CHR=CM068681.1
    resources: mem_mb=100000, mem_mib=95368, disk_mb=1000, disk_mib=954, tmpdir=<TBD>, slurm_account=DURBIN-SL2-CPU, slurm_partition=icelake-himem, runtime=120

Job 838 has been submitted with SLURM jobid 9394730 (log: /rds/project/rds-p67MZilb2eQ/projects/VGP/heterozygosity/.snakemake/slurm_logs/rule_INDEL_MASKER/sharks_HepPer_CM068681.1/9394730.log).
[Thu May 15 09:50:21 2025]
Finished job 365.
8 of 462 steps (2%) done
Select jobs to execute...
Execute 1 jobs...

[Thu May 15 09:50:21 2025]
rule INDEL_MASKER:
    input: sharks/HepPer/temp/CM068667.1_pileup.vcf.gz
    output: sharks/HepPer/MSMC/Output_indel_BED_file/CM068667.1_indel_bed.txt
    jobid: 712
    reason: Missing output files: sharks/HepPer/MSMC/Output_indel_BED_file/CM068667.1_indel_bed.txt; Input files updated by another job: sharks/HepPer/temp/CM068667.1_pileup.vcf.gz
    wildcards: CLADE=sharks, SPEC_NAME=HepPer, CHR=CM068667.1
    resources: mem_mb=100000, mem_mib=95368, disk_mb=1000, disk_mib=954, tmpdir=<TBD>, slurm_account=DURBIN-SL2-CPU, slurm_partition=icelake-himem, runtime=120

Job 712 has been submitted with SLURM jobid 9394731 (log: /rds/project/rds-p67MZilb2eQ/projects/VGP/heterozygosity/.snakemake/slurm_logs/rule_INDEL_MASKER/sharks_HepPer_CM068667.1/9394731.log).
[Thu May 15 09:56:51 2025]
Finished job 419.
9 of 462 steps (2%) done
Select jobs to execute...
Execute 1 jobs...

[Thu May 15 09:56:51 2025]
rule CALL_PLOIDY:
    input: sharks/HepPer/temp/CM068678.1_pileup.vcf.gz
    output: sharks/HepPer/MSMC/Output_bam_caller_BED/CM068678.1_unmodified_bed.txt.gz, sharks/HepPer/temp/CM068678.1_only_snps.vcf.bgz
    jobid: 807
    reason: Missing output files: sharks/HepPer/MSMC/Output_bam_caller_BED/CM068678.1_unmodified_bed.txt.gz, sharks/HepPer/temp/CM068678.1_only_snps.vcf.bgz; Input files updated by another job: sharks/HepPer/temp/CM068678.1_pileup.vcf.gz
    wildcards: CLADE=sharks, SPEC_NAME=HepPer, CHR=CM068678.1
    resources: mem_mb=100000, mem_mib=95368, disk_mb=1000, disk_mib=954, tmpdir=<TBD>, slurm_account=DURBIN-SL2-CPU, slurm_partition=icelake-himem, runtime=120

Job 807 has been submitted with SLURM jobid 9394879 (log: /rds/project/rds-p67MZilb2eQ/projects/VGP/heterozygosity/.snakemake/slurm_logs/rule_CALL_PLOIDY/sharks_HepPer_CM068678.1/9394879.log).
[Thu May 15 09:56:53 2025]
Finished job 398.
10 of 462 steps (2%) done
Select jobs to execute...
Execute 1 jobs...

[Thu May 15 09:56:53 2025]
rule CALL_PLOIDY:
    input: sharks/HepPer/temp/CM068671.1_pileup.vcf.gz
    output: sharks/HepPer/MSMC/Output_bam_caller_BED/CM068671.1_unmodified_bed.txt.gz, sharks/HepPer/temp/CM068671.1_only_snps.vcf.bgz
    jobid: 744
    reason: Missing output files: sharks/HepPer/temp/CM068671.1_only_snps.vcf.bgz, sharks/HepPer/MSMC/Output_bam_caller_BED/CM068671.1_unmodified_bed.txt.gz; Input files updated by another job: sharks/HepPer/temp/CM068671.1_pileup.vcf.gz
    wildcards: CLADE=sharks, SPEC_NAME=HepPer, CHR=CM068671.1
    resources: mem_mb=100000, mem_mib=95368, disk_mb=1000, disk_mib=954, tmpdir=<TBD>, slurm_account=DURBIN-SL2-CPU, slurm_partition=icelake-himem, runtime=120

Job 744 has been submitted with SLURM jobid 9394880 (log: /rds/project/rds-p67MZilb2eQ/projects/VGP/heterozygosity/.snakemake/slurm_logs/rule_CALL_PLOIDY/sharks_HepPer_CM068671.1/9394880.log).
[Thu May 15 09:57:31 2025]
Finished job 344.
11 of 462 steps (2%) done
Select jobs to execute...
Execute 1 jobs...

[Thu May 15 09:57:31 2025]
rule INDEL_MASKER:
    input: sharks/HepPer/temp/CM068678.1_pileup.vcf.gz
    output: sharks/HepPer/MSMC/Output_indel_BED_file/CM068678.1_indel_bed.txt
    jobid: 811
    reason: Missing output files: sharks/HepPer/MSMC/Output_indel_BED_file/CM068678.1_indel_bed.txt; Input files updated by another job: sharks/HepPer/temp/CM068678.1_pileup.vcf.gz
    wildcards: CLADE=sharks, SPEC_NAME=HepPer, CHR=CM068678.1
    resources: mem_mb=100000, mem_mib=95368, disk_mb=1000, disk_mib=954, tmpdir=<TBD>, slurm_account=DURBIN-SL2-CPU, slurm_partition=icelake-himem, runtime=120

Job 811 has been submitted with SLURM jobid 9394931 (log: /rds/project/rds-p67MZilb2eQ/projects/VGP/heterozygosity/.snakemake/slurm_logs/rule_INDEL_MASKER/sharks_HepPer_CM068678.1/9394931.log).
[Thu May 15 09:58:12 2025]
Finished job 314.
12 of 462 steps (3%) done
Select jobs to execute...
Execute 1 jobs...

[Thu May 15 09:58:12 2025]
rule PILEUP_VARIANTS:
    input: sharks/HepPer/temp/CM068663.1.fasta, sharks/HepPer/HepPer_CM068663.1.bam
    output: sharks/HepPer/temp/CM068663.1_pileup.vcf.gz
    jobid: 374
    reason: Missing output files: sharks/HepPer/temp/CM068663.1_pileup.vcf.gz
    wildcards: CLADE=sharks, SPEC_NAME=HepPer, CHR=CM068663.1
    resources: mem_mb=100000, mem_mib=95368, disk_mb=1000, disk_mib=954, tmpdir=<TBD>, slurm_account=DURBIN-SL2-CPU, slurm_partition=icelake-himem, runtime=120

Job 374 has been submitted with SLURM jobid 9394937 (log: /rds/project/rds-p67MZilb2eQ/projects/VGP/heterozygosity/.snakemake/slurm_logs/rule_PILEUP_VARIANTS/sharks_HepPer_CM068663.1/9394937.log).
[Thu May 15 10:03:12 2025]
Finished job 377.
13 of 462 steps (3%) done
Select jobs to execute...
Execute 1 jobs...

[Thu May 15 10:03:12 2025]
rule INDEL_MASKER:
    input: sharks/HepPer/temp/CM068664.1_pileup.vcf.gz
    output: sharks/HepPer/MSMC/Output_indel_BED_file/CM068664.1_indel_bed.txt
    jobid: 685
    reason: Missing output files: sharks/HepPer/MSMC/Output_indel_BED_file/CM068664.1_indel_bed.txt; Input files updated by another job: sharks/HepPer/temp/CM068664.1_pileup.vcf.gz
    wildcards: CLADE=sharks, SPEC_NAME=HepPer, CHR=CM068664.1
    resources: mem_mb=100000, mem_mib=95368, disk_mb=1000, disk_mib=954, tmpdir=<TBD>, slurm_account=DURBIN-SL2-CPU, slurm_partition=icelake-himem, runtime=120

Job 685 has been submitted with SLURM jobid 9395055 (log: /rds/project/rds-p67MZilb2eQ/projects/VGP/heterozygosity/.snakemake/slurm_logs/rule_INDEL_MASKER/sharks_HepPer_CM068664.1/9395055.log).
[Thu May 15 10:03:52 2025]
Finished job 356.
14 of 462 steps (3%) done
Select jobs to execute...
Execute 1 jobs...

[Thu May 15 10:03:52 2025]
rule PILEUP_VARIANTS:
    input: sharks/HepPer/temp/CM068670.1.fasta, sharks/HepPer/HepPer_CM068670.1.bam
    output: sharks/HepPer/temp/CM068670.1_pileup.vcf.gz
    jobid: 395
    reason: Missing output files: sharks/HepPer/temp/CM068670.1_pileup.vcf.gz
    wildcards: CLADE=sharks, SPEC_NAME=HepPer, CHR=CM068670.1
    resources: mem_mb=100000, mem_mib=95368, disk_mb=1000, disk_mib=954, tmpdir=<TBD>, slurm_account=DURBIN-SL2-CPU, slurm_partition=icelake-himem, runtime=120

Job 395 has been submitted with SLURM jobid 9395083 (log: /rds/project/rds-p67MZilb2eQ/projects/VGP/heterozygosity/.snakemake/slurm_logs/rule_PILEUP_VARIANTS/sharks_HepPer_CM068670.1/9395083.log).
[Thu May 15 10:03:53 2025]
Finished job 338.
15 of 462 steps (3%) done
Select jobs to execute...
Execute 1 jobs...

[Thu May 15 10:03:53 2025]
rule INDEL_MASKER:
    input: sharks/HepPer/temp/CM068657.1_pileup.vcf.gz
    output: sharks/HepPer/MSMC/Output_indel_BED_file/CM068657.1_indel_bed.txt
    jobid: 622
    reason: Missing output files: sharks/HepPer/MSMC/Output_indel_BED_file/CM068657.1_indel_bed.txt; Input files updated by another job: sharks/HepPer/temp/CM068657.1_pileup.vcf.gz
    wildcards: CLADE=sharks, SPEC_NAME=HepPer, CHR=CM068657.1
    resources: mem_mb=100000, mem_mib=95368, disk_mb=1000, disk_mib=954, tmpdir=<TBD>, slurm_account=DURBIN-SL2-CPU, slurm_partition=icelake-himem, runtime=120

Job 622 has been submitted with SLURM jobid 9395085 (log: /rds/project/rds-p67MZilb2eQ/projects/VGP/heterozygosity/.snakemake/slurm_logs/rule_INDEL_MASKER/sharks_HepPer_CM068657.1/9395085.log).
[Thu May 15 10:04:33 2025]
Finished job 317.
16 of 462 steps (3%) done
Select jobs to execute...
Execute 1 jobs...

[Thu May 15 10:04:33 2025]
rule PILEUP_VARIANTS:
    input: sharks/HepPer/temp/CM068677.1.fasta, sharks/HepPer/HepPer_CM068677.1.bam
    output: sharks/HepPer/temp/CM068677.1_pileup.vcf.gz
    jobid: 416
    reason: Missing output files: sharks/HepPer/temp/CM068677.1_pileup.vcf.gz
    wildcards: CLADE=sharks, SPEC_NAME=HepPer, CHR=CM068677.1
    resources: mem_mb=100000, mem_mib=95368, disk_mb=1000, disk_mib=954, tmpdir=<TBD>, slurm_account=DURBIN-SL2-CPU, slurm_partition=icelake-himem, runtime=120

Job 416 has been submitted with SLURM jobid 9395105 (log: /rds/project/rds-p67MZilb2eQ/projects/VGP/heterozygosity/.snakemake/slurm_logs/rule_PILEUP_VARIANTS/sharks_HepPer_CM068677.1/9395105.log).
[Thu May 15 10:08:13 2025]
Finished job 422.
17 of 462 steps (4%) done
Select jobs to execute...
Execute 1 jobs...

[Thu May 15 10:08:13 2025]
rule INDEL_MASKER:
    input: sharks/HepPer/temp/CM068643.1_pileup.vcf.gz
    output: sharks/HepPer/MSMC/Output_indel_BED_file/CM068643.1_indel_bed.txt
    jobid: 496
    reason: Missing output files: sharks/HepPer/MSMC/Output_indel_BED_file/CM068643.1_indel_bed.txt; Input files updated by another job: sharks/HepPer/temp/CM068643.1_pileup.vcf.gz
    wildcards: CLADE=sharks, SPEC_NAME=HepPer, CHR=CM068643.1
    resources: mem_mb=100000, mem_mib=95368, disk_mb=1000, disk_mib=954, tmpdir=<TBD>, slurm_account=DURBIN-SL2-CPU, slurm_partition=icelake-himem, runtime=120

Job 496 has been submitted with SLURM jobid 9395172 (log: /rds/project/rds-p67MZilb2eQ/projects/VGP/heterozygosity/.snakemake/slurm_logs/rule_INDEL_MASKER/sharks_HepPer_CM068643.1/9395172.log).
[Thu May 15 10:08:14 2025]
Finished job 425.
18 of 462 steps (4%) done
Select jobs to execute...
Execute 1 jobs...

[Thu May 15 10:08:14 2025]
rule PILEUP_VARIANTS:
    input: sharks/HepPer/temp/CM068642.1.fasta, sharks/HepPer/HepPer_CM068642.1.bam
    output: sharks/HepPer/temp/CM068642.1_pileup.vcf.gz
    jobid: 311
    reason: Missing output files: sharks/HepPer/temp/CM068642.1_pileup.vcf.gz
    wildcards: CLADE=sharks, SPEC_NAME=HepPer, CHR=CM068642.1
    resources: mem_mb=100000, mem_mib=95368, disk_mb=1000, disk_mib=954, tmpdir=<TBD>, slurm_account=DURBIN-SL2-CPU, slurm_partition=icelake-himem, runtime=120

Job 311 has been submitted with SLURM jobid 9395173 (log: /rds/project/rds-p67MZilb2eQ/projects/VGP/heterozygosity/.snakemake/slurm_logs/rule_PILEUP_VARIANTS/sharks_HepPer_CM068642.1/9395173.log).
[Thu May 15 10:08:53 2025]
Finished job 401.
19 of 462 steps (4%) done
Select jobs to execute...
Execute 1 jobs...

[Thu May 15 10:08:53 2025]
rule INDEL_MASKER:
    input: sharks/HepPer/temp/CM068671.1_pileup.vcf.gz
    output: sharks/HepPer/MSMC/Output_indel_BED_file/CM068671.1_indel_bed.txt
    jobid: 748
    reason: Missing output files: sharks/HepPer/MSMC/Output_indel_BED_file/CM068671.1_indel_bed.txt; Input files updated by another job: sharks/HepPer/temp/CM068671.1_pileup.vcf.gz
    wildcards: CLADE=sharks, SPEC_NAME=HepPer, CHR=CM068671.1
    resources: mem_mb=100000, mem_mib=95368, disk_mb=1000, disk_mib=954, tmpdir=<TBD>, slurm_account=DURBIN-SL2-CPU, slurm_partition=icelake-himem, runtime=120

Job 748 has been submitted with SLURM jobid 9395178 (log: /rds/project/rds-p67MZilb2eQ/projects/VGP/heterozygosity/.snakemake/slurm_logs/rule_INDEL_MASKER/sharks_HepPer_CM068671.1/9395178.log).
[Thu May 15 10:08:55 2025]
Finished job 380.
20 of 462 steps (4%) done
[Thu May 15 10:08:55 2025]
Finished job 404.
21 of 462 steps (5%) done
Select jobs to execute...
Execute 2 jobs...

[Thu May 15 10:08:55 2025]
rule CALL_PLOIDY:
    input: sharks/HepPer/temp/CM068657.1_pileup.vcf.gz
    output: sharks/HepPer/MSMC/Output_bam_caller_BED/CM068657.1_unmodified_bed.txt.gz, sharks/HepPer/temp/CM068657.1_only_snps.vcf.bgz
    jobid: 618
    reason: Missing output files: sharks/HepPer/MSMC/Output_bam_caller_BED/CM068657.1_unmodified_bed.txt.gz, sharks/HepPer/temp/CM068657.1_only_snps.vcf.bgz; Input files updated by another job: sharks/HepPer/temp/CM068657.1_pileup.vcf.gz
    wildcards: CLADE=sharks, SPEC_NAME=HepPer, CHR=CM068657.1
    resources: mem_mb=100000, mem_mib=95368, disk_mb=1000, disk_mib=954, tmpdir=<TBD>, slurm_account=DURBIN-SL2-CPU, slurm_partition=icelake-himem, runtime=120

Job 618 has been submitted with SLURM jobid 9395179 (log: /rds/project/rds-p67MZilb2eQ/projects/VGP/heterozygosity/.snakemake/slurm_logs/rule_CALL_PLOIDY/sharks_HepPer_CM068657.1/9395179.log).

[Thu May 15 10:08:56 2025]
rule INDEL_MASKER:
    input: sharks/HepPer/temp/CM068659.1_pileup.vcf.gz
    output: sharks/HepPer/MSMC/Output_indel_BED_file/CM068659.1_indel_bed.txt
    jobid: 640
    reason: Missing output files: sharks/HepPer/MSMC/Output_indel_BED_file/CM068659.1_indel_bed.txt; Input files updated by another job: sharks/HepPer/temp/CM068659.1_pileup.vcf.gz
    wildcards: CLADE=sharks, SPEC_NAME=HepPer, CHR=CM068659.1
    resources: mem_mb=100000, mem_mib=95368, disk_mb=1000, disk_mib=954, tmpdir=<TBD>, slurm_account=DURBIN-SL2-CPU, slurm_partition=icelake-himem, runtime=120

Job 640 has been submitted with SLURM jobid 9395180 (log: /rds/project/rds-p67MZilb2eQ/projects/VGP/heterozygosity/.snakemake/slurm_logs/rule_INDEL_MASKER/sharks_HepPer_CM068659.1/9395180.log).
Select jobs to execute...
Waiting for more resources.
[Thu May 15 10:09:33 2025]
Finished job 359.
22 of 462 steps (5%) done
Execute 1 jobs...

[Thu May 15 10:09:33 2025]
rule PILEUP_VARIANTS:
    input: sharks/HepPer/temp/CM068649.1.fasta, sharks/HepPer/HepPer_CM068649.1.bam
    output: sharks/HepPer/temp/CM068649.1_pileup.vcf.gz
    jobid: 332
    reason: Missing output files: sharks/HepPer/temp/CM068649.1_pileup.vcf.gz
    wildcards: CLADE=sharks, SPEC_NAME=HepPer, CHR=CM068649.1
    resources: mem_mb=100000, mem_mib=95368, disk_mb=1000, disk_mib=954, tmpdir=<TBD>, slurm_account=DURBIN-SL2-CPU, slurm_partition=icelake-himem, runtime=120

Job 332 has been submitted with SLURM jobid 9395181 (log: /rds/project/rds-p67MZilb2eQ/projects/VGP/heterozygosity/.snakemake/slurm_logs/rule_PILEUP_VARIANTS/sharks_HepPer_CM068649.1/9395181.log).
[Thu May 15 10:10:14 2025]
Finished job 320.
23 of 462 steps (5%) done
Select jobs to execute...
Execute 1 jobs...

[Thu May 15 10:10:14 2025]
rule PILEUP_VARIANTS:
    input: sharks/HepPer/temp/CM068656.1.fasta, sharks/HepPer/HepPer_CM068656.1.bam
    output: sharks/HepPer/temp/CM068656.1_pileup.vcf.gz
    jobid: 353
    reason: Missing output files: sharks/HepPer/temp/CM068656.1_pileup.vcf.gz
    wildcards: CLADE=sharks, SPEC_NAME=HepPer, CHR=CM068656.1
    resources: mem_mb=100000, mem_mib=95368, disk_mb=1000, disk_mib=954, tmpdir=<TBD>, slurm_account=DURBIN-SL2-CPU, slurm_partition=icelake-himem, runtime=120

Job 353 has been submitted with SLURM jobid 9395300 (log: /rds/project/rds-p67MZilb2eQ/projects/VGP/heterozygosity/.snakemake/slurm_logs/rule_PILEUP_VARIANTS/sharks_HepPer_CM068656.1/9395300.log).
[Thu May 15 10:12:44 2025]
Finished job 299.
24 of 462 steps (5%) done
Select jobs to execute...
Execute 1 jobs...

[Thu May 15 10:12:44 2025]
rule INDEL_MASKER:
    input: sharks/HepPer/temp/CM068646.1_pileup.vcf.gz
    output: sharks/HepPer/MSMC/Output_indel_BED_file/CM068646.1_indel_bed.txt
    jobid: 523
    reason: Missing output files: sharks/HepPer/MSMC/Output_indel_BED_file/CM068646.1_indel_bed.txt; Input files updated by another job: sharks/HepPer/temp/CM068646.1_pileup.vcf.gz
    wildcards: CLADE=sharks, SPEC_NAME=HepPer, CHR=CM068646.1
    resources: mem_mb=100000, mem_mib=95368, disk_mb=1000, disk_mib=954, tmpdir=<TBD>, slurm_account=DURBIN-SL2-CPU, slurm_partition=icelake-himem, runtime=120

Job 523 has been submitted with SLURM jobid 9395330 (log: /rds/project/rds-p67MZilb2eQ/projects/VGP/heterozygosity/.snakemake/slurm_logs/rule_INDEL_MASKER/sharks_HepPer_CM068646.1/9395330.log).
[Thu May 15 10:13:24 2025]
Finished job 293.
25 of 462 steps (5%) done
Select jobs to execute...
Execute 1 jobs...

[Thu May 15 10:13:24 2025]
rule CALL_PLOIDY:
    input: sharks/HepPer/temp/CM068651.1_pileup.vcf.gz
    output: sharks/HepPer/MSMC/Output_bam_caller_BED/CM068651.1_unmodified_bed.txt.gz, sharks/HepPer/temp/CM068651.1_only_snps.vcf.bgz
    jobid: 564
    reason: Missing output files: sharks/HepPer/temp/CM068651.1_only_snps.vcf.bgz, sharks/HepPer/MSMC/Output_bam_caller_BED/CM068651.1_unmodified_bed.txt.gz; Input files updated by another job: sharks/HepPer/temp/CM068651.1_pileup.vcf.gz
    wildcards: CLADE=sharks, SPEC_NAME=HepPer, CHR=CM068651.1
    resources: mem_mb=100000, mem_mib=95368, disk_mb=1000, disk_mib=954, tmpdir=<TBD>, slurm_account=DURBIN-SL2-CPU, slurm_partition=icelake-himem, runtime=120

Job 564 has been submitted with SLURM jobid 9395333 (log: /rds/project/rds-p67MZilb2eQ/projects/VGP/heterozygosity/.snakemake/slurm_logs/rule_CALL_PLOIDY/sharks_HepPer_CM068651.1/9395333.log).
[Thu May 15 10:14:04 2025]
Error in rule INDEL_MASKER:
    message: SLURM-job '9394730' failed, SLURM status is: 'FAILED'. For further error details see the cluster/cloud log and the log files of the involved rule(s).
    jobid: 838
    input: sharks/HepPer/temp/CM068681.1_pileup.vcf.gz
    output: sharks/HepPer/MSMC/Output_indel_BED_file/CM068681.1_indel_bed.txt
    log: /rds/project/rds-p67MZilb2eQ/projects/VGP/heterozygosity/.snakemake/slurm_logs/rule_INDEL_MASKER/sharks_HepPer_CM068681.1/9394730.log (check log file(s) for error details)
    shell:
        
        python /rds/project/rds-8b3VcZwY7rY/users/ag2427/hpc-work/20241011_jaskaran_script_msmc_fileprep/indel_mask.py --input_gen_vcf sharks/HepPer/temp/CM068681.1_pileup.vcf.gz --Chromosome_name CM068681.1 --output_BED sharks/HepPer/MSMC/Output_indel_BED_file/CM068681.1_indel_bed.txt
        
        (one of the commands exited with non-zero exit code; note that snakemake uses bash strict mode!)
    external_jobid: 9394730

[Thu May 15 10:14:04 2025]
Error in rule INDEL_MASKER:
    message: SLURM-job '9394731' failed, SLURM status is: 'FAILED'. For further error details see the cluster/cloud log and the log files of the involved rule(s).
    jobid: 712
    input: sharks/HepPer/temp/CM068667.1_pileup.vcf.gz
    output: sharks/HepPer/MSMC/Output_indel_BED_file/CM068667.1_indel_bed.txt
    log: /rds/project/rds-p67MZilb2eQ/projects/VGP/heterozygosity/.snakemake/slurm_logs/rule_INDEL_MASKER/sharks_HepPer_CM068667.1/9394731.log (check log file(s) for error details)
    shell:
        
        python /rds/project/rds-8b3VcZwY7rY/users/ag2427/hpc-work/20241011_jaskaran_script_msmc_fileprep/indel_mask.py --input_gen_vcf sharks/HepPer/temp/CM068667.1_pileup.vcf.gz --Chromosome_name CM068667.1 --output_BED sharks/HepPer/MSMC/Output_indel_BED_file/CM068667.1_indel_bed.txt
        
        (one of the commands exited with non-zero exit code; note that snakemake uses bash strict mode!)
    external_jobid: 9394731

[Thu May 15 10:14:54 2025]
Finished job 431.
26 of 462 steps (6%) done
[Thu May 15 10:14:54 2025]
Finished job 410.
27 of 462 steps (6%) done
[Thu May 15 10:15:34 2025]
Finished job 807.
28 of 462 steps (6%) done
[Thu May 15 10:17:05 2025]
Finished job 326.
29 of 462 steps (6%) done
[Thu May 15 10:18:35 2025]
Finished job 305.
30 of 462 steps (6%) done
[Thu May 15 10:20:05 2025]
Finished job 636.
31 of 462 steps (7%) done
[Thu May 15 10:20:45 2025]
Finished job 573.
32 of 462 steps (7%) done
[Thu May 15 10:22:16 2025]
Error in rule INDEL_MASKER:
    message: SLURM-job '9394931' failed, SLURM status is: 'FAILED'. For further error details see the cluster/cloud log and the log files of the involved rule(s).
    jobid: 811
    input: sharks/HepPer/temp/CM068678.1_pileup.vcf.gz
    output: sharks/HepPer/MSMC/Output_indel_BED_file/CM068678.1_indel_bed.txt
    log: /rds/project/rds-p67MZilb2eQ/projects/VGP/heterozygosity/.snakemake/slurm_logs/rule_INDEL_MASKER/sharks_HepPer_CM068678.1/9394931.log (check log file(s) for error details)
    shell:
        
        python /rds/project/rds-8b3VcZwY7rY/users/ag2427/hpc-work/20241011_jaskaran_script_msmc_fileprep/indel_mask.py --input_gen_vcf sharks/HepPer/temp/CM068678.1_pileup.vcf.gz --Chromosome_name CM068678.1 --output_BED sharks/HepPer/MSMC/Output_indel_BED_file/CM068678.1_indel_bed.txt
        
        (one of the commands exited with non-zero exit code; note that snakemake uses bash strict mode!)
    external_jobid: 9394931

[Thu May 15 10:22:16 2025]
Error in rule INDEL_MASKER:
    message: SLURM-job '9395055' failed, SLURM status is: 'FAILED'. For further error details see the cluster/cloud log and the log files of the involved rule(s).
    jobid: 685
    input: sharks/HepPer/temp/CM068664.1_pileup.vcf.gz
    output: sharks/HepPer/MSMC/Output_indel_BED_file/CM068664.1_indel_bed.txt
    log: /rds/project/rds-p67MZilb2eQ/projects/VGP/heterozygosity/.snakemake/slurm_logs/rule_INDEL_MASKER/sharks_HepPer_CM068664.1/9395055.log (check log file(s) for error details)
    shell:
        
        python /rds/project/rds-8b3VcZwY7rY/users/ag2427/hpc-work/20241011_jaskaran_script_msmc_fileprep/indel_mask.py --input_gen_vcf sharks/HepPer/temp/CM068664.1_pileup.vcf.gz --Chromosome_name CM068664.1 --output_BED sharks/HepPer/MSMC/Output_indel_BED_file/CM068664.1_indel_bed.txt
        
        (one of the commands exited with non-zero exit code; note that snakemake uses bash strict mode!)
    external_jobid: 9395055

[Thu May 15 10:22:16 2025]
Error in rule INDEL_MASKER:
    message: SLURM-job '9395085' failed, SLURM status is: 'FAILED'. For further error details see the cluster/cloud log and the log files of the involved rule(s).
    jobid: 622
    input: sharks/HepPer/temp/CM068657.1_pileup.vcf.gz
    output: sharks/HepPer/MSMC/Output_indel_BED_file/CM068657.1_indel_bed.txt
    log: /rds/project/rds-p67MZilb2eQ/projects/VGP/heterozygosity/.snakemake/slurm_logs/rule_INDEL_MASKER/sharks_HepPer_CM068657.1/9395085.log (check log file(s) for error details)
    shell:
        
        python /rds/project/rds-8b3VcZwY7rY/users/ag2427/hpc-work/20241011_jaskaran_script_msmc_fileprep/indel_mask.py --input_gen_vcf sharks/HepPer/temp/CM068657.1_pileup.vcf.gz --Chromosome_name CM068657.1 --output_BED sharks/HepPer/MSMC/Output_indel_BED_file/CM068657.1_indel_bed.txt
        
        (one of the commands exited with non-zero exit code; note that snakemake uses bash strict mode!)
    external_jobid: 9395085

[Thu May 15 10:22:16 2025]
Error in rule INDEL_MASKER:
    message: SLURM-job '9395172' failed, SLURM status is: 'FAILED'. For further error details see the cluster/cloud log and the log files of the involved rule(s).
    jobid: 496
    input: sharks/HepPer/temp/CM068643.1_pileup.vcf.gz
    output: sharks/HepPer/MSMC/Output_indel_BED_file/CM068643.1_indel_bed.txt
    log: /rds/project/rds-p67MZilb2eQ/projects/VGP/heterozygosity/.snakemake/slurm_logs/rule_INDEL_MASKER/sharks_HepPer_CM068643.1/9395172.log (check log file(s) for error details)
    shell:
        
        python /rds/project/rds-8b3VcZwY7rY/users/ag2427/hpc-work/20241011_jaskaran_script_msmc_fileprep/indel_mask.py --input_gen_vcf sharks/HepPer/temp/CM068643.1_pileup.vcf.gz --Chromosome_name CM068643.1 --output_BED sharks/HepPer/MSMC/Output_indel_BED_file/CM068643.1_indel_bed.txt
        
        (one of the commands exited with non-zero exit code; note that snakemake uses bash strict mode!)
    external_jobid: 9395172

[Thu May 15 10:22:16 2025]
Finished job 416.
33 of 462 steps (7%) done
[Thu May 15 10:22:16 2025]
Error in rule INDEL_MASKER:
    message: SLURM-job '9395178' failed, SLURM status is: 'FAILED'. For further error details see the cluster/cloud log and the log files of the involved rule(s).
    jobid: 748
    input: sharks/HepPer/temp/CM068671.1_pileup.vcf.gz
    output: sharks/HepPer/MSMC/Output_indel_BED_file/CM068671.1_indel_bed.txt
    log: /rds/project/rds-p67MZilb2eQ/projects/VGP/heterozygosity/.snakemake/slurm_logs/rule_INDEL_MASKER/sharks_HepPer_CM068671.1/9395178.log (check log file(s) for error details)
    shell:
        
        python /rds/project/rds-8b3VcZwY7rY/users/ag2427/hpc-work/20241011_jaskaran_script_msmc_fileprep/indel_mask.py --input_gen_vcf sharks/HepPer/temp/CM068671.1_pileup.vcf.gz --Chromosome_name CM068671.1 --output_BED sharks/HepPer/MSMC/Output_indel_BED_file/CM068671.1_indel_bed.txt
        
        (one of the commands exited with non-zero exit code; note that snakemake uses bash strict mode!)
    external_jobid: 9395178

[Thu May 15 10:22:56 2025]
Finished job 374.
34 of 462 steps (7%) done
[Thu May 15 10:22:56 2025]
Finished job 395.
35 of 462 steps (8%) done
[Thu May 15 10:24:26 2025]
Finished job 744.
36 of 462 steps (8%) done
[Thu May 15 10:25:06 2025]
Finished job 311.
37 of 462 steps (8%) done
[Thu May 15 10:27:36 2025]
Finished job 618.
38 of 462 steps (8%) done
[Thu May 15 10:29:07 2025]
Error in rule INDEL_MASKER:
    message: SLURM-job '9395180' failed, SLURM status is: 'FAILED'. For further error details see the cluster/cloud log and the log files of the involved rule(s).
    jobid: 640
    input: sharks/HepPer/temp/CM068659.1_pileup.vcf.gz
    output: sharks/HepPer/MSMC/Output_indel_BED_file/CM068659.1_indel_bed.txt
    log: /rds/project/rds-p67MZilb2eQ/projects/VGP/heterozygosity/.snakemake/slurm_logs/rule_INDEL_MASKER/sharks_HepPer_CM068659.1/9395180.log (check log file(s) for error details)
    shell:
        
        python /rds/project/rds-8b3VcZwY7rY/users/ag2427/hpc-work/20241011_jaskaran_script_msmc_fileprep/indel_mask.py --input_gen_vcf sharks/HepPer/temp/CM068659.1_pileup.vcf.gz --Chromosome_name CM068659.1 --output_BED sharks/HepPer/MSMC/Output_indel_BED_file/CM068659.1_indel_bed.txt
        
        (one of the commands exited with non-zero exit code; note that snakemake uses bash strict mode!)
    external_jobid: 9395180

[Thu May 15 10:29:07 2025]
Error in rule INDEL_MASKER:
    message: SLURM-job '9395330' failed, SLURM status is: 'FAILED'. For further error details see the cluster/cloud log and the log files of the involved rule(s).
    jobid: 523
    input: sharks/HepPer/temp/CM068646.1_pileup.vcf.gz
    output: sharks/HepPer/MSMC/Output_indel_BED_file/CM068646.1_indel_bed.txt
    log: /rds/project/rds-p67MZilb2eQ/projects/VGP/heterozygosity/.snakemake/slurm_logs/rule_INDEL_MASKER/sharks_HepPer_CM068646.1/9395330.log (check log file(s) for error details)
    shell:
        
        python /rds/project/rds-8b3VcZwY7rY/users/ag2427/hpc-work/20241011_jaskaran_script_msmc_fileprep/indel_mask.py --input_gen_vcf sharks/HepPer/temp/CM068646.1_pileup.vcf.gz --Chromosome_name CM068646.1 --output_BED sharks/HepPer/MSMC/Output_indel_BED_file/CM068646.1_indel_bed.txt
        
        (one of the commands exited with non-zero exit code; note that snakemake uses bash strict mode!)
    external_jobid: 9395330

[Thu May 15 10:30:07 2025]
Finished job 353.
39 of 462 steps (8%) done
[Thu May 15 10:30:47 2025]
Finished job 332.
40 of 462 steps (9%) done
[Thu May 15 10:35:48 2025]
Finished job 564.
41 of 462 steps (9%) done
Shutting down, this might take some time.
Exiting because a job execution failed. Look above for error message
Complete log: .snakemake/log/2025-05-15T093145.424585.snakemake.log
WorkflowError:
At least one job did not complete successfully.
