host: login-q-1
Building DAG of jobs...
SLURM run ID: 899f585f-436a-49e7-96d3-a01c21cfac16
Using shell: /usr/bin/bash
Provided remote nodes: 50
Job stats:
job                      count
---------------------  -------
BGZIP_VCF                   40
CALC_HET_PER_CHR            40
CALC_HET_WHOLE_GENOME        1
COMPILE_HET                  1
PLOT_HET_PER_CHR            40
PLOT_WHOLE_HET               1
REMOVE_INDELS               40
all                          1
total                      164

Select jobs to execute...
Execute 50 jobs...

[Wed May 21 14:39:48 2025]
rule REMOVE_INDELS:
    input: sharks/HydCol/temp/CM068774.1_restructured.vcf.gz
    output: sharks/HydCol/CM068774.1.recode.vcf
    jobid: 478
    reason: Missing output files: sharks/HydCol/CM068774.1.recode.vcf; Code has changed since last execution
    wildcards: CLADE=sharks, SPEC_NAME=HydCol, CHROM=CM068774.1
    resources: mem_mb=100000, mem_mib=95368, disk_mb=1000, disk_mib=954, tmpdir=<TBD>, slurm_account=DURBIN-SL2-CPU, slurm_partition=cclake-himem, runtime=120

Job 478 has been submitted with SLURM jobid 9675457 (log: /rds/project/rds-p67MZilb2eQ/projects/VGP/heterozygosity/.snakemake/slurm_logs/rule_REMOVE_INDELS/sharks_HydCol_CM068774.1/9675457.log).

[Wed May 21 14:39:48 2025]
rule REMOVE_INDELS:
    input: sharks/HydCol/temp/CM068760.1_restructured.vcf.gz
    output: sharks/HydCol/CM068760.1.recode.vcf
    jobid: 436
    reason: Code has changed since last execution
    wildcards: CLADE=sharks, SPEC_NAME=HydCol, CHROM=CM068760.1
    resources: mem_mb=100000, mem_mib=95368, disk_mb=1000, disk_mib=954, tmpdir=<TBD>, slurm_account=DURBIN-SL2-CPU, slurm_partition=cclake-himem, runtime=120

Job 436 has been submitted with SLURM jobid 9675459 (log: /rds/project/rds-p67MZilb2eQ/projects/VGP/heterozygosity/.snakemake/slurm_logs/rule_REMOVE_INDELS/sharks_HydCol_CM068760.1/9675459.log).

[Wed May 21 14:39:50 2025]
rule CALC_HET_PER_CHR:
    input: sharks/HydCol/temp/HydCol_Var_Only.txt, sharks/HydCol/Reference_HydCol_Chroms_Lengths.txt, sharks/HydCol/HydCol_ROH_Results.csv
    output: sharks/HydCol/20250410_CM068771.1_het.txt
    jobid: 205
    reason: Code has changed since last execution
    wildcards: CLADE=sharks, SPEC_NAME=HydCol, TODAY_DATE=20250410, CHROM=CM068771.1
    resources: mem_mb=100000, mem_mib=95368, disk_mb=1000, disk_mib=954, tmpdir=<TBD>, slurm_account=DURBIN-SL2-CPU, slurm_partition=cclake-himem, runtime=120

Job 205 has been submitted with SLURM jobid 9675472 (log: /rds/project/rds-p67MZilb2eQ/projects/VGP/heterozygosity/.snakemake/slurm_logs/rule_CALC_HET_PER_CHR/sharks_HydCol_20250410_CM068771.1/9675472.log).

[Wed May 21 14:39:53 2025]
rule CALC_HET_PER_CHR:
    input: sharks/HydCol/temp/HydCol_Var_Only.txt, sharks/HydCol/Reference_HydCol_Chroms_Lengths.txt, sharks/HydCol/HydCol_ROH_Results.csv
    output: sharks/HydCol/20250410_CM068764.1_het.txt
    jobid: 198
    reason: Code has changed since last execution
    wildcards: CLADE=sharks, SPEC_NAME=HydCol, TODAY_DATE=20250410, CHROM=CM068764.1
    resources: mem_mb=100000, mem_mib=95368, disk_mb=1000, disk_mib=954, tmpdir=<TBD>, slurm_account=DURBIN-SL2-CPU, slurm_partition=cclake-himem, runtime=120

Job 198 has been submitted with SLURM jobid 9675488 (log: /rds/project/rds-p67MZilb2eQ/projects/VGP/heterozygosity/.snakemake/slurm_logs/rule_CALC_HET_PER_CHR/sharks_HydCol_20250410_CM068764.1/9675488.log).

[Wed May 21 14:39:55 2025]
rule REMOVE_INDELS:
    input: sharks/HydCol/temp/CM068746.1_restructured.vcf.gz
    output: sharks/HydCol/CM068746.1.recode.vcf
    jobid: 394
    reason: Code has changed since last execution
    wildcards: CLADE=sharks, SPEC_NAME=HydCol, CHROM=CM068746.1
    resources: mem_mb=100000, mem_mib=95368, disk_mb=1000, disk_mib=954, tmpdir=<TBD>, slurm_account=DURBIN-SL2-CPU, slurm_partition=cclake-himem, runtime=120

Job 394 has been submitted with SLURM jobid 9675490 (log: /rds/project/rds-p67MZilb2eQ/projects/VGP/heterozygosity/.snakemake/slurm_logs/rule_REMOVE_INDELS/sharks_HydCol_CM068746.1/9675490.log).

[Wed May 21 14:39:58 2025]
rule CALC_HET_PER_CHR:
    input: sharks/HydCol/temp/HydCol_Var_Only.txt, sharks/HydCol/Reference_HydCol_Chroms_Lengths.txt, sharks/HydCol/HydCol_ROH_Results.csv
    output: sharks/HydCol/20250410_CM068757.1_het.txt
    jobid: 191
    reason: Code has changed since last execution
    wildcards: CLADE=sharks, SPEC_NAME=HydCol, TODAY_DATE=20250410, CHROM=CM068757.1
    resources: mem_mb=100000, mem_mib=95368, disk_mb=1000, disk_mib=954, tmpdir=<TBD>, slurm_account=DURBIN-SL2-CPU, slurm_partition=cclake-himem, runtime=120

Job 191 has been submitted with SLURM jobid 9675495 (log: /rds/project/rds-p67MZilb2eQ/projects/VGP/heterozygosity/.snakemake/slurm_logs/rule_CALC_HET_PER_CHR/sharks_HydCol_20250410_CM068757.1/9675495.log).

[Wed May 21 14:40:01 2025]
rule CALC_HET_PER_CHR:
    input: sharks/HydCol/temp/HydCol_Var_Only.txt, sharks/HydCol/Reference_HydCol_Chroms_Lengths.txt, sharks/HydCol/HydCol_ROH_Results.csv
    output: sharks/HydCol/20250410_CM068743.1_het.txt
    jobid: 177
    reason: Code has changed since last execution
    wildcards: CLADE=sharks, SPEC_NAME=HydCol, TODAY_DATE=20250410, CHROM=CM068743.1
    resources: mem_mb=100000, mem_mib=95368, disk_mb=1000, disk_mib=954, tmpdir=<TBD>, slurm_account=DURBIN-SL2-CPU, slurm_partition=cclake-himem, runtime=120

Job 177 has been submitted with SLURM jobid 9675497 (log: /rds/project/rds-p67MZilb2eQ/projects/VGP/heterozygosity/.snakemake/slurm_logs/rule_CALC_HET_PER_CHR/sharks_HydCol_20250410_CM068743.1/9675497.log).

[Wed May 21 14:40:03 2025]
rule REMOVE_INDELS:
    input: sharks/HydCol/temp/CM068775.1_restructured.vcf.gz
    output: sharks/HydCol/CM068775.1.recode.vcf
    jobid: 481
    reason: Code has changed since last execution
    wildcards: CLADE=sharks, SPEC_NAME=HydCol, CHROM=CM068775.1
    resources: mem_mb=100000, mem_mib=95368, disk_mb=1000, disk_mib=954, tmpdir=<TBD>, slurm_account=DURBIN-SL2-CPU, slurm_partition=cclake-himem, runtime=120

Job 481 has been submitted with SLURM jobid 9675501 (log: /rds/project/rds-p67MZilb2eQ/projects/VGP/heterozygosity/.snakemake/slurm_logs/rule_REMOVE_INDELS/sharks_HydCol_CM068775.1/9675501.log).

[Wed May 21 14:40:06 2025]
rule CALC_HET_PER_CHR:
    input: sharks/HydCol/temp/HydCol_Var_Only.txt, sharks/HydCol/Reference_HydCol_Chroms_Lengths.txt, sharks/HydCol/HydCol_ROH_Results.csv
    output: sharks/HydCol/20250410_CM068772.1_het.txt
    jobid: 206
    reason: Code has changed since last execution
    wildcards: CLADE=sharks, SPEC_NAME=HydCol, TODAY_DATE=20250410, CHROM=CM068772.1
    resources: mem_mb=100000, mem_mib=95368, disk_mb=1000, disk_mib=954, tmpdir=<TBD>, slurm_account=DURBIN-SL2-CPU, slurm_partition=cclake-himem, runtime=120

Job 206 has been submitted with SLURM jobid 9675505 (log: /rds/project/rds-p67MZilb2eQ/projects/VGP/heterozygosity/.snakemake/slurm_logs/rule_CALC_HET_PER_CHR/sharks_HydCol_20250410_CM068772.1/9675505.log).

[Wed May 21 14:40:09 2025]
rule REMOVE_INDELS:
    input: sharks/HydCol/temp/CM068761.1_restructured.vcf.gz
    output: sharks/HydCol/CM068761.1.recode.vcf
    jobid: 439
    reason: Code has changed since last execution
    wildcards: CLADE=sharks, SPEC_NAME=HydCol, CHROM=CM068761.1
    resources: mem_mb=100000, mem_mib=95368, disk_mb=1000, disk_mib=954, tmpdir=<TBD>, slurm_account=DURBIN-SL2-CPU, slurm_partition=cclake-himem, runtime=120

Job 439 has been submitted with SLURM jobid 9675508 (log: /rds/project/rds-p67MZilb2eQ/projects/VGP/heterozygosity/.snakemake/slurm_logs/rule_REMOVE_INDELS/sharks_HydCol_CM068761.1/9675508.log).

[Wed May 21 14:40:12 2025]
rule CALC_HET_PER_CHR:
    input: sharks/HydCol/temp/HydCol_Var_Only.txt, sharks/HydCol/Reference_HydCol_Chroms_Lengths.txt, sharks/HydCol/HydCol_ROH_Results.csv
    output: sharks/HydCol/20250410_CM068765.1_het.txt
    jobid: 199
    reason: Code has changed since last execution
    wildcards: CLADE=sharks, SPEC_NAME=HydCol, TODAY_DATE=20250410, CHROM=CM068765.1
    resources: mem_mb=100000, mem_mib=95368, disk_mb=1000, disk_mib=954, tmpdir=<TBD>, slurm_account=DURBIN-SL2-CPU, slurm_partition=cclake-himem, runtime=120

Job 199 has been submitted with SLURM jobid 9675513 (log: /rds/project/rds-p67MZilb2eQ/projects/VGP/heterozygosity/.snakemake/slurm_logs/rule_CALC_HET_PER_CHR/sharks_HydCol_20250410_CM068765.1/9675513.log).

[Wed May 21 14:40:14 2025]
rule REMOVE_INDELS:
    input: sharks/HydCol/temp/CM068747.1_restructured.vcf.gz
    output: sharks/HydCol/CM068747.1.recode.vcf
    jobid: 397
    reason: Missing output files: sharks/HydCol/CM068747.1.recode.vcf; Code has changed since last execution
    wildcards: CLADE=sharks, SPEC_NAME=HydCol, CHROM=CM068747.1
    resources: mem_mb=100000, mem_mib=95368, disk_mb=1000, disk_mib=954, tmpdir=<TBD>, slurm_account=DURBIN-SL2-CPU, slurm_partition=cclake-himem, runtime=120

Job 397 has been submitted with SLURM jobid 9675516 (log: /rds/project/rds-p67MZilb2eQ/projects/VGP/heterozygosity/.snakemake/slurm_logs/rule_REMOVE_INDELS/sharks_HydCol_CM068747.1/9675516.log).

[Wed May 21 14:40:17 2025]
rule CALC_HET_PER_CHR:
    input: sharks/HydCol/temp/HydCol_Var_Only.txt, sharks/HydCol/Reference_HydCol_Chroms_Lengths.txt, sharks/HydCol/HydCol_ROH_Results.csv
    output: sharks/HydCol/20250410_CM068758.1_het.txt
    jobid: 192
    reason: Code has changed since last execution
    wildcards: CLADE=sharks, SPEC_NAME=HydCol, TODAY_DATE=20250410, CHROM=CM068758.1
    resources: mem_mb=100000, mem_mib=95368, disk_mb=1000, disk_mib=954, tmpdir=<TBD>, slurm_account=DURBIN-SL2-CPU, slurm_partition=cclake-himem, runtime=120

Job 192 has been submitted with SLURM jobid 9675517 (log: /rds/project/rds-p67MZilb2eQ/projects/VGP/heterozygosity/.snakemake/slurm_logs/rule_CALC_HET_PER_CHR/sharks_HydCol_20250410_CM068758.1/9675517.log).

[Wed May 21 14:40:17 2025]
rule CALC_HET_PER_CHR:
    input: sharks/HydCol/temp/HydCol_Var_Only.txt, sharks/HydCol/Reference_HydCol_Chroms_Lengths.txt, sharks/HydCol/HydCol_ROH_Results.csv
    output: sharks/HydCol/20250410_CM068744.1_het.txt
    jobid: 178
    reason: Code has changed since last execution
    wildcards: CLADE=sharks, SPEC_NAME=HydCol, TODAY_DATE=20250410, CHROM=CM068744.1
    resources: mem_mb=100000, mem_mib=95368, disk_mb=1000, disk_mib=954, tmpdir=<TBD>, slurm_account=DURBIN-SL2-CPU, slurm_partition=cclake-himem, runtime=120

Job 178 has been submitted with SLURM jobid 9675521 (log: /rds/project/rds-p67MZilb2eQ/projects/VGP/heterozygosity/.snakemake/slurm_logs/rule_CALC_HET_PER_CHR/sharks_HydCol_20250410_CM068744.1/9675521.log).

[Wed May 21 14:40:19 2025]
rule REMOVE_INDELS:
    input: sharks/HydCol/temp/CM068776.1_restructured.vcf.gz
    output: sharks/HydCol/CM068776.1.recode.vcf
    jobid: 484
    reason: Missing output files: sharks/HydCol/CM068776.1.recode.vcf; Code has changed since last execution
    wildcards: CLADE=sharks, SPEC_NAME=HydCol, CHROM=CM068776.1
    resources: mem_mb=100000, mem_mib=95368, disk_mb=1000, disk_mib=954, tmpdir=<TBD>, slurm_account=DURBIN-SL2-CPU, slurm_partition=cclake-himem, runtime=120

Job 484 has been submitted with SLURM jobid 9675524 (log: /rds/project/rds-p67MZilb2eQ/projects/VGP/heterozygosity/.snakemake/slurm_logs/rule_REMOVE_INDELS/sharks_HydCol_CM068776.1/9675524.log).

[Wed May 21 14:40:22 2025]
rule REMOVE_INDELS:
    input: sharks/HydCol/temp/CM068769.1_restructured.vcf.gz
    output: sharks/HydCol/CM068769.1.recode.vcf
    jobid: 463
    reason: Code has changed since last execution
    wildcards: CLADE=sharks, SPEC_NAME=HydCol, CHROM=CM068769.1
    resources: mem_mb=100000, mem_mib=95368, disk_mb=1000, disk_mib=954, tmpdir=<TBD>, slurm_account=DURBIN-SL2-CPU, slurm_partition=cclake-himem, runtime=120

Job 463 has been submitted with SLURM jobid 9675526 (log: /rds/project/rds-p67MZilb2eQ/projects/VGP/heterozygosity/.snakemake/slurm_logs/rule_REMOVE_INDELS/sharks_HydCol_CM068769.1/9675526.log).

[Wed May 21 14:40:22 2025]
rule CALC_HET_PER_CHR:
    input: sharks/HydCol/temp/HydCol_Var_Only.txt, sharks/HydCol/Reference_HydCol_Chroms_Lengths.txt, sharks/HydCol/HydCol_ROH_Results.csv
    output: sharks/HydCol/20250410_CM068780.1_het.txt
    jobid: 214
    reason: Code has changed since last execution
    wildcards: CLADE=sharks, SPEC_NAME=HydCol, TODAY_DATE=20250410, CHROM=CM068780.1
    resources: mem_mb=100000, mem_mib=95368, disk_mb=1000, disk_mib=954, tmpdir=<TBD>, slurm_account=DURBIN-SL2-CPU, slurm_partition=cclake-himem, runtime=120

Job 214 has been submitted with SLURM jobid 9675527 (log: /rds/project/rds-p67MZilb2eQ/projects/VGP/heterozygosity/.snakemake/slurm_logs/rule_CALC_HET_PER_CHR/sharks_HydCol_20250410_CM068780.1/9675527.log).

[Wed May 21 14:40:24 2025]
rule REMOVE_INDELS:
    input: sharks/HydCol/temp/CM068762.1_restructured.vcf.gz
    output: sharks/HydCol/CM068762.1.recode.vcf
    jobid: 442
    reason: Code has changed since last execution
    wildcards: CLADE=sharks, SPEC_NAME=HydCol, CHROM=CM068762.1
    resources: mem_mb=100000, mem_mib=95368, disk_mb=1000, disk_mib=954, tmpdir=<TBD>, slurm_account=DURBIN-SL2-CPU, slurm_partition=cclake-himem, runtime=120

Job 442 has been submitted with SLURM jobid 9675530 (log: /rds/project/rds-p67MZilb2eQ/projects/VGP/heterozygosity/.snakemake/slurm_logs/rule_REMOVE_INDELS/sharks_HydCol_CM068762.1/9675530.log).

[Wed May 21 14:40:25 2025]
rule CALC_HET_PER_CHR:
    input: sharks/HydCol/temp/HydCol_Var_Only.txt, sharks/HydCol/Reference_HydCol_Chroms_Lengths.txt, sharks/HydCol/HydCol_ROH_Results.csv
    output: sharks/HydCol/20250410_CM068773.1_het.txt
    jobid: 207
    reason: Code has changed since last execution
    wildcards: CLADE=sharks, SPEC_NAME=HydCol, TODAY_DATE=20250410, CHROM=CM068773.1
    resources: mem_mb=100000, mem_mib=95368, disk_mb=1000, disk_mib=954, tmpdir=<TBD>, slurm_account=DURBIN-SL2-CPU, slurm_partition=cclake-himem, runtime=120

Job 207 has been submitted with SLURM jobid 9675531 (log: /rds/project/rds-p67MZilb2eQ/projects/VGP/heterozygosity/.snakemake/slurm_logs/rule_CALC_HET_PER_CHR/sharks_HydCol_20250410_CM068773.1/9675531.log).

[Wed May 21 14:40:27 2025]
rule REMOVE_INDELS:
    input: sharks/HydCol/temp/CM068755.1_restructured.vcf.gz
    output: sharks/HydCol/CM068755.1.recode.vcf
    jobid: 421
    reason: Code has changed since last execution
    wildcards: CLADE=sharks, SPEC_NAME=HydCol, CHROM=CM068755.1
    resources: mem_mb=100000, mem_mib=95368, disk_mb=1000, disk_mib=954, tmpdir=<TBD>, slurm_account=DURBIN-SL2-CPU, slurm_partition=cclake-himem, runtime=120

Job 421 has been submitted with SLURM jobid 9675534 (log: /rds/project/rds-p67MZilb2eQ/projects/VGP/heterozygosity/.snakemake/slurm_logs/rule_REMOVE_INDELS/sharks_HydCol_CM068755.1/9675534.log).

[Wed May 21 14:40:37 2025]
rule CALC_HET_PER_CHR:
    input: sharks/HydCol/temp/HydCol_Var_Only.txt, sharks/HydCol/Reference_HydCol_Chroms_Lengths.txt, sharks/HydCol/HydCol_ROH_Results.csv
    output: sharks/HydCol/20250410_CM068766.1_het.txt
    jobid: 200
    reason: Code has changed since last execution
    wildcards: CLADE=sharks, SPEC_NAME=HydCol, TODAY_DATE=20250410, CHROM=CM068766.1
    resources: mem_mb=100000, mem_mib=95368, disk_mb=1000, disk_mib=954, tmpdir=<TBD>, slurm_account=DURBIN-SL2-CPU, slurm_partition=cclake-himem, runtime=120

Job 200 has been submitted with SLURM jobid 9675536 (log: /rds/project/rds-p67MZilb2eQ/projects/VGP/heterozygosity/.snakemake/slurm_logs/rule_CALC_HET_PER_CHR/sharks_HydCol_20250410_CM068766.1/9675536.log).

[Wed May 21 14:40:39 2025]
rule REMOVE_INDELS:
    input: sharks/HydCol/temp/CM068748.1_restructured.vcf.gz
    output: sharks/HydCol/CM068748.1.recode.vcf
    jobid: 400
    reason: Code has changed since last execution
    wildcards: CLADE=sharks, SPEC_NAME=HydCol, CHROM=CM068748.1
    resources: mem_mb=100000, mem_mib=95368, disk_mb=1000, disk_mib=954, tmpdir=<TBD>, slurm_account=DURBIN-SL2-CPU, slurm_partition=cclake-himem, runtime=120

Job 400 has been submitted with SLURM jobid 9675538 (log: /rds/project/rds-p67MZilb2eQ/projects/VGP/heterozygosity/.snakemake/slurm_logs/rule_REMOVE_INDELS/sharks_HydCol_CM068748.1/9675538.log).

[Wed May 21 14:40:42 2025]
rule CALC_HET_PER_CHR:
    input: sharks/HydCol/temp/HydCol_Var_Only.txt, sharks/HydCol/Reference_HydCol_Chroms_Lengths.txt, sharks/HydCol/HydCol_ROH_Results.csv
    output: sharks/HydCol/20250410_CM068759.1_het.txt
    jobid: 193
    reason: Code has changed since last execution
    wildcards: CLADE=sharks, SPEC_NAME=HydCol, TODAY_DATE=20250410, CHROM=CM068759.1
    resources: mem_mb=100000, mem_mib=95368, disk_mb=1000, disk_mib=954, tmpdir=<TBD>, slurm_account=DURBIN-SL2-CPU, slurm_partition=cclake-himem, runtime=120

Job 193 has been submitted with SLURM jobid 9675541 (log: /rds/project/rds-p67MZilb2eQ/projects/VGP/heterozygosity/.snakemake/slurm_logs/rule_CALC_HET_PER_CHR/sharks_HydCol_20250410_CM068759.1/9675541.log).

[Wed May 21 14:40:42 2025]
rule CALC_HET_PER_CHR:
    input: sharks/HydCol/temp/HydCol_Var_Only.txt, sharks/HydCol/Reference_HydCol_Chroms_Lengths.txt, sharks/HydCol/HydCol_ROH_Results.csv
    output: sharks/HydCol/20250410_CM068752.1_het.txt
    jobid: 186
    reason: Code has changed since last execution
    wildcards: CLADE=sharks, SPEC_NAME=HydCol, TODAY_DATE=20250410, CHROM=CM068752.1
    resources: mem_mb=100000, mem_mib=95368, disk_mb=1000, disk_mib=954, tmpdir=<TBD>, slurm_account=DURBIN-SL2-CPU, slurm_partition=cclake-himem, runtime=120

Job 186 has been submitted with SLURM jobid 9675542 (log: /rds/project/rds-p67MZilb2eQ/projects/VGP/heterozygosity/.snakemake/slurm_logs/rule_CALC_HET_PER_CHR/sharks_HydCol_20250410_CM068752.1/9675542.log).

[Wed May 21 14:40:47 2025]
rule CALC_HET_PER_CHR:
    input: sharks/HydCol/temp/HydCol_Var_Only.txt, sharks/HydCol/Reference_HydCol_Chroms_Lengths.txt, sharks/HydCol/HydCol_ROH_Results.csv
    output: sharks/HydCol/20250410_CM068745.1_het.txt
    jobid: 179
    reason: Forced execution
    wildcards: CLADE=sharks, SPEC_NAME=HydCol, TODAY_DATE=20250410, CHROM=CM068745.1
    resources: mem_mb=100000, mem_mib=95368, disk_mb=1000, disk_mib=954, tmpdir=<TBD>, slurm_account=DURBIN-SL2-CPU, slurm_partition=cclake-himem, runtime=120

Job 179 has been submitted with SLURM jobid 9675545 (log: /rds/project/rds-p67MZilb2eQ/projects/VGP/heterozygosity/.snakemake/slurm_logs/rule_CALC_HET_PER_CHR/sharks_HydCol_20250410_CM068745.1/9675545.log).

[Wed May 21 14:40:47 2025]
rule REMOVE_INDELS:
    input: sharks/HydCol/temp/CM068777.1_restructured.vcf.gz
    output: sharks/HydCol/CM068777.1.recode.vcf
    jobid: 487
    reason: Code has changed since last execution
    wildcards: CLADE=sharks, SPEC_NAME=HydCol, CHROM=CM068777.1
    resources: mem_mb=100000, mem_mib=95368, disk_mb=1000, disk_mib=954, tmpdir=<TBD>, slurm_account=DURBIN-SL2-CPU, slurm_partition=cclake-himem, runtime=120

Job 487 has been submitted with SLURM jobid 9675549 (log: /rds/project/rds-p67MZilb2eQ/projects/VGP/heterozygosity/.snakemake/slurm_logs/rule_REMOVE_INDELS/sharks_HydCol_CM068777.1/9675549.log).

[Wed May 21 14:40:49 2025]
rule REMOVE_INDELS:
    input: sharks/HydCol/temp/CM068770.1_restructured.vcf.gz
    output: sharks/HydCol/CM068770.1.recode.vcf
    jobid: 466
    reason: Code has changed since last execution
    wildcards: CLADE=sharks, SPEC_NAME=HydCol, CHROM=CM068770.1
    resources: mem_mb=100000, mem_mib=95368, disk_mb=1000, disk_mib=954, tmpdir=<TBD>, slurm_account=DURBIN-SL2-CPU, slurm_partition=cclake-himem, runtime=120

Job 466 has been submitted with SLURM jobid 9675554 (log: /rds/project/rds-p67MZilb2eQ/projects/VGP/heterozygosity/.snakemake/slurm_logs/rule_REMOVE_INDELS/sharks_HydCol_CM068770.1/9675554.log).

[Wed May 21 14:40:52 2025]
rule CALC_HET_PER_CHR:
    input: sharks/HydCol/temp/HydCol_Var_Only.txt, sharks/HydCol/Reference_HydCol_Chroms_Lengths.txt, sharks/HydCol/HydCol_ROH_Results.csv
    output: sharks/HydCol/20250410_CM068781.1_het.txt
    jobid: 215
    reason: Code has changed since last execution
    wildcards: CLADE=sharks, SPEC_NAME=HydCol, TODAY_DATE=20250410, CHROM=CM068781.1
    resources: mem_mb=100000, mem_mib=95368, disk_mb=1000, disk_mib=954, tmpdir=<TBD>, slurm_account=DURBIN-SL2-CPU, slurm_partition=cclake-himem, runtime=120

Job 215 has been submitted with SLURM jobid 9675556 (log: /rds/project/rds-p67MZilb2eQ/projects/VGP/heterozygosity/.snakemake/slurm_logs/rule_CALC_HET_PER_CHR/sharks_HydCol_20250410_CM068781.1/9675556.log).

[Wed May 21 14:40:54 2025]
rule REMOVE_INDELS:
    input: sharks/HydCol/temp/CM068756.1_restructured.vcf.gz
    output: sharks/HydCol/CM068756.1.recode.vcf
    jobid: 424
    reason: Missing output files: sharks/HydCol/CM068756.1.recode.vcf; Code has changed since last execution
    wildcards: CLADE=sharks, SPEC_NAME=HydCol, CHROM=CM068756.1
    resources: mem_mb=100000, mem_mib=95368, disk_mb=1000, disk_mib=954, tmpdir=<TBD>, slurm_account=DURBIN-SL2-CPU, slurm_partition=cclake-himem, runtime=120

Job 424 has been submitted with SLURM jobid 9675559 (log: /rds/project/rds-p67MZilb2eQ/projects/VGP/heterozygosity/.snakemake/slurm_logs/rule_REMOVE_INDELS/sharks_HydCol_CM068756.1/9675559.log).

[Wed May 21 14:40:55 2025]
rule CALC_HET_PER_CHR:
    input: sharks/HydCol/temp/HydCol_Var_Only.txt, sharks/HydCol/Reference_HydCol_Chroms_Lengths.txt, sharks/HydCol/HydCol_ROH_Results.csv
    output: sharks/HydCol/20250410_CM068767.1_het.txt
    jobid: 201
    reason: Code has changed since last execution
    wildcards: CLADE=sharks, SPEC_NAME=HydCol, TODAY_DATE=20250410, CHROM=CM068767.1
    resources: mem_mb=100000, mem_mib=95368, disk_mb=1000, disk_mib=954, tmpdir=<TBD>, slurm_account=DURBIN-SL2-CPU, slurm_partition=cclake-himem, runtime=120

Job 201 has been submitted with SLURM jobid 9675561 (log: /rds/project/rds-p67MZilb2eQ/projects/VGP/heterozygosity/.snakemake/slurm_logs/rule_CALC_HET_PER_CHR/sharks_HydCol_20250410_CM068767.1/9675561.log).

[Wed May 21 14:40:57 2025]
rule REMOVE_INDELS:
    input: sharks/HydCol/temp/CM068749.1_restructured.vcf.gz
    output: sharks/HydCol/CM068749.1.recode.vcf
    jobid: 403
    reason: Code has changed since last execution
    wildcards: CLADE=sharks, SPEC_NAME=HydCol, CHROM=CM068749.1
    resources: mem_mb=100000, mem_mib=95368, disk_mb=1000, disk_mib=954, tmpdir=<TBD>, slurm_account=DURBIN-SL2-CPU, slurm_partition=cclake-himem, runtime=120

Job 403 has been submitted with SLURM jobid 9675565 (log: /rds/project/rds-p67MZilb2eQ/projects/VGP/heterozygosity/.snakemake/slurm_logs/rule_REMOVE_INDELS/sharks_HydCol_CM068749.1/9675565.log).

[Wed May 21 14:40:57 2025]
rule CALC_HET_PER_CHR:
    input: sharks/HydCol/temp/HydCol_Var_Only.txt, sharks/HydCol/Reference_HydCol_Chroms_Lengths.txt, sharks/HydCol/HydCol_ROH_Results.csv
    output: sharks/HydCol/20250410_CM068760.1_het.txt
    jobid: 194
    reason: Code has changed since last execution
    wildcards: CLADE=sharks, SPEC_NAME=HydCol, TODAY_DATE=20250410, CHROM=CM068760.1
    resources: mem_mb=100000, mem_mib=95368, disk_mb=1000, disk_mib=954, tmpdir=<TBD>, slurm_account=DURBIN-SL2-CPU, slurm_partition=cclake-himem, runtime=120

Job 194 has been submitted with SLURM jobid 9675567 (log: /rds/project/rds-p67MZilb2eQ/projects/VGP/heterozygosity/.snakemake/slurm_logs/rule_CALC_HET_PER_CHR/sharks_HydCol_20250410_CM068760.1/9675567.log).

[Wed May 21 14:41:00 2025]
rule REMOVE_INDELS:
    input: sharks/HydCol/temp/CM068742.1_restructured.vcf.gz
    output: sharks/HydCol/CM068742.1.recode.vcf
    jobid: 382
    reason: Code has changed since last execution
    wildcards: CLADE=sharks, SPEC_NAME=HydCol, CHROM=CM068742.1
    resources: mem_mb=100000, mem_mib=95368, disk_mb=1000, disk_mib=954, tmpdir=<TBD>, slurm_account=DURBIN-SL2-CPU, slurm_partition=cclake-himem, runtime=120

Job 382 has been submitted with SLURM jobid 9675581 (log: /rds/project/rds-p67MZilb2eQ/projects/VGP/heterozygosity/.snakemake/slurm_logs/rule_REMOVE_INDELS/sharks_HydCol_CM068742.1/9675581.log).

[Wed May 21 14:41:06 2025]
rule CALC_HET_PER_CHR:
    input: sharks/HydCol/temp/HydCol_Var_Only.txt, sharks/HydCol/Reference_HydCol_Chroms_Lengths.txt, sharks/HydCol/HydCol_ROH_Results.csv
    output: sharks/HydCol/20250410_CM068753.1_het.txt
    jobid: 187
    reason: Code has changed since last execution
    wildcards: CLADE=sharks, SPEC_NAME=HydCol, TODAY_DATE=20250410, CHROM=CM068753.1
    resources: mem_mb=100000, mem_mib=95368, disk_mb=1000, disk_mib=954, tmpdir=<TBD>, slurm_account=DURBIN-SL2-CPU, slurm_partition=cclake-himem, runtime=120

Job 187 has been submitted with SLURM jobid 9675586 (log: /rds/project/rds-p67MZilb2eQ/projects/VGP/heterozygosity/.snakemake/slurm_logs/rule_CALC_HET_PER_CHR/sharks_HydCol_20250410_CM068753.1/9675586.log).

[Wed May 21 14:41:09 2025]
rule REMOVE_INDELS:
    input: sharks/HydCol/temp/CM068778.1_restructured.vcf.gz
    output: sharks/HydCol/CM068778.1.recode.vcf
    jobid: 490
    reason: Code has changed since last execution
    wildcards: CLADE=sharks, SPEC_NAME=HydCol, CHROM=CM068778.1
    resources: mem_mb=100000, mem_mib=95368, disk_mb=1000, disk_mib=954, tmpdir=<TBD>, slurm_account=DURBIN-SL2-CPU, slurm_partition=cclake-himem, runtime=120

Job 490 has been submitted with SLURM jobid 9675588 (log: /rds/project/rds-p67MZilb2eQ/projects/VGP/heterozygosity/.snakemake/slurm_logs/rule_REMOVE_INDELS/sharks_HydCol_CM068778.1/9675588.log).

[Wed May 21 14:41:11 2025]
rule REMOVE_INDELS:
    input: sharks/HydCol/temp/CM068771.1_restructured.vcf.gz
    output: sharks/HydCol/CM068771.1.recode.vcf
    jobid: 469
    reason: Code has changed since last execution
    wildcards: CLADE=sharks, SPEC_NAME=HydCol, CHROM=CM068771.1
    resources: mem_mb=100000, mem_mib=95368, disk_mb=1000, disk_mib=954, tmpdir=<TBD>, slurm_account=DURBIN-SL2-CPU, slurm_partition=cclake-himem, runtime=120

Job 469 has been submitted with SLURM jobid 9675593 (log: /rds/project/rds-p67MZilb2eQ/projects/VGP/heterozygosity/.snakemake/slurm_logs/rule_REMOVE_INDELS/sharks_HydCol_CM068771.1/9675593.log).

[Wed May 21 14:41:14 2025]
rule REMOVE_INDELS:
    input: sharks/HydCol/temp/CM068750.1_restructured.vcf.gz
    output: sharks/HydCol/CM068750.1.recode.vcf
    jobid: 406
    reason: Missing output files: sharks/HydCol/CM068750.1.recode.vcf; Code has changed since last execution
    wildcards: CLADE=sharks, SPEC_NAME=HydCol, CHROM=CM068750.1
    resources: mem_mb=100000, mem_mib=95368, disk_mb=1000, disk_mib=954, tmpdir=<TBD>, slurm_account=DURBIN-SL2-CPU, slurm_partition=cclake-himem, runtime=120

Job 406 has been submitted with SLURM jobid 9675601 (log: /rds/project/rds-p67MZilb2eQ/projects/VGP/heterozygosity/.snakemake/slurm_logs/rule_REMOVE_INDELS/sharks_HydCol_CM068750.1/9675601.log).

[Wed May 21 14:41:17 2025]
rule CALC_HET_PER_CHR:
    input: sharks/HydCol/temp/HydCol_Var_Only.txt, sharks/HydCol/Reference_HydCol_Chroms_Lengths.txt, sharks/HydCol/HydCol_ROH_Results.csv
    output: sharks/HydCol/20250410_CM068761.1_het.txt
    jobid: 195
    reason: Code has changed since last execution
    wildcards: CLADE=sharks, SPEC_NAME=HydCol, TODAY_DATE=20250410, CHROM=CM068761.1
    resources: mem_mb=100000, mem_mib=95368, disk_mb=1000, disk_mib=954, tmpdir=<TBD>, slurm_account=DURBIN-SL2-CPU, slurm_partition=cclake-himem, runtime=120

Job 195 has been submitted with SLURM jobid 9675607 (log: /rds/project/rds-p67MZilb2eQ/projects/VGP/heterozygosity/.snakemake/slurm_logs/rule_CALC_HET_PER_CHR/sharks_HydCol_20250410_CM068761.1/9675607.log).

[Wed May 21 14:41:20 2025]
rule REMOVE_INDELS:
    input: sharks/HydCol/temp/CM068743.1_restructured.vcf.gz
    output: sharks/HydCol/CM068743.1.recode.vcf
    jobid: 385
    reason: Code has changed since last execution
    wildcards: CLADE=sharks, SPEC_NAME=HydCol, CHROM=CM068743.1
    resources: mem_mb=100000, mem_mib=95368, disk_mb=1000, disk_mib=954, tmpdir=<TBD>, slurm_account=DURBIN-SL2-CPU, slurm_partition=cclake-himem, runtime=120

Job 385 has been submitted with SLURM jobid 9675612 (log: /rds/project/rds-p67MZilb2eQ/projects/VGP/heterozygosity/.snakemake/slurm_logs/rule_REMOVE_INDELS/sharks_HydCol_CM068743.1/9675612.log).

[Wed May 21 14:41:23 2025]
rule CALC_HET_PER_CHR:
    input: sharks/HydCol/temp/HydCol_Var_Only.txt, sharks/HydCol/Reference_HydCol_Chroms_Lengths.txt, sharks/HydCol/HydCol_ROH_Results.csv
    output: sharks/HydCol/20250410_CM068754.1_het.txt
    jobid: 188
    reason: Code has changed since last execution
    wildcards: CLADE=sharks, SPEC_NAME=HydCol, TODAY_DATE=20250410, CHROM=CM068754.1
    resources: mem_mb=100000, mem_mib=95368, disk_mb=1000, disk_mib=954, tmpdir=<TBD>, slurm_account=DURBIN-SL2-CPU, slurm_partition=cclake-himem, runtime=120

Job 188 has been submitted with SLURM jobid 9675617 (log: /rds/project/rds-p67MZilb2eQ/projects/VGP/heterozygosity/.snakemake/slurm_logs/rule_CALC_HET_PER_CHR/sharks_HydCol_20250410_CM068754.1/9675617.log).

[Wed May 21 14:41:25 2025]
rule REMOVE_INDELS:
    input: sharks/HydCol/temp/CM068779.1_restructured.vcf.gz
    output: sharks/HydCol/CM068779.1.recode.vcf
    jobid: 493
    reason: Code has changed since last execution
    wildcards: CLADE=sharks, SPEC_NAME=HydCol, CHROM=CM068779.1
    resources: mem_mb=100000, mem_mib=95368, disk_mb=1000, disk_mib=954, tmpdir=<TBD>, slurm_account=DURBIN-SL2-CPU, slurm_partition=cclake-himem, runtime=120

Job 493 has been submitted with SLURM jobid 9675621 (log: /rds/project/rds-p67MZilb2eQ/projects/VGP/heterozygosity/.snakemake/slurm_logs/rule_REMOVE_INDELS/sharks_HydCol_CM068779.1/9675621.log).

[Wed May 21 14:41:28 2025]
rule REMOVE_INDELS:
    input: sharks/HydCol/temp/CM068772.1_restructured.vcf.gz
    output: sharks/HydCol/CM068772.1.recode.vcf
    jobid: 472
    reason: Code has changed since last execution
    wildcards: CLADE=sharks, SPEC_NAME=HydCol, CHROM=CM068772.1
    resources: mem_mb=100000, mem_mib=95368, disk_mb=1000, disk_mib=954, tmpdir=<TBD>, slurm_account=DURBIN-SL2-CPU, slurm_partition=cclake-himem, runtime=120

Job 472 has been submitted with SLURM jobid 9675624 (log: /rds/project/rds-p67MZilb2eQ/projects/VGP/heterozygosity/.snakemake/slurm_logs/rule_REMOVE_INDELS/sharks_HydCol_CM068772.1/9675624.log).

[Wed May 21 14:41:30 2025]
rule REMOVE_INDELS:
    input: sharks/HydCol/temp/CM068745.1_restructured.vcf.gz
    output: sharks/HydCol/CM068745.1.recode.vcf
    jobid: 391
    reason: Missing output files: sharks/HydCol/CM068745.1.recode.vcf; Code has changed since last execution
    wildcards: CLADE=sharks, SPEC_NAME=HydCol, CHROM=CM068745.1
    resources: mem_mb=100000, mem_mib=95368, disk_mb=1000, disk_mib=954, tmpdir=<TBD>, slurm_account=DURBIN-SL2-CPU, slurm_partition=cclake-himem, runtime=120

Job 391 has been submitted with SLURM jobid 9675641 (log: /rds/project/rds-p67MZilb2eQ/projects/VGP/heterozygosity/.snakemake/slurm_logs/rule_REMOVE_INDELS/sharks_HydCol_CM068745.1/9675641.log).

[Wed May 21 14:41:33 2025]
rule REMOVE_INDELS:
    input: sharks/HydCol/temp/CM068751.1_restructured.vcf.gz
    output: sharks/HydCol/CM068751.1.recode.vcf
    jobid: 409
    reason: Code has changed since last execution
    wildcards: CLADE=sharks, SPEC_NAME=HydCol, CHROM=CM068751.1
    resources: mem_mb=100000, mem_mib=95368, disk_mb=1000, disk_mib=954, tmpdir=<TBD>, slurm_account=DURBIN-SL2-CPU, slurm_partition=cclake-himem, runtime=120

Job 409 has been submitted with SLURM jobid 9675643 (log: /rds/project/rds-p67MZilb2eQ/projects/VGP/heterozygosity/.snakemake/slurm_logs/rule_REMOVE_INDELS/sharks_HydCol_CM068751.1/9675643.log).

[Wed May 21 14:41:35 2025]
rule CALC_HET_PER_CHR:
    input: sharks/HydCol/temp/HydCol_Var_Only.txt, sharks/HydCol/Reference_HydCol_Chroms_Lengths.txt, sharks/HydCol/HydCol_ROH_Results.csv
    output: sharks/HydCol/20250410_CM068762.1_het.txt
    jobid: 196
    reason: Code has changed since last execution
    wildcards: CLADE=sharks, SPEC_NAME=HydCol, TODAY_DATE=20250410, CHROM=CM068762.1
    resources: mem_mb=100000, mem_mib=95368, disk_mb=1000, disk_mib=954, tmpdir=<TBD>, slurm_account=DURBIN-SL2-CPU, slurm_partition=cclake-himem, runtime=120

Job 196 has been submitted with SLURM jobid 9675647 (log: /rds/project/rds-p67MZilb2eQ/projects/VGP/heterozygosity/.snakemake/slurm_logs/rule_CALC_HET_PER_CHR/sharks_HydCol_20250410_CM068762.1/9675647.log).

[Wed May 21 14:41:38 2025]
rule REMOVE_INDELS:
    input: sharks/HydCol/temp/CM068744.1_restructured.vcf.gz
    output: sharks/HydCol/CM068744.1.recode.vcf
    jobid: 388
    reason: Code has changed since last execution
    wildcards: CLADE=sharks, SPEC_NAME=HydCol, CHROM=CM068744.1
    resources: mem_mb=100000, mem_mib=95368, disk_mb=1000, disk_mib=954, tmpdir=<TBD>, slurm_account=DURBIN-SL2-CPU, slurm_partition=cclake-himem, runtime=120

Job 388 has been submitted with SLURM jobid 9675654 (log: /rds/project/rds-p67MZilb2eQ/projects/VGP/heterozygosity/.snakemake/slurm_logs/rule_REMOVE_INDELS/sharks_HydCol_CM068744.1/9675654.log).

[Wed May 21 14:41:41 2025]
rule CALC_HET_PER_CHR:
    input: sharks/HydCol/temp/HydCol_Var_Only.txt, sharks/HydCol/Reference_HydCol_Chroms_Lengths.txt, sharks/HydCol/HydCol_ROH_Results.csv
    output: sharks/HydCol/20250410_CM068755.1_het.txt
    jobid: 189
    reason: Code has changed since last execution
    wildcards: CLADE=sharks, SPEC_NAME=HydCol, TODAY_DATE=20250410, CHROM=CM068755.1
    resources: mem_mb=100000, mem_mib=95368, disk_mb=1000, disk_mib=954, tmpdir=<TBD>, slurm_account=DURBIN-SL2-CPU, slurm_partition=cclake-himem, runtime=120

Job 189 has been submitted with SLURM jobid 9675658 (log: /rds/project/rds-p67MZilb2eQ/projects/VGP/heterozygosity/.snakemake/slurm_logs/rule_CALC_HET_PER_CHR/sharks_HydCol_20250410_CM068755.1/9675658.log).

[Wed May 21 14:41:44 2025]
rule REMOVE_INDELS:
    input: sharks/HydCol/temp/CM068773.1_restructured.vcf.gz
    output: sharks/HydCol/CM068773.1.recode.vcf
    jobid: 475
    reason: Missing output files: sharks/HydCol/CM068773.1.recode.vcf; Code has changed since last execution
    wildcards: CLADE=sharks, SPEC_NAME=HydCol, CHROM=CM068773.1
    resources: mem_mb=100000, mem_mib=95368, disk_mb=1000, disk_mib=954, tmpdir=<TBD>, slurm_account=DURBIN-SL2-CPU, slurm_partition=cclake-himem, runtime=120

Job 475 has been submitted with SLURM jobid 9675665 (log: /rds/project/rds-p67MZilb2eQ/projects/VGP/heterozygosity/.snakemake/slurm_logs/rule_REMOVE_INDELS/sharks_HydCol_CM068773.1/9675665.log).

[Wed May 21 14:41:46 2025]
rule CALC_HET_PER_CHR:
    input: sharks/HydCol/temp/HydCol_Var_Only.txt, sharks/HydCol/Reference_HydCol_Chroms_Lengths.txt, sharks/HydCol/HydCol_ROH_Results.csv
    output: sharks/HydCol/20250410_CM068763.1_het.txt
    jobid: 197
    reason: Code has changed since last execution
    wildcards: CLADE=sharks, SPEC_NAME=HydCol, TODAY_DATE=20250410, CHROM=CM068763.1
    resources: mem_mb=100000, mem_mib=95368, disk_mb=1000, disk_mib=954, tmpdir=<TBD>, slurm_account=DURBIN-SL2-CPU, slurm_partition=cclake-himem, runtime=120

Job 197 has been submitted with SLURM jobid 9675667 (log: /rds/project/rds-p67MZilb2eQ/projects/VGP/heterozygosity/.snakemake/slurm_logs/rule_CALC_HET_PER_CHR/sharks_HydCol_20250410_CM068763.1/9675667.log).

[Wed May 21 14:41:49 2025]
rule CALC_HET_PER_CHR:
    input: sharks/HydCol/temp/HydCol_Var_Only.txt, sharks/HydCol/Reference_HydCol_Chroms_Lengths.txt, sharks/HydCol/HydCol_ROH_Results.csv
    output: sharks/HydCol/20250410_CM068756.1_het.txt
    jobid: 190
    reason: Code has changed since last execution
    wildcards: CLADE=sharks, SPEC_NAME=HydCol, TODAY_DATE=20250410, CHROM=CM068756.1
    resources: mem_mb=100000, mem_mib=95368, disk_mb=1000, disk_mib=954, tmpdir=<TBD>, slurm_account=DURBIN-SL2-CPU, slurm_partition=cclake-himem, runtime=120

Job 190 has been submitted with SLURM jobid 9675674 (log: /rds/project/rds-p67MZilb2eQ/projects/VGP/heterozygosity/.snakemake/slurm_logs/rule_CALC_HET_PER_CHR/sharks_HydCol_20250410_CM068756.1/9675674.log).
