host: login-p-4
Building DAG of jobs...
Using shell: /usr/bin/bash
Provided cores: 56
Rules claiming more threads will be scaled down.
Job stats:
job            count
-----------  -------
COMPILE_ROH        1
all                1
total              2

Select jobs to execute...
Execute 1 jobs...

[Wed Mar 26 17:05:08 2025]
localrule COMPILE_ROH:
    input: sharks/HydCol_Test/20250326_CM068742.1_ROH_Results.txt, sharks/HydCol_Test/20250326_CM068743.1_ROH_Results.txt, sharks/HydCol_Test/20250326_CM068744.1_ROH_Results.txt, sharks/HydCol_Test/20250326_CM068745.1_ROH_Results.txt, sharks/HydCol_Test/20250326_CM068746.1_ROH_Results.txt
    output: sharks/HydCol_Test/GCA_035084275.1_ROH_Results.tsv
    jobid: 33
    reason: Missing output files: sharks/HydCol_Test/GCA_035084275.1_ROH_Results.tsv; Code has changed since last execution
    resources: tmpdir=/tmp

[Wed Mar 26 17:05:08 2025]
Finished job 33.
1 of 2 steps (50%) done
Select jobs to execute...
Execute 1 jobs...

[Wed Mar 26 17:05:08 2025]
localrule all:
    input: sharks/HydCol_Test/HydCol_Test_FASTGA.paf, sharks/HydCol_Test/20250326_CM068742.1_filtered.paf, sharks/HydCol_Test/20250326_CM068743.1_filtered.paf, sharks/HydCol_Test/20250326_CM068744.1_filtered.paf, sharks/HydCol_Test/20250326_CM068745.1_filtered.paf, sharks/HydCol_Test/20250326_CM068746.1_filtered.paf, sharks/HydCol_Test/temp/20250326_CM068742.1_Aln_Only.txt, sharks/HydCol_Test/temp/20250326_CM068743.1_Aln_Only.txt, sharks/HydCol_Test/temp/20250326_CM068744.1_Aln_Only.txt, sharks/HydCol_Test/temp/20250326_CM068745.1_Aln_Only.txt, sharks/HydCol_Test/temp/20250326_CM068746.1_Aln_Only.txt, sharks/HydCol_Test/temp/20250326_CM068742.1_Var_Only.txt, sharks/HydCol_Test/temp/20250326_CM068743.1_Var_Only.txt, sharks/HydCol_Test/temp/20250326_CM068744.1_Var_Only.txt, sharks/HydCol_Test/temp/20250326_CM068745.1_Var_Only.txt, sharks/HydCol_Test/temp/20250326_CM068746.1_Var_Only.txt, sharks/HydCol_Test/20250326_CM068742.1_ROH_Results.txt, sharks/HydCol_Test/20250326_CM068743.1_ROH_Results.txt, sharks/HydCol_Test/20250326_CM068744.1_ROH_Results.txt, sharks/HydCol_Test/20250326_CM068745.1_ROH_Results.txt, sharks/HydCol_Test/20250326_CM068746.1_ROH_Results.txt, sharks/HydCol_Test/GCA_035084275.1_ROH_Results.tsv
    jobid: 0
    reason: Input files updated by another job: sharks/HydCol_Test/GCA_035084275.1_ROH_Results.tsv
    resources: tmpdir=/tmp

[Wed Mar 26 17:05:08 2025]
Finished job 0.
2 of 2 steps (100%) done
Complete log: .snakemake/log/2025-03-26T170507.716302.snakemake.log
