host: login-q-2
Building DAG of jobs...
SLURM run ID: 8f62dc89-e08a-45f0-9c1d-906140182cb6
Using shell: /usr/bin/bash
Provided remote nodes: 25
Job stats:
job                            count
---------------------------  -------
BAM_CALLER_BED                    54
BGZIP_VCF                         54
BOOTSTRAPPING_MULTIHET_FILE     1620
CALC_HET_PER_CHR                   2
CALC_HET_WHOLE_GENOME              1
CALL_PLOIDY                       54
COMPILE_HET                        1
GENERATE_MASK                     54
GENERATE_MULTIHETSEP              54
INDEL_MASKER                      54
MAIN_MULTIHETSEP                  54
PILEUP_VARIANTS                   54
PLOT_HET_PER_CHR                  52
PLOT_WHOLE_HET                     1
REMOVE_INDELS                     54
RESTRUCTURE                       54
SEPARATE_BAM_BY_CHR               54
all                                1
total                           2272

Select jobs to execute...
Execute 25 jobs...

[Mon May 19 12:37:54 2025]
rule SEPARATE_BAM_BY_CHR:
    input: sharks/HemOce/HemOce.bam
    output: sharks/HemOce/HemOce_NC_083443.1.bam
    jobid: 470
    reason: Updated input files: sharks/HemOce/HemOce.bam
    wildcards: CLADE=sharks, SPEC_NAME=HemOce, CHR=NC_083443.1
    resources: mem_mb=100000, mem_mib=95368, disk_mb=4184, disk_mib=3991, tmpdir=<TBD>, slurm_account=DURBIN-SL2-CPU, slurm_partition=cclake-himem, runtime=120

Job 470 has been submitted with SLURM jobid 9546074 (log: /rds/project/rds-p67MZilb2eQ/projects/VGP/heterozygosity/.snakemake/slurm_logs/rule_SEPARATE_BAM_BY_CHR/sharks_HemOce_NC_083443.1/9546074.log).

[Mon May 19 12:37:56 2025]
rule SEPARATE_BAM_BY_CHR:
    input: sharks/HemOce/HemOce.bam
    output: sharks/HemOce/HemOce_NC_083415.1.bam
    jobid: 386
    reason: Updated input files: sharks/HemOce/HemOce.bam
    wildcards: CLADE=sharks, SPEC_NAME=HemOce, CHR=NC_083415.1
    resources: mem_mb=100000, mem_mib=95368, disk_mb=4184, disk_mib=3991, tmpdir=<TBD>, slurm_account=DURBIN-SL2-CPU, slurm_partition=cclake-himem, runtime=120

Job 386 has been submitted with SLURM jobid 9546075 (log: /rds/project/rds-p67MZilb2eQ/projects/VGP/heterozygosity/.snakemake/slurm_logs/rule_SEPARATE_BAM_BY_CHR/sharks_HemOce_NC_083415.1/9546075.log).

[Mon May 19 12:37:56 2025]
rule SEPARATE_BAM_BY_CHR:
    input: sharks/HemOce/HemOce.bam
    output: sharks/HemOce/HemOce_NC_083407.1.bam
    jobid: 362
    reason: Updated input files: sharks/HemOce/HemOce.bam
    wildcards: CLADE=sharks, SPEC_NAME=HemOce, CHR=NC_083407.1
    resources: mem_mb=100000, mem_mib=95368, disk_mb=4184, disk_mib=3991, tmpdir=<TBD>, slurm_account=DURBIN-SL2-CPU, slurm_partition=cclake-himem, runtime=120

Job 362 has been submitted with SLURM jobid 9546076 (log: /rds/project/rds-p67MZilb2eQ/projects/VGP/heterozygosity/.snakemake/slurm_logs/rule_SEPARATE_BAM_BY_CHR/sharks_HemOce_NC_083407.1/9546076.log).

[Mon May 19 12:37:57 2025]
rule SEPARATE_BAM_BY_CHR:
    input: sharks/HemOce/HemOce.bam
    output: sharks/HemOce/HemOce_NC_083439.1.bam
    jobid: 458
    reason: Updated input files: sharks/HemOce/HemOce.bam
    wildcards: CLADE=sharks, SPEC_NAME=HemOce, CHR=NC_083439.1
    resources: mem_mb=100000, mem_mib=95368, disk_mb=4184, disk_mib=3991, tmpdir=<TBD>, slurm_account=DURBIN-SL2-CPU, slurm_partition=cclake-himem, runtime=120

Job 458 has been submitted with SLURM jobid 9546077 (log: /rds/project/rds-p67MZilb2eQ/projects/VGP/heterozygosity/.snakemake/slurm_logs/rule_SEPARATE_BAM_BY_CHR/sharks_HemOce_NC_083439.1/9546077.log).

[Mon May 19 12:37:59 2025]
rule SEPARATE_BAM_BY_CHR:
    input: sharks/HemOce/HemOce.bam
    output: sharks/HemOce/HemOce_NC_083406.1.bam
    jobid: 359
    reason: Updated input files: sharks/HemOce/HemOce.bam
    wildcards: CLADE=sharks, SPEC_NAME=HemOce, CHR=NC_083406.1
    resources: mem_mb=100000, mem_mib=95368, disk_mb=4184, disk_mib=3991, tmpdir=<TBD>, slurm_account=DURBIN-SL2-CPU, slurm_partition=cclake-himem, runtime=120

Job 359 has been submitted with SLURM jobid 9546078 (log: /rds/project/rds-p67MZilb2eQ/projects/VGP/heterozygosity/.snakemake/slurm_logs/rule_SEPARATE_BAM_BY_CHR/sharks_HemOce_NC_083406.1/9546078.log).

[Mon May 19 12:37:59 2025]
rule SEPARATE_BAM_BY_CHR:
    input: sharks/HemOce/HemOce.bam
    output: sharks/HemOce/HemOce_NC_083434.1.bam
    jobid: 443
    reason: Updated input files: sharks/HemOce/HemOce.bam
    wildcards: CLADE=sharks, SPEC_NAME=HemOce, CHR=NC_083434.1
    resources: mem_mb=100000, mem_mib=95368, disk_mb=4184, disk_mib=3991, tmpdir=<TBD>, slurm_account=DURBIN-SL2-CPU, slurm_partition=cclake-himem, runtime=120

Job 443 has been submitted with SLURM jobid 9546079 (log: /rds/project/rds-p67MZilb2eQ/projects/VGP/heterozygosity/.snakemake/slurm_logs/rule_SEPARATE_BAM_BY_CHR/sharks_HemOce_NC_083434.1/9546079.log).

[Mon May 19 12:37:59 2025]
rule SEPARATE_BAM_BY_CHR:
    input: sharks/HemOce/HemOce.bam
    output: sharks/HemOce/HemOce_NC_083401.1.bam
    jobid: 342
    reason: Updated input files: sharks/HemOce/HemOce.bam
    wildcards: CLADE=sharks, SPEC_NAME=HemOce, CHR=NC_083401.1
    resources: mem_mb=100000, mem_mib=95368, disk_mb=4184, disk_mib=3991, tmpdir=<TBD>, slurm_account=DURBIN-SL2-CPU, slurm_partition=cclake-himem, runtime=120

Job 342 has been submitted with SLURM jobid 9546080 (log: /rds/project/rds-p67MZilb2eQ/projects/VGP/heterozygosity/.snakemake/slurm_logs/rule_SEPARATE_BAM_BY_CHR/sharks_HemOce_NC_083401.1/9546080.log).

[Mon May 19 12:37:59 2025]
rule SEPARATE_BAM_BY_CHR:
    input: sharks/HemOce/HemOce.bam
    output: sharks/HemOce/HemOce_NC_083424.1.bam
    jobid: 413
    reason: Updated input files: sharks/HemOce/HemOce.bam
    wildcards: CLADE=sharks, SPEC_NAME=HemOce, CHR=NC_083424.1
    resources: mem_mb=100000, mem_mib=95368, disk_mb=4184, disk_mib=3991, tmpdir=<TBD>, slurm_account=DURBIN-SL2-CPU, slurm_partition=cclake-himem, runtime=120

Job 413 has been submitted with SLURM jobid 9546081 (log: /rds/project/rds-p67MZilb2eQ/projects/VGP/heterozygosity/.snakemake/slurm_logs/rule_SEPARATE_BAM_BY_CHR/sharks_HemOce_NC_083424.1/9546081.log).

[Mon May 19 12:38:01 2025]
rule SEPARATE_BAM_BY_CHR:
    input: sharks/HemOce/HemOce.bam
    output: sharks/HemOce/HemOce_NC_083452.1.bam
    jobid: 497
    reason: Updated input files: sharks/HemOce/HemOce.bam
    wildcards: CLADE=sharks, SPEC_NAME=HemOce, CHR=NC_083452.1
    resources: mem_mb=100000, mem_mib=95368, disk_mb=4184, disk_mib=3991, tmpdir=<TBD>, slurm_account=DURBIN-SL2-CPU, slurm_partition=cclake-himem, runtime=120

Job 497 has been submitted with SLURM jobid 9546082 (log: /rds/project/rds-p67MZilb2eQ/projects/VGP/heterozygosity/.snakemake/slurm_logs/rule_SEPARATE_BAM_BY_CHR/sharks_HemOce_NC_083452.1/9546082.log).

[Mon May 19 12:38:01 2025]
rule SEPARATE_BAM_BY_CHR:
    input: sharks/HemOce/HemOce.bam
    output: sharks/HemOce/HemOce_NC_083445.1.bam
    jobid: 476
    reason: Updated input files: sharks/HemOce/HemOce.bam
    wildcards: CLADE=sharks, SPEC_NAME=HemOce, CHR=NC_083445.1
    resources: mem_mb=100000, mem_mib=95368, disk_mb=4184, disk_mib=3991, tmpdir=<TBD>, slurm_account=DURBIN-SL2-CPU, slurm_partition=cclake-himem, runtime=120

Job 476 has been submitted with SLURM jobid 9546083 (log: /rds/project/rds-p67MZilb2eQ/projects/VGP/heterozygosity/.snakemake/slurm_logs/rule_SEPARATE_BAM_BY_CHR/sharks_HemOce_NC_083445.1/9546083.log).

[Mon May 19 12:38:01 2025]
rule SEPARATE_BAM_BY_CHR:
    input: sharks/HemOce/HemOce.bam
    output: sharks/HemOce/HemOce_NC_083417.1.bam
    jobid: 392
    reason: Updated input files: sharks/HemOce/HemOce.bam
    wildcards: CLADE=sharks, SPEC_NAME=HemOce, CHR=NC_083417.1
    resources: mem_mb=100000, mem_mib=95368, disk_mb=4184, disk_mib=3991, tmpdir=<TBD>, slurm_account=DURBIN-SL2-CPU, slurm_partition=cclake-himem, runtime=120

Job 392 has been submitted with SLURM jobid 9546085 (log: /rds/project/rds-p67MZilb2eQ/projects/VGP/heterozygosity/.snakemake/slurm_logs/rule_SEPARATE_BAM_BY_CHR/sharks_HemOce_NC_083417.1/9546085.log).

[Mon May 19 12:38:04 2025]
rule SEPARATE_BAM_BY_CHR:
    input: sharks/HemOce/HemOce.bam
    output: sharks/HemOce/HemOce_NC_083438.1.bam
    jobid: 455
    reason: Updated input files: sharks/HemOce/HemOce.bam
    wildcards: CLADE=sharks, SPEC_NAME=HemOce, CHR=NC_083438.1
    resources: mem_mb=100000, mem_mib=95368, disk_mb=4184, disk_mib=3991, tmpdir=<TBD>, slurm_account=DURBIN-SL2-CPU, slurm_partition=cclake-himem, runtime=120

Job 455 has been submitted with SLURM jobid 9546086 (log: /rds/project/rds-p67MZilb2eQ/projects/VGP/heterozygosity/.snakemake/slurm_logs/rule_SEPARATE_BAM_BY_CHR/sharks_HemOce_NC_083438.1/9546086.log).

[Mon May 19 12:38:04 2025]
rule SEPARATE_BAM_BY_CHR:
    input: sharks/HemOce/HemOce.bam
    output: sharks/HemOce/HemOce_NC_083409.1.bam
    jobid: 368
    reason: Updated input files: sharks/HemOce/HemOce.bam
    wildcards: CLADE=sharks, SPEC_NAME=HemOce, CHR=NC_083409.1
    resources: mem_mb=100000, mem_mib=95368, disk_mb=4184, disk_mib=3991, tmpdir=<TBD>, slurm_account=DURBIN-SL2-CPU, slurm_partition=cclake-himem, runtime=120

Job 368 has been submitted with SLURM jobid 9546087 (log: /rds/project/rds-p67MZilb2eQ/projects/VGP/heterozygosity/.snakemake/slurm_logs/rule_SEPARATE_BAM_BY_CHR/sharks_HemOce_NC_083409.1/9546087.log).

[Mon May 19 12:38:04 2025]
rule SEPARATE_BAM_BY_CHR:
    input: sharks/HemOce/HemOce.bam
    output: sharks/HemOce/HemOce_NC_083431.1.bam
    jobid: 434
    reason: Updated input files: sharks/HemOce/HemOce.bam
    wildcards: CLADE=sharks, SPEC_NAME=HemOce, CHR=NC_083431.1
    resources: mem_mb=100000, mem_mib=95368, disk_mb=4184, disk_mib=3991, tmpdir=<TBD>, slurm_account=DURBIN-SL2-CPU, slurm_partition=cclake-himem, runtime=120

Job 434 has been submitted with SLURM jobid 9546088 (log: /rds/project/rds-p67MZilb2eQ/projects/VGP/heterozygosity/.snakemake/slurm_logs/rule_SEPARATE_BAM_BY_CHR/sharks_HemOce_NC_083431.1/9546088.log).

[Mon May 19 12:38:07 2025]
rule SEPARATE_BAM_BY_CHR:
    input: sharks/HemOce/HemOce.bam
    output: sharks/HemOce/HemOce_NC_083403.1.bam
    jobid: 350
    reason: Updated input files: sharks/HemOce/HemOce.bam
    wildcards: CLADE=sharks, SPEC_NAME=HemOce, CHR=NC_083403.1
    resources: mem_mb=100000, mem_mib=95368, disk_mb=4184, disk_mib=3991, tmpdir=<TBD>, slurm_account=DURBIN-SL2-CPU, slurm_partition=cclake-himem, runtime=120

Job 350 has been submitted with SLURM jobid 9546090 (log: /rds/project/rds-p67MZilb2eQ/projects/VGP/heterozygosity/.snakemake/slurm_logs/rule_SEPARATE_BAM_BY_CHR/sharks_HemOce_NC_083403.1/9546090.log).

[Mon May 19 12:38:07 2025]
rule SEPARATE_BAM_BY_CHR:
    input: sharks/HemOce/HemOce.bam
    output: sharks/HemOce/HemOce_NC_083428.1.bam
    jobid: 425
    reason: Updated input files: sharks/HemOce/HemOce.bam
    wildcards: CLADE=sharks, SPEC_NAME=HemOce, CHR=NC_083428.1
    resources: mem_mb=100000, mem_mib=95368, disk_mb=4184, disk_mib=3991, tmpdir=<TBD>, slurm_account=DURBIN-SL2-CPU, slurm_partition=cclake-himem, runtime=120

Job 425 has been submitted with SLURM jobid 9546091 (log: /rds/project/rds-p67MZilb2eQ/projects/VGP/heterozygosity/.snakemake/slurm_logs/rule_SEPARATE_BAM_BY_CHR/sharks_HemOce_NC_083428.1/9546091.log).

[Mon May 19 12:38:07 2025]
rule SEPARATE_BAM_BY_CHR:
    input: sharks/HemOce/HemOce.bam
    output: sharks/HemOce/HemOce_NC_083421.1.bam
    jobid: 404
    reason: Updated input files: sharks/HemOce/HemOce.bam
    wildcards: CLADE=sharks, SPEC_NAME=HemOce, CHR=NC_083421.1
    resources: mem_mb=100000, mem_mib=95368, disk_mb=4184, disk_mib=3991, tmpdir=<TBD>, slurm_account=DURBIN-SL2-CPU, slurm_partition=cclake-himem, runtime=120

Job 404 has been submitted with SLURM jobid 9546092 (log: /rds/project/rds-p67MZilb2eQ/projects/VGP/heterozygosity/.snakemake/slurm_logs/rule_SEPARATE_BAM_BY_CHR/sharks_HemOce_NC_083421.1/9546092.log).

[Mon May 19 12:38:07 2025]
rule SEPARATE_BAM_BY_CHR:
    input: sharks/HemOce/HemOce.bam
    output: sharks/HemOce/HemOce_NC_083449.1.bam
    jobid: 488
    reason: Updated input files: sharks/HemOce/HemOce.bam
    wildcards: CLADE=sharks, SPEC_NAME=HemOce, CHR=NC_083449.1
    resources: mem_mb=100000, mem_mib=95368, disk_mb=4184, disk_mib=3991, tmpdir=<TBD>, slurm_account=DURBIN-SL2-CPU, slurm_partition=cclake-himem, runtime=120

Job 488 has been submitted with SLURM jobid 9546096 (log: /rds/project/rds-p67MZilb2eQ/projects/VGP/heterozygosity/.snakemake/slurm_logs/rule_SEPARATE_BAM_BY_CHR/sharks_HemOce_NC_083449.1/9546096.log).

[Mon May 19 12:38:09 2025]
rule SEPARATE_BAM_BY_CHR:
    input: sharks/HemOce/HemOce.bam
    output: sharks/HemOce/HemOce_NC_083414.1.bam
    jobid: 383
    reason: Updated input files: sharks/HemOce/HemOce.bam
    wildcards: CLADE=sharks, SPEC_NAME=HemOce, CHR=NC_083414.1
    resources: mem_mb=100000, mem_mib=95368, disk_mb=4184, disk_mib=3991, tmpdir=<TBD>, slurm_account=DURBIN-SL2-CPU, slurm_partition=cclake-himem, runtime=120

Job 383 has been submitted with SLURM jobid 9546097 (log: /rds/project/rds-p67MZilb2eQ/projects/VGP/heterozygosity/.snakemake/slurm_logs/rule_SEPARATE_BAM_BY_CHR/sharks_HemOce_NC_083414.1/9546097.log).

[Mon May 19 12:38:09 2025]
rule SEPARATE_BAM_BY_CHR:
    input: sharks/HemOce/HemOce.bam
    output: sharks/HemOce/HemOce_NC_083442.1.bam
    jobid: 467
    reason: Updated input files: sharks/HemOce/HemOce.bam
    wildcards: CLADE=sharks, SPEC_NAME=HemOce, CHR=NC_083442.1
    resources: mem_mb=100000, mem_mib=95368, disk_mb=4184, disk_mib=3991, tmpdir=<TBD>, slurm_account=DURBIN-SL2-CPU, slurm_partition=cclake-himem, runtime=120

Job 467 has been submitted with SLURM jobid 9546098 (log: /rds/project/rds-p67MZilb2eQ/projects/VGP/heterozygosity/.snakemake/slurm_logs/rule_SEPARATE_BAM_BY_CHR/sharks_HemOce_NC_083442.1/9546098.log).

[Mon May 19 12:38:09 2025]
rule SEPARATE_BAM_BY_CHR:
    input: sharks/HemOce/HemOce.bam
    output: sharks/HemOce/HemOce_NC_083412.1.bam
    jobid: 377
    reason: Updated input files: sharks/HemOce/HemOce.bam
    wildcards: CLADE=sharks, SPEC_NAME=HemOce, CHR=NC_083412.1
    resources: mem_mb=100000, mem_mib=95368, disk_mb=4184, disk_mib=3991, tmpdir=<TBD>, slurm_account=DURBIN-SL2-CPU, slurm_partition=cclake-himem, runtime=120

Job 377 has been submitted with SLURM jobid 9546099 (log: /rds/project/rds-p67MZilb2eQ/projects/VGP/heterozygosity/.snakemake/slurm_logs/rule_SEPARATE_BAM_BY_CHR/sharks_HemOce_NC_083412.1/9546099.log).

[Mon May 19 12:38:10 2025]
rule SEPARATE_BAM_BY_CHR:
    input: sharks/HemOce/HemOce.bam
    output: sharks/HemOce/HemOce_NC_083435.1.bam
    jobid: 446
    reason: Updated input files: sharks/HemOce/HemOce.bam
    wildcards: CLADE=sharks, SPEC_NAME=HemOce, CHR=NC_083435.1
    resources: mem_mb=100000, mem_mib=95368, disk_mb=4184, disk_mib=3991, tmpdir=<TBD>, slurm_account=DURBIN-SL2-CPU, slurm_partition=cclake-himem, runtime=120

Job 446 has been submitted with SLURM jobid 9546100 (log: /rds/project/rds-p67MZilb2eQ/projects/VGP/heterozygosity/.snakemake/slurm_logs/rule_SEPARATE_BAM_BY_CHR/sharks_HemOce_NC_083435.1/9546100.log).

[Mon May 19 12:38:12 2025]
rule SEPARATE_BAM_BY_CHR:
    input: sharks/HemOce/HemOce.bam
    output: sharks/HemOce/HemOce_NC_083453.1.bam
    jobid: 500
    reason: Updated input files: sharks/HemOce/HemOce.bam
    wildcards: CLADE=sharks, SPEC_NAME=HemOce, CHR=NC_083453.1
    resources: mem_mb=100000, mem_mib=95368, disk_mb=4184, disk_mib=3991, tmpdir=<TBD>, slurm_account=DURBIN-SL2-CPU, slurm_partition=cclake-himem, runtime=120

Job 500 has been submitted with SLURM jobid 9546101 (log: /rds/project/rds-p67MZilb2eQ/projects/VGP/heterozygosity/.snakemake/slurm_logs/rule_SEPARATE_BAM_BY_CHR/sharks_HemOce_NC_083453.1/9546101.log).

[Mon May 19 12:38:12 2025]
rule SEPARATE_BAM_BY_CHR:
    input: sharks/HemOce/HemOce.bam
    output: sharks/HemOce/HemOce_NC_083446.1.bam
    jobid: 479
    reason: Updated input files: sharks/HemOce/HemOce.bam
    wildcards: CLADE=sharks, SPEC_NAME=HemOce, CHR=NC_083446.1
    resources: mem_mb=100000, mem_mib=95368, disk_mb=4184, disk_mib=3991, tmpdir=<TBD>, slurm_account=DURBIN-SL2-CPU, slurm_partition=cclake-himem, runtime=120

Job 479 has been submitted with SLURM jobid 9546102 (log: /rds/project/rds-p67MZilb2eQ/projects/VGP/heterozygosity/.snakemake/slurm_logs/rule_SEPARATE_BAM_BY_CHR/sharks_HemOce_NC_083446.1/9546102.log).

[Mon May 19 12:38:12 2025]
rule SEPARATE_BAM_BY_CHR:
    input: sharks/HemOce/HemOce.bam
    output: sharks/HemOce/HemOce_NC_083410.1.bam
    jobid: 371
    reason: Updated input files: sharks/HemOce/HemOce.bam
    wildcards: CLADE=sharks, SPEC_NAME=HemOce, CHR=NC_083410.1
    resources: mem_mb=100000, mem_mib=95368, disk_mb=4184, disk_mib=3991, tmpdir=<TBD>, slurm_account=DURBIN-SL2-CPU, slurm_partition=cclake-himem, runtime=120

Job 371 has been submitted with SLURM jobid 9546103 (log: /rds/project/rds-p67MZilb2eQ/projects/VGP/heterozygosity/.snakemake/slurm_logs/rule_SEPARATE_BAM_BY_CHR/sharks_HemOce_NC_083410.1/9546103.log).
[Mon May 19 12:38:55 2025]
Finished job 470.
1 of 2272 steps (0.0%) done
Select jobs to execute...
Execute 1 jobs...

[Mon May 19 12:38:55 2025]
rule SEPARATE_BAM_BY_CHR:
    input: sharks/HemOce/HemOce.bam
    output: sharks/HemOce/HemOce_NC_083432.1.bam
    jobid: 437
    reason: Updated input files: sharks/HemOce/HemOce.bam
    wildcards: CLADE=sharks, SPEC_NAME=HemOce, CHR=NC_083432.1
    resources: mem_mb=100000, mem_mib=95368, disk_mb=4184, disk_mib=3991, tmpdir=<TBD>, slurm_account=DURBIN-SL2-CPU, slurm_partition=cclake-himem, runtime=120

Job 437 has been submitted with SLURM jobid 9546109 (log: /rds/project/rds-p67MZilb2eQ/projects/VGP/heterozygosity/.snakemake/slurm_logs/rule_SEPARATE_BAM_BY_CHR/sharks_HemOce_NC_083432.1/9546109.log).
[Mon May 19 12:39:35 2025]
Finished job 386.
2 of 2272 steps (0.1%) done
Select jobs to execute...
Execute 1 jobs...

[Mon May 19 12:39:35 2025]
rule SEPARATE_BAM_BY_CHR:
    input: sharks/HemOce/HemOce.bam
    output: sharks/HemOce/HemOce_NC_083422.1.bam
    jobid: 407
    reason: Updated input files: sharks/HemOce/HemOce.bam
    wildcards: CLADE=sharks, SPEC_NAME=HemOce, CHR=NC_083422.1
    resources: mem_mb=100000, mem_mib=95368, disk_mb=4184, disk_mib=3991, tmpdir=<TBD>, slurm_account=DURBIN-SL2-CPU, slurm_partition=cclake-himem, runtime=120

Job 407 has been submitted with SLURM jobid 9546114 (log: /rds/project/rds-p67MZilb2eQ/projects/VGP/heterozygosity/.snakemake/slurm_logs/rule_SEPARATE_BAM_BY_CHR/sharks_HemOce_NC_083422.1/9546114.log).
[Mon May 19 12:40:15 2025]
Finished job 362.
3 of 2272 steps (0.1%) done
Select jobs to execute...
Execute 1 jobs...

[Mon May 19 12:40:15 2025]
rule SEPARATE_BAM_BY_CHR:
    input: sharks/HemOce/HemOce.bam
    output: sharks/HemOce/HemOce_NC_083450.1.bam
    jobid: 491
    reason: Updated input files: sharks/HemOce/HemOce.bam
    wildcards: CLADE=sharks, SPEC_NAME=HemOce, CHR=NC_083450.1
    resources: mem_mb=100000, mem_mib=95368, disk_mb=4184, disk_mib=3991, tmpdir=<TBD>, slurm_account=DURBIN-SL2-CPU, slurm_partition=cclake-himem, runtime=120

Job 491 has been submitted with SLURM jobid 9546120 (log: /rds/project/rds-p67MZilb2eQ/projects/VGP/heterozygosity/.snakemake/slurm_logs/rule_SEPARATE_BAM_BY_CHR/sharks_HemOce_NC_083450.1/9546120.log).
[Mon May 19 12:40:15 2025]
Finished job 458.
4 of 2272 steps (0.2%) done
Select jobs to execute...
Execute 1 jobs...

[Mon May 19 12:40:15 2025]
rule SEPARATE_BAM_BY_CHR:
    input: sharks/HemOce/HemOce.bam
    output: sharks/HemOce/HemOce_NC_083436.1.bam
    jobid: 449
    reason: Updated input files: sharks/HemOce/HemOce.bam
    wildcards: CLADE=sharks, SPEC_NAME=HemOce, CHR=NC_083436.1
    resources: mem_mb=100000, mem_mib=95368, disk_mb=4184, disk_mib=3991, tmpdir=<TBD>, slurm_account=DURBIN-SL2-CPU, slurm_partition=cclake-himem, runtime=120

Job 449 has been submitted with SLURM jobid 9546121 (log: /rds/project/rds-p67MZilb2eQ/projects/VGP/heterozygosity/.snakemake/slurm_logs/rule_SEPARATE_BAM_BY_CHR/sharks_HemOce_NC_083436.1/9546121.log).
[Mon May 19 12:40:55 2025]
Finished job 359.
5 of 2272 steps (0.2%) done
Select jobs to execute...
Execute 1 jobs...

[Mon May 19 12:40:55 2025]
rule PILEUP_VARIANTS:
    input: sharks/HemOce/temp/NC_083406.1.fasta, sharks/HemOce/HemOce_NC_083406.1.bam
    output: sharks/HemOce/temp/NC_083406.1_pileup.vcf.gz
    jobid: 357
    reason: Input files updated by another job: sharks/HemOce/HemOce_NC_083406.1.bam
    wildcards: CLADE=sharks, SPEC_NAME=HemOce, CHR=NC_083406.1
    resources: mem_mb=100000, mem_mib=95368, disk_mb=1000, disk_mib=954, tmpdir=<TBD>, slurm_account=DURBIN-SL2-CPU, slurm_partition=cclake-himem, runtime=120

Job 357 has been submitted with SLURM jobid 9546124 (log: /rds/project/rds-p67MZilb2eQ/projects/VGP/heterozygosity/.snakemake/slurm_logs/rule_PILEUP_VARIANTS/sharks_HemOce_NC_083406.1/9546124.log).
[Mon May 19 12:40:55 2025]
Finished job 443.
6 of 2272 steps (0.3%) done
Select jobs to execute...
Execute 1 jobs...

[Mon May 19 12:40:55 2025]
rule PILEUP_VARIANTS:
    input: sharks/HemOce/temp/NC_083407.1.fasta, sharks/HemOce/HemOce_NC_083407.1.bam
    output: sharks/HemOce/temp/NC_083407.1_pileup.vcf.gz
    jobid: 360
    reason: Input files updated by another job: sharks/HemOce/HemOce_NC_083407.1.bam
    wildcards: CLADE=sharks, SPEC_NAME=HemOce, CHR=NC_083407.1
    resources: mem_mb=100000, mem_mib=95368, disk_mb=1000, disk_mib=954, tmpdir=<TBD>, slurm_account=DURBIN-SL2-CPU, slurm_partition=cclake-himem, runtime=120

Job 360 has been submitted with SLURM jobid 9546125 (log: /rds/project/rds-p67MZilb2eQ/projects/VGP/heterozygosity/.snakemake/slurm_logs/rule_PILEUP_VARIANTS/sharks_HemOce_NC_083407.1/9546125.log).
[Mon May 19 12:41:35 2025]
Finished job 342.
7 of 2272 steps (0.3%) done
Select jobs to execute...
Execute 1 jobs...

[Mon May 19 12:41:35 2025]
rule SEPARATE_BAM_BY_CHR:
    input: sharks/HemOce/HemOce.bam
    output: sharks/HemOce/HemOce_NC_083429.1.bam
    jobid: 428
    reason: Updated input files: sharks/HemOce/HemOce.bam
    wildcards: CLADE=sharks, SPEC_NAME=HemOce, CHR=NC_083429.1
    resources: mem_mb=100000, mem_mib=95368, disk_mb=4184, disk_mib=3991, tmpdir=<TBD>, slurm_account=DURBIN-SL2-CPU, slurm_partition=cclake-himem, runtime=120

Job 428 has been submitted with SLURM jobid 9546127 (log: /rds/project/rds-p67MZilb2eQ/projects/VGP/heterozygosity/.snakemake/slurm_logs/rule_SEPARATE_BAM_BY_CHR/sharks_HemOce_NC_083429.1/9546127.log).
[Mon May 19 12:41:35 2025]
Finished job 413.
8 of 2272 steps (0.4%) done
[Mon May 19 12:41:35 2025]
Finished job 497.
9 of 2272 steps (0.4%) done
Select jobs to execute...
Execute 2 jobs...

[Mon May 19 12:41:35 2025]
rule SEPARATE_BAM_BY_CHR:
    input: sharks/HemOce/HemOce.bam
    output: sharks/HemOce/HemOce_NC_083425.1.bam
    jobid: 416
    reason: Updated input files: sharks/HemOce/HemOce.bam
    wildcards: CLADE=sharks, SPEC_NAME=HemOce, CHR=NC_083425.1
    resources: mem_mb=100000, mem_mib=95368, disk_mb=4184, disk_mib=3991, tmpdir=<TBD>, slurm_account=DURBIN-SL2-CPU, slurm_partition=cclake-himem, runtime=120

Job 416 has been submitted with SLURM jobid 9546128 (log: /rds/project/rds-p67MZilb2eQ/projects/VGP/heterozygosity/.snakemake/slurm_logs/rule_SEPARATE_BAM_BY_CHR/sharks_HemOce_NC_083425.1/9546128.log).

[Mon May 19 12:41:35 2025]
rule PILEUP_VARIANTS:
    input: sharks/HemOce/temp/NC_083452.1.fasta, sharks/HemOce/HemOce_NC_083452.1.bam
    output: sharks/HemOce/temp/NC_083452.1_pileup.vcf.gz
    jobid: 495
    reason: Input files updated by another job: sharks/HemOce/HemOce_NC_083452.1.bam
    wildcards: CLADE=sharks, SPEC_NAME=HemOce, CHR=NC_083452.1
    resources: mem_mb=100000, mem_mib=95368, disk_mb=1000, disk_mib=954, tmpdir=<TBD>, slurm_account=DURBIN-SL2-CPU, slurm_partition=cclake-himem, runtime=120

Job 495 has been submitted with SLURM jobid 9546129 (log: /rds/project/rds-p67MZilb2eQ/projects/VGP/heterozygosity/.snakemake/slurm_logs/rule_PILEUP_VARIANTS/sharks_HemOce_NC_083452.1/9546129.log).
Select jobs to execute...
Waiting for more resources.
[Mon May 19 12:42:15 2025]
Finished job 476.
10 of 2272 steps (0.4%) done
Execute 1 jobs...

[Mon May 19 12:42:15 2025]
rule SEPARATE_BAM_BY_CHR:
    input: sharks/HemOce/HemOce.bam
    output: sharks/HemOce/HemOce_NC_083454.1.bam
    jobid: 503
    reason: Updated input files: sharks/HemOce/HemOce.bam
    wildcards: CLADE=sharks, SPEC_NAME=HemOce, CHR=NC_083454.1
    resources: mem_mb=100000, mem_mib=95368, disk_mb=4184, disk_mib=3991, tmpdir=<TBD>, slurm_account=DURBIN-SL2-CPU, slurm_partition=cclake-himem, runtime=120

Job 503 has been submitted with SLURM jobid 9546132 (log: /rds/project/rds-p67MZilb2eQ/projects/VGP/heterozygosity/.snakemake/slurm_logs/rule_SEPARATE_BAM_BY_CHR/sharks_HemOce_NC_083454.1/9546132.log).
[Mon May 19 12:42:15 2025]
Finished job 392.
11 of 2272 steps (0.5%) done
Select jobs to execute...
Execute 1 jobs...

[Mon May 19 12:42:15 2025]
rule SEPARATE_BAM_BY_CHR:
    input: sharks/HemOce/HemOce.bam
    output: sharks/HemOce/HemOce_NC_083426.1.bam
    jobid: 419
    reason: Updated input files: sharks/HemOce/HemOce.bam
    wildcards: CLADE=sharks, SPEC_NAME=HemOce, CHR=NC_083426.1
    resources: mem_mb=100000, mem_mib=95368, disk_mb=4184, disk_mib=3991, tmpdir=<TBD>, slurm_account=DURBIN-SL2-CPU, slurm_partition=cclake-himem, runtime=120

Job 419 has been submitted with SLURM jobid 9546133 (log: /rds/project/rds-p67MZilb2eQ/projects/VGP/heterozygosity/.snakemake/slurm_logs/rule_SEPARATE_BAM_BY_CHR/sharks_HemOce_NC_083426.1/9546133.log).
[Mon May 19 12:42:55 2025]
Finished job 455.
12 of 2272 steps (1%) done
Select jobs to execute...
Execute 1 jobs...

[Mon May 19 12:42:55 2025]
rule CALC_HET_PER_CHR:
    input: sharks/HemOce/temp/HemOce_Var_Only.txt, sharks/HemOce/Reference_HemOce_Chroms_Lengths.txt, sharks/HemOce/HemOce_ROH_Results.csv
    output: sharks/HemOce/20250428_NC_083453.1_het.txt
    jobid: 283
    reason: Missing output files: sharks/HemOce/20250428_NC_083453.1_het.txt
    wildcards: CLADE=sharks, SPEC_NAME=HemOce, TODAY_DATE=20250428, CHR=NC_083453.1
    resources: mem_mb=100000, mem_mib=95368, disk_mb=1644, disk_mib=1568, tmpdir=<TBD>, slurm_account=DURBIN-SL2-CPU, slurm_partition=cclake-himem, runtime=120

Job 283 has been submitted with SLURM jobid 9546138 (log: /rds/project/rds-p67MZilb2eQ/projects/VGP/heterozygosity/.snakemake/slurm_logs/rule_CALC_HET_PER_CHR/sharks_HemOce_20250428_NC_083453.1/9546138.log).
[Mon May 19 12:42:57 2025]
Finished job 368.
13 of 2272 steps (1%) done
Select jobs to execute...
Execute 1 jobs...

[Mon May 19 12:42:57 2025]
rule PILEUP_VARIANTS:
    input: sharks/HemOce/temp/NC_083443.1.fasta, sharks/HemOce/HemOce_NC_083443.1.bam
    output: sharks/HemOce/temp/NC_083443.1_pileup.vcf.gz
    jobid: 468
    reason: Input files updated by another job: sharks/HemOce/HemOce_NC_083443.1.bam
    wildcards: CLADE=sharks, SPEC_NAME=HemOce, CHR=NC_083443.1
    resources: mem_mb=100000, mem_mib=95368, disk_mb=1000, disk_mib=954, tmpdir=<TBD>, slurm_account=DURBIN-SL2-CPU, slurm_partition=cclake-himem, runtime=120

Job 468 has been submitted with SLURM jobid 9546139 (log: /rds/project/rds-p67MZilb2eQ/projects/VGP/heterozygosity/.snakemake/slurm_logs/rule_PILEUP_VARIANTS/sharks_HemOce_NC_083443.1/9546139.log).
[Mon May 19 12:43:35 2025]
Finished job 434.
14 of 2272 steps (1%) done
Select jobs to execute...
Execute 1 jobs...

[Mon May 19 12:43:35 2025]
rule SEPARATE_BAM_BY_CHR:
    input: sharks/HemOce/HemOce.bam
    output: sharks/HemOce/HemOce_NC_083419.1.bam
    jobid: 398
    reason: Updated input files: sharks/HemOce/HemOce.bam
    wildcards: CLADE=sharks, SPEC_NAME=HemOce, CHR=NC_083419.1
    resources: mem_mb=100000, mem_mib=95368, disk_mb=4184, disk_mib=3991, tmpdir=<TBD>, slurm_account=DURBIN-SL2-CPU, slurm_partition=cclake-himem, runtime=120

Job 398 has been submitted with SLURM jobid 9546275 (log: /rds/project/rds-p67MZilb2eQ/projects/VGP/heterozygosity/.snakemake/slurm_logs/rule_SEPARATE_BAM_BY_CHR/sharks_HemOce_NC_083419.1/9546275.log).
[Mon May 19 12:43:36 2025]
Finished job 350.
15 of 2272 steps (1%) done
[Mon May 19 12:43:36 2025]
Finished job 425.
16 of 2272 steps (1%) done
[Mon May 19 12:43:36 2025]
Finished job 404.
17 of 2272 steps (1%) done
Select jobs to execute...
Execute 3 jobs...

[Mon May 19 12:43:36 2025]
rule PILEUP_VARIANTS:
    input: sharks/HemOce/temp/NC_083434.1.fasta, sharks/HemOce/HemOce_NC_083434.1.bam
    output: sharks/HemOce/temp/NC_083434.1_pileup.vcf.gz
    jobid: 441
    reason: Input files updated by another job: sharks/HemOce/HemOce_NC_083434.1.bam
    wildcards: CLADE=sharks, SPEC_NAME=HemOce, CHR=NC_083434.1
    resources: mem_mb=100000, mem_mib=95368, disk_mb=1000, disk_mib=954, tmpdir=<TBD>, slurm_account=DURBIN-SL2-CPU, slurm_partition=cclake-himem, runtime=120

Job 441 has been submitted with SLURM jobid 9546276 (log: /rds/project/rds-p67MZilb2eQ/projects/VGP/heterozygosity/.snakemake/slurm_logs/rule_PILEUP_VARIANTS/sharks_HemOce_NC_083434.1/9546276.log).

[Mon May 19 12:43:36 2025]
rule PILEUP_VARIANTS:
    input: sharks/HemOce/temp/NC_083431.1.fasta, sharks/HemOce/HemOce_NC_083431.1.bam
    output: sharks/HemOce/temp/NC_083431.1_pileup.vcf.gz
    jobid: 432
    reason: Input files updated by another job: sharks/HemOce/HemOce_NC_083431.1.bam
    wildcards: CLADE=sharks, SPEC_NAME=HemOce, CHR=NC_083431.1
    resources: mem_mb=100000, mem_mib=95368, disk_mb=1000, disk_mib=954, tmpdir=<TBD>, slurm_account=DURBIN-SL2-CPU, slurm_partition=cclake-himem, runtime=120

Job 432 has been submitted with SLURM jobid 9546277 (log: /rds/project/rds-p67MZilb2eQ/projects/VGP/heterozygosity/.snakemake/slurm_logs/rule_PILEUP_VARIANTS/sharks_HemOce_NC_083431.1/9546277.log).

[Mon May 19 12:43:36 2025]
rule SEPARATE_BAM_BY_CHR:
    input: sharks/HemOce/HemOce.bam
    output: sharks/HemOce/HemOce_NC_083413.1.bam
    jobid: 380
    reason: Updated input files: sharks/HemOce/HemOce.bam
    wildcards: CLADE=sharks, SPEC_NAME=HemOce, CHR=NC_083413.1
    resources: mem_mb=100000, mem_mib=95368, disk_mb=4184, disk_mib=3991, tmpdir=<TBD>, slurm_account=DURBIN-SL2-CPU, slurm_partition=cclake-himem, runtime=120

Job 380 has been submitted with SLURM jobid 9546279 (log: /rds/project/rds-p67MZilb2eQ/projects/VGP/heterozygosity/.snakemake/slurm_logs/rule_SEPARATE_BAM_BY_CHR/sharks_HemOce_NC_083413.1/9546279.log).
Select jobs to execute...
Waiting for more resources.
Waiting for more resources.
[Mon May 19 12:44:16 2025]
Finished job 488.
18 of 2272 steps (1%) done
Execute 1 jobs...

[Mon May 19 12:44:16 2025]
rule PILEUP_VARIANTS:
    input: sharks/HemOce/temp/NC_083449.1.fasta, sharks/HemOce/HemOce_NC_083449.1.bam
    output: sharks/HemOce/temp/NC_083449.1_pileup.vcf.gz
    jobid: 486
    reason: Input files updated by another job: sharks/HemOce/HemOce_NC_083449.1.bam
    wildcards: CLADE=sharks, SPEC_NAME=HemOce, CHR=NC_083449.1
    resources: mem_mb=100000, mem_mib=95368, disk_mb=1000, disk_mib=954, tmpdir=<TBD>, slurm_account=DURBIN-SL2-CPU, slurm_partition=cclake-himem, runtime=120

Job 486 has been submitted with SLURM jobid 9546312 (log: /rds/project/rds-p67MZilb2eQ/projects/VGP/heterozygosity/.snakemake/slurm_logs/rule_PILEUP_VARIANTS/sharks_HemOce_NC_083449.1/9546312.log).
[Mon May 19 12:44:56 2025]
Finished job 383.
19 of 2272 steps (1%) done
Select jobs to execute...
Execute 1 jobs...

[Mon May 19 12:44:56 2025]
rule PILEUP_VARIANTS:
    input: sharks/HemOce/temp/NC_083428.1.fasta, sharks/HemOce/HemOce_NC_083428.1.bam
    output: sharks/HemOce/temp/NC_083428.1_pileup.vcf.gz
    jobid: 423
    reason: Input files updated by another job: sharks/HemOce/HemOce_NC_083428.1.bam
    wildcards: CLADE=sharks, SPEC_NAME=HemOce, CHR=NC_083428.1
    resources: mem_mb=100000, mem_mib=95368, disk_mb=1000, disk_mib=954, tmpdir=<TBD>, slurm_account=DURBIN-SL2-CPU, slurm_partition=cclake-himem, runtime=120

Job 423 has been submitted with SLURM jobid 9546488 (log: /rds/project/rds-p67MZilb2eQ/projects/VGP/heterozygosity/.snakemake/slurm_logs/rule_PILEUP_VARIANTS/sharks_HemOce_NC_083428.1/9546488.log).
[Mon May 19 12:44:56 2025]
Finished job 467.
20 of 2272 steps (1%) done
[Mon May 19 12:44:56 2025]
Finished job 377.
21 of 2272 steps (1%) done
Select jobs to execute...
Execute 2 jobs...

[Mon May 19 12:44:56 2025]
rule SEPARATE_BAM_BY_CHR:
    input: sharks/HemOce/HemOce.bam
    output: sharks/HemOce/HemOce_NC_083448.1.bam
    jobid: 485
    reason: Updated input files: sharks/HemOce/HemOce.bam
    wildcards: CLADE=sharks, SPEC_NAME=HemOce, CHR=NC_083448.1
    resources: mem_mb=100000, mem_mib=95368, disk_mb=4184, disk_mib=3991, tmpdir=<TBD>, slurm_account=DURBIN-SL2-CPU, slurm_partition=cclake-himem, runtime=120

Job 485 has been submitted with SLURM jobid 9546489 (log: /rds/project/rds-p67MZilb2eQ/projects/VGP/heterozygosity/.snakemake/slurm_logs/rule_SEPARATE_BAM_BY_CHR/sharks_HemOce_NC_083448.1/9546489.log).

[Mon May 19 12:44:57 2025]
rule PILEUP_VARIANTS:
    input: sharks/HemOce/temp/NC_083412.1.fasta, sharks/HemOce/HemOce_NC_083412.1.bam
    output: sharks/HemOce/temp/NC_083412.1_pileup.vcf.gz
    jobid: 375
    reason: Input files updated by another job: sharks/HemOce/HemOce_NC_083412.1.bam
    wildcards: CLADE=sharks, SPEC_NAME=HemOce, CHR=NC_083412.1
    resources: mem_mb=100000, mem_mib=95368, disk_mb=1000, disk_mib=954, tmpdir=<TBD>, slurm_account=DURBIN-SL2-CPU, slurm_partition=cclake-himem, runtime=120

Job 375 has been submitted with SLURM jobid 9546490 (log: /rds/project/rds-p67MZilb2eQ/projects/VGP/heterozygosity/.snakemake/slurm_logs/rule_PILEUP_VARIANTS/sharks_HemOce_NC_083412.1/9546490.log).
Select jobs to execute...
Waiting for more resources.
[Mon May 19 12:45:36 2025]
Finished job 446.
22 of 2272 steps (1%) done
Execute 1 jobs...

[Mon May 19 12:45:36 2025]
rule PILEUP_VARIANTS:
    input: sharks/HemOce/temp/NC_083442.1.fasta, sharks/HemOce/HemOce_NC_083442.1.bam
    output: sharks/HemOce/temp/NC_083442.1_pileup.vcf.gz
    jobid: 465
    reason: Input files updated by another job: sharks/HemOce/HemOce_NC_083442.1.bam
    wildcards: CLADE=sharks, SPEC_NAME=HemOce, CHR=NC_083442.1
    resources: mem_mb=100000, mem_mib=95368, disk_mb=1000, disk_mib=954, tmpdir=<TBD>, slurm_account=DURBIN-SL2-CPU, slurm_partition=cclake-himem, runtime=120

Job 465 has been submitted with SLURM jobid 9546498 (log: /rds/project/rds-p67MZilb2eQ/projects/VGP/heterozygosity/.snakemake/slurm_logs/rule_PILEUP_VARIANTS/sharks_HemOce_NC_083442.1/9546498.log).
[Mon May 19 12:45:37 2025]
Finished job 500.
23 of 2272 steps (1%) done
[Mon May 19 12:45:37 2025]
Finished job 479.
24 of 2272 steps (1%) done
Select jobs to execute...
Execute 2 jobs...

[Mon May 19 12:45:37 2025]
rule PILEUP_VARIANTS:
    input: sharks/HemOce/temp/NC_083438.1.fasta, sharks/HemOce/HemOce_NC_083438.1.bam
    output: sharks/HemOce/temp/NC_083438.1_pileup.vcf.gz
    jobid: 453
    reason: Input files updated by another job: sharks/HemOce/HemOce_NC_083438.1.bam
    wildcards: CLADE=sharks, SPEC_NAME=HemOce, CHR=NC_083438.1
    resources: mem_mb=100000, mem_mib=95368, disk_mb=1000, disk_mib=954, tmpdir=<TBD>, slurm_account=DURBIN-SL2-CPU, slurm_partition=cclake-himem, runtime=120

Job 453 has been submitted with SLURM jobid 9546499 (log: /rds/project/rds-p67MZilb2eQ/projects/VGP/heterozygosity/.snakemake/slurm_logs/rule_PILEUP_VARIANTS/sharks_HemOce_NC_083438.1/9546499.log).

[Mon May 19 12:45:37 2025]
rule PILEUP_VARIANTS:
    input: sharks/HemOce/temp/NC_083439.1.fasta, sharks/HemOce/HemOce_NC_083439.1.bam
    output: sharks/HemOce/temp/NC_083439.1_pileup.vcf.gz
    jobid: 456
    reason: Input files updated by another job: sharks/HemOce/HemOce_NC_083439.1.bam
    wildcards: CLADE=sharks, SPEC_NAME=HemOce, CHR=NC_083439.1
    resources: mem_mb=100000, mem_mib=95368, disk_mb=1000, disk_mib=954, tmpdir=<TBD>, slurm_account=DURBIN-SL2-CPU, slurm_partition=cclake-himem, runtime=120

Job 456 has been submitted with SLURM jobid 9546500 (log: /rds/project/rds-p67MZilb2eQ/projects/VGP/heterozygosity/.snakemake/slurm_logs/rule_PILEUP_VARIANTS/sharks_HemOce_NC_083439.1/9546500.log).
Select jobs to execute...
Waiting for more resources.
[Mon May 19 12:46:16 2025]
Finished job 371.
25 of 2272 steps (1%) done
Execute 1 jobs...

[Mon May 19 12:46:16 2025]
rule PILEUP_VARIANTS:
    input: sharks/HemOce/temp/NC_083435.1.fasta, sharks/HemOce/HemOce_NC_083435.1.bam
    output: sharks/HemOce/temp/NC_083435.1_pileup.vcf.gz
    jobid: 444
    reason: Input files updated by another job: sharks/HemOce/HemOce_NC_083435.1.bam
    wildcards: CLADE=sharks, SPEC_NAME=HemOce, CHR=NC_083435.1
    resources: mem_mb=100000, mem_mib=95368, disk_mb=1000, disk_mib=954, tmpdir=<TBD>, slurm_account=DURBIN-SL2-CPU, slurm_partition=cclake-himem, runtime=120

Job 444 has been submitted with SLURM jobid 9546503 (log: /rds/project/rds-p67MZilb2eQ/projects/VGP/heterozygosity/.snakemake/slurm_logs/rule_PILEUP_VARIANTS/sharks_HemOce_NC_083435.1/9546503.log).
[Mon May 19 12:46:17 2025]
Finished job 437.
26 of 2272 steps (1%) done
Select jobs to execute...
Execute 1 jobs...

[Mon May 19 12:46:18 2025]
rule PILEUP_VARIANTS:
    input: sharks/HemOce/temp/NC_083421.1.fasta, sharks/HemOce/HemOce_NC_083421.1.bam
    output: sharks/HemOce/temp/NC_083421.1_pileup.vcf.gz
    jobid: 402
    reason: Input files updated by another job: sharks/HemOce/HemOce_NC_083421.1.bam
    wildcards: CLADE=sharks, SPEC_NAME=HemOce, CHR=NC_083421.1
    resources: mem_mb=100000, mem_mib=95368, disk_mb=1000, disk_mib=954, tmpdir=<TBD>, slurm_account=DURBIN-SL2-CPU, slurm_partition=cclake-himem, runtime=120

Job 402 has been submitted with SLURM jobid 9546504 (log: /rds/project/rds-p67MZilb2eQ/projects/VGP/heterozygosity/.snakemake/slurm_logs/rule_PILEUP_VARIANTS/sharks_HemOce_NC_083421.1/9546504.log).
[Mon May 19 12:46:56 2025]
Finished job 407.
27 of 2272 steps (1%) done
Select jobs to execute...
Execute 1 jobs...

[Mon May 19 12:46:56 2025]
rule PILEUP_VARIANTS:
    input: sharks/HemOce/temp/NC_083414.1.fasta, sharks/HemOce/HemOce_NC_083414.1.bam
    output: sharks/HemOce/temp/NC_083414.1_pileup.vcf.gz
    jobid: 381
    reason: Input files updated by another job: sharks/HemOce/HemOce_NC_083414.1.bam
    wildcards: CLADE=sharks, SPEC_NAME=HemOce, CHR=NC_083414.1
    resources: mem_mb=100000, mem_mib=95368, disk_mb=1000, disk_mib=954, tmpdir=<TBD>, slurm_account=DURBIN-SL2-CPU, slurm_partition=cclake-himem, runtime=120

Job 381 has been submitted with SLURM jobid 9546509 (log: /rds/project/rds-p67MZilb2eQ/projects/VGP/heterozygosity/.snakemake/slurm_logs/rule_PILEUP_VARIANTS/sharks_HemOce_NC_083414.1/9546509.log).
[Mon May 19 12:47:36 2025]
Finished job 491.
28 of 2272 steps (1%) done
Select jobs to execute...
Execute 1 jobs...

[Mon May 19 12:47:36 2025]
rule PILEUP_VARIANTS:
    input: sharks/HemOce/temp/NC_083450.1.fasta, sharks/HemOce/HemOce_NC_083450.1.bam
    output: sharks/HemOce/temp/NC_083450.1_pileup.vcf.gz
    jobid: 489
    reason: Input files updated by another job: sharks/HemOce/HemOce_NC_083450.1.bam
    wildcards: CLADE=sharks, SPEC_NAME=HemOce, CHR=NC_083450.1
    resources: mem_mb=100000, mem_mib=95368, disk_mb=1000, disk_mib=954, tmpdir=<TBD>, slurm_account=DURBIN-SL2-CPU, slurm_partition=cclake-himem, runtime=120

Job 489 has been submitted with SLURM jobid 9546513 (log: /rds/project/rds-p67MZilb2eQ/projects/VGP/heterozygosity/.snakemake/slurm_logs/rule_PILEUP_VARIANTS/sharks_HemOce_NC_083450.1/9546513.log).
[Mon May 19 12:47:36 2025]
Finished job 449.
29 of 2272 steps (1%) done
Select jobs to execute...
Execute 1 jobs...

[Mon May 19 12:47:36 2025]
rule PILEUP_VARIANTS:
    input: sharks/HemOce/temp/NC_083436.1.fasta, sharks/HemOce/HemOce_NC_083436.1.bam
    output: sharks/HemOce/temp/NC_083436.1_pileup.vcf.gz
    jobid: 447
    reason: Missing output files: sharks/HemOce/temp/NC_083436.1_pileup.vcf.gz; Input files updated by another job: sharks/HemOce/HemOce_NC_083436.1.bam
    wildcards: CLADE=sharks, SPEC_NAME=HemOce, CHR=NC_083436.1
    resources: mem_mb=100000, mem_mib=95368, disk_mb=1000, disk_mib=954, tmpdir=<TBD>, slurm_account=DURBIN-SL2-CPU, slurm_partition=cclake-himem, runtime=120

Job 447 has been submitted with SLURM jobid 9546514 (log: /rds/project/rds-p67MZilb2eQ/projects/VGP/heterozygosity/.snakemake/slurm_logs/rule_PILEUP_VARIANTS/sharks_HemOce_NC_083436.1/9546514.log).
[Mon May 19 12:48:16 2025]
Finished job 428.
30 of 2272 steps (1%) done
Select jobs to execute...
Execute 1 jobs...

[Mon May 19 12:48:16 2025]
rule SEPARATE_BAM_BY_CHR:
    input: sharks/HemOce/HemOce.bam
    output: sharks/HemOce/HemOce_NC_083447.1.bam
    jobid: 482
    reason: Updated input files: sharks/HemOce/HemOce.bam
    wildcards: CLADE=sharks, SPEC_NAME=HemOce, CHR=NC_083447.1
    resources: mem_mb=100000, mem_mib=95368, disk_mb=4184, disk_mib=3991, tmpdir=<TBD>, slurm_account=DURBIN-SL2-CPU, slurm_partition=cclake-himem, runtime=120

Job 482 has been submitted with SLURM jobid 9546516 (log: /rds/project/rds-p67MZilb2eQ/projects/VGP/heterozygosity/.snakemake/slurm_logs/rule_SEPARATE_BAM_BY_CHR/sharks_HemOce_NC_083447.1/9546516.log).
[Mon May 19 12:48:17 2025]
Finished job 416.
31 of 2272 steps (1%) done
Select jobs to execute...
Execute 1 jobs...

[Mon May 19 12:48:17 2025]
rule PILEUP_VARIANTS:
    input: sharks/HemOce/temp/NC_083429.1.fasta, sharks/HemOce/HemOce_NC_083429.1.bam
    output: sharks/HemOce/temp/NC_083429.1_pileup.vcf.gz
    jobid: 426
    reason: Input files updated by another job: sharks/HemOce/HemOce_NC_083429.1.bam
    wildcards: CLADE=sharks, SPEC_NAME=HemOce, CHR=NC_083429.1
    resources: mem_mb=100000, mem_mib=95368, disk_mb=1000, disk_mib=954, tmpdir=<TBD>, slurm_account=DURBIN-SL2-CPU, slurm_partition=cclake-himem, runtime=120

Job 426 has been submitted with SLURM jobid 9546517 (log: /rds/project/rds-p67MZilb2eQ/projects/VGP/heterozygosity/.snakemake/slurm_logs/rule_PILEUP_VARIANTS/sharks_HemOce_NC_083429.1/9546517.log).
[Mon May 19 12:48:56 2025]
Finished job 495.
32 of 2272 steps (1%) done
Select jobs to execute...
Execute 1 jobs...

[Mon May 19 12:48:56 2025]
rule SEPARATE_BAM_BY_CHR:
    input: sharks/HemOce/HemOce.bam
    output: sharks/HemOce/HemOce_NC_083441.1.bam
    jobid: 464
    reason: Updated input files: sharks/HemOce/HemOce.bam
    wildcards: CLADE=sharks, SPEC_NAME=HemOce, CHR=NC_083441.1
    resources: mem_mb=100000, mem_mib=95368, disk_mb=4184, disk_mib=3991, tmpdir=<TBD>, slurm_account=DURBIN-SL2-CPU, slurm_partition=cclake-himem, runtime=120

Job 464 has been submitted with SLURM jobid 9546523 (log: /rds/project/rds-p67MZilb2eQ/projects/VGP/heterozygosity/.snakemake/slurm_logs/rule_SEPARATE_BAM_BY_CHR/sharks_HemOce_NC_083441.1/9546523.log).
[Mon May 19 12:49:37 2025]
Finished job 503.
33 of 2272 steps (1%) done
Select jobs to execute...
Execute 1 jobs...

[Mon May 19 12:49:37 2025]
rule PILEUP_VARIANTS:
    input: sharks/HemOce/temp/NC_083424.1.fasta, sharks/HemOce/HemOce_NC_083424.1.bam
    output: sharks/HemOce/temp/NC_083424.1_pileup.vcf.gz
    jobid: 411
    reason: Input files updated by another job: sharks/HemOce/HemOce_NC_083424.1.bam
    wildcards: CLADE=sharks, SPEC_NAME=HemOce, CHR=NC_083424.1
    resources: mem_mb=100000, mem_mib=95368, disk_mb=1000, disk_mib=954, tmpdir=<TBD>, slurm_account=DURBIN-SL2-CPU, slurm_partition=cclake-himem, runtime=120

Job 411 has been submitted with SLURM jobid 9546528 (log: /rds/project/rds-p67MZilb2eQ/projects/VGP/heterozygosity/.snakemake/slurm_logs/rule_PILEUP_VARIANTS/sharks_HemOce_NC_083424.1/9546528.log).
[Mon May 19 12:49:37 2025]
Finished job 419.
34 of 2272 steps (1%) done
Select jobs to execute...
Execute 1 jobs...

[Mon May 19 12:49:37 2025]
rule PILEUP_VARIANTS:
    input: sharks/HemOce/temp/NC_083417.1.fasta, sharks/HemOce/HemOce_NC_083417.1.bam
    output: sharks/HemOce/temp/NC_083417.1_pileup.vcf.gz
    jobid: 390
    reason: Input files updated by another job: sharks/HemOce/HemOce_NC_083417.1.bam
    wildcards: CLADE=sharks, SPEC_NAME=HemOce, CHR=NC_083417.1
    resources: mem_mb=100000, mem_mib=95368, disk_mb=1000, disk_mib=954, tmpdir=<TBD>, slurm_account=DURBIN-SL2-CPU, slurm_partition=cclake-himem, runtime=120

Job 390 has been submitted with SLURM jobid 9546529 (log: /rds/project/rds-p67MZilb2eQ/projects/VGP/heterozygosity/.snakemake/slurm_logs/rule_PILEUP_VARIANTS/sharks_HemOce_NC_083417.1/9546529.log).
[Mon May 19 12:51:07 2025]
Finished job 357.
35 of 2272 steps (2%) done
Select jobs to execute...
Execute 1 jobs...

[Mon May 19 12:51:07 2025]
rule SEPARATE_BAM_BY_CHR:
    input: sharks/HemOce/HemOce.bam
    output: sharks/HemOce/HemOce_NC_083420.1.bam
    jobid: 401
    reason: Updated input files: sharks/HemOce/HemOce.bam
    wildcards: CLADE=sharks, SPEC_NAME=HemOce, CHR=NC_083420.1
    resources: mem_mb=100000, mem_mib=95368, disk_mb=4184, disk_mib=3991, tmpdir=<TBD>, slurm_account=DURBIN-SL2-CPU, slurm_partition=cclake-himem, runtime=120

Job 401 has been submitted with SLURM jobid 9546542 (log: /rds/project/rds-p67MZilb2eQ/projects/VGP/heterozygosity/.snakemake/slurm_logs/rule_SEPARATE_BAM_BY_CHR/sharks_HemOce_NC_083420.1/9546542.log).
[Mon May 19 12:51:09 2025]
Finished job 360.
36 of 2272 steps (2%) done
[Mon May 19 12:51:09 2025]
Finished job 468.
37 of 2272 steps (2%) done
Select jobs to execute...
Execute 2 jobs...

[Mon May 19 12:51:09 2025]
rule INDEL_MASKER:
    input: sharks/HemOce/temp/NC_083443.1_pileup.vcf.gz
    output: sharks/HemOce/MSMC/Output_indel_BED_file/NC_083443.1_indel_bed.txt
    jobid: 816
    reason: Input files updated by another job: sharks/HemOce/temp/NC_083443.1_pileup.vcf.gz
    wildcards: CLADE=sharks, SPEC_NAME=HemOce, CHR=NC_083443.1
    resources: mem_mb=100000, mem_mib=95368, disk_mb=1000, disk_mib=954, tmpdir=<TBD>, slurm_account=DURBIN-SL2-CPU, slurm_partition=cclake-himem, runtime=120

Job 816 has been submitted with SLURM jobid 9546543 (log: /rds/project/rds-p67MZilb2eQ/projects/VGP/heterozygosity/.snakemake/slurm_logs/rule_INDEL_MASKER/sharks_HemOce_NC_083443.1/9546543.log).

[Mon May 19 12:51:09 2025]
rule PILEUP_VARIANTS:
    input: sharks/HemOce/temp/NC_083403.1.fasta, sharks/HemOce/HemOce_NC_083403.1.bam
    output: sharks/HemOce/temp/NC_083403.1_pileup.vcf.gz
    jobid: 348
    reason: Missing output files: sharks/HemOce/temp/NC_083403.1_pileup.vcf.gz; Input files updated by another job: sharks/HemOce/HemOce_NC_083403.1.bam
    wildcards: CLADE=sharks, SPEC_NAME=HemOce, CHR=NC_083403.1
    resources: mem_mb=100000, mem_mib=95368, disk_mb=1000, disk_mib=954, tmpdir=<TBD>, slurm_account=DURBIN-SL2-CPU, slurm_partition=cclake-himem, runtime=120

Job 348 has been submitted with SLURM jobid 9546544 (log: /rds/project/rds-p67MZilb2eQ/projects/VGP/heterozygosity/.snakemake/slurm_logs/rule_PILEUP_VARIANTS/sharks_HemOce_NC_083403.1/9546544.log).
Select jobs to execute...
Waiting for more resources.
[Mon May 19 12:57:38 2025]
Error in rule CALC_HET_PER_CHR:
    message: SLURM-job '9546138' failed, SLURM status is: 'FAILED'. For further error details see the cluster/cloud log and the log files of the involved rule(s).
    jobid: 283
    input: sharks/HemOce/temp/HemOce_Var_Only.txt, sharks/HemOce/Reference_HemOce_Chroms_Lengths.txt, sharks/HemOce/HemOce_ROH_Results.csv
    output: sharks/HemOce/20250428_NC_083453.1_het.txt
    log: /rds/project/rds-p67MZilb2eQ/projects/VGP/heterozygosity/.snakemake/slurm_logs/rule_CALC_HET_PER_CHR/sharks_HemOce_20250428_NC_083453.1/9546138.log (check log file(s) for error details)
    shell:
        
        python /rds/project/rds-p67MZilb2eQ/projects/VGP/heterozygosity/20250325_find_het_per_chr_V3.py sharks/HemOce/temp/HemOce_Var_Only.txt sharks/HemOce/Reference_HemOce_Chroms_Lengths.txt sharks HemOce 20250428 1000000 500000 52 sharks/HemOce/HemOce_ROH_Results.csv
        
        (one of the commands exited with non-zero exit code; note that snakemake uses bash strict mode!)
    external_jobid: 9546138

[Mon May 19 13:01:08 2025]
Finished job 398.
38 of 2272 steps (2%) done
[Mon May 19 13:01:48 2025]
Finished job 441.
39 of 2272 steps (2%) done
[Mon May 19 13:01:48 2025]
Finished job 486.
40 of 2272 steps (2%) done
[Mon May 19 13:02:28 2025]
Finished job 432.
41 of 2272 steps (2%) done
[Mon May 19 13:02:28 2025]
Finished job 380.
42 of 2272 steps (2%) done
[Mon May 19 13:02:28 2025]
Finished job 485.
43 of 2272 steps (2%) done
[Mon May 19 13:02:28 2025]
Finished job 465.
44 of 2272 steps (2%) done
[Mon May 19 13:03:08 2025]
Finished job 423.
45 of 2272 steps (2%) done
[Mon May 19 13:03:08 2025]
Finished job 489.
46 of 2272 steps (2%) done
[Mon May 19 13:03:49 2025]
Finished job 453.
47 of 2272 steps (2%) done
[Mon May 19 13:03:49 2025]
Finished job 456.
48 of 2272 steps (2%) done
[Mon May 19 13:03:49 2025]
Finished job 482.
49 of 2272 steps (2%) done
[Mon May 19 13:04:29 2025]
Finished job 444.
50 of 2272 steps (2%) done
[Mon May 19 13:04:29 2025]
Finished job 402.
51 of 2272 steps (2%) done
[Mon May 19 13:04:29 2025]
Finished job 447.
52 of 2272 steps (2%) done
[Mon May 19 13:04:29 2025]
Finished job 464.
53 of 2272 steps (2%) done
[Mon May 19 13:05:09 2025]
Finished job 375.
54 of 2272 steps (2%) done
[Mon May 19 13:05:09 2025]
Finished job 381.
55 of 2272 steps (2%) done
[Mon May 19 13:05:09 2025]
Finished job 426.
56 of 2272 steps (2%) done
[Mon May 19 13:05:09 2025]
Finished job 401.
57 of 2272 steps (3%) done
[Mon May 19 13:05:49 2025]
Finished job 816.
58 of 2272 steps (3%) done
[Mon May 19 13:06:29 2025]
Finished job 411.
59 of 2272 steps (3%) done
[Mon May 19 13:07:10 2025]
Finished job 390.
60 of 2272 steps (3%) done
[Mon May 19 13:09:40 2025]
Finished job 348.
61 of 2272 steps (3%) done
Shutting down, this might take some time.
Exiting because a job execution failed. Look above for error message
Complete log: .snakemake/log/2025-05-19T123744.061104.snakemake.log
WorkflowError:
At least one job did not complete successfully.
