host: login-p-1
Building DAG of jobs...
Using shell: /usr/bin/bash
Provided cores: 56
Rules claiming more threads will be scaled down.
Job stats:
job                       count
----------------------  -------
ALNtoPAF                      1
FASTGA                        1
FILTER_PAF                    6
GET_ALN_ONLY_PER_CHROM        6
GET_VAR_ALN_FILE              6
GET_VAR_ONLY_PER_CHROM        6
all                           1
total                        27

Select jobs to execute...
Execute 1 jobs...

[Wed Mar 26 14:34:44 2025]
localrule FASTGA:
    input: amphibians/EleCoq_TEST/temp/EleCoq_TEST_GCA_035609145.1.gix, amphibians/EleCoq_TEST/temp/EleCoq_TEST_GCA_035609135.1.gix
    output: amphibians/EleCoq_TEST/EleCoq_TEST_ALN.1aln
    jobid: 2
    reason: Missing output files: amphibians/EleCoq_TEST/EleCoq_TEST_ALN.1aln; Code has changed since last execution
    resources: tmpdir=/tmp

