host: login-p-4
Building DAG of jobs...
Using shell: /usr/bin/bash
Provided cores: 56
Rules claiming more threads will be scaled down.
Job stats:
job                       count
----------------------  -------
ALNtoPAF                      1
FASTGA                        1
FAtoGDB_ALT                   1
FAtoGDB_REF                   1
FILTER_PAF                   40
FILTER_PAF_CHR_ONLY           1
GET_ALN_ONLY_PER_CHROM       40
GET_VAR_ALN_FILE             40
GET_VAR_ONLY_PER_CHROM       40
GET_WHOLE_VAR                 1
GIXmake_ALT                   1
GIXmake_REF                   1
PAF_CS                        1
all                           1
total                       170

Select jobs to execute...
Execute 2 jobs...

[Fri Apr  4 12:08:49 2025]
localrule FAtoGDB_REF:
    input: /rds/project/rds-p67MZilb2eQ/projects/VGP/241117.UCSC-hubs-VGP-alignment/alignment/reference/sharks/GCA_035084275.1.fa.gz
    output: sharks/HydCol_Test2/temp/HydCol_Test2_GCA_035084275.1.1gdb
    jobid: 6
    reason: Missing output files: sharks/HydCol_Test2/temp/HydCol_Test2_GCA_035084275.1.1gdb
    resources: tmpdir=/tmp


[Fri Apr  4 12:08:49 2025]
localrule FAtoGDB_ALT:
    input: /rds/project/rds-p67MZilb2eQ/projects/VGP/241117.UCSC-hubs-VGP-alignment/alignment/alternate/sharks/GCA_035084065.1.fa.gz
    output: sharks/HydCol_Test2/temp/HydCol_Test2_GCA_035084065.1.1gdb
    jobid: 8
    reason: Missing output files: sharks/HydCol_Test2/temp/HydCol_Test2_GCA_035084065.1.1gdb
    resources: tmpdir=/tmp

[Fri Apr  4 12:08:55 2025]
Finished job 6.
1 of 170 steps (1%) done
Select jobs to execute...
Execute 1 jobs...

[Fri Apr  4 12:08:55 2025]
localrule GIXmake_REF:
    input: sharks/HydCol_Test2/temp/HydCol_Test2_GCA_035084275.1.1gdb
    output: sharks/HydCol_Test2/temp/HydCol_Test2_GCA_035084275.1.gix
    jobid: 5
    reason: Missing output files: sharks/HydCol_Test2/temp/HydCol_Test2_GCA_035084275.1.gix; Input files updated by another job: sharks/HydCol_Test2/temp/HydCol_Test2_GCA_035084275.1.1gdb
    resources: tmpdir=/tmp

[Fri Apr  4 12:08:55 2025]
Finished job 8.
2 of 170 steps (1%) done
Select jobs to execute...
Execute 1 jobs...

[Fri Apr  4 12:08:55 2025]
localrule GIXmake_ALT:
    input: sharks/HydCol_Test2/temp/HydCol_Test2_GCA_035084065.1.1gdb
    output: sharks/HydCol_Test2/temp/HydCol_Test2_GCA_035084065.1.gix
    jobid: 7
    reason: Missing output files: sharks/HydCol_Test2/temp/HydCol_Test2_GCA_035084065.1.gix; Input files updated by another job: sharks/HydCol_Test2/temp/HydCol_Test2_GCA_035084065.1.1gdb
    resources: tmpdir=/tmp

[Fri Apr  4 12:09:23 2025]
Finished job 5.
3 of 170 steps (2%) done
[Fri Apr  4 12:09:24 2025]
Finished job 7.
4 of 170 steps (2%) done
Select jobs to execute...
Execute 1 jobs...

[Fri Apr  4 12:09:24 2025]
localrule FASTGA:
    input: sharks/HydCol_Test2/temp/HydCol_Test2_GCA_035084275.1.gix, sharks/HydCol_Test2/temp/HydCol_Test2_GCA_035084065.1.gix
    output: sharks/HydCol_Test2/HydCol_Test2_ALN.1aln
    jobid: 4
    reason: Missing output files: sharks/HydCol_Test2/HydCol_Test2_ALN.1aln; Input files updated by another job: sharks/HydCol_Test2/temp/HydCol_Test2_GCA_035084275.1.gix, sharks/HydCol_Test2/temp/HydCol_Test2_GCA_035084065.1.gix
    resources: tmpdir=/tmp

[Fri Apr  4 12:13:17 2025]
Finished job 4.
5 of 170 steps (3%) done
Select jobs to execute...
Execute 1 jobs...

[Fri Apr  4 12:13:17 2025]
localrule ALNtoPAF:
    input: sharks/HydCol_Test2/HydCol_Test2_ALN.1aln
    output: sharks/HydCol_Test2/HydCol_Test2_FASTGA.paf
    jobid: 3
    reason: Missing output files: sharks/HydCol_Test2/HydCol_Test2_FASTGA.paf; Input files updated by another job: sharks/HydCol_Test2/HydCol_Test2_ALN.1aln
    resources: tmpdir=/tmp

[Fri Apr  4 12:13:49 2025]
Finished job 3.
6 of 170 steps (4%) done
Select jobs to execute...
Execute 1 jobs...

[Fri Apr  4 12:13:49 2025]
localrule FILTER_PAF_CHR_ONLY:
    input: sharks/HydCol_Test2/HydCol_Test2_FASTGA.paf
    output: sharks/HydCol_Test2/HydCol_Test2_FASTGA_Filtered_Chr_Only.paf
    jobid: 2
    reason: Missing output files: sharks/HydCol_Test2/HydCol_Test2_FASTGA_Filtered_Chr_Only.paf; Input files updated by another job: sharks/HydCol_Test2/HydCol_Test2_FASTGA.paf
    resources: tmpdir=/tmp

[Fri Apr  4 12:13:50 2025]
Finished job 2.
7 of 170 steps (4%) done
Select jobs to execute...
Execute 1 jobs...

[Fri Apr  4 12:13:50 2025]
localrule PAF_CS:
    input: sharks/HydCol_Test2/HydCol_Test2_FASTGA_Filtered_Chr_Only.paf
    output: sharks/HydCol_Test2/HydCol_Test2_FASTGA_Updated.paf
    jobid: 1
    reason: Missing output files: sharks/HydCol_Test2/HydCol_Test2_FASTGA_Updated.paf; Input files updated by another job: sharks/HydCol_Test2/HydCol_Test2_FASTGA_Filtered_Chr_Only.paf
    resources: tmpdir=/tmp

[Fri Apr  4 12:15:01 2025]
Finished job 1.
8 of 170 steps (5%) done
Select jobs to execute...
Execute 41 jobs...

[Fri Apr  4 12:15:01 2025]
localrule FILTER_PAF:
    input: sharks/HydCol_Test2/HydCol_Test2_FASTGA_Updated.paf
    output: sharks/HydCol_Test2/20250403_CM068781.1_filtered.paf
    jobid: 48
    reason: Missing output files: sharks/HydCol_Test2/20250403_CM068781.1_filtered.paf; Input files updated by another job: sharks/HydCol_Test2/HydCol_Test2_FASTGA_Updated.paf
    wildcards: CLADE=sharks, SPEC_NAME=HydCol_Test2, TODAY_DATE=20250403, CHR=CM068781.1
    resources: tmpdir=/tmp


[Fri Apr  4 12:15:01 2025]
localrule FILTER_PAF:
    input: sharks/HydCol_Test2/HydCol_Test2_FASTGA_Updated.paf
    output: sharks/HydCol_Test2/20250403_CM068774.1_filtered.paf
    jobid: 41
    reason: Missing output files: sharks/HydCol_Test2/20250403_CM068774.1_filtered.paf; Input files updated by another job: sharks/HydCol_Test2/HydCol_Test2_FASTGA_Updated.paf
    wildcards: CLADE=sharks, SPEC_NAME=HydCol_Test2, TODAY_DATE=20250403, CHR=CM068774.1
    resources: tmpdir=/tmp


[Fri Apr  4 12:15:01 2025]
localrule FILTER_PAF:
    input: sharks/HydCol_Test2/HydCol_Test2_FASTGA_Updated.paf
    output: sharks/HydCol_Test2/20250403_CM068767.1_filtered.paf
    jobid: 34
    reason: Missing output files: sharks/HydCol_Test2/20250403_CM068767.1_filtered.paf; Input files updated by another job: sharks/HydCol_Test2/HydCol_Test2_FASTGA_Updated.paf
    wildcards: CLADE=sharks, SPEC_NAME=HydCol_Test2, TODAY_DATE=20250403, CHR=CM068767.1
    resources: tmpdir=/tmp


[Fri Apr  4 12:15:01 2025]
localrule FILTER_PAF:
    input: sharks/HydCol_Test2/HydCol_Test2_FASTGA_Updated.paf
    output: sharks/HydCol_Test2/20250403_CM068761.1_filtered.paf
    jobid: 28
    reason: Missing output files: sharks/HydCol_Test2/20250403_CM068761.1_filtered.paf; Input files updated by another job: sharks/HydCol_Test2/HydCol_Test2_FASTGA_Updated.paf
    wildcards: CLADE=sharks, SPEC_NAME=HydCol_Test2, TODAY_DATE=20250403, CHR=CM068761.1
    resources: tmpdir=/tmp


[Fri Apr  4 12:15:01 2025]
localrule FILTER_PAF:
    input: sharks/HydCol_Test2/HydCol_Test2_FASTGA_Updated.paf
    output: sharks/HydCol_Test2/20250403_CM068754.1_filtered.paf
    jobid: 21
    reason: Missing output files: sharks/HydCol_Test2/20250403_CM068754.1_filtered.paf; Input files updated by another job: sharks/HydCol_Test2/HydCol_Test2_FASTGA_Updated.paf
    wildcards: CLADE=sharks, SPEC_NAME=HydCol_Test2, TODAY_DATE=20250403, CHR=CM068754.1
    resources: tmpdir=/tmp


[Fri Apr  4 12:15:01 2025]
localrule FILTER_PAF:
    input: sharks/HydCol_Test2/HydCol_Test2_FASTGA_Updated.paf
    output: sharks/HydCol_Test2/20250403_CM068746.1_filtered.paf
    jobid: 13
    reason: Missing output files: sharks/HydCol_Test2/20250403_CM068746.1_filtered.paf; Input files updated by another job: sharks/HydCol_Test2/HydCol_Test2_FASTGA_Updated.paf
    wildcards: CLADE=sharks, SPEC_NAME=HydCol_Test2, TODAY_DATE=20250403, CHR=CM068746.1
    resources: tmpdir=/tmp


[Fri Apr  4 12:15:01 2025]
localrule GET_WHOLE_VAR:
    input: sharks/HydCol_Test2/HydCol_Test2_FASTGA_Updated.paf
    output: sharks/HydCol_Test2/temp/HydCol_Test2_Var_Only.txt
    jobid: 49
    reason: Missing output files: sharks/HydCol_Test2/temp/HydCol_Test2_Var_Only.txt; Input files updated by another job: sharks/HydCol_Test2/HydCol_Test2_FASTGA_Updated.paf
    resources: tmpdir=/tmp


[Fri Apr  4 12:15:01 2025]
localrule FILTER_PAF:
    input: sharks/HydCol_Test2/HydCol_Test2_FASTGA_Updated.paf
    output: sharks/HydCol_Test2/20250403_CM068775.1_filtered.paf
    jobid: 42
    reason: Missing output files: sharks/HydCol_Test2/20250403_CM068775.1_filtered.paf; Input files updated by another job: sharks/HydCol_Test2/HydCol_Test2_FASTGA_Updated.paf
    wildcards: CLADE=sharks, SPEC_NAME=HydCol_Test2, TODAY_DATE=20250403, CHR=CM068775.1
    resources: tmpdir=/tmp


[Fri Apr  4 12:15:01 2025]
localrule FILTER_PAF:
    input: sharks/HydCol_Test2/HydCol_Test2_FASTGA_Updated.paf
    output: sharks/HydCol_Test2/20250403_CM068768.1_filtered.paf
    jobid: 35
    reason: Missing output files: sharks/HydCol_Test2/20250403_CM068768.1_filtered.paf; Input files updated by another job: sharks/HydCol_Test2/HydCol_Test2_FASTGA_Updated.paf
    wildcards: CLADE=sharks, SPEC_NAME=HydCol_Test2, TODAY_DATE=20250403, CHR=CM068768.1
    resources: tmpdir=/tmp


[Fri Apr  4 12:15:02 2025]
localrule FILTER_PAF:
    input: sharks/HydCol_Test2/HydCol_Test2_FASTGA_Updated.paf
    output: sharks/HydCol_Test2/20250403_CM068762.1_filtered.paf
    jobid: 29
    reason: Missing output files: sharks/HydCol_Test2/20250403_CM068762.1_filtered.paf; Input files updated by another job: sharks/HydCol_Test2/HydCol_Test2_FASTGA_Updated.paf
    wildcards: CLADE=sharks, SPEC_NAME=HydCol_Test2, TODAY_DATE=20250403, CHR=CM068762.1
    resources: tmpdir=/tmp


[Fri Apr  4 12:15:02 2025]
localrule FILTER_PAF:
    input: sharks/HydCol_Test2/HydCol_Test2_FASTGA_Updated.paf
    output: sharks/HydCol_Test2/20250403_CM068755.1_filtered.paf
    jobid: 22
    reason: Missing output files: sharks/HydCol_Test2/20250403_CM068755.1_filtered.paf; Input files updated by another job: sharks/HydCol_Test2/HydCol_Test2_FASTGA_Updated.paf
    wildcards: CLADE=sharks, SPEC_NAME=HydCol_Test2, TODAY_DATE=20250403, CHR=CM068755.1
    resources: tmpdir=/tmp


[Fri Apr  4 12:15:02 2025]
localrule FILTER_PAF:
    input: sharks/HydCol_Test2/HydCol_Test2_FASTGA_Updated.paf
    output: sharks/HydCol_Test2/20250403_CM068752.1_filtered.paf
    jobid: 19
    reason: Missing output files: sharks/HydCol_Test2/20250403_CM068752.1_filtered.paf; Input files updated by another job: sharks/HydCol_Test2/HydCol_Test2_FASTGA_Updated.paf
    wildcards: CLADE=sharks, SPEC_NAME=HydCol_Test2, TODAY_DATE=20250403, CHR=CM068752.1
    resources: tmpdir=/tmp


[Fri Apr  4 12:15:02 2025]
localrule FILTER_PAF:
    input: sharks/HydCol_Test2/HydCol_Test2_FASTGA_Updated.paf
    output: sharks/HydCol_Test2/20250403_CM068776.1_filtered.paf
    jobid: 43
    reason: Missing output files: sharks/HydCol_Test2/20250403_CM068776.1_filtered.paf; Input files updated by another job: sharks/HydCol_Test2/HydCol_Test2_FASTGA_Updated.paf
    wildcards: CLADE=sharks, SPEC_NAME=HydCol_Test2, TODAY_DATE=20250403, CHR=CM068776.1
    resources: tmpdir=/tmp


[Fri Apr  4 12:15:02 2025]
localrule FILTER_PAF:
    input: sharks/HydCol_Test2/HydCol_Test2_FASTGA_Updated.paf
    output: sharks/HydCol_Test2/20250403_CM068769.1_filtered.paf
    jobid: 36
    reason: Missing output files: sharks/HydCol_Test2/20250403_CM068769.1_filtered.paf; Input files updated by another job: sharks/HydCol_Test2/HydCol_Test2_FASTGA_Updated.paf
    wildcards: CLADE=sharks, SPEC_NAME=HydCol_Test2, TODAY_DATE=20250403, CHR=CM068769.1
    resources: tmpdir=/tmp


[Fri Apr  4 12:15:02 2025]
localrule FILTER_PAF:
    input: sharks/HydCol_Test2/HydCol_Test2_FASTGA_Updated.paf
    output: sharks/HydCol_Test2/20250403_CM068763.1_filtered.paf
    jobid: 30
    reason: Missing output files: sharks/HydCol_Test2/20250403_CM068763.1_filtered.paf; Input files updated by another job: sharks/HydCol_Test2/HydCol_Test2_FASTGA_Updated.paf
    wildcards: CLADE=sharks, SPEC_NAME=HydCol_Test2, TODAY_DATE=20250403, CHR=CM068763.1
    resources: tmpdir=/tmp


[Fri Apr  4 12:15:02 2025]
localrule FILTER_PAF:
    input: sharks/HydCol_Test2/HydCol_Test2_FASTGA_Updated.paf
    output: sharks/HydCol_Test2/20250403_CM068756.1_filtered.paf
    jobid: 23
    reason: Missing output files: sharks/HydCol_Test2/20250403_CM068756.1_filtered.paf; Input files updated by another job: sharks/HydCol_Test2/HydCol_Test2_FASTGA_Updated.paf
    wildcards: CLADE=sharks, SPEC_NAME=HydCol_Test2, TODAY_DATE=20250403, CHR=CM068756.1
    resources: tmpdir=/tmp


[Fri Apr  4 12:15:02 2025]
localrule FILTER_PAF:
    input: sharks/HydCol_Test2/HydCol_Test2_FASTGA_Updated.paf
    output: sharks/HydCol_Test2/20250403_CM068747.1_filtered.paf
    jobid: 14
    reason: Missing output files: sharks/HydCol_Test2/20250403_CM068747.1_filtered.paf; Input files updated by another job: sharks/HydCol_Test2/HydCol_Test2_FASTGA_Updated.paf
    wildcards: CLADE=sharks, SPEC_NAME=HydCol_Test2, TODAY_DATE=20250403, CHR=CM068747.1
    resources: tmpdir=/tmp


[Fri Apr  4 12:15:02 2025]
localrule FILTER_PAF:
    input: sharks/HydCol_Test2/HydCol_Test2_FASTGA_Updated.paf
    output: sharks/HydCol_Test2/20250403_CM068742.1_filtered.paf
    jobid: 9
    reason: Missing output files: sharks/HydCol_Test2/20250403_CM068742.1_filtered.paf; Input files updated by another job: sharks/HydCol_Test2/HydCol_Test2_FASTGA_Updated.paf
    wildcards: CLADE=sharks, SPEC_NAME=HydCol_Test2, TODAY_DATE=20250403, CHR=CM068742.1
    resources: tmpdir=/tmp


[Fri Apr  4 12:15:02 2025]
localrule FILTER_PAF:
    input: sharks/HydCol_Test2/HydCol_Test2_FASTGA_Updated.paf
    output: sharks/HydCol_Test2/20250403_CM068777.1_filtered.paf
    jobid: 44
    reason: Missing output files: sharks/HydCol_Test2/20250403_CM068777.1_filtered.paf; Input files updated by another job: sharks/HydCol_Test2/HydCol_Test2_FASTGA_Updated.paf
    wildcards: CLADE=sharks, SPEC_NAME=HydCol_Test2, TODAY_DATE=20250403, CHR=CM068777.1
    resources: tmpdir=/tmp


[Fri Apr  4 12:15:02 2025]
localrule FILTER_PAF:
    input: sharks/HydCol_Test2/HydCol_Test2_FASTGA_Updated.paf
    output: sharks/HydCol_Test2/20250403_CM068770.1_filtered.paf
    jobid: 37
    reason: Missing output files: sharks/HydCol_Test2/20250403_CM068770.1_filtered.paf; Input files updated by another job: sharks/HydCol_Test2/HydCol_Test2_FASTGA_Updated.paf
    wildcards: CLADE=sharks, SPEC_NAME=HydCol_Test2, TODAY_DATE=20250403, CHR=CM068770.1
    resources: tmpdir=/tmp


[Fri Apr  4 12:15:02 2025]
localrule FILTER_PAF:
    input: sharks/HydCol_Test2/HydCol_Test2_FASTGA_Updated.paf
    output: sharks/HydCol_Test2/20250403_CM068764.1_filtered.paf
    jobid: 31
    reason: Missing output files: sharks/HydCol_Test2/20250403_CM068764.1_filtered.paf; Input files updated by another job: sharks/HydCol_Test2/HydCol_Test2_FASTGA_Updated.paf
    wildcards: CLADE=sharks, SPEC_NAME=HydCol_Test2, TODAY_DATE=20250403, CHR=CM068764.1
    resources: tmpdir=/tmp


[Fri Apr  4 12:15:02 2025]
localrule FILTER_PAF:
    input: sharks/HydCol_Test2/HydCol_Test2_FASTGA_Updated.paf
    output: sharks/HydCol_Test2/20250403_CM068757.1_filtered.paf
    jobid: 24
    reason: Missing output files: sharks/HydCol_Test2/20250403_CM068757.1_filtered.paf; Input files updated by another job: sharks/HydCol_Test2/HydCol_Test2_FASTGA_Updated.paf
    wildcards: CLADE=sharks, SPEC_NAME=HydCol_Test2, TODAY_DATE=20250403, CHR=CM068757.1
    resources: tmpdir=/tmp


[Fri Apr  4 12:15:02 2025]
localrule FILTER_PAF:
    input: sharks/HydCol_Test2/HydCol_Test2_FASTGA_Updated.paf
    output: sharks/HydCol_Test2/20250403_CM068748.1_filtered.paf
    jobid: 15
    reason: Missing output files: sharks/HydCol_Test2/20250403_CM068748.1_filtered.paf; Input files updated by another job: sharks/HydCol_Test2/HydCol_Test2_FASTGA_Updated.paf
    wildcards: CLADE=sharks, SPEC_NAME=HydCol_Test2, TODAY_DATE=20250403, CHR=CM068748.1
    resources: tmpdir=/tmp


[Fri Apr  4 12:15:02 2025]
localrule FILTER_PAF:
    input: sharks/HydCol_Test2/HydCol_Test2_FASTGA_Updated.paf
    output: sharks/HydCol_Test2/20250403_CM068743.1_filtered.paf
    jobid: 10
    reason: Missing output files: sharks/HydCol_Test2/20250403_CM068743.1_filtered.paf; Input files updated by another job: sharks/HydCol_Test2/HydCol_Test2_FASTGA_Updated.paf
    wildcards: CLADE=sharks, SPEC_NAME=HydCol_Test2, TODAY_DATE=20250403, CHR=CM068743.1
    resources: tmpdir=/tmp


[Fri Apr  4 12:15:02 2025]
localrule FILTER_PAF:
    input: sharks/HydCol_Test2/HydCol_Test2_FASTGA_Updated.paf
    output: sharks/HydCol_Test2/20250403_CM068778.1_filtered.paf
    jobid: 45
    reason: Missing output files: sharks/HydCol_Test2/20250403_CM068778.1_filtered.paf; Input files updated by another job: sharks/HydCol_Test2/HydCol_Test2_FASTGA_Updated.paf
    wildcards: CLADE=sharks, SPEC_NAME=HydCol_Test2, TODAY_DATE=20250403, CHR=CM068778.1
    resources: tmpdir=/tmp


[Fri Apr  4 12:15:02 2025]
localrule FILTER_PAF:
    input: sharks/HydCol_Test2/HydCol_Test2_FASTGA_Updated.paf
    output: sharks/HydCol_Test2/20250403_CM068771.1_filtered.paf
    jobid: 38
    reason: Missing output files: sharks/HydCol_Test2/20250403_CM068771.1_filtered.paf; Input files updated by another job: sharks/HydCol_Test2/HydCol_Test2_FASTGA_Updated.paf
    wildcards: CLADE=sharks, SPEC_NAME=HydCol_Test2, TODAY_DATE=20250403, CHR=CM068771.1
    resources: tmpdir=/tmp


[Fri Apr  4 12:15:02 2025]
localrule FILTER_PAF:
    input: sharks/HydCol_Test2/HydCol_Test2_FASTGA_Updated.paf
    output: sharks/HydCol_Test2/20250403_CM068765.1_filtered.paf
    jobid: 32
    reason: Missing output files: sharks/HydCol_Test2/20250403_CM068765.1_filtered.paf; Input files updated by another job: sharks/HydCol_Test2/HydCol_Test2_FASTGA_Updated.paf
    wildcards: CLADE=sharks, SPEC_NAME=HydCol_Test2, TODAY_DATE=20250403, CHR=CM068765.1
    resources: tmpdir=/tmp


[Fri Apr  4 12:15:02 2025]
localrule FILTER_PAF:
    input: sharks/HydCol_Test2/HydCol_Test2_FASTGA_Updated.paf
    output: sharks/HydCol_Test2/20250403_CM068758.1_filtered.paf
    jobid: 25
    reason: Missing output files: sharks/HydCol_Test2/20250403_CM068758.1_filtered.paf; Input files updated by another job: sharks/HydCol_Test2/HydCol_Test2_FASTGA_Updated.paf
    wildcards: CLADE=sharks, SPEC_NAME=HydCol_Test2, TODAY_DATE=20250403, CHR=CM068758.1
    resources: tmpdir=/tmp


[Fri Apr  4 12:15:02 2025]
localrule FILTER_PAF:
    input: sharks/HydCol_Test2/HydCol_Test2_FASTGA_Updated.paf
    output: sharks/HydCol_Test2/20250403_CM068749.1_filtered.paf
    jobid: 16
    reason: Missing output files: sharks/HydCol_Test2/20250403_CM068749.1_filtered.paf; Input files updated by another job: sharks/HydCol_Test2/HydCol_Test2_FASTGA_Updated.paf
    wildcards: CLADE=sharks, SPEC_NAME=HydCol_Test2, TODAY_DATE=20250403, CHR=CM068749.1
    resources: tmpdir=/tmp


[Fri Apr  4 12:15:02 2025]
localrule FILTER_PAF:
    input: sharks/HydCol_Test2/HydCol_Test2_FASTGA_Updated.paf
    output: sharks/HydCol_Test2/20250403_CM068744.1_filtered.paf
    jobid: 11
    reason: Missing output files: sharks/HydCol_Test2/20250403_CM068744.1_filtered.paf; Input files updated by another job: sharks/HydCol_Test2/HydCol_Test2_FASTGA_Updated.paf
    wildcards: CLADE=sharks, SPEC_NAME=HydCol_Test2, TODAY_DATE=20250403, CHR=CM068744.1
    resources: tmpdir=/tmp


[Fri Apr  4 12:15:02 2025]
localrule FILTER_PAF:
    input: sharks/HydCol_Test2/HydCol_Test2_FASTGA_Updated.paf
    output: sharks/HydCol_Test2/20250403_CM068779.1_filtered.paf
    jobid: 46
    reason: Missing output files: sharks/HydCol_Test2/20250403_CM068779.1_filtered.paf; Input files updated by another job: sharks/HydCol_Test2/HydCol_Test2_FASTGA_Updated.paf
    wildcards: CLADE=sharks, SPEC_NAME=HydCol_Test2, TODAY_DATE=20250403, CHR=CM068779.1
    resources: tmpdir=/tmp


[Fri Apr  4 12:15:02 2025]
localrule FILTER_PAF:
    input: sharks/HydCol_Test2/HydCol_Test2_FASTGA_Updated.paf
    output: sharks/HydCol_Test2/20250403_CM068772.1_filtered.paf
    jobid: 39
    reason: Missing output files: sharks/HydCol_Test2/20250403_CM068772.1_filtered.paf; Input files updated by another job: sharks/HydCol_Test2/HydCol_Test2_FASTGA_Updated.paf
    wildcards: CLADE=sharks, SPEC_NAME=HydCol_Test2, TODAY_DATE=20250403, CHR=CM068772.1
    resources: tmpdir=/tmp


[Fri Apr  4 12:15:02 2025]
localrule FILTER_PAF:
    input: sharks/HydCol_Test2/HydCol_Test2_FASTGA_Updated.paf
    output: sharks/HydCol_Test2/20250403_CM068766.1_filtered.paf
    jobid: 33
    reason: Missing output files: sharks/HydCol_Test2/20250403_CM068766.1_filtered.paf; Input files updated by another job: sharks/HydCol_Test2/HydCol_Test2_FASTGA_Updated.paf
    wildcards: CLADE=sharks, SPEC_NAME=HydCol_Test2, TODAY_DATE=20250403, CHR=CM068766.1
    resources: tmpdir=/tmp


[Fri Apr  4 12:15:02 2025]
localrule FILTER_PAF:
    input: sharks/HydCol_Test2/HydCol_Test2_FASTGA_Updated.paf
    output: sharks/HydCol_Test2/20250403_CM068759.1_filtered.paf
    jobid: 26
    reason: Missing output files: sharks/HydCol_Test2/20250403_CM068759.1_filtered.paf; Input files updated by another job: sharks/HydCol_Test2/HydCol_Test2_FASTGA_Updated.paf
    wildcards: CLADE=sharks, SPEC_NAME=HydCol_Test2, TODAY_DATE=20250403, CHR=CM068759.1
    resources: tmpdir=/tmp


[Fri Apr  4 12:15:02 2025]
localrule FILTER_PAF:
    input: sharks/HydCol_Test2/HydCol_Test2_FASTGA_Updated.paf
    output: sharks/HydCol_Test2/20250403_CM068750.1_filtered.paf
    jobid: 17
    reason: Missing output files: sharks/HydCol_Test2/20250403_CM068750.1_filtered.paf; Input files updated by another job: sharks/HydCol_Test2/HydCol_Test2_FASTGA_Updated.paf
    wildcards: CLADE=sharks, SPEC_NAME=HydCol_Test2, TODAY_DATE=20250403, CHR=CM068750.1
    resources: tmpdir=/tmp


[Fri Apr  4 12:15:02 2025]
localrule FILTER_PAF:
    input: sharks/HydCol_Test2/HydCol_Test2_FASTGA_Updated.paf
    output: sharks/HydCol_Test2/20250403_CM068745.1_filtered.paf
    jobid: 12
    reason: Missing output files: sharks/HydCol_Test2/20250403_CM068745.1_filtered.paf; Input files updated by another job: sharks/HydCol_Test2/HydCol_Test2_FASTGA_Updated.paf
    wildcards: CLADE=sharks, SPEC_NAME=HydCol_Test2, TODAY_DATE=20250403, CHR=CM068745.1
    resources: tmpdir=/tmp


[Fri Apr  4 12:15:02 2025]
localrule FILTER_PAF:
    input: sharks/HydCol_Test2/HydCol_Test2_FASTGA_Updated.paf
    output: sharks/HydCol_Test2/20250403_CM068780.1_filtered.paf
    jobid: 47
    reason: Missing output files: sharks/HydCol_Test2/20250403_CM068780.1_filtered.paf; Input files updated by another job: sharks/HydCol_Test2/HydCol_Test2_FASTGA_Updated.paf
    wildcards: CLADE=sharks, SPEC_NAME=HydCol_Test2, TODAY_DATE=20250403, CHR=CM068780.1
    resources: tmpdir=/tmp


[Fri Apr  4 12:15:02 2025]
localrule FILTER_PAF:
    input: sharks/HydCol_Test2/HydCol_Test2_FASTGA_Updated.paf
    output: sharks/HydCol_Test2/20250403_CM068773.1_filtered.paf
    jobid: 40
    reason: Missing output files: sharks/HydCol_Test2/20250403_CM068773.1_filtered.paf; Input files updated by another job: sharks/HydCol_Test2/HydCol_Test2_FASTGA_Updated.paf
    wildcards: CLADE=sharks, SPEC_NAME=HydCol_Test2, TODAY_DATE=20250403, CHR=CM068773.1
    resources: tmpdir=/tmp


[Fri Apr  4 12:15:02 2025]
localrule FILTER_PAF:
    input: sharks/HydCol_Test2/HydCol_Test2_FASTGA_Updated.paf
    output: sharks/HydCol_Test2/20250403_CM068760.1_filtered.paf
    jobid: 27
    reason: Missing output files: sharks/HydCol_Test2/20250403_CM068760.1_filtered.paf; Input files updated by another job: sharks/HydCol_Test2/HydCol_Test2_FASTGA_Updated.paf
    wildcards: CLADE=sharks, SPEC_NAME=HydCol_Test2, TODAY_DATE=20250403, CHR=CM068760.1
    resources: tmpdir=/tmp


[Fri Apr  4 12:15:02 2025]
localrule FILTER_PAF:
    input: sharks/HydCol_Test2/HydCol_Test2_FASTGA_Updated.paf
    output: sharks/HydCol_Test2/20250403_CM068753.1_filtered.paf
    jobid: 20
    reason: Missing output files: sharks/HydCol_Test2/20250403_CM068753.1_filtered.paf; Input files updated by another job: sharks/HydCol_Test2/HydCol_Test2_FASTGA_Updated.paf
    wildcards: CLADE=sharks, SPEC_NAME=HydCol_Test2, TODAY_DATE=20250403, CHR=CM068753.1
    resources: tmpdir=/tmp


[Fri Apr  4 12:15:02 2025]
localrule FILTER_PAF:
    input: sharks/HydCol_Test2/HydCol_Test2_FASTGA_Updated.paf
    output: sharks/HydCol_Test2/20250403_CM068751.1_filtered.paf
    jobid: 18
    reason: Missing output files: sharks/HydCol_Test2/20250403_CM068751.1_filtered.paf; Input files updated by another job: sharks/HydCol_Test2/HydCol_Test2_FASTGA_Updated.paf
    wildcards: CLADE=sharks, SPEC_NAME=HydCol_Test2, TODAY_DATE=20250403, CHR=CM068751.1
    resources: tmpdir=/tmp

[Fri Apr  4 12:15:03 2025]
Finished job 21.
9 of 170 steps (5%) done
Select jobs to execute...
Execute 1 jobs...

[Fri Apr  4 12:15:03 2025]
localrule GET_VAR_ALN_FILE:
    input: sharks/HydCol_Test2/20250403_CM068754.1_filtered.paf
    output: sharks/HydCol_Test2/temp/20250403_CM068754.1_Aln_Var.txt
    jobid: 75
    reason: Missing output files: sharks/HydCol_Test2/temp/20250403_CM068754.1_Aln_Var.txt; Input files updated by another job: sharks/HydCol_Test2/20250403_CM068754.1_filtered.paf
    wildcards: CLADE=sharks, SPEC_NAME=HydCol_Test2, TODAY_DATE=20250403, CHR=CM068754.1
    resources: tmpdir=/tmp

[Fri Apr  4 12:15:03 2025]
Finished job 48.
10 of 170 steps (6%) done
[Fri Apr  4 12:15:03 2025]
Finished job 34.
11 of 170 steps (6%) done
[Fri Apr  4 12:15:03 2025]
Finished job 29.
12 of 170 steps (7%) done
[Fri Apr  4 12:15:03 2025]
Finished job 35.
13 of 170 steps (8%) done
[Fri Apr  4 12:15:03 2025]
Finished job 41.
14 of 170 steps (8%) done
[Fri Apr  4 12:15:03 2025]
Finished job 13.
15 of 170 steps (9%) done
Select jobs to execute...
Execute 6 jobs...

[Fri Apr  4 12:15:03 2025]
localrule GET_VAR_ALN_FILE:
    input: sharks/HydCol_Test2/20250403_CM068781.1_filtered.paf
    output: sharks/HydCol_Test2/temp/20250403_CM068781.1_Aln_Var.txt
    jobid: 129
    reason: Missing output files: sharks/HydCol_Test2/temp/20250403_CM068781.1_Aln_Var.txt; Input files updated by another job: sharks/HydCol_Test2/20250403_CM068781.1_filtered.paf
    wildcards: CLADE=sharks, SPEC_NAME=HydCol_Test2, TODAY_DATE=20250403, CHR=CM068781.1
    resources: tmpdir=/tmp


[Fri Apr  4 12:15:03 2025]
localrule GET_VAR_ALN_FILE:
    input: sharks/HydCol_Test2/20250403_CM068774.1_filtered.paf
    output: sharks/HydCol_Test2/temp/20250403_CM068774.1_Aln_Var.txt
    jobid: 115
    reason: Missing output files: sharks/HydCol_Test2/temp/20250403_CM068774.1_Aln_Var.txt; Input files updated by another job: sharks/HydCol_Test2/20250403_CM068774.1_filtered.paf
    wildcards: CLADE=sharks, SPEC_NAME=HydCol_Test2, TODAY_DATE=20250403, CHR=CM068774.1
    resources: tmpdir=/tmp


[Fri Apr  4 12:15:03 2025]
localrule GET_VAR_ALN_FILE:
    input: sharks/HydCol_Test2/20250403_CM068767.1_filtered.paf
    output: sharks/HydCol_Test2/temp/20250403_CM068767.1_Aln_Var.txt
    jobid: 101
    reason: Missing output files: sharks/HydCol_Test2/temp/20250403_CM068767.1_Aln_Var.txt; Input files updated by another job: sharks/HydCol_Test2/20250403_CM068767.1_filtered.paf
    wildcards: CLADE=sharks, SPEC_NAME=HydCol_Test2, TODAY_DATE=20250403, CHR=CM068767.1
    resources: tmpdir=/tmp


[Fri Apr  4 12:15:03 2025]
localrule GET_VAR_ALN_FILE:
    input: sharks/HydCol_Test2/20250403_CM068762.1_filtered.paf
    output: sharks/HydCol_Test2/temp/20250403_CM068762.1_Aln_Var.txt
    jobid: 91
    reason: Missing output files: sharks/HydCol_Test2/temp/20250403_CM068762.1_Aln_Var.txt; Input files updated by another job: sharks/HydCol_Test2/20250403_CM068762.1_filtered.paf
    wildcards: CLADE=sharks, SPEC_NAME=HydCol_Test2, TODAY_DATE=20250403, CHR=CM068762.1
    resources: tmpdir=/tmp


[Fri Apr  4 12:15:03 2025]
localrule GET_VAR_ALN_FILE:
    input: sharks/HydCol_Test2/20250403_CM068768.1_filtered.paf
    output: sharks/HydCol_Test2/temp/20250403_CM068768.1_Aln_Var.txt
    jobid: 103
    reason: Missing output files: sharks/HydCol_Test2/temp/20250403_CM068768.1_Aln_Var.txt; Input files updated by another job: sharks/HydCol_Test2/20250403_CM068768.1_filtered.paf
    wildcards: CLADE=sharks, SPEC_NAME=HydCol_Test2, TODAY_DATE=20250403, CHR=CM068768.1
    resources: tmpdir=/tmp


[Fri Apr  4 12:15:03 2025]
localrule GET_VAR_ALN_FILE:
    input: sharks/HydCol_Test2/20250403_CM068746.1_filtered.paf
    output: sharks/HydCol_Test2/temp/20250403_CM068746.1_Aln_Var.txt
    jobid: 59
    reason: Missing output files: sharks/HydCol_Test2/temp/20250403_CM068746.1_Aln_Var.txt; Input files updated by another job: sharks/HydCol_Test2/20250403_CM068746.1_filtered.paf
    wildcards: CLADE=sharks, SPEC_NAME=HydCol_Test2, TODAY_DATE=20250403, CHR=CM068746.1
    resources: tmpdir=/tmp

[Fri Apr  4 12:15:03 2025]
Finished job 43.
16 of 170 steps (9%) done
[Fri Apr  4 12:15:03 2025]
Finished job 22.
17 of 170 steps (10%) done
[Fri Apr  4 12:15:03 2025]
Finished job 42.
18 of 170 steps (11%) done
[Fri Apr  4 12:15:03 2025]
Finished job 28.
19 of 170 steps (11%) done
[Fri Apr  4 12:15:03 2025]
Finished job 19.
20 of 170 steps (12%) done
[Fri Apr  4 12:15:03 2025]
Finished job 30.
21 of 170 steps (12%) done
[Fri Apr  4 12:15:03 2025]
Finished job 36.
22 of 170 steps (13%) done
[Fri Apr  4 12:15:03 2025]
Finished job 44.
23 of 170 steps (14%) done
[Fri Apr  4 12:15:03 2025]
Finished job 14.
24 of 170 steps (14%) done
[Fri Apr  4 12:15:03 2025]
Finished job 23.
25 of 170 steps (15%) done
[Fri Apr  4 12:15:03 2025]
Finished job 37.
26 of 170 steps (15%) done
[Fri Apr  4 12:15:03 2025]
Finished job 31.
27 of 170 steps (16%) done
[Fri Apr  4 12:15:03 2025]
Finished job 9.
28 of 170 steps (16%) done
Select jobs to execute...
Execute 13 jobs...

[Fri Apr  4 12:15:03 2025]
localrule GET_VAR_ALN_FILE:
    input: sharks/HydCol_Test2/20250403_CM068742.1_filtered.paf
    output: sharks/HydCol_Test2/temp/20250403_CM068742.1_Aln_Var.txt
    jobid: 51
    reason: Missing output files: sharks/HydCol_Test2/temp/20250403_CM068742.1_Aln_Var.txt; Input files updated by another job: sharks/HydCol_Test2/20250403_CM068742.1_filtered.paf
    wildcards: CLADE=sharks, SPEC_NAME=HydCol_Test2, TODAY_DATE=20250403, CHR=CM068742.1
    resources: tmpdir=/tmp


[Fri Apr  4 12:15:03 2025]
localrule GET_VAR_ALN_FILE:
    input: sharks/HydCol_Test2/20250403_CM068776.1_filtered.paf
    output: sharks/HydCol_Test2/temp/20250403_CM068776.1_Aln_Var.txt
    jobid: 119
    reason: Missing output files: sharks/HydCol_Test2/temp/20250403_CM068776.1_Aln_Var.txt; Input files updated by another job: sharks/HydCol_Test2/20250403_CM068776.1_filtered.paf
    wildcards: CLADE=sharks, SPEC_NAME=HydCol_Test2, TODAY_DATE=20250403, CHR=CM068776.1
    resources: tmpdir=/tmp


[Fri Apr  4 12:15:03 2025]
localrule GET_VAR_ALN_FILE:
    input: sharks/HydCol_Test2/20250403_CM068769.1_filtered.paf
    output: sharks/HydCol_Test2/temp/20250403_CM068769.1_Aln_Var.txt
    jobid: 105
    reason: Missing output files: sharks/HydCol_Test2/temp/20250403_CM068769.1_Aln_Var.txt; Input files updated by another job: sharks/HydCol_Test2/20250403_CM068769.1_filtered.paf
    wildcards: CLADE=sharks, SPEC_NAME=HydCol_Test2, TODAY_DATE=20250403, CHR=CM068769.1
    resources: tmpdir=/tmp


[Fri Apr  4 12:15:03 2025]
localrule GET_VAR_ALN_FILE:
    input: sharks/HydCol_Test2/20250403_CM068777.1_filtered.paf
    output: sharks/HydCol_Test2/temp/20250403_CM068777.1_Aln_Var.txt
    jobid: 121
    reason: Missing output files: sharks/HydCol_Test2/temp/20250403_CM068777.1_Aln_Var.txt; Input files updated by another job: sharks/HydCol_Test2/20250403_CM068777.1_filtered.paf
    wildcards: CLADE=sharks, SPEC_NAME=HydCol_Test2, TODAY_DATE=20250403, CHR=CM068777.1
    resources: tmpdir=/tmp


[Fri Apr  4 12:15:03 2025]
localrule GET_VAR_ALN_FILE:
    input: sharks/HydCol_Test2/20250403_CM068755.1_filtered.paf
    output: sharks/HydCol_Test2/temp/20250403_CM068755.1_Aln_Var.txt
    jobid: 77
    reason: Missing output files: sharks/HydCol_Test2/temp/20250403_CM068755.1_Aln_Var.txt; Input files updated by another job: sharks/HydCol_Test2/20250403_CM068755.1_filtered.paf
    wildcards: CLADE=sharks, SPEC_NAME=HydCol_Test2, TODAY_DATE=20250403, CHR=CM068755.1
    resources: tmpdir=/tmp


[Fri Apr  4 12:15:03 2025]
localrule GET_VAR_ALN_FILE:
    input: sharks/HydCol_Test2/20250403_CM068747.1_filtered.paf
    output: sharks/HydCol_Test2/temp/20250403_CM068747.1_Aln_Var.txt
    jobid: 61
    reason: Missing output files: sharks/HydCol_Test2/temp/20250403_CM068747.1_Aln_Var.txt; Input files updated by another job: sharks/HydCol_Test2/20250403_CM068747.1_filtered.paf
    wildcards: CLADE=sharks, SPEC_NAME=HydCol_Test2, TODAY_DATE=20250403, CHR=CM068747.1
    resources: tmpdir=/tmp


[Fri Apr  4 12:15:03 2025]
localrule GET_VAR_ALN_FILE:
    input: sharks/HydCol_Test2/20250403_CM068764.1_filtered.paf
    output: sharks/HydCol_Test2/temp/20250403_CM068764.1_Aln_Var.txt
    jobid: 95
    reason: Missing output files: sharks/HydCol_Test2/temp/20250403_CM068764.1_Aln_Var.txt; Input files updated by another job: sharks/HydCol_Test2/20250403_CM068764.1_filtered.paf
    wildcards: CLADE=sharks, SPEC_NAME=HydCol_Test2, TODAY_DATE=20250403, CHR=CM068764.1
    resources: tmpdir=/tmp


[Fri Apr  4 12:15:03 2025]
localrule GET_VAR_ALN_FILE:
    input: sharks/HydCol_Test2/20250403_CM068775.1_filtered.paf
    output: sharks/HydCol_Test2/temp/20250403_CM068775.1_Aln_Var.txt
    jobid: 117
    reason: Missing output files: sharks/HydCol_Test2/temp/20250403_CM068775.1_Aln_Var.txt; Input files updated by another job: sharks/HydCol_Test2/20250403_CM068775.1_filtered.paf
    wildcards: CLADE=sharks, SPEC_NAME=HydCol_Test2, TODAY_DATE=20250403, CHR=CM068775.1
    resources: tmpdir=/tmp


[Fri Apr  4 12:15:03 2025]
localrule GET_VAR_ALN_FILE:
    input: sharks/HydCol_Test2/20250403_CM068752.1_filtered.paf
    output: sharks/HydCol_Test2/temp/20250403_CM068752.1_Aln_Var.txt
    jobid: 71
    reason: Missing output files: sharks/HydCol_Test2/temp/20250403_CM068752.1_Aln_Var.txt; Input files updated by another job: sharks/HydCol_Test2/20250403_CM068752.1_filtered.paf
    wildcards: CLADE=sharks, SPEC_NAME=HydCol_Test2, TODAY_DATE=20250403, CHR=CM068752.1
    resources: tmpdir=/tmp


[Fri Apr  4 12:15:03 2025]
localrule GET_VAR_ALN_FILE:
    input: sharks/HydCol_Test2/20250403_CM068761.1_filtered.paf
    output: sharks/HydCol_Test2/temp/20250403_CM068761.1_Aln_Var.txt
    jobid: 89
    reason: Missing output files: sharks/HydCol_Test2/temp/20250403_CM068761.1_Aln_Var.txt; Input files updated by another job: sharks/HydCol_Test2/20250403_CM068761.1_filtered.paf
    wildcards: CLADE=sharks, SPEC_NAME=HydCol_Test2, TODAY_DATE=20250403, CHR=CM068761.1
    resources: tmpdir=/tmp


[Fri Apr  4 12:15:03 2025]
localrule GET_VAR_ALN_FILE:
    input: sharks/HydCol_Test2/20250403_CM068770.1_filtered.paf
    output: sharks/HydCol_Test2/temp/20250403_CM068770.1_Aln_Var.txt
    jobid: 107
    reason: Missing output files: sharks/HydCol_Test2/temp/20250403_CM068770.1_Aln_Var.txt; Input files updated by another job: sharks/HydCol_Test2/20250403_CM068770.1_filtered.paf
    wildcards: CLADE=sharks, SPEC_NAME=HydCol_Test2, TODAY_DATE=20250403, CHR=CM068770.1
    resources: tmpdir=/tmp


[Fri Apr  4 12:15:03 2025]
localrule GET_VAR_ALN_FILE:
    input: sharks/HydCol_Test2/20250403_CM068763.1_filtered.paf
    output: sharks/HydCol_Test2/temp/20250403_CM068763.1_Aln_Var.txt
    jobid: 93
    reason: Missing output files: sharks/HydCol_Test2/temp/20250403_CM068763.1_Aln_Var.txt; Input files updated by another job: sharks/HydCol_Test2/20250403_CM068763.1_filtered.paf
    wildcards: CLADE=sharks, SPEC_NAME=HydCol_Test2, TODAY_DATE=20250403, CHR=CM068763.1
    resources: tmpdir=/tmp


[Fri Apr  4 12:15:03 2025]
localrule GET_VAR_ALN_FILE:
    input: sharks/HydCol_Test2/20250403_CM068756.1_filtered.paf
    output: sharks/HydCol_Test2/temp/20250403_CM068756.1_Aln_Var.txt
    jobid: 79
    reason: Missing output files: sharks/HydCol_Test2/temp/20250403_CM068756.1_Aln_Var.txt; Input files updated by another job: sharks/HydCol_Test2/20250403_CM068756.1_filtered.paf
    wildcards: CLADE=sharks, SPEC_NAME=HydCol_Test2, TODAY_DATE=20250403, CHR=CM068756.1
    resources: tmpdir=/tmp

[Fri Apr  4 12:15:03 2025]
Finished job 115.
29 of 170 steps (17%) done
[Fri Apr  4 12:15:03 2025]
Finished job 15.
30 of 170 steps (18%) done
[Fri Apr  4 12:15:03 2025]
Finished job 24.
31 of 170 steps (18%) done
[Fri Apr  4 12:15:03 2025]
Finished job 101.
32 of 170 steps (19%) done
[Fri Apr  4 12:15:03 2025]
Finished job 45.
33 of 170 steps (19%) done
[Fri Apr  4 12:15:03 2025]
Finished job 103.
34 of 170 steps (20%) done
[Fri Apr  4 12:15:03 2025]
Finished job 38.
35 of 170 steps (21%) done
[Fri Apr  4 12:15:04 2025]
Finished job 32.
36 of 170 steps (21%) done
[Fri Apr  4 12:15:04 2025]
Finished job 25.
37 of 170 steps (22%) done
[Fri Apr  4 12:15:04 2025]
Finished job 46.
38 of 170 steps (22%) done
[Fri Apr  4 12:15:04 2025]
Finished job 11.
39 of 170 steps (23%) done
[Fri Apr  4 12:15:04 2025]
Finished job 39.
40 of 170 steps (24%) done
[Fri Apr  4 12:15:04 2025]
Finished job 10.
41 of 170 steps (24%) done
[Fri Apr  4 12:15:04 2025]
Finished job 33.
42 of 170 steps (25%) done
[Fri Apr  4 12:15:04 2025]
Finished job 16.
43 of 170 steps (25%) done
[Fri Apr  4 12:15:04 2025]
Finished job 26.
44 of 170 steps (26%) done
[Fri Apr  4 12:15:04 2025]
Finished job 17.
45 of 170 steps (26%) done
[Fri Apr  4 12:15:04 2025]
Finished job 59.
46 of 170 steps (27%) done
[Fri Apr  4 12:15:04 2025]
Finished job 12.
47 of 170 steps (28%) done
[Fri Apr  4 12:15:04 2025]
Finished job 27.
48 of 170 steps (28%) done
[Fri Apr  4 12:15:04 2025]
Finished job 47.
49 of 170 steps (29%) done
[Fri Apr  4 12:15:04 2025]
Finished job 40.
50 of 170 steps (29%) done
[Fri Apr  4 12:15:04 2025]
Finished job 20.
51 of 170 steps (30%) done
[Fri Apr  4 12:15:04 2025]
Finished job 119.
52 of 170 steps (31%) done
[Fri Apr  4 12:15:04 2025]
Finished job 121.
53 of 170 steps (31%) done
[Fri Apr  4 12:15:04 2025]
Finished job 18.
54 of 170 steps (32%) done
[Fri Apr  4 12:15:04 2025]
Finished job 117.
55 of 170 steps (32%) done
Select jobs to execute...
Execute 34 jobs...

[Fri Apr  4 12:15:04 2025]
localrule GET_VAR_ALN_FILE:
    input: sharks/HydCol_Test2/20250403_CM068765.1_filtered.paf
    output: sharks/HydCol_Test2/temp/20250403_CM068765.1_Aln_Var.txt
    jobid: 97
    reason: Missing output files: sharks/HydCol_Test2/temp/20250403_CM068765.1_Aln_Var.txt; Input files updated by another job: sharks/HydCol_Test2/20250403_CM068765.1_filtered.paf
    wildcards: CLADE=sharks, SPEC_NAME=HydCol_Test2, TODAY_DATE=20250403, CHR=CM068765.1
    resources: tmpdir=/tmp


[Fri Apr  4 12:15:04 2025]
localrule GET_VAR_ALN_FILE:
    input: sharks/HydCol_Test2/20250403_CM068758.1_filtered.paf
    output: sharks/HydCol_Test2/temp/20250403_CM068758.1_Aln_Var.txt
    jobid: 83
    reason: Missing output files: sharks/HydCol_Test2/temp/20250403_CM068758.1_Aln_Var.txt; Input files updated by another job: sharks/HydCol_Test2/20250403_CM068758.1_filtered.paf
    wildcards: CLADE=sharks, SPEC_NAME=HydCol_Test2, TODAY_DATE=20250403, CHR=CM068758.1
    resources: tmpdir=/tmp


[Fri Apr  4 12:15:04 2025]
localrule GET_VAR_ALN_FILE:
    input: sharks/HydCol_Test2/20250403_CM068751.1_filtered.paf
    output: sharks/HydCol_Test2/temp/20250403_CM068751.1_Aln_Var.txt
    jobid: 69
    reason: Missing output files: sharks/HydCol_Test2/temp/20250403_CM068751.1_Aln_Var.txt; Input files updated by another job: sharks/HydCol_Test2/20250403_CM068751.1_filtered.paf
    wildcards: CLADE=sharks, SPEC_NAME=HydCol_Test2, TODAY_DATE=20250403, CHR=CM068751.1
    resources: tmpdir=/tmp


[Fri Apr  4 12:15:04 2025]
localrule GET_VAR_ALN_FILE:
    input: sharks/HydCol_Test2/20250403_CM068745.1_filtered.paf
    output: sharks/HydCol_Test2/temp/20250403_CM068745.1_Aln_Var.txt
    jobid: 57
    reason: Missing output files: sharks/HydCol_Test2/temp/20250403_CM068745.1_Aln_Var.txt; Input files updated by another job: sharks/HydCol_Test2/20250403_CM068745.1_filtered.paf
    wildcards: CLADE=sharks, SPEC_NAME=HydCol_Test2, TODAY_DATE=20250403, CHR=CM068745.1
    resources: tmpdir=/tmp


[Fri Apr  4 12:15:04 2025]
localrule GET_ALN_ONLY_PER_CHROM:
    input: sharks/HydCol_Test2/temp/20250403_CM068776.1_Aln_Var.txt
    output: sharks/HydCol_Test2/temp/20250403_CM068776.1_Aln_Only.txt
    jobid: 118
    reason: Missing output files: sharks/HydCol_Test2/temp/20250403_CM068776.1_Aln_Only.txt; Input files updated by another job: sharks/HydCol_Test2/temp/20250403_CM068776.1_Aln_Var.txt
    wildcards: CLADE=sharks, SPEC_NAME=HydCol_Test2, TODAY_DATE=20250403, CHR=CM068776.1
    resources: tmpdir=/tmp


[Fri Apr  4 12:15:04 2025]
localrule GET_VAR_ALN_FILE:
    input: sharks/HydCol_Test2/20250403_CM068780.1_filtered.paf
    output: sharks/HydCol_Test2/temp/20250403_CM068780.1_Aln_Var.txt
    jobid: 127
    reason: Missing output files: sharks/HydCol_Test2/temp/20250403_CM068780.1_Aln_Var.txt; Input files updated by another job: sharks/HydCol_Test2/20250403_CM068780.1_filtered.paf
    wildcards: CLADE=sharks, SPEC_NAME=HydCol_Test2, TODAY_DATE=20250403, CHR=CM068780.1
    resources: tmpdir=/tmp


[Fri Apr  4 12:15:04 2025]
localrule GET_ALN_ONLY_PER_CHROM:
    input: sharks/HydCol_Test2/temp/20250403_CM068775.1_Aln_Var.txt
    output: sharks/HydCol_Test2/temp/20250403_CM068775.1_Aln_Only.txt
    jobid: 116
    reason: Missing output files: sharks/HydCol_Test2/temp/20250403_CM068775.1_Aln_Only.txt; Input files updated by another job: sharks/HydCol_Test2/temp/20250403_CM068775.1_Aln_Var.txt
    wildcards: CLADE=sharks, SPEC_NAME=HydCol_Test2, TODAY_DATE=20250403, CHR=CM068775.1
    resources: tmpdir=/tmp


[Fri Apr  4 12:15:04 2025]
localrule GET_VAR_ALN_FILE:
    input: sharks/HydCol_Test2/20250403_CM068773.1_filtered.paf
    output: sharks/HydCol_Test2/temp/20250403_CM068773.1_Aln_Var.txt
    jobid: 113
    reason: Missing output files: sharks/HydCol_Test2/temp/20250403_CM068773.1_Aln_Var.txt; Input files updated by another job: sharks/HydCol_Test2/20250403_CM068773.1_filtered.paf
    wildcards: CLADE=sharks, SPEC_NAME=HydCol_Test2, TODAY_DATE=20250403, CHR=CM068773.1
    resources: tmpdir=/tmp


[Fri Apr  4 12:15:04 2025]
localrule GET_VAR_ALN_FILE:
    input: sharks/HydCol_Test2/20250403_CM068766.1_filtered.paf
    output: sharks/HydCol_Test2/temp/20250403_CM068766.1_Aln_Var.txt
    jobid: 99
    reason: Missing output files: sharks/HydCol_Test2/temp/20250403_CM068766.1_Aln_Var.txt; Input files updated by another job: sharks/HydCol_Test2/20250403_CM068766.1_filtered.paf
    wildcards: CLADE=sharks, SPEC_NAME=HydCol_Test2, TODAY_DATE=20250403, CHR=CM068766.1
    resources: tmpdir=/tmp


[Fri Apr  4 12:15:04 2025]
localrule GET_VAR_ALN_FILE:
    input: sharks/HydCol_Test2/20250403_CM068759.1_filtered.paf
    output: sharks/HydCol_Test2/temp/20250403_CM068759.1_Aln_Var.txt
    jobid: 85
    reason: Missing output files: sharks/HydCol_Test2/temp/20250403_CM068759.1_Aln_Var.txt; Input files updated by another job: sharks/HydCol_Test2/20250403_CM068759.1_filtered.paf
    wildcards: CLADE=sharks, SPEC_NAME=HydCol_Test2, TODAY_DATE=20250403, CHR=CM068759.1
    resources: tmpdir=/tmp


[Fri Apr  4 12:15:04 2025]
localrule GET_ALN_ONLY_PER_CHROM:
    input: sharks/HydCol_Test2/temp/20250403_CM068777.1_Aln_Var.txt
    output: sharks/HydCol_Test2/temp/20250403_CM068777.1_Aln_Only.txt
    jobid: 120
    reason: Missing output files: sharks/HydCol_Test2/temp/20250403_CM068777.1_Aln_Only.txt; Input files updated by another job: sharks/HydCol_Test2/temp/20250403_CM068777.1_Aln_Var.txt
    wildcards: CLADE=sharks, SPEC_NAME=HydCol_Test2, TODAY_DATE=20250403, CHR=CM068777.1
    resources: tmpdir=/tmp


[Fri Apr  4 12:15:04 2025]
localrule GET_VAR_ALN_FILE:
    input: sharks/HydCol_Test2/20250403_CM068760.1_filtered.paf
    output: sharks/HydCol_Test2/temp/20250403_CM068760.1_Aln_Var.txt
    jobid: 87
    reason: Missing output files: sharks/HydCol_Test2/temp/20250403_CM068760.1_Aln_Var.txt; Input files updated by another job: sharks/HydCol_Test2/20250403_CM068760.1_filtered.paf
    wildcards: CLADE=sharks, SPEC_NAME=HydCol_Test2, TODAY_DATE=20250403, CHR=CM068760.1
    resources: tmpdir=/tmp


[Fri Apr  4 12:15:04 2025]
localrule GET_VAR_ALN_FILE:
    input: sharks/HydCol_Test2/20250403_CM068753.1_filtered.paf
    output: sharks/HydCol_Test2/temp/20250403_CM068753.1_Aln_Var.txt
    jobid: 73
    reason: Missing output files: sharks/HydCol_Test2/temp/20250403_CM068753.1_Aln_Var.txt; Input files updated by another job: sharks/HydCol_Test2/20250403_CM068753.1_filtered.paf
    wildcards: CLADE=sharks, SPEC_NAME=HydCol_Test2, TODAY_DATE=20250403, CHR=CM068753.1
    resources: tmpdir=/tmp


[Fri Apr  4 12:15:04 2025]
localrule GET_VAR_ALN_FILE:
    input: sharks/HydCol_Test2/20250403_CM068744.1_filtered.paf
    output: sharks/HydCol_Test2/temp/20250403_CM068744.1_Aln_Var.txt
    jobid: 55
    reason: Missing output files: sharks/HydCol_Test2/temp/20250403_CM068744.1_Aln_Var.txt; Input files updated by another job: sharks/HydCol_Test2/20250403_CM068744.1_filtered.paf
    wildcards: CLADE=sharks, SPEC_NAME=HydCol_Test2, TODAY_DATE=20250403, CHR=CM068744.1
    resources: tmpdir=/tmp


[Fri Apr  4 12:15:04 2025]
localrule GET_VAR_ALN_FILE:
    input: sharks/HydCol_Test2/20250403_CM068748.1_filtered.paf
    output: sharks/HydCol_Test2/temp/20250403_CM068748.1_Aln_Var.txt
    jobid: 63
    reason: Missing output files: sharks/HydCol_Test2/temp/20250403_CM068748.1_Aln_Var.txt; Input files updated by another job: sharks/HydCol_Test2/20250403_CM068748.1_filtered.paf
    wildcards: CLADE=sharks, SPEC_NAME=HydCol_Test2, TODAY_DATE=20250403, CHR=CM068748.1
    resources: tmpdir=/tmp


[Fri Apr  4 12:15:04 2025]
localrule GET_VAR_ONLY_PER_CHROM:
    input: sharks/HydCol_Test2/temp/20250403_CM068774.1_Aln_Var.txt
    output: sharks/HydCol_Test2/temp/20250403_CM068774.1_Var_Only.txt
    jobid: 162
    reason: Missing output files: sharks/HydCol_Test2/temp/20250403_CM068774.1_Var_Only.txt; Input files updated by another job: sharks/HydCol_Test2/temp/20250403_CM068774.1_Aln_Var.txt
    wildcards: CLADE=sharks, SPEC_NAME=HydCol_Test2, TODAY_DATE=20250403, CHR=CM068774.1
    resources: tmpdir=/tmp


[Fri Apr  4 12:15:04 2025]
localrule GET_VAR_ONLY_PER_CHROM:
    input: sharks/HydCol_Test2/temp/20250403_CM068767.1_Aln_Var.txt
    output: sharks/HydCol_Test2/temp/20250403_CM068767.1_Var_Only.txt
    jobid: 155
    reason: Missing output files: sharks/HydCol_Test2/temp/20250403_CM068767.1_Var_Only.txt; Input files updated by another job: sharks/HydCol_Test2/temp/20250403_CM068767.1_Aln_Var.txt
    wildcards: CLADE=sharks, SPEC_NAME=HydCol_Test2, TODAY_DATE=20250403, CHR=CM068767.1
    resources: tmpdir=/tmp


[Fri Apr  4 12:15:04 2025]
localrule GET_VAR_ONLY_PER_CHROM:
    input: sharks/HydCol_Test2/temp/20250403_CM068746.1_Aln_Var.txt
    output: sharks/HydCol_Test2/temp/20250403_CM068746.1_Var_Only.txt
    jobid: 134
    reason: Missing output files: sharks/HydCol_Test2/temp/20250403_CM068746.1_Var_Only.txt; Input files updated by another job: sharks/HydCol_Test2/temp/20250403_CM068746.1_Aln_Var.txt
    wildcards: CLADE=sharks, SPEC_NAME=HydCol_Test2, TODAY_DATE=20250403, CHR=CM068746.1
    resources: tmpdir=/tmp


[Fri Apr  4 12:15:04 2025]
localrule GET_VAR_ALN_FILE:
    input: sharks/HydCol_Test2/20250403_CM068749.1_filtered.paf
    output: sharks/HydCol_Test2/temp/20250403_CM068749.1_Aln_Var.txt
    jobid: 65
    reason: Missing output files: sharks/HydCol_Test2/temp/20250403_CM068749.1_Aln_Var.txt; Input files updated by another job: sharks/HydCol_Test2/20250403_CM068749.1_filtered.paf
    wildcards: CLADE=sharks, SPEC_NAME=HydCol_Test2, TODAY_DATE=20250403, CHR=CM068749.1
    resources: tmpdir=/tmp


[Fri Apr  4 12:15:04 2025]
localrule GET_VAR_ONLY_PER_CHROM:
    input: sharks/HydCol_Test2/temp/20250403_CM068775.1_Aln_Var.txt
    output: sharks/HydCol_Test2/temp/20250403_CM068775.1_Var_Only.txt
    jobid: 163
    reason: Missing output files: sharks/HydCol_Test2/temp/20250403_CM068775.1_Var_Only.txt; Input files updated by another job: sharks/HydCol_Test2/temp/20250403_CM068775.1_Aln_Var.txt
    wildcards: CLADE=sharks, SPEC_NAME=HydCol_Test2, TODAY_DATE=20250403, CHR=CM068775.1
    resources: tmpdir=/tmp


[Fri Apr  4 12:15:04 2025]
localrule GET_VAR_ONLY_PER_CHROM:
    input: sharks/HydCol_Test2/temp/20250403_CM068768.1_Aln_Var.txt
    output: sharks/HydCol_Test2/temp/20250403_CM068768.1_Var_Only.txt
    jobid: 156
    reason: Missing output files: sharks/HydCol_Test2/temp/20250403_CM068768.1_Var_Only.txt; Input files updated by another job: sharks/HydCol_Test2/temp/20250403_CM068768.1_Aln_Var.txt
    wildcards: CLADE=sharks, SPEC_NAME=HydCol_Test2, TODAY_DATE=20250403, CHR=CM068768.1
    resources: tmpdir=/tmp


[Fri Apr  4 12:15:04 2025]
localrule GET_VAR_ALN_FILE:
    input: sharks/HydCol_Test2/20250403_CM068750.1_filtered.paf
    output: sharks/HydCol_Test2/temp/20250403_CM068750.1_Aln_Var.txt
    jobid: 67
    reason: Missing output files: sharks/HydCol_Test2/temp/20250403_CM068750.1_Aln_Var.txt; Input files updated by another job: sharks/HydCol_Test2/20250403_CM068750.1_filtered.paf
    wildcards: CLADE=sharks, SPEC_NAME=HydCol_Test2, TODAY_DATE=20250403, CHR=CM068750.1
    resources: tmpdir=/tmp


[Fri Apr  4 12:15:04 2025]
localrule GET_ALN_ONLY_PER_CHROM:
    input: sharks/HydCol_Test2/temp/20250403_CM068774.1_Aln_Var.txt
    output: sharks/HydCol_Test2/temp/20250403_CM068774.1_Aln_Only.txt
    jobid: 114
    reason: Missing output files: sharks/HydCol_Test2/temp/20250403_CM068774.1_Aln_Only.txt; Input files updated by another job: sharks/HydCol_Test2/temp/20250403_CM068774.1_Aln_Var.txt
    wildcards: CLADE=sharks, SPEC_NAME=HydCol_Test2, TODAY_DATE=20250403, CHR=CM068774.1
    resources: tmpdir=/tmp


[Fri Apr  4 12:15:04 2025]
localrule GET_ALN_ONLY_PER_CHROM:
    input: sharks/HydCol_Test2/temp/20250403_CM068767.1_Aln_Var.txt
    output: sharks/HydCol_Test2/temp/20250403_CM068767.1_Aln_Only.txt
    jobid: 100
    reason: Missing output files: sharks/HydCol_Test2/temp/20250403_CM068767.1_Aln_Only.txt; Input files updated by another job: sharks/HydCol_Test2/temp/20250403_CM068767.1_Aln_Var.txt
    wildcards: CLADE=sharks, SPEC_NAME=HydCol_Test2, TODAY_DATE=20250403, CHR=CM068767.1
    resources: tmpdir=/tmp


[Fri Apr  4 12:15:04 2025]
localrule GET_VAR_ONLY_PER_CHROM:
    input: sharks/HydCol_Test2/temp/20250403_CM068776.1_Aln_Var.txt
    output: sharks/HydCol_Test2/temp/20250403_CM068776.1_Var_Only.txt
    jobid: 164
    reason: Missing output files: sharks/HydCol_Test2/temp/20250403_CM068776.1_Var_Only.txt; Input files updated by another job: sharks/HydCol_Test2/temp/20250403_CM068776.1_Aln_Var.txt
    wildcards: CLADE=sharks, SPEC_NAME=HydCol_Test2, TODAY_DATE=20250403, CHR=CM068776.1
    resources: tmpdir=/tmp


[Fri Apr  4 12:15:04 2025]
localrule GET_VAR_ALN_FILE:
    input: sharks/HydCol_Test2/20250403_CM068778.1_filtered.paf
    output: sharks/HydCol_Test2/temp/20250403_CM068778.1_Aln_Var.txt
    jobid: 123
    reason: Missing output files: sharks/HydCol_Test2/temp/20250403_CM068778.1_Aln_Var.txt; Input files updated by another job: sharks/HydCol_Test2/20250403_CM068778.1_filtered.paf
    wildcards: CLADE=sharks, SPEC_NAME=HydCol_Test2, TODAY_DATE=20250403, CHR=CM068778.1
    resources: tmpdir=/tmp


[Fri Apr  4 12:15:04 2025]
localrule GET_VAR_ALN_FILE:
    input: sharks/HydCol_Test2/20250403_CM068771.1_filtered.paf
    output: sharks/HydCol_Test2/temp/20250403_CM068771.1_Aln_Var.txt
    jobid: 109
    reason: Missing output files: sharks/HydCol_Test2/temp/20250403_CM068771.1_Aln_Var.txt; Input files updated by another job: sharks/HydCol_Test2/20250403_CM068771.1_filtered.paf
    wildcards: CLADE=sharks, SPEC_NAME=HydCol_Test2, TODAY_DATE=20250403, CHR=CM068771.1
    resources: tmpdir=/tmp


[Fri Apr  4 12:15:04 2025]
localrule GET_ALN_ONLY_PER_CHROM:
    input: sharks/HydCol_Test2/temp/20250403_CM068746.1_Aln_Var.txt
    output: sharks/HydCol_Test2/temp/20250403_CM068746.1_Aln_Only.txt
    jobid: 58
    reason: Missing output files: sharks/HydCol_Test2/temp/20250403_CM068746.1_Aln_Only.txt; Input files updated by another job: sharks/HydCol_Test2/temp/20250403_CM068746.1_Aln_Var.txt
    wildcards: CLADE=sharks, SPEC_NAME=HydCol_Test2, TODAY_DATE=20250403, CHR=CM068746.1
    resources: tmpdir=/tmp


[Fri Apr  4 12:15:04 2025]
localrule GET_VAR_ALN_FILE:
    input: sharks/HydCol_Test2/20250403_CM068757.1_filtered.paf
    output: sharks/HydCol_Test2/temp/20250403_CM068757.1_Aln_Var.txt
    jobid: 81
    reason: Missing output files: sharks/HydCol_Test2/temp/20250403_CM068757.1_Aln_Var.txt; Input files updated by another job: sharks/HydCol_Test2/20250403_CM068757.1_filtered.paf
    wildcards: CLADE=sharks, SPEC_NAME=HydCol_Test2, TODAY_DATE=20250403, CHR=CM068757.1
    resources: tmpdir=/tmp


[Fri Apr  4 12:15:04 2025]
localrule GET_VAR_ALN_FILE:
    input: sharks/HydCol_Test2/20250403_CM068743.1_filtered.paf
    output: sharks/HydCol_Test2/temp/20250403_CM068743.1_Aln_Var.txt
    jobid: 53
    reason: Missing output files: sharks/HydCol_Test2/temp/20250403_CM068743.1_Aln_Var.txt; Input files updated by another job: sharks/HydCol_Test2/20250403_CM068743.1_filtered.paf
    wildcards: CLADE=sharks, SPEC_NAME=HydCol_Test2, TODAY_DATE=20250403, CHR=CM068743.1
    resources: tmpdir=/tmp


[Fri Apr  4 12:15:04 2025]
localrule GET_ALN_ONLY_PER_CHROM:
    input: sharks/HydCol_Test2/temp/20250403_CM068768.1_Aln_Var.txt
    output: sharks/HydCol_Test2/temp/20250403_CM068768.1_Aln_Only.txt
    jobid: 102
    reason: Missing output files: sharks/HydCol_Test2/temp/20250403_CM068768.1_Aln_Only.txt; Input files updated by another job: sharks/HydCol_Test2/temp/20250403_CM068768.1_Aln_Var.txt
    wildcards: CLADE=sharks, SPEC_NAME=HydCol_Test2, TODAY_DATE=20250403, CHR=CM068768.1
    resources: tmpdir=/tmp


[Fri Apr  4 12:15:04 2025]
localrule GET_VAR_ONLY_PER_CHROM:
    input: sharks/HydCol_Test2/temp/20250403_CM068777.1_Aln_Var.txt
    output: sharks/HydCol_Test2/temp/20250403_CM068777.1_Var_Only.txt
    jobid: 165
    reason: Missing output files: sharks/HydCol_Test2/temp/20250403_CM068777.1_Var_Only.txt; Input files updated by another job: sharks/HydCol_Test2/temp/20250403_CM068777.1_Aln_Var.txt
    wildcards: CLADE=sharks, SPEC_NAME=HydCol_Test2, TODAY_DATE=20250403, CHR=CM068777.1
    resources: tmpdir=/tmp


[Fri Apr  4 12:15:04 2025]
localrule GET_VAR_ALN_FILE:
    input: sharks/HydCol_Test2/20250403_CM068779.1_filtered.paf
    output: sharks/HydCol_Test2/temp/20250403_CM068779.1_Aln_Var.txt
    jobid: 125
    reason: Missing output files: sharks/HydCol_Test2/temp/20250403_CM068779.1_Aln_Var.txt; Input files updated by another job: sharks/HydCol_Test2/20250403_CM068779.1_filtered.paf
    wildcards: CLADE=sharks, SPEC_NAME=HydCol_Test2, TODAY_DATE=20250403, CHR=CM068779.1
    resources: tmpdir=/tmp


[Fri Apr  4 12:15:04 2025]
localrule GET_VAR_ALN_FILE:
    input: sharks/HydCol_Test2/20250403_CM068772.1_filtered.paf
    output: sharks/HydCol_Test2/temp/20250403_CM068772.1_Aln_Var.txt
    jobid: 111
    reason: Missing output files: sharks/HydCol_Test2/temp/20250403_CM068772.1_Aln_Var.txt; Input files updated by another job: sharks/HydCol_Test2/20250403_CM068772.1_filtered.paf
    wildcards: CLADE=sharks, SPEC_NAME=HydCol_Test2, TODAY_DATE=20250403, CHR=CM068772.1
    resources: tmpdir=/tmp

[Fri Apr  4 12:15:04 2025]
Finished job 77.
56 of 170 steps (33%) done
[Fri Apr  4 12:15:04 2025]
Finished job 107.
57 of 170 steps (34%) done
[Fri Apr  4 12:15:04 2025]
Finished job 89.
58 of 170 steps (34%) done
[Fri Apr  4 12:15:05 2025]
Finished job 71.
59 of 170 steps (35%) done
[Fri Apr  4 12:15:05 2025]
Finished job 51.
60 of 170 steps (35%) done
[Fri Apr  4 12:15:05 2025]
Finished job 118.
61 of 170 steps (36%) done
[Fri Apr  4 12:15:05 2025]
Finished job 116.
62 of 170 steps (36%) done
[Fri Apr  4 12:15:05 2025]
Finished job 97.
63 of 170 steps (37%) done
[Fri Apr  4 12:15:05 2025]
Finished job 113.
64 of 170 steps (38%) done
[Fri Apr  4 12:15:05 2025]
Finished job 105.
65 of 170 steps (38%) done
[Fri Apr  4 12:15:05 2025]
Finished job 120.
66 of 170 steps (39%) done
[Fri Apr  4 12:15:05 2025]
Finished job 69.
67 of 170 steps (39%) done
[Fri Apr  4 12:15:05 2025]
Finished job 83.
68 of 170 steps (40%) done
[Fri Apr  4 12:15:05 2025]
Finished job 129.
69 of 170 steps (41%) done
[Fri Apr  4 12:15:05 2025]
Finished job 162.
70 of 170 steps (41%) done
[Fri Apr  4 12:15:05 2025]
Finished job 155.
71 of 170 steps (42%) done
[Fri Apr  4 12:15:05 2025]
Finished job 85.
72 of 170 steps (42%) done
[Fri Apr  4 12:15:05 2025]
Finished job 163.
73 of 170 steps (43%) done
[Fri Apr  4 12:15:05 2025]
Finished job 87.
74 of 170 steps (44%) done
[Fri Apr  4 12:15:05 2025]
Finished job 156.
75 of 170 steps (44%) done
[Fri Apr  4 12:15:05 2025]
Finished job 134.
76 of 170 steps (45%) done
[Fri Apr  4 12:15:05 2025]
Finished job 95.
77 of 170 steps (45%) done
[Fri Apr  4 12:15:05 2025]
Finished job 73.
78 of 170 steps (46%) done
[Fri Apr  4 12:15:05 2025]
Finished job 114.
79 of 170 steps (46%) done
[Fri Apr  4 12:15:06 2025]
Finished job 100.
80 of 170 steps (47%) done
[Fri Apr  4 12:15:06 2025]
Finished job 63.
81 of 170 steps (48%) done
[Fri Apr  4 12:15:06 2025]
Finished job 164.
82 of 170 steps (48%) done
[Fri Apr  4 12:15:06 2025]
Finished job 123.
83 of 170 steps (49%) done
[Fri Apr  4 12:15:06 2025]
Finished job 58.
84 of 170 steps (49%) done
[Fri Apr  4 12:15:06 2025]
Finished job 65.
85 of 170 steps (50%) done
[Fri Apr  4 12:15:06 2025]
Finished job 109.
86 of 170 steps (51%) done
[Fri Apr  4 12:15:06 2025]
Finished job 102.
87 of 170 steps (51%) done
[Fri Apr  4 12:15:06 2025]
Finished job 165.
88 of 170 steps (52%) done
Select jobs to execute...
Execute 38 jobs...

[Fri Apr  4 12:15:06 2025]
localrule GET_VAR_ONLY_PER_CHROM:
    input: sharks/HydCol_Test2/temp/20250403_CM068749.1_Aln_Var.txt
    output: sharks/HydCol_Test2/temp/20250403_CM068749.1_Var_Only.txt
    jobid: 137
    reason: Missing output files: sharks/HydCol_Test2/temp/20250403_CM068749.1_Var_Only.txt; Input files updated by another job: sharks/HydCol_Test2/temp/20250403_CM068749.1_Aln_Var.txt
    wildcards: CLADE=sharks, SPEC_NAME=HydCol_Test2, TODAY_DATE=20250403, CHR=CM068749.1
    resources: tmpdir=/tmp


[Fri Apr  4 12:15:06 2025]
localrule GET_VAR_ONLY_PER_CHROM:
    input: sharks/HydCol_Test2/temp/20250403_CM068742.1_Aln_Var.txt
    output: sharks/HydCol_Test2/temp/20250403_CM068742.1_Var_Only.txt
    jobid: 130
    reason: Missing output files: sharks/HydCol_Test2/temp/20250403_CM068742.1_Var_Only.txt; Input files updated by another job: sharks/HydCol_Test2/temp/20250403_CM068742.1_Aln_Var.txt
    wildcards: CLADE=sharks, SPEC_NAME=HydCol_Test2, TODAY_DATE=20250403, CHR=CM068742.1
    resources: tmpdir=/tmp


[Fri Apr  4 12:15:06 2025]
localrule GET_ALN_ONLY_PER_CHROM:
    input: sharks/HydCol_Test2/temp/20250403_CM068769.1_Aln_Var.txt
    output: sharks/HydCol_Test2/temp/20250403_CM068769.1_Aln_Only.txt
    jobid: 104
    reason: Missing output files: sharks/HydCol_Test2/temp/20250403_CM068769.1_Aln_Only.txt; Input files updated by another job: sharks/HydCol_Test2/temp/20250403_CM068769.1_Aln_Var.txt
    wildcards: CLADE=sharks, SPEC_NAME=HydCol_Test2, TODAY_DATE=20250403, CHR=CM068769.1
    resources: tmpdir=/tmp


[Fri Apr  4 12:15:06 2025]
localrule GET_VAR_ONLY_PER_CHROM:
    input: sharks/HydCol_Test2/temp/20250403_CM068778.1_Aln_Var.txt
    output: sharks/HydCol_Test2/temp/20250403_CM068778.1_Var_Only.txt
    jobid: 166
    reason: Missing output files: sharks/HydCol_Test2/temp/20250403_CM068778.1_Var_Only.txt; Input files updated by another job: sharks/HydCol_Test2/temp/20250403_CM068778.1_Aln_Var.txt
    wildcards: CLADE=sharks, SPEC_NAME=HydCol_Test2, TODAY_DATE=20250403, CHR=CM068778.1
    resources: tmpdir=/tmp


[Fri Apr  4 12:15:06 2025]
localrule GET_ALN_ONLY_PER_CHROM:
    input: sharks/HydCol_Test2/temp/20250403_CM068755.1_Aln_Var.txt
    output: sharks/HydCol_Test2/temp/20250403_CM068755.1_Aln_Only.txt
    jobid: 76
    reason: Missing output files: sharks/HydCol_Test2/temp/20250403_CM068755.1_Aln_Only.txt; Input files updated by another job: sharks/HydCol_Test2/temp/20250403_CM068755.1_Aln_Var.txt
    wildcards: CLADE=sharks, SPEC_NAME=HydCol_Test2, TODAY_DATE=20250403, CHR=CM068755.1
    resources: tmpdir=/tmp


[Fri Apr  4 12:15:06 2025]
localrule GET_VAR_ONLY_PER_CHROM:
    input: sharks/HydCol_Test2/temp/20250403_CM068771.1_Aln_Var.txt
    output: sharks/HydCol_Test2/temp/20250403_CM068771.1_Var_Only.txt
    jobid: 159
    reason: Missing output files: sharks/HydCol_Test2/temp/20250403_CM068771.1_Var_Only.txt; Input files updated by another job: sharks/HydCol_Test2/temp/20250403_CM068771.1_Aln_Var.txt
    wildcards: CLADE=sharks, SPEC_NAME=HydCol_Test2, TODAY_DATE=20250403, CHR=CM068771.1
    resources: tmpdir=/tmp


[Fri Apr  4 12:15:06 2025]
localrule GET_VAR_ONLY_PER_CHROM:
    input: sharks/HydCol_Test2/temp/20250403_CM068764.1_Aln_Var.txt
    output: sharks/HydCol_Test2/temp/20250403_CM068764.1_Var_Only.txt
    jobid: 152
    reason: Missing output files: sharks/HydCol_Test2/temp/20250403_CM068764.1_Var_Only.txt; Input files updated by another job: sharks/HydCol_Test2/temp/20250403_CM068764.1_Aln_Var.txt
    wildcards: CLADE=sharks, SPEC_NAME=HydCol_Test2, TODAY_DATE=20250403, CHR=CM068764.1
    resources: tmpdir=/tmp


[Fri Apr  4 12:15:06 2025]
localrule GET_ALN_ONLY_PER_CHROM:
    input: sharks/HydCol_Test2/temp/20250403_CM068748.1_Aln_Var.txt
    output: sharks/HydCol_Test2/temp/20250403_CM068748.1_Aln_Only.txt
    jobid: 62
    reason: Missing output files: sharks/HydCol_Test2/temp/20250403_CM068748.1_Aln_Only.txt; Input files updated by another job: sharks/HydCol_Test2/temp/20250403_CM068748.1_Aln_Var.txt
    wildcards: CLADE=sharks, SPEC_NAME=HydCol_Test2, TODAY_DATE=20250403, CHR=CM068748.1
    resources: tmpdir=/tmp


[Fri Apr  4 12:15:06 2025]
localrule GET_ALN_ONLY_PER_CHROM:
    input: sharks/HydCol_Test2/temp/20250403_CM068770.1_Aln_Var.txt
    output: sharks/HydCol_Test2/temp/20250403_CM068770.1_Aln_Only.txt
    jobid: 106
    reason: Missing output files: sharks/HydCol_Test2/temp/20250403_CM068770.1_Aln_Only.txt; Input files updated by another job: sharks/HydCol_Test2/temp/20250403_CM068770.1_Aln_Var.txt
    wildcards: CLADE=sharks, SPEC_NAME=HydCol_Test2, TODAY_DATE=20250403, CHR=CM068770.1
    resources: tmpdir=/tmp


[Fri Apr  4 12:15:06 2025]
localrule GET_VAR_ONLY_PER_CHROM:
    input: sharks/HydCol_Test2/temp/20250403_CM068765.1_Aln_Var.txt
    output: sharks/HydCol_Test2/temp/20250403_CM068765.1_Var_Only.txt
    jobid: 153
    reason: Missing output files: sharks/HydCol_Test2/temp/20250403_CM068765.1_Var_Only.txt; Input files updated by another job: sharks/HydCol_Test2/temp/20250403_CM068765.1_Aln_Var.txt
    wildcards: CLADE=sharks, SPEC_NAME=HydCol_Test2, TODAY_DATE=20250403, CHR=CM068765.1
    resources: tmpdir=/tmp


[Fri Apr  4 12:15:06 2025]
localrule GET_ALN_ONLY_PER_CHROM:
    input: sharks/HydCol_Test2/temp/20250403_CM068749.1_Aln_Var.txt
    output: sharks/HydCol_Test2/temp/20250403_CM068749.1_Aln_Only.txt
    jobid: 64
    reason: Missing output files: sharks/HydCol_Test2/temp/20250403_CM068749.1_Aln_Only.txt; Input files updated by another job: sharks/HydCol_Test2/temp/20250403_CM068749.1_Aln_Var.txt
    wildcards: CLADE=sharks, SPEC_NAME=HydCol_Test2, TODAY_DATE=20250403, CHR=CM068749.1
    resources: tmpdir=/tmp


[Fri Apr  4 12:15:06 2025]
localrule GET_ALN_ONLY_PER_CHROM:
    input: sharks/HydCol_Test2/temp/20250403_CM068742.1_Aln_Var.txt
    output: sharks/HydCol_Test2/temp/20250403_CM068742.1_Aln_Only.txt
    jobid: 50
    reason: Missing output files: sharks/HydCol_Test2/temp/20250403_CM068742.1_Aln_Only.txt; Input files updated by another job: sharks/HydCol_Test2/temp/20250403_CM068742.1_Aln_Var.txt
    wildcards: CLADE=sharks, SPEC_NAME=HydCol_Test2, TODAY_DATE=20250403, CHR=CM068742.1
    resources: tmpdir=/tmp


[Fri Apr  4 12:15:06 2025]
localrule GET_VAR_ONLY_PER_CHROM:
    input: sharks/HydCol_Test2/temp/20250403_CM068758.1_Aln_Var.txt
    output: sharks/HydCol_Test2/temp/20250403_CM068758.1_Var_Only.txt
    jobid: 146
    reason: Missing output files: sharks/HydCol_Test2/temp/20250403_CM068758.1_Var_Only.txt; Input files updated by another job: sharks/HydCol_Test2/temp/20250403_CM068758.1_Aln_Var.txt
    wildcards: CLADE=sharks, SPEC_NAME=HydCol_Test2, TODAY_DATE=20250403, CHR=CM068758.1
    resources: tmpdir=/tmp


[Fri Apr  4 12:15:06 2025]
localrule GET_VAR_ONLY_PER_CHROM:
    input: sharks/HydCol_Test2/temp/20250403_CM068751.1_Aln_Var.txt
    output: sharks/HydCol_Test2/temp/20250403_CM068751.1_Var_Only.txt
    jobid: 139
    reason: Missing output files: sharks/HydCol_Test2/temp/20250403_CM068751.1_Var_Only.txt; Input files updated by another job: sharks/HydCol_Test2/temp/20250403_CM068751.1_Aln_Var.txt
    wildcards: CLADE=sharks, SPEC_NAME=HydCol_Test2, TODAY_DATE=20250403, CHR=CM068751.1
    resources: tmpdir=/tmp


[Fri Apr  4 12:15:06 2025]
localrule GET_ALN_ONLY_PER_CHROM:
    input: sharks/HydCol_Test2/temp/20250403_CM068778.1_Aln_Var.txt
    output: sharks/HydCol_Test2/temp/20250403_CM068778.1_Aln_Only.txt
    jobid: 122
    reason: Missing output files: sharks/HydCol_Test2/temp/20250403_CM068778.1_Aln_Only.txt; Input files updated by another job: sharks/HydCol_Test2/temp/20250403_CM068778.1_Aln_Var.txt
    wildcards: CLADE=sharks, SPEC_NAME=HydCol_Test2, TODAY_DATE=20250403, CHR=CM068778.1
    resources: tmpdir=/tmp


[Fri Apr  4 12:15:06 2025]
localrule GET_ALN_ONLY_PER_CHROM:
    input: sharks/HydCol_Test2/temp/20250403_CM068771.1_Aln_Var.txt
    output: sharks/HydCol_Test2/temp/20250403_CM068771.1_Aln_Only.txt
    jobid: 108
    reason: Missing output files: sharks/HydCol_Test2/temp/20250403_CM068771.1_Aln_Only.txt; Input files updated by another job: sharks/HydCol_Test2/temp/20250403_CM068771.1_Aln_Var.txt
    wildcards: CLADE=sharks, SPEC_NAME=HydCol_Test2, TODAY_DATE=20250403, CHR=CM068771.1
    resources: tmpdir=/tmp


[Fri Apr  4 12:15:06 2025]
localrule GET_ALN_ONLY_PER_CHROM:
    input: sharks/HydCol_Test2/temp/20250403_CM068764.1_Aln_Var.txt
    output: sharks/HydCol_Test2/temp/20250403_CM068764.1_Aln_Only.txt
    jobid: 94
    reason: Missing output files: sharks/HydCol_Test2/temp/20250403_CM068764.1_Aln_Only.txt; Input files updated by another job: sharks/HydCol_Test2/temp/20250403_CM068764.1_Aln_Var.txt
    wildcards: CLADE=sharks, SPEC_NAME=HydCol_Test2, TODAY_DATE=20250403, CHR=CM068764.1
    resources: tmpdir=/tmp


[Fri Apr  4 12:15:06 2025]
localrule GET_VAR_ONLY_PER_CHROM:
    input: sharks/HydCol_Test2/temp/20250403_CM068773.1_Aln_Var.txt
    output: sharks/HydCol_Test2/temp/20250403_CM068773.1_Var_Only.txt
    jobid: 161
    reason: Missing output files: sharks/HydCol_Test2/temp/20250403_CM068773.1_Var_Only.txt; Input files updated by another job: sharks/HydCol_Test2/temp/20250403_CM068773.1_Aln_Var.txt
    wildcards: CLADE=sharks, SPEC_NAME=HydCol_Test2, TODAY_DATE=20250403, CHR=CM068773.1
    resources: tmpdir=/tmp


[Fri Apr  4 12:15:06 2025]
localrule GET_VAR_ONLY_PER_CHROM:
    input: sharks/HydCol_Test2/temp/20250403_CM068759.1_Aln_Var.txt
    output: sharks/HydCol_Test2/temp/20250403_CM068759.1_Var_Only.txt
    jobid: 147
    reason: Missing output files: sharks/HydCol_Test2/temp/20250403_CM068759.1_Var_Only.txt; Input files updated by another job: sharks/HydCol_Test2/temp/20250403_CM068759.1_Aln_Var.txt
    wildcards: CLADE=sharks, SPEC_NAME=HydCol_Test2, TODAY_DATE=20250403, CHR=CM068759.1
    resources: tmpdir=/tmp


[Fri Apr  4 12:15:06 2025]
localrule GET_VAR_ONLY_PER_CHROM:
    input: sharks/HydCol_Test2/temp/20250403_CM068752.1_Aln_Var.txt
    output: sharks/HydCol_Test2/temp/20250403_CM068752.1_Var_Only.txt
    jobid: 140
    reason: Missing output files: sharks/HydCol_Test2/temp/20250403_CM068752.1_Var_Only.txt; Input files updated by another job: sharks/HydCol_Test2/temp/20250403_CM068752.1_Aln_Var.txt
    wildcards: CLADE=sharks, SPEC_NAME=HydCol_Test2, TODAY_DATE=20250403, CHR=CM068752.1
    resources: tmpdir=/tmp


[Fri Apr  4 12:15:06 2025]
localrule GET_ALN_ONLY_PER_CHROM:
    input: sharks/HydCol_Test2/temp/20250403_CM068765.1_Aln_Var.txt
    output: sharks/HydCol_Test2/temp/20250403_CM068765.1_Aln_Only.txt
    jobid: 96
    reason: Missing output files: sharks/HydCol_Test2/temp/20250403_CM068765.1_Aln_Only.txt; Input files updated by another job: sharks/HydCol_Test2/temp/20250403_CM068765.1_Aln_Var.txt
    wildcards: CLADE=sharks, SPEC_NAME=HydCol_Test2, TODAY_DATE=20250403, CHR=CM068765.1
    resources: tmpdir=/tmp


[Fri Apr  4 12:15:06 2025]
localrule GET_VAR_ONLY_PER_CHROM:
    input: sharks/HydCol_Test2/temp/20250403_CM068781.1_Aln_Var.txt
    output: sharks/HydCol_Test2/temp/20250403_CM068781.1_Var_Only.txt
    jobid: 169
    reason: Missing output files: sharks/HydCol_Test2/temp/20250403_CM068781.1_Var_Only.txt; Input files updated by another job: sharks/HydCol_Test2/temp/20250403_CM068781.1_Aln_Var.txt
    wildcards: CLADE=sharks, SPEC_NAME=HydCol_Test2, TODAY_DATE=20250403, CHR=CM068781.1
    resources: tmpdir=/tmp


[Fri Apr  4 12:15:06 2025]
localrule GET_ALN_ONLY_PER_CHROM:
    input: sharks/HydCol_Test2/temp/20250403_CM068758.1_Aln_Var.txt
    output: sharks/HydCol_Test2/temp/20250403_CM068758.1_Aln_Only.txt
    jobid: 82
    reason: Missing output files: sharks/HydCol_Test2/temp/20250403_CM068758.1_Aln_Only.txt; Input files updated by another job: sharks/HydCol_Test2/temp/20250403_CM068758.1_Aln_Var.txt
    wildcards: CLADE=sharks, SPEC_NAME=HydCol_Test2, TODAY_DATE=20250403, CHR=CM068758.1
    resources: tmpdir=/tmp


[Fri Apr  4 12:15:06 2025]
localrule GET_ALN_ONLY_PER_CHROM:
    input: sharks/HydCol_Test2/temp/20250403_CM068751.1_Aln_Var.txt
    output: sharks/HydCol_Test2/temp/20250403_CM068751.1_Aln_Only.txt
    jobid: 68
    reason: Missing output files: sharks/HydCol_Test2/temp/20250403_CM068751.1_Aln_Only.txt; Input files updated by another job: sharks/HydCol_Test2/temp/20250403_CM068751.1_Aln_Var.txt
    wildcards: CLADE=sharks, SPEC_NAME=HydCol_Test2, TODAY_DATE=20250403, CHR=CM068751.1
    resources: tmpdir=/tmp


[Fri Apr  4 12:15:06 2025]
localrule GET_VAR_ONLY_PER_CHROM:
    input: sharks/HydCol_Test2/temp/20250403_CM068760.1_Aln_Var.txt
    output: sharks/HydCol_Test2/temp/20250403_CM068760.1_Var_Only.txt
    jobid: 148
    reason: Missing output files: sharks/HydCol_Test2/temp/20250403_CM068760.1_Var_Only.txt; Input files updated by another job: sharks/HydCol_Test2/temp/20250403_CM068760.1_Aln_Var.txt
    wildcards: CLADE=sharks, SPEC_NAME=HydCol_Test2, TODAY_DATE=20250403, CHR=CM068760.1
    resources: tmpdir=/tmp


[Fri Apr  4 12:15:06 2025]
localrule GET_VAR_ONLY_PER_CHROM:
    input: sharks/HydCol_Test2/temp/20250403_CM068753.1_Aln_Var.txt
    output: sharks/HydCol_Test2/temp/20250403_CM068753.1_Var_Only.txt
    jobid: 141
    reason: Missing output files: sharks/HydCol_Test2/temp/20250403_CM068753.1_Var_Only.txt; Input files updated by another job: sharks/HydCol_Test2/temp/20250403_CM068753.1_Aln_Var.txt
    wildcards: CLADE=sharks, SPEC_NAME=HydCol_Test2, TODAY_DATE=20250403, CHR=CM068753.1
    resources: tmpdir=/tmp


[Fri Apr  4 12:15:06 2025]
localrule GET_ALN_ONLY_PER_CHROM:
    input: sharks/HydCol_Test2/temp/20250403_CM068773.1_Aln_Var.txt
    output: sharks/HydCol_Test2/temp/20250403_CM068773.1_Aln_Only.txt
    jobid: 112
    reason: Missing output files: sharks/HydCol_Test2/temp/20250403_CM068773.1_Aln_Only.txt; Input files updated by another job: sharks/HydCol_Test2/temp/20250403_CM068773.1_Aln_Var.txt
    wildcards: CLADE=sharks, SPEC_NAME=HydCol_Test2, TODAY_DATE=20250403, CHR=CM068773.1
    resources: tmpdir=/tmp


[Fri Apr  4 12:15:06 2025]
localrule GET_ALN_ONLY_PER_CHROM:
    input: sharks/HydCol_Test2/temp/20250403_CM068759.1_Aln_Var.txt
    output: sharks/HydCol_Test2/temp/20250403_CM068759.1_Aln_Only.txt
    jobid: 84
    reason: Missing output files: sharks/HydCol_Test2/temp/20250403_CM068759.1_Aln_Only.txt; Input files updated by another job: sharks/HydCol_Test2/temp/20250403_CM068759.1_Aln_Var.txt
    wildcards: CLADE=sharks, SPEC_NAME=HydCol_Test2, TODAY_DATE=20250403, CHR=CM068759.1
    resources: tmpdir=/tmp


[Fri Apr  4 12:15:06 2025]
localrule GET_ALN_ONLY_PER_CHROM:
    input: sharks/HydCol_Test2/temp/20250403_CM068752.1_Aln_Var.txt
    output: sharks/HydCol_Test2/temp/20250403_CM068752.1_Aln_Only.txt
    jobid: 70
    reason: Missing output files: sharks/HydCol_Test2/temp/20250403_CM068752.1_Aln_Only.txt; Input files updated by another job: sharks/HydCol_Test2/temp/20250403_CM068752.1_Aln_Var.txt
    wildcards: CLADE=sharks, SPEC_NAME=HydCol_Test2, TODAY_DATE=20250403, CHR=CM068752.1
    resources: tmpdir=/tmp


[Fri Apr  4 12:15:06 2025]
localrule GET_VAR_ONLY_PER_CHROM:
    input: sharks/HydCol_Test2/temp/20250403_CM068761.1_Aln_Var.txt
    output: sharks/HydCol_Test2/temp/20250403_CM068761.1_Var_Only.txt
    jobid: 149
    reason: Missing output files: sharks/HydCol_Test2/temp/20250403_CM068761.1_Var_Only.txt; Input files updated by another job: sharks/HydCol_Test2/temp/20250403_CM068761.1_Aln_Var.txt
    wildcards: CLADE=sharks, SPEC_NAME=HydCol_Test2, TODAY_DATE=20250403, CHR=CM068761.1
    resources: tmpdir=/tmp


[Fri Apr  4 12:15:07 2025]
localrule GET_ALN_ONLY_PER_CHROM:
    input: sharks/HydCol_Test2/temp/20250403_CM068781.1_Aln_Var.txt
    output: sharks/HydCol_Test2/temp/20250403_CM068781.1_Aln_Only.txt
    jobid: 128
    reason: Missing output files: sharks/HydCol_Test2/temp/20250403_CM068781.1_Aln_Only.txt; Input files updated by another job: sharks/HydCol_Test2/temp/20250403_CM068781.1_Aln_Var.txt
    wildcards: CLADE=sharks, SPEC_NAME=HydCol_Test2, TODAY_DATE=20250403, CHR=CM068781.1
    resources: tmpdir=/tmp


[Fri Apr  4 12:15:07 2025]
localrule GET_ALN_ONLY_PER_CHROM:
    input: sharks/HydCol_Test2/temp/20250403_CM068760.1_Aln_Var.txt
    output: sharks/HydCol_Test2/temp/20250403_CM068760.1_Aln_Only.txt
    jobid: 86
    reason: Missing output files: sharks/HydCol_Test2/temp/20250403_CM068760.1_Aln_Only.txt; Input files updated by another job: sharks/HydCol_Test2/temp/20250403_CM068760.1_Aln_Var.txt
    wildcards: CLADE=sharks, SPEC_NAME=HydCol_Test2, TODAY_DATE=20250403, CHR=CM068760.1
    resources: tmpdir=/tmp


[Fri Apr  4 12:15:07 2025]
localrule GET_VAR_ONLY_PER_CHROM:
    input: sharks/HydCol_Test2/temp/20250403_CM068769.1_Aln_Var.txt
    output: sharks/HydCol_Test2/temp/20250403_CM068769.1_Var_Only.txt
    jobid: 157
    reason: Missing output files: sharks/HydCol_Test2/temp/20250403_CM068769.1_Var_Only.txt; Input files updated by another job: sharks/HydCol_Test2/temp/20250403_CM068769.1_Aln_Var.txt
    wildcards: CLADE=sharks, SPEC_NAME=HydCol_Test2, TODAY_DATE=20250403, CHR=CM068769.1
    resources: tmpdir=/tmp


[Fri Apr  4 12:15:07 2025]
localrule GET_ALN_ONLY_PER_CHROM:
    input: sharks/HydCol_Test2/temp/20250403_CM068753.1_Aln_Var.txt
    output: sharks/HydCol_Test2/temp/20250403_CM068753.1_Aln_Only.txt
    jobid: 72
    reason: Missing output files: sharks/HydCol_Test2/temp/20250403_CM068753.1_Aln_Only.txt; Input files updated by another job: sharks/HydCol_Test2/temp/20250403_CM068753.1_Aln_Var.txt
    wildcards: CLADE=sharks, SPEC_NAME=HydCol_Test2, TODAY_DATE=20250403, CHR=CM068753.1
    resources: tmpdir=/tmp


[Fri Apr  4 12:15:07 2025]
localrule GET_VAR_ONLY_PER_CHROM:
    input: sharks/HydCol_Test2/temp/20250403_CM068755.1_Aln_Var.txt
    output: sharks/HydCol_Test2/temp/20250403_CM068755.1_Var_Only.txt
    jobid: 143
    reason: Missing output files: sharks/HydCol_Test2/temp/20250403_CM068755.1_Var_Only.txt; Input files updated by another job: sharks/HydCol_Test2/temp/20250403_CM068755.1_Aln_Var.txt
    wildcards: CLADE=sharks, SPEC_NAME=HydCol_Test2, TODAY_DATE=20250403, CHR=CM068755.1
    resources: tmpdir=/tmp


[Fri Apr  4 12:15:07 2025]
localrule GET_VAR_ONLY_PER_CHROM:
    input: sharks/HydCol_Test2/temp/20250403_CM068748.1_Aln_Var.txt
    output: sharks/HydCol_Test2/temp/20250403_CM068748.1_Var_Only.txt
    jobid: 136
    reason: Missing output files: sharks/HydCol_Test2/temp/20250403_CM068748.1_Var_Only.txt; Input files updated by another job: sharks/HydCol_Test2/temp/20250403_CM068748.1_Aln_Var.txt
    wildcards: CLADE=sharks, SPEC_NAME=HydCol_Test2, TODAY_DATE=20250403, CHR=CM068748.1
    resources: tmpdir=/tmp


[Fri Apr  4 12:15:07 2025]
localrule GET_ALN_ONLY_PER_CHROM:
    input: sharks/HydCol_Test2/temp/20250403_CM068761.1_Aln_Var.txt
    output: sharks/HydCol_Test2/temp/20250403_CM068761.1_Aln_Only.txt
    jobid: 88
    reason: Missing output files: sharks/HydCol_Test2/temp/20250403_CM068761.1_Aln_Only.txt; Input files updated by another job: sharks/HydCol_Test2/temp/20250403_CM068761.1_Aln_Var.txt
    wildcards: CLADE=sharks, SPEC_NAME=HydCol_Test2, TODAY_DATE=20250403, CHR=CM068761.1
    resources: tmpdir=/tmp


[Fri Apr  4 12:15:07 2025]
localrule GET_VAR_ONLY_PER_CHROM:
    input: sharks/HydCol_Test2/temp/20250403_CM068770.1_Aln_Var.txt
    output: sharks/HydCol_Test2/temp/20250403_CM068770.1_Var_Only.txt
    jobid: 158
    reason: Missing output files: sharks/HydCol_Test2/temp/20250403_CM068770.1_Var_Only.txt; Input files updated by another job: sharks/HydCol_Test2/temp/20250403_CM068770.1_Aln_Var.txt
    wildcards: CLADE=sharks, SPEC_NAME=HydCol_Test2, TODAY_DATE=20250403, CHR=CM068770.1
    resources: tmpdir=/tmp

[Fri Apr  4 12:15:07 2025]
Finished job 125.
89 of 170 steps (52%) done
[Fri Apr  4 12:15:07 2025]
Finished job 57.
90 of 170 steps (53%) done
[Fri Apr  4 12:15:07 2025]
Finished job 91.
91 of 170 steps (54%) done
[Fri Apr  4 12:15:07 2025]
Finished job 55.
92 of 170 steps (54%) done
[Fri Apr  4 12:15:07 2025]
Finished job 93.
93 of 170 steps (55%) done
[Fri Apr  4 12:15:07 2025]
Finished job 53.
94 of 170 steps (55%) done
[Fri Apr  4 12:15:07 2025]
Finished job 81.
95 of 170 steps (56%) done
[Fri Apr  4 12:15:07 2025]
Finished job 127.
96 of 170 steps (56%) done
[Fri Apr  4 12:15:07 2025]
Finished job 137.
97 of 170 steps (57%) done
[Fri Apr  4 12:15:07 2025]
Finished job 104.
98 of 170 steps (58%) done
[Fri Apr  4 12:15:07 2025]
Finished job 166.
99 of 170 steps (58%) done
[Fri Apr  4 12:15:07 2025]
Finished job 130.
100 of 170 steps (59%) done
[Fri Apr  4 12:15:07 2025]
Finished job 76.
101 of 170 steps (59%) done
[Fri Apr  4 12:15:07 2025]
Finished job 159.
102 of 170 steps (60%) done
[Fri Apr  4 12:15:07 2025]
Finished job 106.
103 of 170 steps (61%) done
[Fri Apr  4 12:15:07 2025]
Finished job 62.
104 of 170 steps (61%) done
[Fri Apr  4 12:15:07 2025]
Finished job 152.
105 of 170 steps (62%) done
[Fri Apr  4 12:15:07 2025]
Finished job 99.
106 of 170 steps (62%) done
[Fri Apr  4 12:15:07 2025]
Finished job 153.
107 of 170 steps (63%) done
[Fri Apr  4 12:15:07 2025]
Finished job 64.
108 of 170 steps (64%) done
[Fri Apr  4 12:15:07 2025]
Finished job 146.
109 of 170 steps (64%) done
[Fri Apr  4 12:15:07 2025]
Finished job 139.
110 of 170 steps (65%) done
[Fri Apr  4 12:15:07 2025]
Finished job 108.
111 of 170 steps (65%) done
[Fri Apr  4 12:15:07 2025]
Finished job 94.
112 of 170 steps (66%) done
[Fri Apr  4 12:15:07 2025]
Finished job 122.
113 of 170 steps (66%) done
[Fri Apr  4 12:15:07 2025]
Finished job 50.
114 of 170 steps (67%) done
[Fri Apr  4 12:15:07 2025]
Finished job 161.
115 of 170 steps (68%) done
[Fri Apr  4 12:15:07 2025]
Finished job 147.
116 of 170 steps (68%) done
[Fri Apr  4 12:15:07 2025]
Finished job 140.
117 of 170 steps (69%) done
[Fri Apr  4 12:15:07 2025]
Finished job 96.
118 of 170 steps (69%) done
[Fri Apr  4 12:15:07 2025]
Finished job 169.
119 of 170 steps (70%) done
[Fri Apr  4 12:15:07 2025]
Finished job 82.
120 of 170 steps (71%) done
[Fri Apr  4 12:15:07 2025]
Finished job 68.
121 of 170 steps (71%) done
[Fri Apr  4 12:15:07 2025]
Finished job 148.
122 of 170 steps (72%) done
[Fri Apr  4 12:15:07 2025]
Finished job 141.
123 of 170 steps (72%) done
[Fri Apr  4 12:15:07 2025]
Finished job 84.
124 of 170 steps (73%) done
[Fri Apr  4 12:15:07 2025]
Finished job 112.
125 of 170 steps (74%) done
[Fri Apr  4 12:15:07 2025]
Finished job 70.
126 of 170 steps (74%) done
[Fri Apr  4 12:15:07 2025]
Finished job 149.
127 of 170 steps (75%) done
[Fri Apr  4 12:15:07 2025]
Finished job 128.
128 of 170 steps (75%) done
[Fri Apr  4 12:15:07 2025]
Finished job 86.
129 of 170 steps (76%) done
[Fri Apr  4 12:15:07 2025]
Finished job 72.
130 of 170 steps (76%) done
Select jobs to execute...
Execute 18 jobs...

[Fri Apr  4 12:15:07 2025]
localrule GET_VAR_ONLY_PER_CHROM:
    input: sharks/HydCol_Test2/temp/20250403_CM068763.1_Aln_Var.txt
    output: sharks/HydCol_Test2/temp/20250403_CM068763.1_Var_Only.txt
    jobid: 151
    reason: Missing output files: sharks/HydCol_Test2/temp/20250403_CM068763.1_Var_Only.txt; Input files updated by another job: sharks/HydCol_Test2/temp/20250403_CM068763.1_Aln_Var.txt
    wildcards: CLADE=sharks, SPEC_NAME=HydCol_Test2, TODAY_DATE=20250403, CHR=CM068763.1
    resources: tmpdir=/tmp


[Fri Apr  4 12:15:07 2025]
localrule GET_ALN_ONLY_PER_CHROM:
    input: sharks/HydCol_Test2/temp/20250403_CM068744.1_Aln_Var.txt
    output: sharks/HydCol_Test2/temp/20250403_CM068744.1_Aln_Only.txt
    jobid: 54
    reason: Missing output files: sharks/HydCol_Test2/temp/20250403_CM068744.1_Aln_Only.txt; Input files updated by another job: sharks/HydCol_Test2/temp/20250403_CM068744.1_Aln_Var.txt
    wildcards: CLADE=sharks, SPEC_NAME=HydCol_Test2, TODAY_DATE=20250403, CHR=CM068744.1
    resources: tmpdir=/tmp


[Fri Apr  4 12:15:07 2025]
localrule GET_VAR_ONLY_PER_CHROM:
    input: sharks/HydCol_Test2/temp/20250403_CM068744.1_Aln_Var.txt
    output: sharks/HydCol_Test2/temp/20250403_CM068744.1_Var_Only.txt
    jobid: 132
    reason: Missing output files: sharks/HydCol_Test2/temp/20250403_CM068744.1_Var_Only.txt; Input files updated by another job: sharks/HydCol_Test2/temp/20250403_CM068744.1_Aln_Var.txt
    wildcards: CLADE=sharks, SPEC_NAME=HydCol_Test2, TODAY_DATE=20250403, CHR=CM068744.1
    resources: tmpdir=/tmp


[Fri Apr  4 12:15:07 2025]
localrule GET_VAR_ONLY_PER_CHROM:
    input: sharks/HydCol_Test2/temp/20250403_CM068762.1_Aln_Var.txt
    output: sharks/HydCol_Test2/temp/20250403_CM068762.1_Var_Only.txt
    jobid: 150
    reason: Missing output files: sharks/HydCol_Test2/temp/20250403_CM068762.1_Var_Only.txt; Input files updated by another job: sharks/HydCol_Test2/temp/20250403_CM068762.1_Aln_Var.txt
    wildcards: CLADE=sharks, SPEC_NAME=HydCol_Test2, TODAY_DATE=20250403, CHR=CM068762.1
    resources: tmpdir=/tmp


[Fri Apr  4 12:15:07 2025]
localrule GET_ALN_ONLY_PER_CHROM:
    input: sharks/HydCol_Test2/temp/20250403_CM068762.1_Aln_Var.txt
    output: sharks/HydCol_Test2/temp/20250403_CM068762.1_Aln_Only.txt
    jobid: 90
    reason: Missing output files: sharks/HydCol_Test2/temp/20250403_CM068762.1_Aln_Only.txt; Input files updated by another job: sharks/HydCol_Test2/temp/20250403_CM068762.1_Aln_Var.txt
    wildcards: CLADE=sharks, SPEC_NAME=HydCol_Test2, TODAY_DATE=20250403, CHR=CM068762.1
    resources: tmpdir=/tmp


[Fri Apr  4 12:15:07 2025]
localrule GET_VAR_ONLY_PER_CHROM:
    input: sharks/HydCol_Test2/temp/20250403_CM068779.1_Aln_Var.txt
    output: sharks/HydCol_Test2/temp/20250403_CM068779.1_Var_Only.txt
    jobid: 167
    reason: Missing output files: sharks/HydCol_Test2/temp/20250403_CM068779.1_Var_Only.txt; Input files updated by another job: sharks/HydCol_Test2/temp/20250403_CM068779.1_Aln_Var.txt
    wildcards: CLADE=sharks, SPEC_NAME=HydCol_Test2, TODAY_DATE=20250403, CHR=CM068779.1
    resources: tmpdir=/tmp


[Fri Apr  4 12:15:07 2025]
localrule GET_ALN_ONLY_PER_CHROM:
    input: sharks/HydCol_Test2/temp/20250403_CM068780.1_Aln_Var.txt
    output: sharks/HydCol_Test2/temp/20250403_CM068780.1_Aln_Only.txt
    jobid: 126
    reason: Missing output files: sharks/HydCol_Test2/temp/20250403_CM068780.1_Aln_Only.txt; Input files updated by another job: sharks/HydCol_Test2/temp/20250403_CM068780.1_Aln_Var.txt
    wildcards: CLADE=sharks, SPEC_NAME=HydCol_Test2, TODAY_DATE=20250403, CHR=CM068780.1
    resources: tmpdir=/tmp


[Fri Apr  4 12:15:07 2025]
localrule GET_VAR_ONLY_PER_CHROM:
    input: sharks/HydCol_Test2/temp/20250403_CM068780.1_Aln_Var.txt
    output: sharks/HydCol_Test2/temp/20250403_CM068780.1_Var_Only.txt
    jobid: 168
    reason: Missing output files: sharks/HydCol_Test2/temp/20250403_CM068780.1_Var_Only.txt; Input files updated by another job: sharks/HydCol_Test2/temp/20250403_CM068780.1_Aln_Var.txt
    wildcards: CLADE=sharks, SPEC_NAME=HydCol_Test2, TODAY_DATE=20250403, CHR=CM068780.1
    resources: tmpdir=/tmp


[Fri Apr  4 12:15:07 2025]
localrule GET_ALN_ONLY_PER_CHROM:
    input: sharks/HydCol_Test2/temp/20250403_CM068757.1_Aln_Var.txt
    output: sharks/HydCol_Test2/temp/20250403_CM068757.1_Aln_Only.txt
    jobid: 80
    reason: Missing output files: sharks/HydCol_Test2/temp/20250403_CM068757.1_Aln_Only.txt; Input files updated by another job: sharks/HydCol_Test2/temp/20250403_CM068757.1_Aln_Var.txt
    wildcards: CLADE=sharks, SPEC_NAME=HydCol_Test2, TODAY_DATE=20250403, CHR=CM068757.1
    resources: tmpdir=/tmp


[Fri Apr  4 12:15:07 2025]
localrule GET_VAR_ONLY_PER_CHROM:
    input: sharks/HydCol_Test2/temp/20250403_CM068757.1_Aln_Var.txt
    output: sharks/HydCol_Test2/temp/20250403_CM068757.1_Var_Only.txt
    jobid: 145
    reason: Missing output files: sharks/HydCol_Test2/temp/20250403_CM068757.1_Var_Only.txt; Input files updated by another job: sharks/HydCol_Test2/temp/20250403_CM068757.1_Aln_Var.txt
    wildcards: CLADE=sharks, SPEC_NAME=HydCol_Test2, TODAY_DATE=20250403, CHR=CM068757.1
    resources: tmpdir=/tmp


[Fri Apr  4 12:15:07 2025]
localrule GET_ALN_ONLY_PER_CHROM:
    input: sharks/HydCol_Test2/temp/20250403_CM068766.1_Aln_Var.txt
    output: sharks/HydCol_Test2/temp/20250403_CM068766.1_Aln_Only.txt
    jobid: 98
    reason: Missing output files: sharks/HydCol_Test2/temp/20250403_CM068766.1_Aln_Only.txt; Input files updated by another job: sharks/HydCol_Test2/temp/20250403_CM068766.1_Aln_Var.txt
    wildcards: CLADE=sharks, SPEC_NAME=HydCol_Test2, TODAY_DATE=20250403, CHR=CM068766.1
    resources: tmpdir=/tmp


[Fri Apr  4 12:15:07 2025]
localrule GET_VAR_ONLY_PER_CHROM:
    input: sharks/HydCol_Test2/temp/20250403_CM068766.1_Aln_Var.txt
    output: sharks/HydCol_Test2/temp/20250403_CM068766.1_Var_Only.txt
    jobid: 154
    reason: Missing output files: sharks/HydCol_Test2/temp/20250403_CM068766.1_Var_Only.txt; Input files updated by another job: sharks/HydCol_Test2/temp/20250403_CM068766.1_Aln_Var.txt
    wildcards: CLADE=sharks, SPEC_NAME=HydCol_Test2, TODAY_DATE=20250403, CHR=CM068766.1
    resources: tmpdir=/tmp


[Fri Apr  4 12:15:07 2025]
localrule GET_VAR_ONLY_PER_CHROM:
    input: sharks/HydCol_Test2/temp/20250403_CM068743.1_Aln_Var.txt
    output: sharks/HydCol_Test2/temp/20250403_CM068743.1_Var_Only.txt
    jobid: 131
    reason: Missing output files: sharks/HydCol_Test2/temp/20250403_CM068743.1_Var_Only.txt; Input files updated by another job: sharks/HydCol_Test2/temp/20250403_CM068743.1_Aln_Var.txt
    wildcards: CLADE=sharks, SPEC_NAME=HydCol_Test2, TODAY_DATE=20250403, CHR=CM068743.1
    resources: tmpdir=/tmp


[Fri Apr  4 12:15:07 2025]
localrule GET_ALN_ONLY_PER_CHROM:
    input: sharks/HydCol_Test2/temp/20250403_CM068745.1_Aln_Var.txt
    output: sharks/HydCol_Test2/temp/20250403_CM068745.1_Aln_Only.txt
    jobid: 56
    reason: Missing output files: sharks/HydCol_Test2/temp/20250403_CM068745.1_Aln_Only.txt; Input files updated by another job: sharks/HydCol_Test2/temp/20250403_CM068745.1_Aln_Var.txt
    wildcards: CLADE=sharks, SPEC_NAME=HydCol_Test2, TODAY_DATE=20250403, CHR=CM068745.1
    resources: tmpdir=/tmp


[Fri Apr  4 12:15:08 2025]
localrule GET_ALN_ONLY_PER_CHROM:
    input: sharks/HydCol_Test2/temp/20250403_CM068779.1_Aln_Var.txt
    output: sharks/HydCol_Test2/temp/20250403_CM068779.1_Aln_Only.txt
    jobid: 124
    reason: Missing output files: sharks/HydCol_Test2/temp/20250403_CM068779.1_Aln_Only.txt; Input files updated by another job: sharks/HydCol_Test2/temp/20250403_CM068779.1_Aln_Var.txt
    wildcards: CLADE=sharks, SPEC_NAME=HydCol_Test2, TODAY_DATE=20250403, CHR=CM068779.1
    resources: tmpdir=/tmp


[Fri Apr  4 12:15:08 2025]
localrule GET_VAR_ONLY_PER_CHROM:
    input: sharks/HydCol_Test2/temp/20250403_CM068745.1_Aln_Var.txt
    output: sharks/HydCol_Test2/temp/20250403_CM068745.1_Var_Only.txt
    jobid: 133
    reason: Missing output files: sharks/HydCol_Test2/temp/20250403_CM068745.1_Var_Only.txt; Input files updated by another job: sharks/HydCol_Test2/temp/20250403_CM068745.1_Aln_Var.txt
    wildcards: CLADE=sharks, SPEC_NAME=HydCol_Test2, TODAY_DATE=20250403, CHR=CM068745.1
    resources: tmpdir=/tmp


[Fri Apr  4 12:15:08 2025]
localrule GET_ALN_ONLY_PER_CHROM:
    input: sharks/HydCol_Test2/temp/20250403_CM068743.1_Aln_Var.txt
    output: sharks/HydCol_Test2/temp/20250403_CM068743.1_Aln_Only.txt
    jobid: 52
    reason: Missing output files: sharks/HydCol_Test2/temp/20250403_CM068743.1_Aln_Only.txt; Input files updated by another job: sharks/HydCol_Test2/temp/20250403_CM068743.1_Aln_Var.txt
    wildcards: CLADE=sharks, SPEC_NAME=HydCol_Test2, TODAY_DATE=20250403, CHR=CM068743.1
    resources: tmpdir=/tmp


[Fri Apr  4 12:15:08 2025]
localrule GET_ALN_ONLY_PER_CHROM:
    input: sharks/HydCol_Test2/temp/20250403_CM068763.1_Aln_Var.txt
    output: sharks/HydCol_Test2/temp/20250403_CM068763.1_Aln_Only.txt
    jobid: 92
    reason: Missing output files: sharks/HydCol_Test2/temp/20250403_CM068763.1_Aln_Only.txt; Input files updated by another job: sharks/HydCol_Test2/temp/20250403_CM068763.1_Aln_Var.txt
    wildcards: CLADE=sharks, SPEC_NAME=HydCol_Test2, TODAY_DATE=20250403, CHR=CM068763.1
    resources: tmpdir=/tmp

[Fri Apr  4 12:15:08 2025]
Finished job 158.
131 of 170 steps (77%) done
[Fri Apr  4 12:15:08 2025]
Finished job 88.
132 of 170 steps (78%) done
[Fri Apr  4 12:15:08 2025]
Finished job 157.
133 of 170 steps (78%) done
[Fri Apr  4 12:15:08 2025]
Finished job 143.
134 of 170 steps (79%) done
[Fri Apr  4 12:15:08 2025]
Finished job 136.
135 of 170 steps (79%) done
[Fri Apr  4 12:15:08 2025]
Finished job 151.
136 of 170 steps (80%) done
[Fri Apr  4 12:15:08 2025]
Finished job 54.
137 of 170 steps (81%) done
[Fri Apr  4 12:15:08 2025]
Finished job 150.
138 of 170 steps (81%) done
[Fri Apr  4 12:15:08 2025]
Finished job 167.
139 of 170 steps (82%) done
[Fri Apr  4 12:15:08 2025]
Finished job 126.
140 of 170 steps (82%) done
[Fri Apr  4 12:15:08 2025]
Finished job 90.
141 of 170 steps (83%) done
[Fri Apr  4 12:15:08 2025]
Finished job 168.
142 of 170 steps (84%) done
[Fri Apr  4 12:15:08 2025]
Finished job 132.
143 of 170 steps (84%) done
[Fri Apr  4 12:15:08 2025]
Finished job 80.
144 of 170 steps (85%) done
[Fri Apr  4 12:15:08 2025]
Finished job 145.
145 of 170 steps (85%) done
[Fri Apr  4 12:15:08 2025]
Finished job 98.
146 of 170 steps (86%) done
[Fri Apr  4 12:15:08 2025]
Finished job 154.
147 of 170 steps (86%) done
[Fri Apr  4 12:15:08 2025]
Finished job 124.
148 of 170 steps (87%) done
[Fri Apr  4 12:15:08 2025]
Finished job 56.
149 of 170 steps (88%) done
[Fri Apr  4 12:15:08 2025]
Finished job 92.
150 of 170 steps (88%) done
[Fri Apr  4 12:15:08 2025]
Finished job 131.
151 of 170 steps (89%) done
[Fri Apr  4 12:15:08 2025]
Finished job 133.
152 of 170 steps (89%) done
[Fri Apr  4 12:15:08 2025]
Finished job 52.
153 of 170 steps (90%) done
[Fri Apr  4 12:15:55 2025]
Finished job 111.
154 of 170 steps (91%) done
Select jobs to execute...
Execute 2 jobs...

[Fri Apr  4 12:15:55 2025]
localrule GET_ALN_ONLY_PER_CHROM:
    input: sharks/HydCol_Test2/temp/20250403_CM068772.1_Aln_Var.txt
    output: sharks/HydCol_Test2/temp/20250403_CM068772.1_Aln_Only.txt
    jobid: 110
    reason: Missing output files: sharks/HydCol_Test2/temp/20250403_CM068772.1_Aln_Only.txt; Input files updated by another job: sharks/HydCol_Test2/temp/20250403_CM068772.1_Aln_Var.txt
    wildcards: CLADE=sharks, SPEC_NAME=HydCol_Test2, TODAY_DATE=20250403, CHR=CM068772.1
    resources: tmpdir=/tmp


[Fri Apr  4 12:15:55 2025]
localrule GET_VAR_ONLY_PER_CHROM:
    input: sharks/HydCol_Test2/temp/20250403_CM068772.1_Aln_Var.txt
    output: sharks/HydCol_Test2/temp/20250403_CM068772.1_Var_Only.txt
    jobid: 160
    reason: Missing output files: sharks/HydCol_Test2/temp/20250403_CM068772.1_Var_Only.txt; Input files updated by another job: sharks/HydCol_Test2/temp/20250403_CM068772.1_Aln_Var.txt
    wildcards: CLADE=sharks, SPEC_NAME=HydCol_Test2, TODAY_DATE=20250403, CHR=CM068772.1
    resources: tmpdir=/tmp

[Fri Apr  4 12:15:55 2025]
Finished job 110.
155 of 170 steps (91%) done
[Fri Apr  4 12:15:55 2025]
Finished job 160.
156 of 170 steps (92%) done
[Fri Apr  4 12:15:56 2025]
Finished job 61.
157 of 170 steps (92%) done
Select jobs to execute...
Execute 2 jobs...

[Fri Apr  4 12:15:56 2025]
localrule GET_VAR_ONLY_PER_CHROM:
    input: sharks/HydCol_Test2/temp/20250403_CM068747.1_Aln_Var.txt
    output: sharks/HydCol_Test2/temp/20250403_CM068747.1_Var_Only.txt
    jobid: 135
    reason: Missing output files: sharks/HydCol_Test2/temp/20250403_CM068747.1_Var_Only.txt; Input files updated by another job: sharks/HydCol_Test2/temp/20250403_CM068747.1_Aln_Var.txt
    wildcards: CLADE=sharks, SPEC_NAME=HydCol_Test2, TODAY_DATE=20250403, CHR=CM068747.1
    resources: tmpdir=/tmp


[Fri Apr  4 12:15:56 2025]
localrule GET_ALN_ONLY_PER_CHROM:
    input: sharks/HydCol_Test2/temp/20250403_CM068747.1_Aln_Var.txt
    output: sharks/HydCol_Test2/temp/20250403_CM068747.1_Aln_Only.txt
    jobid: 60
    reason: Missing output files: sharks/HydCol_Test2/temp/20250403_CM068747.1_Aln_Only.txt; Input files updated by another job: sharks/HydCol_Test2/temp/20250403_CM068747.1_Aln_Var.txt
    wildcards: CLADE=sharks, SPEC_NAME=HydCol_Test2, TODAY_DATE=20250403, CHR=CM068747.1
    resources: tmpdir=/tmp

[Fri Apr  4 12:15:56 2025]
Finished job 60.
158 of 170 steps (93%) done
[Fri Apr  4 12:15:56 2025]
Finished job 135.
159 of 170 steps (94%) done
[Fri Apr  4 12:16:11 2025]
Finished job 75.
160 of 170 steps (94%) done
Select jobs to execute...
Execute 2 jobs...

[Fri Apr  4 12:16:12 2025]
localrule GET_VAR_ONLY_PER_CHROM:
    input: sharks/HydCol_Test2/temp/20250403_CM068754.1_Aln_Var.txt
    output: sharks/HydCol_Test2/temp/20250403_CM068754.1_Var_Only.txt
    jobid: 142
    reason: Missing output files: sharks/HydCol_Test2/temp/20250403_CM068754.1_Var_Only.txt; Input files updated by another job: sharks/HydCol_Test2/temp/20250403_CM068754.1_Aln_Var.txt
    wildcards: CLADE=sharks, SPEC_NAME=HydCol_Test2, TODAY_DATE=20250403, CHR=CM068754.1
    resources: tmpdir=/tmp


[Fri Apr  4 12:16:12 2025]
localrule GET_ALN_ONLY_PER_CHROM:
    input: sharks/HydCol_Test2/temp/20250403_CM068754.1_Aln_Var.txt
    output: sharks/HydCol_Test2/temp/20250403_CM068754.1_Aln_Only.txt
    jobid: 74
    reason: Missing output files: sharks/HydCol_Test2/temp/20250403_CM068754.1_Aln_Only.txt; Input files updated by another job: sharks/HydCol_Test2/temp/20250403_CM068754.1_Aln_Var.txt
    wildcards: CLADE=sharks, SPEC_NAME=HydCol_Test2, TODAY_DATE=20250403, CHR=CM068754.1
    resources: tmpdir=/tmp

[Fri Apr  4 12:16:12 2025]
Finished job 74.
161 of 170 steps (95%) done
[Fri Apr  4 12:16:12 2025]
Finished job 142.
162 of 170 steps (95%) done
[Fri Apr  4 12:18:47 2025]
Finished job 67.
163 of 170 steps (96%) done
Select jobs to execute...
Execute 2 jobs...

[Fri Apr  4 12:18:47 2025]
localrule GET_ALN_ONLY_PER_CHROM:
    input: sharks/HydCol_Test2/temp/20250403_CM068750.1_Aln_Var.txt
    output: sharks/HydCol_Test2/temp/20250403_CM068750.1_Aln_Only.txt
    jobid: 66
    reason: Missing output files: sharks/HydCol_Test2/temp/20250403_CM068750.1_Aln_Only.txt; Input files updated by another job: sharks/HydCol_Test2/temp/20250403_CM068750.1_Aln_Var.txt
    wildcards: CLADE=sharks, SPEC_NAME=HydCol_Test2, TODAY_DATE=20250403, CHR=CM068750.1
    resources: tmpdir=/tmp


[Fri Apr  4 12:18:47 2025]
localrule GET_VAR_ONLY_PER_CHROM:
    input: sharks/HydCol_Test2/temp/20250403_CM068750.1_Aln_Var.txt
    output: sharks/HydCol_Test2/temp/20250403_CM068750.1_Var_Only.txt
    jobid: 138
    reason: Missing output files: sharks/HydCol_Test2/temp/20250403_CM068750.1_Var_Only.txt; Input files updated by another job: sharks/HydCol_Test2/temp/20250403_CM068750.1_Aln_Var.txt
    wildcards: CLADE=sharks, SPEC_NAME=HydCol_Test2, TODAY_DATE=20250403, CHR=CM068750.1
    resources: tmpdir=/tmp

[Fri Apr  4 12:18:47 2025]
Finished job 66.
164 of 170 steps (96%) done
[Fri Apr  4 12:18:47 2025]
Finished job 138.
165 of 170 steps (97%) done
