host: login-q-3
Building DAG of jobs...
SLURM run ID: 2774e316-4c6c-465a-8d9d-ad7e1d4af9ee
Using shell: /usr/bin/bash
Provided remote nodes: 10
Job stats:
job                       count
----------------------  -------
ALNCHAIN                      1
ALNtoPAF                      1
CALC_HET_PER_CHR             35
CALC_HET_WHOLE_GENOME         1
COMPILE_HET                   1
COMPILE_ROH                   1
FASTGA                        1
FILTER_PAF_CHR_ONLY           1
FILTER_PAF_VARIANCE           1
FROH_PER_AUT_CHR             35
GET_ALN_ONLY_PER_CHROM       35
GET_VAR_ONLY_PER_CHROM       35
GET_WHOLE_ALN                 1
GET_WHOLE_VAR                 1
PLOT_HET_PER_CHR             35
PLOT_WHOLE_HET                1
Plot_ROH                      1
ROH_CALC                     35
SORT_PAF                      1
WHOLE_FROH                    1
all                           1
total                       225

Select jobs to execute...
Execute 1 jobs...

[Sat Apr 26 10:25:20 2025]
rule FASTGA:
    input: sharks/HypSab/temp/HypSab_GCF_030144855.1.gix, sharks/HypSab/temp/HypSab_GCA_030144785.1.gix
    output: sharks/HypSab/HypSab_ALN.1aln
    jobid: 5
    reason: Missing output files: sharks/HypSab/HypSab_ALN.1aln
    resources: mem_mb=100000, mem_mib=95368, disk_mb=1000, disk_mib=954, tmpdir=<TBD>, slurm_account=DURBIN-SL2-CPU, slurm_partition=icelake-himem, runtime=720

Job 5 has been submitted with SLURM jobid 8762648 (log: /rds/project/rds-p67MZilb2eQ/projects/VGP/heterozygosity/.snakemake/slurm_logs/rule_FASTGA/8762648.log).
