host: login-p-4
Building DAG of jobs...
Using shell: /usr/bin/bash
Provided cores: 56
Rules claiming more threads will be scaled down.
Job stats:
job              count
-------------  -------
ALNCHAIN             1
ALNtoPAF             1
GET_WHOLE_ALN        1
GET_WHOLE_VAR        1
SORT_PAF             1
all                  1
total                6

Select jobs to execute...
Execute 1 jobs...

[Wed Apr 16 17:29:44 2025]
localrule ALNCHAIN:
    input: sharks/NarBan/NarBan_ALN.1aln
    output: sharks/NarBan/NarBan_ALN.chain.1aln
    jobid: 3
    reason: Missing output files: sharks/NarBan/NarBan_ALN.chain.1aln
    resources: tmpdir=/tmp

[Wed Apr 16 17:29:50 2025]
Finished job 3.
1 of 6 steps (17%) done
Select jobs to execute...
Execute 1 jobs...

[Wed Apr 16 17:29:50 2025]
localrule ALNtoPAF:
    input: sharks/NarBan/NarBan_ALN.chain.1aln
    output: sharks/NarBan/NarBan_FASTGA.chain.paf
    jobid: 2
    reason: Missing output files: sharks/NarBan/NarBan_FASTGA.chain.paf; Input files updated by another job: sharks/NarBan/NarBan_ALN.chain.1aln
    resources: tmpdir=/tmp

[Wed Apr 16 17:30:25 2025]
Finished job 2.
2 of 6 steps (33%) done
Select jobs to execute...
Execute 1 jobs...

[Wed Apr 16 17:30:25 2025]
localrule SORT_PAF:
    input: sharks/NarBan/NarBan_FASTGA.chain.paf
    output: sharks/NarBan/NarBan_FASTGA.chain.srt.paf
    jobid: 1
    reason: Missing output files: sharks/NarBan/NarBan_FASTGA.chain.srt.paf; Input files updated by another job: sharks/NarBan/NarBan_FASTGA.chain.paf
    resources: tmpdir=/tmp

[Wed Apr 16 17:30:34 2025]
Finished job 1.
3 of 6 steps (50%) done
Select jobs to execute...
Execute 2 jobs...

[Wed Apr 16 17:30:36 2025]
localrule GET_WHOLE_VAR:
    input: sharks/NarBan/NarBan_FASTGA.chain.srt.paf
    output: sharks/NarBan/temp/NarBan_Var_Only.txt
    jobid: 9
    reason: Missing output files: sharks/NarBan/temp/NarBan_Var_Only.txt; Input files updated by another job: sharks/NarBan/NarBan_FASTGA.chain.srt.paf
    resources: tmpdir=/tmp


[Wed Apr 16 17:30:36 2025]
localrule GET_WHOLE_ALN:
    input: sharks/NarBan/NarBan_FASTGA.chain.srt.paf
    output: sharks/NarBan/temp/NarBan_Aln_Only.txt
    jobid: 10
    reason: Missing output files: sharks/NarBan/temp/NarBan_Aln_Only.txt; Input files updated by another job: sharks/NarBan/NarBan_FASTGA.chain.srt.paf
    resources: tmpdir=/tmp

