host: login-p-2
Building DAG of jobs...
Using shell: /usr/bin/bash
Provided cores: 1 (use --cores to define parallelism)
Rules claiming more threads will be scaled down.
Job stats:
job         count
--------  -------
ALNtoPAF        1
FASTGA          1
all             1
total           3

Select jobs to execute...
Execute 1 jobs...

[Fri Mar 14 18:04:12 2025]
localrule FASTGA:
    output: amphibians/EleCoq/EleCoq_ALN.1aln
    jobid: 2
    reason: Missing output files: amphibians/EleCoq/EleCoq_ALN.1aln
    resources: tmpdir=/tmp

RuleException:
CalledProcessError in file /rds/project/rds-p67MZilb2eQ/projects/VGP/heterozygosity/Snakefile, line 93:
Command 'set -euo pipefail;  
        FastGA -v -P. -T8 -1:amphibians/EleCoq/EleCoq_ALN amphibians/EleCoq/temp/EleCoq_GCA_035609145.1.gix amphibians/EleCoq/temp/EleCoq_GCA_035609135.1.gix' returned non-zero exit status 1.
[Fri Mar 14 18:04:12 2025]
Error in rule FASTGA:
    jobid: 2
    output: amphibians/EleCoq/EleCoq_ALN.1aln
    shell:
        
        FastGA -v -P. -T8 -1:amphibians/EleCoq/EleCoq_ALN amphibians/EleCoq/temp/EleCoq_GCA_035609145.1.gix amphibians/EleCoq/temp/EleCoq_GCA_035609135.1.gix
        
        (one of the commands exited with non-zero exit code; note that snakemake uses bash strict mode!)

Removing output files of failed job FASTGA since they might be corrupted:
amphibians/EleCoq/EleCoq_ALN.1aln
Shutting down, this might take some time.
Exiting because a job execution failed. Look above for error message
Complete log: .snakemake/log/2025-03-14T180412.239369.snakemake.log
WorkflowError:
At least one job did not complete successfully.
