host: login-p-1
Building DAG of jobs...
Using shell: /usr/bin/bash
Provided cores: 56
Rules claiming more threads will be scaled down.
Job stats:
job         count
--------  -------
ROH_CALC        5
all             1
total           6

Select jobs to execute...
Execute 5 jobs...

[Wed Mar 26 15:26:00 2025]
localrule ROH_CALC:
    input: sharks/HydCol_Test/temp/20250326_CM068742.1_Aln_Only.txt, sharks/HydCol_Test/temp/20250326_CM068742.1_Var_Only.txt, sharks/HydCol_Test/Reference_HydCol_Test_Chroms_Lengths.txt
    output: sharks/HydCol_Test/20250326_CM068742.1_ROH_Results.txt
    jobid: 27
    reason: Missing output files: sharks/HydCol_Test/20250326_CM068742.1_ROH_Results.txt; Code has changed since last execution
    wildcards: CLADE=sharks, SPEC_NAME=HydCol_Test, TODAY_DATE=20250326, CHR=CM068742.1
    resources: tmpdir=/tmp


[Wed Mar 26 15:26:00 2025]
localrule ROH_CALC:
    input: sharks/HydCol_Test/temp/20250326_CM068744.1_Aln_Only.txt, sharks/HydCol_Test/temp/20250326_CM068744.1_Var_Only.txt, sharks/HydCol_Test/Reference_HydCol_Test_Chroms_Lengths.txt
    output: sharks/HydCol_Test/20250326_CM068744.1_ROH_Results.txt
    jobid: 30
    reason: Missing output files: sharks/HydCol_Test/20250326_CM068744.1_ROH_Results.txt; Code has changed since last execution
    wildcards: CLADE=sharks, SPEC_NAME=HydCol_Test, TODAY_DATE=20250326, CHR=CM068744.1
    resources: tmpdir=/tmp


[Wed Mar 26 15:26:00 2025]
localrule ROH_CALC:
    input: sharks/HydCol_Test/temp/20250326_CM068746.1_Aln_Only.txt, sharks/HydCol_Test/temp/20250326_CM068746.1_Var_Only.txt, sharks/HydCol_Test/Reference_HydCol_Test_Chroms_Lengths.txt
    output: sharks/HydCol_Test/20250326_CM068746.1_ROH_Results.txt
    jobid: 32
    reason: Missing output files: sharks/HydCol_Test/20250326_CM068746.1_ROH_Results.txt; Code has changed since last execution
    wildcards: CLADE=sharks, SPEC_NAME=HydCol_Test, TODAY_DATE=20250326, CHR=CM068746.1
    resources: tmpdir=/tmp


[Wed Mar 26 15:26:00 2025]
localrule ROH_CALC:
    input: sharks/HydCol_Test/temp/20250326_CM068743.1_Aln_Only.txt, sharks/HydCol_Test/temp/20250326_CM068743.1_Var_Only.txt, sharks/HydCol_Test/Reference_HydCol_Test_Chroms_Lengths.txt
    output: sharks/HydCol_Test/20250326_CM068743.1_ROH_Results.txt
    jobid: 29
    reason: Missing output files: sharks/HydCol_Test/20250326_CM068743.1_ROH_Results.txt; Code has changed since last execution
    wildcards: CLADE=sharks, SPEC_NAME=HydCol_Test, TODAY_DATE=20250326, CHR=CM068743.1
    resources: tmpdir=/tmp


[Wed Mar 26 15:26:00 2025]
localrule ROH_CALC:
    input: sharks/HydCol_Test/temp/20250326_CM068745.1_Aln_Only.txt, sharks/HydCol_Test/temp/20250326_CM068745.1_Var_Only.txt, sharks/HydCol_Test/Reference_HydCol_Test_Chroms_Lengths.txt
    output: sharks/HydCol_Test/20250326_CM068745.1_ROH_Results.txt
    jobid: 31
    reason: Missing output files: sharks/HydCol_Test/20250326_CM068745.1_ROH_Results.txt; Code has changed since last execution
    wildcards: CLADE=sharks, SPEC_NAME=HydCol_Test, TODAY_DATE=20250326, CHR=CM068745.1
    resources: tmpdir=/tmp

Waiting at most 5 seconds for missing files:
sharks/HydCol_Test/20250326_CM068746.1_ROH_Results.txt (missing locally)
MissingOutputException in rule ROH_CALC in file /rds/project/rds-p67MZilb2eQ/projects/VGP/heterozygosity/Snakefile, line 276:
Job 32  completed successfully, but some output files are missing. Missing files after 5 seconds. This might be due to filesystem latency. If that is the case, consider to increase the wait time with --latency-wait:
sharks/HydCol_Test/20250326_CM068746.1_ROH_Results.txt (missing locally, parent dir contents: GCA_035084275.1.mm2.srt.paf, temp, 20250326_CM068746.1_filtered.paf, HydCol_Test_FASTGA.paf, 20250326_CM068742.1_filtered.paf, 20250326_CM068745.1_filtered.paf, 20250326_CM068743.1_filtered.paf, 20250326_CM068744.1_filtered.paf, Reference_HydCol_Test_Chroms_Lengths.txt, HydCol_Test_ALN.1aln)
Waiting at most 5 seconds for missing files:
sharks/HydCol_Test/20250326_CM068745.1_ROH_Results.txt (missing locally)
MissingOutputException in rule ROH_CALC in file /rds/project/rds-p67MZilb2eQ/projects/VGP/heterozygosity/Snakefile, line 276:
Job 31  completed successfully, but some output files are missing. Missing files after 5 seconds. This might be due to filesystem latency. If that is the case, consider to increase the wait time with --latency-wait:
sharks/HydCol_Test/20250326_CM068745.1_ROH_Results.txt (missing locally, parent dir contents: GCA_035084275.1.mm2.srt.paf, temp, 20250326_CM068746.1_filtered.paf, HydCol_Test_FASTGA.paf, 20250326_CM068742.1_filtered.paf, 20250326_CM068745.1_filtered.paf, 20250326_CM068743.1_filtered.paf, 20250326_CM068744.1_filtered.paf, Reference_HydCol_Test_Chroms_Lengths.txt, HydCol_Test_ALN.1aln)
Waiting at most 5 seconds for missing files:
sharks/HydCol_Test/20250326_CM068744.1_ROH_Results.txt (missing locally)
MissingOutputException in rule ROH_CALC in file /rds/project/rds-p67MZilb2eQ/projects/VGP/heterozygosity/Snakefile, line 276:
Job 30  completed successfully, but some output files are missing. Missing files after 5 seconds. This might be due to filesystem latency. If that is the case, consider to increase the wait time with --latency-wait:
sharks/HydCol_Test/20250326_CM068744.1_ROH_Results.txt (missing locally, parent dir contents: GCA_035084275.1.mm2.srt.paf, temp, 20250326_CM068746.1_filtered.paf, HydCol_Test_FASTGA.paf, 20250326_CM068742.1_filtered.paf, 20250326_CM068745.1_filtered.paf, 20250326_CM068743.1_filtered.paf, 20250326_CM068744.1_filtered.paf, Reference_HydCol_Test_Chroms_Lengths.txt, HydCol_Test_ALN.1aln)
Waiting at most 5 seconds for missing files:
sharks/HydCol_Test/20250326_CM068743.1_ROH_Results.txt (missing locally)
MissingOutputException in rule ROH_CALC in file /rds/project/rds-p67MZilb2eQ/projects/VGP/heterozygosity/Snakefile, line 276:
Job 29  completed successfully, but some output files are missing. Missing files after 5 seconds. This might be due to filesystem latency. If that is the case, consider to increase the wait time with --latency-wait:
sharks/HydCol_Test/20250326_CM068743.1_ROH_Results.txt (missing locally, parent dir contents: GCA_035084275.1.mm2.srt.paf, temp, 20250326_CM068746.1_filtered.paf, HydCol_Test_FASTGA.paf, 20250326_CM068742.1_filtered.paf, 20250326_CM068745.1_filtered.paf, 20250326_CM068743.1_filtered.paf, 20250326_CM068744.1_filtered.paf, Reference_HydCol_Test_Chroms_Lengths.txt, HydCol_Test_ALN.1aln)
Waiting at most 5 seconds for missing files:
sharks/HydCol_Test/20250326_CM068742.1_ROH_Results.txt (missing locally)
MissingOutputException in rule ROH_CALC in file /rds/project/rds-p67MZilb2eQ/projects/VGP/heterozygosity/Snakefile, line 276:
Job 27  completed successfully, but some output files are missing. Missing files after 5 seconds. This might be due to filesystem latency. If that is the case, consider to increase the wait time with --latency-wait:
sharks/HydCol_Test/20250326_CM068742.1_ROH_Results.txt (missing locally, parent dir contents: GCA_035084275.1.mm2.srt.paf, temp, 20250326_CM068746.1_filtered.paf, HydCol_Test_FASTGA.paf, 20250326_CM068742.1_filtered.paf, 20250326_CM068745.1_filtered.paf, 20250326_CM068743.1_filtered.paf, 20250326_CM068744.1_filtered.paf, Reference_HydCol_Test_Chroms_Lengths.txt, HydCol_Test_ALN.1aln)
Shutting down, this might take some time.
Exiting because a job execution failed. Look above for error message
Complete log: .snakemake/log/2025-03-26T152600.160183.snakemake.log
WorkflowError:
At least one job did not complete successfully.
