host: login-q-1
Building DAG of jobs...
MissingInputException in rule RUN_PRIMARY_MSMC in file /rds/project/rds-p67MZilb2eQ/projects/VGP/heterozygosity/Snakefile, line 779:
Missing input files for rule RUN_PRIMARY_MSMC:
    output: sharks/HetFra/20250411_HetFra.msmc2.loop.txt, sharks/HetFra/20250411_HetFra.msmc2.log, sharks/HetFra/20250411_HetFra.msmc2.final.txt
    wildcards: CLADE=sharks, SPEC_NAME=HetFra, TODAY_DATE=20250411
    affected files:
        sharks/HetFra/MSMC/Output_multihet_filtered_95/CM070964.1_multihet.txt
        sharks/HetFra/MSMC/Output_multihet_filtered_95/CM070971.1_multihet.txt
        sharks/HetFra/MSMC/Output_multihet_filtered_95/CM070999.1_multihet.txt
        sharks/HetFra/MSMC/Output_multihet_filtered_95/CM070973.1_multihet.txt
        sharks/HetFra/MSMC/Output_multihet_filtered_95/CM071007.1_multihet.txt
        sharks/HetFra/MSMC/Output_multihet_filtered_95/CM071008.1_multihet.txt
        sharks/HetFra/MSMC/Output_multihet_filtered_95/CM070967.1_multihet.txt
        sharks/HetFra/MSMC/Output_multihet_filtered_95/CM070962.1_multihet.txt
        sharks/HetFra/MSMC/Output_multihet_filtered_95/CM070965.1_multihet.txt
        sharks/HetFra/MSMC/Output_multihet_filtered_95/CM070972.1_multihet.txt
        sharks/HetFra/MSMC/Output_multihet_filtered_95/CM071004.1_multihet.txt
        sharks/HetFra/MSMC/Output_multihet_filtered_95/CM071000.1_multihet.txt
        sharks/HetFra/MSMC/Output_multihet_filtered_95/CM070976.1_multihet.txt
        sharks/HetFra/MSMC/Output_multihet_filtered_95/CM070988.1_multihet.txt
        sharks/HetFra/MSMC/Output_multihet_filtered_95/CM070983.1_multihet.txt
        sharks/HetFra/MSMC/Output_multihet_filtered_95/CM070989.1_multihet.txt
        sharks/HetFra/MSMC/Output_multihet_filtered_95/CM070979.1_multihet.txt
        sharks/HetFra/MSMC/Output_multihet_filtered_95/CM070993.1_multihet.txt
        sharks/HetFra/MSMC/Output_multihet_filtered_95/CM070974.1_multihet.txt
        sharks/HetFra/MSMC/Output_multihet_filtered_95/CM071009.1_multihet.txt
        sharks/HetFra/MSMC/Output_multihet_filtered_95/CM070963.1_multihet.txt
        sharks/HetFra/MSMC/Output_multihet_filtered_95/CM071011.1_multihet.txt
        sharks/HetFra/MSMC/Output_multihet_filtered_95/CM070970.1_multihet.txt
        sharks/HetFra/MSMC/Output_multihet_filtered_95/CM070978.1_multihet.txt
        sharks/HetFra/MSMC/Output_multihet_filtered_95/CM070969.1_multihet.txt
        sharks/HetFra/MSMC/Output_multihet_filtered_95/CM071003.1_multihet.txt
        sharks/HetFra/MSMC/Output_multihet_filtered_95/CM071005.1_multihet.txt
        sharks/HetFra/MSMC/Output_multihet_filtered_95/CM071010.1_multihet.txt
        sharks/HetFra/MSMC/Output_multihet_filtered_95/CM070975.1_multihet.txt
        sharks/HetFra/MSMC/Output_multihet_filtered_95/CM070987.1_multihet.txt
        sharks/HetFra/MSMC/Output_multihet_filtered_95/CM070977.1_multihet.txt
        sharks/HetFra/MSMC/Output_multihet_filtered_95/CM070966.1_multihet.txt
        sharks/HetFra/MSMC/Output_multihet_filtered_95/CM070991.1_multihet.txt
        sharks/HetFra/MSMC/Output_multihet_filtered_95/CM070996.1_multihet.txt
        sharks/HetFra/MSMC/Output_multihet_filtered_95/CM071001.1_multihet.txt
        sharks/HetFra/MSMC/Output_multihet_filtered_95/CM071002.1_multihet.txt
        sharks/HetFra/MSMC/Output_multihet_filtered_95/CM071006.1_multihet.txt
        sharks/HetFra/MSMC/Output_multihet_filtered_95/CM070984.1_multihet.txt
        sharks/HetFra/MSMC/Output_multihet_filtered_95/CM070994.1_multihet.txt
        sharks/HetFra/MSMC/Output_multihet_filtered_95/CM070990.1_multihet.txt
        sharks/HetFra/MSMC/Output_multihet_filtered_95/CM070998.1_multihet.txt
        sharks/HetFra/MSMC/Output_multihet_filtered_95/CM070997.1_multihet.txt
        sharks/HetFra/MSMC/Output_multihet_filtered_95/CM070981.1_multihet.txt
        sharks/HetFra/MSMC/Output_multihet_filtered_95/CM070986.1_multihet.txt
        sharks/HetFra/MSMC/Output_multihet_filtered_95/CM070980.1_multihet.txt
        sharks/HetFra/MSMC/Output_multihet_filtered_95/CM070985.1_multihet.txt
        sharks/HetFra/MSMC/Output_multihet_filtered_95/CM070982.1_multihet.txt
        sharks/HetFra/MSMC/Output_multihet_filtered_95/CM070992.1_multihet.txt
        sharks/HetFra/MSMC/Output_multihet_filtered_95/CM070968.1_multihet.txt
        sharks/HetFra/MSMC/Output_multihet_filtered_95/CM070995.1_multihet.txt
