host: login-q-3
Building DAG of jobs...
SLURM run ID: e12e7b7b-9cc5-4b24-a757-37fd8fbaa8ef
Using shell: /usr/bin/bash
Provided remote nodes: 30
Job stats:
job                    count
-------------------  -------
BGZIP_VCF                 45
CALL_PLOIDY               45
EXTRACT_CHR_FASTA         45
INDEX_BAM_FILE            45
INDEX_WHOLE_BAM            1
MAKE_BAM                   1
PILEUP_VARIANTS           45
REMOVE_INDELS             45
RESTRUCTURE               45
SEPARATE_BAM_BY_CHR       45
UNZIP_REFERENCE            1
all                        1
total                    364

Select jobs to execute...
Execute 2 jobs...

[Tue May 27 09:38:22 2025]
rule UNZIP_REFERENCE:
    input: /rds/project/rds-p67MZilb2eQ/projects/VGP/250430.VGP-Phase1/alignment/reference/sharks/GCA_035084215.1.fa.gz
    output: sharks/HepPer/temp/GCA_035084215.1.fa
    jobid: 385
    reason: Missing output files: sharks/HepPer/temp/GCA_035084215.1.fa
    wildcards: CLADE=sharks, SPEC_NAME=HepPer, REF_NAME=GCA_035084215.1
    resources: mem_mb=10000, mem_mib=9537, disk_mb=1872, disk_mib=1786, tmpdir=<TBD>, slurm_account=DURBIN-SL2-CPU, slurm_partition=cclake-himem, runtime=60

Job 385 has been submitted with SLURM jobid 9987963 (log: /rds/project/rds-p67MZilb2eQ/projects/VGP/heterozygosity/.snakemake/slurm_logs/rule_UNZIP_REFERENCE/sharks_HepPer_GCA_035084215.1/9987963.log).

[Tue May 27 09:38:24 2025]
rule MAKE_BAM:
    input: sharks/HepPer/HepPer.sam
    output: sharks/HepPer/HepPer.bam
    jobid: 293
    reason: Missing output files: sharks/HepPer/HepPer.bam
    wildcards: CLADE=sharks, SPEC_NAME=HepPer
    resources: mem_mb=10000, mem_mib=9537, disk_mb=14171, disk_mib=13515, tmpdir=<TBD>, slurm_account=DURBIN-SL2-CPU, slurm_partition=cclake-himem, runtime=60

Job 293 has been submitted with SLURM jobid 9987964 (log: /rds/project/rds-p67MZilb2eQ/projects/VGP/heterozygosity/.snakemake/slurm_logs/rule_MAKE_BAM/sharks_HepPer/9987964.log).
[Tue May 27 09:46:24 2025]
Finished job 385.
1 of 364 steps (0.3%) done
Select jobs to execute...
Execute 29 jobs...

[Tue May 27 09:46:24 2025]
rule EXTRACT_CHR_FASTA:
    input: sharks/HepPer/temp/GCA_035084215.1.fa
    output: sharks/HepPer/temp/CM068651.1.fasta
    jobid: 400
    reason: Missing output files: sharks/HepPer/temp/CM068651.1.fasta; Input files updated by another job: sharks/HepPer/temp/GCA_035084215.1.fa
    wildcards: CLADE=sharks, SPEC_NAME=HepPer, CHROM=CM068651.1
    resources: mem_mb=10000, mem_mib=9537, disk_mb=6323, disk_mib=6031, tmpdir=<TBD>, slurm_account=DURBIN-SL2-CPU, slurm_partition=cclake-himem, runtime=60

Job 400 has been submitted with SLURM jobid 9988091 (log: /rds/project/rds-p67MZilb2eQ/projects/VGP/heterozygosity/.snakemake/slurm_logs/rule_EXTRACT_CHR_FASTA/sharks_HepPer_CM068651.1/9988091.log).

[Tue May 27 09:46:24 2025]
rule EXTRACT_CHR_FASTA:
    input: sharks/HepPer/temp/GCA_035084215.1.fa
    output: sharks/HepPer/temp/CM068638.1.fasta
    jobid: 387
    reason: Missing output files: sharks/HepPer/temp/CM068638.1.fasta; Input files updated by another job: sharks/HepPer/temp/GCA_035084215.1.fa
    wildcards: CLADE=sharks, SPEC_NAME=HepPer, CHROM=CM068638.1
    resources: mem_mb=10000, mem_mib=9537, disk_mb=6323, disk_mib=6031, tmpdir=<TBD>, slurm_account=DURBIN-SL2-CPU, slurm_partition=cclake-himem, runtime=60

Job 387 has been submitted with SLURM jobid 9988092 (log: /rds/project/rds-p67MZilb2eQ/projects/VGP/heterozygosity/.snakemake/slurm_logs/rule_EXTRACT_CHR_FASTA/sharks_HepPer_CM068638.1/9988092.log).

[Tue May 27 09:46:26 2025]
rule EXTRACT_CHR_FASTA:
    input: sharks/HepPer/temp/GCA_035084215.1.fa
    output: sharks/HepPer/temp/CM068680.1.fasta
    jobid: 429
    reason: Missing output files: sharks/HepPer/temp/CM068680.1.fasta; Input files updated by another job: sharks/HepPer/temp/GCA_035084215.1.fa
    wildcards: CLADE=sharks, SPEC_NAME=HepPer, CHROM=CM068680.1
    resources: mem_mb=10000, mem_mib=9537, disk_mb=6323, disk_mib=6031, tmpdir=<TBD>, slurm_account=DURBIN-SL2-CPU, slurm_partition=cclake-himem, runtime=60

Job 429 has been submitted with SLURM jobid 9988093 (log: /rds/project/rds-p67MZilb2eQ/projects/VGP/heterozygosity/.snakemake/slurm_logs/rule_EXTRACT_CHR_FASTA/sharks_HepPer_CM068680.1/9988093.log).

[Tue May 27 09:46:26 2025]
rule EXTRACT_CHR_FASTA:
    input: sharks/HepPer/temp/GCA_035084215.1.fa
    output: sharks/HepPer/temp/CM068673.1.fasta
    jobid: 422
    reason: Missing output files: sharks/HepPer/temp/CM068673.1.fasta; Input files updated by another job: sharks/HepPer/temp/GCA_035084215.1.fa
    wildcards: CLADE=sharks, SPEC_NAME=HepPer, CHROM=CM068673.1
    resources: mem_mb=10000, mem_mib=9537, disk_mb=6323, disk_mib=6031, tmpdir=<TBD>, slurm_account=DURBIN-SL2-CPU, slurm_partition=cclake-himem, runtime=60

Job 422 has been submitted with SLURM jobid 9988094 (log: /rds/project/rds-p67MZilb2eQ/projects/VGP/heterozygosity/.snakemake/slurm_logs/rule_EXTRACT_CHR_FASTA/sharks_HepPer_CM068673.1/9988094.log).

[Tue May 27 09:46:26 2025]
rule EXTRACT_CHR_FASTA:
    input: sharks/HepPer/temp/GCA_035084215.1.fa
    output: sharks/HepPer/temp/CM068666.1.fasta
    jobid: 415
    reason: Missing output files: sharks/HepPer/temp/CM068666.1.fasta; Input files updated by another job: sharks/HepPer/temp/GCA_035084215.1.fa
    wildcards: CLADE=sharks, SPEC_NAME=HepPer, CHROM=CM068666.1
    resources: mem_mb=10000, mem_mib=9537, disk_mb=6323, disk_mib=6031, tmpdir=<TBD>, slurm_account=DURBIN-SL2-CPU, slurm_partition=cclake-himem, runtime=60

Job 415 has been submitted with SLURM jobid 9988095 (log: /rds/project/rds-p67MZilb2eQ/projects/VGP/heterozygosity/.snakemake/slurm_logs/rule_EXTRACT_CHR_FASTA/sharks_HepPer_CM068666.1/9988095.log).

[Tue May 27 09:46:27 2025]
rule EXTRACT_CHR_FASTA:
    input: sharks/HepPer/temp/GCA_035084215.1.fa
    output: sharks/HepPer/temp/CM068659.1.fasta
    jobid: 408
    reason: Missing output files: sharks/HepPer/temp/CM068659.1.fasta; Input files updated by another job: sharks/HepPer/temp/GCA_035084215.1.fa
    wildcards: CLADE=sharks, SPEC_NAME=HepPer, CHROM=CM068659.1
    resources: mem_mb=10000, mem_mib=9537, disk_mb=6323, disk_mib=6031, tmpdir=<TBD>, slurm_account=DURBIN-SL2-CPU, slurm_partition=cclake-himem, runtime=60

Job 408 has been submitted with SLURM jobid 9988096 (log: /rds/project/rds-p67MZilb2eQ/projects/VGP/heterozygosity/.snakemake/slurm_logs/rule_EXTRACT_CHR_FASTA/sharks_HepPer_CM068659.1/9988096.log).

[Tue May 27 09:46:29 2025]
rule EXTRACT_CHR_FASTA:
    input: sharks/HepPer/temp/GCA_035084215.1.fa
    output: sharks/HepPer/temp/CM068652.1.fasta
    jobid: 401
    reason: Missing output files: sharks/HepPer/temp/CM068652.1.fasta; Input files updated by another job: sharks/HepPer/temp/GCA_035084215.1.fa
    wildcards: CLADE=sharks, SPEC_NAME=HepPer, CHROM=CM068652.1
    resources: mem_mb=10000, mem_mib=9537, disk_mb=6323, disk_mib=6031, tmpdir=<TBD>, slurm_account=DURBIN-SL2-CPU, slurm_partition=cclake-himem, runtime=60

Job 401 has been submitted with SLURM jobid 9988097 (log: /rds/project/rds-p67MZilb2eQ/projects/VGP/heterozygosity/.snakemake/slurm_logs/rule_EXTRACT_CHR_FASTA/sharks_HepPer_CM068652.1/9988097.log).

[Tue May 27 09:46:29 2025]
rule EXTRACT_CHR_FASTA:
    input: sharks/HepPer/temp/GCA_035084215.1.fa
    output: sharks/HepPer/temp/CM068645.1.fasta
    jobid: 394
    reason: Missing output files: sharks/HepPer/temp/CM068645.1.fasta; Input files updated by another job: sharks/HepPer/temp/GCA_035084215.1.fa
    wildcards: CLADE=sharks, SPEC_NAME=HepPer, CHROM=CM068645.1
    resources: mem_mb=10000, mem_mib=9537, disk_mb=6323, disk_mib=6031, tmpdir=<TBD>, slurm_account=DURBIN-SL2-CPU, slurm_partition=cclake-himem, runtime=60

Job 394 has been submitted with SLURM jobid 9988098 (log: /rds/project/rds-p67MZilb2eQ/projects/VGP/heterozygosity/.snakemake/slurm_logs/rule_EXTRACT_CHR_FASTA/sharks_HepPer_CM068645.1/9988098.log).

[Tue May 27 09:46:29 2025]
rule EXTRACT_CHR_FASTA:
    input: sharks/HepPer/temp/GCA_035084215.1.fa
    output: sharks/HepPer/temp/CM068639.1.fasta
    jobid: 388
    reason: Missing output files: sharks/HepPer/temp/CM068639.1.fasta; Input files updated by another job: sharks/HepPer/temp/GCA_035084215.1.fa
    wildcards: CLADE=sharks, SPEC_NAME=HepPer, CHROM=CM068639.1
    resources: mem_mb=10000, mem_mib=9537, disk_mb=6323, disk_mib=6031, tmpdir=<TBD>, slurm_account=DURBIN-SL2-CPU, slurm_partition=cclake-himem, runtime=60

Job 388 has been submitted with SLURM jobid 9988099 (log: /rds/project/rds-p67MZilb2eQ/projects/VGP/heterozygosity/.snakemake/slurm_logs/rule_EXTRACT_CHR_FASTA/sharks_HepPer_CM068639.1/9988099.log).

[Tue May 27 09:46:31 2025]
rule EXTRACT_CHR_FASTA:
    input: sharks/HepPer/temp/GCA_035084215.1.fa
    output: sharks/HepPer/temp/CM068681.1.fasta
    jobid: 430
    reason: Missing output files: sharks/HepPer/temp/CM068681.1.fasta; Input files updated by another job: sharks/HepPer/temp/GCA_035084215.1.fa
    wildcards: CLADE=sharks, SPEC_NAME=HepPer, CHROM=CM068681.1
    resources: mem_mb=10000, mem_mib=9537, disk_mb=6323, disk_mib=6031, tmpdir=<TBD>, slurm_account=DURBIN-SL2-CPU, slurm_partition=cclake-himem, runtime=60

Job 430 has been submitted with SLURM jobid 9988100 (log: /rds/project/rds-p67MZilb2eQ/projects/VGP/heterozygosity/.snakemake/slurm_logs/rule_EXTRACT_CHR_FASTA/sharks_HepPer_CM068681.1/9988100.log).

[Tue May 27 09:46:32 2025]
rule EXTRACT_CHR_FASTA:
    input: sharks/HepPer/temp/GCA_035084215.1.fa
    output: sharks/HepPer/temp/CM068674.1.fasta
    jobid: 423
    reason: Missing output files: sharks/HepPer/temp/CM068674.1.fasta; Input files updated by another job: sharks/HepPer/temp/GCA_035084215.1.fa
    wildcards: CLADE=sharks, SPEC_NAME=HepPer, CHROM=CM068674.1
    resources: mem_mb=10000, mem_mib=9537, disk_mb=6323, disk_mib=6031, tmpdir=<TBD>, slurm_account=DURBIN-SL2-CPU, slurm_partition=cclake-himem, runtime=60

Job 423 has been submitted with SLURM jobid 9988101 (log: /rds/project/rds-p67MZilb2eQ/projects/VGP/heterozygosity/.snakemake/slurm_logs/rule_EXTRACT_CHR_FASTA/sharks_HepPer_CM068674.1/9988101.log).

[Tue May 27 09:46:32 2025]
rule EXTRACT_CHR_FASTA:
    input: sharks/HepPer/temp/GCA_035084215.1.fa
    output: sharks/HepPer/temp/CM068667.1.fasta
    jobid: 416
    reason: Missing output files: sharks/HepPer/temp/CM068667.1.fasta; Input files updated by another job: sharks/HepPer/temp/GCA_035084215.1.fa
    wildcards: CLADE=sharks, SPEC_NAME=HepPer, CHROM=CM068667.1
    resources: mem_mb=10000, mem_mib=9537, disk_mb=6323, disk_mib=6031, tmpdir=<TBD>, slurm_account=DURBIN-SL2-CPU, slurm_partition=cclake-himem, runtime=60

Job 416 has been submitted with SLURM jobid 9988102 (log: /rds/project/rds-p67MZilb2eQ/projects/VGP/heterozygosity/.snakemake/slurm_logs/rule_EXTRACT_CHR_FASTA/sharks_HepPer_CM068667.1/9988102.log).

[Tue May 27 09:46:34 2025]
rule EXTRACT_CHR_FASTA:
    input: sharks/HepPer/temp/GCA_035084215.1.fa
    output: sharks/HepPer/temp/CM068668.1.fasta
    jobid: 417
    reason: Missing output files: sharks/HepPer/temp/CM068668.1.fasta; Input files updated by another job: sharks/HepPer/temp/GCA_035084215.1.fa
    wildcards: CLADE=sharks, SPEC_NAME=HepPer, CHROM=CM068668.1
    resources: mem_mb=10000, mem_mib=9537, disk_mb=6323, disk_mib=6031, tmpdir=<TBD>, slurm_account=DURBIN-SL2-CPU, slurm_partition=cclake-himem, runtime=60

Job 417 has been submitted with SLURM jobid 9988103 (log: /rds/project/rds-p67MZilb2eQ/projects/VGP/heterozygosity/.snakemake/slurm_logs/rule_EXTRACT_CHR_FASTA/sharks_HepPer_CM068668.1/9988103.log).

[Tue May 27 09:46:34 2025]
rule EXTRACT_CHR_FASTA:
    input: sharks/HepPer/temp/GCA_035084215.1.fa
    output: sharks/HepPer/temp/CM068642.1.fasta
    jobid: 391
    reason: Missing output files: sharks/HepPer/temp/CM068642.1.fasta; Input files updated by another job: sharks/HepPer/temp/GCA_035084215.1.fa
    wildcards: CLADE=sharks, SPEC_NAME=HepPer, CHROM=CM068642.1
    resources: mem_mb=10000, mem_mib=9537, disk_mb=6323, disk_mib=6031, tmpdir=<TBD>, slurm_account=DURBIN-SL2-CPU, slurm_partition=cclake-himem, runtime=60

Job 391 has been submitted with SLURM jobid 9988104 (log: /rds/project/rds-p67MZilb2eQ/projects/VGP/heterozygosity/.snakemake/slurm_logs/rule_EXTRACT_CHR_FASTA/sharks_HepPer_CM068642.1/9988104.log).

[Tue May 27 09:46:34 2025]
rule EXTRACT_CHR_FASTA:
    input: sharks/HepPer/temp/GCA_035084215.1.fa
    output: sharks/HepPer/temp/CM068677.1.fasta
    jobid: 426
    reason: Missing output files: sharks/HepPer/temp/CM068677.1.fasta; Input files updated by another job: sharks/HepPer/temp/GCA_035084215.1.fa
    wildcards: CLADE=sharks, SPEC_NAME=HepPer, CHROM=CM068677.1
    resources: mem_mb=10000, mem_mib=9537, disk_mb=6323, disk_mib=6031, tmpdir=<TBD>, slurm_account=DURBIN-SL2-CPU, slurm_partition=cclake-himem, runtime=60

Job 426 has been submitted with SLURM jobid 9988105 (log: /rds/project/rds-p67MZilb2eQ/projects/VGP/heterozygosity/.snakemake/slurm_logs/rule_EXTRACT_CHR_FASTA/sharks_HepPer_CM068677.1/9988105.log).

[Tue May 27 09:46:37 2025]
rule EXTRACT_CHR_FASTA:
    input: sharks/HepPer/temp/GCA_035084215.1.fa
    output: sharks/HepPer/temp/CM068670.1.fasta
    jobid: 419
    reason: Missing output files: sharks/HepPer/temp/CM068670.1.fasta; Input files updated by another job: sharks/HepPer/temp/GCA_035084215.1.fa
    wildcards: CLADE=sharks, SPEC_NAME=HepPer, CHROM=CM068670.1
    resources: mem_mb=10000, mem_mib=9537, disk_mb=6323, disk_mib=6031, tmpdir=<TBD>, slurm_account=DURBIN-SL2-CPU, slurm_partition=cclake-himem, runtime=60

Job 419 has been submitted with SLURM jobid 9988106 (log: /rds/project/rds-p67MZilb2eQ/projects/VGP/heterozygosity/.snakemake/slurm_logs/rule_EXTRACT_CHR_FASTA/sharks_HepPer_CM068670.1/9988106.log).

[Tue May 27 09:46:37 2025]
rule EXTRACT_CHR_FASTA:
    input: sharks/HepPer/temp/GCA_035084215.1.fa
    output: sharks/HepPer/temp/CM068663.1.fasta
    jobid: 412
    reason: Missing output files: sharks/HepPer/temp/CM068663.1.fasta; Input files updated by another job: sharks/HepPer/temp/GCA_035084215.1.fa
    wildcards: CLADE=sharks, SPEC_NAME=HepPer, CHROM=CM068663.1
    resources: mem_mb=10000, mem_mib=9537, disk_mb=6323, disk_mib=6031, tmpdir=<TBD>, slurm_account=DURBIN-SL2-CPU, slurm_partition=cclake-himem, runtime=60

Job 412 has been submitted with SLURM jobid 9988107 (log: /rds/project/rds-p67MZilb2eQ/projects/VGP/heterozygosity/.snakemake/slurm_logs/rule_EXTRACT_CHR_FASTA/sharks_HepPer_CM068663.1/9988107.log).

[Tue May 27 09:46:37 2025]
rule EXTRACT_CHR_FASTA:
    input: sharks/HepPer/temp/GCA_035084215.1.fa
    output: sharks/HepPer/temp/CM068656.1.fasta
    jobid: 405
    reason: Missing output files: sharks/HepPer/temp/CM068656.1.fasta; Input files updated by another job: sharks/HepPer/temp/GCA_035084215.1.fa
    wildcards: CLADE=sharks, SPEC_NAME=HepPer, CHROM=CM068656.1
    resources: mem_mb=10000, mem_mib=9537, disk_mb=6323, disk_mib=6031, tmpdir=<TBD>, slurm_account=DURBIN-SL2-CPU, slurm_partition=cclake-himem, runtime=60

Job 405 has been submitted with SLURM jobid 9988108 (log: /rds/project/rds-p67MZilb2eQ/projects/VGP/heterozygosity/.snakemake/slurm_logs/rule_EXTRACT_CHR_FASTA/sharks_HepPer_CM068656.1/9988108.log).

[Tue May 27 09:46:39 2025]
rule EXTRACT_CHR_FASTA:
    input: sharks/HepPer/temp/GCA_035084215.1.fa
    output: sharks/HepPer/temp/CM068649.1.fasta
    jobid: 398
    reason: Missing output files: sharks/HepPer/temp/CM068649.1.fasta; Input files updated by another job: sharks/HepPer/temp/GCA_035084215.1.fa
    wildcards: CLADE=sharks, SPEC_NAME=HepPer, CHROM=CM068649.1
    resources: mem_mb=10000, mem_mib=9537, disk_mb=6323, disk_mib=6031, tmpdir=<TBD>, slurm_account=DURBIN-SL2-CPU, slurm_partition=cclake-himem, runtime=60

Job 398 has been submitted with SLURM jobid 9988109 (log: /rds/project/rds-p67MZilb2eQ/projects/VGP/heterozygosity/.snakemake/slurm_logs/rule_EXTRACT_CHR_FASTA/sharks_HepPer_CM068649.1/9988109.log).

[Tue May 27 09:46:39 2025]
rule EXTRACT_CHR_FASTA:
    input: sharks/HepPer/temp/GCA_035084215.1.fa
    output: sharks/HepPer/temp/CM068643.1.fasta
    jobid: 392
    reason: Missing output files: sharks/HepPer/temp/CM068643.1.fasta; Input files updated by another job: sharks/HepPer/temp/GCA_035084215.1.fa
    wildcards: CLADE=sharks, SPEC_NAME=HepPer, CHROM=CM068643.1
    resources: mem_mb=10000, mem_mib=9537, disk_mb=6323, disk_mib=6031, tmpdir=<TBD>, slurm_account=DURBIN-SL2-CPU, slurm_partition=cclake-himem, runtime=60

Job 392 has been submitted with SLURM jobid 9988110 (log: /rds/project/rds-p67MZilb2eQ/projects/VGP/heterozygosity/.snakemake/slurm_logs/rule_EXTRACT_CHR_FASTA/sharks_HepPer_CM068643.1/9988110.log).

[Tue May 27 09:46:40 2025]
rule EXTRACT_CHR_FASTA:
    input: sharks/HepPer/temp/GCA_035084215.1.fa
    output: sharks/HepPer/temp/CM068678.1.fasta
    jobid: 427
    reason: Missing output files: sharks/HepPer/temp/CM068678.1.fasta; Input files updated by another job: sharks/HepPer/temp/GCA_035084215.1.fa
    wildcards: CLADE=sharks, SPEC_NAME=HepPer, CHROM=CM068678.1
    resources: mem_mb=10000, mem_mib=9537, disk_mb=6323, disk_mib=6031, tmpdir=<TBD>, slurm_account=DURBIN-SL2-CPU, slurm_partition=cclake-himem, runtime=60

Job 427 has been submitted with SLURM jobid 9988111 (log: /rds/project/rds-p67MZilb2eQ/projects/VGP/heterozygosity/.snakemake/slurm_logs/rule_EXTRACT_CHR_FASTA/sharks_HepPer_CM068678.1/9988111.log).

[Tue May 27 09:46:42 2025]
rule EXTRACT_CHR_FASTA:
    input: sharks/HepPer/temp/GCA_035084215.1.fa
    output: sharks/HepPer/temp/CM068671.1.fasta
    jobid: 420
    reason: Missing output files: sharks/HepPer/temp/CM068671.1.fasta; Input files updated by another job: sharks/HepPer/temp/GCA_035084215.1.fa
    wildcards: CLADE=sharks, SPEC_NAME=HepPer, CHROM=CM068671.1
    resources: mem_mb=10000, mem_mib=9537, disk_mb=6323, disk_mib=6031, tmpdir=<TBD>, slurm_account=DURBIN-SL2-CPU, slurm_partition=cclake-himem, runtime=60

Job 420 has been submitted with SLURM jobid 9988112 (log: /rds/project/rds-p67MZilb2eQ/projects/VGP/heterozygosity/.snakemake/slurm_logs/rule_EXTRACT_CHR_FASTA/sharks_HepPer_CM068671.1/9988112.log).

[Tue May 27 09:46:42 2025]
rule EXTRACT_CHR_FASTA:
    input: sharks/HepPer/temp/GCA_035084215.1.fa
    output: sharks/HepPer/temp/CM068664.1.fasta
    jobid: 413
    reason: Missing output files: sharks/HepPer/temp/CM068664.1.fasta; Input files updated by another job: sharks/HepPer/temp/GCA_035084215.1.fa
    wildcards: CLADE=sharks, SPEC_NAME=HepPer, CHROM=CM068664.1
    resources: mem_mb=10000, mem_mib=9537, disk_mb=6323, disk_mib=6031, tmpdir=<TBD>, slurm_account=DURBIN-SL2-CPU, slurm_partition=cclake-himem, runtime=60

Job 413 has been submitted with SLURM jobid 9988113 (log: /rds/project/rds-p67MZilb2eQ/projects/VGP/heterozygosity/.snakemake/slurm_logs/rule_EXTRACT_CHR_FASTA/sharks_HepPer_CM068664.1/9988113.log).

[Tue May 27 09:46:42 2025]
rule EXTRACT_CHR_FASTA:
    input: sharks/HepPer/temp/GCA_035084215.1.fa
    output: sharks/HepPer/temp/CM068657.1.fasta
    jobid: 406
    reason: Missing output files: sharks/HepPer/temp/CM068657.1.fasta; Input files updated by another job: sharks/HepPer/temp/GCA_035084215.1.fa
    wildcards: CLADE=sharks, SPEC_NAME=HepPer, CHROM=CM068657.1
    resources: mem_mb=10000, mem_mib=9537, disk_mb=6323, disk_mib=6031, tmpdir=<TBD>, slurm_account=DURBIN-SL2-CPU, slurm_partition=cclake-himem, runtime=60

Job 406 has been submitted with SLURM jobid 9988114 (log: /rds/project/rds-p67MZilb2eQ/projects/VGP/heterozygosity/.snakemake/slurm_logs/rule_EXTRACT_CHR_FASTA/sharks_HepPer_CM068657.1/9988114.log).

[Tue May 27 09:46:45 2025]
rule EXTRACT_CHR_FASTA:
    input: sharks/HepPer/temp/GCA_035084215.1.fa
    output: sharks/HepPer/temp/CM068650.1.fasta
    jobid: 399
    reason: Missing output files: sharks/HepPer/temp/CM068650.1.fasta; Input files updated by another job: sharks/HepPer/temp/GCA_035084215.1.fa
    wildcards: CLADE=sharks, SPEC_NAME=HepPer, CHROM=CM068650.1
    resources: mem_mb=10000, mem_mib=9537, disk_mb=6323, disk_mib=6031, tmpdir=<TBD>, slurm_account=DURBIN-SL2-CPU, slurm_partition=cclake-himem, runtime=60

Job 399 has been submitted with SLURM jobid 9988115 (log: /rds/project/rds-p67MZilb2eQ/projects/VGP/heterozygosity/.snakemake/slurm_logs/rule_EXTRACT_CHR_FASTA/sharks_HepPer_CM068650.1/9988115.log).

[Tue May 27 09:46:45 2025]
rule EXTRACT_CHR_FASTA:
    input: sharks/HepPer/temp/GCA_035084215.1.fa
    output: sharks/HepPer/temp/CM068637.1.fasta
    jobid: 386
    reason: Missing output files: sharks/HepPer/temp/CM068637.1.fasta; Input files updated by another job: sharks/HepPer/temp/GCA_035084215.1.fa
    wildcards: CLADE=sharks, SPEC_NAME=HepPer, CHROM=CM068637.1
    resources: mem_mb=10000, mem_mib=9537, disk_mb=6323, disk_mib=6031, tmpdir=<TBD>, slurm_account=DURBIN-SL2-CPU, slurm_partition=cclake-himem, runtime=60

Job 386 has been submitted with SLURM jobid 9988116 (log: /rds/project/rds-p67MZilb2eQ/projects/VGP/heterozygosity/.snakemake/slurm_logs/rule_EXTRACT_CHR_FASTA/sharks_HepPer_CM068637.1/9988116.log).

[Tue May 27 09:46:45 2025]
rule EXTRACT_CHR_FASTA:
    input: sharks/HepPer/temp/GCA_035084215.1.fa
    output: sharks/HepPer/temp/CM068679.1.fasta
    jobid: 428
    reason: Missing output files: sharks/HepPer/temp/CM068679.1.fasta; Input files updated by another job: sharks/HepPer/temp/GCA_035084215.1.fa
    wildcards: CLADE=sharks, SPEC_NAME=HepPer, CHROM=CM068679.1
    resources: mem_mb=10000, mem_mib=9537, disk_mb=6323, disk_mib=6031, tmpdir=<TBD>, slurm_account=DURBIN-SL2-CPU, slurm_partition=cclake-himem, runtime=60

Job 428 has been submitted with SLURM jobid 9988117 (log: /rds/project/rds-p67MZilb2eQ/projects/VGP/heterozygosity/.snakemake/slurm_logs/rule_EXTRACT_CHR_FASTA/sharks_HepPer_CM068679.1/9988117.log).

[Tue May 27 09:46:47 2025]
rule EXTRACT_CHR_FASTA:
    input: sharks/HepPer/temp/GCA_035084215.1.fa
    output: sharks/HepPer/temp/CM068672.1.fasta
    jobid: 421
    reason: Missing output files: sharks/HepPer/temp/CM068672.1.fasta; Input files updated by another job: sharks/HepPer/temp/GCA_035084215.1.fa
    wildcards: CLADE=sharks, SPEC_NAME=HepPer, CHROM=CM068672.1
    resources: mem_mb=10000, mem_mib=9537, disk_mb=6323, disk_mib=6031, tmpdir=<TBD>, slurm_account=DURBIN-SL2-CPU, slurm_partition=cclake-himem, runtime=60

Job 421 has been submitted with SLURM jobid 9988118 (log: /rds/project/rds-p67MZilb2eQ/projects/VGP/heterozygosity/.snakemake/slurm_logs/rule_EXTRACT_CHR_FASTA/sharks_HepPer_CM068672.1/9988118.log).

[Tue May 27 09:46:47 2025]
rule EXTRACT_CHR_FASTA:
    input: sharks/HepPer/temp/GCA_035084215.1.fa
    output: sharks/HepPer/temp/CM068665.1.fasta
    jobid: 414
    reason: Missing output files: sharks/HepPer/temp/CM068665.1.fasta; Input files updated by another job: sharks/HepPer/temp/GCA_035084215.1.fa
    wildcards: CLADE=sharks, SPEC_NAME=HepPer, CHROM=CM068665.1
    resources: mem_mb=10000, mem_mib=9537, disk_mb=6323, disk_mib=6031, tmpdir=<TBD>, slurm_account=DURBIN-SL2-CPU, slurm_partition=cclake-himem, runtime=60

Job 414 has been submitted with SLURM jobid 9988119 (log: /rds/project/rds-p67MZilb2eQ/projects/VGP/heterozygosity/.snakemake/slurm_logs/rule_EXTRACT_CHR_FASTA/sharks_HepPer_CM068665.1/9988119.log).
[Tue May 27 09:54:35 2025]
Finished job 293.
2 of 364 steps (1%) done
Select jobs to execute...
Execute 1 jobs...

[Tue May 27 09:54:35 2025]
rule EXTRACT_CHR_FASTA:
    input: sharks/HepPer/temp/GCA_035084215.1.fa
    output: sharks/HepPer/temp/CM068676.1.fasta
    jobid: 425
    reason: Missing output files: sharks/HepPer/temp/CM068676.1.fasta; Input files updated by another job: sharks/HepPer/temp/GCA_035084215.1.fa
    wildcards: CLADE=sharks, SPEC_NAME=HepPer, CHROM=CM068676.1
    resources: mem_mb=10000, mem_mib=9537, disk_mb=6323, disk_mib=6031, tmpdir=<TBD>, slurm_account=DURBIN-SL2-CPU, slurm_partition=cclake-himem, runtime=60

Job 425 has been submitted with SLURM jobid 9988283 (log: /rds/project/rds-p67MZilb2eQ/projects/VGP/heterozygosity/.snakemake/slurm_logs/rule_EXTRACT_CHR_FASTA/sharks_HepPer_CM068676.1/9988283.log).
[Tue May 27 09:56:05 2025]
Finished job 400.
3 of 364 steps (1%) done
Select jobs to execute...
Execute 1 jobs...

[Tue May 27 09:56:05 2025]
rule SEPARATE_BAM_BY_CHR:
    input: sharks/HepPer/HepPer.bam
    output: sharks/HepPer/HepPer_CM068655.1.bam
    jobid: 313
    reason: Missing output files: sharks/HepPer/HepPer_CM068655.1.bam; Input files updated by another job: sharks/HepPer/HepPer.bam; Code has changed since last execution
    wildcards: CLADE=sharks, SPEC_NAME=HepPer, CHROM=CM068655.1
    resources: mem_mb=10000, mem_mib=9537, disk_mb=4328, disk_mib=4128, tmpdir=<TBD>, slurm_account=DURBIN-SL2-CPU, slurm_partition=cclake-himem, runtime=60

Job 313 has been submitted with SLURM jobid 9988327 (log: /rds/project/rds-p67MZilb2eQ/projects/VGP/heterozygosity/.snakemake/slurm_logs/rule_SEPARATE_BAM_BY_CHR/sharks_HepPer_CM068655.1/9988327.log).
[Tue May 27 09:56:06 2025]
Finished job 387.
4 of 364 steps (1%) done
[Tue May 27 09:56:06 2025]
Finished job 429.
5 of 364 steps (1%) done
[Tue May 27 09:56:06 2025]
Finished job 422.
6 of 364 steps (2%) done
[Tue May 27 09:56:06 2025]
Finished job 415.
7 of 364 steps (2%) done
[Tue May 27 09:56:06 2025]
Finished job 408.
8 of 364 steps (2%) done
[Tue May 27 09:56:06 2025]
Finished job 401.
9 of 364 steps (2%) done
[Tue May 27 09:56:06 2025]
Finished job 394.
10 of 364 steps (3%) done
[Tue May 27 09:56:06 2025]
Finished job 388.
11 of 364 steps (3%) done
[Tue May 27 09:56:06 2025]
Finished job 430.
12 of 364 steps (3%) done
[Tue May 27 09:56:06 2025]
Finished job 423.
13 of 364 steps (4%) done
[Tue May 27 09:56:06 2025]
Finished job 416.
14 of 364 steps (4%) done
[Tue May 27 09:56:06 2025]
Finished job 417.
15 of 364 steps (4%) done
[Tue May 27 09:56:06 2025]
Finished job 391.
16 of 364 steps (4%) done
[Tue May 27 09:56:06 2025]
Finished job 426.
17 of 364 steps (5%) done
Select jobs to execute...
Execute 14 jobs...

[Tue May 27 09:56:06 2025]
rule SEPARATE_BAM_BY_CHR:
    input: sharks/HepPer/HepPer.bam
    output: sharks/HepPer/HepPer_CM068678.1.bam
    jobid: 336
    reason: Missing output files: sharks/HepPer/HepPer_CM068678.1.bam; Input files updated by another job: sharks/HepPer/HepPer.bam; Code has changed since last execution
    wildcards: CLADE=sharks, SPEC_NAME=HepPer, CHROM=CM068678.1
    resources: mem_mb=10000, mem_mib=9537, disk_mb=4328, disk_mib=4128, tmpdir=<TBD>, slurm_account=DURBIN-SL2-CPU, slurm_partition=cclake-himem, runtime=60

Job 336 has been submitted with SLURM jobid 9988328 (log: /rds/project/rds-p67MZilb2eQ/projects/VGP/heterozygosity/.snakemake/slurm_logs/rule_SEPARATE_BAM_BY_CHR/sharks_HepPer_CM068678.1/9988328.log).

[Tue May 27 09:56:09 2025]
rule SEPARATE_BAM_BY_CHR:
    input: sharks/HepPer/HepPer.bam
    output: sharks/HepPer/HepPer_CM068648.1.bam
    jobid: 306
    reason: Missing output files: sharks/HepPer/HepPer_CM068648.1.bam; Input files updated by another job: sharks/HepPer/HepPer.bam; Code has changed since last execution
    wildcards: CLADE=sharks, SPEC_NAME=HepPer, CHROM=CM068648.1
    resources: mem_mb=10000, mem_mib=9537, disk_mb=4328, disk_mib=4128, tmpdir=<TBD>, slurm_account=DURBIN-SL2-CPU, slurm_partition=cclake-himem, runtime=60

Job 306 has been submitted with SLURM jobid 9988329 (log: /rds/project/rds-p67MZilb2eQ/projects/VGP/heterozygosity/.snakemake/slurm_logs/rule_SEPARATE_BAM_BY_CHR/sharks_HepPer_CM068648.1/9988329.log).

[Tue May 27 09:56:09 2025]
rule EXTRACT_CHR_FASTA:
    input: sharks/HepPer/temp/GCA_035084215.1.fa
    output: sharks/HepPer/temp/CM068662.1.fasta
    jobid: 411
    reason: Missing output files: sharks/HepPer/temp/CM068662.1.fasta; Input files updated by another job: sharks/HepPer/temp/GCA_035084215.1.fa
    wildcards: CLADE=sharks, SPEC_NAME=HepPer, CHROM=CM068662.1
    resources: mem_mb=10000, mem_mib=9537, disk_mb=6323, disk_mib=6031, tmpdir=<TBD>, slurm_account=DURBIN-SL2-CPU, slurm_partition=cclake-himem, runtime=60

Job 411 has been submitted with SLURM jobid 9988330 (log: /rds/project/rds-p67MZilb2eQ/projects/VGP/heterozygosity/.snakemake/slurm_logs/rule_EXTRACT_CHR_FASTA/sharks_HepPer_CM068662.1/9988330.log).

[Tue May 27 09:56:09 2025]
rule SEPARATE_BAM_BY_CHR:
    input: sharks/HepPer/HepPer.bam
    output: sharks/HepPer/HepPer_CM068673.1.bam
    jobid: 331
    reason: Missing output files: sharks/HepPer/HepPer_CM068673.1.bam; Input files updated by another job: sharks/HepPer/HepPer.bam; Code has changed since last execution
    wildcards: CLADE=sharks, SPEC_NAME=HepPer, CHROM=CM068673.1
    resources: mem_mb=10000, mem_mib=9537, disk_mb=4328, disk_mib=4128, tmpdir=<TBD>, slurm_account=DURBIN-SL2-CPU, slurm_partition=cclake-himem, runtime=60

Job 331 has been submitted with SLURM jobid 9988331 (log: /rds/project/rds-p67MZilb2eQ/projects/VGP/heterozygosity/.snakemake/slurm_logs/rule_SEPARATE_BAM_BY_CHR/sharks_HepPer_CM068673.1/9988331.log).

[Tue May 27 09:56:11 2025]
rule SEPARATE_BAM_BY_CHR:
    input: sharks/HepPer/HepPer.bam
    output: sharks/HepPer/HepPer_CM068666.1.bam
    jobid: 324
    reason: Missing output files: sharks/HepPer/HepPer_CM068666.1.bam; Input files updated by another job: sharks/HepPer/HepPer.bam; Code has changed since last execution
    wildcards: CLADE=sharks, SPEC_NAME=HepPer, CHROM=CM068666.1
    resources: mem_mb=10000, mem_mib=9537, disk_mb=4328, disk_mib=4128, tmpdir=<TBD>, slurm_account=DURBIN-SL2-CPU, slurm_partition=cclake-himem, runtime=60

Job 324 has been submitted with SLURM jobid 9988332 (log: /rds/project/rds-p67MZilb2eQ/projects/VGP/heterozygosity/.snakemake/slurm_logs/rule_SEPARATE_BAM_BY_CHR/sharks_HepPer_CM068666.1/9988332.log).

[Tue May 27 09:56:11 2025]
rule SEPARATE_BAM_BY_CHR:
    input: sharks/HepPer/HepPer.bam
    output: sharks/HepPer/HepPer_CM068641.1.bam
    jobid: 299
    reason: Missing output files: sharks/HepPer/HepPer_CM068641.1.bam; Input files updated by another job: sharks/HepPer/HepPer.bam; Code has changed since last execution
    wildcards: CLADE=sharks, SPEC_NAME=HepPer, CHROM=CM068641.1
    resources: mem_mb=10000, mem_mib=9537, disk_mb=4328, disk_mib=4128, tmpdir=<TBD>, slurm_account=DURBIN-SL2-CPU, slurm_partition=cclake-himem, runtime=60

Job 299 has been submitted with SLURM jobid 9988333 (log: /rds/project/rds-p67MZilb2eQ/projects/VGP/heterozygosity/.snakemake/slurm_logs/rule_SEPARATE_BAM_BY_CHR/sharks_HepPer_CM068641.1/9988333.log).

[Tue May 27 09:56:11 2025]
rule EXTRACT_CHR_FASTA:
    input: sharks/HepPer/temp/GCA_035084215.1.fa
    output: sharks/HepPer/temp/CM068655.1.fasta
    jobid: 404
    reason: Missing output files: sharks/HepPer/temp/CM068655.1.fasta; Input files updated by another job: sharks/HepPer/temp/GCA_035084215.1.fa
    wildcards: CLADE=sharks, SPEC_NAME=HepPer, CHROM=CM068655.1
    resources: mem_mb=10000, mem_mib=9537, disk_mb=6323, disk_mib=6031, tmpdir=<TBD>, slurm_account=DURBIN-SL2-CPU, slurm_partition=cclake-himem, runtime=60

Job 404 has been submitted with SLURM jobid 9988334 (log: /rds/project/rds-p67MZilb2eQ/projects/VGP/heterozygosity/.snakemake/slurm_logs/rule_EXTRACT_CHR_FASTA/sharks_HepPer_CM068655.1/9988334.log).

[Tue May 27 09:56:12 2025]
rule EXTRACT_CHR_FASTA:
    input: sharks/HepPer/temp/GCA_035084215.1.fa
    output: sharks/HepPer/temp/CM068648.1.fasta
    jobid: 397
    reason: Missing output files: sharks/HepPer/temp/CM068648.1.fasta; Input files updated by another job: sharks/HepPer/temp/GCA_035084215.1.fa
    wildcards: CLADE=sharks, SPEC_NAME=HepPer, CHROM=CM068648.1
    resources: mem_mb=10000, mem_mib=9537, disk_mb=6323, disk_mib=6031, tmpdir=<TBD>, slurm_account=DURBIN-SL2-CPU, slurm_partition=cclake-himem, runtime=60

Job 397 has been submitted with SLURM jobid 9988335 (log: /rds/project/rds-p67MZilb2eQ/projects/VGP/heterozygosity/.snakemake/slurm_logs/rule_EXTRACT_CHR_FASTA/sharks_HepPer_CM068648.1/9988335.log).

[Tue May 27 09:56:14 2025]
rule SEPARATE_BAM_BY_CHR:
    input: sharks/HepPer/HepPer.bam
    output: sharks/HepPer/HepPer_CM068677.1.bam
    jobid: 335
    reason: Missing output files: sharks/HepPer/HepPer_CM068677.1.bam; Input files updated by another job: sharks/HepPer/HepPer.bam; Code has changed since last execution
    wildcards: CLADE=sharks, SPEC_NAME=HepPer, CHROM=CM068677.1
    resources: mem_mb=10000, mem_mib=9537, disk_mb=4328, disk_mib=4128, tmpdir=<TBD>, slurm_account=DURBIN-SL2-CPU, slurm_partition=cclake-himem, runtime=60

Job 335 has been submitted with SLURM jobid 9988336 (log: /rds/project/rds-p67MZilb2eQ/projects/VGP/heterozygosity/.snakemake/slurm_logs/rule_SEPARATE_BAM_BY_CHR/sharks_HepPer_CM068677.1/9988336.log).

[Tue May 27 09:56:14 2025]
rule SEPARATE_BAM_BY_CHR:
    input: sharks/HepPer/HepPer.bam
    output: sharks/HepPer/HepPer_CM068670.1.bam
    jobid: 328
    reason: Missing output files: sharks/HepPer/HepPer_CM068670.1.bam; Input files updated by another job: sharks/HepPer/HepPer.bam; Code has changed since last execution
    wildcards: CLADE=sharks, SPEC_NAME=HepPer, CHROM=CM068670.1
    resources: mem_mb=10000, mem_mib=9537, disk_mb=4328, disk_mib=4128, tmpdir=<TBD>, slurm_account=DURBIN-SL2-CPU, slurm_partition=cclake-himem, runtime=60

Job 328 has been submitted with SLURM jobid 9988337 (log: /rds/project/rds-p67MZilb2eQ/projects/VGP/heterozygosity/.snakemake/slurm_logs/rule_SEPARATE_BAM_BY_CHR/sharks_HepPer_CM068670.1/9988337.log).

[Tue May 27 09:56:14 2025]
rule SEPARATE_BAM_BY_CHR:
    input: sharks/HepPer/HepPer.bam
    output: sharks/HepPer/HepPer_CM068663.1.bam
    jobid: 321
    reason: Missing output files: sharks/HepPer/HepPer_CM068663.1.bam; Input files updated by another job: sharks/HepPer/HepPer.bam; Code has changed since last execution
    wildcards: CLADE=sharks, SPEC_NAME=HepPer, CHROM=CM068663.1
    resources: mem_mb=10000, mem_mib=9537, disk_mb=4328, disk_mib=4128, tmpdir=<TBD>, slurm_account=DURBIN-SL2-CPU, slurm_partition=cclake-himem, runtime=60

Job 321 has been submitted with SLURM jobid 9988338 (log: /rds/project/rds-p67MZilb2eQ/projects/VGP/heterozygosity/.snakemake/slurm_logs/rule_SEPARATE_BAM_BY_CHR/sharks_HepPer_CM068663.1/9988338.log).

[Tue May 27 09:56:17 2025]
rule SEPARATE_BAM_BY_CHR:
    input: sharks/HepPer/HepPer.bam
    output: sharks/HepPer/HepPer_CM068656.1.bam
    jobid: 314
    reason: Missing output files: sharks/HepPer/HepPer_CM068656.1.bam; Input files updated by another job: sharks/HepPer/HepPer.bam; Code has changed since last execution
    wildcards: CLADE=sharks, SPEC_NAME=HepPer, CHROM=CM068656.1
    resources: mem_mb=10000, mem_mib=9537, disk_mb=4328, disk_mib=4128, tmpdir=<TBD>, slurm_account=DURBIN-SL2-CPU, slurm_partition=cclake-himem, runtime=60

Job 314 has been submitted with SLURM jobid 9988339 (log: /rds/project/rds-p67MZilb2eQ/projects/VGP/heterozygosity/.snakemake/slurm_logs/rule_SEPARATE_BAM_BY_CHR/sharks_HepPer_CM068656.1/9988339.log).

[Tue May 27 09:56:17 2025]
rule SEPARATE_BAM_BY_CHR:
    input: sharks/HepPer/HepPer.bam
    output: sharks/HepPer/HepPer_CM068649.1.bam
    jobid: 307
    reason: Missing output files: sharks/HepPer/HepPer_CM068649.1.bam; Input files updated by another job: sharks/HepPer/HepPer.bam; Code has changed since last execution
    wildcards: CLADE=sharks, SPEC_NAME=HepPer, CHROM=CM068649.1
    resources: mem_mb=10000, mem_mib=9537, disk_mb=4328, disk_mib=4128, tmpdir=<TBD>, slurm_account=DURBIN-SL2-CPU, slurm_partition=cclake-himem, runtime=60

Job 307 has been submitted with SLURM jobid 9988340 (log: /rds/project/rds-p67MZilb2eQ/projects/VGP/heterozygosity/.snakemake/slurm_logs/rule_SEPARATE_BAM_BY_CHR/sharks_HepPer_CM068649.1/9988340.log).

[Tue May 27 09:56:19 2025]
rule SEPARATE_BAM_BY_CHR:
    input: sharks/HepPer/HepPer.bam
    output: sharks/HepPer/HepPer_CM068642.1.bam
    jobid: 300
    reason: Missing output files: sharks/HepPer/HepPer_CM068642.1.bam; Input files updated by another job: sharks/HepPer/HepPer.bam; Code has changed since last execution
    wildcards: CLADE=sharks, SPEC_NAME=HepPer, CHROM=CM068642.1
    resources: mem_mb=10000, mem_mib=9537, disk_mb=4328, disk_mib=4128, tmpdir=<TBD>, slurm_account=DURBIN-SL2-CPU, slurm_partition=cclake-himem, runtime=60

Job 300 has been submitted with SLURM jobid 9988341 (log: /rds/project/rds-p67MZilb2eQ/projects/VGP/heterozygosity/.snakemake/slurm_logs/rule_SEPARATE_BAM_BY_CHR/sharks_HepPer_CM068642.1/9988341.log).
Select jobs to execute...
Waiting for more resources.
Waiting for more resources.
Waiting for more resources.
Waiting for more resources.
Waiting for more resources.
Waiting for more resources.
Waiting for more resources.
Waiting for more resources.
Waiting for more resources.
Waiting for more resources.
Waiting for more resources.
Waiting for more resources.
Waiting for more resources.
[Tue May 27 10:06:06 2025]
Finished job 419.
18 of 364 steps (5%) done
[Tue May 27 10:06:06 2025]
Error in rule SEPARATE_BAM_BY_CHR:
    message: SLURM-job '9988327' failed, SLURM status is: 'FAILED'. For further error details see the cluster/cloud log and the log files of the involved rule(s).
    jobid: 313
    input: sharks/HepPer/HepPer.bam
    output: sharks/HepPer/HepPer_CM068655.1.bam
    log: /rds/project/rds-p67MZilb2eQ/projects/VGP/heterozygosity/.snakemake/slurm_logs/rule_SEPARATE_BAM_BY_CHR/sharks_HepPer_CM068655.1/9988327.log (check log file(s) for error details)
    shell:
        
        samtools view -b sharks/HepPer/HepPer.bam CM068655.1 > sharks/HepPer/HepPer_CM068655.1.bam
        
        (one of the commands exited with non-zero exit code; note that snakemake uses bash strict mode!)
    external_jobid: 9988327

[Tue May 27 10:06:06 2025]
Error in rule SEPARATE_BAM_BY_CHR:
    message: SLURM-job '9988328' failed, SLURM status is: 'FAILED'. For further error details see the cluster/cloud log and the log files of the involved rule(s).
    jobid: 336
    input: sharks/HepPer/HepPer.bam
    output: sharks/HepPer/HepPer_CM068678.1.bam
    log: /rds/project/rds-p67MZilb2eQ/projects/VGP/heterozygosity/.snakemake/slurm_logs/rule_SEPARATE_BAM_BY_CHR/sharks_HepPer_CM068678.1/9988328.log (check log file(s) for error details)
    shell:
        
        samtools view -b sharks/HepPer/HepPer.bam CM068678.1 > sharks/HepPer/HepPer_CM068678.1.bam
        
        (one of the commands exited with non-zero exit code; note that snakemake uses bash strict mode!)
    external_jobid: 9988328

[Tue May 27 10:06:06 2025]
Error in rule SEPARATE_BAM_BY_CHR:
    message: SLURM-job '9988329' failed, SLURM status is: 'FAILED'. For further error details see the cluster/cloud log and the log files of the involved rule(s).
    jobid: 306
    input: sharks/HepPer/HepPer.bam
    output: sharks/HepPer/HepPer_CM068648.1.bam
    log: /rds/project/rds-p67MZilb2eQ/projects/VGP/heterozygosity/.snakemake/slurm_logs/rule_SEPARATE_BAM_BY_CHR/sharks_HepPer_CM068648.1/9988329.log (check log file(s) for error details)
    shell:
        
        samtools view -b sharks/HepPer/HepPer.bam CM068648.1 > sharks/HepPer/HepPer_CM068648.1.bam
        
        (one of the commands exited with non-zero exit code; note that snakemake uses bash strict mode!)
    external_jobid: 9988329

Execute 1 jobs...

[Tue May 27 10:06:06 2025]
rule EXTRACT_CHR_FASTA:
    input: sharks/HepPer/temp/GCA_035084215.1.fa
    output: sharks/HepPer/temp/CM068647.1.fasta
    jobid: 396
    reason: Missing output files: sharks/HepPer/temp/CM068647.1.fasta; Input files updated by another job: sharks/HepPer/temp/GCA_035084215.1.fa
    wildcards: CLADE=sharks, SPEC_NAME=HepPer, CHROM=CM068647.1
    resources: mem_mb=10000, mem_mib=9537, disk_mb=6323, disk_mib=6031, tmpdir=<TBD>, slurm_account=DURBIN-SL2-CPU, slurm_partition=cclake-himem, runtime=60

Job 396 has been submitted with SLURM jobid 9988517 (log: /rds/project/rds-p67MZilb2eQ/projects/VGP/heterozygosity/.snakemake/slurm_logs/rule_EXTRACT_CHR_FASTA/sharks_HepPer_CM068647.1/9988517.log).
[Tue May 27 10:06:07 2025]
Finished job 412.
19 of 364 steps (5%) done
[Tue May 27 10:06:07 2025]
Finished job 405.
20 of 364 steps (5%) done
[Tue May 27 10:06:07 2025]
Finished job 398.
21 of 364 steps (6%) done
[Tue May 27 10:06:07 2025]
Finished job 392.
22 of 364 steps (6%) done
[Tue May 27 10:06:07 2025]
Finished job 427.
23 of 364 steps (6%) done
[Tue May 27 10:06:07 2025]
Finished job 420.
24 of 364 steps (7%) done
[Tue May 27 10:06:07 2025]
Finished job 413.
25 of 364 steps (7%) done
[Tue May 27 10:06:07 2025]
Finished job 406.
26 of 364 steps (7%) done
[Tue May 27 10:06:07 2025]
Finished job 399.
27 of 364 steps (7%) done
[Tue May 27 10:06:08 2025]
Finished job 386.
28 of 364 steps (8%) done
[Tue May 27 10:06:08 2025]
Finished job 428.
29 of 364 steps (8%) done
[Tue May 27 10:06:08 2025]
Finished job 421.
30 of 364 steps (8%) done
[Tue May 27 10:06:08 2025]
Finished job 414.
31 of 364 steps (9%) done
[Tue May 27 10:06:08 2025]
Finished job 425.
32 of 364 steps (9%) done
[Tue May 27 10:06:08 2025]
Finished job 411.
33 of 364 steps (9%) done
Select jobs to execute...
Execute 18 jobs...

[Tue May 27 10:06:08 2025]
rule SEPARATE_BAM_BY_CHR:
    input: sharks/HepPer/HepPer.bam
    output: sharks/HepPer/HepPer_CM068669.1.bam
    jobid: 327
    reason: Missing output files: sharks/HepPer/HepPer_CM068669.1.bam; Input files updated by another job: sharks/HepPer/HepPer.bam; Code has changed since last execution
    wildcards: CLADE=sharks, SPEC_NAME=HepPer, CHROM=CM068669.1
    resources: mem_mb=10000, mem_mib=9537, disk_mb=4328, disk_mib=4128, tmpdir=<TBD>, slurm_account=DURBIN-SL2-CPU, slurm_partition=cclake-himem, runtime=60

Job 327 has been submitted with SLURM jobid 9988518 (log: /rds/project/rds-p67MZilb2eQ/projects/VGP/heterozygosity/.snakemake/slurm_logs/rule_SEPARATE_BAM_BY_CHR/sharks_HepPer_CM068669.1/9988518.log).

[Tue May 27 10:06:10 2025]
rule SEPARATE_BAM_BY_CHR:
    input: sharks/HepPer/HepPer.bam
    output: sharks/HepPer/HepPer_CM068662.1.bam
    jobid: 320
    reason: Missing output files: sharks/HepPer/HepPer_CM068662.1.bam; Input files updated by another job: sharks/HepPer/HepPer.bam; Code has changed since last execution
    wildcards: CLADE=sharks, SPEC_NAME=HepPer, CHROM=CM068662.1
    resources: mem_mb=10000, mem_mib=9537, disk_mb=4328, disk_mib=4128, tmpdir=<TBD>, slurm_account=DURBIN-SL2-CPU, slurm_partition=cclake-himem, runtime=60

Job 320 has been submitted with SLURM jobid 9988520 (log: /rds/project/rds-p67MZilb2eQ/projects/VGP/heterozygosity/.snakemake/slurm_logs/rule_SEPARATE_BAM_BY_CHR/sharks_HepPer_CM068662.1/9988520.log).

[Tue May 27 10:06:10 2025]
rule EXTRACT_CHR_FASTA:
    input: sharks/HepPer/temp/GCA_035084215.1.fa
    output: sharks/HepPer/temp/CM068644.1.fasta
    jobid: 393
    reason: Missing output files: sharks/HepPer/temp/CM068644.1.fasta; Input files updated by another job: sharks/HepPer/temp/GCA_035084215.1.fa
    wildcards: CLADE=sharks, SPEC_NAME=HepPer, CHROM=CM068644.1
    resources: mem_mb=10000, mem_mib=9537, disk_mb=6323, disk_mib=6031, tmpdir=<TBD>, slurm_account=DURBIN-SL2-CPU, slurm_partition=cclake-himem, runtime=60

Job 393 has been submitted with SLURM jobid 9988521 (log: /rds/project/rds-p67MZilb2eQ/projects/VGP/heterozygosity/.snakemake/slurm_logs/rule_EXTRACT_CHR_FASTA/sharks_HepPer_CM068644.1/9988521.log).

[Tue May 27 10:06:10 2025]
rule SEPARATE_BAM_BY_CHR:
    input: sharks/HepPer/HepPer.bam
    output: sharks/HepPer/HepPer_CM068671.1.bam
    jobid: 329
    reason: Missing output files: sharks/HepPer/HepPer_CM068671.1.bam; Input files updated by another job: sharks/HepPer/HepPer.bam; Code has changed since last execution
    wildcards: CLADE=sharks, SPEC_NAME=HepPer, CHROM=CM068671.1
    resources: mem_mb=10000, mem_mib=9537, disk_mb=4328, disk_mib=4128, tmpdir=<TBD>, slurm_account=DURBIN-SL2-CPU, slurm_partition=cclake-himem, runtime=60

Job 329 has been submitted with SLURM jobid 9988522 (log: /rds/project/rds-p67MZilb2eQ/projects/VGP/heterozygosity/.snakemake/slurm_logs/rule_SEPARATE_BAM_BY_CHR/sharks_HepPer_CM068671.1/9988522.log).

[Tue May 27 10:06:10 2025]
rule EXTRACT_CHR_FASTA:
    input: sharks/HepPer/temp/GCA_035084215.1.fa
    output: sharks/HepPer/temp/CM068669.1.fasta
    jobid: 418
    reason: Missing output files: sharks/HepPer/temp/CM068669.1.fasta; Input files updated by another job: sharks/HepPer/temp/GCA_035084215.1.fa
    wildcards: CLADE=sharks, SPEC_NAME=HepPer, CHROM=CM068669.1
    resources: mem_mb=10000, mem_mib=9537, disk_mb=6323, disk_mib=6031, tmpdir=<TBD>, slurm_account=DURBIN-SL2-CPU, slurm_partition=cclake-himem, runtime=60

Job 418 has been submitted with SLURM jobid 9988523 (log: /rds/project/rds-p67MZilb2eQ/projects/VGP/heterozygosity/.snakemake/slurm_logs/rule_EXTRACT_CHR_FASTA/sharks_HepPer_CM068669.1/9988523.log).

[Tue May 27 10:06:13 2025]
rule SEPARATE_BAM_BY_CHR:
    input: sharks/HepPer/HepPer.bam
    output: sharks/HepPer/HepPer_CM068664.1.bam
    jobid: 322
    reason: Missing output files: sharks/HepPer/HepPer_CM068664.1.bam; Input files updated by another job: sharks/HepPer/HepPer.bam; Code has changed since last execution
    wildcards: CLADE=sharks, SPEC_NAME=HepPer, CHROM=CM068664.1
    resources: mem_mb=10000, mem_mib=9537, disk_mb=4328, disk_mib=4128, tmpdir=<TBD>, slurm_account=DURBIN-SL2-CPU, slurm_partition=cclake-himem, runtime=60

Job 322 has been submitted with SLURM jobid 9988526 (log: /rds/project/rds-p67MZilb2eQ/projects/VGP/heterozygosity/.snakemake/slurm_logs/rule_SEPARATE_BAM_BY_CHR/sharks_HepPer_CM068664.1/9988526.log).

[Tue May 27 10:06:13 2025]
rule SEPARATE_BAM_BY_CHR:
    input: sharks/HepPer/HepPer.bam
    output: sharks/HepPer/HepPer_CM068657.1.bam
    jobid: 315
    reason: Missing output files: sharks/HepPer/HepPer_CM068657.1.bam; Input files updated by another job: sharks/HepPer/HepPer.bam; Code has changed since last execution
    wildcards: CLADE=sharks, SPEC_NAME=HepPer, CHROM=CM068657.1
    resources: mem_mb=10000, mem_mib=9537, disk_mb=4328, disk_mib=4128, tmpdir=<TBD>, slurm_account=DURBIN-SL2-CPU, slurm_partition=cclake-himem, runtime=60

Job 315 has been submitted with SLURM jobid 9988529 (log: /rds/project/rds-p67MZilb2eQ/projects/VGP/heterozygosity/.snakemake/slurm_logs/rule_SEPARATE_BAM_BY_CHR/sharks_HepPer_CM068657.1/9988529.log).

[Tue May 27 10:06:13 2025]
rule SEPARATE_BAM_BY_CHR:
    input: sharks/HepPer/HepPer.bam
    output: sharks/HepPer/HepPer_CM068644.1.bam
    jobid: 302
    reason: Missing output files: sharks/HepPer/HepPer_CM068644.1.bam; Input files updated by another job: sharks/HepPer/HepPer.bam; Code has changed since last execution
    wildcards: CLADE=sharks, SPEC_NAME=HepPer, CHROM=CM068644.1
    resources: mem_mb=10000, mem_mib=9537, disk_mb=4328, disk_mib=4128, tmpdir=<TBD>, slurm_account=DURBIN-SL2-CPU, slurm_partition=cclake-himem, runtime=60

Job 302 has been submitted with SLURM jobid 9988531 (log: /rds/project/rds-p67MZilb2eQ/projects/VGP/heterozygosity/.snakemake/slurm_logs/rule_SEPARATE_BAM_BY_CHR/sharks_HepPer_CM068644.1/9988531.log).

[Tue May 27 10:06:15 2025]
rule SEPARATE_BAM_BY_CHR:
    input: sharks/HepPer/HepPer.bam
    output: sharks/HepPer/HepPer_CM068650.1.bam
    jobid: 308
    reason: Missing output files: sharks/HepPer/HepPer_CM068650.1.bam; Input files updated by another job: sharks/HepPer/HepPer.bam; Code has changed since last execution
    wildcards: CLADE=sharks, SPEC_NAME=HepPer, CHROM=CM068650.1
    resources: mem_mb=10000, mem_mib=9537, disk_mb=4328, disk_mib=4128, tmpdir=<TBD>, slurm_account=DURBIN-SL2-CPU, slurm_partition=cclake-himem, runtime=60

Job 308 has been submitted with SLURM jobid 9988532 (log: /rds/project/rds-p67MZilb2eQ/projects/VGP/heterozygosity/.snakemake/slurm_logs/rule_SEPARATE_BAM_BY_CHR/sharks_HepPer_CM068650.1/9988532.log).

[Tue May 27 10:06:15 2025]
rule SEPARATE_BAM_BY_CHR:
    input: sharks/HepPer/HepPer.bam
    output: sharks/HepPer/HepPer_CM068659.1.bam
    jobid: 317
    reason: Missing output files: sharks/HepPer/HepPer_CM068659.1.bam; Input files updated by another job: sharks/HepPer/HepPer.bam; Code has changed since last execution
    wildcards: CLADE=sharks, SPEC_NAME=HepPer, CHROM=CM068659.1
    resources: mem_mb=10000, mem_mib=9537, disk_mb=4328, disk_mib=4128, tmpdir=<TBD>, slurm_account=DURBIN-SL2-CPU, slurm_partition=cclake-himem, runtime=60

Job 317 has been submitted with SLURM jobid 9988533 (log: /rds/project/rds-p67MZilb2eQ/projects/VGP/heterozygosity/.snakemake/slurm_logs/rule_SEPARATE_BAM_BY_CHR/sharks_HepPer_CM068659.1/9988533.log).

[Tue May 27 10:06:15 2025]
rule SEPARATE_BAM_BY_CHR:
    input: sharks/HepPer/HepPer.bam
    output: sharks/HepPer/HepPer_CM068643.1.bam
    jobid: 301
    reason: Missing output files: sharks/HepPer/HepPer_CM068643.1.bam; Input files updated by another job: sharks/HepPer/HepPer.bam; Code has changed since last execution
    wildcards: CLADE=sharks, SPEC_NAME=HepPer, CHROM=CM068643.1
    resources: mem_mb=10000, mem_mib=9537, disk_mb=4328, disk_mib=4128, tmpdir=<TBD>, slurm_account=DURBIN-SL2-CPU, slurm_partition=cclake-himem, runtime=60

Job 301 has been submitted with SLURM jobid 9988565 (log: /rds/project/rds-p67MZilb2eQ/projects/VGP/heterozygosity/.snakemake/slurm_logs/rule_SEPARATE_BAM_BY_CHR/sharks_HepPer_CM068643.1/9988565.log).

[Tue May 27 10:06:18 2025]
rule INDEX_WHOLE_BAM:
    input: sharks/HepPer/HepPer.bam
    output: sharks/HepPer/HepPer.bam.bai
    jobid: 294
    reason: Missing output files: sharks/HepPer/HepPer.bam.bai; Input files updated by another job: sharks/HepPer/HepPer.bam
    wildcards: CLADE=sharks, SPEC_NAME=HepPer
    resources: mem_mb=10000, mem_mib=9537, disk_mb=4328, disk_mib=4128, tmpdir=<TBD>, slurm_account=DURBIN-SL2-CPU, slurm_partition=cclake-himem, runtime=60

Job 294 has been submitted with SLURM jobid 9988566 (log: /rds/project/rds-p67MZilb2eQ/projects/VGP/heterozygosity/.snakemake/slurm_logs/rule_INDEX_WHOLE_BAM/sharks_HepPer/9988566.log).

[Tue May 27 10:06:18 2025]
rule SEPARATE_BAM_BY_CHR:
    input: sharks/HepPer/HepPer.bam
    output: sharks/HepPer/HepPer_CM068665.1.bam
    jobid: 323
    reason: Missing output files: sharks/HepPer/HepPer_CM068665.1.bam; Input files updated by another job: sharks/HepPer/HepPer.bam; Code has changed since last execution
    wildcards: CLADE=sharks, SPEC_NAME=HepPer, CHROM=CM068665.1
    resources: mem_mb=10000, mem_mib=9537, disk_mb=4328, disk_mib=4128, tmpdir=<TBD>, slurm_account=DURBIN-SL2-CPU, slurm_partition=cclake-himem, runtime=60

Job 323 has been submitted with SLURM jobid 9988567 (log: /rds/project/rds-p67MZilb2eQ/projects/VGP/heterozygosity/.snakemake/slurm_logs/rule_SEPARATE_BAM_BY_CHR/sharks_HepPer_CM068665.1/9988567.log).

[Tue May 27 10:06:18 2025]
rule SEPARATE_BAM_BY_CHR:
    input: sharks/HepPer/HepPer.bam
    output: sharks/HepPer/HepPer_CM068672.1.bam
    jobid: 330
    reason: Missing output files: sharks/HepPer/HepPer_CM068672.1.bam; Input files updated by another job: sharks/HepPer/HepPer.bam; Code has changed since last execution
    wildcards: CLADE=sharks, SPEC_NAME=HepPer, CHROM=CM068672.1
    resources: mem_mb=10000, mem_mib=9537, disk_mb=4328, disk_mib=4128, tmpdir=<TBD>, slurm_account=DURBIN-SL2-CPU, slurm_partition=cclake-himem, runtime=60

Job 330 has been submitted with SLURM jobid 9988568 (log: /rds/project/rds-p67MZilb2eQ/projects/VGP/heterozygosity/.snakemake/slurm_logs/rule_SEPARATE_BAM_BY_CHR/sharks_HepPer_CM068672.1/9988568.log).

[Tue May 27 10:06:21 2025]
rule EXTRACT_CHR_FASTA:
    input: sharks/HepPer/temp/GCA_035084215.1.fa
    output: sharks/HepPer/temp/CM068641.1.fasta
    jobid: 390
    reason: Missing output files: sharks/HepPer/temp/CM068641.1.fasta; Input files updated by another job: sharks/HepPer/temp/GCA_035084215.1.fa
    wildcards: CLADE=sharks, SPEC_NAME=HepPer, CHROM=CM068641.1
    resources: mem_mb=10000, mem_mib=9537, disk_mb=6323, disk_mib=6031, tmpdir=<TBD>, slurm_account=DURBIN-SL2-CPU, slurm_partition=cclake-himem, runtime=60

Job 390 has been submitted with SLURM jobid 9988570 (log: /rds/project/rds-p67MZilb2eQ/projects/VGP/heterozygosity/.snakemake/slurm_logs/rule_EXTRACT_CHR_FASTA/sharks_HepPer_CM068641.1/9988570.log).

[Tue May 27 10:06:23 2025]
rule SEPARATE_BAM_BY_CHR:
    input: sharks/HepPer/HepPer.bam
    output: sharks/HepPer/HepPer_CM068658.1.bam
    jobid: 316
    reason: Missing output files: sharks/HepPer/HepPer_CM068658.1.bam; Input files updated by another job: sharks/HepPer/HepPer.bam; Code has changed since last execution
    wildcards: CLADE=sharks, SPEC_NAME=HepPer, CHROM=CM068658.1
    resources: mem_mb=10000, mem_mib=9537, disk_mb=4328, disk_mib=4128, tmpdir=<TBD>, slurm_account=DURBIN-SL2-CPU, slurm_partition=cclake-himem, runtime=60

Job 316 has been submitted with SLURM jobid 9988571 (log: /rds/project/rds-p67MZilb2eQ/projects/VGP/heterozygosity/.snakemake/slurm_logs/rule_SEPARATE_BAM_BY_CHR/sharks_HepPer_CM068658.1/9988571.log).

[Tue May 27 10:06:23 2025]
rule SEPARATE_BAM_BY_CHR:
    input: sharks/HepPer/HepPer.bam
    output: sharks/HepPer/HepPer_CM068651.1.bam
    jobid: 309
    reason: Missing output files: sharks/HepPer/HepPer_CM068651.1.bam; Input files updated by another job: sharks/HepPer/HepPer.bam; Code has changed since last execution
    wildcards: CLADE=sharks, SPEC_NAME=HepPer, CHROM=CM068651.1
    resources: mem_mb=10000, mem_mib=9537, disk_mb=4328, disk_mib=4128, tmpdir=<TBD>, slurm_account=DURBIN-SL2-CPU, slurm_partition=cclake-himem, runtime=60

Job 309 has been submitted with SLURM jobid 9988572 (log: /rds/project/rds-p67MZilb2eQ/projects/VGP/heterozygosity/.snakemake/slurm_logs/rule_SEPARATE_BAM_BY_CHR/sharks_HepPer_CM068651.1/9988572.log).

[Tue May 27 10:06:23 2025]
rule SEPARATE_BAM_BY_CHR:
    input: sharks/HepPer/HepPer.bam
    output: sharks/HepPer/HepPer_CM068676.1.bam
    jobid: 334
    reason: Missing output files: sharks/HepPer/HepPer_CM068676.1.bam; Input files updated by another job: sharks/HepPer/HepPer.bam; Code has changed since last execution
    wildcards: CLADE=sharks, SPEC_NAME=HepPer, CHROM=CM068676.1
    resources: mem_mb=10000, mem_mib=9537, disk_mb=4328, disk_mib=4128, tmpdir=<TBD>, slurm_account=DURBIN-SL2-CPU, slurm_partition=cclake-himem, runtime=60

Job 334 has been submitted with SLURM jobid 9988573 (log: /rds/project/rds-p67MZilb2eQ/projects/VGP/heterozygosity/.snakemake/slurm_logs/rule_SEPARATE_BAM_BY_CHR/sharks_HepPer_CM068676.1/9988573.log).
Select jobs to execute...
Waiting for more resources.
Waiting for more resources.
Waiting for more resources.
Waiting for more resources.
Waiting for more resources.
Waiting for more resources.
Waiting for more resources.
Waiting for more resources.
Waiting for more resources.
Waiting for more resources.
Waiting for more resources.
Waiting for more resources.
Waiting for more resources.
Waiting for more resources.
Waiting for more resources.
Waiting for more resources.
Waiting for more resources.
[Tue May 27 10:14:17 2025]
Error in rule SEPARATE_BAM_BY_CHR:
    message: SLURM-job '9988331' failed, SLURM status is: 'FAILED'. For further error details see the cluster/cloud log and the log files of the involved rule(s).
    jobid: 331
    input: sharks/HepPer/HepPer.bam
    output: sharks/HepPer/HepPer_CM068673.1.bam
    log: /rds/project/rds-p67MZilb2eQ/projects/VGP/heterozygosity/.snakemake/slurm_logs/rule_SEPARATE_BAM_BY_CHR/sharks_HepPer_CM068673.1/9988331.log (check log file(s) for error details)
    shell:
        
        samtools view -b sharks/HepPer/HepPer.bam CM068673.1 > sharks/HepPer/HepPer_CM068673.1.bam
        
        (one of the commands exited with non-zero exit code; note that snakemake uses bash strict mode!)
    external_jobid: 9988331

[Tue May 27 10:14:17 2025]
Error in rule SEPARATE_BAM_BY_CHR:
    message: SLURM-job '9988332' failed, SLURM status is: 'FAILED'. For further error details see the cluster/cloud log and the log files of the involved rule(s).
    jobid: 324
    input: sharks/HepPer/HepPer.bam
    output: sharks/HepPer/HepPer_CM068666.1.bam
    log: /rds/project/rds-p67MZilb2eQ/projects/VGP/heterozygosity/.snakemake/slurm_logs/rule_SEPARATE_BAM_BY_CHR/sharks_HepPer_CM068666.1/9988332.log (check log file(s) for error details)
    shell:
        
        samtools view -b sharks/HepPer/HepPer.bam CM068666.1 > sharks/HepPer/HepPer_CM068666.1.bam
        
        (one of the commands exited with non-zero exit code; note that snakemake uses bash strict mode!)
    external_jobid: 9988332

[Tue May 27 10:14:17 2025]
Error in rule SEPARATE_BAM_BY_CHR:
    message: SLURM-job '9988333' failed, SLURM status is: 'FAILED'. For further error details see the cluster/cloud log and the log files of the involved rule(s).
    jobid: 299
    input: sharks/HepPer/HepPer.bam
    output: sharks/HepPer/HepPer_CM068641.1.bam
    log: /rds/project/rds-p67MZilb2eQ/projects/VGP/heterozygosity/.snakemake/slurm_logs/rule_SEPARATE_BAM_BY_CHR/sharks_HepPer_CM068641.1/9988333.log (check log file(s) for error details)
    shell:
        
        samtools view -b sharks/HepPer/HepPer.bam CM068641.1 > sharks/HepPer/HepPer_CM068641.1.bam
        
        (one of the commands exited with non-zero exit code; note that snakemake uses bash strict mode!)
    external_jobid: 9988333

[Tue May 27 10:14:17 2025]
Error in rule SEPARATE_BAM_BY_CHR:
    message: SLURM-job '9988336' failed, SLURM status is: 'FAILED'. For further error details see the cluster/cloud log and the log files of the involved rule(s).
    jobid: 335
    input: sharks/HepPer/HepPer.bam
    output: sharks/HepPer/HepPer_CM068677.1.bam
    log: /rds/project/rds-p67MZilb2eQ/projects/VGP/heterozygosity/.snakemake/slurm_logs/rule_SEPARATE_BAM_BY_CHR/sharks_HepPer_CM068677.1/9988336.log (check log file(s) for error details)
    shell:
        
        samtools view -b sharks/HepPer/HepPer.bam CM068677.1 > sharks/HepPer/HepPer_CM068677.1.bam
        
        (one of the commands exited with non-zero exit code; note that snakemake uses bash strict mode!)
    external_jobid: 9988336

[Tue May 27 10:14:17 2025]
Error in rule SEPARATE_BAM_BY_CHR:
    message: SLURM-job '9988337' failed, SLURM status is: 'FAILED'. For further error details see the cluster/cloud log and the log files of the involved rule(s).
    jobid: 328
    input: sharks/HepPer/HepPer.bam
    output: sharks/HepPer/HepPer_CM068670.1.bam
    log: /rds/project/rds-p67MZilb2eQ/projects/VGP/heterozygosity/.snakemake/slurm_logs/rule_SEPARATE_BAM_BY_CHR/sharks_HepPer_CM068670.1/9988337.log (check log file(s) for error details)
    shell:
        
        samtools view -b sharks/HepPer/HepPer.bam CM068670.1 > sharks/HepPer/HepPer_CM068670.1.bam
        
        (one of the commands exited with non-zero exit code; note that snakemake uses bash strict mode!)
    external_jobid: 9988337

[Tue May 27 10:14:17 2025]
Error in rule SEPARATE_BAM_BY_CHR:
    message: SLURM-job '9988338' failed, SLURM status is: 'FAILED'. For further error details see the cluster/cloud log and the log files of the involved rule(s).
    jobid: 321
    input: sharks/HepPer/HepPer.bam
    output: sharks/HepPer/HepPer_CM068663.1.bam
    log: /rds/project/rds-p67MZilb2eQ/projects/VGP/heterozygosity/.snakemake/slurm_logs/rule_SEPARATE_BAM_BY_CHR/sharks_HepPer_CM068663.1/9988338.log (check log file(s) for error details)
    shell:
        
        samtools view -b sharks/HepPer/HepPer.bam CM068663.1 > sharks/HepPer/HepPer_CM068663.1.bam
        
        (one of the commands exited with non-zero exit code; note that snakemake uses bash strict mode!)
    external_jobid: 9988338

[Tue May 27 10:14:17 2025]
Error in rule SEPARATE_BAM_BY_CHR:
    message: SLURM-job '9988339' failed, SLURM status is: 'FAILED'. For further error details see the cluster/cloud log and the log files of the involved rule(s).
    jobid: 314
    input: sharks/HepPer/HepPer.bam
    output: sharks/HepPer/HepPer_CM068656.1.bam
    log: /rds/project/rds-p67MZilb2eQ/projects/VGP/heterozygosity/.snakemake/slurm_logs/rule_SEPARATE_BAM_BY_CHR/sharks_HepPer_CM068656.1/9988339.log (check log file(s) for error details)
    shell:
        
        samtools view -b sharks/HepPer/HepPer.bam CM068656.1 > sharks/HepPer/HepPer_CM068656.1.bam
        
        (one of the commands exited with non-zero exit code; note that snakemake uses bash strict mode!)
    external_jobid: 9988339

[Tue May 27 10:14:17 2025]
Error in rule SEPARATE_BAM_BY_CHR:
    message: SLURM-job '9988340' failed, SLURM status is: 'FAILED'. For further error details see the cluster/cloud log and the log files of the involved rule(s).
    jobid: 307
    input: sharks/HepPer/HepPer.bam
    output: sharks/HepPer/HepPer_CM068649.1.bam
    log: /rds/project/rds-p67MZilb2eQ/projects/VGP/heterozygosity/.snakemake/slurm_logs/rule_SEPARATE_BAM_BY_CHR/sharks_HepPer_CM068649.1/9988340.log (check log file(s) for error details)
    shell:
        
        samtools view -b sharks/HepPer/HepPer.bam CM068649.1 > sharks/HepPer/HepPer_CM068649.1.bam
        
        (one of the commands exited with non-zero exit code; note that snakemake uses bash strict mode!)
    external_jobid: 9988340

[Tue May 27 10:14:17 2025]
Error in rule SEPARATE_BAM_BY_CHR:
    message: SLURM-job '9988341' failed, SLURM status is: 'FAILED'. For further error details see the cluster/cloud log and the log files of the involved rule(s).
    jobid: 300
    input: sharks/HepPer/HepPer.bam
    output: sharks/HepPer/HepPer_CM068642.1.bam
    log: /rds/project/rds-p67MZilb2eQ/projects/VGP/heterozygosity/.snakemake/slurm_logs/rule_SEPARATE_BAM_BY_CHR/sharks_HepPer_CM068642.1/9988341.log (check log file(s) for error details)
    shell:
        
        samtools view -b sharks/HepPer/HepPer.bam CM068642.1 > sharks/HepPer/HepPer_CM068642.1.bam
        
        (one of the commands exited with non-zero exit code; note that snakemake uses bash strict mode!)
    external_jobid: 9988341

[Tue May 27 10:14:17 2025]
Error in rule SEPARATE_BAM_BY_CHR:
    message: SLURM-job '9988518' failed, SLURM status is: 'FAILED'. For further error details see the cluster/cloud log and the log files of the involved rule(s).
    jobid: 327
    input: sharks/HepPer/HepPer.bam
    output: sharks/HepPer/HepPer_CM068669.1.bam
    log: /rds/project/rds-p67MZilb2eQ/projects/VGP/heterozygosity/.snakemake/slurm_logs/rule_SEPARATE_BAM_BY_CHR/sharks_HepPer_CM068669.1/9988518.log (check log file(s) for error details)
    shell:
        
        samtools view -b sharks/HepPer/HepPer.bam CM068669.1 > sharks/HepPer/HepPer_CM068669.1.bam
        
        (one of the commands exited with non-zero exit code; note that snakemake uses bash strict mode!)
    external_jobid: 9988518

[Tue May 27 10:14:17 2025]
Error in rule SEPARATE_BAM_BY_CHR:
    message: SLURM-job '9988520' failed, SLURM status is: 'FAILED'. For further error details see the cluster/cloud log and the log files of the involved rule(s).
    jobid: 320
    input: sharks/HepPer/HepPer.bam
    output: sharks/HepPer/HepPer_CM068662.1.bam
    log: /rds/project/rds-p67MZilb2eQ/projects/VGP/heterozygosity/.snakemake/slurm_logs/rule_SEPARATE_BAM_BY_CHR/sharks_HepPer_CM068662.1/9988520.log (check log file(s) for error details)
    shell:
        
        samtools view -b sharks/HepPer/HepPer.bam CM068662.1 > sharks/HepPer/HepPer_CM068662.1.bam
        
        (one of the commands exited with non-zero exit code; note that snakemake uses bash strict mode!)
    external_jobid: 9988520

[Tue May 27 10:14:17 2025]
Error in rule SEPARATE_BAM_BY_CHR:
    message: SLURM-job '9988522' failed, SLURM status is: 'FAILED'. For further error details see the cluster/cloud log and the log files of the involved rule(s).
    jobid: 329
    input: sharks/HepPer/HepPer.bam
    output: sharks/HepPer/HepPer_CM068671.1.bam
    log: /rds/project/rds-p67MZilb2eQ/projects/VGP/heterozygosity/.snakemake/slurm_logs/rule_SEPARATE_BAM_BY_CHR/sharks_HepPer_CM068671.1/9988522.log (check log file(s) for error details)
    shell:
        
        samtools view -b sharks/HepPer/HepPer.bam CM068671.1 > sharks/HepPer/HepPer_CM068671.1.bam
        
        (one of the commands exited with non-zero exit code; note that snakemake uses bash strict mode!)
    external_jobid: 9988522

Execute 1 jobs...

[Tue May 27 10:14:17 2025]
rule SEPARATE_BAM_BY_CHR:
    input: sharks/HepPer/HepPer.bam
    output: sharks/HepPer/HepPer_CM068637.1.bam
    jobid: 295
    reason: Missing output files: sharks/HepPer/HepPer_CM068637.1.bam; Input files updated by another job: sharks/HepPer/HepPer.bam; Code has changed since last execution
    wildcards: CLADE=sharks, SPEC_NAME=HepPer, CHROM=CM068637.1
    resources: mem_mb=10000, mem_mib=9537, disk_mb=4328, disk_mib=4128, tmpdir=<TBD>, slurm_account=DURBIN-SL2-CPU, slurm_partition=cclake-himem, runtime=60

Job 295 has been submitted with SLURM jobid 9988736 (log: /rds/project/rds-p67MZilb2eQ/projects/VGP/heterozygosity/.snakemake/slurm_logs/rule_SEPARATE_BAM_BY_CHR/sharks_HepPer_CM068637.1/9988736.log).
[Tue May 27 10:14:19 2025]
Finished job 404.
34 of 364 steps (9%) done
[Tue May 27 10:14:19 2025]
Finished job 397.
35 of 364 steps (10%) done
[Tue May 27 10:14:19 2025]
Finished job 396.
36 of 364 steps (10%) done
[Tue May 27 10:14:19 2025]
Finished job 393.
37 of 364 steps (10%) done
Select jobs to execute...
Execute 15 jobs...

[Tue May 27 10:14:19 2025]
rule EXTRACT_CHR_FASTA:
    input: sharks/HepPer/temp/GCA_035084215.1.fa
    output: sharks/HepPer/temp/CM068658.1.fasta
    jobid: 407
    reason: Missing output files: sharks/HepPer/temp/CM068658.1.fasta; Input files updated by another job: sharks/HepPer/temp/GCA_035084215.1.fa
    wildcards: CLADE=sharks, SPEC_NAME=HepPer, CHROM=CM068658.1
    resources: mem_mb=10000, mem_mib=9537, disk_mb=6323, disk_mib=6031, tmpdir=<TBD>, slurm_account=DURBIN-SL2-CPU, slurm_partition=cclake-himem, runtime=60

Job 407 has been submitted with SLURM jobid 9988737 (log: /rds/project/rds-p67MZilb2eQ/projects/VGP/heterozygosity/.snakemake/slurm_logs/rule_EXTRACT_CHR_FASTA/sharks_HepPer_CM068658.1/9988737.log).

[Tue May 27 10:14:22 2025]
rule SEPARATE_BAM_BY_CHR:
    input: sharks/HepPer/HepPer.bam
    output: sharks/HepPer/HepPer_CM068653.1.bam
    jobid: 311
    reason: Missing output files: sharks/HepPer/HepPer_CM068653.1.bam; Input files updated by another job: sharks/HepPer/HepPer.bam; Code has changed since last execution
    wildcards: CLADE=sharks, SPEC_NAME=HepPer, CHROM=CM068653.1
    resources: mem_mb=10000, mem_mib=9537, disk_mb=4328, disk_mib=4128, tmpdir=<TBD>, slurm_account=DURBIN-SL2-CPU, slurm_partition=cclake-himem, runtime=60

Job 311 has been submitted with SLURM jobid 9988739 (log: /rds/project/rds-p67MZilb2eQ/projects/VGP/heterozygosity/.snakemake/slurm_logs/rule_SEPARATE_BAM_BY_CHR/sharks_HepPer_CM068653.1/9988739.log).

[Tue May 27 10:14:22 2025]
rule EXTRACT_CHR_FASTA:
    input: sharks/HepPer/temp/GCA_035084215.1.fa
    output: sharks/HepPer/temp/CM068661.1.fasta
    jobid: 410
    reason: Missing output files: sharks/HepPer/temp/CM068661.1.fasta; Input files updated by another job: sharks/HepPer/temp/GCA_035084215.1.fa
    wildcards: CLADE=sharks, SPEC_NAME=HepPer, CHROM=CM068661.1
    resources: mem_mb=10000, mem_mib=9537, disk_mb=6323, disk_mib=6031, tmpdir=<TBD>, slurm_account=DURBIN-SL2-CPU, slurm_partition=cclake-himem, runtime=60

Job 410 has been submitted with SLURM jobid 9988741 (log: /rds/project/rds-p67MZilb2eQ/projects/VGP/heterozygosity/.snakemake/slurm_logs/rule_EXTRACT_CHR_FASTA/sharks_HepPer_CM068661.1/9988741.log).

[Tue May 27 10:14:22 2025]
rule SEPARATE_BAM_BY_CHR:
    input: sharks/HepPer/HepPer.bam
    output: sharks/HepPer/HepPer_CM068652.1.bam
    jobid: 310
    reason: Missing output files: sharks/HepPer/HepPer_CM068652.1.bam; Input files updated by another job: sharks/HepPer/HepPer.bam; Code has changed since last execution
    wildcards: CLADE=sharks, SPEC_NAME=HepPer, CHROM=CM068652.1
    resources: mem_mb=10000, mem_mib=9537, disk_mb=4328, disk_mib=4128, tmpdir=<TBD>, slurm_account=DURBIN-SL2-CPU, slurm_partition=cclake-himem, runtime=60

Job 310 has been submitted with SLURM jobid 9988742 (log: /rds/project/rds-p67MZilb2eQ/projects/VGP/heterozygosity/.snakemake/slurm_logs/rule_SEPARATE_BAM_BY_CHR/sharks_HepPer_CM068652.1/9988742.log).

[Tue May 27 10:14:24 2025]
rule SEPARATE_BAM_BY_CHR:
    input: sharks/HepPer/HepPer.bam
    output: sharks/HepPer/HepPer_CM068645.1.bam
    jobid: 303
    reason: Missing output files: sharks/HepPer/HepPer_CM068645.1.bam; Input files updated by another job: sharks/HepPer/HepPer.bam; Code has changed since last execution
    wildcards: CLADE=sharks, SPEC_NAME=HepPer, CHROM=CM068645.1
    resources: mem_mb=10000, mem_mib=9537, disk_mb=4328, disk_mib=4128, tmpdir=<TBD>, slurm_account=DURBIN-SL2-CPU, slurm_partition=cclake-himem, runtime=60

Job 303 has been submitted with SLURM jobid 9988743 (log: /rds/project/rds-p67MZilb2eQ/projects/VGP/heterozygosity/.snakemake/slurm_logs/rule_SEPARATE_BAM_BY_CHR/sharks_HepPer_CM068645.1/9988743.log).

[Tue May 27 10:14:24 2025]
rule SEPARATE_BAM_BY_CHR:
    input: sharks/HepPer/HepPer.bam
    output: sharks/HepPer/HepPer_CM068638.1.bam
    jobid: 296
    reason: Missing output files: sharks/HepPer/HepPer_CM068638.1.bam; Input files updated by another job: sharks/HepPer/HepPer.bam; Code has changed since last execution
    wildcards: CLADE=sharks, SPEC_NAME=HepPer, CHROM=CM068638.1
    resources: mem_mb=10000, mem_mib=9537, disk_mb=4328, disk_mib=4128, tmpdir=<TBD>, slurm_account=DURBIN-SL2-CPU, slurm_partition=cclake-himem, runtime=60

Job 296 has been submitted with SLURM jobid 9988744 (log: /rds/project/rds-p67MZilb2eQ/projects/VGP/heterozygosity/.snakemake/slurm_logs/rule_SEPARATE_BAM_BY_CHR/sharks_HepPer_CM068638.1/9988744.log).

[Tue May 27 10:14:25 2025]
rule EXTRACT_CHR_FASTA:
    input: sharks/HepPer/temp/GCA_035084215.1.fa
    output: sharks/HepPer/temp/CM068675.1.fasta
    jobid: 424
    reason: Missing output files: sharks/HepPer/temp/CM068675.1.fasta; Input files updated by another job: sharks/HepPer/temp/GCA_035084215.1.fa
    wildcards: CLADE=sharks, SPEC_NAME=HepPer, CHROM=CM068675.1
    resources: mem_mb=10000, mem_mib=9537, disk_mb=6323, disk_mib=6031, tmpdir=<TBD>, slurm_account=DURBIN-SL2-CPU, slurm_partition=cclake-himem, runtime=60

Job 424 has been submitted with SLURM jobid 9988777 (log: /rds/project/rds-p67MZilb2eQ/projects/VGP/heterozygosity/.snakemake/slurm_logs/rule_EXTRACT_CHR_FASTA/sharks_HepPer_CM068675.1/9988777.log).

[Tue May 27 10:14:27 2025]
rule SEPARATE_BAM_BY_CHR:
    input: sharks/HepPer/HepPer.bam
    output: sharks/HepPer/HepPer_CM068654.1.bam
    jobid: 312
    reason: Missing output files: sharks/HepPer/HepPer_CM068654.1.bam; Input files updated by another job: sharks/HepPer/HepPer.bam; Code has changed since last execution
    wildcards: CLADE=sharks, SPEC_NAME=HepPer, CHROM=CM068654.1
    resources: mem_mb=10000, mem_mib=9537, disk_mb=4328, disk_mib=4128, tmpdir=<TBD>, slurm_account=DURBIN-SL2-CPU, slurm_partition=cclake-himem, runtime=60

Job 312 has been submitted with SLURM jobid 9988778 (log: /rds/project/rds-p67MZilb2eQ/projects/VGP/heterozygosity/.snakemake/slurm_logs/rule_SEPARATE_BAM_BY_CHR/sharks_HepPer_CM068654.1/9988778.log).

[Tue May 27 10:14:27 2025]
rule SEPARATE_BAM_BY_CHR:
    input: sharks/HepPer/HepPer.bam
    output: sharks/HepPer/HepPer_CM068647.1.bam
    jobid: 305
    reason: Missing output files: sharks/HepPer/HepPer_CM068647.1.bam; Input files updated by another job: sharks/HepPer/HepPer.bam; Code has changed since last execution
    wildcards: CLADE=sharks, SPEC_NAME=HepPer, CHROM=CM068647.1
    resources: mem_mb=10000, mem_mib=9537, disk_mb=4328, disk_mib=4128, tmpdir=<TBD>, slurm_account=DURBIN-SL2-CPU, slurm_partition=cclake-himem, runtime=60

Job 305 has been submitted with SLURM jobid 9988779 (log: /rds/project/rds-p67MZilb2eQ/projects/VGP/heterozygosity/.snakemake/slurm_logs/rule_SEPARATE_BAM_BY_CHR/sharks_HepPer_CM068647.1/9988779.log).

[Tue May 27 10:14:27 2025]
rule SEPARATE_BAM_BY_CHR:
    input: sharks/HepPer/HepPer.bam
    output: sharks/HepPer/HepPer_CM068680.1.bam
    jobid: 338
    reason: Missing output files: sharks/HepPer/HepPer_CM068680.1.bam; Input files updated by another job: sharks/HepPer/HepPer.bam; Code has changed since last execution
    wildcards: CLADE=sharks, SPEC_NAME=HepPer, CHROM=CM068680.1
    resources: mem_mb=10000, mem_mib=9537, disk_mb=4328, disk_mib=4128, tmpdir=<TBD>, slurm_account=DURBIN-SL2-CPU, slurm_partition=cclake-himem, runtime=60

Job 338 has been submitted with SLURM jobid 9988780 (log: /rds/project/rds-p67MZilb2eQ/projects/VGP/heterozygosity/.snakemake/slurm_logs/rule_SEPARATE_BAM_BY_CHR/sharks_HepPer_CM068680.1/9988780.log).

[Tue May 27 10:14:27 2025]
rule SEPARATE_BAM_BY_CHR:
    input: sharks/HepPer/HepPer.bam
    output: sharks/HepPer/HepPer_CM068640.1.bam
    jobid: 298
    reason: Missing output files: sharks/HepPer/HepPer_CM068640.1.bam; Input files updated by another job: sharks/HepPer/HepPer.bam; Code has changed since last execution
    wildcards: CLADE=sharks, SPEC_NAME=HepPer, CHROM=CM068640.1
    resources: mem_mb=10000, mem_mib=9537, disk_mb=4328, disk_mib=4128, tmpdir=<TBD>, slurm_account=DURBIN-SL2-CPU, slurm_partition=cclake-himem, runtime=60

Job 298 has been submitted with SLURM jobid 9988787 (log: /rds/project/rds-p67MZilb2eQ/projects/VGP/heterozygosity/.snakemake/slurm_logs/rule_SEPARATE_BAM_BY_CHR/sharks_HepPer_CM068640.1/9988787.log).

[Tue May 27 10:14:30 2025]
rule EXTRACT_CHR_FASTA:
    input: sharks/HepPer/temp/GCA_035084215.1.fa
    output: sharks/HepPer/temp/CM068654.1.fasta
    jobid: 403
    reason: Missing output files: sharks/HepPer/temp/CM068654.1.fasta; Input files updated by another job: sharks/HepPer/temp/GCA_035084215.1.fa
    wildcards: CLADE=sharks, SPEC_NAME=HepPer, CHROM=CM068654.1
    resources: mem_mb=10000, mem_mib=9537, disk_mb=6323, disk_mib=6031, tmpdir=<TBD>, slurm_account=DURBIN-SL2-CPU, slurm_partition=cclake-himem, runtime=60

Job 403 has been submitted with SLURM jobid 9988788 (log: /rds/project/rds-p67MZilb2eQ/projects/VGP/heterozygosity/.snakemake/slurm_logs/rule_EXTRACT_CHR_FASTA/sharks_HepPer_CM068654.1/9988788.log).

[Tue May 27 10:14:32 2025]
rule SEPARATE_BAM_BY_CHR:
    input: sharks/HepPer/HepPer.bam
    output: sharks/HepPer/HepPer_CM068674.1.bam
    jobid: 332
    reason: Missing output files: sharks/HepPer/HepPer_CM068674.1.bam; Input files updated by another job: sharks/HepPer/HepPer.bam; Code has changed since last execution
    wildcards: CLADE=sharks, SPEC_NAME=HepPer, CHROM=CM068674.1
    resources: mem_mb=10000, mem_mib=9537, disk_mb=4328, disk_mib=4128, tmpdir=<TBD>, slurm_account=DURBIN-SL2-CPU, slurm_partition=cclake-himem, runtime=60

Job 332 has been submitted with SLURM jobid 9988789 (log: /rds/project/rds-p67MZilb2eQ/projects/VGP/heterozygosity/.snakemake/slurm_logs/rule_SEPARATE_BAM_BY_CHR/sharks_HepPer_CM068674.1/9988789.log).

[Tue May 27 10:14:32 2025]
rule SEPARATE_BAM_BY_CHR:
    input: sharks/HepPer/HepPer.bam
    output: sharks/HepPer/HepPer_CM068667.1.bam
    jobid: 325
    reason: Missing output files: sharks/HepPer/HepPer_CM068667.1.bam; Input files updated by another job: sharks/HepPer/HepPer.bam; Code has changed since last execution
    wildcards: CLADE=sharks, SPEC_NAME=HepPer, CHROM=CM068667.1
    resources: mem_mb=10000, mem_mib=9537, disk_mb=4328, disk_mib=4128, tmpdir=<TBD>, slurm_account=DURBIN-SL2-CPU, slurm_partition=cclake-himem, runtime=60

Job 325 has been submitted with SLURM jobid 9988790 (log: /rds/project/rds-p67MZilb2eQ/projects/VGP/heterozygosity/.snakemake/slurm_logs/rule_SEPARATE_BAM_BY_CHR/sharks_HepPer_CM068667.1/9988790.log).

[Tue May 27 10:14:32 2025]
rule SEPARATE_BAM_BY_CHR:
    input: sharks/HepPer/HepPer.bam
    output: sharks/HepPer/HepPer_CM068660.1.bam
    jobid: 318
    reason: Missing output files: sharks/HepPer/HepPer_CM068660.1.bam; Input files updated by another job: sharks/HepPer/HepPer.bam; Code has changed since last execution
    wildcards: CLADE=sharks, SPEC_NAME=HepPer, CHROM=CM068660.1
    resources: mem_mb=10000, mem_mib=9537, disk_mb=4328, disk_mib=4128, tmpdir=<TBD>, slurm_account=DURBIN-SL2-CPU, slurm_partition=cclake-himem, runtime=60

Job 318 has been submitted with SLURM jobid 9988791 (log: /rds/project/rds-p67MZilb2eQ/projects/VGP/heterozygosity/.snakemake/slurm_logs/rule_SEPARATE_BAM_BY_CHR/sharks_HepPer_CM068660.1/9988791.log).
Select jobs to execute...
Waiting for more resources.
Waiting for more resources.
Waiting for more resources.
Waiting for more resources.
Waiting for more resources.
Waiting for more resources.
Waiting for more resources.
Waiting for more resources.
Waiting for more resources.
Waiting for more resources.
Waiting for more resources.
Waiting for more resources.
Waiting for more resources.
Waiting for more resources.
[Tue May 27 10:22:28 2025]
Error in rule SEPARATE_BAM_BY_CHR:
    message: SLURM-job '9988526' failed, SLURM status is: 'FAILED'. For further error details see the cluster/cloud log and the log files of the involved rule(s).
    jobid: 322
    input: sharks/HepPer/HepPer.bam
    output: sharks/HepPer/HepPer_CM068664.1.bam
    log: /rds/project/rds-p67MZilb2eQ/projects/VGP/heterozygosity/.snakemake/slurm_logs/rule_SEPARATE_BAM_BY_CHR/sharks_HepPer_CM068664.1/9988526.log (check log file(s) for error details)
    shell:
        
        samtools view -b sharks/HepPer/HepPer.bam CM068664.1 > sharks/HepPer/HepPer_CM068664.1.bam
        
        (one of the commands exited with non-zero exit code; note that snakemake uses bash strict mode!)
    external_jobid: 9988526

[Tue May 27 10:22:28 2025]
Finished job 418.
38 of 364 steps (10%) done
[Tue May 27 10:22:28 2025]
Error in rule SEPARATE_BAM_BY_CHR:
    message: SLURM-job '9988529' failed, SLURM status is: 'FAILED'. For further error details see the cluster/cloud log and the log files of the involved rule(s).
    jobid: 315
    input: sharks/HepPer/HepPer.bam
    output: sharks/HepPer/HepPer_CM068657.1.bam
    log: /rds/project/rds-p67MZilb2eQ/projects/VGP/heterozygosity/.snakemake/slurm_logs/rule_SEPARATE_BAM_BY_CHR/sharks_HepPer_CM068657.1/9988529.log (check log file(s) for error details)
    shell:
        
        samtools view -b sharks/HepPer/HepPer.bam CM068657.1 > sharks/HepPer/HepPer_CM068657.1.bam
        
        (one of the commands exited with non-zero exit code; note that snakemake uses bash strict mode!)
    external_jobid: 9988529

Execute 1 jobs...

[Tue May 27 10:22:28 2025]
rule SEPARATE_BAM_BY_CHR:
    input: sharks/HepPer/HepPer.bam
    output: sharks/HepPer/HepPer_CM068668.1.bam
    jobid: 326
    reason: Missing output files: sharks/HepPer/HepPer_CM068668.1.bam; Input files updated by another job: sharks/HepPer/HepPer.bam; Code has changed since last execution
    wildcards: CLADE=sharks, SPEC_NAME=HepPer, CHROM=CM068668.1
    resources: mem_mb=10000, mem_mib=9537, disk_mb=4328, disk_mib=4128, tmpdir=<TBD>, slurm_account=DURBIN-SL2-CPU, slurm_partition=cclake-himem, runtime=60

Job 326 has been submitted with SLURM jobid 9989151 (log: /rds/project/rds-p67MZilb2eQ/projects/VGP/heterozygosity/.snakemake/slurm_logs/rule_SEPARATE_BAM_BY_CHR/sharks_HepPer_CM068668.1/9989151.log).
Select jobs to execute...
Execute 2 jobs...

[Tue May 27 10:22:29 2025]
rule SEPARATE_BAM_BY_CHR:
    input: sharks/HepPer/HepPer.bam
    output: sharks/HepPer/HepPer_CM068646.1.bam
    jobid: 304
    reason: Missing output files: sharks/HepPer/HepPer_CM068646.1.bam; Input files updated by another job: sharks/HepPer/HepPer.bam; Code has changed since last execution
    wildcards: CLADE=sharks, SPEC_NAME=HepPer, CHROM=CM068646.1
    resources: mem_mb=10000, mem_mib=9537, disk_mb=4328, disk_mib=4128, tmpdir=<TBD>, slurm_account=DURBIN-SL2-CPU, slurm_partition=cclake-himem, runtime=60

Job 304 has been submitted with SLURM jobid 9989152 (log: /rds/project/rds-p67MZilb2eQ/projects/VGP/heterozygosity/.snakemake/slurm_logs/rule_SEPARATE_BAM_BY_CHR/sharks_HepPer_CM068646.1/9989152.log).

[Tue May 27 10:22:32 2025]
rule EXTRACT_CHR_FASTA:
    input: sharks/HepPer/temp/GCA_035084215.1.fa
    output: sharks/HepPer/temp/CM068660.1.fasta
    jobid: 409
    reason: Missing output files: sharks/HepPer/temp/CM068660.1.fasta; Input files updated by another job: sharks/HepPer/temp/GCA_035084215.1.fa
    wildcards: CLADE=sharks, SPEC_NAME=HepPer, CHROM=CM068660.1
    resources: mem_mb=10000, mem_mib=9537, disk_mb=6323, disk_mib=6031, tmpdir=<TBD>, slurm_account=DURBIN-SL2-CPU, slurm_partition=cclake-himem, runtime=60

Job 409 has been submitted with SLURM jobid 9989153 (log: /rds/project/rds-p67MZilb2eQ/projects/VGP/heterozygosity/.snakemake/slurm_logs/rule_EXTRACT_CHR_FASTA/sharks_HepPer_CM068660.1/9989153.log).
Select jobs to execute...
Waiting for more resources.
[Tue May 27 10:30:40 2025]
Error in rule SEPARATE_BAM_BY_CHR:
    message: SLURM-job '9988531' failed, SLURM status is: 'FAILED'. For further error details see the cluster/cloud log and the log files of the involved rule(s).
    jobid: 302
    input: sharks/HepPer/HepPer.bam
    output: sharks/HepPer/HepPer_CM068644.1.bam
    log: /rds/project/rds-p67MZilb2eQ/projects/VGP/heterozygosity/.snakemake/slurm_logs/rule_SEPARATE_BAM_BY_CHR/sharks_HepPer_CM068644.1/9988531.log (check log file(s) for error details)
    shell:
        
        samtools view -b sharks/HepPer/HepPer.bam CM068644.1 > sharks/HepPer/HepPer_CM068644.1.bam
        
        (one of the commands exited with non-zero exit code; note that snakemake uses bash strict mode!)
    external_jobid: 9988531

[Tue May 27 10:30:40 2025]
Error in rule SEPARATE_BAM_BY_CHR:
    message: SLURM-job '9988532' failed, SLURM status is: 'FAILED'. For further error details see the cluster/cloud log and the log files of the involved rule(s).
    jobid: 308
    input: sharks/HepPer/HepPer.bam
    output: sharks/HepPer/HepPer_CM068650.1.bam
    log: /rds/project/rds-p67MZilb2eQ/projects/VGP/heterozygosity/.snakemake/slurm_logs/rule_SEPARATE_BAM_BY_CHR/sharks_HepPer_CM068650.1/9988532.log (check log file(s) for error details)
    shell:
        
        samtools view -b sharks/HepPer/HepPer.bam CM068650.1 > sharks/HepPer/HepPer_CM068650.1.bam
        
        (one of the commands exited with non-zero exit code; note that snakemake uses bash strict mode!)
    external_jobid: 9988532

[Tue May 27 10:30:40 2025]
Error in rule SEPARATE_BAM_BY_CHR:
    message: SLURM-job '9988533' failed, SLURM status is: 'FAILED'. For further error details see the cluster/cloud log and the log files of the involved rule(s).
    jobid: 317
    input: sharks/HepPer/HepPer.bam
    output: sharks/HepPer/HepPer_CM068659.1.bam
    log: /rds/project/rds-p67MZilb2eQ/projects/VGP/heterozygosity/.snakemake/slurm_logs/rule_SEPARATE_BAM_BY_CHR/sharks_HepPer_CM068659.1/9988533.log (check log file(s) for error details)
    shell:
        
        samtools view -b sharks/HepPer/HepPer.bam CM068659.1 > sharks/HepPer/HepPer_CM068659.1.bam
        
        (one of the commands exited with non-zero exit code; note that snakemake uses bash strict mode!)
    external_jobid: 9988533

Execute 1 jobs...

[Tue May 27 10:30:40 2025]
rule SEPARATE_BAM_BY_CHR:
    input: sharks/HepPer/HepPer.bam
    output: sharks/HepPer/HepPer_CM068661.1.bam
    jobid: 319
    reason: Missing output files: sharks/HepPer/HepPer_CM068661.1.bam; Input files updated by another job: sharks/HepPer/HepPer.bam; Code has changed since last execution
    wildcards: CLADE=sharks, SPEC_NAME=HepPer, CHROM=CM068661.1
    resources: mem_mb=10000, mem_mib=9537, disk_mb=4328, disk_mib=4128, tmpdir=<TBD>, slurm_account=DURBIN-SL2-CPU, slurm_partition=cclake-himem, runtime=60

Job 319 has been submitted with SLURM jobid 9989300 (log: /rds/project/rds-p67MZilb2eQ/projects/VGP/heterozygosity/.snakemake/slurm_logs/rule_SEPARATE_BAM_BY_CHR/sharks_HepPer_CM068661.1/9989300.log).
Select jobs to execute...
Execute 2 jobs...

[Tue May 27 10:30:42 2025]
rule SEPARATE_BAM_BY_CHR:
    input: sharks/HepPer/HepPer.bam
    output: sharks/HepPer/HepPer_CM068679.1.bam
    jobid: 337
    reason: Missing output files: sharks/HepPer/HepPer_CM068679.1.bam; Input files updated by another job: sharks/HepPer/HepPer.bam; Code has changed since last execution
    wildcards: CLADE=sharks, SPEC_NAME=HepPer, CHROM=CM068679.1
    resources: mem_mb=10000, mem_mib=9537, disk_mb=4328, disk_mib=4128, tmpdir=<TBD>, slurm_account=DURBIN-SL2-CPU, slurm_partition=cclake-himem, runtime=60

Job 337 has been submitted with SLURM jobid 9989301 (log: /rds/project/rds-p67MZilb2eQ/projects/VGP/heterozygosity/.snakemake/slurm_logs/rule_SEPARATE_BAM_BY_CHR/sharks_HepPer_CM068679.1/9989301.log).

[Tue May 27 10:30:42 2025]
rule SEPARATE_BAM_BY_CHR:
    input: sharks/HepPer/HepPer.bam
    output: sharks/HepPer/HepPer_CM068639.1.bam
    jobid: 297
    reason: Missing output files: sharks/HepPer/HepPer_CM068639.1.bam; Input files updated by another job: sharks/HepPer/HepPer.bam; Code has changed since last execution
    wildcards: CLADE=sharks, SPEC_NAME=HepPer, CHROM=CM068639.1
    resources: mem_mb=10000, mem_mib=9537, disk_mb=4328, disk_mib=4128, tmpdir=<TBD>, slurm_account=DURBIN-SL2-CPU, slurm_partition=cclake-himem, runtime=60

Job 297 has been submitted with SLURM jobid 9989302 (log: /rds/project/rds-p67MZilb2eQ/projects/VGP/heterozygosity/.snakemake/slurm_logs/rule_SEPARATE_BAM_BY_CHR/sharks_HepPer_CM068639.1/9989302.log).
Select jobs to execute...
Waiting for more resources.
