host: login-p-1
Building DAG of jobs...
SLURM run ID: 294acc9e-c402-4916-bc06-da29d16ebeaf
Using shell: /usr/bin/bash
Provided remote nodes: 30
Job stats:
job                   count
------------------  -------
GEN_INPUT_MASK_VCF       40
all                       1
total                    41

Select jobs to execute...
Execute 30 jobs...

[Thu May 29 09:35:04 2025]
rule GEN_INPUT_MASK_VCF:
    input: sharks/HydCol/MSMC/vcf_files/HydCol_CM068771.1.vcf.gz
    output: sharks/HydCol/MSMC/Output_Mask/HydCol_CM068771.1.bed.gz, sharks/HydCol/MSMC/Output_VCF/HydCol_CM068771.1_only_snps.vcf.gz
    jobid: 288
    reason: Missing output files: sharks/HydCol/MSMC/Output_VCF/HydCol_CM068771.1_only_snps.vcf.gz, sharks/HydCol/MSMC/Output_Mask/HydCol_CM068771.1.bed.gz; Code has changed since last execution
    wildcards: CLADE=sharks, SPEC_NAME=HydCol, CHROM=CM068771.1
    resources: mem_mb=10000, mem_mib=9537, disk_mb=1000, disk_mib=954, tmpdir=<TBD>, slurm_account=DURBIN-SL2-CPU, slurm_partition=cclake-himem, runtime=60

Job 288 has been submitted with SLURM jobid 10063152 (log: /rds/project/rds-p67MZilb2eQ/projects/VGP/heterozygosity/.snakemake/slurm_logs/rule_GEN_INPUT_MASK_VCF/sharks_HydCol_CM068771.1/10063152.log).

[Thu May 29 09:35:05 2025]
rule GEN_INPUT_MASK_VCF:
    input: sharks/HydCol/MSMC/vcf_files/HydCol_CM068758.1.vcf.gz
    output: sharks/HydCol/MSMC/Output_Mask/HydCol_CM068758.1.bed.gz, sharks/HydCol/MSMC/Output_VCF/HydCol_CM068758.1_only_snps.vcf.gz
    jobid: 275
    reason: Missing output files: sharks/HydCol/MSMC/Output_VCF/HydCol_CM068758.1_only_snps.vcf.gz, sharks/HydCol/MSMC/Output_Mask/HydCol_CM068758.1.bed.gz; Code has changed since last execution
    wildcards: CLADE=sharks, SPEC_NAME=HydCol, CHROM=CM068758.1
    resources: mem_mb=10000, mem_mib=9537, disk_mb=1000, disk_mib=954, tmpdir=<TBD>, slurm_account=DURBIN-SL2-CPU, slurm_partition=cclake-himem, runtime=60

Job 275 has been submitted with SLURM jobid 10063153 (log: /rds/project/rds-p67MZilb2eQ/projects/VGP/heterozygosity/.snakemake/slurm_logs/rule_GEN_INPUT_MASK_VCF/sharks_HydCol_CM068758.1/10063153.log).

[Thu May 29 09:35:05 2025]
rule GEN_INPUT_MASK_VCF:
    input: sharks/HydCol/MSMC/vcf_files/HydCol_CM068751.1.vcf.gz
    output: sharks/HydCol/MSMC/Output_Mask/HydCol_CM068751.1.bed.gz, sharks/HydCol/MSMC/Output_VCF/HydCol_CM068751.1_only_snps.vcf.gz
    jobid: 268
    reason: Missing output files: sharks/HydCol/MSMC/Output_Mask/HydCol_CM068751.1.bed.gz, sharks/HydCol/MSMC/Output_VCF/HydCol_CM068751.1_only_snps.vcf.gz; Code has changed since last execution
    wildcards: CLADE=sharks, SPEC_NAME=HydCol, CHROM=CM068751.1
    resources: mem_mb=10000, mem_mib=9537, disk_mb=1000, disk_mib=954, tmpdir=<TBD>, slurm_account=DURBIN-SL2-CPU, slurm_partition=cclake-himem, runtime=60

Job 268 has been submitted with SLURM jobid 10063154 (log: /rds/project/rds-p67MZilb2eQ/projects/VGP/heterozygosity/.snakemake/slurm_logs/rule_GEN_INPUT_MASK_VCF/sharks_HydCol_CM068751.1/10063154.log).

[Thu May 29 09:35:05 2025]
rule GEN_INPUT_MASK_VCF:
    input: sharks/HydCol/MSMC/vcf_files/HydCol_CM068744.1.vcf.gz
    output: sharks/HydCol/MSMC/Output_Mask/HydCol_CM068744.1.bed.gz, sharks/HydCol/MSMC/Output_VCF/HydCol_CM068744.1_only_snps.vcf.gz
    jobid: 261
    reason: Missing output files: sharks/HydCol/MSMC/Output_VCF/HydCol_CM068744.1_only_snps.vcf.gz, sharks/HydCol/MSMC/Output_Mask/HydCol_CM068744.1.bed.gz; Code has changed since last execution
    wildcards: CLADE=sharks, SPEC_NAME=HydCol, CHROM=CM068744.1
    resources: mem_mb=10000, mem_mib=9537, disk_mb=1000, disk_mib=954, tmpdir=<TBD>, slurm_account=DURBIN-SL2-CPU, slurm_partition=cclake-himem, runtime=60

Job 261 has been submitted with SLURM jobid 10063155 (log: /rds/project/rds-p67MZilb2eQ/projects/VGP/heterozygosity/.snakemake/slurm_logs/rule_GEN_INPUT_MASK_VCF/sharks_HydCol_CM068744.1/10063155.log).

[Thu May 29 09:35:07 2025]
rule GEN_INPUT_MASK_VCF:
    input: sharks/HydCol/MSMC/vcf_files/HydCol_CM068779.1.vcf.gz
    output: sharks/HydCol/MSMC/Output_Mask/HydCol_CM068779.1.bed.gz, sharks/HydCol/MSMC/Output_VCF/HydCol_CM068779.1_only_snps.vcf.gz
    jobid: 296
    reason: Missing output files: sharks/HydCol/MSMC/Output_Mask/HydCol_CM068779.1.bed.gz, sharks/HydCol/MSMC/Output_VCF/HydCol_CM068779.1_only_snps.vcf.gz; Code has changed since last execution
    wildcards: CLADE=sharks, SPEC_NAME=HydCol, CHROM=CM068779.1
    resources: mem_mb=10000, mem_mib=9537, disk_mb=1000, disk_mib=954, tmpdir=<TBD>, slurm_account=DURBIN-SL2-CPU, slurm_partition=cclake-himem, runtime=60

Job 296 has been submitted with SLURM jobid 10063156 (log: /rds/project/rds-p67MZilb2eQ/projects/VGP/heterozygosity/.snakemake/slurm_logs/rule_GEN_INPUT_MASK_VCF/sharks_HydCol_CM068779.1/10063156.log).

[Thu May 29 09:35:07 2025]
rule GEN_INPUT_MASK_VCF:
    input: sharks/HydCol/MSMC/vcf_files/HydCol_CM068772.1.vcf.gz
    output: sharks/HydCol/MSMC/Output_Mask/HydCol_CM068772.1.bed.gz, sharks/HydCol/MSMC/Output_VCF/HydCol_CM068772.1_only_snps.vcf.gz
    jobid: 289
    reason: Missing output files: sharks/HydCol/MSMC/Output_Mask/HydCol_CM068772.1.bed.gz, sharks/HydCol/MSMC/Output_VCF/HydCol_CM068772.1_only_snps.vcf.gz; Code has changed since last execution
    wildcards: CLADE=sharks, SPEC_NAME=HydCol, CHROM=CM068772.1
    resources: mem_mb=10000, mem_mib=9537, disk_mb=1000, disk_mib=954, tmpdir=<TBD>, slurm_account=DURBIN-SL2-CPU, slurm_partition=cclake-himem, runtime=60

Job 289 has been submitted with SLURM jobid 10063157 (log: /rds/project/rds-p67MZilb2eQ/projects/VGP/heterozygosity/.snakemake/slurm_logs/rule_GEN_INPUT_MASK_VCF/sharks_HydCol_CM068772.1/10063157.log).

[Thu May 29 09:35:07 2025]
rule GEN_INPUT_MASK_VCF:
    input: sharks/HydCol/MSMC/vcf_files/HydCol_CM068765.1.vcf.gz
    output: sharks/HydCol/MSMC/Output_Mask/HydCol_CM068765.1.bed.gz, sharks/HydCol/MSMC/Output_VCF/HydCol_CM068765.1_only_snps.vcf.gz
    jobid: 282
    reason: Missing output files: sharks/HydCol/MSMC/Output_Mask/HydCol_CM068765.1.bed.gz, sharks/HydCol/MSMC/Output_VCF/HydCol_CM068765.1_only_snps.vcf.gz; Code has changed since last execution
    wildcards: CLADE=sharks, SPEC_NAME=HydCol, CHROM=CM068765.1
    resources: mem_mb=10000, mem_mib=9537, disk_mb=1000, disk_mib=954, tmpdir=<TBD>, slurm_account=DURBIN-SL2-CPU, slurm_partition=cclake-himem, runtime=60

Job 282 has been submitted with SLURM jobid 10063158 (log: /rds/project/rds-p67MZilb2eQ/projects/VGP/heterozygosity/.snakemake/slurm_logs/rule_GEN_INPUT_MASK_VCF/sharks_HydCol_CM068765.1/10063158.log).

[Thu May 29 09:35:10 2025]
rule GEN_INPUT_MASK_VCF:
    input: sharks/HydCol/MSMC/vcf_files/HydCol_CM068759.1.vcf.gz
    output: sharks/HydCol/MSMC/Output_Mask/HydCol_CM068759.1.bed.gz, sharks/HydCol/MSMC/Output_VCF/HydCol_CM068759.1_only_snps.vcf.gz
    jobid: 276
    reason: Missing output files: sharks/HydCol/MSMC/Output_VCF/HydCol_CM068759.1_only_snps.vcf.gz, sharks/HydCol/MSMC/Output_Mask/HydCol_CM068759.1.bed.gz; Code has changed since last execution
    wildcards: CLADE=sharks, SPEC_NAME=HydCol, CHROM=CM068759.1
    resources: mem_mb=10000, mem_mib=9537, disk_mb=1000, disk_mib=954, tmpdir=<TBD>, slurm_account=DURBIN-SL2-CPU, slurm_partition=cclake-himem, runtime=60

Job 276 has been submitted with SLURM jobid 10063159 (log: /rds/project/rds-p67MZilb2eQ/projects/VGP/heterozygosity/.snakemake/slurm_logs/rule_GEN_INPUT_MASK_VCF/sharks_HydCol_CM068759.1/10063159.log).

[Thu May 29 09:35:10 2025]
rule GEN_INPUT_MASK_VCF:
    input: sharks/HydCol/MSMC/vcf_files/HydCol_CM068752.1.vcf.gz
    output: sharks/HydCol/MSMC/Output_Mask/HydCol_CM068752.1.bed.gz, sharks/HydCol/MSMC/Output_VCF/HydCol_CM068752.1_only_snps.vcf.gz
    jobid: 269
    reason: Missing output files: sharks/HydCol/MSMC/Output_Mask/HydCol_CM068752.1.bed.gz, sharks/HydCol/MSMC/Output_VCF/HydCol_CM068752.1_only_snps.vcf.gz; Code has changed since last execution
    wildcards: CLADE=sharks, SPEC_NAME=HydCol, CHROM=CM068752.1
    resources: mem_mb=10000, mem_mib=9537, disk_mb=1000, disk_mib=954, tmpdir=<TBD>, slurm_account=DURBIN-SL2-CPU, slurm_partition=cclake-himem, runtime=60

Job 269 has been submitted with SLURM jobid 10063160 (log: /rds/project/rds-p67MZilb2eQ/projects/VGP/heterozygosity/.snakemake/slurm_logs/rule_GEN_INPUT_MASK_VCF/sharks_HydCol_CM068752.1/10063160.log).

[Thu May 29 09:35:10 2025]
rule GEN_INPUT_MASK_VCF:
    input: sharks/HydCol/MSMC/vcf_files/HydCol_CM068745.1.vcf.gz
    output: sharks/HydCol/MSMC/Output_Mask/HydCol_CM068745.1.bed.gz, sharks/HydCol/MSMC/Output_VCF/HydCol_CM068745.1_only_snps.vcf.gz
    jobid: 262
    reason: Missing output files: sharks/HydCol/MSMC/Output_Mask/HydCol_CM068745.1.bed.gz, sharks/HydCol/MSMC/Output_VCF/HydCol_CM068745.1_only_snps.vcf.gz; Code has changed since last execution
    wildcards: CLADE=sharks, SPEC_NAME=HydCol, CHROM=CM068745.1
    resources: mem_mb=10000, mem_mib=9537, disk_mb=1000, disk_mib=954, tmpdir=<TBD>, slurm_account=DURBIN-SL2-CPU, slurm_partition=cclake-himem, runtime=60

Job 262 has been submitted with SLURM jobid 10063161 (log: /rds/project/rds-p67MZilb2eQ/projects/VGP/heterozygosity/.snakemake/slurm_logs/rule_GEN_INPUT_MASK_VCF/sharks_HydCol_CM068745.1/10063161.log).

[Thu May 29 09:35:12 2025]
rule GEN_INPUT_MASK_VCF:
    input: sharks/HydCol/MSMC/vcf_files/HydCol_CM068780.1.vcf.gz
    output: sharks/HydCol/MSMC/Output_Mask/HydCol_CM068780.1.bed.gz, sharks/HydCol/MSMC/Output_VCF/HydCol_CM068780.1_only_snps.vcf.gz
    jobid: 297
    reason: Missing output files: sharks/HydCol/MSMC/Output_Mask/HydCol_CM068780.1.bed.gz, sharks/HydCol/MSMC/Output_VCF/HydCol_CM068780.1_only_snps.vcf.gz; Code has changed since last execution
    wildcards: CLADE=sharks, SPEC_NAME=HydCol, CHROM=CM068780.1
    resources: mem_mb=10000, mem_mib=9537, disk_mb=1000, disk_mib=954, tmpdir=<TBD>, slurm_account=DURBIN-SL2-CPU, slurm_partition=cclake-himem, runtime=60

Job 297 has been submitted with SLURM jobid 10063162 (log: /rds/project/rds-p67MZilb2eQ/projects/VGP/heterozygosity/.snakemake/slurm_logs/rule_GEN_INPUT_MASK_VCF/sharks_HydCol_CM068780.1/10063162.log).

[Thu May 29 09:35:12 2025]
rule GEN_INPUT_MASK_VCF:
    input: sharks/HydCol/MSMC/vcf_files/HydCol_CM068773.1.vcf.gz
    output: sharks/HydCol/MSMC/Output_Mask/HydCol_CM068773.1.bed.gz, sharks/HydCol/MSMC/Output_VCF/HydCol_CM068773.1_only_snps.vcf.gz
    jobid: 290
    reason: Missing output files: sharks/HydCol/MSMC/Output_VCF/HydCol_CM068773.1_only_snps.vcf.gz, sharks/HydCol/MSMC/Output_Mask/HydCol_CM068773.1.bed.gz; Code has changed since last execution
    wildcards: CLADE=sharks, SPEC_NAME=HydCol, CHROM=CM068773.1
    resources: mem_mb=10000, mem_mib=9537, disk_mb=1000, disk_mib=954, tmpdir=<TBD>, slurm_account=DURBIN-SL2-CPU, slurm_partition=cclake-himem, runtime=60

Job 290 has been submitted with SLURM jobid 10063163 (log: /rds/project/rds-p67MZilb2eQ/projects/VGP/heterozygosity/.snakemake/slurm_logs/rule_GEN_INPUT_MASK_VCF/sharks_HydCol_CM068773.1/10063163.log).

[Thu May 29 09:35:12 2025]
rule GEN_INPUT_MASK_VCF:
    input: sharks/HydCol/MSMC/vcf_files/HydCol_CM068766.1.vcf.gz
    output: sharks/HydCol/MSMC/Output_Mask/HydCol_CM068766.1.bed.gz, sharks/HydCol/MSMC/Output_VCF/HydCol_CM068766.1_only_snps.vcf.gz
    jobid: 283
    reason: Missing output files: sharks/HydCol/MSMC/Output_Mask/HydCol_CM068766.1.bed.gz, sharks/HydCol/MSMC/Output_VCF/HydCol_CM068766.1_only_snps.vcf.gz; Code has changed since last execution
    wildcards: CLADE=sharks, SPEC_NAME=HydCol, CHROM=CM068766.1
    resources: mem_mb=10000, mem_mib=9537, disk_mb=1000, disk_mib=954, tmpdir=<TBD>, slurm_account=DURBIN-SL2-CPU, slurm_partition=cclake-himem, runtime=60

Job 283 has been submitted with SLURM jobid 10063164 (log: /rds/project/rds-p67MZilb2eQ/projects/VGP/heterozygosity/.snakemake/slurm_logs/rule_GEN_INPUT_MASK_VCF/sharks_HydCol_CM068766.1/10063164.log).

[Thu May 29 09:35:15 2025]
rule GEN_INPUT_MASK_VCF:
    input: sharks/HydCol/MSMC/vcf_files/HydCol_CM068760.1.vcf.gz
    output: sharks/HydCol/MSMC/Output_Mask/HydCol_CM068760.1.bed.gz, sharks/HydCol/MSMC/Output_VCF/HydCol_CM068760.1_only_snps.vcf.gz
    jobid: 277
    reason: Missing output files: sharks/HydCol/MSMC/Output_VCF/HydCol_CM068760.1_only_snps.vcf.gz, sharks/HydCol/MSMC/Output_Mask/HydCol_CM068760.1.bed.gz; Code has changed since last execution
    wildcards: CLADE=sharks, SPEC_NAME=HydCol, CHROM=CM068760.1
    resources: mem_mb=10000, mem_mib=9537, disk_mb=1000, disk_mib=954, tmpdir=<TBD>, slurm_account=DURBIN-SL2-CPU, slurm_partition=cclake-himem, runtime=60

Job 277 has been submitted with SLURM jobid 10063165 (log: /rds/project/rds-p67MZilb2eQ/projects/VGP/heterozygosity/.snakemake/slurm_logs/rule_GEN_INPUT_MASK_VCF/sharks_HydCol_CM068760.1/10063165.log).

[Thu May 29 09:35:15 2025]
rule GEN_INPUT_MASK_VCF:
    input: sharks/HydCol/MSMC/vcf_files/HydCol_CM068753.1.vcf.gz
    output: sharks/HydCol/MSMC/Output_Mask/HydCol_CM068753.1.bed.gz, sharks/HydCol/MSMC/Output_VCF/HydCol_CM068753.1_only_snps.vcf.gz
    jobid: 270
    reason: Missing output files: sharks/HydCol/MSMC/Output_Mask/HydCol_CM068753.1.bed.gz, sharks/HydCol/MSMC/Output_VCF/HydCol_CM068753.1_only_snps.vcf.gz; Code has changed since last execution
    wildcards: CLADE=sharks, SPEC_NAME=HydCol, CHROM=CM068753.1
    resources: mem_mb=10000, mem_mib=9537, disk_mb=1000, disk_mib=954, tmpdir=<TBD>, slurm_account=DURBIN-SL2-CPU, slurm_partition=cclake-himem, runtime=60

Job 270 has been submitted with SLURM jobid 10063166 (log: /rds/project/rds-p67MZilb2eQ/projects/VGP/heterozygosity/.snakemake/slurm_logs/rule_GEN_INPUT_MASK_VCF/sharks_HydCol_CM068753.1/10063166.log).

[Thu May 29 09:35:17 2025]
rule GEN_INPUT_MASK_VCF:
    input: sharks/HydCol/MSMC/vcf_files/HydCol_CM068746.1.vcf.gz
    output: sharks/HydCol/MSMC/Output_Mask/HydCol_CM068746.1.bed.gz, sharks/HydCol/MSMC/Output_VCF/HydCol_CM068746.1_only_snps.vcf.gz
    jobid: 263
    reason: Missing output files: sharks/HydCol/MSMC/Output_VCF/HydCol_CM068746.1_only_snps.vcf.gz, sharks/HydCol/MSMC/Output_Mask/HydCol_CM068746.1.bed.gz; Code has changed since last execution
    wildcards: CLADE=sharks, SPEC_NAME=HydCol, CHROM=CM068746.1
    resources: mem_mb=10000, mem_mib=9537, disk_mb=1000, disk_mib=954, tmpdir=<TBD>, slurm_account=DURBIN-SL2-CPU, slurm_partition=cclake-himem, runtime=60

Job 263 has been submitted with SLURM jobid 10063167 (log: /rds/project/rds-p67MZilb2eQ/projects/VGP/heterozygosity/.snakemake/slurm_logs/rule_GEN_INPUT_MASK_VCF/sharks_HydCol_CM068746.1/10063167.log).

[Thu May 29 09:35:17 2025]
rule GEN_INPUT_MASK_VCF:
    input: sharks/HydCol/MSMC/vcf_files/HydCol_CM068781.1.vcf.gz
    output: sharks/HydCol/MSMC/Output_Mask/HydCol_CM068781.1.bed.gz, sharks/HydCol/MSMC/Output_VCF/HydCol_CM068781.1_only_snps.vcf.gz
    jobid: 298
    reason: Missing output files: sharks/HydCol/MSMC/Output_VCF/HydCol_CM068781.1_only_snps.vcf.gz, sharks/HydCol/MSMC/Output_Mask/HydCol_CM068781.1.bed.gz; Code has changed since last execution
    wildcards: CLADE=sharks, SPEC_NAME=HydCol, CHROM=CM068781.1
    resources: mem_mb=10000, mem_mib=9537, disk_mb=1000, disk_mib=954, tmpdir=<TBD>, slurm_account=DURBIN-SL2-CPU, slurm_partition=cclake-himem, runtime=60

Job 298 has been submitted with SLURM jobid 10063168 (log: /rds/project/rds-p67MZilb2eQ/projects/VGP/heterozygosity/.snakemake/slurm_logs/rule_GEN_INPUT_MASK_VCF/sharks_HydCol_CM068781.1/10063168.log).

[Thu May 29 09:35:17 2025]
rule GEN_INPUT_MASK_VCF:
    input: sharks/HydCol/MSMC/vcf_files/HydCol_CM068755.1.vcf.gz
    output: sharks/HydCol/MSMC/Output_Mask/HydCol_CM068755.1.bed.gz, sharks/HydCol/MSMC/Output_VCF/HydCol_CM068755.1_only_snps.vcf.gz
    jobid: 272
    reason: Missing output files: sharks/HydCol/MSMC/Output_VCF/HydCol_CM068755.1_only_snps.vcf.gz, sharks/HydCol/MSMC/Output_Mask/HydCol_CM068755.1.bed.gz; Code has changed since last execution
    wildcards: CLADE=sharks, SPEC_NAME=HydCol, CHROM=CM068755.1
    resources: mem_mb=10000, mem_mib=9537, disk_mb=1000, disk_mib=954, tmpdir=<TBD>, slurm_account=DURBIN-SL2-CPU, slurm_partition=cclake-himem, runtime=60

Job 272 has been submitted with SLURM jobid 10063169 (log: /rds/project/rds-p67MZilb2eQ/projects/VGP/heterozygosity/.snakemake/slurm_logs/rule_GEN_INPUT_MASK_VCF/sharks_HydCol_CM068755.1/10063169.log).

[Thu May 29 09:35:20 2025]
rule GEN_INPUT_MASK_VCF:
    input: sharks/HydCol/MSMC/vcf_files/HydCol_CM068748.1.vcf.gz
    output: sharks/HydCol/MSMC/Output_Mask/HydCol_CM068748.1.bed.gz, sharks/HydCol/MSMC/Output_VCF/HydCol_CM068748.1_only_snps.vcf.gz
    jobid: 265
    reason: Missing output files: sharks/HydCol/MSMC/Output_Mask/HydCol_CM068748.1.bed.gz, sharks/HydCol/MSMC/Output_VCF/HydCol_CM068748.1_only_snps.vcf.gz; Code has changed since last execution
    wildcards: CLADE=sharks, SPEC_NAME=HydCol, CHROM=CM068748.1
    resources: mem_mb=10000, mem_mib=9537, disk_mb=1000, disk_mib=954, tmpdir=<TBD>, slurm_account=DURBIN-SL2-CPU, slurm_partition=cclake-himem, runtime=60

Job 265 has been submitted with SLURM jobid 10063170 (log: /rds/project/rds-p67MZilb2eQ/projects/VGP/heterozygosity/.snakemake/slurm_logs/rule_GEN_INPUT_MASK_VCF/sharks_HydCol_CM068748.1/10063170.log).

[Thu May 29 09:35:20 2025]
rule GEN_INPUT_MASK_VCF:
    input: sharks/HydCol/MSMC/vcf_files/HydCol_CM068776.1.vcf.gz
    output: sharks/HydCol/MSMC/Output_Mask/HydCol_CM068776.1.bed.gz, sharks/HydCol/MSMC/Output_VCF/HydCol_CM068776.1_only_snps.vcf.gz
    jobid: 293
    reason: Missing output files: sharks/HydCol/MSMC/Output_VCF/HydCol_CM068776.1_only_snps.vcf.gz, sharks/HydCol/MSMC/Output_Mask/HydCol_CM068776.1.bed.gz; Code has changed since last execution
    wildcards: CLADE=sharks, SPEC_NAME=HydCol, CHROM=CM068776.1
    resources: mem_mb=10000, mem_mib=9537, disk_mb=1000, disk_mib=954, tmpdir=<TBD>, slurm_account=DURBIN-SL2-CPU, slurm_partition=cclake-himem, runtime=60

Job 293 has been submitted with SLURM jobid 10063171 (log: /rds/project/rds-p67MZilb2eQ/projects/VGP/heterozygosity/.snakemake/slurm_logs/rule_GEN_INPUT_MASK_VCF/sharks_HydCol_CM068776.1/10063171.log).

[Thu May 29 09:35:20 2025]
rule GEN_INPUT_MASK_VCF:
    input: sharks/HydCol/MSMC/vcf_files/HydCol_CM068769.1.vcf.gz
    output: sharks/HydCol/MSMC/Output_Mask/HydCol_CM068769.1.bed.gz, sharks/HydCol/MSMC/Output_VCF/HydCol_CM068769.1_only_snps.vcf.gz
    jobid: 286
    reason: Missing output files: sharks/HydCol/MSMC/Output_Mask/HydCol_CM068769.1.bed.gz, sharks/HydCol/MSMC/Output_VCF/HydCol_CM068769.1_only_snps.vcf.gz; Code has changed since last execution
    wildcards: CLADE=sharks, SPEC_NAME=HydCol, CHROM=CM068769.1
    resources: mem_mb=10000, mem_mib=9537, disk_mb=1000, disk_mib=954, tmpdir=<TBD>, slurm_account=DURBIN-SL2-CPU, slurm_partition=cclake-himem, runtime=60

Job 286 has been submitted with SLURM jobid 10063172 (log: /rds/project/rds-p67MZilb2eQ/projects/VGP/heterozygosity/.snakemake/slurm_logs/rule_GEN_INPUT_MASK_VCF/sharks_HydCol_CM068769.1/10063172.log).

[Thu May 29 09:35:22 2025]
rule GEN_INPUT_MASK_VCF:
    input: sharks/HydCol/MSMC/vcf_files/HydCol_CM068763.1.vcf.gz
    output: sharks/HydCol/MSMC/Output_Mask/HydCol_CM068763.1.bed.gz, sharks/HydCol/MSMC/Output_VCF/HydCol_CM068763.1_only_snps.vcf.gz
    jobid: 280
    reason: Missing output files: sharks/HydCol/MSMC/Output_Mask/HydCol_CM068763.1.bed.gz, sharks/HydCol/MSMC/Output_VCF/HydCol_CM068763.1_only_snps.vcf.gz; Code has changed since last execution
    wildcards: CLADE=sharks, SPEC_NAME=HydCol, CHROM=CM068763.1
    resources: mem_mb=10000, mem_mib=9537, disk_mb=1000, disk_mib=954, tmpdir=<TBD>, slurm_account=DURBIN-SL2-CPU, slurm_partition=cclake-himem, runtime=60

Job 280 has been submitted with SLURM jobid 10063173 (log: /rds/project/rds-p67MZilb2eQ/projects/VGP/heterozygosity/.snakemake/slurm_logs/rule_GEN_INPUT_MASK_VCF/sharks_HydCol_CM068763.1/10063173.log).

[Thu May 29 09:35:22 2025]
rule GEN_INPUT_MASK_VCF:
    input: sharks/HydCol/MSMC/vcf_files/HydCol_CM068756.1.vcf.gz
    output: sharks/HydCol/MSMC/Output_Mask/HydCol_CM068756.1.bed.gz, sharks/HydCol/MSMC/Output_VCF/HydCol_CM068756.1_only_snps.vcf.gz
    jobid: 273
    reason: Missing output files: sharks/HydCol/MSMC/Output_VCF/HydCol_CM068756.1_only_snps.vcf.gz, sharks/HydCol/MSMC/Output_Mask/HydCol_CM068756.1.bed.gz; Code has changed since last execution
    wildcards: CLADE=sharks, SPEC_NAME=HydCol, CHROM=CM068756.1
    resources: mem_mb=10000, mem_mib=9537, disk_mb=1000, disk_mib=954, tmpdir=<TBD>, slurm_account=DURBIN-SL2-CPU, slurm_partition=cclake-himem, runtime=60

Job 273 has been submitted with SLURM jobid 10063174 (log: /rds/project/rds-p67MZilb2eQ/projects/VGP/heterozygosity/.snakemake/slurm_logs/rule_GEN_INPUT_MASK_VCF/sharks_HydCol_CM068756.1/10063174.log).

[Thu May 29 09:35:22 2025]
rule GEN_INPUT_MASK_VCF:
    input: sharks/HydCol/MSMC/vcf_files/HydCol_CM068749.1.vcf.gz
    output: sharks/HydCol/MSMC/Output_Mask/HydCol_CM068749.1.bed.gz, sharks/HydCol/MSMC/Output_VCF/HydCol_CM068749.1_only_snps.vcf.gz
    jobid: 266
    reason: Missing output files: sharks/HydCol/MSMC/Output_Mask/HydCol_CM068749.1.bed.gz, sharks/HydCol/MSMC/Output_VCF/HydCol_CM068749.1_only_snps.vcf.gz; Code has changed since last execution
    wildcards: CLADE=sharks, SPEC_NAME=HydCol, CHROM=CM068749.1
    resources: mem_mb=10000, mem_mib=9537, disk_mb=1000, disk_mib=954, tmpdir=<TBD>, slurm_account=DURBIN-SL2-CPU, slurm_partition=cclake-himem, runtime=60

Job 266 has been submitted with SLURM jobid 10063175 (log: /rds/project/rds-p67MZilb2eQ/projects/VGP/heterozygosity/.snakemake/slurm_logs/rule_GEN_INPUT_MASK_VCF/sharks_HydCol_CM068749.1/10063175.log).

[Thu May 29 09:35:27 2025]
rule GEN_INPUT_MASK_VCF:
    input: sharks/HydCol/MSMC/vcf_files/HydCol_CM068742.1.vcf.gz
    output: sharks/HydCol/MSMC/Output_Mask/HydCol_CM068742.1.bed.gz, sharks/HydCol/MSMC/Output_VCF/HydCol_CM068742.1_only_snps.vcf.gz
    jobid: 259
    reason: Missing output files: sharks/HydCol/MSMC/Output_Mask/HydCol_CM068742.1.bed.gz, sharks/HydCol/MSMC/Output_VCF/HydCol_CM068742.1_only_snps.vcf.gz; Code has changed since last execution
    wildcards: CLADE=sharks, SPEC_NAME=HydCol, CHROM=CM068742.1
    resources: mem_mb=10000, mem_mib=9537, disk_mb=1000, disk_mib=954, tmpdir=<TBD>, slurm_account=DURBIN-SL2-CPU, slurm_partition=cclake-himem, runtime=60

Job 259 has been submitted with SLURM jobid 10063176 (log: /rds/project/rds-p67MZilb2eQ/projects/VGP/heterozygosity/.snakemake/slurm_logs/rule_GEN_INPUT_MASK_VCF/sharks_HydCol_CM068742.1/10063176.log).

[Thu May 29 09:35:27 2025]
rule GEN_INPUT_MASK_VCF:
    input: sharks/HydCol/MSMC/vcf_files/HydCol_CM068777.1.vcf.gz
    output: sharks/HydCol/MSMC/Output_Mask/HydCol_CM068777.1.bed.gz, sharks/HydCol/MSMC/Output_VCF/HydCol_CM068777.1_only_snps.vcf.gz
    jobid: 294
    reason: Missing output files: sharks/HydCol/MSMC/Output_Mask/HydCol_CM068777.1.bed.gz, sharks/HydCol/MSMC/Output_VCF/HydCol_CM068777.1_only_snps.vcf.gz; Code has changed since last execution
    wildcards: CLADE=sharks, SPEC_NAME=HydCol, CHROM=CM068777.1
    resources: mem_mb=10000, mem_mib=9537, disk_mb=1000, disk_mib=954, tmpdir=<TBD>, slurm_account=DURBIN-SL2-CPU, slurm_partition=cclake-himem, runtime=60

Job 294 has been submitted with SLURM jobid 10063177 (log: /rds/project/rds-p67MZilb2eQ/projects/VGP/heterozygosity/.snakemake/slurm_logs/rule_GEN_INPUT_MASK_VCF/sharks_HydCol_CM068777.1/10063177.log).

[Thu May 29 09:35:30 2025]
rule GEN_INPUT_MASK_VCF:
    input: sharks/HydCol/MSMC/vcf_files/HydCol_CM068770.1.vcf.gz
    output: sharks/HydCol/MSMC/Output_Mask/HydCol_CM068770.1.bed.gz, sharks/HydCol/MSMC/Output_VCF/HydCol_CM068770.1_only_snps.vcf.gz
    jobid: 287
    reason: Missing output files: sharks/HydCol/MSMC/Output_Mask/HydCol_CM068770.1.bed.gz, sharks/HydCol/MSMC/Output_VCF/HydCol_CM068770.1_only_snps.vcf.gz; Code has changed since last execution
    wildcards: CLADE=sharks, SPEC_NAME=HydCol, CHROM=CM068770.1
    resources: mem_mb=10000, mem_mib=9537, disk_mb=1000, disk_mib=954, tmpdir=<TBD>, slurm_account=DURBIN-SL2-CPU, slurm_partition=cclake-himem, runtime=60

Job 287 has been submitted with SLURM jobid 10063178 (log: /rds/project/rds-p67MZilb2eQ/projects/VGP/heterozygosity/.snakemake/slurm_logs/rule_GEN_INPUT_MASK_VCF/sharks_HydCol_CM068770.1/10063178.log).

[Thu May 29 09:35:30 2025]
rule GEN_INPUT_MASK_VCF:
    input: sharks/HydCol/MSMC/vcf_files/HydCol_CM068757.1.vcf.gz
    output: sharks/HydCol/MSMC/Output_Mask/HydCol_CM068757.1.bed.gz, sharks/HydCol/MSMC/Output_VCF/HydCol_CM068757.1_only_snps.vcf.gz
    jobid: 274
    reason: Missing output files: sharks/HydCol/MSMC/Output_Mask/HydCol_CM068757.1.bed.gz, sharks/HydCol/MSMC/Output_VCF/HydCol_CM068757.1_only_snps.vcf.gz; Code has changed since last execution
    wildcards: CLADE=sharks, SPEC_NAME=HydCol, CHROM=CM068757.1
    resources: mem_mb=10000, mem_mib=9537, disk_mb=1000, disk_mib=954, tmpdir=<TBD>, slurm_account=DURBIN-SL2-CPU, slurm_partition=cclake-himem, runtime=60

Job 274 has been submitted with SLURM jobid 10063179 (log: /rds/project/rds-p67MZilb2eQ/projects/VGP/heterozygosity/.snakemake/slurm_logs/rule_GEN_INPUT_MASK_VCF/sharks_HydCol_CM068757.1/10063179.log).

[Thu May 29 09:35:30 2025]
rule GEN_INPUT_MASK_VCF:
    input: sharks/HydCol/MSMC/vcf_files/HydCol_CM068750.1.vcf.gz
    output: sharks/HydCol/MSMC/Output_Mask/HydCol_CM068750.1.bed.gz, sharks/HydCol/MSMC/Output_VCF/HydCol_CM068750.1_only_snps.vcf.gz
    jobid: 267
    reason: Missing output files: sharks/HydCol/MSMC/Output_VCF/HydCol_CM068750.1_only_snps.vcf.gz, sharks/HydCol/MSMC/Output_Mask/HydCol_CM068750.1.bed.gz; Code has changed since last execution
    wildcards: CLADE=sharks, SPEC_NAME=HydCol, CHROM=CM068750.1
    resources: mem_mb=10000, mem_mib=9537, disk_mb=1000, disk_mib=954, tmpdir=<TBD>, slurm_account=DURBIN-SL2-CPU, slurm_partition=cclake-himem, runtime=60

Job 267 has been submitted with SLURM jobid 10063180 (log: /rds/project/rds-p67MZilb2eQ/projects/VGP/heterozygosity/.snakemake/slurm_logs/rule_GEN_INPUT_MASK_VCF/sharks_HydCol_CM068750.1/10063180.log).

[Thu May 29 09:35:32 2025]
rule GEN_INPUT_MASK_VCF:
    input: sharks/HydCol/MSMC/vcf_files/HydCol_CM068743.1.vcf.gz
    output: sharks/HydCol/MSMC/Output_Mask/HydCol_CM068743.1.bed.gz, sharks/HydCol/MSMC/Output_VCF/HydCol_CM068743.1_only_snps.vcf.gz
    jobid: 260
    reason: Missing output files: sharks/HydCol/MSMC/Output_VCF/HydCol_CM068743.1_only_snps.vcf.gz, sharks/HydCol/MSMC/Output_Mask/HydCol_CM068743.1.bed.gz; Code has changed since last execution
    wildcards: CLADE=sharks, SPEC_NAME=HydCol, CHROM=CM068743.1
    resources: mem_mb=10000, mem_mib=9537, disk_mb=1000, disk_mib=954, tmpdir=<TBD>, slurm_account=DURBIN-SL2-CPU, slurm_partition=cclake-himem, runtime=60

Job 260 has been submitted with SLURM jobid 10063182 (log: /rds/project/rds-p67MZilb2eQ/projects/VGP/heterozygosity/.snakemake/slurm_logs/rule_GEN_INPUT_MASK_VCF/sharks_HydCol_CM068743.1/10063182.log).
[Thu May 29 09:35:43 2025]
Error in rule GEN_INPUT_MASK_VCF:
    message: SLURM-job '10063152' failed, SLURM status is: 'FAILED'. For further error details see the cluster/cloud log and the log files of the involved rule(s).
    jobid: 288
    input: sharks/HydCol/MSMC/vcf_files/HydCol_CM068771.1.vcf.gz
    output: sharks/HydCol/MSMC/Output_Mask/HydCol_CM068771.1.bed.gz, sharks/HydCol/MSMC/Output_VCF/HydCol_CM068771.1_only_snps.vcf.gz
    log: /rds/project/rds-p67MZilb2eQ/projects/VGP/heterozygosity/.snakemake/slurm_logs/rule_GEN_INPUT_MASK_VCF/sharks_HydCol_CM068771.1/10063152.log (check log file(s) for error details)
    shell:
        
        mkdir -p "sharks/HydCol/MSMC/Output_Mask"
        mkdir -p "sharks/HydCol/MSMC/Output_VCF"
        bcftools view -V indels -m2 -M2 -v snps sharks/HydCol/MSMC/vcf_files/HydCol_CM068771.1.vcf.gz | /rds/project/rds-8b3VcZwY7rY/users/ag2427/hpc-work/msmc-tools/bamCaller.py 1 sharks/HydCol/MSMC/Output_Mask/HydCol_CM068771.1.bed.gz | bgzip -c > sharks/HydCol/MSMC/Output_VCF/HydCol_CM068771.1_only_snps.vcf.gz
        
        (one of the commands exited with non-zero exit code; note that snakemake uses bash strict mode!)
    external_jobid: 10063152

[Thu May 29 09:35:43 2025]
Error in rule GEN_INPUT_MASK_VCF:
    message: SLURM-job '10063153' failed, SLURM status is: 'FAILED'. For further error details see the cluster/cloud log and the log files of the involved rule(s).
    jobid: 275
    input: sharks/HydCol/MSMC/vcf_files/HydCol_CM068758.1.vcf.gz
    output: sharks/HydCol/MSMC/Output_Mask/HydCol_CM068758.1.bed.gz, sharks/HydCol/MSMC/Output_VCF/HydCol_CM068758.1_only_snps.vcf.gz
    log: /rds/project/rds-p67MZilb2eQ/projects/VGP/heterozygosity/.snakemake/slurm_logs/rule_GEN_INPUT_MASK_VCF/sharks_HydCol_CM068758.1/10063153.log (check log file(s) for error details)
    shell:
        
        mkdir -p "sharks/HydCol/MSMC/Output_Mask"
        mkdir -p "sharks/HydCol/MSMC/Output_VCF"
        bcftools view -V indels -m2 -M2 -v snps sharks/HydCol/MSMC/vcf_files/HydCol_CM068758.1.vcf.gz | /rds/project/rds-8b3VcZwY7rY/users/ag2427/hpc-work/msmc-tools/bamCaller.py 1 sharks/HydCol/MSMC/Output_Mask/HydCol_CM068758.1.bed.gz | bgzip -c > sharks/HydCol/MSMC/Output_VCF/HydCol_CM068758.1_only_snps.vcf.gz
        
        (one of the commands exited with non-zero exit code; note that snakemake uses bash strict mode!)
    external_jobid: 10063153

Select jobs to execute...
[Thu May 29 09:35:44 2025]
Error in rule GEN_INPUT_MASK_VCF:
    message: SLURM-job '10063154' failed, SLURM status is: 'FAILED'. For further error details see the cluster/cloud log and the log files of the involved rule(s).
    jobid: 268
    input: sharks/HydCol/MSMC/vcf_files/HydCol_CM068751.1.vcf.gz
    output: sharks/HydCol/MSMC/Output_Mask/HydCol_CM068751.1.bed.gz, sharks/HydCol/MSMC/Output_VCF/HydCol_CM068751.1_only_snps.vcf.gz
    log: /rds/project/rds-p67MZilb2eQ/projects/VGP/heterozygosity/.snakemake/slurm_logs/rule_GEN_INPUT_MASK_VCF/sharks_HydCol_CM068751.1/10063154.log (check log file(s) for error details)
    shell:
        
        mkdir -p "sharks/HydCol/MSMC/Output_Mask"
        mkdir -p "sharks/HydCol/MSMC/Output_VCF"
        bcftools view -V indels -m2 -M2 -v snps sharks/HydCol/MSMC/vcf_files/HydCol_CM068751.1.vcf.gz | /rds/project/rds-8b3VcZwY7rY/users/ag2427/hpc-work/msmc-tools/bamCaller.py 1 sharks/HydCol/MSMC/Output_Mask/HydCol_CM068751.1.bed.gz | bgzip -c > sharks/HydCol/MSMC/Output_VCF/HydCol_CM068751.1_only_snps.vcf.gz
        
        (one of the commands exited with non-zero exit code; note that snakemake uses bash strict mode!)
    external_jobid: 10063154

[Thu May 29 09:35:44 2025]
Error in rule GEN_INPUT_MASK_VCF:
    message: SLURM-job '10063155' failed, SLURM status is: 'FAILED'. For further error details see the cluster/cloud log and the log files of the involved rule(s).
    jobid: 261
    input: sharks/HydCol/MSMC/vcf_files/HydCol_CM068744.1.vcf.gz
    output: sharks/HydCol/MSMC/Output_Mask/HydCol_CM068744.1.bed.gz, sharks/HydCol/MSMC/Output_VCF/HydCol_CM068744.1_only_snps.vcf.gz
    log: /rds/project/rds-p67MZilb2eQ/projects/VGP/heterozygosity/.snakemake/slurm_logs/rule_GEN_INPUT_MASK_VCF/sharks_HydCol_CM068744.1/10063155.log (check log file(s) for error details)
    shell:
        
        mkdir -p "sharks/HydCol/MSMC/Output_Mask"
        mkdir -p "sharks/HydCol/MSMC/Output_VCF"
        bcftools view -V indels -m2 -M2 -v snps sharks/HydCol/MSMC/vcf_files/HydCol_CM068744.1.vcf.gz | /rds/project/rds-8b3VcZwY7rY/users/ag2427/hpc-work/msmc-tools/bamCaller.py 1 sharks/HydCol/MSMC/Output_Mask/HydCol_CM068744.1.bed.gz | bgzip -c > sharks/HydCol/MSMC/Output_VCF/HydCol_CM068744.1_only_snps.vcf.gz
        
        (one of the commands exited with non-zero exit code; note that snakemake uses bash strict mode!)
    external_jobid: 10063155

[Thu May 29 09:35:44 2025]
Error in rule GEN_INPUT_MASK_VCF:
    message: SLURM-job '10063156' failed, SLURM status is: 'FAILED'. For further error details see the cluster/cloud log and the log files of the involved rule(s).
    jobid: 296
    input: sharks/HydCol/MSMC/vcf_files/HydCol_CM068779.1.vcf.gz
    output: sharks/HydCol/MSMC/Output_Mask/HydCol_CM068779.1.bed.gz, sharks/HydCol/MSMC/Output_VCF/HydCol_CM068779.1_only_snps.vcf.gz
    log: /rds/project/rds-p67MZilb2eQ/projects/VGP/heterozygosity/.snakemake/slurm_logs/rule_GEN_INPUT_MASK_VCF/sharks_HydCol_CM068779.1/10063156.log (check log file(s) for error details)
    shell:
        
        mkdir -p "sharks/HydCol/MSMC/Output_Mask"
        mkdir -p "sharks/HydCol/MSMC/Output_VCF"
        bcftools view -V indels -m2 -M2 -v snps sharks/HydCol/MSMC/vcf_files/HydCol_CM068779.1.vcf.gz | /rds/project/rds-8b3VcZwY7rY/users/ag2427/hpc-work/msmc-tools/bamCaller.py 1 sharks/HydCol/MSMC/Output_Mask/HydCol_CM068779.1.bed.gz | bgzip -c > sharks/HydCol/MSMC/Output_VCF/HydCol_CM068779.1_only_snps.vcf.gz
        
        (one of the commands exited with non-zero exit code; note that snakemake uses bash strict mode!)
    external_jobid: 10063156

[Thu May 29 09:35:44 2025]
Error in rule GEN_INPUT_MASK_VCF:
    message: SLURM-job '10063157' failed, SLURM status is: 'FAILED'. For further error details see the cluster/cloud log and the log files of the involved rule(s).
    jobid: 289
    input: sharks/HydCol/MSMC/vcf_files/HydCol_CM068772.1.vcf.gz
    output: sharks/HydCol/MSMC/Output_Mask/HydCol_CM068772.1.bed.gz, sharks/HydCol/MSMC/Output_VCF/HydCol_CM068772.1_only_snps.vcf.gz
    log: /rds/project/rds-p67MZilb2eQ/projects/VGP/heterozygosity/.snakemake/slurm_logs/rule_GEN_INPUT_MASK_VCF/sharks_HydCol_CM068772.1/10063157.log (check log file(s) for error details)
    shell:
        
        mkdir -p "sharks/HydCol/MSMC/Output_Mask"
        mkdir -p "sharks/HydCol/MSMC/Output_VCF"
        bcftools view -V indels -m2 -M2 -v snps sharks/HydCol/MSMC/vcf_files/HydCol_CM068772.1.vcf.gz | /rds/project/rds-8b3VcZwY7rY/users/ag2427/hpc-work/msmc-tools/bamCaller.py 1 sharks/HydCol/MSMC/Output_Mask/HydCol_CM068772.1.bed.gz | bgzip -c > sharks/HydCol/MSMC/Output_VCF/HydCol_CM068772.1_only_snps.vcf.gz
        
        (one of the commands exited with non-zero exit code; note that snakemake uses bash strict mode!)
    external_jobid: 10063157

[Thu May 29 09:35:44 2025]
Error in rule GEN_INPUT_MASK_VCF:
    message: SLURM-job '10063158' failed, SLURM status is: 'FAILED'. For further error details see the cluster/cloud log and the log files of the involved rule(s).
    jobid: 282
    input: sharks/HydCol/MSMC/vcf_files/HydCol_CM068765.1.vcf.gz
    output: sharks/HydCol/MSMC/Output_Mask/HydCol_CM068765.1.bed.gz, sharks/HydCol/MSMC/Output_VCF/HydCol_CM068765.1_only_snps.vcf.gz
    log: /rds/project/rds-p67MZilb2eQ/projects/VGP/heterozygosity/.snakemake/slurm_logs/rule_GEN_INPUT_MASK_VCF/sharks_HydCol_CM068765.1/10063158.log (check log file(s) for error details)
    shell:
        
        mkdir -p "sharks/HydCol/MSMC/Output_Mask"
        mkdir -p "sharks/HydCol/MSMC/Output_VCF"
        bcftools view -V indels -m2 -M2 -v snps sharks/HydCol/MSMC/vcf_files/HydCol_CM068765.1.vcf.gz | /rds/project/rds-8b3VcZwY7rY/users/ag2427/hpc-work/msmc-tools/bamCaller.py 1 sharks/HydCol/MSMC/Output_Mask/HydCol_CM068765.1.bed.gz | bgzip -c > sharks/HydCol/MSMC/Output_VCF/HydCol_CM068765.1_only_snps.vcf.gz
        
        (one of the commands exited with non-zero exit code; note that snakemake uses bash strict mode!)
    external_jobid: 10063158

[Thu May 29 09:35:44 2025]
Error in rule GEN_INPUT_MASK_VCF:
    message: SLURM-job '10063159' failed, SLURM status is: 'FAILED'. For further error details see the cluster/cloud log and the log files of the involved rule(s).
    jobid: 276
    input: sharks/HydCol/MSMC/vcf_files/HydCol_CM068759.1.vcf.gz
    output: sharks/HydCol/MSMC/Output_Mask/HydCol_CM068759.1.bed.gz, sharks/HydCol/MSMC/Output_VCF/HydCol_CM068759.1_only_snps.vcf.gz
    log: /rds/project/rds-p67MZilb2eQ/projects/VGP/heterozygosity/.snakemake/slurm_logs/rule_GEN_INPUT_MASK_VCF/sharks_HydCol_CM068759.1/10063159.log (check log file(s) for error details)
    shell:
        
        mkdir -p "sharks/HydCol/MSMC/Output_Mask"
        mkdir -p "sharks/HydCol/MSMC/Output_VCF"
        bcftools view -V indels -m2 -M2 -v snps sharks/HydCol/MSMC/vcf_files/HydCol_CM068759.1.vcf.gz | /rds/project/rds-8b3VcZwY7rY/users/ag2427/hpc-work/msmc-tools/bamCaller.py 1 sharks/HydCol/MSMC/Output_Mask/HydCol_CM068759.1.bed.gz | bgzip -c > sharks/HydCol/MSMC/Output_VCF/HydCol_CM068759.1_only_snps.vcf.gz
        
        (one of the commands exited with non-zero exit code; note that snakemake uses bash strict mode!)
    external_jobid: 10063159

[Thu May 29 09:35:44 2025]
Error in rule GEN_INPUT_MASK_VCF:
    message: SLURM-job '10063160' failed, SLURM status is: 'FAILED'. For further error details see the cluster/cloud log and the log files of the involved rule(s).
    jobid: 269
    input: sharks/HydCol/MSMC/vcf_files/HydCol_CM068752.1.vcf.gz
    output: sharks/HydCol/MSMC/Output_Mask/HydCol_CM068752.1.bed.gz, sharks/HydCol/MSMC/Output_VCF/HydCol_CM068752.1_only_snps.vcf.gz
    log: /rds/project/rds-p67MZilb2eQ/projects/VGP/heterozygosity/.snakemake/slurm_logs/rule_GEN_INPUT_MASK_VCF/sharks_HydCol_CM068752.1/10063160.log (check log file(s) for error details)
    shell:
        
        mkdir -p "sharks/HydCol/MSMC/Output_Mask"
        mkdir -p "sharks/HydCol/MSMC/Output_VCF"
        bcftools view -V indels -m2 -M2 -v snps sharks/HydCol/MSMC/vcf_files/HydCol_CM068752.1.vcf.gz | /rds/project/rds-8b3VcZwY7rY/users/ag2427/hpc-work/msmc-tools/bamCaller.py 1 sharks/HydCol/MSMC/Output_Mask/HydCol_CM068752.1.bed.gz | bgzip -c > sharks/HydCol/MSMC/Output_VCF/HydCol_CM068752.1_only_snps.vcf.gz
        
        (one of the commands exited with non-zero exit code; note that snakemake uses bash strict mode!)
    external_jobid: 10063160

[Thu May 29 09:35:44 2025]
Error in rule GEN_INPUT_MASK_VCF:
    message: SLURM-job '10063161' failed, SLURM status is: 'FAILED'. For further error details see the cluster/cloud log and the log files of the involved rule(s).
    jobid: 262
    input: sharks/HydCol/MSMC/vcf_files/HydCol_CM068745.1.vcf.gz
    output: sharks/HydCol/MSMC/Output_Mask/HydCol_CM068745.1.bed.gz, sharks/HydCol/MSMC/Output_VCF/HydCol_CM068745.1_only_snps.vcf.gz
    log: /rds/project/rds-p67MZilb2eQ/projects/VGP/heterozygosity/.snakemake/slurm_logs/rule_GEN_INPUT_MASK_VCF/sharks_HydCol_CM068745.1/10063161.log (check log file(s) for error details)
    shell:
        
        mkdir -p "sharks/HydCol/MSMC/Output_Mask"
        mkdir -p "sharks/HydCol/MSMC/Output_VCF"
        bcftools view -V indels -m2 -M2 -v snps sharks/HydCol/MSMC/vcf_files/HydCol_CM068745.1.vcf.gz | /rds/project/rds-8b3VcZwY7rY/users/ag2427/hpc-work/msmc-tools/bamCaller.py 1 sharks/HydCol/MSMC/Output_Mask/HydCol_CM068745.1.bed.gz | bgzip -c > sharks/HydCol/MSMC/Output_VCF/HydCol_CM068745.1_only_snps.vcf.gz
        
        (one of the commands exited with non-zero exit code; note that snakemake uses bash strict mode!)
    external_jobid: 10063161

[Thu May 29 09:35:44 2025]
Error in rule GEN_INPUT_MASK_VCF:
    message: SLURM-job '10063162' failed, SLURM status is: 'FAILED'. For further error details see the cluster/cloud log and the log files of the involved rule(s).
    jobid: 297
    input: sharks/HydCol/MSMC/vcf_files/HydCol_CM068780.1.vcf.gz
    output: sharks/HydCol/MSMC/Output_Mask/HydCol_CM068780.1.bed.gz, sharks/HydCol/MSMC/Output_VCF/HydCol_CM068780.1_only_snps.vcf.gz
    log: /rds/project/rds-p67MZilb2eQ/projects/VGP/heterozygosity/.snakemake/slurm_logs/rule_GEN_INPUT_MASK_VCF/sharks_HydCol_CM068780.1/10063162.log (check log file(s) for error details)
    shell:
        
        mkdir -p "sharks/HydCol/MSMC/Output_Mask"
        mkdir -p "sharks/HydCol/MSMC/Output_VCF"
        bcftools view -V indels -m2 -M2 -v snps sharks/HydCol/MSMC/vcf_files/HydCol_CM068780.1.vcf.gz | /rds/project/rds-8b3VcZwY7rY/users/ag2427/hpc-work/msmc-tools/bamCaller.py 1 sharks/HydCol/MSMC/Output_Mask/HydCol_CM068780.1.bed.gz | bgzip -c > sharks/HydCol/MSMC/Output_VCF/HydCol_CM068780.1_only_snps.vcf.gz
        
        (one of the commands exited with non-zero exit code; note that snakemake uses bash strict mode!)
    external_jobid: 10063162

[Thu May 29 09:35:44 2025]
Error in rule GEN_INPUT_MASK_VCF:
    message: SLURM-job '10063163' failed, SLURM status is: 'FAILED'. For further error details see the cluster/cloud log and the log files of the involved rule(s).
    jobid: 290
    input: sharks/HydCol/MSMC/vcf_files/HydCol_CM068773.1.vcf.gz
    output: sharks/HydCol/MSMC/Output_Mask/HydCol_CM068773.1.bed.gz, sharks/HydCol/MSMC/Output_VCF/HydCol_CM068773.1_only_snps.vcf.gz
    log: /rds/project/rds-p67MZilb2eQ/projects/VGP/heterozygosity/.snakemake/slurm_logs/rule_GEN_INPUT_MASK_VCF/sharks_HydCol_CM068773.1/10063163.log (check log file(s) for error details)
    shell:
        
        mkdir -p "sharks/HydCol/MSMC/Output_Mask"
        mkdir -p "sharks/HydCol/MSMC/Output_VCF"
        bcftools view -V indels -m2 -M2 -v snps sharks/HydCol/MSMC/vcf_files/HydCol_CM068773.1.vcf.gz | /rds/project/rds-8b3VcZwY7rY/users/ag2427/hpc-work/msmc-tools/bamCaller.py 1 sharks/HydCol/MSMC/Output_Mask/HydCol_CM068773.1.bed.gz | bgzip -c > sharks/HydCol/MSMC/Output_VCF/HydCol_CM068773.1_only_snps.vcf.gz
        
        (one of the commands exited with non-zero exit code; note that snakemake uses bash strict mode!)
    external_jobid: 10063163

[Thu May 29 09:35:44 2025]
Error in rule GEN_INPUT_MASK_VCF:
    message: SLURM-job '10063164' failed, SLURM status is: 'FAILED'. For further error details see the cluster/cloud log and the log files of the involved rule(s).
    jobid: 283
    input: sharks/HydCol/MSMC/vcf_files/HydCol_CM068766.1.vcf.gz
    output: sharks/HydCol/MSMC/Output_Mask/HydCol_CM068766.1.bed.gz, sharks/HydCol/MSMC/Output_VCF/HydCol_CM068766.1_only_snps.vcf.gz
    log: /rds/project/rds-p67MZilb2eQ/projects/VGP/heterozygosity/.snakemake/slurm_logs/rule_GEN_INPUT_MASK_VCF/sharks_HydCol_CM068766.1/10063164.log (check log file(s) for error details)
    shell:
        
        mkdir -p "sharks/HydCol/MSMC/Output_Mask"
        mkdir -p "sharks/HydCol/MSMC/Output_VCF"
        bcftools view -V indels -m2 -M2 -v snps sharks/HydCol/MSMC/vcf_files/HydCol_CM068766.1.vcf.gz | /rds/project/rds-8b3VcZwY7rY/users/ag2427/hpc-work/msmc-tools/bamCaller.py 1 sharks/HydCol/MSMC/Output_Mask/HydCol_CM068766.1.bed.gz | bgzip -c > sharks/HydCol/MSMC/Output_VCF/HydCol_CM068766.1_only_snps.vcf.gz
        
        (one of the commands exited with non-zero exit code; note that snakemake uses bash strict mode!)
    external_jobid: 10063164

[Thu May 29 09:35:44 2025]
Error in rule GEN_INPUT_MASK_VCF:
    message: SLURM-job '10063165' failed, SLURM status is: 'FAILED'. For further error details see the cluster/cloud log and the log files of the involved rule(s).
    jobid: 277
    input: sharks/HydCol/MSMC/vcf_files/HydCol_CM068760.1.vcf.gz
    output: sharks/HydCol/MSMC/Output_Mask/HydCol_CM068760.1.bed.gz, sharks/HydCol/MSMC/Output_VCF/HydCol_CM068760.1_only_snps.vcf.gz
    log: /rds/project/rds-p67MZilb2eQ/projects/VGP/heterozygosity/.snakemake/slurm_logs/rule_GEN_INPUT_MASK_VCF/sharks_HydCol_CM068760.1/10063165.log (check log file(s) for error details)
    shell:
        
        mkdir -p "sharks/HydCol/MSMC/Output_Mask"
        mkdir -p "sharks/HydCol/MSMC/Output_VCF"
        bcftools view -V indels -m2 -M2 -v snps sharks/HydCol/MSMC/vcf_files/HydCol_CM068760.1.vcf.gz | /rds/project/rds-8b3VcZwY7rY/users/ag2427/hpc-work/msmc-tools/bamCaller.py 1 sharks/HydCol/MSMC/Output_Mask/HydCol_CM068760.1.bed.gz | bgzip -c > sharks/HydCol/MSMC/Output_VCF/HydCol_CM068760.1_only_snps.vcf.gz
        
        (one of the commands exited with non-zero exit code; note that snakemake uses bash strict mode!)
    external_jobid: 10063165

[Thu May 29 09:35:44 2025]
Error in rule GEN_INPUT_MASK_VCF:
    message: SLURM-job '10063166' failed, SLURM status is: 'FAILED'. For further error details see the cluster/cloud log and the log files of the involved rule(s).
    jobid: 270
    input: sharks/HydCol/MSMC/vcf_files/HydCol_CM068753.1.vcf.gz
    output: sharks/HydCol/MSMC/Output_Mask/HydCol_CM068753.1.bed.gz, sharks/HydCol/MSMC/Output_VCF/HydCol_CM068753.1_only_snps.vcf.gz
    log: /rds/project/rds-p67MZilb2eQ/projects/VGP/heterozygosity/.snakemake/slurm_logs/rule_GEN_INPUT_MASK_VCF/sharks_HydCol_CM068753.1/10063166.log (check log file(s) for error details)
    shell:
        
        mkdir -p "sharks/HydCol/MSMC/Output_Mask"
        mkdir -p "sharks/HydCol/MSMC/Output_VCF"
        bcftools view -V indels -m2 -M2 -v snps sharks/HydCol/MSMC/vcf_files/HydCol_CM068753.1.vcf.gz | /rds/project/rds-8b3VcZwY7rY/users/ag2427/hpc-work/msmc-tools/bamCaller.py 1 sharks/HydCol/MSMC/Output_Mask/HydCol_CM068753.1.bed.gz | bgzip -c > sharks/HydCol/MSMC/Output_VCF/HydCol_CM068753.1_only_snps.vcf.gz
        
        (one of the commands exited with non-zero exit code; note that snakemake uses bash strict mode!)
    external_jobid: 10063166

[Thu May 29 09:35:44 2025]
Error in rule GEN_INPUT_MASK_VCF:
    message: SLURM-job '10063167' failed, SLURM status is: 'FAILED'. For further error details see the cluster/cloud log and the log files of the involved rule(s).
    jobid: 263
    input: sharks/HydCol/MSMC/vcf_files/HydCol_CM068746.1.vcf.gz
    output: sharks/HydCol/MSMC/Output_Mask/HydCol_CM068746.1.bed.gz, sharks/HydCol/MSMC/Output_VCF/HydCol_CM068746.1_only_snps.vcf.gz
    log: /rds/project/rds-p67MZilb2eQ/projects/VGP/heterozygosity/.snakemake/slurm_logs/rule_GEN_INPUT_MASK_VCF/sharks_HydCol_CM068746.1/10063167.log (check log file(s) for error details)
    shell:
        
        mkdir -p "sharks/HydCol/MSMC/Output_Mask"
        mkdir -p "sharks/HydCol/MSMC/Output_VCF"
        bcftools view -V indels -m2 -M2 -v snps sharks/HydCol/MSMC/vcf_files/HydCol_CM068746.1.vcf.gz | /rds/project/rds-8b3VcZwY7rY/users/ag2427/hpc-work/msmc-tools/bamCaller.py 1 sharks/HydCol/MSMC/Output_Mask/HydCol_CM068746.1.bed.gz | bgzip -c > sharks/HydCol/MSMC/Output_VCF/HydCol_CM068746.1_only_snps.vcf.gz
        
        (one of the commands exited with non-zero exit code; note that snakemake uses bash strict mode!)
    external_jobid: 10063167

[Thu May 29 09:35:44 2025]
Error in rule GEN_INPUT_MASK_VCF:
    message: SLURM-job '10063168' failed, SLURM status is: 'FAILED'. For further error details see the cluster/cloud log and the log files of the involved rule(s).
    jobid: 298
    input: sharks/HydCol/MSMC/vcf_files/HydCol_CM068781.1.vcf.gz
    output: sharks/HydCol/MSMC/Output_Mask/HydCol_CM068781.1.bed.gz, sharks/HydCol/MSMC/Output_VCF/HydCol_CM068781.1_only_snps.vcf.gz
    log: /rds/project/rds-p67MZilb2eQ/projects/VGP/heterozygosity/.snakemake/slurm_logs/rule_GEN_INPUT_MASK_VCF/sharks_HydCol_CM068781.1/10063168.log (check log file(s) for error details)
    shell:
        
        mkdir -p "sharks/HydCol/MSMC/Output_Mask"
        mkdir -p "sharks/HydCol/MSMC/Output_VCF"
        bcftools view -V indels -m2 -M2 -v snps sharks/HydCol/MSMC/vcf_files/HydCol_CM068781.1.vcf.gz | /rds/project/rds-8b3VcZwY7rY/users/ag2427/hpc-work/msmc-tools/bamCaller.py 1 sharks/HydCol/MSMC/Output_Mask/HydCol_CM068781.1.bed.gz | bgzip -c > sharks/HydCol/MSMC/Output_VCF/HydCol_CM068781.1_only_snps.vcf.gz
        
        (one of the commands exited with non-zero exit code; note that snakemake uses bash strict mode!)
    external_jobid: 10063168

[Thu May 29 09:35:44 2025]
Error in rule GEN_INPUT_MASK_VCF:
    message: SLURM-job '10063169' failed, SLURM status is: 'FAILED'. For further error details see the cluster/cloud log and the log files of the involved rule(s).
    jobid: 272
    input: sharks/HydCol/MSMC/vcf_files/HydCol_CM068755.1.vcf.gz
    output: sharks/HydCol/MSMC/Output_Mask/HydCol_CM068755.1.bed.gz, sharks/HydCol/MSMC/Output_VCF/HydCol_CM068755.1_only_snps.vcf.gz
    log: /rds/project/rds-p67MZilb2eQ/projects/VGP/heterozygosity/.snakemake/slurm_logs/rule_GEN_INPUT_MASK_VCF/sharks_HydCol_CM068755.1/10063169.log (check log file(s) for error details)
    shell:
        
        mkdir -p "sharks/HydCol/MSMC/Output_Mask"
        mkdir -p "sharks/HydCol/MSMC/Output_VCF"
        bcftools view -V indels -m2 -M2 -v snps sharks/HydCol/MSMC/vcf_files/HydCol_CM068755.1.vcf.gz | /rds/project/rds-8b3VcZwY7rY/users/ag2427/hpc-work/msmc-tools/bamCaller.py 1 sharks/HydCol/MSMC/Output_Mask/HydCol_CM068755.1.bed.gz | bgzip -c > sharks/HydCol/MSMC/Output_VCF/HydCol_CM068755.1_only_snps.vcf.gz
        
        (one of the commands exited with non-zero exit code; note that snakemake uses bash strict mode!)
    external_jobid: 10063169

[Thu May 29 09:35:44 2025]
Error in rule GEN_INPUT_MASK_VCF:
    message: SLURM-job '10063170' failed, SLURM status is: 'FAILED'. For further error details see the cluster/cloud log and the log files of the involved rule(s).
    jobid: 265
    input: sharks/HydCol/MSMC/vcf_files/HydCol_CM068748.1.vcf.gz
    output: sharks/HydCol/MSMC/Output_Mask/HydCol_CM068748.1.bed.gz, sharks/HydCol/MSMC/Output_VCF/HydCol_CM068748.1_only_snps.vcf.gz
    log: /rds/project/rds-p67MZilb2eQ/projects/VGP/heterozygosity/.snakemake/slurm_logs/rule_GEN_INPUT_MASK_VCF/sharks_HydCol_CM068748.1/10063170.log (check log file(s) for error details)
    shell:
        
        mkdir -p "sharks/HydCol/MSMC/Output_Mask"
        mkdir -p "sharks/HydCol/MSMC/Output_VCF"
        bcftools view -V indels -m2 -M2 -v snps sharks/HydCol/MSMC/vcf_files/HydCol_CM068748.1.vcf.gz | /rds/project/rds-8b3VcZwY7rY/users/ag2427/hpc-work/msmc-tools/bamCaller.py 1 sharks/HydCol/MSMC/Output_Mask/HydCol_CM068748.1.bed.gz | bgzip -c > sharks/HydCol/MSMC/Output_VCF/HydCol_CM068748.1_only_snps.vcf.gz
        
        (one of the commands exited with non-zero exit code; note that snakemake uses bash strict mode!)
    external_jobid: 10063170

[Thu May 29 09:35:44 2025]
Error in rule GEN_INPUT_MASK_VCF:
    message: SLURM-job '10063171' failed, SLURM status is: 'FAILED'. For further error details see the cluster/cloud log and the log files of the involved rule(s).
    jobid: 293
    input: sharks/HydCol/MSMC/vcf_files/HydCol_CM068776.1.vcf.gz
    output: sharks/HydCol/MSMC/Output_Mask/HydCol_CM068776.1.bed.gz, sharks/HydCol/MSMC/Output_VCF/HydCol_CM068776.1_only_snps.vcf.gz
    log: /rds/project/rds-p67MZilb2eQ/projects/VGP/heterozygosity/.snakemake/slurm_logs/rule_GEN_INPUT_MASK_VCF/sharks_HydCol_CM068776.1/10063171.log (check log file(s) for error details)
    shell:
        
        mkdir -p "sharks/HydCol/MSMC/Output_Mask"
        mkdir -p "sharks/HydCol/MSMC/Output_VCF"
        bcftools view -V indels -m2 -M2 -v snps sharks/HydCol/MSMC/vcf_files/HydCol_CM068776.1.vcf.gz | /rds/project/rds-8b3VcZwY7rY/users/ag2427/hpc-work/msmc-tools/bamCaller.py 1 sharks/HydCol/MSMC/Output_Mask/HydCol_CM068776.1.bed.gz | bgzip -c > sharks/HydCol/MSMC/Output_VCF/HydCol_CM068776.1_only_snps.vcf.gz
        
        (one of the commands exited with non-zero exit code; note that snakemake uses bash strict mode!)
    external_jobid: 10063171

[Thu May 29 09:35:44 2025]
Error in rule GEN_INPUT_MASK_VCF:
    message: SLURM-job '10063172' failed, SLURM status is: 'FAILED'. For further error details see the cluster/cloud log and the log files of the involved rule(s).
    jobid: 286
    input: sharks/HydCol/MSMC/vcf_files/HydCol_CM068769.1.vcf.gz
    output: sharks/HydCol/MSMC/Output_Mask/HydCol_CM068769.1.bed.gz, sharks/HydCol/MSMC/Output_VCF/HydCol_CM068769.1_only_snps.vcf.gz
    log: /rds/project/rds-p67MZilb2eQ/projects/VGP/heterozygosity/.snakemake/slurm_logs/rule_GEN_INPUT_MASK_VCF/sharks_HydCol_CM068769.1/10063172.log (check log file(s) for error details)
    shell:
        
        mkdir -p "sharks/HydCol/MSMC/Output_Mask"
        mkdir -p "sharks/HydCol/MSMC/Output_VCF"
        bcftools view -V indels -m2 -M2 -v snps sharks/HydCol/MSMC/vcf_files/HydCol_CM068769.1.vcf.gz | /rds/project/rds-8b3VcZwY7rY/users/ag2427/hpc-work/msmc-tools/bamCaller.py 1 sharks/HydCol/MSMC/Output_Mask/HydCol_CM068769.1.bed.gz | bgzip -c > sharks/HydCol/MSMC/Output_VCF/HydCol_CM068769.1_only_snps.vcf.gz
        
        (one of the commands exited with non-zero exit code; note that snakemake uses bash strict mode!)
    external_jobid: 10063172

[Thu May 29 09:35:44 2025]
Error in rule GEN_INPUT_MASK_VCF:
    message: SLURM-job '10063173' failed, SLURM status is: 'FAILED'. For further error details see the cluster/cloud log and the log files of the involved rule(s).
    jobid: 280
    input: sharks/HydCol/MSMC/vcf_files/HydCol_CM068763.1.vcf.gz
    output: sharks/HydCol/MSMC/Output_Mask/HydCol_CM068763.1.bed.gz, sharks/HydCol/MSMC/Output_VCF/HydCol_CM068763.1_only_snps.vcf.gz
    log: /rds/project/rds-p67MZilb2eQ/projects/VGP/heterozygosity/.snakemake/slurm_logs/rule_GEN_INPUT_MASK_VCF/sharks_HydCol_CM068763.1/10063173.log (check log file(s) for error details)
    shell:
        
        mkdir -p "sharks/HydCol/MSMC/Output_Mask"
        mkdir -p "sharks/HydCol/MSMC/Output_VCF"
        bcftools view -V indels -m2 -M2 -v snps sharks/HydCol/MSMC/vcf_files/HydCol_CM068763.1.vcf.gz | /rds/project/rds-8b3VcZwY7rY/users/ag2427/hpc-work/msmc-tools/bamCaller.py 1 sharks/HydCol/MSMC/Output_Mask/HydCol_CM068763.1.bed.gz | bgzip -c > sharks/HydCol/MSMC/Output_VCF/HydCol_CM068763.1_only_snps.vcf.gz
        
        (one of the commands exited with non-zero exit code; note that snakemake uses bash strict mode!)
    external_jobid: 10063173

[Thu May 29 09:35:44 2025]
Error in rule GEN_INPUT_MASK_VCF:
    message: SLURM-job '10063174' failed, SLURM status is: 'FAILED'. For further error details see the cluster/cloud log and the log files of the involved rule(s).
    jobid: 273
    input: sharks/HydCol/MSMC/vcf_files/HydCol_CM068756.1.vcf.gz
    output: sharks/HydCol/MSMC/Output_Mask/HydCol_CM068756.1.bed.gz, sharks/HydCol/MSMC/Output_VCF/HydCol_CM068756.1_only_snps.vcf.gz
    log: /rds/project/rds-p67MZilb2eQ/projects/VGP/heterozygosity/.snakemake/slurm_logs/rule_GEN_INPUT_MASK_VCF/sharks_HydCol_CM068756.1/10063174.log (check log file(s) for error details)
    shell:
        
        mkdir -p "sharks/HydCol/MSMC/Output_Mask"
        mkdir -p "sharks/HydCol/MSMC/Output_VCF"
        bcftools view -V indels -m2 -M2 -v snps sharks/HydCol/MSMC/vcf_files/HydCol_CM068756.1.vcf.gz | /rds/project/rds-8b3VcZwY7rY/users/ag2427/hpc-work/msmc-tools/bamCaller.py 1 sharks/HydCol/MSMC/Output_Mask/HydCol_CM068756.1.bed.gz | bgzip -c > sharks/HydCol/MSMC/Output_VCF/HydCol_CM068756.1_only_snps.vcf.gz
        
        (one of the commands exited with non-zero exit code; note that snakemake uses bash strict mode!)
    external_jobid: 10063174

Execute 1 jobs...

[Thu May 29 09:35:44 2025]
rule GEN_INPUT_MASK_VCF:
    input: sharks/HydCol/MSMC/vcf_files/HydCol_CM068761.1.vcf.gz
    output: sharks/HydCol/MSMC/Output_Mask/HydCol_CM068761.1.bed.gz, sharks/HydCol/MSMC/Output_VCF/HydCol_CM068761.1_only_snps.vcf.gz
    jobid: 278
    reason: Missing output files: sharks/HydCol/MSMC/Output_VCF/HydCol_CM068761.1_only_snps.vcf.gz, sharks/HydCol/MSMC/Output_Mask/HydCol_CM068761.1.bed.gz; Code has changed since last execution
    wildcards: CLADE=sharks, SPEC_NAME=HydCol, CHROM=CM068761.1
    resources: mem_mb=10000, mem_mib=9537, disk_mb=1000, disk_mib=954, tmpdir=<TBD>, slurm_account=DURBIN-SL2-CPU, slurm_partition=cclake-himem, runtime=60

Job 278 has been submitted with SLURM jobid 10063183 (log: /rds/project/rds-p67MZilb2eQ/projects/VGP/heterozygosity/.snakemake/slurm_logs/rule_GEN_INPUT_MASK_VCF/sharks_HydCol_CM068761.1/10063183.log).
Select jobs to execute...
Execute 9 jobs...

[Thu May 29 09:35:46 2025]
rule GEN_INPUT_MASK_VCF:
    input: sharks/HydCol/MSMC/vcf_files/HydCol_CM068754.1.vcf.gz
    output: sharks/HydCol/MSMC/Output_Mask/HydCol_CM068754.1.bed.gz, sharks/HydCol/MSMC/Output_VCF/HydCol_CM068754.1_only_snps.vcf.gz
    jobid: 271
    reason: Missing output files: sharks/HydCol/MSMC/Output_VCF/HydCol_CM068754.1_only_snps.vcf.gz, sharks/HydCol/MSMC/Output_Mask/HydCol_CM068754.1.bed.gz; Code has changed since last execution
    wildcards: CLADE=sharks, SPEC_NAME=HydCol, CHROM=CM068754.1
    resources: mem_mb=10000, mem_mib=9537, disk_mb=1000, disk_mib=954, tmpdir=<TBD>, slurm_account=DURBIN-SL2-CPU, slurm_partition=cclake-himem, runtime=60

Job 271 has been submitted with SLURM jobid 10063184 (log: /rds/project/rds-p67MZilb2eQ/projects/VGP/heterozygosity/.snakemake/slurm_logs/rule_GEN_INPUT_MASK_VCF/sharks_HydCol_CM068754.1/10063184.log).

[Thu May 29 09:35:47 2025]
rule GEN_INPUT_MASK_VCF:
    input: sharks/HydCol/MSMC/vcf_files/HydCol_CM068778.1.vcf.gz
    output: sharks/HydCol/MSMC/Output_Mask/HydCol_CM068778.1.bed.gz, sharks/HydCol/MSMC/Output_VCF/HydCol_CM068778.1_only_snps.vcf.gz
    jobid: 295
    reason: Missing output files: sharks/HydCol/MSMC/Output_Mask/HydCol_CM068778.1.bed.gz, sharks/HydCol/MSMC/Output_VCF/HydCol_CM068778.1_only_snps.vcf.gz; Code has changed since last execution
    wildcards: CLADE=sharks, SPEC_NAME=HydCol, CHROM=CM068778.1
    resources: mem_mb=10000, mem_mib=9537, disk_mb=1000, disk_mib=954, tmpdir=<TBD>, slurm_account=DURBIN-SL2-CPU, slurm_partition=cclake-himem, runtime=60

Job 295 has been submitted with SLURM jobid 10063185 (log: /rds/project/rds-p67MZilb2eQ/projects/VGP/heterozygosity/.snakemake/slurm_logs/rule_GEN_INPUT_MASK_VCF/sharks_HydCol_CM068778.1/10063185.log).

[Thu May 29 09:35:47 2025]
rule GEN_INPUT_MASK_VCF:
    input: sharks/HydCol/MSMC/vcf_files/HydCol_CM068747.1.vcf.gz
    output: sharks/HydCol/MSMC/Output_Mask/HydCol_CM068747.1.bed.gz, sharks/HydCol/MSMC/Output_VCF/HydCol_CM068747.1_only_snps.vcf.gz
    jobid: 264
    reason: Missing output files: sharks/HydCol/MSMC/Output_VCF/HydCol_CM068747.1_only_snps.vcf.gz, sharks/HydCol/MSMC/Output_Mask/HydCol_CM068747.1.bed.gz; Code has changed since last execution
    wildcards: CLADE=sharks, SPEC_NAME=HydCol, CHROM=CM068747.1
    resources: mem_mb=10000, mem_mib=9537, disk_mb=1000, disk_mib=954, tmpdir=<TBD>, slurm_account=DURBIN-SL2-CPU, slurm_partition=cclake-himem, runtime=60

Job 264 has been submitted with SLURM jobid 10063186 (log: /rds/project/rds-p67MZilb2eQ/projects/VGP/heterozygosity/.snakemake/slurm_logs/rule_GEN_INPUT_MASK_VCF/sharks_HydCol_CM068747.1/10063186.log).

[Thu May 29 09:35:48 2025]
rule GEN_INPUT_MASK_VCF:
    input: sharks/HydCol/MSMC/vcf_files/HydCol_CM068764.1.vcf.gz
    output: sharks/HydCol/MSMC/Output_Mask/HydCol_CM068764.1.bed.gz, sharks/HydCol/MSMC/Output_VCF/HydCol_CM068764.1_only_snps.vcf.gz
    jobid: 281
    reason: Missing output files: sharks/HydCol/MSMC/Output_Mask/HydCol_CM068764.1.bed.gz, sharks/HydCol/MSMC/Output_VCF/HydCol_CM068764.1_only_snps.vcf.gz
    wildcards: CLADE=sharks, SPEC_NAME=HydCol, CHROM=CM068764.1
    resources: mem_mb=10000, mem_mib=9537, disk_mb=1000, disk_mib=954, tmpdir=<TBD>, slurm_account=DURBIN-SL2-CPU, slurm_partition=cclake-himem, runtime=60

Job 281 has been submitted with SLURM jobid 10063187 (log: /rds/project/rds-p67MZilb2eQ/projects/VGP/heterozygosity/.snakemake/slurm_logs/rule_GEN_INPUT_MASK_VCF/sharks_HydCol_CM068764.1/10063187.log).

[Thu May 29 09:35:50 2025]
rule GEN_INPUT_MASK_VCF:
    input: sharks/HydCol/MSMC/vcf_files/HydCol_CM068775.1.vcf.gz
    output: sharks/HydCol/MSMC/Output_Mask/HydCol_CM068775.1.bed.gz, sharks/HydCol/MSMC/Output_VCF/HydCol_CM068775.1_only_snps.vcf.gz
    jobid: 292
    reason: Missing output files: sharks/HydCol/MSMC/Output_VCF/HydCol_CM068775.1_only_snps.vcf.gz, sharks/HydCol/MSMC/Output_Mask/HydCol_CM068775.1.bed.gz
    wildcards: CLADE=sharks, SPEC_NAME=HydCol, CHROM=CM068775.1
    resources: mem_mb=10000, mem_mib=9537, disk_mb=1000, disk_mib=954, tmpdir=<TBD>, slurm_account=DURBIN-SL2-CPU, slurm_partition=cclake-himem, runtime=60

Job 292 has been submitted with SLURM jobid 10063189 (log: /rds/project/rds-p67MZilb2eQ/projects/VGP/heterozygosity/.snakemake/slurm_logs/rule_GEN_INPUT_MASK_VCF/sharks_HydCol_CM068775.1/10063189.log).

[Thu May 29 09:35:50 2025]
rule GEN_INPUT_MASK_VCF:
    input: sharks/HydCol/MSMC/vcf_files/HydCol_CM068768.1.vcf.gz
    output: sharks/HydCol/MSMC/Output_Mask/HydCol_CM068768.1.bed.gz, sharks/HydCol/MSMC/Output_VCF/HydCol_CM068768.1_only_snps.vcf.gz
    jobid: 285
    reason: Missing output files: sharks/HydCol/MSMC/Output_Mask/HydCol_CM068768.1.bed.gz, sharks/HydCol/MSMC/Output_VCF/HydCol_CM068768.1_only_snps.vcf.gz
    wildcards: CLADE=sharks, SPEC_NAME=HydCol, CHROM=CM068768.1
    resources: mem_mb=10000, mem_mib=9537, disk_mb=1000, disk_mib=954, tmpdir=<TBD>, slurm_account=DURBIN-SL2-CPU, slurm_partition=cclake-himem, runtime=60

Job 285 has been submitted with SLURM jobid 10063190 (log: /rds/project/rds-p67MZilb2eQ/projects/VGP/heterozygosity/.snakemake/slurm_logs/rule_GEN_INPUT_MASK_VCF/sharks_HydCol_CM068768.1/10063190.log).

[Thu May 29 09:35:50 2025]
rule GEN_INPUT_MASK_VCF:
    input: sharks/HydCol/MSMC/vcf_files/HydCol_CM068762.1.vcf.gz
    output: sharks/HydCol/MSMC/Output_Mask/HydCol_CM068762.1.bed.gz, sharks/HydCol/MSMC/Output_VCF/HydCol_CM068762.1_only_snps.vcf.gz
    jobid: 279
    reason: Missing output files: sharks/HydCol/MSMC/Output_VCF/HydCol_CM068762.1_only_snps.vcf.gz, sharks/HydCol/MSMC/Output_Mask/HydCol_CM068762.1.bed.gz
    wildcards: CLADE=sharks, SPEC_NAME=HydCol, CHROM=CM068762.1
    resources: mem_mb=10000, mem_mib=9537, disk_mb=1000, disk_mib=954, tmpdir=<TBD>, slurm_account=DURBIN-SL2-CPU, slurm_partition=cclake-himem, runtime=60

Job 279 has been submitted with SLURM jobid 10063191 (log: /rds/project/rds-p67MZilb2eQ/projects/VGP/heterozygosity/.snakemake/slurm_logs/rule_GEN_INPUT_MASK_VCF/sharks_HydCol_CM068762.1/10063191.log).

[Thu May 29 09:35:52 2025]
rule GEN_INPUT_MASK_VCF:
    input: sharks/HydCol/MSMC/vcf_files/HydCol_CM068774.1.vcf.gz
    output: sharks/HydCol/MSMC/Output_Mask/HydCol_CM068774.1.bed.gz, sharks/HydCol/MSMC/Output_VCF/HydCol_CM068774.1_only_snps.vcf.gz
    jobid: 291
    reason: Missing output files: sharks/HydCol/MSMC/Output_VCF/HydCol_CM068774.1_only_snps.vcf.gz, sharks/HydCol/MSMC/Output_Mask/HydCol_CM068774.1.bed.gz
    wildcards: CLADE=sharks, SPEC_NAME=HydCol, CHROM=CM068774.1
    resources: mem_mb=10000, mem_mib=9537, disk_mb=1000, disk_mib=954, tmpdir=<TBD>, slurm_account=DURBIN-SL2-CPU, slurm_partition=cclake-himem, runtime=60

Job 291 has been submitted with SLURM jobid 10063192 (log: /rds/project/rds-p67MZilb2eQ/projects/VGP/heterozygosity/.snakemake/slurm_logs/rule_GEN_INPUT_MASK_VCF/sharks_HydCol_CM068774.1/10063192.log).

[Thu May 29 09:35:52 2025]
rule GEN_INPUT_MASK_VCF:
    input: sharks/HydCol/MSMC/vcf_files/HydCol_CM068767.1.vcf.gz
    output: sharks/HydCol/MSMC/Output_Mask/HydCol_CM068767.1.bed.gz, sharks/HydCol/MSMC/Output_VCF/HydCol_CM068767.1_only_snps.vcf.gz
    jobid: 284
    reason: Missing output files: sharks/HydCol/MSMC/Output_Mask/HydCol_CM068767.1.bed.gz, sharks/HydCol/MSMC/Output_VCF/HydCol_CM068767.1_only_snps.vcf.gz
    wildcards: CLADE=sharks, SPEC_NAME=HydCol, CHROM=CM068767.1
    resources: mem_mb=10000, mem_mib=9537, disk_mb=1000, disk_mib=954, tmpdir=<TBD>, slurm_account=DURBIN-SL2-CPU, slurm_partition=cclake-himem, runtime=60

Job 284 has been submitted with SLURM jobid 10063193 (log: /rds/project/rds-p67MZilb2eQ/projects/VGP/heterozygosity/.snakemake/slurm_logs/rule_GEN_INPUT_MASK_VCF/sharks_HydCol_CM068767.1/10063193.log).
[Thu May 29 09:36:04 2025]
Error in rule GEN_INPUT_MASK_VCF:
    message: SLURM-job '10063175' failed, SLURM status is: 'FAILED'. For further error details see the cluster/cloud log and the log files of the involved rule(s).
    jobid: 266
    input: sharks/HydCol/MSMC/vcf_files/HydCol_CM068749.1.vcf.gz
    output: sharks/HydCol/MSMC/Output_Mask/HydCol_CM068749.1.bed.gz, sharks/HydCol/MSMC/Output_VCF/HydCol_CM068749.1_only_snps.vcf.gz
    log: /rds/project/rds-p67MZilb2eQ/projects/VGP/heterozygosity/.snakemake/slurm_logs/rule_GEN_INPUT_MASK_VCF/sharks_HydCol_CM068749.1/10063175.log (check log file(s) for error details)
    shell:
        
        mkdir -p "sharks/HydCol/MSMC/Output_Mask"
        mkdir -p "sharks/HydCol/MSMC/Output_VCF"
        bcftools view -V indels -m2 -M2 -v snps sharks/HydCol/MSMC/vcf_files/HydCol_CM068749.1.vcf.gz | /rds/project/rds-8b3VcZwY7rY/users/ag2427/hpc-work/msmc-tools/bamCaller.py 1 sharks/HydCol/MSMC/Output_Mask/HydCol_CM068749.1.bed.gz | bgzip -c > sharks/HydCol/MSMC/Output_VCF/HydCol_CM068749.1_only_snps.vcf.gz
        
        (one of the commands exited with non-zero exit code; note that snakemake uses bash strict mode!)
    external_jobid: 10063175

[Thu May 29 09:36:04 2025]
Error in rule GEN_INPUT_MASK_VCF:
    message: SLURM-job '10063176' failed, SLURM status is: 'FAILED'. For further error details see the cluster/cloud log and the log files of the involved rule(s).
    jobid: 259
    input: sharks/HydCol/MSMC/vcf_files/HydCol_CM068742.1.vcf.gz
    output: sharks/HydCol/MSMC/Output_Mask/HydCol_CM068742.1.bed.gz, sharks/HydCol/MSMC/Output_VCF/HydCol_CM068742.1_only_snps.vcf.gz
    log: /rds/project/rds-p67MZilb2eQ/projects/VGP/heterozygosity/.snakemake/slurm_logs/rule_GEN_INPUT_MASK_VCF/sharks_HydCol_CM068742.1/10063176.log (check log file(s) for error details)
    shell:
        
        mkdir -p "sharks/HydCol/MSMC/Output_Mask"
        mkdir -p "sharks/HydCol/MSMC/Output_VCF"
        bcftools view -V indels -m2 -M2 -v snps sharks/HydCol/MSMC/vcf_files/HydCol_CM068742.1.vcf.gz | /rds/project/rds-8b3VcZwY7rY/users/ag2427/hpc-work/msmc-tools/bamCaller.py 1 sharks/HydCol/MSMC/Output_Mask/HydCol_CM068742.1.bed.gz | bgzip -c > sharks/HydCol/MSMC/Output_VCF/HydCol_CM068742.1_only_snps.vcf.gz
        
        (one of the commands exited with non-zero exit code; note that snakemake uses bash strict mode!)
    external_jobid: 10063176

[Thu May 29 09:36:04 2025]
Error in rule GEN_INPUT_MASK_VCF:
    message: SLURM-job '10063177' failed, SLURM status is: 'FAILED'. For further error details see the cluster/cloud log and the log files of the involved rule(s).
    jobid: 294
    input: sharks/HydCol/MSMC/vcf_files/HydCol_CM068777.1.vcf.gz
    output: sharks/HydCol/MSMC/Output_Mask/HydCol_CM068777.1.bed.gz, sharks/HydCol/MSMC/Output_VCF/HydCol_CM068777.1_only_snps.vcf.gz
    log: /rds/project/rds-p67MZilb2eQ/projects/VGP/heterozygosity/.snakemake/slurm_logs/rule_GEN_INPUT_MASK_VCF/sharks_HydCol_CM068777.1/10063177.log (check log file(s) for error details)
    shell:
        
        mkdir -p "sharks/HydCol/MSMC/Output_Mask"
        mkdir -p "sharks/HydCol/MSMC/Output_VCF"
        bcftools view -V indels -m2 -M2 -v snps sharks/HydCol/MSMC/vcf_files/HydCol_CM068777.1.vcf.gz | /rds/project/rds-8b3VcZwY7rY/users/ag2427/hpc-work/msmc-tools/bamCaller.py 1 sharks/HydCol/MSMC/Output_Mask/HydCol_CM068777.1.bed.gz | bgzip -c > sharks/HydCol/MSMC/Output_VCF/HydCol_CM068777.1_only_snps.vcf.gz
        
        (one of the commands exited with non-zero exit code; note that snakemake uses bash strict mode!)
    external_jobid: 10063177

[Thu May 29 09:36:04 2025]
Error in rule GEN_INPUT_MASK_VCF:
    message: SLURM-job '10063178' failed, SLURM status is: 'FAILED'. For further error details see the cluster/cloud log and the log files of the involved rule(s).
    jobid: 287
    input: sharks/HydCol/MSMC/vcf_files/HydCol_CM068770.1.vcf.gz
    output: sharks/HydCol/MSMC/Output_Mask/HydCol_CM068770.1.bed.gz, sharks/HydCol/MSMC/Output_VCF/HydCol_CM068770.1_only_snps.vcf.gz
    log: /rds/project/rds-p67MZilb2eQ/projects/VGP/heterozygosity/.snakemake/slurm_logs/rule_GEN_INPUT_MASK_VCF/sharks_HydCol_CM068770.1/10063178.log (check log file(s) for error details)
    shell:
        
        mkdir -p "sharks/HydCol/MSMC/Output_Mask"
        mkdir -p "sharks/HydCol/MSMC/Output_VCF"
        bcftools view -V indels -m2 -M2 -v snps sharks/HydCol/MSMC/vcf_files/HydCol_CM068770.1.vcf.gz | /rds/project/rds-8b3VcZwY7rY/users/ag2427/hpc-work/msmc-tools/bamCaller.py 1 sharks/HydCol/MSMC/Output_Mask/HydCol_CM068770.1.bed.gz | bgzip -c > sharks/HydCol/MSMC/Output_VCF/HydCol_CM068770.1_only_snps.vcf.gz
        
        (one of the commands exited with non-zero exit code; note that snakemake uses bash strict mode!)
    external_jobid: 10063178

[Thu May 29 09:36:04 2025]
Error in rule GEN_INPUT_MASK_VCF:
    message: SLURM-job '10063179' failed, SLURM status is: 'FAILED'. For further error details see the cluster/cloud log and the log files of the involved rule(s).
    jobid: 274
    input: sharks/HydCol/MSMC/vcf_files/HydCol_CM068757.1.vcf.gz
    output: sharks/HydCol/MSMC/Output_Mask/HydCol_CM068757.1.bed.gz, sharks/HydCol/MSMC/Output_VCF/HydCol_CM068757.1_only_snps.vcf.gz
    log: /rds/project/rds-p67MZilb2eQ/projects/VGP/heterozygosity/.snakemake/slurm_logs/rule_GEN_INPUT_MASK_VCF/sharks_HydCol_CM068757.1/10063179.log (check log file(s) for error details)
    shell:
        
        mkdir -p "sharks/HydCol/MSMC/Output_Mask"
        mkdir -p "sharks/HydCol/MSMC/Output_VCF"
        bcftools view -V indels -m2 -M2 -v snps sharks/HydCol/MSMC/vcf_files/HydCol_CM068757.1.vcf.gz | /rds/project/rds-8b3VcZwY7rY/users/ag2427/hpc-work/msmc-tools/bamCaller.py 1 sharks/HydCol/MSMC/Output_Mask/HydCol_CM068757.1.bed.gz | bgzip -c > sharks/HydCol/MSMC/Output_VCF/HydCol_CM068757.1_only_snps.vcf.gz
        
        (one of the commands exited with non-zero exit code; note that snakemake uses bash strict mode!)
    external_jobid: 10063179

[Thu May 29 09:36:04 2025]
Error in rule GEN_INPUT_MASK_VCF:
    message: SLURM-job '10063180' failed, SLURM status is: 'FAILED'. For further error details see the cluster/cloud log and the log files of the involved rule(s).
    jobid: 267
    input: sharks/HydCol/MSMC/vcf_files/HydCol_CM068750.1.vcf.gz
    output: sharks/HydCol/MSMC/Output_Mask/HydCol_CM068750.1.bed.gz, sharks/HydCol/MSMC/Output_VCF/HydCol_CM068750.1_only_snps.vcf.gz
    log: /rds/project/rds-p67MZilb2eQ/projects/VGP/heterozygosity/.snakemake/slurm_logs/rule_GEN_INPUT_MASK_VCF/sharks_HydCol_CM068750.1/10063180.log (check log file(s) for error details)
    shell:
        
        mkdir -p "sharks/HydCol/MSMC/Output_Mask"
        mkdir -p "sharks/HydCol/MSMC/Output_VCF"
        bcftools view -V indels -m2 -M2 -v snps sharks/HydCol/MSMC/vcf_files/HydCol_CM068750.1.vcf.gz | /rds/project/rds-8b3VcZwY7rY/users/ag2427/hpc-work/msmc-tools/bamCaller.py 1 sharks/HydCol/MSMC/Output_Mask/HydCol_CM068750.1.bed.gz | bgzip -c > sharks/HydCol/MSMC/Output_VCF/HydCol_CM068750.1_only_snps.vcf.gz
        
        (one of the commands exited with non-zero exit code; note that snakemake uses bash strict mode!)
    external_jobid: 10063180

[Thu May 29 09:36:04 2025]
Error in rule GEN_INPUT_MASK_VCF:
    message: SLURM-job '10063182' failed, SLURM status is: 'FAILED'. For further error details see the cluster/cloud log and the log files of the involved rule(s).
    jobid: 260
    input: sharks/HydCol/MSMC/vcf_files/HydCol_CM068743.1.vcf.gz
    output: sharks/HydCol/MSMC/Output_Mask/HydCol_CM068743.1.bed.gz, sharks/HydCol/MSMC/Output_VCF/HydCol_CM068743.1_only_snps.vcf.gz
    log: /rds/project/rds-p67MZilb2eQ/projects/VGP/heterozygosity/.snakemake/slurm_logs/rule_GEN_INPUT_MASK_VCF/sharks_HydCol_CM068743.1/10063182.log (check log file(s) for error details)
    shell:
        
        mkdir -p "sharks/HydCol/MSMC/Output_Mask"
        mkdir -p "sharks/HydCol/MSMC/Output_VCF"
        bcftools view -V indels -m2 -M2 -v snps sharks/HydCol/MSMC/vcf_files/HydCol_CM068743.1.vcf.gz | /rds/project/rds-8b3VcZwY7rY/users/ag2427/hpc-work/msmc-tools/bamCaller.py 1 sharks/HydCol/MSMC/Output_Mask/HydCol_CM068743.1.bed.gz | bgzip -c > sharks/HydCol/MSMC/Output_VCF/HydCol_CM068743.1_only_snps.vcf.gz
        
        (one of the commands exited with non-zero exit code; note that snakemake uses bash strict mode!)
    external_jobid: 10063182

[Thu May 29 09:36:04 2025]
Error in rule GEN_INPUT_MASK_VCF:
    message: SLURM-job '10063183' failed, SLURM status is: 'FAILED'. For further error details see the cluster/cloud log and the log files of the involved rule(s).
    jobid: 278
    input: sharks/HydCol/MSMC/vcf_files/HydCol_CM068761.1.vcf.gz
    output: sharks/HydCol/MSMC/Output_Mask/HydCol_CM068761.1.bed.gz, sharks/HydCol/MSMC/Output_VCF/HydCol_CM068761.1_only_snps.vcf.gz
    log: /rds/project/rds-p67MZilb2eQ/projects/VGP/heterozygosity/.snakemake/slurm_logs/rule_GEN_INPUT_MASK_VCF/sharks_HydCol_CM068761.1/10063183.log (check log file(s) for error details)
    shell:
        
        mkdir -p "sharks/HydCol/MSMC/Output_Mask"
        mkdir -p "sharks/HydCol/MSMC/Output_VCF"
        bcftools view -V indels -m2 -M2 -v snps sharks/HydCol/MSMC/vcf_files/HydCol_CM068761.1.vcf.gz | /rds/project/rds-8b3VcZwY7rY/users/ag2427/hpc-work/msmc-tools/bamCaller.py 1 sharks/HydCol/MSMC/Output_Mask/HydCol_CM068761.1.bed.gz | bgzip -c > sharks/HydCol/MSMC/Output_VCF/HydCol_CM068761.1_only_snps.vcf.gz
        
        (one of the commands exited with non-zero exit code; note that snakemake uses bash strict mode!)
    external_jobid: 10063183

[Thu May 29 09:36:04 2025]
Error in rule GEN_INPUT_MASK_VCF:
    message: SLURM-job '10063184' failed, SLURM status is: 'FAILED'. For further error details see the cluster/cloud log and the log files of the involved rule(s).
    jobid: 271
    input: sharks/HydCol/MSMC/vcf_files/HydCol_CM068754.1.vcf.gz
    output: sharks/HydCol/MSMC/Output_Mask/HydCol_CM068754.1.bed.gz, sharks/HydCol/MSMC/Output_VCF/HydCol_CM068754.1_only_snps.vcf.gz
    log: /rds/project/rds-p67MZilb2eQ/projects/VGP/heterozygosity/.snakemake/slurm_logs/rule_GEN_INPUT_MASK_VCF/sharks_HydCol_CM068754.1/10063184.log (check log file(s) for error details)
    shell:
        
        mkdir -p "sharks/HydCol/MSMC/Output_Mask"
        mkdir -p "sharks/HydCol/MSMC/Output_VCF"
        bcftools view -V indels -m2 -M2 -v snps sharks/HydCol/MSMC/vcf_files/HydCol_CM068754.1.vcf.gz | /rds/project/rds-8b3VcZwY7rY/users/ag2427/hpc-work/msmc-tools/bamCaller.py 1 sharks/HydCol/MSMC/Output_Mask/HydCol_CM068754.1.bed.gz | bgzip -c > sharks/HydCol/MSMC/Output_VCF/HydCol_CM068754.1_only_snps.vcf.gz
        
        (one of the commands exited with non-zero exit code; note that snakemake uses bash strict mode!)
    external_jobid: 10063184

[Thu May 29 09:36:04 2025]
Error in rule GEN_INPUT_MASK_VCF:
    message: SLURM-job '10063185' failed, SLURM status is: 'FAILED'. For further error details see the cluster/cloud log and the log files of the involved rule(s).
    jobid: 295
    input: sharks/HydCol/MSMC/vcf_files/HydCol_CM068778.1.vcf.gz
    output: sharks/HydCol/MSMC/Output_Mask/HydCol_CM068778.1.bed.gz, sharks/HydCol/MSMC/Output_VCF/HydCol_CM068778.1_only_snps.vcf.gz
    log: /rds/project/rds-p67MZilb2eQ/projects/VGP/heterozygosity/.snakemake/slurm_logs/rule_GEN_INPUT_MASK_VCF/sharks_HydCol_CM068778.1/10063185.log (check log file(s) for error details)
    shell:
        
        mkdir -p "sharks/HydCol/MSMC/Output_Mask"
        mkdir -p "sharks/HydCol/MSMC/Output_VCF"
        bcftools view -V indels -m2 -M2 -v snps sharks/HydCol/MSMC/vcf_files/HydCol_CM068778.1.vcf.gz | /rds/project/rds-8b3VcZwY7rY/users/ag2427/hpc-work/msmc-tools/bamCaller.py 1 sharks/HydCol/MSMC/Output_Mask/HydCol_CM068778.1.bed.gz | bgzip -c > sharks/HydCol/MSMC/Output_VCF/HydCol_CM068778.1_only_snps.vcf.gz
        
        (one of the commands exited with non-zero exit code; note that snakemake uses bash strict mode!)
    external_jobid: 10063185

[Thu May 29 09:36:04 2025]
Error in rule GEN_INPUT_MASK_VCF:
    message: SLURM-job '10063186' failed, SLURM status is: 'FAILED'. For further error details see the cluster/cloud log and the log files of the involved rule(s).
    jobid: 264
    input: sharks/HydCol/MSMC/vcf_files/HydCol_CM068747.1.vcf.gz
    output: sharks/HydCol/MSMC/Output_Mask/HydCol_CM068747.1.bed.gz, sharks/HydCol/MSMC/Output_VCF/HydCol_CM068747.1_only_snps.vcf.gz
    log: /rds/project/rds-p67MZilb2eQ/projects/VGP/heterozygosity/.snakemake/slurm_logs/rule_GEN_INPUT_MASK_VCF/sharks_HydCol_CM068747.1/10063186.log (check log file(s) for error details)
    shell:
        
        mkdir -p "sharks/HydCol/MSMC/Output_Mask"
        mkdir -p "sharks/HydCol/MSMC/Output_VCF"
        bcftools view -V indels -m2 -M2 -v snps sharks/HydCol/MSMC/vcf_files/HydCol_CM068747.1.vcf.gz | /rds/project/rds-8b3VcZwY7rY/users/ag2427/hpc-work/msmc-tools/bamCaller.py 1 sharks/HydCol/MSMC/Output_Mask/HydCol_CM068747.1.bed.gz | bgzip -c > sharks/HydCol/MSMC/Output_VCF/HydCol_CM068747.1_only_snps.vcf.gz
        
        (one of the commands exited with non-zero exit code; note that snakemake uses bash strict mode!)
    external_jobid: 10063186

[Thu May 29 09:36:04 2025]
Error in rule GEN_INPUT_MASK_VCF:
    message: SLURM-job '10063187' failed, SLURM status is: 'FAILED'. For further error details see the cluster/cloud log and the log files of the involved rule(s).
    jobid: 281
    input: sharks/HydCol/MSMC/vcf_files/HydCol_CM068764.1.vcf.gz
    output: sharks/HydCol/MSMC/Output_Mask/HydCol_CM068764.1.bed.gz, sharks/HydCol/MSMC/Output_VCF/HydCol_CM068764.1_only_snps.vcf.gz
    log: /rds/project/rds-p67MZilb2eQ/projects/VGP/heterozygosity/.snakemake/slurm_logs/rule_GEN_INPUT_MASK_VCF/sharks_HydCol_CM068764.1/10063187.log (check log file(s) for error details)
    shell:
        
        mkdir -p "sharks/HydCol/MSMC/Output_Mask"
        mkdir -p "sharks/HydCol/MSMC/Output_VCF"
        bcftools view -V indels -m2 -M2 -v snps sharks/HydCol/MSMC/vcf_files/HydCol_CM068764.1.vcf.gz | /rds/project/rds-8b3VcZwY7rY/users/ag2427/hpc-work/msmc-tools/bamCaller.py 1 sharks/HydCol/MSMC/Output_Mask/HydCol_CM068764.1.bed.gz | bgzip -c > sharks/HydCol/MSMC/Output_VCF/HydCol_CM068764.1_only_snps.vcf.gz
        
        (one of the commands exited with non-zero exit code; note that snakemake uses bash strict mode!)
    external_jobid: 10063187

[Thu May 29 09:36:04 2025]
Error in rule GEN_INPUT_MASK_VCF:
    message: SLURM-job '10063189' failed, SLURM status is: 'FAILED'. For further error details see the cluster/cloud log and the log files of the involved rule(s).
    jobid: 292
    input: sharks/HydCol/MSMC/vcf_files/HydCol_CM068775.1.vcf.gz
    output: sharks/HydCol/MSMC/Output_Mask/HydCol_CM068775.1.bed.gz, sharks/HydCol/MSMC/Output_VCF/HydCol_CM068775.1_only_snps.vcf.gz
    log: /rds/project/rds-p67MZilb2eQ/projects/VGP/heterozygosity/.snakemake/slurm_logs/rule_GEN_INPUT_MASK_VCF/sharks_HydCol_CM068775.1/10063189.log (check log file(s) for error details)
    shell:
        
        mkdir -p "sharks/HydCol/MSMC/Output_Mask"
        mkdir -p "sharks/HydCol/MSMC/Output_VCF"
        bcftools view -V indels -m2 -M2 -v snps sharks/HydCol/MSMC/vcf_files/HydCol_CM068775.1.vcf.gz | /rds/project/rds-8b3VcZwY7rY/users/ag2427/hpc-work/msmc-tools/bamCaller.py 1 sharks/HydCol/MSMC/Output_Mask/HydCol_CM068775.1.bed.gz | bgzip -c > sharks/HydCol/MSMC/Output_VCF/HydCol_CM068775.1_only_snps.vcf.gz
        
        (one of the commands exited with non-zero exit code; note that snakemake uses bash strict mode!)
    external_jobid: 10063189

[Thu May 29 09:36:04 2025]
Error in rule GEN_INPUT_MASK_VCF:
    message: SLURM-job '10063190' failed, SLURM status is: 'FAILED'. For further error details see the cluster/cloud log and the log files of the involved rule(s).
    jobid: 285
    input: sharks/HydCol/MSMC/vcf_files/HydCol_CM068768.1.vcf.gz
    output: sharks/HydCol/MSMC/Output_Mask/HydCol_CM068768.1.bed.gz, sharks/HydCol/MSMC/Output_VCF/HydCol_CM068768.1_only_snps.vcf.gz
    log: /rds/project/rds-p67MZilb2eQ/projects/VGP/heterozygosity/.snakemake/slurm_logs/rule_GEN_INPUT_MASK_VCF/sharks_HydCol_CM068768.1/10063190.log (check log file(s) for error details)
    shell:
        
        mkdir -p "sharks/HydCol/MSMC/Output_Mask"
        mkdir -p "sharks/HydCol/MSMC/Output_VCF"
        bcftools view -V indels -m2 -M2 -v snps sharks/HydCol/MSMC/vcf_files/HydCol_CM068768.1.vcf.gz | /rds/project/rds-8b3VcZwY7rY/users/ag2427/hpc-work/msmc-tools/bamCaller.py 1 sharks/HydCol/MSMC/Output_Mask/HydCol_CM068768.1.bed.gz | bgzip -c > sharks/HydCol/MSMC/Output_VCF/HydCol_CM068768.1_only_snps.vcf.gz
        
        (one of the commands exited with non-zero exit code; note that snakemake uses bash strict mode!)
    external_jobid: 10063190

[Thu May 29 09:36:04 2025]
Error in rule GEN_INPUT_MASK_VCF:
    message: SLURM-job '10063191' failed, SLURM status is: 'FAILED'. For further error details see the cluster/cloud log and the log files of the involved rule(s).
    jobid: 279
    input: sharks/HydCol/MSMC/vcf_files/HydCol_CM068762.1.vcf.gz
    output: sharks/HydCol/MSMC/Output_Mask/HydCol_CM068762.1.bed.gz, sharks/HydCol/MSMC/Output_VCF/HydCol_CM068762.1_only_snps.vcf.gz
    log: /rds/project/rds-p67MZilb2eQ/projects/VGP/heterozygosity/.snakemake/slurm_logs/rule_GEN_INPUT_MASK_VCF/sharks_HydCol_CM068762.1/10063191.log (check log file(s) for error details)
    shell:
        
        mkdir -p "sharks/HydCol/MSMC/Output_Mask"
        mkdir -p "sharks/HydCol/MSMC/Output_VCF"
        bcftools view -V indels -m2 -M2 -v snps sharks/HydCol/MSMC/vcf_files/HydCol_CM068762.1.vcf.gz | /rds/project/rds-8b3VcZwY7rY/users/ag2427/hpc-work/msmc-tools/bamCaller.py 1 sharks/HydCol/MSMC/Output_Mask/HydCol_CM068762.1.bed.gz | bgzip -c > sharks/HydCol/MSMC/Output_VCF/HydCol_CM068762.1_only_snps.vcf.gz
        
        (one of the commands exited with non-zero exit code; note that snakemake uses bash strict mode!)
    external_jobid: 10063191

[Thu May 29 09:36:04 2025]
Error in rule GEN_INPUT_MASK_VCF:
    message: SLURM-job '10063192' failed, SLURM status is: 'FAILED'. For further error details see the cluster/cloud log and the log files of the involved rule(s).
    jobid: 291
    input: sharks/HydCol/MSMC/vcf_files/HydCol_CM068774.1.vcf.gz
    output: sharks/HydCol/MSMC/Output_Mask/HydCol_CM068774.1.bed.gz, sharks/HydCol/MSMC/Output_VCF/HydCol_CM068774.1_only_snps.vcf.gz
    log: /rds/project/rds-p67MZilb2eQ/projects/VGP/heterozygosity/.snakemake/slurm_logs/rule_GEN_INPUT_MASK_VCF/sharks_HydCol_CM068774.1/10063192.log (check log file(s) for error details)
    shell:
        
        mkdir -p "sharks/HydCol/MSMC/Output_Mask"
        mkdir -p "sharks/HydCol/MSMC/Output_VCF"
        bcftools view -V indels -m2 -M2 -v snps sharks/HydCol/MSMC/vcf_files/HydCol_CM068774.1.vcf.gz | /rds/project/rds-8b3VcZwY7rY/users/ag2427/hpc-work/msmc-tools/bamCaller.py 1 sharks/HydCol/MSMC/Output_Mask/HydCol_CM068774.1.bed.gz | bgzip -c > sharks/HydCol/MSMC/Output_VCF/HydCol_CM068774.1_only_snps.vcf.gz
        
        (one of the commands exited with non-zero exit code; note that snakemake uses bash strict mode!)
    external_jobid: 10063192

[Thu May 29 09:36:05 2025]
Error in rule GEN_INPUT_MASK_VCF:
    message: SLURM-job '10063193' failed, SLURM status is: 'FAILED'. For further error details see the cluster/cloud log and the log files of the involved rule(s).
    jobid: 284
    input: sharks/HydCol/MSMC/vcf_files/HydCol_CM068767.1.vcf.gz
    output: sharks/HydCol/MSMC/Output_Mask/HydCol_CM068767.1.bed.gz, sharks/HydCol/MSMC/Output_VCF/HydCol_CM068767.1_only_snps.vcf.gz
    log: /rds/project/rds-p67MZilb2eQ/projects/VGP/heterozygosity/.snakemake/slurm_logs/rule_GEN_INPUT_MASK_VCF/sharks_HydCol_CM068767.1/10063193.log (check log file(s) for error details)
    shell:
        
        mkdir -p "sharks/HydCol/MSMC/Output_Mask"
        mkdir -p "sharks/HydCol/MSMC/Output_VCF"
        bcftools view -V indels -m2 -M2 -v snps sharks/HydCol/MSMC/vcf_files/HydCol_CM068767.1.vcf.gz | /rds/project/rds-8b3VcZwY7rY/users/ag2427/hpc-work/msmc-tools/bamCaller.py 1 sharks/HydCol/MSMC/Output_Mask/HydCol_CM068767.1.bed.gz | bgzip -c > sharks/HydCol/MSMC/Output_VCF/HydCol_CM068767.1_only_snps.vcf.gz
        
        (one of the commands exited with non-zero exit code; note that snakemake uses bash strict mode!)
    external_jobid: 10063193

