host: login-p-3
Building DAG of jobs...
Using shell: /usr/bin/bash
Provided cores: 56
Rules claiming more threads will be scaled down.
Job stats:
job         count
--------  -------
Plot_ROH        1
all             1
total           2

Select jobs to execute...
Execute 1 jobs...

[Wed Mar 26 18:47:57 2025]
localrule Plot_ROH:
    input: sharks/HydCol_Test/HydCol_Test_ROH_Results.csv, sharks/HydCol_Test/Reference_HydCol_Test_Chroms_Lengths.txt
    output: sharks/HydCol_Test/20250326_HydCol_Test_ROH_Map.pdf
    jobid: 34
    reason: Missing output files: sharks/HydCol_Test/20250326_HydCol_Test_ROH_Map.pdf
    wildcards: CLADE=sharks, SPEC_NAME=HydCol_Test, TODAY_DATE=20250326
    resources: tmpdir=/tmp

RuleException:
CalledProcessError in file /rds/project/rds-p67MZilb2eQ/projects/VGP/heterozygosity/Snakefile, line 318:
Command 'set -euo pipefail;  
        Rscript /rds/project/rds-p67MZilb2eQ/projects/VGP/heterozygosity/20250106_Plot_ROH.R sharks/HydCol_Test/HydCol_Test_ROH_Results.csv sharks/HydCol_Test/Reference_HydCol_Test_Chroms_Lengths.txt 20250326 GCA_035084275.1 sharks 40 HydCol_Test > sharks/HydCol_Test/20250326_HydCol_Test_ROH_Map.pdf' returned non-zero exit status 1.
[Wed Mar 26 18:47:58 2025]
Error in rule Plot_ROH:
    jobid: 34
    input: sharks/HydCol_Test/HydCol_Test_ROH_Results.csv, sharks/HydCol_Test/Reference_HydCol_Test_Chroms_Lengths.txt
    output: sharks/HydCol_Test/20250326_HydCol_Test_ROH_Map.pdf
    shell:
        
        Rscript /rds/project/rds-p67MZilb2eQ/projects/VGP/heterozygosity/20250106_Plot_ROH.R sharks/HydCol_Test/HydCol_Test_ROH_Results.csv sharks/HydCol_Test/Reference_HydCol_Test_Chroms_Lengths.txt 20250326 GCA_035084275.1 sharks 40 HydCol_Test > sharks/HydCol_Test/20250326_HydCol_Test_ROH_Map.pdf
        
        (one of the commands exited with non-zero exit code; note that snakemake uses bash strict mode!)

Removing output files of failed job Plot_ROH since they might be corrupted:
sharks/HydCol_Test/20250326_HydCol_Test_ROH_Map.pdf
Shutting down, this might take some time.
Exiting because a job execution failed. Look above for error message
Complete log: .snakemake/log/2025-03-26T184757.163158.snakemake.log
WorkflowError:
At least one job did not complete successfully.
