host: login-q-4
Building DAG of jobs...
SLURM run ID: 3d914408-c162-48d3-9393-4108072b037b
Using shell: /usr/bin/bash
Provided remote nodes: 30
Job stats:
job                            count
---------------------------  -------
BOOTSTRAPPING_MULTIHET_FILE     1350
MAIN_MULTIHETSEP                  37
all                                1
total                           1388

Select jobs to execute...
Execute 30 jobs...

[Fri May 23 10:50:43 2025]
rule MAIN_MULTIHETSEP:
    input: sharks/HepPer/CM068681.1.recode.vcf.gz, sharks/HepPer/MSMC/Output_Bed/CM068681.1/CM068681.1_95.txt, sharks/HepPer/MSMC/Output_bam_caller_BED/CM068681.1_modified_bed.txt.gz, sharks/HepPer/MSMC/Output_indel_BED_file/CM068681.1_indel_bed.txt
    output: sharks/HepPer/MSMC/Output_multihet_filtered_95/CM068681.1_multihet.txt
    jobid: 337
    reason: Updated input files: sharks/HepPer/CM068681.1.recode.vcf.gz
    wildcards: CLADE=sharks, SPEC_NAME=HepPer, CHROM=CM068681.1
    resources: mem_mb=100000, mem_mib=95368, disk_mb=1000, disk_mib=954, tmpdir=<TBD>, slurm_account=DURBIN-SL2-CPU, slurm_partition=icelake-himem, runtime=120

Job 337 has been submitted with SLURM jobid 9801265 (log: /rds/project/rds-p67MZilb2eQ/projects/VGP/heterozygosity/.snakemake/slurm_logs/rule_MAIN_MULTIHETSEP/sharks_HepPer_CM068681.1/9801265.log).

[Fri May 23 10:50:44 2025]
rule BOOTSTRAPPING_MULTIHET_FILE:
    input: sharks/HepPer/MSMC/Output_multihet_filtered_95/CM068679.1_multihet.txt
    output: sharks/HepPer/MSMC/Output_Multihet_Bootstrapped/29/CM068679.1_multihet.txt
    jobid: 1627
    reason: Missing output files: sharks/HepPer/MSMC/Output_Multihet_Bootstrapped/29/CM068679.1_multihet.txt; Code has changed since last execution
    wildcards: CLADE=sharks, SPEC_NAME=HepPer, BOOT=29, CHROM=CM068679.1
    resources: mem_mb=100000, mem_mib=95368, disk_mb=1000, disk_mib=954, tmpdir=<TBD>, slurm_account=DURBIN-SL2-CPU, slurm_partition=icelake-himem, runtime=120

Job 1627 has been submitted with SLURM jobid 9801266 (log: /rds/project/rds-p67MZilb2eQ/projects/VGP/heterozygosity/.snakemake/slurm_logs/rule_BOOTSTRAPPING_MULTIHET_FILE/sharks_HepPer_29_CM068679.1/9801266.log).

[Fri May 23 10:50:45 2025]
rule BOOTSTRAPPING_MULTIHET_FILE:
    input: sharks/HepPer/MSMC/Output_multihet_filtered_95/CM068651.1_multihet.txt
    output: sharks/HepPer/MSMC/Output_Multihet_Bootstrapped/29/CM068651.1_multihet.txt
    jobid: 787
    reason: Code has changed since last execution
    wildcards: CLADE=sharks, SPEC_NAME=HepPer, BOOT=29, CHROM=CM068651.1
    resources: mem_mb=100000, mem_mib=95368, disk_mb=1000, disk_mib=954, tmpdir=<TBD>, slurm_account=DURBIN-SL2-CPU, slurm_partition=icelake-himem, runtime=120

Job 787 has been submitted with SLURM jobid 9801267 (log: /rds/project/rds-p67MZilb2eQ/projects/VGP/heterozygosity/.snakemake/slurm_logs/rule_BOOTSTRAPPING_MULTIHET_FILE/sharks_HepPer_29_CM068651.1/9801267.log).

[Fri May 23 10:50:47 2025]
rule BOOTSTRAPPING_MULTIHET_FILE:
    input: sharks/HepPer/MSMC/Output_multihet_filtered_95/CM068663.1_multihet.txt
    output: sharks/HepPer/MSMC/Output_Multihet_Bootstrapped/5/CM068663.1_multihet.txt
    jobid: 1123
    reason: Missing output files: sharks/HepPer/MSMC/Output_Multihet_Bootstrapped/5/CM068663.1_multihet.txt; Code has changed since last execution
    wildcards: CLADE=sharks, SPEC_NAME=HepPer, BOOT=5, CHROM=CM068663.1
    resources: mem_mb=100000, mem_mib=95368, disk_mb=1000, disk_mib=954, tmpdir=<TBD>, slurm_account=DURBIN-SL2-CPU, slurm_partition=icelake-himem, runtime=120

Job 1123 has been submitted with SLURM jobid 9801268 (log: /rds/project/rds-p67MZilb2eQ/projects/VGP/heterozygosity/.snakemake/slurm_logs/rule_BOOTSTRAPPING_MULTIHET_FILE/sharks_HepPer_5_CM068663.1/9801268.log).

[Fri May 23 10:50:47 2025]
rule BOOTSTRAPPING_MULTIHET_FILE:
    input: sharks/HepPer/MSMC/Output_multihet_filtered_95/CM068649.1_multihet.txt
    output: sharks/HepPer/MSMC/Output_Multihet_Bootstrapped/6/CM068649.1_multihet.txt
    jobid: 704
    reason: Code has changed since last execution
    wildcards: CLADE=sharks, SPEC_NAME=HepPer, BOOT=6, CHROM=CM068649.1
    resources: mem_mb=100000, mem_mib=95368, disk_mb=1000, disk_mib=954, tmpdir=<TBD>, slurm_account=DURBIN-SL2-CPU, slurm_partition=icelake-himem, runtime=120

Job 704 has been submitted with SLURM jobid 9801269 (log: /rds/project/rds-p67MZilb2eQ/projects/VGP/heterozygosity/.snakemake/slurm_logs/rule_BOOTSTRAPPING_MULTIHET_FILE/sharks_HepPer_6_CM068649.1/9801269.log).

[Fri May 23 10:50:50 2025]
rule BOOTSTRAPPING_MULTIHET_FILE:
    input: sharks/HepPer/MSMC/Output_multihet_filtered_95/CM068679.1_multihet.txt
    output: sharks/HepPer/MSMC/Output_Multihet_Bootstrapped/2/CM068679.1_multihet.txt
    jobid: 1600
    reason: Missing output files: sharks/HepPer/MSMC/Output_Multihet_Bootstrapped/2/CM068679.1_multihet.txt; Code has changed since last execution
    wildcards: CLADE=sharks, SPEC_NAME=HepPer, BOOT=2, CHROM=CM068679.1
    resources: mem_mb=100000, mem_mib=95368, disk_mb=1000, disk_mib=954, tmpdir=<TBD>, slurm_account=DURBIN-SL2-CPU, slurm_partition=icelake-himem, runtime=120

Job 1600 has been submitted with SLURM jobid 9801270 (log: /rds/project/rds-p67MZilb2eQ/projects/VGP/heterozygosity/.snakemake/slurm_logs/rule_BOOTSTRAPPING_MULTIHET_FILE/sharks_HepPer_2_CM068679.1/9801270.log).

[Fri May 23 10:50:50 2025]
rule BOOTSTRAPPING_MULTIHET_FILE:
    input: sharks/HepPer/MSMC/Output_multihet_filtered_95/CM068651.1_multihet.txt
    output: sharks/HepPer/MSMC/Output_Multihet_Bootstrapped/2/CM068651.1_multihet.txt
    jobid: 760
    reason: Code has changed since last execution
    wildcards: CLADE=sharks, SPEC_NAME=HepPer, BOOT=2, CHROM=CM068651.1
    resources: mem_mb=100000, mem_mib=95368, disk_mb=1000, disk_mib=954, tmpdir=<TBD>, slurm_account=DURBIN-SL2-CPU, slurm_partition=icelake-himem, runtime=120

Job 760 has been submitted with SLURM jobid 9801271 (log: /rds/project/rds-p67MZilb2eQ/projects/VGP/heterozygosity/.snakemake/slurm_logs/rule_BOOTSTRAPPING_MULTIHET_FILE/sharks_HepPer_2_CM068651.1/9801271.log).

[Fri May 23 10:50:52 2025]
rule MAIN_MULTIHETSEP:
    input: sharks/HepPer/CM068656.1.recode.vcf.gz, sharks/HepPer/MSMC/Output_Bed/CM068656.1/CM068656.1_95.txt, sharks/HepPer/MSMC/Output_bam_caller_BED/CM068656.1_modified_bed.txt.gz, sharks/HepPer/MSMC/Output_indel_BED_file/CM068656.1_indel_bed.txt
    output: sharks/HepPer/MSMC/Output_multihet_filtered_95/CM068656.1_multihet.txt
    jobid: 312
    reason: Updated input files: sharks/HepPer/CM068656.1.recode.vcf.gz
    wildcards: CLADE=sharks, SPEC_NAME=HepPer, CHROM=CM068656.1
    resources: mem_mb=100000, mem_mib=95368, disk_mb=1000, disk_mib=954, tmpdir=<TBD>, slurm_account=DURBIN-SL2-CPU, slurm_partition=icelake-himem, runtime=120

Job 312 has been submitted with SLURM jobid 9801272 (log: /rds/project/rds-p67MZilb2eQ/projects/VGP/heterozygosity/.snakemake/slurm_logs/rule_MAIN_MULTIHETSEP/sharks_HepPer_CM068656.1/9801272.log).

[Fri May 23 10:50:52 2025]
rule BOOTSTRAPPING_MULTIHET_FILE:
    input: sharks/HepPer/MSMC/Output_multihet_filtered_95/CM068677.1_multihet.txt
    output: sharks/HepPer/MSMC/Output_Multihet_Bootstrapped/6/CM068677.1_multihet.txt
    jobid: 1544
    reason: Code has changed since last execution
    wildcards: CLADE=sharks, SPEC_NAME=HepPer, BOOT=6, CHROM=CM068677.1
    resources: mem_mb=100000, mem_mib=95368, disk_mb=1000, disk_mib=954, tmpdir=<TBD>, slurm_account=DURBIN-SL2-CPU, slurm_partition=icelake-himem, runtime=120

Job 1544 has been submitted with SLURM jobid 9801273 (log: /rds/project/rds-p67MZilb2eQ/projects/VGP/heterozygosity/.snakemake/slurm_logs/rule_BOOTSTRAPPING_MULTIHET_FILE/sharks_HepPer_6_CM068677.1/9801273.log).

[Fri May 23 10:50:55 2025]
rule BOOTSTRAPPING_MULTIHET_FILE:
    input: sharks/HepPer/MSMC/Output_multihet_filtered_95/CM068678.1_multihet.txt
    output: sharks/HepPer/MSMC/Output_Multihet_Bootstrapped/4/CM068678.1_multihet.txt
    jobid: 1572
    reason: Code has changed since last execution
    wildcards: CLADE=sharks, SPEC_NAME=HepPer, BOOT=4, CHROM=CM068678.1
    resources: mem_mb=100000, mem_mib=95368, disk_mb=1000, disk_mib=954, tmpdir=<TBD>, slurm_account=DURBIN-SL2-CPU, slurm_partition=icelake-himem, runtime=120

Job 1572 has been submitted with SLURM jobid 9801274 (log: /rds/project/rds-p67MZilb2eQ/projects/VGP/heterozygosity/.snakemake/slurm_logs/rule_BOOTSTRAPPING_MULTIHET_FILE/sharks_HepPer_4_CM068678.1/9801274.log).

[Fri May 23 10:50:55 2025]
rule BOOTSTRAPPING_MULTIHET_FILE:
    input: sharks/HepPer/MSMC/Output_multihet_filtered_95/CM068648.1_multihet.txt
    output: sharks/HepPer/MSMC/Output_Multihet_Bootstrapped/8/CM068648.1_multihet.txt
    jobid: 676
    reason: Code has changed since last execution
    wildcards: CLADE=sharks, SPEC_NAME=HepPer, BOOT=8, CHROM=CM068648.1
    resources: mem_mb=100000, mem_mib=95368, disk_mb=1000, disk_mib=954, tmpdir=<TBD>, slurm_account=DURBIN-SL2-CPU, slurm_partition=icelake-himem, runtime=120

Job 676 has been submitted with SLURM jobid 9801275 (log: /rds/project/rds-p67MZilb2eQ/projects/VGP/heterozygosity/.snakemake/slurm_logs/rule_BOOTSTRAPPING_MULTIHET_FILE/sharks_HepPer_8_CM068648.1/9801275.log).

[Fri May 23 10:50:57 2025]
rule BOOTSTRAPPING_MULTIHET_FILE:
    input: sharks/HepPer/MSMC/Output_multihet_filtered_95/CM068672.1_multihet.txt
    output: sharks/HepPer/MSMC/Output_Multihet_Bootstrapped/16/CM068672.1_multihet.txt
    jobid: 1404
    reason: Code has changed since last execution
    wildcards: CLADE=sharks, SPEC_NAME=HepPer, BOOT=16, CHROM=CM068672.1
    resources: mem_mb=100000, mem_mib=95368, disk_mb=1000, disk_mib=954, tmpdir=<TBD>, slurm_account=DURBIN-SL2-CPU, slurm_partition=icelake-himem, runtime=120

Job 1404 has been submitted with SLURM jobid 9801276 (log: /rds/project/rds-p67MZilb2eQ/projects/VGP/heterozygosity/.snakemake/slurm_logs/rule_BOOTSTRAPPING_MULTIHET_FILE/sharks_HepPer_16_CM068672.1/9801276.log).

[Fri May 23 10:50:57 2025]
rule BOOTSTRAPPING_MULTIHET_FILE:
    input: sharks/HepPer/MSMC/Output_multihet_filtered_95/CM068649.1_multihet.txt
    output: sharks/HepPer/MSMC/Output_Multihet_Bootstrapped/29/CM068649.1_multihet.txt
    jobid: 727
    reason: Code has changed since last execution
    wildcards: CLADE=sharks, SPEC_NAME=HepPer, BOOT=29, CHROM=CM068649.1
    resources: mem_mb=100000, mem_mib=95368, disk_mb=1000, disk_mib=954, tmpdir=<TBD>, slurm_account=DURBIN-SL2-CPU, slurm_partition=icelake-himem, runtime=120

Job 727 has been submitted with SLURM jobid 9801277 (log: /rds/project/rds-p67MZilb2eQ/projects/VGP/heterozygosity/.snakemake/slurm_logs/rule_BOOTSTRAPPING_MULTIHET_FILE/sharks_HepPer_29_CM068649.1/9801277.log).

[Fri May 23 10:50:58 2025]
rule BOOTSTRAPPING_MULTIHET_FILE:
    input: sharks/HepPer/MSMC/Output_multihet_filtered_95/CM068679.1_multihet.txt
    output: sharks/HepPer/MSMC/Output_Multihet_Bootstrapped/25/CM068679.1_multihet.txt
    jobid: 1623
    reason: Missing output files: sharks/HepPer/MSMC/Output_Multihet_Bootstrapped/25/CM068679.1_multihet.txt; Code has changed since last execution
    wildcards: CLADE=sharks, SPEC_NAME=HepPer, BOOT=25, CHROM=CM068679.1
    resources: mem_mb=100000, mem_mib=95368, disk_mb=1000, disk_mib=954, tmpdir=<TBD>, slurm_account=DURBIN-SL2-CPU, slurm_partition=icelake-himem, runtime=120

Job 1623 has been submitted with SLURM jobid 9801278 (log: /rds/project/rds-p67MZilb2eQ/projects/VGP/heterozygosity/.snakemake/slurm_logs/rule_BOOTSTRAPPING_MULTIHET_FILE/sharks_HepPer_25_CM068679.1/9801278.log).

[Fri May 23 10:51:00 2025]
rule BOOTSTRAPPING_MULTIHET_FILE:
    input: sharks/HepPer/MSMC/Output_multihet_filtered_95/CM068651.1_multihet.txt
    output: sharks/HepPer/MSMC/Output_Multihet_Bootstrapped/25/CM068651.1_multihet.txt
    jobid: 783
    reason: Code has changed since last execution
    wildcards: CLADE=sharks, SPEC_NAME=HepPer, BOOT=25, CHROM=CM068651.1
    resources: mem_mb=100000, mem_mib=95368, disk_mb=1000, disk_mib=954, tmpdir=<TBD>, slurm_account=DURBIN-SL2-CPU, slurm_partition=icelake-himem, runtime=120

Job 783 has been submitted with SLURM jobid 9801279 (log: /rds/project/rds-p67MZilb2eQ/projects/VGP/heterozygosity/.snakemake/slurm_logs/rule_BOOTSTRAPPING_MULTIHET_FILE/sharks_HepPer_25_CM068651.1/9801279.log).

[Fri May 23 10:51:00 2025]
rule BOOTSTRAPPING_MULTIHET_FILE:
    input: sharks/HepPer/MSMC/Output_multihet_filtered_95/CM068663.1_multihet.txt
    output: sharks/HepPer/MSMC/Output_Multihet_Bootstrapped/1/CM068663.1_multihet.txt
    jobid: 1119
    reason: Missing output files: sharks/HepPer/MSMC/Output_Multihet_Bootstrapped/1/CM068663.1_multihet.txt; Code has changed since last execution
    wildcards: CLADE=sharks, SPEC_NAME=HepPer, BOOT=1, CHROM=CM068663.1
    resources: mem_mb=100000, mem_mib=95368, disk_mb=1000, disk_mib=954, tmpdir=<TBD>, slurm_account=DURBIN-SL2-CPU, slurm_partition=icelake-himem, runtime=120

Job 1119 has been submitted with SLURM jobid 9801282 (log: /rds/project/rds-p67MZilb2eQ/projects/VGP/heterozygosity/.snakemake/slurm_logs/rule_BOOTSTRAPPING_MULTIHET_FILE/sharks_HepPer_1_CM068663.1/9801282.log).

[Fri May 23 10:51:06 2025]
rule BOOTSTRAPPING_MULTIHET_FILE:
    input: sharks/HepPer/MSMC/Output_multihet_filtered_95/CM068677.1_multihet.txt
    output: sharks/HepPer/MSMC/Output_Multihet_Bootstrapped/29/CM068677.1_multihet.txt
    jobid: 1567
    reason: Code has changed since last execution
    wildcards: CLADE=sharks, SPEC_NAME=HepPer, BOOT=29, CHROM=CM068677.1
    resources: mem_mb=100000, mem_mib=95368, disk_mb=1000, disk_mib=954, tmpdir=<TBD>, slurm_account=DURBIN-SL2-CPU, slurm_partition=icelake-himem, runtime=120

Job 1567 has been submitted with SLURM jobid 9801283 (log: /rds/project/rds-p67MZilb2eQ/projects/VGP/heterozygosity/.snakemake/slurm_logs/rule_BOOTSTRAPPING_MULTIHET_FILE/sharks_HepPer_29_CM068677.1/9801283.log).

[Fri May 23 10:51:06 2025]
rule BOOTSTRAPPING_MULTIHET_FILE:
    input: sharks/HepPer/MSMC/Output_multihet_filtered_95/CM068648.1_multihet.txt
    output: sharks/HepPer/MSMC/Output_Multihet_Bootstrapped/3/CM068648.1_multihet.txt
    jobid: 671
    reason: Code has changed since last execution
    wildcards: CLADE=sharks, SPEC_NAME=HepPer, BOOT=3, CHROM=CM068648.1
    resources: mem_mb=100000, mem_mib=95368, disk_mb=1000, disk_mib=954, tmpdir=<TBD>, slurm_account=DURBIN-SL2-CPU, slurm_partition=icelake-himem, runtime=120

Job 671 has been submitted with SLURM jobid 9801284 (log: /rds/project/rds-p67MZilb2eQ/projects/VGP/heterozygosity/.snakemake/slurm_logs/rule_BOOTSTRAPPING_MULTIHET_FILE/sharks_HepPer_3_CM068648.1/9801284.log).

[Fri May 23 10:51:08 2025]
rule BOOTSTRAPPING_MULTIHET_FILE:
    input: sharks/HepPer/MSMC/Output_multihet_filtered_95/CM068672.1_multihet.txt
    output: sharks/HepPer/MSMC/Output_Multihet_Bootstrapped/11/CM068672.1_multihet.txt
    jobid: 1399
    reason: Code has changed since last execution
    wildcards: CLADE=sharks, SPEC_NAME=HepPer, BOOT=11, CHROM=CM068672.1
    resources: mem_mb=100000, mem_mib=95368, disk_mb=1000, disk_mib=954, tmpdir=<TBD>, slurm_account=DURBIN-SL2-CPU, slurm_partition=icelake-himem, runtime=120

Job 1399 has been submitted with SLURM jobid 9801285 (log: /rds/project/rds-p67MZilb2eQ/projects/VGP/heterozygosity/.snakemake/slurm_logs/rule_BOOTSTRAPPING_MULTIHET_FILE/sharks_HepPer_11_CM068672.1/9801285.log).

[Fri May 23 10:51:08 2025]
rule BOOTSTRAPPING_MULTIHET_FILE:
    input: sharks/HepPer/MSMC/Output_multihet_filtered_95/CM068678.1_multihet.txt
    output: sharks/HepPer/MSMC/Output_Multihet_Bootstrapped/27/CM068678.1_multihet.txt
    jobid: 1595
    reason: Code has changed since last execution
    wildcards: CLADE=sharks, SPEC_NAME=HepPer, BOOT=27, CHROM=CM068678.1
    resources: mem_mb=100000, mem_mib=95368, disk_mb=1000, disk_mib=954, tmpdir=<TBD>, slurm_account=DURBIN-SL2-CPU, slurm_partition=icelake-himem, runtime=120

Job 1595 has been submitted with SLURM jobid 9801286 (log: /rds/project/rds-p67MZilb2eQ/projects/VGP/heterozygosity/.snakemake/slurm_logs/rule_BOOTSTRAPPING_MULTIHET_FILE/sharks_HepPer_27_CM068678.1/9801286.log).

[Fri May 23 10:51:11 2025]
rule BOOTSTRAPPING_MULTIHET_FILE:
    input: sharks/HepPer/MSMC/Output_multihet_filtered_95/CM068649.1_multihet.txt
    output: sharks/HepPer/MSMC/Output_Multihet_Bootstrapped/1/CM068649.1_multihet.txt
    jobid: 699
    reason: Code has changed since last execution
    wildcards: CLADE=sharks, SPEC_NAME=HepPer, BOOT=1, CHROM=CM068649.1
    resources: mem_mb=100000, mem_mib=95368, disk_mb=1000, disk_mib=954, tmpdir=<TBD>, slurm_account=DURBIN-SL2-CPU, slurm_partition=icelake-himem, runtime=120

Job 699 has been submitted with SLURM jobid 9801287 (log: /rds/project/rds-p67MZilb2eQ/projects/VGP/heterozygosity/.snakemake/slurm_logs/rule_BOOTSTRAPPING_MULTIHET_FILE/sharks_HepPer_1_CM068649.1/9801287.log).

[Fri May 23 10:51:11 2025]
rule BOOTSTRAPPING_MULTIHET_FILE:
    input: sharks/HepPer/MSMC/Output_multihet_filtered_95/CM068663.1_multihet.txt
    output: sharks/HepPer/MSMC/Output_Multihet_Bootstrapped/29/CM068663.1_multihet.txt
    jobid: 1147
    reason: Missing output files: sharks/HepPer/MSMC/Output_Multihet_Bootstrapped/29/CM068663.1_multihet.txt; Code has changed since last execution
    wildcards: CLADE=sharks, SPEC_NAME=HepPer, BOOT=29, CHROM=CM068663.1
    resources: mem_mb=100000, mem_mib=95368, disk_mb=1000, disk_mib=954, tmpdir=<TBD>, slurm_account=DURBIN-SL2-CPU, slurm_partition=icelake-himem, runtime=120

Job 1147 has been submitted with SLURM jobid 9801288 (log: /rds/project/rds-p67MZilb2eQ/projects/VGP/heterozygosity/.snakemake/slurm_logs/rule_BOOTSTRAPPING_MULTIHET_FILE/sharks_HepPer_29_CM068663.1/9801288.log).

[Fri May 23 10:51:11 2025]
rule BOOTSTRAPPING_MULTIHET_FILE:
    input: sharks/HepPer/MSMC/Output_multihet_filtered_95/CM068677.1_multihet.txt
    output: sharks/HepPer/MSMC/Output_Multihet_Bootstrapped/1/CM068677.1_multihet.txt
    jobid: 1539
    reason: Code has changed since last execution
    wildcards: CLADE=sharks, SPEC_NAME=HepPer, BOOT=1, CHROM=CM068677.1
    resources: mem_mb=100000, mem_mib=95368, disk_mb=1000, disk_mib=954, tmpdir=<TBD>, slurm_account=DURBIN-SL2-CPU, slurm_partition=icelake-himem, runtime=120

Job 1539 has been submitted with SLURM jobid 9801289 (log: /rds/project/rds-p67MZilb2eQ/projects/VGP/heterozygosity/.snakemake/slurm_logs/rule_BOOTSTRAPPING_MULTIHET_FILE/sharks_HepPer_1_CM068677.1/9801289.log).

[Fri May 23 10:51:13 2025]
rule BOOTSTRAPPING_MULTIHET_FILE:
    input: sharks/HepPer/MSMC/Output_multihet_filtered_95/CM068679.1_multihet.txt
    output: sharks/HepPer/MSMC/Output_Multihet_Bootstrapped/26/CM068679.1_multihet.txt
    jobid: 1624
    reason: Missing output files: sharks/HepPer/MSMC/Output_Multihet_Bootstrapped/26/CM068679.1_multihet.txt; Code has changed since last execution
    wildcards: CLADE=sharks, SPEC_NAME=HepPer, BOOT=26, CHROM=CM068679.1
    resources: mem_mb=100000, mem_mib=95368, disk_mb=1000, disk_mib=954, tmpdir=<TBD>, slurm_account=DURBIN-SL2-CPU, slurm_partition=icelake-himem, runtime=120

Job 1624 has been submitted with SLURM jobid 9801290 (log: /rds/project/rds-p67MZilb2eQ/projects/VGP/heterozygosity/.snakemake/slurm_logs/rule_BOOTSTRAPPING_MULTIHET_FILE/sharks_HepPer_26_CM068679.1/9801290.log).

[Fri May 23 10:51:14 2025]
rule BOOTSTRAPPING_MULTIHET_FILE:
    input: sharks/HepPer/MSMC/Output_multihet_filtered_95/CM068651.1_multihet.txt
    output: sharks/HepPer/MSMC/Output_Multihet_Bootstrapped/26/CM068651.1_multihet.txt
    jobid: 784
    reason: Code has changed since last execution
    wildcards: CLADE=sharks, SPEC_NAME=HepPer, BOOT=26, CHROM=CM068651.1
    resources: mem_mb=100000, mem_mib=95368, disk_mb=1000, disk_mib=954, tmpdir=<TBD>, slurm_account=DURBIN-SL2-CPU, slurm_partition=icelake-himem, runtime=120

Job 784 has been submitted with SLURM jobid 9801291 (log: /rds/project/rds-p67MZilb2eQ/projects/VGP/heterozygosity/.snakemake/slurm_logs/rule_BOOTSTRAPPING_MULTIHET_FILE/sharks_HepPer_26_CM068651.1/9801291.log).

[Fri May 23 10:51:16 2025]
rule BOOTSTRAPPING_MULTIHET_FILE:
    input: sharks/HepPer/MSMC/Output_multihet_filtered_95/CM068663.1_multihet.txt
    output: sharks/HepPer/MSMC/Output_Multihet_Bootstrapped/2/CM068663.1_multihet.txt
    jobid: 1120
    reason: Missing output files: sharks/HepPer/MSMC/Output_Multihet_Bootstrapped/2/CM068663.1_multihet.txt; Code has changed since last execution
    wildcards: CLADE=sharks, SPEC_NAME=HepPer, BOOT=2, CHROM=CM068663.1
    resources: mem_mb=100000, mem_mib=95368, disk_mb=1000, disk_mib=954, tmpdir=<TBD>, slurm_account=DURBIN-SL2-CPU, slurm_partition=icelake-himem, runtime=120

Job 1120 has been submitted with SLURM jobid 9801292 (log: /rds/project/rds-p67MZilb2eQ/projects/VGP/heterozygosity/.snakemake/slurm_logs/rule_BOOTSTRAPPING_MULTIHET_FILE/sharks_HepPer_2_CM068663.1/9801292.log).

[Fri May 23 10:51:16 2025]
rule MAIN_MULTIHETSEP:
    input: sharks/HepPer/CM068680.1.recode.vcf.gz, sharks/HepPer/MSMC/Output_Bed/CM068680.1/CM068680.1_95.txt, sharks/HepPer/MSMC/Output_bam_caller_BED/CM068680.1_modified_bed.txt.gz, sharks/HepPer/MSMC/Output_indel_BED_file/CM068680.1_indel_bed.txt
    output: sharks/HepPer/MSMC/Output_multihet_filtered_95/CM068680.1_multihet.txt
    jobid: 336
    reason: Updated input files: sharks/HepPer/CM068680.1.recode.vcf.gz
    wildcards: CLADE=sharks, SPEC_NAME=HepPer, CHROM=CM068680.1
    resources: mem_mb=100000, mem_mib=95368, disk_mb=1000, disk_mib=954, tmpdir=<TBD>, slurm_account=DURBIN-SL2-CPU, slurm_partition=icelake-himem, runtime=120

Job 336 has been submitted with SLURM jobid 9801293 (log: /rds/project/rds-p67MZilb2eQ/projects/VGP/heterozygosity/.snakemake/slurm_logs/rule_MAIN_MULTIHETSEP/sharks_HepPer_CM068680.1/9801293.log).

[Fri May 23 10:51:18 2025]
rule BOOTSTRAPPING_MULTIHET_FILE:
    input: sharks/HepPer/MSMC/Output_multihet_filtered_95/CM068678.1_multihet.txt
    output: sharks/HepPer/MSMC/Output_Multihet_Bootstrapped/0/CM068678.1_multihet.txt
    jobid: 1568
    reason: Code has changed since last execution
    wildcards: CLADE=sharks, SPEC_NAME=HepPer, BOOT=0, CHROM=CM068678.1
    resources: mem_mb=100000, mem_mib=95368, disk_mb=1000, disk_mib=954, tmpdir=<TBD>, slurm_account=DURBIN-SL2-CPU, slurm_partition=icelake-himem, runtime=120

Job 1568 has been submitted with SLURM jobid 9801294 (log: /rds/project/rds-p67MZilb2eQ/projects/VGP/heterozygosity/.snakemake/slurm_logs/rule_BOOTSTRAPPING_MULTIHET_FILE/sharks_HepPer_0_CM068678.1/9801294.log).

[Fri May 23 10:51:18 2025]
rule BOOTSTRAPPING_MULTIHET_FILE:
    input: sharks/HepPer/MSMC/Output_multihet_filtered_95/CM068648.1_multihet.txt
    output: sharks/HepPer/MSMC/Output_Multihet_Bootstrapped/4/CM068648.1_multihet.txt
    jobid: 672
    reason: Code has changed since last execution
    wildcards: CLADE=sharks, SPEC_NAME=HepPer, BOOT=4, CHROM=CM068648.1
    resources: mem_mb=100000, mem_mib=95368, disk_mb=1000, disk_mib=954, tmpdir=<TBD>, slurm_account=DURBIN-SL2-CPU, slurm_partition=icelake-himem, runtime=120

Job 672 has been submitted with SLURM jobid 9801295 (log: /rds/project/rds-p67MZilb2eQ/projects/VGP/heterozygosity/.snakemake/slurm_logs/rule_BOOTSTRAPPING_MULTIHET_FILE/sharks_HepPer_4_CM068648.1/9801295.log).

[Fri May 23 10:51:19 2025]
rule BOOTSTRAPPING_MULTIHET_FILE:
    input: sharks/HepPer/MSMC/Output_multihet_filtered_95/CM068649.1_multihet.txt
    output: sharks/HepPer/MSMC/Output_Multihet_Bootstrapped/3/CM068649.1_multihet.txt
    jobid: 701
    reason: Code has changed since last execution
    wildcards: CLADE=sharks, SPEC_NAME=HepPer, BOOT=3, CHROM=CM068649.1
    resources: mem_mb=100000, mem_mib=95368, disk_mb=1000, disk_mib=954, tmpdir=<TBD>, slurm_account=DURBIN-SL2-CPU, slurm_partition=icelake-himem, runtime=120

Job 701 has been submitted with SLURM jobid 9801296 (log: /rds/project/rds-p67MZilb2eQ/projects/VGP/heterozygosity/.snakemake/slurm_logs/rule_BOOTSTRAPPING_MULTIHET_FILE/sharks_HepPer_3_CM068649.1/9801296.log).
[Fri May 23 11:06:24 2025]
Finished job 337.
1 of 1388 steps (0.1%) done
Select jobs to execute...
Execute 1 jobs...

[Fri May 23 11:06:25 2025]
rule BOOTSTRAPPING_MULTIHET_FILE:
    input: sharks/HepPer/MSMC/Output_multihet_filtered_95/CM068663.1_multihet.txt
    output: sharks/HepPer/MSMC/Output_Multihet_Bootstrapped/20/CM068663.1_multihet.txt
    jobid: 1138
    reason: Missing output files: sharks/HepPer/MSMC/Output_Multihet_Bootstrapped/20/CM068663.1_multihet.txt; Code has changed since last execution
    wildcards: CLADE=sharks, SPEC_NAME=HepPer, BOOT=20, CHROM=CM068663.1
    resources: mem_mb=100000, mem_mib=95368, disk_mb=1000, disk_mib=954, tmpdir=<TBD>, slurm_account=DURBIN-SL2-CPU, slurm_partition=icelake-himem, runtime=120

Job 1138 has been submitted with SLURM jobid 9801550 (log: /rds/project/rds-p67MZilb2eQ/projects/VGP/heterozygosity/.snakemake/slurm_logs/rule_BOOTSTRAPPING_MULTIHET_FILE/sharks_HepPer_20_CM068663.1/9801550.log).
