host: login-p-3
Building DAG of jobs...
Using shell: /usr/bin/bash
Provided cores: 56
Rules claiming more threads will be scaled down.
Job stats:
job                 count
----------------  -------
PLOT_HET_PER_CHR        1
all                     1
total                   2

Select jobs to execute...
Execute 1 jobs...

[Thu Apr 24 11:34:05 2025]
localrule PLOT_HET_PER_CHR:
    input: sharks/HepPer/HepPer_Het_Compiled.tsv
    output: sharks/HepPer/20250422_HepPer_CM068682.1_Het_Map.svg
    jobid: 293
    reason: Missing output files: sharks/HepPer/20250422_HepPer_CM068682.1_Het_Map.svg
    wildcards: CLADE=sharks, SPEC_NAME=HepPer, TODAY_DATE=20250422, CHR=CM068682.1
    resources: tmpdir=/tmp

Waiting at most 480 seconds for missing files:
sharks/HepPer/20250422_HepPer_CM068682.1_Het_Map.svg (missing locally)
