host: login-q-1
Building DAG of jobs...
MissingInputException in rule all in file /rds/project/rds-p67MZilb2eQ/projects/VGP/heterozygosity/Snakefile, line 97:
Missing input files for rule all:
    affected files:
        sharks/HemOce/NC_083404.1.recode.vcf
        sharks/HemOce/NC_083405.1.recode.vcf
        sharks/HemOce/NC_083436.1.recode.vcf
        sharks/HemOce/NC_083442.1.recode.vcf
        sharks/HemOce/NC_083444.1.recode.vcf
        sharks/HemOce/NC_083432.1.recode.vcf
        sharks/HemOce/NC_083417.1.recode.vcf
        sharks/HemOce/NC_083425.1.recode.vcf
        sharks/HemOce/NC_083415.1.recode.vcf
        sharks/HemOce/NC_083443.1.recode.vcf
        sharks/HemOce/NC_083412.1.recode.vcf
        sharks/HemOce/NC_083440.1.recode.vcf
        sharks/HemOce/NC_083408.1.recode.vcf
        sharks/HemOce/NC_083409.1.recode.vcf
        sharks/HemOce/NC_083414.1.recode.vcf
        sharks/HemOce/NC_083445.1.recode.vcf
        sharks/HemOce/NC_083438.1.recode.vcf
        sharks/HemOce/NC_083437.1.recode.vcf
        sharks/HemOce/NC_083416.1.recode.vcf
        sharks/HemOce/NC_083439.1.recode.vcf
        sharks/HemOce/NC_083441.1.recode.vcf
        sharks/HemOce/NC_083413.1.recode.vcf
        sharks/HemOce/NC_083411.1.recode.vcf
        sharks/HemOce/NC_083446.1.recode.vcf
        sharks/HemOce/NC_083410.1.recode.vcf
        sharks/HemOce/NC_083434.1.recode.vcf
        sharks/HemOce/NC_083433.1.recode.vcf
        sharks/HemOce/NC_083406.1.recode.vcf
