host: login-p-1
Building DAG of jobs...
Using shell: /usr/bin/bash
Provided cores: 56
Rules claiming more threads will be scaled down.
Job stats:
job                       count
----------------------  -------
GET_ALN_ONLY_PER_CHROM        6
GET_VAR_ALN_FILE              6
GET_VAR_ONLY_PER_CHROM        6
all                           1
total                        19

Select jobs to execute...
Execute 6 jobs...

[Wed Mar 26 14:29:53 2025]
localrule GET_VAR_ALN_FILE:
    input: amphibians/EleCoq_TEST/20250325_CM069422.1_filtered.paf
    output: amphibians/EleCoq_TEST/temp/20250325_CM069422.1_Aln_Var.txt
    jobid: 22
    reason: Missing output files: amphibians/EleCoq_TEST/temp/20250325_CM069422.1_Aln_Var.txt
    wildcards: CLADE=amphibians, SPEC_NAME=EleCoq_TEST, TODAY_DATE=20250325, CHR=CM069422.1
    resources: tmpdir=/tmp


[Wed Mar 26 14:29:53 2025]
localrule GET_VAR_ALN_FILE:
    input: amphibians/EleCoq_TEST/20250325_CM069421.1_filtered.paf
    output: amphibians/EleCoq_TEST/temp/20250325_CM069421.1_Aln_Var.txt
    jobid: 20
    reason: Missing output files: amphibians/EleCoq_TEST/temp/20250325_CM069421.1_Aln_Var.txt
    wildcards: CLADE=amphibians, SPEC_NAME=EleCoq_TEST, TODAY_DATE=20250325, CHR=CM069421.1
    resources: tmpdir=/tmp


[Wed Mar 26 14:29:53 2025]
localrule GET_VAR_ALN_FILE:
    input: amphibians/EleCoq_TEST/20250325_CM069419.1_filtered.paf
    output: amphibians/EleCoq_TEST/temp/20250325_CM069419.1_Aln_Var.txt
    jobid: 16
    reason: Missing output files: amphibians/EleCoq_TEST/temp/20250325_CM069419.1_Aln_Var.txt
    wildcards: CLADE=amphibians, SPEC_NAME=EleCoq_TEST, TODAY_DATE=20250325, CHR=CM069419.1
    resources: tmpdir=/tmp


[Wed Mar 26 14:29:53 2025]
localrule GET_VAR_ALN_FILE:
    input: amphibians/EleCoq_TEST/20250325_CM069423.1_filtered.paf
    output: amphibians/EleCoq_TEST/temp/20250325_CM069423.1_Aln_Var.txt
    jobid: 24
    reason: Missing output files: amphibians/EleCoq_TEST/temp/20250325_CM069423.1_Aln_Var.txt
    wildcards: CLADE=amphibians, SPEC_NAME=EleCoq_TEST, TODAY_DATE=20250325, CHR=CM069423.1
    resources: tmpdir=/tmp


[Wed Mar 26 14:29:53 2025]
localrule GET_VAR_ALN_FILE:
    input: amphibians/EleCoq_TEST/20250325_CM069418.1_filtered.paf
    output: amphibians/EleCoq_TEST/temp/20250325_CM069418.1_Aln_Var.txt
    jobid: 14
    reason: Missing output files: amphibians/EleCoq_TEST/temp/20250325_CM069418.1_Aln_Var.txt
    wildcards: CLADE=amphibians, SPEC_NAME=EleCoq_TEST, TODAY_DATE=20250325, CHR=CM069418.1
    resources: tmpdir=/tmp


[Wed Mar 26 14:29:53 2025]
localrule GET_VAR_ALN_FILE:
    input: amphibians/EleCoq_TEST/20250325_CM069420.1_filtered.paf
    output: amphibians/EleCoq_TEST/temp/20250325_CM069420.1_Aln_Var.txt
    jobid: 18
    reason: Missing output files: amphibians/EleCoq_TEST/temp/20250325_CM069420.1_Aln_Var.txt
    wildcards: CLADE=amphibians, SPEC_NAME=EleCoq_TEST, TODAY_DATE=20250325, CHR=CM069420.1
    resources: tmpdir=/tmp

[Wed Mar 26 14:29:53 2025]
Finished job 16.
1 of 19 steps (5%) done
Select jobs to execute...
Execute 2 jobs...

[Wed Mar 26 14:29:53 2025]
localrule GET_ALN_ONLY_PER_CHROM:
    input: amphibians/EleCoq_TEST/temp/20250325_CM069419.1_Aln_Var.txt
    output: amphibians/EleCoq_TEST/temp/20250325_CM069419.1_Aln_Only.txt
    jobid: 15
    reason: Missing output files: amphibians/EleCoq_TEST/temp/20250325_CM069419.1_Aln_Only.txt; Input files updated by another job: amphibians/EleCoq_TEST/temp/20250325_CM069419.1_Aln_Var.txt
    wildcards: CLADE=amphibians, SPEC_NAME=EleCoq_TEST, TODAY_DATE=20250325, CHR=CM069419.1
    resources: tmpdir=/tmp


[Wed Mar 26 14:29:53 2025]
localrule GET_VAR_ONLY_PER_CHROM:
    input: amphibians/EleCoq_TEST/temp/20250325_CM069419.1_Aln_Var.txt
    output: amphibians/EleCoq_TEST/temp/20250325_CM069419.1_Var_Only.txt
    jobid: 26
    reason: Missing output files: amphibians/EleCoq_TEST/temp/20250325_CM069419.1_Var_Only.txt; Input files updated by another job: amphibians/EleCoq_TEST/temp/20250325_CM069419.1_Aln_Var.txt
    wildcards: CLADE=amphibians, SPEC_NAME=EleCoq_TEST, TODAY_DATE=20250325, CHR=CM069419.1
    resources: tmpdir=/tmp

[Wed Mar 26 14:29:53 2025]
Finished job 20.
2 of 19 steps (11%) done
Select jobs to execute...
Execute 2 jobs...

[Wed Mar 26 14:29:53 2025]
localrule GET_VAR_ONLY_PER_CHROM:
    input: amphibians/EleCoq_TEST/temp/20250325_CM069421.1_Aln_Var.txt
    output: amphibians/EleCoq_TEST/temp/20250325_CM069421.1_Var_Only.txt
    jobid: 28
    reason: Missing output files: amphibians/EleCoq_TEST/temp/20250325_CM069421.1_Var_Only.txt; Input files updated by another job: amphibians/EleCoq_TEST/temp/20250325_CM069421.1_Aln_Var.txt
    wildcards: CLADE=amphibians, SPEC_NAME=EleCoq_TEST, TODAY_DATE=20250325, CHR=CM069421.1
    resources: tmpdir=/tmp


[Wed Mar 26 14:29:53 2025]
localrule GET_ALN_ONLY_PER_CHROM:
    input: amphibians/EleCoq_TEST/temp/20250325_CM069421.1_Aln_Var.txt
    output: amphibians/EleCoq_TEST/temp/20250325_CM069421.1_Aln_Only.txt
    jobid: 19
    reason: Missing output files: amphibians/EleCoq_TEST/temp/20250325_CM069421.1_Aln_Only.txt; Input files updated by another job: amphibians/EleCoq_TEST/temp/20250325_CM069421.1_Aln_Var.txt
    wildcards: CLADE=amphibians, SPEC_NAME=EleCoq_TEST, TODAY_DATE=20250325, CHR=CM069421.1
    resources: tmpdir=/tmp

[Wed Mar 26 14:29:53 2025]
Finished job 15.
3 of 19 steps (16%) done
[Wed Mar 26 14:29:53 2025]
Finished job 26.
4 of 19 steps (21%) done
[Wed Mar 26 14:29:53 2025]
Finished job 24.
5 of 19 steps (26%) done
[Wed Mar 26 14:29:53 2025]
Finished job 18.
6 of 19 steps (32%) done
Select jobs to execute...
Execute 4 jobs...

[Wed Mar 26 14:29:54 2025]
localrule GET_ALN_ONLY_PER_CHROM:
    input: amphibians/EleCoq_TEST/temp/20250325_CM069423.1_Aln_Var.txt
    output: amphibians/EleCoq_TEST/temp/20250325_CM069423.1_Aln_Only.txt
    jobid: 23
    reason: Missing output files: amphibians/EleCoq_TEST/temp/20250325_CM069423.1_Aln_Only.txt; Input files updated by another job: amphibians/EleCoq_TEST/temp/20250325_CM069423.1_Aln_Var.txt
    wildcards: CLADE=amphibians, SPEC_NAME=EleCoq_TEST, TODAY_DATE=20250325, CHR=CM069423.1
    resources: tmpdir=/tmp


[Wed Mar 26 14:29:54 2025]
localrule GET_VAR_ONLY_PER_CHROM:
    input: amphibians/EleCoq_TEST/temp/20250325_CM069420.1_Aln_Var.txt
    output: amphibians/EleCoq_TEST/temp/20250325_CM069420.1_Var_Only.txt
    jobid: 27
    reason: Missing output files: amphibians/EleCoq_TEST/temp/20250325_CM069420.1_Var_Only.txt; Input files updated by another job: amphibians/EleCoq_TEST/temp/20250325_CM069420.1_Aln_Var.txt
    wildcards: CLADE=amphibians, SPEC_NAME=EleCoq_TEST, TODAY_DATE=20250325, CHR=CM069420.1
    resources: tmpdir=/tmp


[Wed Mar 26 14:29:54 2025]
localrule GET_VAR_ONLY_PER_CHROM:
    input: amphibians/EleCoq_TEST/temp/20250325_CM069423.1_Aln_Var.txt
    output: amphibians/EleCoq_TEST/temp/20250325_CM069423.1_Var_Only.txt
    jobid: 30
    reason: Missing output files: amphibians/EleCoq_TEST/temp/20250325_CM069423.1_Var_Only.txt; Input files updated by another job: amphibians/EleCoq_TEST/temp/20250325_CM069423.1_Aln_Var.txt
    wildcards: CLADE=amphibians, SPEC_NAME=EleCoq_TEST, TODAY_DATE=20250325, CHR=CM069423.1
    resources: tmpdir=/tmp


[Wed Mar 26 14:29:54 2025]
localrule GET_ALN_ONLY_PER_CHROM:
    input: amphibians/EleCoq_TEST/temp/20250325_CM069420.1_Aln_Var.txt
    output: amphibians/EleCoq_TEST/temp/20250325_CM069420.1_Aln_Only.txt
    jobid: 17
    reason: Missing output files: amphibians/EleCoq_TEST/temp/20250325_CM069420.1_Aln_Only.txt; Input files updated by another job: amphibians/EleCoq_TEST/temp/20250325_CM069420.1_Aln_Var.txt
    wildcards: CLADE=amphibians, SPEC_NAME=EleCoq_TEST, TODAY_DATE=20250325, CHR=CM069420.1
    resources: tmpdir=/tmp

[Wed Mar 26 14:29:54 2025]
Finished job 28.
7 of 19 steps (37%) done
[Wed Mar 26 14:29:54 2025]
Finished job 19.
8 of 19 steps (42%) done
[Wed Mar 26 14:29:54 2025]
Finished job 23.
9 of 19 steps (47%) done
[Wed Mar 26 14:29:54 2025]
Finished job 30.
10 of 19 steps (53%) done
[Wed Mar 26 14:29:54 2025]
Finished job 27.
11 of 19 steps (58%) done
[Wed Mar 26 14:29:54 2025]
Finished job 17.
12 of 19 steps (63%) done
[Wed Mar 26 14:29:54 2025]
Finished job 22.
13 of 19 steps (68%) done
Select jobs to execute...
Execute 2 jobs...

[Wed Mar 26 14:29:54 2025]
localrule GET_VAR_ONLY_PER_CHROM:
    input: amphibians/EleCoq_TEST/temp/20250325_CM069422.1_Aln_Var.txt
    output: amphibians/EleCoq_TEST/temp/20250325_CM069422.1_Var_Only.txt
    jobid: 29
    reason: Missing output files: amphibians/EleCoq_TEST/temp/20250325_CM069422.1_Var_Only.txt; Input files updated by another job: amphibians/EleCoq_TEST/temp/20250325_CM069422.1_Aln_Var.txt
    wildcards: CLADE=amphibians, SPEC_NAME=EleCoq_TEST, TODAY_DATE=20250325, CHR=CM069422.1
    resources: tmpdir=/tmp


[Wed Mar 26 14:29:54 2025]
localrule GET_ALN_ONLY_PER_CHROM:
    input: amphibians/EleCoq_TEST/temp/20250325_CM069422.1_Aln_Var.txt
    output: amphibians/EleCoq_TEST/temp/20250325_CM069422.1_Aln_Only.txt
    jobid: 21
    reason: Missing output files: amphibians/EleCoq_TEST/temp/20250325_CM069422.1_Aln_Only.txt; Input files updated by another job: amphibians/EleCoq_TEST/temp/20250325_CM069422.1_Aln_Var.txt
    wildcards: CLADE=amphibians, SPEC_NAME=EleCoq_TEST, TODAY_DATE=20250325, CHR=CM069422.1
    resources: tmpdir=/tmp

[Wed Mar 26 14:29:54 2025]
Finished job 29.
14 of 19 steps (74%) done
[Wed Mar 26 14:29:54 2025]
Finished job 21.
15 of 19 steps (79%) done
[Wed Mar 26 14:29:54 2025]
Finished job 14.
16 of 19 steps (84%) done
Select jobs to execute...
Execute 2 jobs...

[Wed Mar 26 14:29:54 2025]
localrule GET_VAR_ONLY_PER_CHROM:
    input: amphibians/EleCoq_TEST/temp/20250325_CM069418.1_Aln_Var.txt
    output: amphibians/EleCoq_TEST/temp/20250325_CM069418.1_Var_Only.txt
    jobid: 25
    reason: Missing output files: amphibians/EleCoq_TEST/temp/20250325_CM069418.1_Var_Only.txt; Input files updated by another job: amphibians/EleCoq_TEST/temp/20250325_CM069418.1_Aln_Var.txt
    wildcards: CLADE=amphibians, SPEC_NAME=EleCoq_TEST, TODAY_DATE=20250325, CHR=CM069418.1
    resources: tmpdir=/tmp


[Wed Mar 26 14:29:54 2025]
localrule GET_ALN_ONLY_PER_CHROM:
    input: amphibians/EleCoq_TEST/temp/20250325_CM069418.1_Aln_Var.txt
    output: amphibians/EleCoq_TEST/temp/20250325_CM069418.1_Aln_Only.txt
    jobid: 13
    reason: Missing output files: amphibians/EleCoq_TEST/temp/20250325_CM069418.1_Aln_Only.txt; Input files updated by another job: amphibians/EleCoq_TEST/temp/20250325_CM069418.1_Aln_Var.txt
    wildcards: CLADE=amphibians, SPEC_NAME=EleCoq_TEST, TODAY_DATE=20250325, CHR=CM069418.1
    resources: tmpdir=/tmp

[Wed Mar 26 14:29:54 2025]
Finished job 25.
17 of 19 steps (89%) done
[Wed Mar 26 14:29:54 2025]
Finished job 13.
18 of 19 steps (95%) done
Select jobs to execute...
Execute 1 jobs...

[Wed Mar 26 14:29:54 2025]
localrule all:
    input: amphibians/EleCoq_TEST/EleCoq_TEST_FASTGA.paf, amphibians/EleCoq_TEST/20250325_CM069418.1_filtered.paf, amphibians/EleCoq_TEST/20250325_CM069419.1_filtered.paf, amphibians/EleCoq_TEST/20250325_CM069420.1_filtered.paf, amphibians/EleCoq_TEST/20250325_CM069421.1_filtered.paf, amphibians/EleCoq_TEST/20250325_CM069422.1_filtered.paf, amphibians/EleCoq_TEST/20250325_CM069423.1_filtered.paf, amphibians/EleCoq_TEST/temp/20250325_CM069418.1_Aln_Only.txt, amphibians/EleCoq_TEST/temp/20250325_CM069419.1_Aln_Only.txt, amphibians/EleCoq_TEST/temp/20250325_CM069420.1_Aln_Only.txt, amphibians/EleCoq_TEST/temp/20250325_CM069421.1_Aln_Only.txt, amphibians/EleCoq_TEST/temp/20250325_CM069422.1_Aln_Only.txt, amphibians/EleCoq_TEST/temp/20250325_CM069423.1_Aln_Only.txt, amphibians/EleCoq_TEST/temp/20250325_CM069418.1_Var_Only.txt, amphibians/EleCoq_TEST/temp/20250325_CM069419.1_Var_Only.txt, amphibians/EleCoq_TEST/temp/20250325_CM069420.1_Var_Only.txt, amphibians/EleCoq_TEST/temp/20250325_CM069421.1_Var_Only.txt, amphibians/EleCoq_TEST/temp/20250325_CM069422.1_Var_Only.txt, amphibians/EleCoq_TEST/temp/20250325_CM069423.1_Var_Only.txt
    jobid: 0
    reason: Input files updated by another job: amphibians/EleCoq_TEST/temp/20250325_CM069423.1_Var_Only.txt, amphibians/EleCoq_TEST/temp/20250325_CM069423.1_Aln_Only.txt, amphibians/EleCoq_TEST/temp/20250325_CM069420.1_Aln_Only.txt, amphibians/EleCoq_TEST/temp/20250325_CM069418.1_Var_Only.txt, amphibians/EleCoq_TEST/temp/20250325_CM069422.1_Var_Only.txt, amphibians/EleCoq_TEST/temp/20250325_CM069420.1_Var_Only.txt, amphibians/EleCoq_TEST/temp/20250325_CM069419.1_Var_Only.txt, amphibians/EleCoq_TEST/temp/20250325_CM069421.1_Var_Only.txt, amphibians/EleCoq_TEST/temp/20250325_CM069418.1_Aln_Only.txt, amphibians/EleCoq_TEST/temp/20250325_CM069421.1_Aln_Only.txt, amphibians/EleCoq_TEST/temp/20250325_CM069419.1_Aln_Only.txt, amphibians/EleCoq_TEST/temp/20250325_CM069422.1_Aln_Only.txt
    resources: tmpdir=/tmp

[Wed Mar 26 14:29:54 2025]
Finished job 0.
19 of 19 steps (100%) done
Complete log: .snakemake/log/2025-03-26T142953.155879.snakemake.log
