host: login-p-2
Building DAG of jobs...
MissingInputException in rule all in file /rds/project/rds-p67MZilb2eQ/projects/VGP/heterozygosity/Snakefile, line 91:
Missing input files for rule all:
    affected files:
        sharks/HydCol_Test2/temp/20250331_CM068754.1_Var_Only.txt
        sharks/HydCol_Test2/temp/20250331_CM068747.1_Var_Only.txt
        sharks/HydCol_Test2/temp/20250331_CM068774.1_Aln_Only.txt
        sharks/HydCol_Test2/temp/20250331_CM068777.1_Var_Only.txt
        sharks/HydCol_Test2/temp/20250331_CM068751.1_Aln_Only.txt
        sharks/HydCol_Test2/temp/20250331_CM068780.1_Var_Only.txt
        sharks/HydCol_Test2/temp/20250331_CM068756.1_Aln_Only.txt
        sharks/HydCol_Test2/temp/20250331_CM068764.1_Aln_Only.txt
        sharks/HydCol_Test2/temp/20250331_CM068743.1_Aln_Only.txt
        sharks/HydCol_Test2/temp/20250331_CM068754.1_Aln_Only.txt
        sharks/HydCol_Test2/temp/20250331_CM068769.1_Var_Only.txt
        sharks/HydCol_Test2/temp/20250331_CM068770.1_Aln_Only.txt
        sharks/HydCol_Test2/temp/20250331_CM068758.1_Aln_Only.txt
        sharks/HydCol_Test2/temp/20250331_CM068759.1_Aln_Only.txt
        sharks/HydCol_Test2/temp/20250331_CM068743.1_Var_Only.txt
        sharks/HydCol_Test2/temp/20250331_CM068781.1_Var_Only.txt
        sharks/HydCol_Test2/temp/20250331_CM068769.1_Aln_Only.txt
        sharks/HydCol_Test2/temp/20250331_CM068776.1_Aln_Only.txt
        sharks/HydCol_Test2/temp/20250331_CM068763.1_Aln_Only.txt
        sharks/HydCol_Test2/temp/20250331_CM068748.1_Aln_Only.txt
        sharks/HydCol_Test2/temp/HydCol_Test2_Var_Only.txt
        sharks/HydCol_Test2/temp/20250331_CM068761.1_Var_Only.txt
        sharks/HydCol_Test2/temp/20250331_CM068765.1_Var_Only.txt
        sharks/HydCol_Test2/temp/20250331_CM068771.1_Var_Only.txt
        sharks/HydCol_Test2/temp/20250331_CM068750.1_Aln_Only.txt
        sharks/HydCol_Test2/temp/20250331_CM068748.1_Var_Only.txt
        sharks/HydCol_Test2/temp/20250331_CM068751.1_Var_Only.txt
        sharks/HydCol_Test2/temp/20250331_CM068757.1_Var_Only.txt
        sharks/HydCol_Test2/temp/20250331_CM068772.1_Aln_Only.txt
        sharks/HydCol_Test2/temp/20250331_CM068760.1_Aln_Only.txt
        sharks/HydCol_Test2/temp/20250331_CM068752.1_Aln_Only.txt
        sharks/HydCol_Test2/temp/20250331_CM068773.1_Var_Only.txt
        sharks/HydCol_Test2/temp/20250331_CM068756.1_Var_Only.txt
        sharks/HydCol_Test2/temp/20250331_CM068777.1_Aln_Only.txt
        sharks/HydCol_Test2/temp/20250331_CM068770.1_Var_Only.txt
        sharks/HydCol_Test2/temp/20250331_CM068778.1_Var_Only.txt
        sharks/HydCol_Test2/temp/20250331_CM068746.1_Aln_Only.txt
        sharks/HydCol_Test2/temp/20250331_CM068767.1_Aln_Only.txt
        sharks/HydCol_Test2/temp/20250331_CM068749.1_Aln_Only.txt
        sharks/HydCol_Test2/temp/20250331_CM068753.1_Aln_Only.txt
        sharks/HydCol_Test2/temp/20250331_CM068768.1_Var_Only.txt
        sharks/HydCol_Test2/temp/20250331_CM068752.1_Var_Only.txt
        sharks/HydCol_Test2/temp/20250331_CM068742.1_Var_Only.txt
        sharks/HydCol_Test2/temp/20250331_CM068747.1_Aln_Only.txt
        sharks/HydCol_Test2/temp/20250331_CM068762.1_Var_Only.txt
        sharks/HydCol_Test2/temp/20250331_CM068775.1_Var_Only.txt
        sharks/HydCol_Test2/temp/20250331_CM068755.1_Aln_Only.txt
        sharks/HydCol_Test2/temp/20250331_CM068764.1_Var_Only.txt
        sharks/HydCol_Test2/temp/20250331_CM068745.1_Var_Only.txt
        sharks/HydCol_Test2/temp/20250331_CM068776.1_Var_Only.txt
        sharks/HydCol_Test2/temp/20250331_CM068773.1_Aln_Only.txt
        sharks/HydCol_Test2/temp/20250331_CM068781.1_Aln_Only.txt
        sharks/HydCol_Test2/temp/20250331_CM068749.1_Var_Only.txt
        sharks/HydCol_Test2/temp/20250331_CM068755.1_Var_Only.txt
        sharks/HydCol_Test2/temp/20250331_CM068759.1_Var_Only.txt
        sharks/HydCol_Test2/temp/20250331_CM068745.1_Aln_Only.txt
        sharks/HydCol_Test2/temp/20250331_CM068778.1_Aln_Only.txt
        sharks/HydCol_Test2/temp/20250331_CM068750.1_Var_Only.txt
        sharks/HydCol_Test2/temp/20250331_CM068766.1_Var_Only.txt
        sharks/HydCol_Test2/temp/20250331_CM068742.1_Aln_Only.txt
        sharks/HydCol_Test2/temp/20250331_CM068763.1_Var_Only.txt
        sharks/HydCol_Test2/temp/20250331_CM068766.1_Aln_Only.txt
        sharks/HydCol_Test2/temp/20250331_CM068744.1_Aln_Only.txt
        sharks/HydCol_Test2/temp/20250331_CM068758.1_Var_Only.txt
        sharks/HydCol_Test2/temp/20250331_CM068753.1_Var_Only.txt
        sharks/HydCol_Test2/temp/20250331_CM068762.1_Aln_Only.txt
        sharks/HydCol_Test2/temp/20250331_CM068779.1_Var_Only.txt
        sharks/HydCol_Test2/temp/20250331_CM068772.1_Var_Only.txt
        sharks/HydCol_Test2/temp/20250331_CM068775.1_Aln_Only.txt
        sharks/HydCol_Test2/temp/20250331_CM068774.1_Var_Only.txt
        sharks/HydCol_Test2/temp/20250331_CM068767.1_Var_Only.txt
        sharks/HydCol_Test2/temp/20250331_CM068780.1_Aln_Only.txt
        sharks/HydCol_Test2/temp/20250331_CM068744.1_Var_Only.txt
        sharks/HydCol_Test2/temp/20250331_CM068760.1_Var_Only.txt
        sharks/HydCol_Test2/temp/20250331_CM068765.1_Aln_Only.txt
        sharks/HydCol_Test2/temp/20250331_CM068746.1_Var_Only.txt
        sharks/HydCol_Test2/temp/20250331_CM068761.1_Aln_Only.txt
        sharks/HydCol_Test2/temp/20250331_CM068768.1_Aln_Only.txt
        sharks/HydCol_Test2/temp/20250331_CM068779.1_Aln_Only.txt
        sharks/HydCol_Test2/temp/20250331_CM068771.1_Aln_Only.txt
        sharks/HydCol_Test2/temp/20250331_CM068757.1_Aln_Only.txt
