host: login-q-4
Building DAG of jobs...
SLURM run ID: 8e7129db-ac47-4443-8a9c-2ec8114b555a
Using shell: /usr/bin/bash
Provided remote nodes: 30
Job stats:
job                            count
---------------------------  -------
BOOTSTRAPPING_MULTIHET_FILE     1350
MAIN_MULTIHETSEP                  36
TABIX                              7
all                                1
total                           1394

Select jobs to execute...
Execute 30 jobs...

[Fri May 23 11:34:38 2025]
rule BOOTSTRAPPING_MULTIHET_FILE:
    input: sharks/HepPer/MSMC/Output_multihet_filtered_95/CM068677.1_multihet.txt
    output: sharks/HepPer/MSMC/Output_Multihet_Bootstrapped/3/CM068677.1_multihet.txt
    jobid: 1631
    reason: Code has changed since last execution
    wildcards: CLADE=sharks, SPEC_NAME=HepPer, BOOT=3, CHROM=CM068677.1
    resources: mem_mb=100000, mem_mib=95368, disk_mb=1000, disk_mib=954, tmpdir=<TBD>, slurm_account=DURBIN-SL2-CPU, slurm_partition=cclake-himem, runtime=120

Job 1631 has been submitted with SLURM jobid 9802578 (log: /rds/project/rds-p67MZilb2eQ/projects/VGP/heterozygosity/.snakemake/slurm_logs/rule_BOOTSTRAPPING_MULTIHET_FILE/sharks_HepPer_3_CM068677.1/9802578.log).

[Fri May 23 11:34:38 2025]
rule BOOTSTRAPPING_MULTIHET_FILE:
    input: sharks/HepPer/MSMC/Output_multihet_filtered_95/CM068648.1_multihet.txt
    output: sharks/HepPer/MSMC/Output_Multihet_Bootstrapped/20/CM068648.1_multihet.txt
    jobid: 778
    reason: Code has changed since last execution
    wildcards: CLADE=sharks, SPEC_NAME=HepPer, BOOT=20, CHROM=CM068648.1
    resources: mem_mb=100000, mem_mib=95368, disk_mb=1000, disk_mib=954, tmpdir=<TBD>, slurm_account=DURBIN-SL2-CPU, slurm_partition=cclake-himem, runtime=120

Job 778 has been submitted with SLURM jobid 9802579 (log: /rds/project/rds-p67MZilb2eQ/projects/VGP/heterozygosity/.snakemake/slurm_logs/rule_BOOTSTRAPPING_MULTIHET_FILE/sharks_HepPer_20_CM068648.1/9802579.log).

[Fri May 23 11:34:38 2025]
rule BOOTSTRAPPING_MULTIHET_FILE:
    input: sharks/HepPer/MSMC/Output_multihet_filtered_95/CM068663.1_multihet.txt
    output: sharks/HepPer/MSMC/Output_Multihet_Bootstrapped/18/CM068663.1_multihet.txt
    jobid: 1226
    reason: Missing output files: sharks/HepPer/MSMC/Output_Multihet_Bootstrapped/18/CM068663.1_multihet.txt; Code has changed since last execution
    wildcards: CLADE=sharks, SPEC_NAME=HepPer, BOOT=18, CHROM=CM068663.1
    resources: mem_mb=100000, mem_mib=95368, disk_mb=1000, disk_mib=954, tmpdir=<TBD>, slurm_account=DURBIN-SL2-CPU, slurm_partition=cclake-himem, runtime=120

Job 1226 has been submitted with SLURM jobid 9802581 (log: /rds/project/rds-p67MZilb2eQ/projects/VGP/heterozygosity/.snakemake/slurm_logs/rule_BOOTSTRAPPING_MULTIHET_FILE/sharks_HepPer_18_CM068663.1/9802581.log).

[Fri May 23 11:34:40 2025]
rule BOOTSTRAPPING_MULTIHET_FILE:
    input: sharks/HepPer/MSMC/Output_multihet_filtered_95/CM068648.1_multihet.txt
    output: sharks/HepPer/MSMC/Output_Multihet_Bootstrapped/13/CM068648.1_multihet.txt
    jobid: 771
    reason: Code has changed since last execution
    wildcards: CLADE=sharks, SPEC_NAME=HepPer, BOOT=13, CHROM=CM068648.1
    resources: mem_mb=100000, mem_mib=95368, disk_mb=1000, disk_mib=954, tmpdir=<TBD>, slurm_account=DURBIN-SL2-CPU, slurm_partition=cclake-himem, runtime=120

Job 771 has been submitted with SLURM jobid 9802584 (log: /rds/project/rds-p67MZilb2eQ/projects/VGP/heterozygosity/.snakemake/slurm_logs/rule_BOOTSTRAPPING_MULTIHET_FILE/sharks_HepPer_13_CM068648.1/9802584.log).

[Fri May 23 11:34:40 2025]
rule BOOTSTRAPPING_MULTIHET_FILE:
    input: sharks/HepPer/MSMC/Output_multihet_filtered_95/CM068663.1_multihet.txt
    output: sharks/HepPer/MSMC/Output_Multihet_Bootstrapped/11/CM068663.1_multihet.txt
    jobid: 1219
    reason: Missing output files: sharks/HepPer/MSMC/Output_Multihet_Bootstrapped/11/CM068663.1_multihet.txt; Code has changed since last execution
    wildcards: CLADE=sharks, SPEC_NAME=HepPer, BOOT=11, CHROM=CM068663.1
    resources: mem_mb=100000, mem_mib=95368, disk_mb=1000, disk_mib=954, tmpdir=<TBD>, slurm_account=DURBIN-SL2-CPU, slurm_partition=cclake-himem, runtime=120

Job 1219 has been submitted with SLURM jobid 9802586 (log: /rds/project/rds-p67MZilb2eQ/projects/VGP/heterozygosity/.snakemake/slurm_logs/rule_BOOTSTRAPPING_MULTIHET_FILE/sharks_HepPer_11_CM068663.1/9802586.log).

[Fri May 23 11:34:43 2025]
rule BOOTSTRAPPING_MULTIHET_FILE:
    input: sharks/HepPer/MSMC/Output_multihet_filtered_95/CM068648.1_multihet.txt
    output: sharks/HepPer/MSMC/Output_Multihet_Bootstrapped/21/CM068648.1_multihet.txt
    jobid: 779
    reason: Code has changed since last execution
    wildcards: CLADE=sharks, SPEC_NAME=HepPer, BOOT=21, CHROM=CM068648.1
    resources: mem_mb=100000, mem_mib=95368, disk_mb=1000, disk_mib=954, tmpdir=<TBD>, slurm_account=DURBIN-SL2-CPU, slurm_partition=cclake-himem, runtime=120

Job 779 has been submitted with SLURM jobid 9802591 (log: /rds/project/rds-p67MZilb2eQ/projects/VGP/heterozygosity/.snakemake/slurm_logs/rule_BOOTSTRAPPING_MULTIHET_FILE/sharks_HepPer_21_CM068648.1/9802591.log).

[Fri May 23 11:34:48 2025]
rule BOOTSTRAPPING_MULTIHET_FILE:
    input: sharks/HepPer/MSMC/Output_multihet_filtered_95/CM068663.1_multihet.txt
    output: sharks/HepPer/MSMC/Output_Multihet_Bootstrapped/19/CM068663.1_multihet.txt
    jobid: 1227
    reason: Missing output files: sharks/HepPer/MSMC/Output_Multihet_Bootstrapped/19/CM068663.1_multihet.txt; Code has changed since last execution
    wildcards: CLADE=sharks, SPEC_NAME=HepPer, BOOT=19, CHROM=CM068663.1
    resources: mem_mb=100000, mem_mib=95368, disk_mb=1000, disk_mib=954, tmpdir=<TBD>, slurm_account=DURBIN-SL2-CPU, slurm_partition=cclake-himem, runtime=120

Job 1227 has been submitted with SLURM jobid 9802594 (log: /rds/project/rds-p67MZilb2eQ/projects/VGP/heterozygosity/.snakemake/slurm_logs/rule_BOOTSTRAPPING_MULTIHET_FILE/sharks_HepPer_19_CM068663.1/9802594.log).

[Fri May 23 11:34:50 2025]
rule BOOTSTRAPPING_MULTIHET_FILE:
    input: sharks/HepPer/MSMC/Output_multihet_filtered_95/CM068663.1_multihet.txt
    output: sharks/HepPer/MSMC/Output_Multihet_Bootstrapped/12/CM068663.1_multihet.txt
    jobid: 1220
    reason: Missing output files: sharks/HepPer/MSMC/Output_Multihet_Bootstrapped/12/CM068663.1_multihet.txt; Code has changed since last execution
    wildcards: CLADE=sharks, SPEC_NAME=HepPer, BOOT=12, CHROM=CM068663.1
    resources: mem_mb=100000, mem_mib=95368, disk_mb=1000, disk_mib=954, tmpdir=<TBD>, slurm_account=DURBIN-SL2-CPU, slurm_partition=cclake-himem, runtime=120

Job 1220 has been submitted with SLURM jobid 9802597 (log: /rds/project/rds-p67MZilb2eQ/projects/VGP/heterozygosity/.snakemake/slurm_logs/rule_BOOTSTRAPPING_MULTIHET_FILE/sharks_HepPer_12_CM068663.1/9802597.log).

[Fri May 23 11:34:51 2025]
rule BOOTSTRAPPING_MULTIHET_FILE:
    input: sharks/HepPer/MSMC/Output_multihet_filtered_95/CM068648.1_multihet.txt
    output: sharks/HepPer/MSMC/Output_Multihet_Bootstrapped/14/CM068648.1_multihet.txt
    jobid: 772
    reason: Code has changed since last execution
    wildcards: CLADE=sharks, SPEC_NAME=HepPer, BOOT=14, CHROM=CM068648.1
    resources: mem_mb=100000, mem_mib=95368, disk_mb=1000, disk_mib=954, tmpdir=<TBD>, slurm_account=DURBIN-SL2-CPU, slurm_partition=cclake-himem, runtime=120

Job 772 has been submitted with SLURM jobid 9802600 (log: /rds/project/rds-p67MZilb2eQ/projects/VGP/heterozygosity/.snakemake/slurm_logs/rule_BOOTSTRAPPING_MULTIHET_FILE/sharks_HepPer_14_CM068648.1/9802600.log).

[Fri May 23 11:34:53 2025]
rule BOOTSTRAPPING_MULTIHET_FILE:
    input: sharks/HepPer/MSMC/Output_multihet_filtered_95/CM068663.1_multihet.txt
    output: sharks/HepPer/MSMC/Output_Multihet_Bootstrapped/5/CM068663.1_multihet.txt
    jobid: 1213
    reason: Missing output files: sharks/HepPer/MSMC/Output_Multihet_Bootstrapped/5/CM068663.1_multihet.txt; Code has changed since last execution
    wildcards: CLADE=sharks, SPEC_NAME=HepPer, BOOT=5, CHROM=CM068663.1
    resources: mem_mb=100000, mem_mib=95368, disk_mb=1000, disk_mib=954, tmpdir=<TBD>, slurm_account=DURBIN-SL2-CPU, slurm_partition=cclake-himem, runtime=120

Job 1213 has been submitted with SLURM jobid 9802603 (log: /rds/project/rds-p67MZilb2eQ/projects/VGP/heterozygosity/.snakemake/slurm_logs/rule_BOOTSTRAPPING_MULTIHET_FILE/sharks_HepPer_5_CM068663.1/9802603.log).

[Fri May 23 11:34:55 2025]
rule BOOTSTRAPPING_MULTIHET_FILE:
    input: sharks/HepPer/MSMC/Output_multihet_filtered_95/CM068651.1_multihet.txt
    output: sharks/HepPer/MSMC/Output_Multihet_Bootstrapped/29/CM068651.1_multihet.txt
    jobid: 877
    reason: Forced execution
    wildcards: CLADE=sharks, SPEC_NAME=HepPer, BOOT=29, CHROM=CM068651.1
    resources: mem_mb=100000, mem_mib=95368, disk_mb=1000, disk_mib=954, tmpdir=<TBD>, slurm_account=DURBIN-SL2-CPU, slurm_partition=cclake-himem, runtime=120

Job 877 has been submitted with SLURM jobid 9802606 (log: /rds/project/rds-p67MZilb2eQ/projects/VGP/heterozygosity/.snakemake/slurm_logs/rule_BOOTSTRAPPING_MULTIHET_FILE/sharks_HepPer_29_CM068651.1/9802606.log).

[Fri May 23 11:34:56 2025]
rule BOOTSTRAPPING_MULTIHET_FILE:
    input: sharks/HepPer/MSMC/Output_multihet_filtered_95/CM068648.1_multihet.txt
    output: sharks/HepPer/MSMC/Output_Multihet_Bootstrapped/22/CM068648.1_multihet.txt
    jobid: 780
    reason: Code has changed since last execution
    wildcards: CLADE=sharks, SPEC_NAME=HepPer, BOOT=22, CHROM=CM068648.1
    resources: mem_mb=100000, mem_mib=95368, disk_mb=1000, disk_mib=954, tmpdir=<TBD>, slurm_account=DURBIN-SL2-CPU, slurm_partition=cclake-himem, runtime=120

Job 780 has been submitted with SLURM jobid 9802609 (log: /rds/project/rds-p67MZilb2eQ/projects/VGP/heterozygosity/.snakemake/slurm_logs/rule_BOOTSTRAPPING_MULTIHET_FILE/sharks_HepPer_22_CM068648.1/9802609.log).

[Fri May 23 11:34:56 2025]
rule BOOTSTRAPPING_MULTIHET_FILE:
    input: sharks/HepPer/MSMC/Output_multihet_filtered_95/CM068663.1_multihet.txt
    output: sharks/HepPer/MSMC/Output_Multihet_Bootstrapped/20/CM068663.1_multihet.txt
    jobid: 1228
    reason: Missing output files: sharks/HepPer/MSMC/Output_Multihet_Bootstrapped/20/CM068663.1_multihet.txt; Code has changed since last execution
    wildcards: CLADE=sharks, SPEC_NAME=HepPer, BOOT=20, CHROM=CM068663.1
    resources: mem_mb=100000, mem_mib=95368, disk_mb=1000, disk_mib=954, tmpdir=<TBD>, slurm_account=DURBIN-SL2-CPU, slurm_partition=cclake-himem, runtime=120

Job 1228 has been submitted with SLURM jobid 9802612 (log: /rds/project/rds-p67MZilb2eQ/projects/VGP/heterozygosity/.snakemake/slurm_logs/rule_BOOTSTRAPPING_MULTIHET_FILE/sharks_HepPer_20_CM068663.1/9802612.log).

[Fri May 23 11:34:58 2025]
rule BOOTSTRAPPING_MULTIHET_FILE:
    input: sharks/HepPer/MSMC/Output_multihet_filtered_95/CM068648.1_multihet.txt
    output: sharks/HepPer/MSMC/Output_Multihet_Bootstrapped/15/CM068648.1_multihet.txt
    jobid: 773
    reason: Code has changed since last execution
    wildcards: CLADE=sharks, SPEC_NAME=HepPer, BOOT=15, CHROM=CM068648.1
    resources: mem_mb=100000, mem_mib=95368, disk_mb=1000, disk_mib=954, tmpdir=<TBD>, slurm_account=DURBIN-SL2-CPU, slurm_partition=cclake-himem, runtime=120

Job 773 has been submitted with SLURM jobid 9802613 (log: /rds/project/rds-p67MZilb2eQ/projects/VGP/heterozygosity/.snakemake/slurm_logs/rule_BOOTSTRAPPING_MULTIHET_FILE/sharks_HepPer_15_CM068648.1/9802613.log).

[Fri May 23 11:35:01 2025]
rule BOOTSTRAPPING_MULTIHET_FILE:
    input: sharks/HepPer/MSMC/Output_multihet_filtered_95/CM068663.1_multihet.txt
    output: sharks/HepPer/MSMC/Output_Multihet_Bootstrapped/13/CM068663.1_multihet.txt
    jobid: 1221
    reason: Missing output files: sharks/HepPer/MSMC/Output_Multihet_Bootstrapped/13/CM068663.1_multihet.txt; Code has changed since last execution
    wildcards: CLADE=sharks, SPEC_NAME=HepPer, BOOT=13, CHROM=CM068663.1
    resources: mem_mb=100000, mem_mib=95368, disk_mb=1000, disk_mib=954, tmpdir=<TBD>, slurm_account=DURBIN-SL2-CPU, slurm_partition=cclake-himem, runtime=120

Job 1221 has been submitted with SLURM jobid 9802617 (log: /rds/project/rds-p67MZilb2eQ/projects/VGP/heterozygosity/.snakemake/slurm_logs/rule_BOOTSTRAPPING_MULTIHET_FILE/sharks_HepPer_13_CM068663.1/9802617.log).

[Fri May 23 11:35:03 2025]
rule BOOTSTRAPPING_MULTIHET_FILE:
    input: sharks/HepPer/MSMC/Output_multihet_filtered_95/CM068648.1_multihet.txt
    output: sharks/HepPer/MSMC/Output_Multihet_Bootstrapped/8/CM068648.1_multihet.txt
    jobid: 766
    reason: Forced execution
    wildcards: CLADE=sharks, SPEC_NAME=HepPer, BOOT=8, CHROM=CM068648.1
    resources: mem_mb=100000, mem_mib=95368, disk_mb=1000, disk_mib=954, tmpdir=<TBD>, slurm_account=DURBIN-SL2-CPU, slurm_partition=cclake-himem, runtime=120

Job 766 has been submitted with SLURM jobid 9802621 (log: /rds/project/rds-p67MZilb2eQ/projects/VGP/heterozygosity/.snakemake/slurm_logs/rule_BOOTSTRAPPING_MULTIHET_FILE/sharks_HepPer_8_CM068648.1/9802621.log).

[Fri May 23 11:35:06 2025]
rule BOOTSTRAPPING_MULTIHET_FILE:
    input: sharks/HepPer/MSMC/Output_multihet_filtered_95/CM068663.1_multihet.txt
    output: sharks/HepPer/MSMC/Output_Multihet_Bootstrapped/6/CM068663.1_multihet.txt
    jobid: 1214
    reason: Missing output files: sharks/HepPer/MSMC/Output_Multihet_Bootstrapped/6/CM068663.1_multihet.txt; Code has changed since last execution
    wildcards: CLADE=sharks, SPEC_NAME=HepPer, BOOT=6, CHROM=CM068663.1
    resources: mem_mb=100000, mem_mib=95368, disk_mb=1000, disk_mib=954, tmpdir=<TBD>, slurm_account=DURBIN-SL2-CPU, slurm_partition=cclake-himem, runtime=120

Job 1214 has been submitted with SLURM jobid 9802623 (log: /rds/project/rds-p67MZilb2eQ/projects/VGP/heterozygosity/.snakemake/slurm_logs/rule_BOOTSTRAPPING_MULTIHET_FILE/sharks_HepPer_6_CM068663.1/9802623.log).

[Fri May 23 11:35:06 2025]
rule BOOTSTRAPPING_MULTIHET_FILE:
    input: sharks/HepPer/MSMC/Output_multihet_filtered_95/CM068648.1_multihet.txt
    output: sharks/HepPer/MSMC/Output_Multihet_Bootstrapped/23/CM068648.1_multihet.txt
    jobid: 781
    reason: Code has changed since last execution
    wildcards: CLADE=sharks, SPEC_NAME=HepPer, BOOT=23, CHROM=CM068648.1
    resources: mem_mb=100000, mem_mib=95368, disk_mb=1000, disk_mib=954, tmpdir=<TBD>, slurm_account=DURBIN-SL2-CPU, slurm_partition=cclake-himem, runtime=120

Job 781 has been submitted with SLURM jobid 9802627 (log: /rds/project/rds-p67MZilb2eQ/projects/VGP/heterozygosity/.snakemake/slurm_logs/rule_BOOTSTRAPPING_MULTIHET_FILE/sharks_HepPer_23_CM068648.1/9802627.log).

[Fri May 23 11:35:08 2025]
rule BOOTSTRAPPING_MULTIHET_FILE:
    input: sharks/HepPer/MSMC/Output_multihet_filtered_95/CM068663.1_multihet.txt
    output: sharks/HepPer/MSMC/Output_Multihet_Bootstrapped/21/CM068663.1_multihet.txt
    jobid: 1229
    reason: Missing output files: sharks/HepPer/MSMC/Output_Multihet_Bootstrapped/21/CM068663.1_multihet.txt; Code has changed since last execution
    wildcards: CLADE=sharks, SPEC_NAME=HepPer, BOOT=21, CHROM=CM068663.1
    resources: mem_mb=100000, mem_mib=95368, disk_mb=1000, disk_mib=954, tmpdir=<TBD>, slurm_account=DURBIN-SL2-CPU, slurm_partition=cclake-himem, runtime=120

Job 1229 has been submitted with SLURM jobid 9802629 (log: /rds/project/rds-p67MZilb2eQ/projects/VGP/heterozygosity/.snakemake/slurm_logs/rule_BOOTSTRAPPING_MULTIHET_FILE/sharks_HepPer_21_CM068663.1/9802629.log).

[Fri May 23 11:35:11 2025]
rule BOOTSTRAPPING_MULTIHET_FILE:
    input: sharks/HepPer/MSMC/Output_multihet_filtered_95/CM068648.1_multihet.txt
    output: sharks/HepPer/MSMC/Output_Multihet_Bootstrapped/9/CM068648.1_multihet.txt
    jobid: 767
    reason: Code has changed since last execution
    wildcards: CLADE=sharks, SPEC_NAME=HepPer, BOOT=9, CHROM=CM068648.1
    resources: mem_mb=100000, mem_mib=95368, disk_mb=1000, disk_mib=954, tmpdir=<TBD>, slurm_account=DURBIN-SL2-CPU, slurm_partition=cclake-himem, runtime=120

Job 767 has been submitted with SLURM jobid 9802633 (log: /rds/project/rds-p67MZilb2eQ/projects/VGP/heterozygosity/.snakemake/slurm_logs/rule_BOOTSTRAPPING_MULTIHET_FILE/sharks_HepPer_9_CM068648.1/9802633.log).

[Fri May 23 11:35:14 2025]
rule BOOTSTRAPPING_MULTIHET_FILE:
    input: sharks/HepPer/MSMC/Output_multihet_filtered_95/CM068663.1_multihet.txt
    output: sharks/HepPer/MSMC/Output_Multihet_Bootstrapped/7/CM068663.1_multihet.txt
    jobid: 1215
    reason: Missing output files: sharks/HepPer/MSMC/Output_Multihet_Bootstrapped/7/CM068663.1_multihet.txt; Code has changed since last execution
    wildcards: CLADE=sharks, SPEC_NAME=HepPer, BOOT=7, CHROM=CM068663.1
    resources: mem_mb=100000, mem_mib=95368, disk_mb=1000, disk_mib=954, tmpdir=<TBD>, slurm_account=DURBIN-SL2-CPU, slurm_partition=cclake-himem, runtime=120

Job 1215 has been submitted with SLURM jobid 9802639 (log: /rds/project/rds-p67MZilb2eQ/projects/VGP/heterozygosity/.snakemake/slurm_logs/rule_BOOTSTRAPPING_MULTIHET_FILE/sharks_HepPer_7_CM068663.1/9802639.log).

[Fri May 23 11:35:17 2025]
rule BOOTSTRAPPING_MULTIHET_FILE:
    input: sharks/HepPer/MSMC/Output_multihet_filtered_95/CM068648.1_multihet.txt
    output: sharks/HepPer/MSMC/Output_Multihet_Bootstrapped/24/CM068648.1_multihet.txt
    jobid: 782
    reason: Code has changed since last execution
    wildcards: CLADE=sharks, SPEC_NAME=HepPer, BOOT=24, CHROM=CM068648.1
    resources: mem_mb=100000, mem_mib=95368, disk_mb=1000, disk_mib=954, tmpdir=<TBD>, slurm_account=DURBIN-SL2-CPU, slurm_partition=cclake-himem, runtime=120

