host: login-p-3
Building DAG of jobs...
SLURM run ID: 2026401b-9a1a-4e9a-b78f-154e42b61f4e
Using shell: /usr/bin/bash
Provided remote nodes: 30
Job stats:
job                 count
----------------  -------
PLOT_MSMC               1
RUN_PRIMARY_MSMC        1
all                     1
total                   3

Select jobs to execute...
Execute 1 jobs...

[Fri May 23 16:18:50 2025]
rule RUN_PRIMARY_MSMC:
    input: sharks/HydCol/MSMC/Output_multihet_filtered_95/CM068742.1_multihet.txt, sharks/HydCol/MSMC/Output_multihet_filtered_95/CM068743.1_multihet.txt, sharks/HydCol/MSMC/Output_multihet_filtered_95/CM068744.1_multihet.txt, sharks/HydCol/MSMC/Output_multihet_filtered_95/CM068745.1_multihet.txt, sharks/HydCol/MSMC/Output_multihet_filtered_95/CM068746.1_multihet.txt, sharks/HydCol/MSMC/Output_multihet_filtered_95/CM068747.1_multihet.txt, sharks/HydCol/MSMC/Output_multihet_filtered_95/CM068748.1_multihet.txt, sharks/HydCol/MSMC/Output_multihet_filtered_95/CM068749.1_multihet.txt, sharks/HydCol/MSMC/Output_multihet_filtered_95/CM068750.1_multihet.txt, sharks/HydCol/MSMC/Output_multihet_filtered_95/CM068751.1_multihet.txt, sharks/HydCol/MSMC/Output_multihet_filtered_95/CM068752.1_multihet.txt, sharks/HydCol/MSMC/Output_multihet_filtered_95/CM068753.1_multihet.txt, sharks/HydCol/MSMC/Output_multihet_filtered_95/CM068754.1_multihet.txt, sharks/HydCol/MSMC/Output_multihet_filtered_95/CM068755.1_multihet.txt, sharks/HydCol/MSMC/Output_multihet_filtered_95/CM068756.1_multihet.txt, sharks/HydCol/MSMC/Output_multihet_filtered_95/CM068757.1_multihet.txt, sharks/HydCol/MSMC/Output_multihet_filtered_95/CM068758.1_multihet.txt, sharks/HydCol/MSMC/Output_multihet_filtered_95/CM068759.1_multihet.txt, sharks/HydCol/MSMC/Output_multihet_filtered_95/CM068760.1_multihet.txt, sharks/HydCol/MSMC/Output_multihet_filtered_95/CM068761.1_multihet.txt, sharks/HydCol/MSMC/Output_multihet_filtered_95/CM068762.1_multihet.txt, sharks/HydCol/MSMC/Output_multihet_filtered_95/CM068763.1_multihet.txt, sharks/HydCol/MSMC/Output_multihet_filtered_95/CM068764.1_multihet.txt, sharks/HydCol/MSMC/Output_multihet_filtered_95/CM068765.1_multihet.txt, sharks/HydCol/MSMC/Output_multihet_filtered_95/CM068766.1_multihet.txt, sharks/HydCol/MSMC/Output_multihet_filtered_95/CM068767.1_multihet.txt, sharks/HydCol/MSMC/Output_multihet_filtered_95/CM068768.1_multihet.txt, sharks/HydCol/MSMC/Output_multihet_filtered_95/CM068769.1_multihet.txt, sharks/HydCol/MSMC/Output_multihet_filtered_95/CM068770.1_multihet.txt, sharks/HydCol/MSMC/Output_multihet_filtered_95/CM068771.1_multihet.txt, sharks/HydCol/MSMC/Output_multihet_filtered_95/CM068772.1_multihet.txt, sharks/HydCol/MSMC/Output_multihet_filtered_95/CM068773.1_multihet.txt, sharks/HydCol/MSMC/Output_multihet_filtered_95/CM068774.1_multihet.txt, sharks/HydCol/MSMC/Output_multihet_filtered_95/CM068775.1_multihet.txt, sharks/HydCol/MSMC/Output_multihet_filtered_95/CM068776.1_multihet.txt, sharks/HydCol/MSMC/Output_multihet_filtered_95/CM068777.1_multihet.txt, sharks/HydCol/MSMC/Output_multihet_filtered_95/CM068778.1_multihet.txt, sharks/HydCol/MSMC/Output_multihet_filtered_95/CM068779.1_multihet.txt, sharks/HydCol/MSMC/Output_multihet_filtered_95/CM068780.1_multihet.txt, sharks/HydCol/MSMC/Output_multihet_filtered_95/CM068781.1_multihet.txt
    output: sharks/HydCol/20250410_HydCol.msmc2.loop.txt, sharks/HydCol/20250410_HydCol.msmc2.log, sharks/HydCol/20250410_HydCol.msmc2.final.txt
    jobid: 259
    reason: Missing output files: sharks/HydCol/20250410_HydCol.msmc2.final.txt
    wildcards: CLADE=sharks, SPEC_NAME=HydCol, TODAY_DATE=20250410
    resources: mem_mb=10000, mem_mib=9537, disk_mb=1000, disk_mib=954, tmpdir=<TBD>, slurm_account=DURBIN-SL2-CPU, slurm_partition=cclake-himem, runtime=60

Job 259 has been submitted with SLURM jobid 9808268 (log: /rds/project/rds-p67MZilb2eQ/projects/VGP/heterozygosity/.snakemake/slurm_logs/rule_RUN_PRIMARY_MSMC/sharks_HydCol_20250410/9808268.log).
