host: login-q-1
Building DAG of jobs...
SLURM run ID: 40364e0b-4327-4c9f-865f-76f15657e7e0
Using shell: /usr/bin/bash
Provided remote nodes: 50
Job stats:
job                            count
---------------------------  -------
BAM_CALLER_BED                    50
BGZIP_VCF                         50
BOOTSTRAPPING_MULTIHET_FILE     1500
CALL_PLOIDY                       50
GENERATE_MASK                     50
GENERATE_MULTIHETSEP              50
INDEL_MASKER                      50
MAIN_MULTIHETSEP                  50
MAKE_BAM                           1
MAKE_SAM                           1
PILEUP_VARIANTS                   51
REMOVE_INDELS                     50
RESTRUCTURE                       50
SEPARATE_BAM_BY_CHR               51
all                                1
total                           2055

Select jobs to execute...
Execute 1 jobs...

[Wed May 21 08:44:48 2025]
rule MAKE_SAM:
    input: /rds/project/rds-p67MZilb2eQ/projects/VGP/250430.VGP-Phase1/alignment/reference/sharks/GCA_036365495.1.fa.gz, /rds/project/rds-p67MZilb2eQ/projects/VGP/250430.VGP-Phase1/alignment/alternate/sharks/GCA_036365525.1.fa.gz
    output: sharks/HetFra/HetFra.sam
    jobid: 329
    reason: Forced execution
    wildcards: CLADE=sharks, SPEC_NAME=HetFra
    resources: mem_mb=100000, mem_mib=95368, disk_mb=5880, disk_mib=5608, tmpdir=<TBD>, slurm_account=DURBIN-SL2-CPU, slurm_partition=cclake-himem, runtime=720

Job 329 has been submitted with SLURM jobid 9663181 (log: /rds/project/rds-p67MZilb2eQ/projects/VGP/heterozygosity/.snakemake/slurm_logs/rule_MAKE_SAM/sharks_HetFra/9663181.log).
