host: login-q-3
Building DAG of jobs...
Using shell: /usr/bin/bash
Provided cores: 76
Rules claiming more threads will be scaled down.
Job stats:
job                      count
---------------------  -------
CALC_HET_PER_CHR            45
CALC_HET_WHOLE_GENOME        1
COMPILE_HET                  1
PLOT_HET_PER_CHR            46
PLOT_WHOLE_HET               1
all                          1
total                       95

Select jobs to execute...
Execute 45 jobs...

[Tue May  6 10:15:44 2025]
localrule CALC_HET_PER_CHR:
    input: sharks/HepPer/temp/HepPer_Var_Only.txt, sharks/HepPer/Reference_HepPer_Chroms_Lengths.txt, sharks/HepPer/HepPer_ROH_Results.csv
    output: sharks/HepPer/20250422_CM068649.1_het.txt
    jobid: 210
    reason: Missing output files: sharks/HepPer/20250422_CM068649.1_het.txt
    wildcards: CLADE=sharks, SPEC_NAME=HepPer, TODAY_DATE=20250422, CHR=CM068649.1
    resources: tmpdir=/tmp


[Tue May  6 10:15:44 2025]
localrule CALC_HET_PER_CHR:
    input: sharks/HepPer/temp/HepPer_Var_Only.txt, sharks/HepPer/Reference_HepPer_Chroms_Lengths.txt, sharks/HepPer/HepPer_ROH_Results.csv
    output: sharks/HepPer/20250422_CM068642.1_het.txt
    jobid: 203
    reason: Missing output files: sharks/HepPer/20250422_CM068642.1_het.txt
    wildcards: CLADE=sharks, SPEC_NAME=HepPer, TODAY_DATE=20250422, CHR=CM068642.1
    resources: tmpdir=/tmp


[Tue May  6 10:15:44 2025]
localrule CALC_HET_PER_CHR:
    input: sharks/HepPer/temp/HepPer_Var_Only.txt, sharks/HepPer/Reference_HepPer_Chroms_Lengths.txt, sharks/HepPer/HepPer_ROH_Results.csv
    output: sharks/HepPer/20250422_CM068678.1_het.txt
    jobid: 239
    reason: Missing output files: sharks/HepPer/20250422_CM068678.1_het.txt
    wildcards: CLADE=sharks, SPEC_NAME=HepPer, TODAY_DATE=20250422, CHR=CM068678.1
    resources: tmpdir=/tmp


[Tue May  6 10:15:44 2025]
localrule CALC_HET_PER_CHR:
    input: sharks/HepPer/temp/HepPer_Var_Only.txt, sharks/HepPer/Reference_HepPer_Chroms_Lengths.txt, sharks/HepPer/HepPer_ROH_Results.csv
    output: sharks/HepPer/20250422_CM068671.1_het.txt
    jobid: 232
    reason: Missing output files: sharks/HepPer/20250422_CM068671.1_het.txt
    wildcards: CLADE=sharks, SPEC_NAME=HepPer, TODAY_DATE=20250422, CHR=CM068671.1
    resources: tmpdir=/tmp


[Tue May  6 10:15:44 2025]
localrule CALC_HET_PER_CHR:
    input: sharks/HepPer/temp/HepPer_Var_Only.txt, sharks/HepPer/Reference_HepPer_Chroms_Lengths.txt, sharks/HepPer/HepPer_ROH_Results.csv
    output: sharks/HepPer/20250422_CM068664.1_het.txt
    jobid: 225
    reason: Missing output files: sharks/HepPer/20250422_CM068664.1_het.txt
    wildcards: CLADE=sharks, SPEC_NAME=HepPer, TODAY_DATE=20250422, CHR=CM068664.1
    resources: tmpdir=/tmp


[Tue May  6 10:15:44 2025]
localrule CALC_HET_PER_CHR:
    input: sharks/HepPer/temp/HepPer_Var_Only.txt, sharks/HepPer/Reference_HepPer_Chroms_Lengths.txt, sharks/HepPer/HepPer_ROH_Results.csv
    output: sharks/HepPer/20250422_CM068657.1_het.txt
    jobid: 218
    reason: Missing output files: sharks/HepPer/20250422_CM068657.1_het.txt
    wildcards: CLADE=sharks, SPEC_NAME=HepPer, TODAY_DATE=20250422, CHR=CM068657.1
    resources: tmpdir=/tmp


[Tue May  6 10:15:44 2025]
localrule CALC_HET_PER_CHR:
    input: sharks/HepPer/temp/HepPer_Var_Only.txt, sharks/HepPer/Reference_HepPer_Chroms_Lengths.txt, sharks/HepPer/HepPer_ROH_Results.csv
    output: sharks/HepPer/20250422_CM068650.1_het.txt
    jobid: 211
    reason: Missing output files: sharks/HepPer/20250422_CM068650.1_het.txt
    wildcards: CLADE=sharks, SPEC_NAME=HepPer, TODAY_DATE=20250422, CHR=CM068650.1
    resources: tmpdir=/tmp


[Tue May  6 10:15:44 2025]
localrule CALC_HET_PER_CHR:
    input: sharks/HepPer/temp/HepPer_Var_Only.txt, sharks/HepPer/Reference_HepPer_Chroms_Lengths.txt, sharks/HepPer/HepPer_ROH_Results.csv
    output: sharks/HepPer/20250422_CM068643.1_het.txt
    jobid: 204
    reason: Missing output files: sharks/HepPer/20250422_CM068643.1_het.txt
    wildcards: CLADE=sharks, SPEC_NAME=HepPer, TODAY_DATE=20250422, CHR=CM068643.1
    resources: tmpdir=/tmp


[Tue May  6 10:15:44 2025]
localrule CALC_HET_PER_CHR:
    input: sharks/HepPer/temp/HepPer_Var_Only.txt, sharks/HepPer/Reference_HepPer_Chroms_Lengths.txt, sharks/HepPer/HepPer_ROH_Results.csv
    output: sharks/HepPer/20250422_CM068679.1_het.txt
    jobid: 240
    reason: Missing output files: sharks/HepPer/20250422_CM068679.1_het.txt
    wildcards: CLADE=sharks, SPEC_NAME=HepPer, TODAY_DATE=20250422, CHR=CM068679.1
    resources: tmpdir=/tmp


[Tue May  6 10:15:44 2025]
localrule CALC_HET_PER_CHR:
    input: sharks/HepPer/temp/HepPer_Var_Only.txt, sharks/HepPer/Reference_HepPer_Chroms_Lengths.txt, sharks/HepPer/HepPer_ROH_Results.csv
    output: sharks/HepPer/20250422_CM068672.1_het.txt
    jobid: 233
    reason: Missing output files: sharks/HepPer/20250422_CM068672.1_het.txt
    wildcards: CLADE=sharks, SPEC_NAME=HepPer, TODAY_DATE=20250422, CHR=CM068672.1
    resources: tmpdir=/tmp


[Tue May  6 10:15:44 2025]
localrule CALC_HET_PER_CHR:
    input: sharks/HepPer/temp/HepPer_Var_Only.txt, sharks/HepPer/Reference_HepPer_Chroms_Lengths.txt, sharks/HepPer/HepPer_ROH_Results.csv
    output: sharks/HepPer/20250422_CM068665.1_het.txt
    jobid: 226
    reason: Missing output files: sharks/HepPer/20250422_CM068665.1_het.txt
    wildcards: CLADE=sharks, SPEC_NAME=HepPer, TODAY_DATE=20250422, CHR=CM068665.1
    resources: tmpdir=/tmp


[Tue May  6 10:15:44 2025]
localrule CALC_HET_PER_CHR:
    input: sharks/HepPer/temp/HepPer_Var_Only.txt, sharks/HepPer/Reference_HepPer_Chroms_Lengths.txt, sharks/HepPer/HepPer_ROH_Results.csv
    output: sharks/HepPer/20250422_CM068658.1_het.txt
    jobid: 219
    reason: Missing output files: sharks/HepPer/20250422_CM068658.1_het.txt
    wildcards: CLADE=sharks, SPEC_NAME=HepPer, TODAY_DATE=20250422, CHR=CM068658.1
    resources: tmpdir=/tmp


[Tue May  6 10:15:44 2025]
localrule CALC_HET_PER_CHR:
    input: sharks/HepPer/temp/HepPer_Var_Only.txt, sharks/HepPer/Reference_HepPer_Chroms_Lengths.txt, sharks/HepPer/HepPer_ROH_Results.csv
    output: sharks/HepPer/20250422_CM068651.1_het.txt
    jobid: 212
    reason: Missing output files: sharks/HepPer/20250422_CM068651.1_het.txt
    wildcards: CLADE=sharks, SPEC_NAME=HepPer, TODAY_DATE=20250422, CHR=CM068651.1
    resources: tmpdir=/tmp


[Tue May  6 10:15:44 2025]
localrule CALC_HET_PER_CHR:
    input: sharks/HepPer/temp/HepPer_Var_Only.txt, sharks/HepPer/Reference_HepPer_Chroms_Lengths.txt, sharks/HepPer/HepPer_ROH_Results.csv
    output: sharks/HepPer/20250422_CM068644.1_het.txt
    jobid: 205
    reason: Missing output files: sharks/HepPer/20250422_CM068644.1_het.txt
    wildcards: CLADE=sharks, SPEC_NAME=HepPer, TODAY_DATE=20250422, CHR=CM068644.1
    resources: tmpdir=/tmp


[Tue May  6 10:15:44 2025]
localrule CALC_HET_PER_CHR:
    input: sharks/HepPer/temp/HepPer_Var_Only.txt, sharks/HepPer/Reference_HepPer_Chroms_Lengths.txt, sharks/HepPer/HepPer_ROH_Results.csv
    output: sharks/HepPer/20250422_CM068680.1_het.txt
    jobid: 241
    reason: Missing output files: sharks/HepPer/20250422_CM068680.1_het.txt
    wildcards: CLADE=sharks, SPEC_NAME=HepPer, TODAY_DATE=20250422, CHR=CM068680.1
    resources: tmpdir=/tmp


[Tue May  6 10:15:44 2025]
localrule CALC_HET_PER_CHR:
    input: sharks/HepPer/temp/HepPer_Var_Only.txt, sharks/HepPer/Reference_HepPer_Chroms_Lengths.txt, sharks/HepPer/HepPer_ROH_Results.csv
    output: sharks/HepPer/20250422_CM068673.1_het.txt
    jobid: 234
    reason: Missing output files: sharks/HepPer/20250422_CM068673.1_het.txt
    wildcards: CLADE=sharks, SPEC_NAME=HepPer, TODAY_DATE=20250422, CHR=CM068673.1
    resources: tmpdir=/tmp


[Tue May  6 10:15:44 2025]
localrule CALC_HET_PER_CHR:
    input: sharks/HepPer/temp/HepPer_Var_Only.txt, sharks/HepPer/Reference_HepPer_Chroms_Lengths.txt, sharks/HepPer/HepPer_ROH_Results.csv
    output: sharks/HepPer/20250422_CM068666.1_het.txt
    jobid: 227
    reason: Missing output files: sharks/HepPer/20250422_CM068666.1_het.txt
    wildcards: CLADE=sharks, SPEC_NAME=HepPer, TODAY_DATE=20250422, CHR=CM068666.1
    resources: tmpdir=/tmp


[Tue May  6 10:15:44 2025]
localrule CALC_HET_PER_CHR:
    input: sharks/HepPer/temp/HepPer_Var_Only.txt, sharks/HepPer/Reference_HepPer_Chroms_Lengths.txt, sharks/HepPer/HepPer_ROH_Results.csv
    output: sharks/HepPer/20250422_CM068659.1_het.txt
    jobid: 220
    reason: Missing output files: sharks/HepPer/20250422_CM068659.1_het.txt
    wildcards: CLADE=sharks, SPEC_NAME=HepPer, TODAY_DATE=20250422, CHR=CM068659.1
    resources: tmpdir=/tmp


[Tue May  6 10:15:44 2025]
localrule CALC_HET_PER_CHR:
    input: sharks/HepPer/temp/HepPer_Var_Only.txt, sharks/HepPer/Reference_HepPer_Chroms_Lengths.txt, sharks/HepPer/HepPer_ROH_Results.csv
    output: sharks/HepPer/20250422_CM068652.1_het.txt
    jobid: 213
    reason: Missing output files: sharks/HepPer/20250422_CM068652.1_het.txt
    wildcards: CLADE=sharks, SPEC_NAME=HepPer, TODAY_DATE=20250422, CHR=CM068652.1
    resources: tmpdir=/tmp


[Tue May  6 10:15:44 2025]
localrule CALC_HET_PER_CHR:
    input: sharks/HepPer/temp/HepPer_Var_Only.txt, sharks/HepPer/Reference_HepPer_Chroms_Lengths.txt, sharks/HepPer/HepPer_ROH_Results.csv
    output: sharks/HepPer/20250422_CM068645.1_het.txt
    jobid: 206
    reason: Missing output files: sharks/HepPer/20250422_CM068645.1_het.txt
    wildcards: CLADE=sharks, SPEC_NAME=HepPer, TODAY_DATE=20250422, CHR=CM068645.1
    resources: tmpdir=/tmp


[Tue May  6 10:15:44 2025]
localrule CALC_HET_PER_CHR:
    input: sharks/HepPer/temp/HepPer_Var_Only.txt, sharks/HepPer/Reference_HepPer_Chroms_Lengths.txt, sharks/HepPer/HepPer_ROH_Results.csv
    output: sharks/HepPer/20250422_CM068638.1_het.txt
    jobid: 199
    reason: Missing output files: sharks/HepPer/20250422_CM068638.1_het.txt
    wildcards: CLADE=sharks, SPEC_NAME=HepPer, TODAY_DATE=20250422, CHR=CM068638.1
    resources: tmpdir=/tmp


[Tue May  6 10:15:44 2025]
localrule CALC_HET_PER_CHR:
    input: sharks/HepPer/temp/HepPer_Var_Only.txt, sharks/HepPer/Reference_HepPer_Chroms_Lengths.txt, sharks/HepPer/HepPer_ROH_Results.csv
    output: sharks/HepPer/20250422_CM068681.1_het.txt
    jobid: 242
    reason: Missing output files: sharks/HepPer/20250422_CM068681.1_het.txt
    wildcards: CLADE=sharks, SPEC_NAME=HepPer, TODAY_DATE=20250422, CHR=CM068681.1
    resources: tmpdir=/tmp


[Tue May  6 10:15:44 2025]
localrule CALC_HET_PER_CHR:
    input: sharks/HepPer/temp/HepPer_Var_Only.txt, sharks/HepPer/Reference_HepPer_Chroms_Lengths.txt, sharks/HepPer/HepPer_ROH_Results.csv
    output: sharks/HepPer/20250422_CM068674.1_het.txt
    jobid: 235
    reason: Missing output files: sharks/HepPer/20250422_CM068674.1_het.txt
    wildcards: CLADE=sharks, SPEC_NAME=HepPer, TODAY_DATE=20250422, CHR=CM068674.1
    resources: tmpdir=/tmp


[Tue May  6 10:15:44 2025]
localrule CALC_HET_PER_CHR:
    input: sharks/HepPer/temp/HepPer_Var_Only.txt, sharks/HepPer/Reference_HepPer_Chroms_Lengths.txt, sharks/HepPer/HepPer_ROH_Results.csv
    output: sharks/HepPer/20250422_CM068667.1_het.txt
    jobid: 228
    reason: Missing output files: sharks/HepPer/20250422_CM068667.1_het.txt
    wildcards: CLADE=sharks, SPEC_NAME=HepPer, TODAY_DATE=20250422, CHR=CM068667.1
    resources: tmpdir=/tmp


[Tue May  6 10:15:44 2025]
localrule CALC_HET_PER_CHR:
    input: sharks/HepPer/temp/HepPer_Var_Only.txt, sharks/HepPer/Reference_HepPer_Chroms_Lengths.txt, sharks/HepPer/HepPer_ROH_Results.csv
    output: sharks/HepPer/20250422_CM068660.1_het.txt
    jobid: 221
    reason: Missing output files: sharks/HepPer/20250422_CM068660.1_het.txt
    wildcards: CLADE=sharks, SPEC_NAME=HepPer, TODAY_DATE=20250422, CHR=CM068660.1
    resources: tmpdir=/tmp


[Tue May  6 10:15:44 2025]
localrule CALC_HET_PER_CHR:
    input: sharks/HepPer/temp/HepPer_Var_Only.txt, sharks/HepPer/Reference_HepPer_Chroms_Lengths.txt, sharks/HepPer/HepPer_ROH_Results.csv
    output: sharks/HepPer/20250422_CM068653.1_het.txt
    jobid: 214
    reason: Missing output files: sharks/HepPer/20250422_CM068653.1_het.txt
    wildcards: CLADE=sharks, SPEC_NAME=HepPer, TODAY_DATE=20250422, CHR=CM068653.1
    resources: tmpdir=/tmp


[Tue May  6 10:15:44 2025]
localrule CALC_HET_PER_CHR:
    input: sharks/HepPer/temp/HepPer_Var_Only.txt, sharks/HepPer/Reference_HepPer_Chroms_Lengths.txt, sharks/HepPer/HepPer_ROH_Results.csv
    output: sharks/HepPer/20250422_CM068646.1_het.txt
    jobid: 207
    reason: Missing output files: sharks/HepPer/20250422_CM068646.1_het.txt
    wildcards: CLADE=sharks, SPEC_NAME=HepPer, TODAY_DATE=20250422, CHR=CM068646.1
    resources: tmpdir=/tmp


[Tue May  6 10:15:44 2025]
localrule CALC_HET_PER_CHR:
    input: sharks/HepPer/temp/HepPer_Var_Only.txt, sharks/HepPer/Reference_HepPer_Chroms_Lengths.txt, sharks/HepPer/HepPer_ROH_Results.csv
    output: sharks/HepPer/20250422_CM068639.1_het.txt
    jobid: 200
    reason: Missing output files: sharks/HepPer/20250422_CM068639.1_het.txt
    wildcards: CLADE=sharks, SPEC_NAME=HepPer, TODAY_DATE=20250422, CHR=CM068639.1
    resources: tmpdir=/tmp


[Tue May  6 10:15:44 2025]
localrule CALC_HET_PER_CHR:
    input: sharks/HepPer/temp/HepPer_Var_Only.txt, sharks/HepPer/Reference_HepPer_Chroms_Lengths.txt, sharks/HepPer/HepPer_ROH_Results.csv
    output: sharks/HepPer/20250422_CM068682.1_het.txt
    jobid: 243
    reason: Missing output files: sharks/HepPer/20250422_CM068682.1_het.txt
    wildcards: CLADE=sharks, SPEC_NAME=HepPer, TODAY_DATE=20250422, CHR=CM068682.1
    resources: tmpdir=/tmp


[Tue May  6 10:15:44 2025]
localrule CALC_HET_PER_CHR:
    input: sharks/HepPer/temp/HepPer_Var_Only.txt, sharks/HepPer/Reference_HepPer_Chroms_Lengths.txt, sharks/HepPer/HepPer_ROH_Results.csv
    output: sharks/HepPer/20250422_CM068675.1_het.txt
    jobid: 236
    reason: Missing output files: sharks/HepPer/20250422_CM068675.1_het.txt
    wildcards: CLADE=sharks, SPEC_NAME=HepPer, TODAY_DATE=20250422, CHR=CM068675.1
    resources: tmpdir=/tmp


[Tue May  6 10:15:44 2025]
localrule CALC_HET_PER_CHR:
    input: sharks/HepPer/temp/HepPer_Var_Only.txt, sharks/HepPer/Reference_HepPer_Chroms_Lengths.txt, sharks/HepPer/HepPer_ROH_Results.csv
    output: sharks/HepPer/20250422_CM068668.1_het.txt
    jobid: 229
    reason: Missing output files: sharks/HepPer/20250422_CM068668.1_het.txt
    wildcards: CLADE=sharks, SPEC_NAME=HepPer, TODAY_DATE=20250422, CHR=CM068668.1
    resources: tmpdir=/tmp


[Tue May  6 10:15:44 2025]
localrule CALC_HET_PER_CHR:
    input: sharks/HepPer/temp/HepPer_Var_Only.txt, sharks/HepPer/Reference_HepPer_Chroms_Lengths.txt, sharks/HepPer/HepPer_ROH_Results.csv
    output: sharks/HepPer/20250422_CM068661.1_het.txt
    jobid: 222
    reason: Missing output files: sharks/HepPer/20250422_CM068661.1_het.txt
    wildcards: CLADE=sharks, SPEC_NAME=HepPer, TODAY_DATE=20250422, CHR=CM068661.1
    resources: tmpdir=/tmp


[Tue May  6 10:15:44 2025]
localrule CALC_HET_PER_CHR:
    input: sharks/HepPer/temp/HepPer_Var_Only.txt, sharks/HepPer/Reference_HepPer_Chroms_Lengths.txt, sharks/HepPer/HepPer_ROH_Results.csv
    output: sharks/HepPer/20250422_CM068654.1_het.txt
    jobid: 215
    reason: Missing output files: sharks/HepPer/20250422_CM068654.1_het.txt
    wildcards: CLADE=sharks, SPEC_NAME=HepPer, TODAY_DATE=20250422, CHR=CM068654.1
    resources: tmpdir=/tmp


[Tue May  6 10:15:44 2025]
localrule CALC_HET_PER_CHR:
    input: sharks/HepPer/temp/HepPer_Var_Only.txt, sharks/HepPer/Reference_HepPer_Chroms_Lengths.txt, sharks/HepPer/HepPer_ROH_Results.csv
    output: sharks/HepPer/20250422_CM068647.1_het.txt
    jobid: 208
    reason: Missing output files: sharks/HepPer/20250422_CM068647.1_het.txt
    wildcards: CLADE=sharks, SPEC_NAME=HepPer, TODAY_DATE=20250422, CHR=CM068647.1
    resources: tmpdir=/tmp


[Tue May  6 10:15:44 2025]
localrule CALC_HET_PER_CHR:
    input: sharks/HepPer/temp/HepPer_Var_Only.txt, sharks/HepPer/Reference_HepPer_Chroms_Lengths.txt, sharks/HepPer/HepPer_ROH_Results.csv
    output: sharks/HepPer/20250422_CM068640.1_het.txt
    jobid: 201
    reason: Missing output files: sharks/HepPer/20250422_CM068640.1_het.txt
    wildcards: CLADE=sharks, SPEC_NAME=HepPer, TODAY_DATE=20250422, CHR=CM068640.1
    resources: tmpdir=/tmp


[Tue May  6 10:15:44 2025]
localrule CALC_HET_PER_CHR:
    input: sharks/HepPer/temp/HepPer_Var_Only.txt, sharks/HepPer/Reference_HepPer_Chroms_Lengths.txt, sharks/HepPer/HepPer_ROH_Results.csv
    output: sharks/HepPer/20250422_CM068676.1_het.txt
    jobid: 237
    reason: Missing output files: sharks/HepPer/20250422_CM068676.1_het.txt
    wildcards: CLADE=sharks, SPEC_NAME=HepPer, TODAY_DATE=20250422, CHR=CM068676.1
    resources: tmpdir=/tmp


[Tue May  6 10:15:44 2025]
localrule CALC_HET_PER_CHR:
    input: sharks/HepPer/temp/HepPer_Var_Only.txt, sharks/HepPer/Reference_HepPer_Chroms_Lengths.txt, sharks/HepPer/HepPer_ROH_Results.csv
    output: sharks/HepPer/20250422_CM068669.1_het.txt
    jobid: 230
    reason: Missing output files: sharks/HepPer/20250422_CM068669.1_het.txt
    wildcards: CLADE=sharks, SPEC_NAME=HepPer, TODAY_DATE=20250422, CHR=CM068669.1
    resources: tmpdir=/tmp


[Tue May  6 10:15:44 2025]
localrule CALC_HET_PER_CHR:
    input: sharks/HepPer/temp/HepPer_Var_Only.txt, sharks/HepPer/Reference_HepPer_Chroms_Lengths.txt, sharks/HepPer/HepPer_ROH_Results.csv
    output: sharks/HepPer/20250422_CM068662.1_het.txt
    jobid: 223
    reason: Missing output files: sharks/HepPer/20250422_CM068662.1_het.txt
    wildcards: CLADE=sharks, SPEC_NAME=HepPer, TODAY_DATE=20250422, CHR=CM068662.1
    resources: tmpdir=/tmp


[Tue May  6 10:15:44 2025]
localrule CALC_HET_PER_CHR:
    input: sharks/HepPer/temp/HepPer_Var_Only.txt, sharks/HepPer/Reference_HepPer_Chroms_Lengths.txt, sharks/HepPer/HepPer_ROH_Results.csv
    output: sharks/HepPer/20250422_CM068655.1_het.txt
    jobid: 216
    reason: Missing output files: sharks/HepPer/20250422_CM068655.1_het.txt
    wildcards: CLADE=sharks, SPEC_NAME=HepPer, TODAY_DATE=20250422, CHR=CM068655.1
    resources: tmpdir=/tmp


[Tue May  6 10:15:44 2025]
localrule CALC_HET_PER_CHR:
    input: sharks/HepPer/temp/HepPer_Var_Only.txt, sharks/HepPer/Reference_HepPer_Chroms_Lengths.txt, sharks/HepPer/HepPer_ROH_Results.csv
    output: sharks/HepPer/20250422_CM068648.1_het.txt
    jobid: 209
    reason: Missing output files: sharks/HepPer/20250422_CM068648.1_het.txt
    wildcards: CLADE=sharks, SPEC_NAME=HepPer, TODAY_DATE=20250422, CHR=CM068648.1
    resources: tmpdir=/tmp


[Tue May  6 10:15:44 2025]
localrule CALC_HET_PER_CHR:
    input: sharks/HepPer/temp/HepPer_Var_Only.txt, sharks/HepPer/Reference_HepPer_Chroms_Lengths.txt, sharks/HepPer/HepPer_ROH_Results.csv
    output: sharks/HepPer/20250422_CM068641.1_het.txt
    jobid: 202
    reason: Missing output files: sharks/HepPer/20250422_CM068641.1_het.txt
    wildcards: CLADE=sharks, SPEC_NAME=HepPer, TODAY_DATE=20250422, CHR=CM068641.1
    resources: tmpdir=/tmp


[Tue May  6 10:15:44 2025]
localrule CALC_HET_PER_CHR:
    input: sharks/HepPer/temp/HepPer_Var_Only.txt, sharks/HepPer/Reference_HepPer_Chroms_Lengths.txt, sharks/HepPer/HepPer_ROH_Results.csv
    output: sharks/HepPer/20250422_CM068677.1_het.txt
    jobid: 238
    reason: Missing output files: sharks/HepPer/20250422_CM068677.1_het.txt
    wildcards: CLADE=sharks, SPEC_NAME=HepPer, TODAY_DATE=20250422, CHR=CM068677.1
    resources: tmpdir=/tmp


[Tue May  6 10:15:44 2025]
localrule CALC_HET_PER_CHR:
    input: sharks/HepPer/temp/HepPer_Var_Only.txt, sharks/HepPer/Reference_HepPer_Chroms_Lengths.txt, sharks/HepPer/HepPer_ROH_Results.csv
    output: sharks/HepPer/20250422_CM068670.1_het.txt
    jobid: 231
    reason: Missing output files: sharks/HepPer/20250422_CM068670.1_het.txt
    wildcards: CLADE=sharks, SPEC_NAME=HepPer, TODAY_DATE=20250422, CHR=CM068670.1
    resources: tmpdir=/tmp


[Tue May  6 10:15:44 2025]
localrule CALC_HET_PER_CHR:
    input: sharks/HepPer/temp/HepPer_Var_Only.txt, sharks/HepPer/Reference_HepPer_Chroms_Lengths.txt, sharks/HepPer/HepPer_ROH_Results.csv
    output: sharks/HepPer/20250422_CM068663.1_het.txt
    jobid: 224
    reason: Missing output files: sharks/HepPer/20250422_CM068663.1_het.txt
    wildcards: CLADE=sharks, SPEC_NAME=HepPer, TODAY_DATE=20250422, CHR=CM068663.1
    resources: tmpdir=/tmp


[Tue May  6 10:15:44 2025]
localrule CALC_HET_PER_CHR:
    input: sharks/HepPer/temp/HepPer_Var_Only.txt, sharks/HepPer/Reference_HepPer_Chroms_Lengths.txt, sharks/HepPer/HepPer_ROH_Results.csv
    output: sharks/HepPer/20250422_CM068656.1_het.txt
    jobid: 217
    reason: Missing output files: sharks/HepPer/20250422_CM068656.1_het.txt
    wildcards: CLADE=sharks, SPEC_NAME=HepPer, TODAY_DATE=20250422, CHR=CM068656.1
    resources: tmpdir=/tmp

[Tue May  6 10:18:14 2025]
Finished job 207.
1 of 95 steps (1%) done
[Tue May  6 10:18:14 2025]
Finished job 221.
2 of 95 steps (2%) done
[Tue May  6 10:18:14 2025]
Finished job 211.
3 of 95 steps (3%) done
[Tue May  6 10:18:15 2025]
Finished job 236.
4 of 95 steps (4%) done
[Tue May  6 10:18:15 2025]
Finished job 212.
5 of 95 steps (5%) done
[Tue May  6 10:18:16 2025]
Finished job 205.
6 of 95 steps (6%) done
[Tue May  6 10:18:16 2025]
Finished job 222.
7 of 95 steps (7%) done
[Tue May  6 10:18:16 2025]
Finished job 206.
8 of 95 steps (8%) done
[Tue May  6 10:18:16 2025]
Finished job 218.
9 of 95 steps (9%) done
[Tue May  6 10:18:16 2025]
Finished job 234.
10 of 95 steps (11%) done
[Tue May  6 10:18:16 2025]
Finished job 220.
11 of 95 steps (12%) done
[Tue May  6 10:18:17 2025]
Finished job 204.
12 of 95 steps (13%) done
[Tue May  6 10:18:17 2025]
Finished job 201.
13 of 95 steps (14%) done
[Tue May  6 10:18:17 2025]
Finished job 215.
14 of 95 steps (15%) done
[Tue May  6 10:18:17 2025]
Finished job 210.
15 of 95 steps (16%) done
[Tue May  6 10:18:17 2025]
Finished job 225.
16 of 95 steps (17%) done
[Tue May  6 10:18:18 2025]
Finished job 243.
17 of 95 steps (18%) done
[Tue May  6 10:18:18 2025]
Finished job 237.
18 of 95 steps (19%) done
[Tue May  6 10:18:18 2025]
Finished job 208.
19 of 95 steps (20%) done
[Tue May  6 10:18:18 2025]
Finished job 219.
20 of 95 steps (21%) done
[Tue May  6 10:18:18 2025]
Finished job 242.
21 of 95 steps (22%) done
[Tue May  6 10:18:18 2025]
Finished job 240.
22 of 95 steps (23%) done
[Tue May  6 10:18:18 2025]
Finished job 233.
23 of 95 steps (24%) done
[Tue May  6 10:18:18 2025]
Finished job 209.
24 of 95 steps (25%) done
[Tue May  6 10:18:19 2025]
Finished job 216.
25 of 95 steps (26%) done
[Tue May  6 10:18:19 2025]
Finished job 214.
26 of 95 steps (27%) done
[Tue May  6 10:18:19 2025]
Finished job 235.
27 of 95 steps (28%) done
[Tue May  6 10:18:19 2025]
Finished job 241.
28 of 95 steps (29%) done
[Tue May  6 10:18:19 2025]
Finished job 199.
29 of 95 steps (31%) done
[Tue May  6 10:18:19 2025]
Finished job 232.
30 of 95 steps (32%) done
[Tue May  6 10:18:19 2025]
Finished job 200.
31 of 95 steps (33%) done
[Tue May  6 10:18:19 2025]
Finished job 213.
32 of 95 steps (34%) done
[Tue May  6 10:18:19 2025]
Finished job 227.
33 of 95 steps (35%) done
[Tue May  6 10:18:19 2025]
Finished job 239.
34 of 95 steps (36%) done
[Tue May  6 10:18:20 2025]
Finished job 202.
35 of 95 steps (37%) done
[Tue May  6 10:18:20 2025]
Finished job 223.
36 of 95 steps (38%) done
[Tue May  6 10:18:20 2025]
Finished job 228.
37 of 95 steps (39%) done
[Tue May  6 10:18:20 2025]
Finished job 231.
38 of 95 steps (40%) done
[Tue May  6 10:18:20 2025]
Finished job 217.
39 of 95 steps (41%) done
[Tue May  6 10:18:21 2025]
Finished job 229.
40 of 95 steps (42%) done
[Tue May  6 10:18:21 2025]
Finished job 203.
41 of 95 steps (43%) done
[Tue May  6 10:18:21 2025]
Finished job 226.
42 of 95 steps (44%) done
[Tue May  6 10:18:21 2025]
Finished job 230.
43 of 95 steps (45%) done
[Tue May  6 10:18:21 2025]
Finished job 224.
44 of 95 steps (46%) done
[Tue May  6 10:18:21 2025]
Finished job 238.
45 of 95 steps (47%) done
Select jobs to execute...
Execute 2 jobs...

[Tue May  6 10:18:22 2025]
localrule CALC_HET_WHOLE_GENOME:
    input: sharks/HepPer/Reference_HepPer_Chroms_Lengths.txt, sharks/HepPer/20250422_CM068637.1_het.txt, sharks/HepPer/20250422_CM068638.1_het.txt, sharks/HepPer/20250422_CM068639.1_het.txt, sharks/HepPer/20250422_CM068640.1_het.txt, sharks/HepPer/20250422_CM068641.1_het.txt, sharks/HepPer/20250422_CM068642.1_het.txt, sharks/HepPer/20250422_CM068643.1_het.txt, sharks/HepPer/20250422_CM068644.1_het.txt, sharks/HepPer/20250422_CM068645.1_het.txt, sharks/HepPer/20250422_CM068646.1_het.txt, sharks/HepPer/20250422_CM068647.1_het.txt, sharks/HepPer/20250422_CM068648.1_het.txt, sharks/HepPer/20250422_CM068649.1_het.txt, sharks/HepPer/20250422_CM068650.1_het.txt, sharks/HepPer/20250422_CM068651.1_het.txt, sharks/HepPer/20250422_CM068652.1_het.txt, sharks/HepPer/20250422_CM068653.1_het.txt, sharks/HepPer/20250422_CM068654.1_het.txt, sharks/HepPer/20250422_CM068655.1_het.txt, sharks/HepPer/20250422_CM068656.1_het.txt, sharks/HepPer/20250422_CM068657.1_het.txt, sharks/HepPer/20250422_CM068658.1_het.txt, sharks/HepPer/20250422_CM068659.1_het.txt, sharks/HepPer/20250422_CM068660.1_het.txt, sharks/HepPer/20250422_CM068661.1_het.txt, sharks/HepPer/20250422_CM068662.1_het.txt, sharks/HepPer/20250422_CM068663.1_het.txt, sharks/HepPer/20250422_CM068664.1_het.txt, sharks/HepPer/20250422_CM068665.1_het.txt, sharks/HepPer/20250422_CM068666.1_het.txt, sharks/HepPer/20250422_CM068667.1_het.txt, sharks/HepPer/20250422_CM068668.1_het.txt, sharks/HepPer/20250422_CM068669.1_het.txt, sharks/HepPer/20250422_CM068670.1_het.txt, sharks/HepPer/20250422_CM068671.1_het.txt, sharks/HepPer/20250422_CM068672.1_het.txt, sharks/HepPer/20250422_CM068673.1_het.txt, sharks/HepPer/20250422_CM068674.1_het.txt, sharks/HepPer/20250422_CM068675.1_het.txt, sharks/HepPer/20250422_CM068676.1_het.txt, sharks/HepPer/20250422_CM068677.1_het.txt, sharks/HepPer/20250422_CM068678.1_het.txt, sharks/HepPer/20250422_CM068679.1_het.txt, sharks/HepPer/20250422_CM068680.1_het.txt, sharks/HepPer/20250422_CM068681.1_het.txt, sharks/HepPer/20250422_CM068682.1_het.txt
    output: sharks/HepPer/20250422_HepPer_per_chr_mean_heterozygosity.txt, sharks/HepPer/20250422_HepPer_whole_genome_mean_heterozygosity.txt
    jobid: 244
    reason: Missing output files: sharks/HepPer/20250422_HepPer_per_chr_mean_heterozygosity.txt, sharks/HepPer/20250422_HepPer_whole_genome_mean_heterozygosity.txt; Input files updated by another job: sharks/HepPer/20250422_CM068669.1_het.txt, sharks/HepPer/20250422_CM068654.1_het.txt, sharks/HepPer/20250422_CM068659.1_het.txt, sharks/HepPer/20250422_CM068661.1_het.txt, sharks/HepPer/20250422_CM068655.1_het.txt, sharks/HepPer/20250422_CM068645.1_het.txt, sharks/HepPer/20250422_CM068675.1_het.txt, sharks/HepPer/20250422_CM068668.1_het.txt, sharks/HepPer/20250422_CM068679.1_het.txt, sharks/HepPer/20250422_CM068658.1_het.txt, sharks/HepPer/20250422_CM068642.1_het.txt, sharks/HepPer/20250422_CM068664.1_het.txt, sharks/HepPer/20250422_CM068681.1_het.txt, sharks/HepPer/20250422_CM068644.1_het.txt, sharks/HepPer/20250422_CM068653.1_het.txt, sharks/HepPer/20250422_CM068646.1_het.txt, sharks/HepPer/20250422_CM068662.1_het.txt, sharks/HepPer/20250422_CM068663.1_het.txt, sharks/HepPer/20250422_CM068638.1_het.txt, sharks/HepPer/20250422_CM068639.1_het.txt, sharks/HepPer/20250422_CM068641.1_het.txt, sharks/HepPer/20250422_CM068666.1_het.txt, sharks/HepPer/20250422_CM068648.1_het.txt, sharks/HepPer/20250422_CM068652.1_het.txt, sharks/HepPer/20250422_CM068665.1_het.txt, sharks/HepPer/20250422_CM068670.1_het.txt, sharks/HepPer/20250422_CM068672.1_het.txt, sharks/HepPer/20250422_CM068667.1_het.txt, sharks/HepPer/20250422_CM068651.1_het.txt, sharks/HepPer/20250422_CM068682.1_het.txt, sharks/HepPer/20250422_CM068649.1_het.txt, sharks/HepPer/20250422_CM068647.1_het.txt, sharks/HepPer/20250422_CM068656.1_het.txt, sharks/HepPer/20250422_CM068657.1_het.txt, sharks/HepPer/20250422_CM068643.1_het.txt, sharks/HepPer/20250422_CM068650.1_het.txt, sharks/HepPer/20250422_CM068676.1_het.txt, sharks/HepPer/20250422_CM068660.1_het.txt, sharks/HepPer/20250422_CM068678.1_het.txt, sharks/HepPer/20250422_CM068640.1_het.txt, sharks/HepPer/20250422_CM068674.1_het.txt, sharks/HepPer/20250422_CM068677.1_het.txt, sharks/HepPer/20250422_CM068671.1_het.txt, sharks/HepPer/20250422_CM068680.1_het.txt, sharks/HepPer/20250422_CM068673.1_het.txt
    wildcards: CLADE=sharks, SPEC_NAME=HepPer, TODAY_DATE=20250422
    resources: tmpdir=/tmp


[Tue May  6 10:18:22 2025]
localrule COMPILE_HET:
    input: sharks/HepPer/20250422_CM068637.1_het.txt, sharks/HepPer/20250422_CM068638.1_het.txt, sharks/HepPer/20250422_CM068639.1_het.txt, sharks/HepPer/20250422_CM068640.1_het.txt, sharks/HepPer/20250422_CM068641.1_het.txt, sharks/HepPer/20250422_CM068642.1_het.txt, sharks/HepPer/20250422_CM068643.1_het.txt, sharks/HepPer/20250422_CM068644.1_het.txt, sharks/HepPer/20250422_CM068645.1_het.txt, sharks/HepPer/20250422_CM068646.1_het.txt, sharks/HepPer/20250422_CM068647.1_het.txt, sharks/HepPer/20250422_CM068648.1_het.txt, sharks/HepPer/20250422_CM068649.1_het.txt, sharks/HepPer/20250422_CM068650.1_het.txt, sharks/HepPer/20250422_CM068651.1_het.txt, sharks/HepPer/20250422_CM068652.1_het.txt, sharks/HepPer/20250422_CM068653.1_het.txt, sharks/HepPer/20250422_CM068654.1_het.txt, sharks/HepPer/20250422_CM068655.1_het.txt, sharks/HepPer/20250422_CM068656.1_het.txt, sharks/HepPer/20250422_CM068657.1_het.txt, sharks/HepPer/20250422_CM068658.1_het.txt, sharks/HepPer/20250422_CM068659.1_het.txt, sharks/HepPer/20250422_CM068660.1_het.txt, sharks/HepPer/20250422_CM068661.1_het.txt, sharks/HepPer/20250422_CM068662.1_het.txt, sharks/HepPer/20250422_CM068663.1_het.txt, sharks/HepPer/20250422_CM068664.1_het.txt, sharks/HepPer/20250422_CM068665.1_het.txt, sharks/HepPer/20250422_CM068666.1_het.txt, sharks/HepPer/20250422_CM068667.1_het.txt, sharks/HepPer/20250422_CM068668.1_het.txt, sharks/HepPer/20250422_CM068669.1_het.txt, sharks/HepPer/20250422_CM068670.1_het.txt, sharks/HepPer/20250422_CM068671.1_het.txt, sharks/HepPer/20250422_CM068672.1_het.txt, sharks/HepPer/20250422_CM068673.1_het.txt, sharks/HepPer/20250422_CM068674.1_het.txt, sharks/HepPer/20250422_CM068675.1_het.txt, sharks/HepPer/20250422_CM068676.1_het.txt, sharks/HepPer/20250422_CM068677.1_het.txt, sharks/HepPer/20250422_CM068678.1_het.txt, sharks/HepPer/20250422_CM068679.1_het.txt, sharks/HepPer/20250422_CM068680.1_het.txt, sharks/HepPer/20250422_CM068681.1_het.txt, sharks/HepPer/20250422_CM068682.1_het.txt
    output: sharks/HepPer/HepPer_Het_Compiled.tsv
    jobid: 245
    reason: Missing output files: sharks/HepPer/HepPer_Het_Compiled.tsv; Input files updated by another job: sharks/HepPer/20250422_CM068669.1_het.txt, sharks/HepPer/20250422_CM068654.1_het.txt, sharks/HepPer/20250422_CM068659.1_het.txt, sharks/HepPer/20250422_CM068661.1_het.txt, sharks/HepPer/20250422_CM068655.1_het.txt, sharks/HepPer/20250422_CM068645.1_het.txt, sharks/HepPer/20250422_CM068675.1_het.txt, sharks/HepPer/20250422_CM068668.1_het.txt, sharks/HepPer/20250422_CM068679.1_het.txt, sharks/HepPer/20250422_CM068658.1_het.txt, sharks/HepPer/20250422_CM068642.1_het.txt, sharks/HepPer/20250422_CM068664.1_het.txt, sharks/HepPer/20250422_CM068681.1_het.txt, sharks/HepPer/20250422_CM068644.1_het.txt, sharks/HepPer/20250422_CM068653.1_het.txt, sharks/HepPer/20250422_CM068646.1_het.txt, sharks/HepPer/20250422_CM068662.1_het.txt, sharks/HepPer/20250422_CM068663.1_het.txt, sharks/HepPer/20250422_CM068638.1_het.txt, sharks/HepPer/20250422_CM068639.1_het.txt, sharks/HepPer/20250422_CM068641.1_het.txt, sharks/HepPer/20250422_CM068666.1_het.txt, sharks/HepPer/20250422_CM068648.1_het.txt, sharks/HepPer/20250422_CM068652.1_het.txt, sharks/HepPer/20250422_CM068665.1_het.txt, sharks/HepPer/20250422_CM068670.1_het.txt, sharks/HepPer/20250422_CM068672.1_het.txt, sharks/HepPer/20250422_CM068667.1_het.txt, sharks/HepPer/20250422_CM068651.1_het.txt, sharks/HepPer/20250422_CM068682.1_het.txt, sharks/HepPer/20250422_CM068649.1_het.txt, sharks/HepPer/20250422_CM068647.1_het.txt, sharks/HepPer/20250422_CM068656.1_het.txt, sharks/HepPer/20250422_CM068657.1_het.txt, sharks/HepPer/20250422_CM068643.1_het.txt, sharks/HepPer/20250422_CM068650.1_het.txt, sharks/HepPer/20250422_CM068676.1_het.txt, sharks/HepPer/20250422_CM068660.1_het.txt, sharks/HepPer/20250422_CM068678.1_het.txt, sharks/HepPer/20250422_CM068640.1_het.txt, sharks/HepPer/20250422_CM068674.1_het.txt, sharks/HepPer/20250422_CM068677.1_het.txt, sharks/HepPer/20250422_CM068671.1_het.txt, sharks/HepPer/20250422_CM068680.1_het.txt, sharks/HepPer/20250422_CM068673.1_het.txt
    wildcards: CLADE=sharks, SPEC_NAME=HepPer
    resources: tmpdir=/tmp

[Tue May  6 10:18:22 2025]
Finished job 245.
46 of 95 steps (48%) done
Select jobs to execute...
Execute 47 jobs...

[Tue May  6 10:18:22 2025]
localrule PLOT_HET_PER_CHR:
    input: sharks/HepPer/HepPer_Het_Compiled.tsv
    output: sharks/HepPer/20250422_HepPer_CM068657.1_Het_Map.svg
    jobid: 266
    reason: Missing output files: sharks/HepPer/20250422_HepPer_CM068657.1_Het_Map.svg; Input files updated by another job: sharks/HepPer/HepPer_Het_Compiled.tsv
    wildcards: CLADE=sharks, SPEC_NAME=HepPer, TODAY_DATE=20250422, CHR=CM068657.1
    resources: tmpdir=/tmp


[Tue May  6 10:18:22 2025]
localrule PLOT_HET_PER_CHR:
    input: sharks/HepPer/HepPer_Het_Compiled.tsv
    output: sharks/HepPer/20250422_HepPer_CM068650.1_Het_Map.svg
    jobid: 259
    reason: Missing output files: sharks/HepPer/20250422_HepPer_CM068650.1_Het_Map.svg; Input files updated by another job: sharks/HepPer/HepPer_Het_Compiled.tsv
    wildcards: CLADE=sharks, SPEC_NAME=HepPer, TODAY_DATE=20250422, CHR=CM068650.1
    resources: tmpdir=/tmp


[Tue May  6 10:18:22 2025]
localrule PLOT_HET_PER_CHR:
    input: sharks/HepPer/HepPer_Het_Compiled.tsv
    output: sharks/HepPer/20250422_HepPer_CM068643.1_Het_Map.svg
    jobid: 252
    reason: Missing output files: sharks/HepPer/20250422_HepPer_CM068643.1_Het_Map.svg; Input files updated by another job: sharks/HepPer/HepPer_Het_Compiled.tsv
    wildcards: CLADE=sharks, SPEC_NAME=HepPer, TODAY_DATE=20250422, CHR=CM068643.1
    resources: tmpdir=/tmp


[Tue May  6 10:18:22 2025]
localrule PLOT_HET_PER_CHR:
    input: sharks/HepPer/HepPer_Het_Compiled.tsv
    output: sharks/HepPer/20250422_HepPer_CM068637.1_Het_Map.svg
    jobid: 246
    reason: Missing output files: sharks/HepPer/20250422_HepPer_CM068637.1_Het_Map.svg; Input files updated by another job: sharks/HepPer/HepPer_Het_Compiled.tsv
    wildcards: CLADE=sharks, SPEC_NAME=HepPer, TODAY_DATE=20250422, CHR=CM068637.1
    resources: tmpdir=/tmp


[Tue May  6 10:18:22 2025]
localrule PLOT_HET_PER_CHR:
    input: sharks/HepPer/HepPer_Het_Compiled.tsv
    output: sharks/HepPer/20250422_HepPer_CM068679.1_Het_Map.svg
    jobid: 288
    reason: Missing output files: sharks/HepPer/20250422_HepPer_CM068679.1_Het_Map.svg; Input files updated by another job: sharks/HepPer/HepPer_Het_Compiled.tsv
    wildcards: CLADE=sharks, SPEC_NAME=HepPer, TODAY_DATE=20250422, CHR=CM068679.1
    resources: tmpdir=/tmp


[Tue May  6 10:18:22 2025]
localrule PLOT_HET_PER_CHR:
    input: sharks/HepPer/HepPer_Het_Compiled.tsv
    output: sharks/HepPer/20250422_HepPer_CM068672.1_Het_Map.svg
    jobid: 281
    reason: Missing output files: sharks/HepPer/20250422_HepPer_CM068672.1_Het_Map.svg; Input files updated by another job: sharks/HepPer/HepPer_Het_Compiled.tsv
    wildcards: CLADE=sharks, SPEC_NAME=HepPer, TODAY_DATE=20250422, CHR=CM068672.1
    resources: tmpdir=/tmp


[Tue May  6 10:18:22 2025]
localrule PLOT_HET_PER_CHR:
    input: sharks/HepPer/HepPer_Het_Compiled.tsv
    output: sharks/HepPer/20250422_HepPer_CM068665.1_Het_Map.svg
    jobid: 274
    reason: Missing output files: sharks/HepPer/20250422_HepPer_CM068665.1_Het_Map.svg; Input files updated by another job: sharks/HepPer/HepPer_Het_Compiled.tsv
    wildcards: CLADE=sharks, SPEC_NAME=HepPer, TODAY_DATE=20250422, CHR=CM068665.1
    resources: tmpdir=/tmp


[Tue May  6 10:18:22 2025]
localrule PLOT_HET_PER_CHR:
    input: sharks/HepPer/HepPer_Het_Compiled.tsv
    output: sharks/HepPer/20250422_HepPer_CM068658.1_Het_Map.svg
    jobid: 267
    reason: Missing output files: sharks/HepPer/20250422_HepPer_CM068658.1_Het_Map.svg; Input files updated by another job: sharks/HepPer/HepPer_Het_Compiled.tsv
    wildcards: CLADE=sharks, SPEC_NAME=HepPer, TODAY_DATE=20250422, CHR=CM068658.1
    resources: tmpdir=/tmp


[Tue May  6 10:18:22 2025]
localrule PLOT_HET_PER_CHR:
    input: sharks/HepPer/HepPer_Het_Compiled.tsv
    output: sharks/HepPer/20250422_HepPer_CM068651.1_Het_Map.svg
    jobid: 260
    reason: Missing output files: sharks/HepPer/20250422_HepPer_CM068651.1_Het_Map.svg; Input files updated by another job: sharks/HepPer/HepPer_Het_Compiled.tsv
    wildcards: CLADE=sharks, SPEC_NAME=HepPer, TODAY_DATE=20250422, CHR=CM068651.1
    resources: tmpdir=/tmp


[Tue May  6 10:18:22 2025]
localrule PLOT_HET_PER_CHR:
    input: sharks/HepPer/HepPer_Het_Compiled.tsv
    output: sharks/HepPer/20250422_HepPer_CM068644.1_Het_Map.svg
    jobid: 253
    reason: Missing output files: sharks/HepPer/20250422_HepPer_CM068644.1_Het_Map.svg; Input files updated by another job: sharks/HepPer/HepPer_Het_Compiled.tsv
    wildcards: CLADE=sharks, SPEC_NAME=HepPer, TODAY_DATE=20250422, CHR=CM068644.1
    resources: tmpdir=/tmp


[Tue May  6 10:18:22 2025]
localrule PLOT_HET_PER_CHR:
    input: sharks/HepPer/HepPer_Het_Compiled.tsv
    output: sharks/HepPer/20250422_HepPer_CM068638.1_Het_Map.svg
    jobid: 247
    reason: Missing output files: sharks/HepPer/20250422_HepPer_CM068638.1_Het_Map.svg; Input files updated by another job: sharks/HepPer/HepPer_Het_Compiled.tsv
    wildcards: CLADE=sharks, SPEC_NAME=HepPer, TODAY_DATE=20250422, CHR=CM068638.1
    resources: tmpdir=/tmp


[Tue May  6 10:18:22 2025]
localrule PLOT_HET_PER_CHR:
    input: sharks/HepPer/HepPer_Het_Compiled.tsv
    output: sharks/HepPer/20250422_HepPer_CM068680.1_Het_Map.svg
    jobid: 289
    reason: Missing output files: sharks/HepPer/20250422_HepPer_CM068680.1_Het_Map.svg; Input files updated by another job: sharks/HepPer/HepPer_Het_Compiled.tsv
    wildcards: CLADE=sharks, SPEC_NAME=HepPer, TODAY_DATE=20250422, CHR=CM068680.1
    resources: tmpdir=/tmp


[Tue May  6 10:18:22 2025]
localrule PLOT_HET_PER_CHR:
    input: sharks/HepPer/HepPer_Het_Compiled.tsv
    output: sharks/HepPer/20250422_HepPer_CM068673.1_Het_Map.svg
    jobid: 282
    reason: Missing output files: sharks/HepPer/20250422_HepPer_CM068673.1_Het_Map.svg; Input files updated by another job: sharks/HepPer/HepPer_Het_Compiled.tsv
    wildcards: CLADE=sharks, SPEC_NAME=HepPer, TODAY_DATE=20250422, CHR=CM068673.1
    resources: tmpdir=/tmp


[Tue May  6 10:18:22 2025]
localrule PLOT_HET_PER_CHR:
    input: sharks/HepPer/HepPer_Het_Compiled.tsv
    output: sharks/HepPer/20250422_HepPer_CM068666.1_Het_Map.svg
    jobid: 275
    reason: Missing output files: sharks/HepPer/20250422_HepPer_CM068666.1_Het_Map.svg; Input files updated by another job: sharks/HepPer/HepPer_Het_Compiled.tsv
    wildcards: CLADE=sharks, SPEC_NAME=HepPer, TODAY_DATE=20250422, CHR=CM068666.1
    resources: tmpdir=/tmp


[Tue May  6 10:18:22 2025]
localrule PLOT_HET_PER_CHR:
    input: sharks/HepPer/HepPer_Het_Compiled.tsv
    output: sharks/HepPer/20250422_HepPer_CM068659.1_Het_Map.svg
    jobid: 268
    reason: Missing output files: sharks/HepPer/20250422_HepPer_CM068659.1_Het_Map.svg; Input files updated by another job: sharks/HepPer/HepPer_Het_Compiled.tsv
    wildcards: CLADE=sharks, SPEC_NAME=HepPer, TODAY_DATE=20250422, CHR=CM068659.1
    resources: tmpdir=/tmp


[Tue May  6 10:18:22 2025]
localrule PLOT_HET_PER_CHR:
    input: sharks/HepPer/HepPer_Het_Compiled.tsv
    output: sharks/HepPer/20250422_HepPer_CM068652.1_Het_Map.svg
    jobid: 261
    reason: Missing output files: sharks/HepPer/20250422_HepPer_CM068652.1_Het_Map.svg; Input files updated by another job: sharks/HepPer/HepPer_Het_Compiled.tsv
    wildcards: CLADE=sharks, SPEC_NAME=HepPer, TODAY_DATE=20250422, CHR=CM068652.1
    resources: tmpdir=/tmp


[Tue May  6 10:18:22 2025]
localrule PLOT_HET_PER_CHR:
    input: sharks/HepPer/HepPer_Het_Compiled.tsv
    output: sharks/HepPer/20250422_HepPer_CM068645.1_Het_Map.svg
    jobid: 254
    reason: Missing output files: sharks/HepPer/20250422_HepPer_CM068645.1_Het_Map.svg; Input files updated by another job: sharks/HepPer/HepPer_Het_Compiled.tsv
    wildcards: CLADE=sharks, SPEC_NAME=HepPer, TODAY_DATE=20250422, CHR=CM068645.1
    resources: tmpdir=/tmp


[Tue May  6 10:18:22 2025]
localrule PLOT_HET_PER_CHR:
    input: sharks/HepPer/HepPer_Het_Compiled.tsv
    output: sharks/HepPer/20250422_HepPer_CM068639.1_Het_Map.svg
    jobid: 248
    reason: Missing output files: sharks/HepPer/20250422_HepPer_CM068639.1_Het_Map.svg; Input files updated by another job: sharks/HepPer/HepPer_Het_Compiled.tsv
    wildcards: CLADE=sharks, SPEC_NAME=HepPer, TODAY_DATE=20250422, CHR=CM068639.1
    resources: tmpdir=/tmp


[Tue May  6 10:18:22 2025]
localrule PLOT_HET_PER_CHR:
    input: sharks/HepPer/HepPer_Het_Compiled.tsv
    output: sharks/HepPer/20250422_HepPer_CM068681.1_Het_Map.svg
    jobid: 290
    reason: Missing output files: sharks/HepPer/20250422_HepPer_CM068681.1_Het_Map.svg; Input files updated by another job: sharks/HepPer/HepPer_Het_Compiled.tsv
    wildcards: CLADE=sharks, SPEC_NAME=HepPer, TODAY_DATE=20250422, CHR=CM068681.1
    resources: tmpdir=/tmp


[Tue May  6 10:18:22 2025]
localrule PLOT_HET_PER_CHR:
    input: sharks/HepPer/HepPer_Het_Compiled.tsv
    output: sharks/HepPer/20250422_HepPer_CM068674.1_Het_Map.svg
    jobid: 283
    reason: Missing output files: sharks/HepPer/20250422_HepPer_CM068674.1_Het_Map.svg; Input files updated by another job: sharks/HepPer/HepPer_Het_Compiled.tsv
    wildcards: CLADE=sharks, SPEC_NAME=HepPer, TODAY_DATE=20250422, CHR=CM068674.1
    resources: tmpdir=/tmp


[Tue May  6 10:18:22 2025]
localrule PLOT_HET_PER_CHR:
    input: sharks/HepPer/HepPer_Het_Compiled.tsv
    output: sharks/HepPer/20250422_HepPer_CM068667.1_Het_Map.svg
    jobid: 276
    reason: Missing output files: sharks/HepPer/20250422_HepPer_CM068667.1_Het_Map.svg; Input files updated by another job: sharks/HepPer/HepPer_Het_Compiled.tsv
    wildcards: CLADE=sharks, SPEC_NAME=HepPer, TODAY_DATE=20250422, CHR=CM068667.1
    resources: tmpdir=/tmp


[Tue May  6 10:18:22 2025]
localrule PLOT_HET_PER_CHR:
    input: sharks/HepPer/HepPer_Het_Compiled.tsv
    output: sharks/HepPer/20250422_HepPer_CM068660.1_Het_Map.svg
    jobid: 269
    reason: Missing output files: sharks/HepPer/20250422_HepPer_CM068660.1_Het_Map.svg; Input files updated by another job: sharks/HepPer/HepPer_Het_Compiled.tsv
    wildcards: CLADE=sharks, SPEC_NAME=HepPer, TODAY_DATE=20250422, CHR=CM068660.1
    resources: tmpdir=/tmp


[Tue May  6 10:18:22 2025]
localrule PLOT_HET_PER_CHR:
    input: sharks/HepPer/HepPer_Het_Compiled.tsv
    output: sharks/HepPer/20250422_HepPer_CM068653.1_Het_Map.svg
    jobid: 262
    reason: Missing output files: sharks/HepPer/20250422_HepPer_CM068653.1_Het_Map.svg; Input files updated by another job: sharks/HepPer/HepPer_Het_Compiled.tsv
    wildcards: CLADE=sharks, SPEC_NAME=HepPer, TODAY_DATE=20250422, CHR=CM068653.1
    resources: tmpdir=/tmp


[Tue May  6 10:18:22 2025]
localrule PLOT_HET_PER_CHR:
    input: sharks/HepPer/HepPer_Het_Compiled.tsv
    output: sharks/HepPer/20250422_HepPer_CM068646.1_Het_Map.svg
    jobid: 255
    reason: Missing output files: sharks/HepPer/20250422_HepPer_CM068646.1_Het_Map.svg; Input files updated by another job: sharks/HepPer/HepPer_Het_Compiled.tsv
    wildcards: CLADE=sharks, SPEC_NAME=HepPer, TODAY_DATE=20250422, CHR=CM068646.1
    resources: tmpdir=/tmp


[Tue May  6 10:18:22 2025]
localrule PLOT_HET_PER_CHR:
    input: sharks/HepPer/HepPer_Het_Compiled.tsv
    output: sharks/HepPer/20250422_HepPer_CM068640.1_Het_Map.svg
    jobid: 249
    reason: Missing output files: sharks/HepPer/20250422_HepPer_CM068640.1_Het_Map.svg; Input files updated by another job: sharks/HepPer/HepPer_Het_Compiled.tsv
    wildcards: CLADE=sharks, SPEC_NAME=HepPer, TODAY_DATE=20250422, CHR=CM068640.1
    resources: tmpdir=/tmp


[Tue May  6 10:18:22 2025]
localrule PLOT_HET_PER_CHR:
    input: sharks/HepPer/HepPer_Het_Compiled.tsv
    output: sharks/HepPer/20250422_HepPer_CM068682.1_Het_Map.svg
    jobid: 291
    reason: Missing output files: sharks/HepPer/20250422_HepPer_CM068682.1_Het_Map.svg; Input files updated by another job: sharks/HepPer/HepPer_Het_Compiled.tsv
    wildcards: CLADE=sharks, SPEC_NAME=HepPer, TODAY_DATE=20250422, CHR=CM068682.1
    resources: tmpdir=/tmp


[Tue May  6 10:18:22 2025]
localrule PLOT_HET_PER_CHR:
    input: sharks/HepPer/HepPer_Het_Compiled.tsv
    output: sharks/HepPer/20250422_HepPer_CM068675.1_Het_Map.svg
    jobid: 284
    reason: Missing output files: sharks/HepPer/20250422_HepPer_CM068675.1_Het_Map.svg; Input files updated by another job: sharks/HepPer/HepPer_Het_Compiled.tsv
    wildcards: CLADE=sharks, SPEC_NAME=HepPer, TODAY_DATE=20250422, CHR=CM068675.1
    resources: tmpdir=/tmp


[Tue May  6 10:18:22 2025]
localrule PLOT_HET_PER_CHR:
    input: sharks/HepPer/HepPer_Het_Compiled.tsv
    output: sharks/HepPer/20250422_HepPer_CM068668.1_Het_Map.svg
    jobid: 277
    reason: Missing output files: sharks/HepPer/20250422_HepPer_CM068668.1_Het_Map.svg; Input files updated by another job: sharks/HepPer/HepPer_Het_Compiled.tsv
    wildcards: CLADE=sharks, SPEC_NAME=HepPer, TODAY_DATE=20250422, CHR=CM068668.1
    resources: tmpdir=/tmp


[Tue May  6 10:18:22 2025]
localrule PLOT_HET_PER_CHR:
    input: sharks/HepPer/HepPer_Het_Compiled.tsv
    output: sharks/HepPer/20250422_HepPer_CM068661.1_Het_Map.svg
    jobid: 270
    reason: Missing output files: sharks/HepPer/20250422_HepPer_CM068661.1_Het_Map.svg; Input files updated by another job: sharks/HepPer/HepPer_Het_Compiled.tsv
    wildcards: CLADE=sharks, SPEC_NAME=HepPer, TODAY_DATE=20250422, CHR=CM068661.1
    resources: tmpdir=/tmp


[Tue May  6 10:18:22 2025]
localrule PLOT_HET_PER_CHR:
    input: sharks/HepPer/HepPer_Het_Compiled.tsv
    output: sharks/HepPer/20250422_HepPer_CM068654.1_Het_Map.svg
    jobid: 263
    reason: Missing output files: sharks/HepPer/20250422_HepPer_CM068654.1_Het_Map.svg; Input files updated by another job: sharks/HepPer/HepPer_Het_Compiled.tsv
    wildcards: CLADE=sharks, SPEC_NAME=HepPer, TODAY_DATE=20250422, CHR=CM068654.1
    resources: tmpdir=/tmp


[Tue May  6 10:18:22 2025]
localrule PLOT_HET_PER_CHR:
    input: sharks/HepPer/HepPer_Het_Compiled.tsv
    output: sharks/HepPer/20250422_HepPer_CM068647.1_Het_Map.svg
    jobid: 256
    reason: Missing output files: sharks/HepPer/20250422_HepPer_CM068647.1_Het_Map.svg; Input files updated by another job: sharks/HepPer/HepPer_Het_Compiled.tsv
    wildcards: CLADE=sharks, SPEC_NAME=HepPer, TODAY_DATE=20250422, CHR=CM068647.1
    resources: tmpdir=/tmp


[Tue May  6 10:18:22 2025]
localrule PLOT_HET_PER_CHR:
    input: sharks/HepPer/HepPer_Het_Compiled.tsv
    output: sharks/HepPer/20250422_HepPer_CM068641.1_Het_Map.svg
    jobid: 250
    reason: Missing output files: sharks/HepPer/20250422_HepPer_CM068641.1_Het_Map.svg; Input files updated by another job: sharks/HepPer/HepPer_Het_Compiled.tsv
    wildcards: CLADE=sharks, SPEC_NAME=HepPer, TODAY_DATE=20250422, CHR=CM068641.1
    resources: tmpdir=/tmp


[Tue May  6 10:18:22 2025]
localrule PLOT_WHOLE_HET:
    input: sharks/HepPer/HepPer_Het_Compiled.tsv
    output: sharks/HepPer/20250422_HepPer_Het_Whole_Genome_Map.svg
    jobid: 292
    reason: Missing output files: sharks/HepPer/20250422_HepPer_Het_Whole_Genome_Map.svg; Input files updated by another job: sharks/HepPer/HepPer_Het_Compiled.tsv
    wildcards: CLADE=sharks, SPEC_NAME=HepPer, TODAY_DATE=20250422
    resources: tmpdir=/tmp


[Tue May  6 10:18:22 2025]
localrule PLOT_HET_PER_CHR:
    input: sharks/HepPer/HepPer_Het_Compiled.tsv
    output: sharks/HepPer/20250422_HepPer_CM068676.1_Het_Map.svg
    jobid: 285
    reason: Missing output files: sharks/HepPer/20250422_HepPer_CM068676.1_Het_Map.svg; Input files updated by another job: sharks/HepPer/HepPer_Het_Compiled.tsv
    wildcards: CLADE=sharks, SPEC_NAME=HepPer, TODAY_DATE=20250422, CHR=CM068676.1
    resources: tmpdir=/tmp


[Tue May  6 10:18:22 2025]
localrule PLOT_HET_PER_CHR:
    input: sharks/HepPer/HepPer_Het_Compiled.tsv
    output: sharks/HepPer/20250422_HepPer_CM068669.1_Het_Map.svg
    jobid: 278
    reason: Missing output files: sharks/HepPer/20250422_HepPer_CM068669.1_Het_Map.svg; Input files updated by another job: sharks/HepPer/HepPer_Het_Compiled.tsv
    wildcards: CLADE=sharks, SPEC_NAME=HepPer, TODAY_DATE=20250422, CHR=CM068669.1
    resources: tmpdir=/tmp


[Tue May  6 10:18:22 2025]
localrule PLOT_HET_PER_CHR:
    input: sharks/HepPer/HepPer_Het_Compiled.tsv
    output: sharks/HepPer/20250422_HepPer_CM068662.1_Het_Map.svg
    jobid: 271
    reason: Missing output files: sharks/HepPer/20250422_HepPer_CM068662.1_Het_Map.svg; Input files updated by another job: sharks/HepPer/HepPer_Het_Compiled.tsv
    wildcards: CLADE=sharks, SPEC_NAME=HepPer, TODAY_DATE=20250422, CHR=CM068662.1
    resources: tmpdir=/tmp


[Tue May  6 10:18:22 2025]
localrule PLOT_HET_PER_CHR:
    input: sharks/HepPer/HepPer_Het_Compiled.tsv
    output: sharks/HepPer/20250422_HepPer_CM068655.1_Het_Map.svg
    jobid: 264
    reason: Missing output files: sharks/HepPer/20250422_HepPer_CM068655.1_Het_Map.svg; Input files updated by another job: sharks/HepPer/HepPer_Het_Compiled.tsv
    wildcards: CLADE=sharks, SPEC_NAME=HepPer, TODAY_DATE=20250422, CHR=CM068655.1
    resources: tmpdir=/tmp


[Tue May  6 10:18:22 2025]
localrule PLOT_HET_PER_CHR:
    input: sharks/HepPer/HepPer_Het_Compiled.tsv
    output: sharks/HepPer/20250422_HepPer_CM068648.1_Het_Map.svg
    jobid: 257
    reason: Missing output files: sharks/HepPer/20250422_HepPer_CM068648.1_Het_Map.svg; Input files updated by another job: sharks/HepPer/HepPer_Het_Compiled.tsv
    wildcards: CLADE=sharks, SPEC_NAME=HepPer, TODAY_DATE=20250422, CHR=CM068648.1
    resources: tmpdir=/tmp


[Tue May  6 10:18:22 2025]
localrule PLOT_HET_PER_CHR:
    input: sharks/HepPer/HepPer_Het_Compiled.tsv
    output: sharks/HepPer/20250422_HepPer_CM068642.1_Het_Map.svg
    jobid: 251
    reason: Missing output files: sharks/HepPer/20250422_HepPer_CM068642.1_Het_Map.svg; Input files updated by another job: sharks/HepPer/HepPer_Het_Compiled.tsv
    wildcards: CLADE=sharks, SPEC_NAME=HepPer, TODAY_DATE=20250422, CHR=CM068642.1
    resources: tmpdir=/tmp


[Tue May  6 10:18:22 2025]
localrule PLOT_HET_PER_CHR:
    input: sharks/HepPer/HepPer_Het_Compiled.tsv
    output: sharks/HepPer/20250422_HepPer_CM068677.1_Het_Map.svg
    jobid: 286
    reason: Missing output files: sharks/HepPer/20250422_HepPer_CM068677.1_Het_Map.svg; Input files updated by another job: sharks/HepPer/HepPer_Het_Compiled.tsv
    wildcards: CLADE=sharks, SPEC_NAME=HepPer, TODAY_DATE=20250422, CHR=CM068677.1
    resources: tmpdir=/tmp


[Tue May  6 10:18:22 2025]
localrule PLOT_HET_PER_CHR:
    input: sharks/HepPer/HepPer_Het_Compiled.tsv
    output: sharks/HepPer/20250422_HepPer_CM068670.1_Het_Map.svg
    jobid: 279
    reason: Missing output files: sharks/HepPer/20250422_HepPer_CM068670.1_Het_Map.svg; Input files updated by another job: sharks/HepPer/HepPer_Het_Compiled.tsv
    wildcards: CLADE=sharks, SPEC_NAME=HepPer, TODAY_DATE=20250422, CHR=CM068670.1
    resources: tmpdir=/tmp


[Tue May  6 10:18:22 2025]
localrule PLOT_HET_PER_CHR:
    input: sharks/HepPer/HepPer_Het_Compiled.tsv
    output: sharks/HepPer/20250422_HepPer_CM068663.1_Het_Map.svg
    jobid: 272
    reason: Missing output files: sharks/HepPer/20250422_HepPer_CM068663.1_Het_Map.svg; Input files updated by another job: sharks/HepPer/HepPer_Het_Compiled.tsv
    wildcards: CLADE=sharks, SPEC_NAME=HepPer, TODAY_DATE=20250422, CHR=CM068663.1
    resources: tmpdir=/tmp


[Tue May  6 10:18:22 2025]
localrule PLOT_HET_PER_CHR:
    input: sharks/HepPer/HepPer_Het_Compiled.tsv
    output: sharks/HepPer/20250422_HepPer_CM068656.1_Het_Map.svg
    jobid: 265
    reason: Missing output files: sharks/HepPer/20250422_HepPer_CM068656.1_Het_Map.svg; Input files updated by another job: sharks/HepPer/HepPer_Het_Compiled.tsv
    wildcards: CLADE=sharks, SPEC_NAME=HepPer, TODAY_DATE=20250422, CHR=CM068656.1
    resources: tmpdir=/tmp


[Tue May  6 10:18:22 2025]
localrule PLOT_HET_PER_CHR:
    input: sharks/HepPer/HepPer_Het_Compiled.tsv
    output: sharks/HepPer/20250422_HepPer_CM068649.1_Het_Map.svg
    jobid: 258
    reason: Missing output files: sharks/HepPer/20250422_HepPer_CM068649.1_Het_Map.svg; Input files updated by another job: sharks/HepPer/HepPer_Het_Compiled.tsv
    wildcards: CLADE=sharks, SPEC_NAME=HepPer, TODAY_DATE=20250422, CHR=CM068649.1
    resources: tmpdir=/tmp


[Tue May  6 10:18:22 2025]
localrule PLOT_HET_PER_CHR:
    input: sharks/HepPer/HepPer_Het_Compiled.tsv
    output: sharks/HepPer/20250422_HepPer_CM068678.1_Het_Map.svg
    jobid: 287
    reason: Missing output files: sharks/HepPer/20250422_HepPer_CM068678.1_Het_Map.svg; Input files updated by another job: sharks/HepPer/HepPer_Het_Compiled.tsv
    wildcards: CLADE=sharks, SPEC_NAME=HepPer, TODAY_DATE=20250422, CHR=CM068678.1
    resources: tmpdir=/tmp


[Tue May  6 10:18:22 2025]
localrule PLOT_HET_PER_CHR:
    input: sharks/HepPer/HepPer_Het_Compiled.tsv
    output: sharks/HepPer/20250422_HepPer_CM068671.1_Het_Map.svg
    jobid: 280
    reason: Missing output files: sharks/HepPer/20250422_HepPer_CM068671.1_Het_Map.svg; Input files updated by another job: sharks/HepPer/HepPer_Het_Compiled.tsv
    wildcards: CLADE=sharks, SPEC_NAME=HepPer, TODAY_DATE=20250422, CHR=CM068671.1
    resources: tmpdir=/tmp


[Tue May  6 10:18:22 2025]
localrule PLOT_HET_PER_CHR:
    input: sharks/HepPer/HepPer_Het_Compiled.tsv
    output: sharks/HepPer/20250422_HepPer_CM068664.1_Het_Map.svg
    jobid: 273
    reason: Missing output files: sharks/HepPer/20250422_HepPer_CM068664.1_Het_Map.svg; Input files updated by another job: sharks/HepPer/HepPer_Het_Compiled.tsv
    wildcards: CLADE=sharks, SPEC_NAME=HepPer, TODAY_DATE=20250422, CHR=CM068664.1
    resources: tmpdir=/tmp

[Tue May  6 10:18:22 2025]
Finished job 244.
47 of 95 steps (49%) done
[Tue May  6 10:18:31 2025]
Finished job 292.
48 of 95 steps (51%) done
[Tue May  6 10:18:32 2025]
Finished job 289.
49 of 95 steps (52%) done
[Tue May  6 10:18:32 2025]
Finished job 249.
50 of 95 steps (53%) done
[Tue May  6 10:18:32 2025]
Finished job 256.
51 of 95 steps (54%) done
[Tue May  6 10:18:32 2025]
Finished job 251.
52 of 95 steps (55%) done
[Tue May  6 10:18:32 2025]
Finished job 254.
53 of 95 steps (56%) done
[Tue May  6 10:18:32 2025]
Finished job 283.
54 of 95 steps (57%) done
[Tue May  6 10:18:32 2025]
Finished job 286.
55 of 95 steps (58%) done
[Tue May  6 10:18:32 2025]
Finished job 278.
56 of 95 steps (59%) done
[Tue May  6 10:18:32 2025]
Finished job 255.
57 of 95 steps (60%) done
[Tue May  6 10:18:32 2025]
Finished job 279.
58 of 95 steps (61%) done
[Tue May  6 10:18:32 2025]
Finished job 246.
59 of 95 steps (62%) done
[Tue May  6 10:18:32 2025]
Finished job 269.
60 of 95 steps (63%) done
[Tue May  6 10:18:32 2025]
Finished job 288.
61 of 95 steps (64%) done
[Tue May  6 10:18:32 2025]
Finished job 277.
62 of 95 steps (65%) done
[Tue May  6 10:18:32 2025]
Finished job 287.
63 of 95 steps (66%) done
[Tue May  6 10:18:32 2025]
Finished job 247.
64 of 95 steps (67%) done
[Tue May  6 10:18:32 2025]
Finished job 275.
65 of 95 steps (68%) done
[Tue May  6 10:18:32 2025]
Finished job 259.
66 of 95 steps (69%) done
[Tue May  6 10:18:32 2025]
Finished job 271.
67 of 95 steps (71%) done
[Tue May  6 10:18:32 2025]
Finished job 264.
68 of 95 steps (72%) done
[Tue May  6 10:18:32 2025]
Finished job 267.
69 of 95 steps (73%) done
[Tue May  6 10:18:32 2025]
Finished job 280.
70 of 95 steps (74%) done
[Tue May  6 10:18:32 2025]
Finished job 282.
71 of 95 steps (75%) done
[Tue May  6 10:18:32 2025]
Finished job 261.
72 of 95 steps (76%) done
[Tue May  6 10:18:32 2025]
Finished job 262.
73 of 95 steps (77%) done
[Tue May  6 10:18:32 2025]
Finished job 274.
74 of 95 steps (78%) done
[Tue May  6 10:18:32 2025]
Finished job 273.
75 of 95 steps (79%) done
[Tue May  6 10:18:32 2025]
Finished job 263.
76 of 95 steps (80%) done
[Tue May  6 10:18:32 2025]
Finished job 257.
77 of 95 steps (81%) done
[Tue May  6 10:18:32 2025]
Finished job 266.
78 of 95 steps (82%) done
[Tue May  6 10:18:33 2025]
Finished job 258.
79 of 95 steps (83%) done
[Tue May  6 10:18:33 2025]
Finished job 281.
80 of 95 steps (84%) done
[Tue May  6 10:18:33 2025]
Finished job 268.
81 of 95 steps (85%) done
[Tue May  6 10:18:33 2025]
Finished job 272.
82 of 95 steps (86%) done
[Tue May  6 10:18:33 2025]
Finished job 248.
83 of 95 steps (87%) done
[Tue May  6 10:18:33 2025]
Finished job 252.
84 of 95 steps (88%) done
[Tue May  6 10:18:33 2025]
Finished job 291.
85 of 95 steps (89%) done
[Tue May  6 10:18:33 2025]
Finished job 265.
86 of 95 steps (91%) done
[Tue May  6 10:18:33 2025]
Finished job 253.
87 of 95 steps (92%) done
[Tue May  6 10:18:33 2025]
Finished job 250.
88 of 95 steps (93%) done
[Tue May  6 10:18:33 2025]
Finished job 285.
89 of 95 steps (94%) done
[Tue May  6 10:18:33 2025]
Finished job 284.
90 of 95 steps (95%) done
[Tue May  6 10:18:33 2025]
Finished job 270.
91 of 95 steps (96%) done
[Tue May  6 10:18:33 2025]
Finished job 260.
92 of 95 steps (97%) done
[Tue May  6 10:18:33 2025]
Finished job 290.
93 of 95 steps (98%) done
[Tue May  6 10:18:33 2025]
Finished job 276.
94 of 95 steps (99%) done
Select jobs to execute...
Execute 1 jobs...

[Tue May  6 10:18:33 2025]
localrule all:
    input: sharks/HepPer/HepPer_FASTGA.chain.fltr.srt.paf, sharks/HepPer/temp/HepPer_Var_Only.txt, sharks/HepPer/temp/HepPer_Aln_Only.txt, sharks/HepPer/temp/20250422_CM068637.1_Aln_Only.txt, sharks/HepPer/temp/20250422_CM068638.1_Aln_Only.txt, sharks/HepPer/temp/20250422_CM068639.1_Aln_Only.txt, sharks/HepPer/temp/20250422_CM068640.1_Aln_Only.txt, sharks/HepPer/temp/20250422_CM068641.1_Aln_Only.txt, sharks/HepPer/temp/20250422_CM068642.1_Aln_Only.txt, sharks/HepPer/temp/20250422_CM068643.1_Aln_Only.txt, sharks/HepPer/temp/20250422_CM068644.1_Aln_Only.txt, sharks/HepPer/temp/20250422_CM068645.1_Aln_Only.txt, sharks/HepPer/temp/20250422_CM068646.1_Aln_Only.txt, sharks/HepPer/temp/20250422_CM068647.1_Aln_Only.txt, sharks/HepPer/temp/20250422_CM068648.1_Aln_Only.txt, sharks/HepPer/temp/20250422_CM068649.1_Aln_Only.txt, sharks/HepPer/temp/20250422_CM068650.1_Aln_Only.txt, sharks/HepPer/temp/20250422_CM068651.1_Aln_Only.txt, sharks/HepPer/temp/20250422_CM068652.1_Aln_Only.txt, sharks/HepPer/temp/20250422_CM068653.1_Aln_Only.txt, sharks/HepPer/temp/20250422_CM068654.1_Aln_Only.txt, sharks/HepPer/temp/20250422_CM068655.1_Aln_Only.txt, sharks/HepPer/temp/20250422_CM068656.1_Aln_Only.txt, sharks/HepPer/temp/20250422_CM068657.1_Aln_Only.txt, sharks/HepPer/temp/20250422_CM068658.1_Aln_Only.txt, sharks/HepPer/temp/20250422_CM068659.1_Aln_Only.txt, sharks/HepPer/temp/20250422_CM068660.1_Aln_Only.txt, sharks/HepPer/temp/20250422_CM068661.1_Aln_Only.txt, sharks/HepPer/temp/20250422_CM068662.1_Aln_Only.txt, sharks/HepPer/temp/20250422_CM068663.1_Aln_Only.txt, sharks/HepPer/temp/20250422_CM068664.1_Aln_Only.txt, sharks/HepPer/temp/20250422_CM068665.1_Aln_Only.txt, sharks/HepPer/temp/20250422_CM068666.1_Aln_Only.txt, sharks/HepPer/temp/20250422_CM068667.1_Aln_Only.txt, sharks/HepPer/temp/20250422_CM068668.1_Aln_Only.txt, sharks/HepPer/temp/20250422_CM068669.1_Aln_Only.txt, sharks/HepPer/temp/20250422_CM068670.1_Aln_Only.txt, sharks/HepPer/temp/20250422_CM068671.1_Aln_Only.txt, sharks/HepPer/temp/20250422_CM068672.1_Aln_Only.txt, sharks/HepPer/temp/20250422_CM068673.1_Aln_Only.txt, sharks/HepPer/temp/20250422_CM068674.1_Aln_Only.txt, sharks/HepPer/temp/20250422_CM068675.1_Aln_Only.txt, sharks/HepPer/temp/20250422_CM068676.1_Aln_Only.txt, sharks/HepPer/temp/20250422_CM068677.1_Aln_Only.txt, sharks/HepPer/temp/20250422_CM068678.1_Aln_Only.txt, sharks/HepPer/temp/20250422_CM068679.1_Aln_Only.txt, sharks/HepPer/temp/20250422_CM068680.1_Aln_Only.txt, sharks/HepPer/temp/20250422_CM068681.1_Aln_Only.txt, sharks/HepPer/temp/20250422_CM068682.1_Aln_Only.txt, sharks/HepPer/temp/20250422_CM068637.1_Var_Only.txt, sharks/HepPer/temp/20250422_CM068638.1_Var_Only.txt, sharks/HepPer/temp/20250422_CM068639.1_Var_Only.txt, sharks/HepPer/temp/20250422_CM068640.1_Var_Only.txt, sharks/HepPer/temp/20250422_CM068641.1_Var_Only.txt, sharks/HepPer/temp/20250422_CM068642.1_Var_Only.txt, sharks/HepPer/temp/20250422_CM068643.1_Var_Only.txt, sharks/HepPer/temp/20250422_CM068644.1_Var_Only.txt, sharks/HepPer/temp/20250422_CM068645.1_Var_Only.txt, sharks/HepPer/temp/20250422_CM068646.1_Var_Only.txt, sharks/HepPer/temp/20250422_CM068647.1_Var_Only.txt, sharks/HepPer/temp/20250422_CM068648.1_Var_Only.txt, sharks/HepPer/temp/20250422_CM068649.1_Var_Only.txt, sharks/HepPer/temp/20250422_CM068650.1_Var_Only.txt, sharks/HepPer/temp/20250422_CM068651.1_Var_Only.txt, sharks/HepPer/temp/20250422_CM068652.1_Var_Only.txt, sharks/HepPer/temp/20250422_CM068653.1_Var_Only.txt, sharks/HepPer/temp/20250422_CM068654.1_Var_Only.txt, sharks/HepPer/temp/20250422_CM068655.1_Var_Only.txt, sharks/HepPer/temp/20250422_CM068656.1_Var_Only.txt, sharks/HepPer/temp/20250422_CM068657.1_Var_Only.txt, sharks/HepPer/temp/20250422_CM068658.1_Var_Only.txt, sharks/HepPer/temp/20250422_CM068659.1_Var_Only.txt, sharks/HepPer/temp/20250422_CM068660.1_Var_Only.txt, sharks/HepPer/temp/20250422_CM068661.1_Var_Only.txt, sharks/HepPer/temp/20250422_CM068662.1_Var_Only.txt, sharks/HepPer/temp/20250422_CM068663.1_Var_Only.txt, sharks/HepPer/temp/20250422_CM068664.1_Var_Only.txt, sharks/HepPer/temp/20250422_CM068665.1_Var_Only.txt, sharks/HepPer/temp/20250422_CM068666.1_Var_Only.txt, sharks/HepPer/temp/20250422_CM068667.1_Var_Only.txt, sharks/HepPer/temp/20250422_CM068668.1_Var_Only.txt, sharks/HepPer/temp/20250422_CM068669.1_Var_Only.txt, sharks/HepPer/temp/20250422_CM068670.1_Var_Only.txt, sharks/HepPer/temp/20250422_CM068671.1_Var_Only.txt, sharks/HepPer/temp/20250422_CM068672.1_Var_Only.txt, sharks/HepPer/temp/20250422_CM068673.1_Var_Only.txt, sharks/HepPer/temp/20250422_CM068674.1_Var_Only.txt, sharks/HepPer/temp/20250422_CM068675.1_Var_Only.txt, sharks/HepPer/temp/20250422_CM068676.1_Var_Only.txt, sharks/HepPer/temp/20250422_CM068677.1_Var_Only.txt, sharks/HepPer/temp/20250422_CM068678.1_Var_Only.txt, sharks/HepPer/temp/20250422_CM068679.1_Var_Only.txt, sharks/HepPer/temp/20250422_CM068680.1_Var_Only.txt, sharks/HepPer/temp/20250422_CM068681.1_Var_Only.txt, sharks/HepPer/temp/20250422_CM068682.1_Var_Only.txt, sharks/HepPer/20250422_CM068637.1_ROH_Results.txt, sharks/HepPer/20250422_CM068638.1_ROH_Results.txt, sharks/HepPer/20250422_CM068639.1_ROH_Results.txt, sharks/HepPer/20250422_CM068640.1_ROH_Results.txt, sharks/HepPer/20250422_CM068641.1_ROH_Results.txt, sharks/HepPer/20250422_CM068642.1_ROH_Results.txt, sharks/HepPer/20250422_CM068643.1_ROH_Results.txt, sharks/HepPer/20250422_CM068644.1_ROH_Results.txt, sharks/HepPer/20250422_CM068645.1_ROH_Results.txt, sharks/HepPer/20250422_CM068646.1_ROH_Results.txt, sharks/HepPer/20250422_CM068647.1_ROH_Results.txt, sharks/HepPer/20250422_CM068648.1_ROH_Results.txt, sharks/HepPer/20250422_CM068649.1_ROH_Results.txt, sharks/HepPer/20250422_CM068650.1_ROH_Results.txt, sharks/HepPer/20250422_CM068651.1_ROH_Results.txt, sharks/HepPer/20250422_CM068652.1_ROH_Results.txt, sharks/HepPer/20250422_CM068653.1_ROH_Results.txt, sharks/HepPer/20250422_CM068654.1_ROH_Results.txt, sharks/HepPer/20250422_CM068655.1_ROH_Results.txt, sharks/HepPer/20250422_CM068656.1_ROH_Results.txt, sharks/HepPer/20250422_CM068657.1_ROH_Results.txt, sharks/HepPer/20250422_CM068658.1_ROH_Results.txt, sharks/HepPer/20250422_CM068659.1_ROH_Results.txt, sharks/HepPer/20250422_CM068660.1_ROH_Results.txt, sharks/HepPer/20250422_CM068661.1_ROH_Results.txt, sharks/HepPer/20250422_CM068662.1_ROH_Results.txt, sharks/HepPer/20250422_CM068663.1_ROH_Results.txt, sharks/HepPer/20250422_CM068664.1_ROH_Results.txt, sharks/HepPer/20250422_CM068665.1_ROH_Results.txt, sharks/HepPer/20250422_CM068666.1_ROH_Results.txt, sharks/HepPer/20250422_CM068667.1_ROH_Results.txt, sharks/HepPer/20250422_CM068668.1_ROH_Results.txt, sharks/HepPer/20250422_CM068669.1_ROH_Results.txt, sharks/HepPer/20250422_CM068670.1_ROH_Results.txt, sharks/HepPer/20250422_CM068671.1_ROH_Results.txt, sharks/HepPer/20250422_CM068672.1_ROH_Results.txt, sharks/HepPer/20250422_CM068673.1_ROH_Results.txt, sharks/HepPer/20250422_CM068674.1_ROH_Results.txt, sharks/HepPer/20250422_CM068675.1_ROH_Results.txt, sharks/HepPer/20250422_CM068676.1_ROH_Results.txt, sharks/HepPer/20250422_CM068677.1_ROH_Results.txt, sharks/HepPer/20250422_CM068678.1_ROH_Results.txt, sharks/HepPer/20250422_CM068679.1_ROH_Results.txt, sharks/HepPer/20250422_CM068680.1_ROH_Results.txt, sharks/HepPer/20250422_CM068681.1_ROH_Results.txt, sharks/HepPer/20250422_CM068682.1_ROH_Results.txt, sharks/HepPer/HepPer_ROH_Results.csv, sharks/HepPer/20250422_HepPer_ROH_Map.pdf, sharks/HepPer/20250422_CM068637.1_GCA_035084215.1_FROH.txt, sharks/HepPer/20250422_CM068638.1_GCA_035084215.1_FROH.txt, sharks/HepPer/20250422_CM068639.1_GCA_035084215.1_FROH.txt, sharks/HepPer/20250422_CM068640.1_GCA_035084215.1_FROH.txt, sharks/HepPer/20250422_CM068641.1_GCA_035084215.1_FROH.txt, sharks/HepPer/20250422_CM068642.1_GCA_035084215.1_FROH.txt, sharks/HepPer/20250422_CM068643.1_GCA_035084215.1_FROH.txt, sharks/HepPer/20250422_CM068644.1_GCA_035084215.1_FROH.txt, sharks/HepPer/20250422_CM068645.1_GCA_035084215.1_FROH.txt, sharks/HepPer/20250422_CM068646.1_GCA_035084215.1_FROH.txt, sharks/HepPer/20250422_CM068647.1_GCA_035084215.1_FROH.txt, sharks/HepPer/20250422_CM068648.1_GCA_035084215.1_FROH.txt, sharks/HepPer/20250422_CM068649.1_GCA_035084215.1_FROH.txt, sharks/HepPer/20250422_CM068650.1_GCA_035084215.1_FROH.txt, sharks/HepPer/20250422_CM068651.1_GCA_035084215.1_FROH.txt, sharks/HepPer/20250422_CM068652.1_GCA_035084215.1_FROH.txt, sharks/HepPer/20250422_CM068653.1_GCA_035084215.1_FROH.txt, sharks/HepPer/20250422_CM068654.1_GCA_035084215.1_FROH.txt, sharks/HepPer/20250422_CM068655.1_GCA_035084215.1_FROH.txt, sharks/HepPer/20250422_CM068656.1_GCA_035084215.1_FROH.txt, sharks/HepPer/20250422_CM068657.1_GCA_035084215.1_FROH.txt, sharks/HepPer/20250422_CM068658.1_GCA_035084215.1_FROH.txt, sharks/HepPer/20250422_CM068659.1_GCA_035084215.1_FROH.txt, sharks/HepPer/20250422_CM068660.1_GCA_035084215.1_FROH.txt, sharks/HepPer/20250422_CM068661.1_GCA_035084215.1_FROH.txt, sharks/HepPer/20250422_CM068662.1_GCA_035084215.1_FROH.txt, sharks/HepPer/20250422_CM068663.1_GCA_035084215.1_FROH.txt, sharks/HepPer/20250422_CM068664.1_GCA_035084215.1_FROH.txt, sharks/HepPer/20250422_CM068665.1_GCA_035084215.1_FROH.txt, sharks/HepPer/20250422_CM068666.1_GCA_035084215.1_FROH.txt, sharks/HepPer/20250422_CM068667.1_GCA_035084215.1_FROH.txt, sharks/HepPer/20250422_CM068668.1_GCA_035084215.1_FROH.txt, sharks/HepPer/20250422_CM068669.1_GCA_035084215.1_FROH.txt, sharks/HepPer/20250422_CM068670.1_GCA_035084215.1_FROH.txt, sharks/HepPer/20250422_CM068671.1_GCA_035084215.1_FROH.txt, sharks/HepPer/20250422_CM068672.1_GCA_035084215.1_FROH.txt, sharks/HepPer/20250422_CM068673.1_GCA_035084215.1_FROH.txt, sharks/HepPer/20250422_CM068674.1_GCA_035084215.1_FROH.txt, sharks/HepPer/20250422_CM068675.1_GCA_035084215.1_FROH.txt, sharks/HepPer/20250422_CM068676.1_GCA_035084215.1_FROH.txt, sharks/HepPer/20250422_CM068677.1_GCA_035084215.1_FROH.txt, sharks/HepPer/20250422_CM068678.1_GCA_035084215.1_FROH.txt, sharks/HepPer/20250422_CM068679.1_GCA_035084215.1_FROH.txt, sharks/HepPer/20250422_CM068680.1_GCA_035084215.1_FROH.txt, sharks/HepPer/20250422_CM068681.1_GCA_035084215.1_FROH.txt, sharks/HepPer/20250422_CM068682.1_GCA_035084215.1_FROH.txt, sharks/HepPer/20250422_HepPer_FROH.txt, sharks/HepPer/20250422_CM068637.1_het.txt, sharks/HepPer/20250422_CM068638.1_het.txt, sharks/HepPer/20250422_CM068639.1_het.txt, sharks/HepPer/20250422_CM068640.1_het.txt, sharks/HepPer/20250422_CM068641.1_het.txt, sharks/HepPer/20250422_CM068642.1_het.txt, sharks/HepPer/20250422_CM068643.1_het.txt, sharks/HepPer/20250422_CM068644.1_het.txt, sharks/HepPer/20250422_CM068645.1_het.txt, sharks/HepPer/20250422_CM068646.1_het.txt, sharks/HepPer/20250422_CM068647.1_het.txt, sharks/HepPer/20250422_CM068648.1_het.txt, sharks/HepPer/20250422_CM068649.1_het.txt, sharks/HepPer/20250422_CM068650.1_het.txt, sharks/HepPer/20250422_CM068651.1_het.txt, sharks/HepPer/20250422_CM068652.1_het.txt, sharks/HepPer/20250422_CM068653.1_het.txt, sharks/HepPer/20250422_CM068654.1_het.txt, sharks/HepPer/20250422_CM068655.1_het.txt, sharks/HepPer/20250422_CM068656.1_het.txt, sharks/HepPer/20250422_CM068657.1_het.txt, sharks/HepPer/20250422_CM068658.1_het.txt, sharks/HepPer/20250422_CM068659.1_het.txt, sharks/HepPer/20250422_CM068660.1_het.txt, sharks/HepPer/20250422_CM068661.1_het.txt, sharks/HepPer/20250422_CM068662.1_het.txt, sharks/HepPer/20250422_CM068663.1_het.txt, sharks/HepPer/20250422_CM068664.1_het.txt, sharks/HepPer/20250422_CM068665.1_het.txt, sharks/HepPer/20250422_CM068666.1_het.txt, sharks/HepPer/20250422_CM068667.1_het.txt, sharks/HepPer/20250422_CM068668.1_het.txt, sharks/HepPer/20250422_CM068669.1_het.txt, sharks/HepPer/20250422_CM068670.1_het.txt, sharks/HepPer/20250422_CM068671.1_het.txt, sharks/HepPer/20250422_CM068672.1_het.txt, sharks/HepPer/20250422_CM068673.1_het.txt, sharks/HepPer/20250422_CM068674.1_het.txt, sharks/HepPer/20250422_CM068675.1_het.txt, sharks/HepPer/20250422_CM068676.1_het.txt, sharks/HepPer/20250422_CM068677.1_het.txt, sharks/HepPer/20250422_CM068678.1_het.txt, sharks/HepPer/20250422_CM068679.1_het.txt, sharks/HepPer/20250422_CM068680.1_het.txt, sharks/HepPer/20250422_CM068681.1_het.txt, sharks/HepPer/20250422_CM068682.1_het.txt, sharks/HepPer/20250422_HepPer_per_chr_mean_heterozygosity.txt, sharks/HepPer/20250422_HepPer_whole_genome_mean_heterozygosity.txt, sharks/HepPer/HepPer_Het_Compiled.tsv, sharks/HepPer/20250422_HepPer_CM068637.1_Het_Map.svg, sharks/HepPer/20250422_HepPer_CM068638.1_Het_Map.svg, sharks/HepPer/20250422_HepPer_CM068639.1_Het_Map.svg, sharks/HepPer/20250422_HepPer_CM068640.1_Het_Map.svg, sharks/HepPer/20250422_HepPer_CM068641.1_Het_Map.svg, sharks/HepPer/20250422_HepPer_CM068642.1_Het_Map.svg, sharks/HepPer/20250422_HepPer_CM068643.1_Het_Map.svg, sharks/HepPer/20250422_HepPer_CM068644.1_Het_Map.svg, sharks/HepPer/20250422_HepPer_CM068645.1_Het_Map.svg, sharks/HepPer/20250422_HepPer_CM068646.1_Het_Map.svg, sharks/HepPer/20250422_HepPer_CM068647.1_Het_Map.svg, sharks/HepPer/20250422_HepPer_CM068648.1_Het_Map.svg, sharks/HepPer/20250422_HepPer_CM068649.1_Het_Map.svg, sharks/HepPer/20250422_HepPer_CM068650.1_Het_Map.svg, sharks/HepPer/20250422_HepPer_CM068651.1_Het_Map.svg, sharks/HepPer/20250422_HepPer_CM068652.1_Het_Map.svg, sharks/HepPer/20250422_HepPer_CM068653.1_Het_Map.svg, sharks/HepPer/20250422_HepPer_CM068654.1_Het_Map.svg, sharks/HepPer/20250422_HepPer_CM068655.1_Het_Map.svg, sharks/HepPer/20250422_HepPer_CM068656.1_Het_Map.svg, sharks/HepPer/20250422_HepPer_CM068657.1_Het_Map.svg, sharks/HepPer/20250422_HepPer_CM068658.1_Het_Map.svg, sharks/HepPer/20250422_HepPer_CM068659.1_Het_Map.svg, sharks/HepPer/20250422_HepPer_CM068660.1_Het_Map.svg, sharks/HepPer/20250422_HepPer_CM068661.1_Het_Map.svg, sharks/HepPer/20250422_HepPer_CM068662.1_Het_Map.svg, sharks/HepPer/20250422_HepPer_CM068663.1_Het_Map.svg, sharks/HepPer/20250422_HepPer_CM068664.1_Het_Map.svg, sharks/HepPer/20250422_HepPer_CM068665.1_Het_Map.svg, sharks/HepPer/20250422_HepPer_CM068666.1_Het_Map.svg, sharks/HepPer/20250422_HepPer_CM068667.1_Het_Map.svg, sharks/HepPer/20250422_HepPer_CM068668.1_Het_Map.svg, sharks/HepPer/20250422_HepPer_CM068669.1_Het_Map.svg, sharks/HepPer/20250422_HepPer_CM068670.1_Het_Map.svg, sharks/HepPer/20250422_HepPer_CM068671.1_Het_Map.svg, sharks/HepPer/20250422_HepPer_CM068672.1_Het_Map.svg, sharks/HepPer/20250422_HepPer_CM068673.1_Het_Map.svg, sharks/HepPer/20250422_HepPer_CM068674.1_Het_Map.svg, sharks/HepPer/20250422_HepPer_CM068675.1_Het_Map.svg, sharks/HepPer/20250422_HepPer_CM068676.1_Het_Map.svg, sharks/HepPer/20250422_HepPer_CM068677.1_Het_Map.svg, sharks/HepPer/20250422_HepPer_CM068678.1_Het_Map.svg, sharks/HepPer/20250422_HepPer_CM068679.1_Het_Map.svg, sharks/HepPer/20250422_HepPer_CM068680.1_Het_Map.svg, sharks/HepPer/20250422_HepPer_CM068681.1_Het_Map.svg, sharks/HepPer/20250422_HepPer_CM068682.1_Het_Map.svg, sharks/HepPer/20250422_HepPer_Het_Whole_Genome_Map.svg
    jobid: 0
    reason: Input files updated by another job: sharks/HepPer/20250422_CM068669.1_het.txt, sharks/HepPer/20250422_HepPer_CM068641.1_Het_Map.svg, sharks/HepPer/20250422_CM068654.1_het.txt, sharks/HepPer/20250422_HepPer_CM068648.1_Het_Map.svg, sharks/HepPer/20250422_HepPer_CM068661.1_Het_Map.svg, sharks/HepPer/20250422_CM068664.1_het.txt, sharks/HepPer/20250422_HepPer_CM068672.1_Het_Map.svg, sharks/HepPer/20250422_HepPer_CM068644.1_Het_Map.svg, sharks/HepPer/20250422_HepPer_CM068646.1_Het_Map.svg, sharks/HepPer/20250422_HepPer_CM068640.1_Het_Map.svg, sharks/HepPer/20250422_HepPer_per_chr_mean_heterozygosity.txt, sharks/HepPer/20250422_CM068648.1_het.txt, sharks/HepPer/20250422_CM068652.1_het.txt, sharks/HepPer/20250422_CM068670.1_het.txt, sharks/HepPer/20250422_HepPer_CM068678.1_Het_Map.svg, sharks/HepPer/20250422_HepPer_CM068669.1_Het_Map.svg, sharks/HepPer/20250422_CM068672.1_het.txt, sharks/HepPer/20250422_HepPer_CM068666.1_Het_Map.svg, sharks/HepPer/20250422_HepPer_CM068668.1_Het_Map.svg, sharks/HepPer/20250422_HepPer_CM068676.1_Het_Map.svg, sharks/HepPer/20250422_HepPer_CM068637.1_Het_Map.svg, sharks/HepPer/20250422_HepPer_CM068653.1_Het_Map.svg, sharks/HepPer/20250422_HepPer_CM068642.1_Het_Map.svg, sharks/HepPer/20250422_CM068674.1_het.txt, sharks/HepPer/20250422_CM068671.1_het.txt, sharks/HepPer/20250422_CM068662.1_het.txt, sharks/HepPer/20250422_CM068659.1_het.txt, sharks/HepPer/20250422_HepPer_CM068673.1_Het_Map.svg, sharks/HepPer/20250422_CM068668.1_het.txt, sharks/HepPer/HepPer_Het_Compiled.tsv, sharks/HepPer/20250422_HepPer_CM068677.1_Het_Map.svg, sharks/HepPer/20250422_HepPer_CM068675.1_Het_Map.svg, sharks/HepPer/20250422_CM068638.1_het.txt, sharks/HepPer/20250422_CM068639.1_het.txt, sharks/HepPer/20250422_CM068641.1_het.txt, sharks/HepPer/20250422_HepPer_CM068665.1_Het_Map.svg, sharks/HepPer/20250422_HepPer_CM068671.1_Het_Map.svg, sharks/HepPer/20250422_HepPer_CM068643.1_Het_Map.svg, sharks/HepPer/20250422_CM068651.1_het.txt, sharks/HepPer/20250422_HepPer_CM068681.1_Het_Map.svg, sharks/HepPer/20250422_CM068660.1_het.txt, sharks/HepPer/20250422_HepPer_CM068657.1_Het_Map.svg, sharks/HepPer/20250422_HepPer_CM068670.1_Het_Map.svg, sharks/HepPer/20250422_CM068661.1_het.txt, sharks/HepPer/20250422_CM068655.1_het.txt, sharks/HepPer/20250422_CM068675.1_het.txt, sharks/HepPer/20250422_CM068679.1_het.txt, sharks/HepPer/20250422_HepPer_CM068654.1_Het_Map.svg, sharks/HepPer/20250422_CM068658.1_het.txt, sharks/HepPer/20250422_CM068642.1_het.txt, sharks/HepPer/20250422_HepPer_CM068659.1_Het_Map.svg, sharks/HepPer/20250422_HepPer_CM068663.1_Het_Map.svg, sharks/HepPer/20250422_HepPer_whole_genome_mean_heterozygosity.txt, sharks/HepPer/20250422_CM068646.1_het.txt, sharks/HepPer/20250422_HepPer_CM068651.1_Het_Map.svg, sharks/HepPer/20250422_HepPer_CM068664.1_Het_Map.svg, sharks/HepPer/20250422_HepPer_CM068655.1_Het_Map.svg, sharks/HepPer/20250422_HepPer_CM068660.1_Het_Map.svg, sharks/HepPer/20250422_CM068682.1_het.txt, sharks/HepPer/20250422_HepPer_CM068639.1_Het_Map.svg, sharks/HepPer/20250422_CM068649.1_het.txt, sharks/HepPer/20250422_CM068657.1_het.txt, sharks/HepPer/20250422_CM068643.1_het.txt, sharks/HepPer/20250422_HepPer_CM068638.1_Het_Map.svg, sharks/HepPer/20250422_HepPer_CM068674.1_Het_Map.svg, sharks/HepPer/20250422_CM068676.1_het.txt, sharks/HepPer/20250422_HepPer_CM068650.1_Het_Map.svg, sharks/HepPer/20250422_HepPer_CM068680.1_Het_Map.svg, sharks/HepPer/20250422_HepPer_CM068662.1_Het_Map.svg, sharks/HepPer/20250422_CM068645.1_het.txt, sharks/HepPer/20250422_CM068680.1_het.txt, sharks/HepPer/20250422_CM068673.1_het.txt, sharks/HepPer/20250422_HepPer_CM068667.1_Het_Map.svg, sharks/HepPer/20250422_HepPer_CM068656.1_Het_Map.svg, sharks/HepPer/20250422_HepPer_CM068679.1_Het_Map.svg, sharks/HepPer/20250422_HepPer_CM068658.1_Het_Map.svg, sharks/HepPer/20250422_CM068681.1_het.txt, sharks/HepPer/20250422_CM068644.1_het.txt, sharks/HepPer/20250422_CM068653.1_het.txt, sharks/HepPer/20250422_HepPer_CM068649.1_Het_Map.svg, sharks/HepPer/20250422_CM068663.1_het.txt, sharks/HepPer/20250422_HepPer_Het_Whole_Genome_Map.svg, sharks/HepPer/20250422_CM068666.1_het.txt, sharks/HepPer/20250422_CM068665.1_het.txt, sharks/HepPer/20250422_CM068667.1_het.txt, sharks/HepPer/20250422_CM068647.1_het.txt, sharks/HepPer/20250422_CM068656.1_het.txt, sharks/HepPer/20250422_CM068650.1_het.txt, sharks/HepPer/20250422_HepPer_CM068652.1_Het_Map.svg, sharks/HepPer/20250422_HepPer_CM068682.1_Het_Map.svg, sharks/HepPer/20250422_HepPer_CM068645.1_Het_Map.svg, sharks/HepPer/20250422_CM068678.1_het.txt, sharks/HepPer/20250422_CM068640.1_het.txt, sharks/HepPer/20250422_CM068677.1_het.txt, sharks/HepPer/20250422_HepPer_CM068647.1_Het_Map.svg
    resources: tmpdir=/tmp

[Tue May  6 10:18:33 2025]
Finished job 0.
95 of 95 steps (100%) done
Complete log: .snakemake/log/2025-05-06T101543.438917.snakemake.log
