host: login-p-3
Building DAG of jobs...
Using shell: /usr/bin/bash
Provided cores: 56
Rules claiming more threads will be scaled down.
Job stats:
job                 count
----------------  -------
FROH_PER_AUT_CHR       51
Plot_ROH                1
WHOLE_FROH              1
all                     1
total                  54

Select jobs to execute...
Execute 53 jobs...

[Fri Apr 25 10:22:46 2025]
localrule FROH_PER_AUT_CHR:
    input: sharks/HetFra/HetFra_ROH_Results.csv, sharks/HetFra/Reference_HetFra_Chroms_Lengths.txt, sharks/chrom_lists/GCA_036365495.1_chroms.txt, sharks/HetFra/temp/20250411_CM071006.1_Var_Only.txt
    output: sharks/HetFra/20250411_CM071006.1_GCA_036365495.1_FROH.txt
    jobid: 213
    reason: Missing output files: sharks/HetFra/20250411_CM071006.1_GCA_036365495.1_FROH.txt
    wildcards: CLADE=sharks, SPEC_NAME=HetFra, TODAY_DATE=20250411, CHR=CM071006.1, REF_NAME=GCA_036365495.1
    resources: tmpdir=/tmp


[Fri Apr 25 10:22:46 2025]
localrule FROH_PER_AUT_CHR:
    input: sharks/HetFra/HetFra_ROH_Results.csv, sharks/HetFra/Reference_HetFra_Chroms_Lengths.txt, sharks/chrom_lists/GCA_036365495.1_chroms.txt, sharks/HetFra/temp/20250411_CM070999.1_Var_Only.txt
    output: sharks/HetFra/20250411_CM070999.1_GCA_036365495.1_FROH.txt
    jobid: 206
    reason: Missing output files: sharks/HetFra/20250411_CM070999.1_GCA_036365495.1_FROH.txt
    wildcards: CLADE=sharks, SPEC_NAME=HetFra, TODAY_DATE=20250411, CHR=CM070999.1, REF_NAME=GCA_036365495.1
    resources: tmpdir=/tmp


[Fri Apr 25 10:22:46 2025]
localrule FROH_PER_AUT_CHR:
    input: sharks/HetFra/HetFra_ROH_Results.csv, sharks/HetFra/Reference_HetFra_Chroms_Lengths.txt, sharks/chrom_lists/GCA_036365495.1_chroms.txt, sharks/HetFra/temp/20250411_CM070992.1_Var_Only.txt
    output: sharks/HetFra/20250411_CM070992.1_GCA_036365495.1_FROH.txt
    jobid: 199
    reason: Missing output files: sharks/HetFra/20250411_CM070992.1_GCA_036365495.1_FROH.txt
    wildcards: CLADE=sharks, SPEC_NAME=HetFra, TODAY_DATE=20250411, CHR=CM070992.1, REF_NAME=GCA_036365495.1
    resources: tmpdir=/tmp


[Fri Apr 25 10:22:46 2025]
localrule FROH_PER_AUT_CHR:
    input: sharks/HetFra/HetFra_ROH_Results.csv, sharks/HetFra/Reference_HetFra_Chroms_Lengths.txt, sharks/chrom_lists/GCA_036365495.1_chroms.txt, sharks/HetFra/temp/20250411_CM070986.1_Var_Only.txt
    output: sharks/HetFra/20250411_CM070986.1_GCA_036365495.1_FROH.txt
    jobid: 193
    reason: Missing output files: sharks/HetFra/20250411_CM070986.1_GCA_036365495.1_FROH.txt
    wildcards: CLADE=sharks, SPEC_NAME=HetFra, TODAY_DATE=20250411, CHR=CM070986.1, REF_NAME=GCA_036365495.1
    resources: tmpdir=/tmp


[Fri Apr 25 10:22:46 2025]
localrule FROH_PER_AUT_CHR:
    input: sharks/HetFra/HetFra_ROH_Results.csv, sharks/HetFra/Reference_HetFra_Chroms_Lengths.txt, sharks/chrom_lists/GCA_036365495.1_chroms.txt, sharks/HetFra/temp/20250411_CM070979.1_Var_Only.txt
    output: sharks/HetFra/20250411_CM070979.1_GCA_036365495.1_FROH.txt
    jobid: 186
    reason: Missing output files: sharks/HetFra/20250411_CM070979.1_GCA_036365495.1_FROH.txt
    wildcards: CLADE=sharks, SPEC_NAME=HetFra, TODAY_DATE=20250411, CHR=CM070979.1, REF_NAME=GCA_036365495.1
    resources: tmpdir=/tmp


[Fri Apr 25 10:22:46 2025]
localrule FROH_PER_AUT_CHR:
    input: sharks/HetFra/HetFra_ROH_Results.csv, sharks/HetFra/Reference_HetFra_Chroms_Lengths.txt, sharks/chrom_lists/GCA_036365495.1_chroms.txt, sharks/HetFra/temp/20250411_CM070972.1_Var_Only.txt
    output: sharks/HetFra/20250411_CM070972.1_GCA_036365495.1_FROH.txt
    jobid: 179
    reason: Missing output files: sharks/HetFra/20250411_CM070972.1_GCA_036365495.1_FROH.txt
    wildcards: CLADE=sharks, SPEC_NAME=HetFra, TODAY_DATE=20250411, CHR=CM070972.1, REF_NAME=GCA_036365495.1
    resources: tmpdir=/tmp


[Fri Apr 25 10:22:46 2025]
localrule FROH_PER_AUT_CHR:
    input: sharks/HetFra/HetFra_ROH_Results.csv, sharks/HetFra/Reference_HetFra_Chroms_Lengths.txt, sharks/chrom_lists/GCA_036365495.1_chroms.txt, sharks/HetFra/temp/20250411_CM070965.1_Var_Only.txt
    output: sharks/HetFra/20250411_CM070965.1_GCA_036365495.1_FROH.txt
    jobid: 172
    reason: Missing output files: sharks/HetFra/20250411_CM070965.1_GCA_036365495.1_FROH.txt
    wildcards: CLADE=sharks, SPEC_NAME=HetFra, TODAY_DATE=20250411, CHR=CM070965.1, REF_NAME=GCA_036365495.1
    resources: tmpdir=/tmp


[Fri Apr 25 10:22:46 2025]
localrule FROH_PER_AUT_CHR:
    input: sharks/HetFra/HetFra_ROH_Results.csv, sharks/HetFra/Reference_HetFra_Chroms_Lengths.txt, sharks/chrom_lists/GCA_036365495.1_chroms.txt, sharks/HetFra/temp/20250411_CM071007.1_Var_Only.txt
    output: sharks/HetFra/20250411_CM071007.1_GCA_036365495.1_FROH.txt
    jobid: 214
    reason: Missing output files: sharks/HetFra/20250411_CM071007.1_GCA_036365495.1_FROH.txt
    wildcards: CLADE=sharks, SPEC_NAME=HetFra, TODAY_DATE=20250411, CHR=CM071007.1, REF_NAME=GCA_036365495.1
    resources: tmpdir=/tmp


[Fri Apr 25 10:22:46 2025]
localrule FROH_PER_AUT_CHR:
    input: sharks/HetFra/HetFra_ROH_Results.csv, sharks/HetFra/Reference_HetFra_Chroms_Lengths.txt, sharks/chrom_lists/GCA_036365495.1_chroms.txt, sharks/HetFra/temp/20250411_CM071000.1_Var_Only.txt
    output: sharks/HetFra/20250411_CM071000.1_GCA_036365495.1_FROH.txt
    jobid: 207
    reason: Missing output files: sharks/HetFra/20250411_CM071000.1_GCA_036365495.1_FROH.txt
    wildcards: CLADE=sharks, SPEC_NAME=HetFra, TODAY_DATE=20250411, CHR=CM071000.1, REF_NAME=GCA_036365495.1
    resources: tmpdir=/tmp


[Fri Apr 25 10:22:46 2025]
localrule FROH_PER_AUT_CHR:
    input: sharks/HetFra/HetFra_ROH_Results.csv, sharks/HetFra/Reference_HetFra_Chroms_Lengths.txt, sharks/chrom_lists/GCA_036365495.1_chroms.txt, sharks/HetFra/temp/20250411_CM070993.1_Var_Only.txt
    output: sharks/HetFra/20250411_CM070993.1_GCA_036365495.1_FROH.txt
    jobid: 200
    reason: Missing output files: sharks/HetFra/20250411_CM070993.1_GCA_036365495.1_FROH.txt
    wildcards: CLADE=sharks, SPEC_NAME=HetFra, TODAY_DATE=20250411, CHR=CM070993.1, REF_NAME=GCA_036365495.1
    resources: tmpdir=/tmp


[Fri Apr 25 10:22:46 2025]
localrule FROH_PER_AUT_CHR:
    input: sharks/HetFra/HetFra_ROH_Results.csv, sharks/HetFra/Reference_HetFra_Chroms_Lengths.txt, sharks/chrom_lists/GCA_036365495.1_chroms.txt, sharks/HetFra/temp/20250411_CM070987.1_Var_Only.txt
    output: sharks/HetFra/20250411_CM070987.1_GCA_036365495.1_FROH.txt
    jobid: 194
    reason: Missing output files: sharks/HetFra/20250411_CM070987.1_GCA_036365495.1_FROH.txt
    wildcards: CLADE=sharks, SPEC_NAME=HetFra, TODAY_DATE=20250411, CHR=CM070987.1, REF_NAME=GCA_036365495.1
    resources: tmpdir=/tmp


[Fri Apr 25 10:22:46 2025]
localrule FROH_PER_AUT_CHR:
    input: sharks/HetFra/HetFra_ROH_Results.csv, sharks/HetFra/Reference_HetFra_Chroms_Lengths.txt, sharks/chrom_lists/GCA_036365495.1_chroms.txt, sharks/HetFra/temp/20250411_CM070980.1_Var_Only.txt
    output: sharks/HetFra/20250411_CM070980.1_GCA_036365495.1_FROH.txt
    jobid: 187
    reason: Missing output files: sharks/HetFra/20250411_CM070980.1_GCA_036365495.1_FROH.txt
    wildcards: CLADE=sharks, SPEC_NAME=HetFra, TODAY_DATE=20250411, CHR=CM070980.1, REF_NAME=GCA_036365495.1
    resources: tmpdir=/tmp


[Fri Apr 25 10:22:46 2025]
localrule FROH_PER_AUT_CHR:
    input: sharks/HetFra/HetFra_ROH_Results.csv, sharks/HetFra/Reference_HetFra_Chroms_Lengths.txt, sharks/chrom_lists/GCA_036365495.1_chroms.txt, sharks/HetFra/temp/20250411_CM070973.1_Var_Only.txt
    output: sharks/HetFra/20250411_CM070973.1_GCA_036365495.1_FROH.txt
    jobid: 180
    reason: Missing output files: sharks/HetFra/20250411_CM070973.1_GCA_036365495.1_FROH.txt
    wildcards: CLADE=sharks, SPEC_NAME=HetFra, TODAY_DATE=20250411, CHR=CM070973.1, REF_NAME=GCA_036365495.1
    resources: tmpdir=/tmp


[Fri Apr 25 10:22:46 2025]
localrule FROH_PER_AUT_CHR:
    input: sharks/HetFra/HetFra_ROH_Results.csv, sharks/HetFra/Reference_HetFra_Chroms_Lengths.txt, sharks/chrom_lists/GCA_036365495.1_chroms.txt, sharks/HetFra/temp/20250411_CM070966.1_Var_Only.txt
    output: sharks/HetFra/20250411_CM070966.1_GCA_036365495.1_FROH.txt
    jobid: 173
    reason: Missing output files: sharks/HetFra/20250411_CM070966.1_GCA_036365495.1_FROH.txt
    wildcards: CLADE=sharks, SPEC_NAME=HetFra, TODAY_DATE=20250411, CHR=CM070966.1, REF_NAME=GCA_036365495.1
    resources: tmpdir=/tmp


[Fri Apr 25 10:22:46 2025]
localrule FROH_PER_AUT_CHR:
    input: sharks/HetFra/HetFra_ROH_Results.csv, sharks/HetFra/Reference_HetFra_Chroms_Lengths.txt, sharks/chrom_lists/GCA_036365495.1_chroms.txt, sharks/HetFra/temp/20250411_CM071008.1_Var_Only.txt
    output: sharks/HetFra/20250411_CM071008.1_GCA_036365495.1_FROH.txt
    jobid: 215
    reason: Missing output files: sharks/HetFra/20250411_CM071008.1_GCA_036365495.1_FROH.txt
    wildcards: CLADE=sharks, SPEC_NAME=HetFra, TODAY_DATE=20250411, CHR=CM071008.1, REF_NAME=GCA_036365495.1
    resources: tmpdir=/tmp


[Fri Apr 25 10:22:46 2025]
localrule FROH_PER_AUT_CHR:
    input: sharks/HetFra/HetFra_ROH_Results.csv, sharks/HetFra/Reference_HetFra_Chroms_Lengths.txt, sharks/chrom_lists/GCA_036365495.1_chroms.txt, sharks/HetFra/temp/20250411_CM071001.1_Var_Only.txt
    output: sharks/HetFra/20250411_CM071001.1_GCA_036365495.1_FROH.txt
    jobid: 208
    reason: Missing output files: sharks/HetFra/20250411_CM071001.1_GCA_036365495.1_FROH.txt
    wildcards: CLADE=sharks, SPEC_NAME=HetFra, TODAY_DATE=20250411, CHR=CM071001.1, REF_NAME=GCA_036365495.1
    resources: tmpdir=/tmp


[Fri Apr 25 10:22:46 2025]
localrule FROH_PER_AUT_CHR:
    input: sharks/HetFra/HetFra_ROH_Results.csv, sharks/HetFra/Reference_HetFra_Chroms_Lengths.txt, sharks/chrom_lists/GCA_036365495.1_chroms.txt, sharks/HetFra/temp/20250411_CM070994.1_Var_Only.txt
    output: sharks/HetFra/20250411_CM070994.1_GCA_036365495.1_FROH.txt
    jobid: 201
    reason: Missing output files: sharks/HetFra/20250411_CM070994.1_GCA_036365495.1_FROH.txt
    wildcards: CLADE=sharks, SPEC_NAME=HetFra, TODAY_DATE=20250411, CHR=CM070994.1, REF_NAME=GCA_036365495.1
    resources: tmpdir=/tmp


[Fri Apr 25 10:22:46 2025]
localrule FROH_PER_AUT_CHR:
    input: sharks/HetFra/HetFra_ROH_Results.csv, sharks/HetFra/Reference_HetFra_Chroms_Lengths.txt, sharks/chrom_lists/GCA_036365495.1_chroms.txt, sharks/HetFra/temp/20250411_CM070988.1_Var_Only.txt
    output: sharks/HetFra/20250411_CM070988.1_GCA_036365495.1_FROH.txt
    jobid: 195
    reason: Missing output files: sharks/HetFra/20250411_CM070988.1_GCA_036365495.1_FROH.txt
    wildcards: CLADE=sharks, SPEC_NAME=HetFra, TODAY_DATE=20250411, CHR=CM070988.1, REF_NAME=GCA_036365495.1
    resources: tmpdir=/tmp


[Fri Apr 25 10:22:46 2025]
localrule FROH_PER_AUT_CHR:
    input: sharks/HetFra/HetFra_ROH_Results.csv, sharks/HetFra/Reference_HetFra_Chroms_Lengths.txt, sharks/chrom_lists/GCA_036365495.1_chroms.txt, sharks/HetFra/temp/20250411_CM070981.1_Var_Only.txt
    output: sharks/HetFra/20250411_CM070981.1_GCA_036365495.1_FROH.txt
    jobid: 188
    reason: Missing output files: sharks/HetFra/20250411_CM070981.1_GCA_036365495.1_FROH.txt
    wildcards: CLADE=sharks, SPEC_NAME=HetFra, TODAY_DATE=20250411, CHR=CM070981.1, REF_NAME=GCA_036365495.1
    resources: tmpdir=/tmp


[Fri Apr 25 10:22:46 2025]
localrule FROH_PER_AUT_CHR:
    input: sharks/HetFra/HetFra_ROH_Results.csv, sharks/HetFra/Reference_HetFra_Chroms_Lengths.txt, sharks/chrom_lists/GCA_036365495.1_chroms.txt, sharks/HetFra/temp/20250411_CM070974.1_Var_Only.txt
    output: sharks/HetFra/20250411_CM070974.1_GCA_036365495.1_FROH.txt
    jobid: 181
    reason: Missing output files: sharks/HetFra/20250411_CM070974.1_GCA_036365495.1_FROH.txt
    wildcards: CLADE=sharks, SPEC_NAME=HetFra, TODAY_DATE=20250411, CHR=CM070974.1, REF_NAME=GCA_036365495.1
    resources: tmpdir=/tmp


[Fri Apr 25 10:22:46 2025]
localrule FROH_PER_AUT_CHR:
    input: sharks/HetFra/HetFra_ROH_Results.csv, sharks/HetFra/Reference_HetFra_Chroms_Lengths.txt, sharks/chrom_lists/GCA_036365495.1_chroms.txt, sharks/HetFra/temp/20250411_CM070967.1_Var_Only.txt
    output: sharks/HetFra/20250411_CM070967.1_GCA_036365495.1_FROH.txt
    jobid: 174
    reason: Missing output files: sharks/HetFra/20250411_CM070967.1_GCA_036365495.1_FROH.txt
    wildcards: CLADE=sharks, SPEC_NAME=HetFra, TODAY_DATE=20250411, CHR=CM070967.1, REF_NAME=GCA_036365495.1
    resources: tmpdir=/tmp


[Fri Apr 25 10:22:46 2025]
localrule FROH_PER_AUT_CHR:
    input: sharks/HetFra/HetFra_ROH_Results.csv, sharks/HetFra/Reference_HetFra_Chroms_Lengths.txt, sharks/chrom_lists/GCA_036365495.1_chroms.txt, sharks/HetFra/temp/20250411_CM071009.1_Var_Only.txt
    output: sharks/HetFra/20250411_CM071009.1_GCA_036365495.1_FROH.txt
    jobid: 216
    reason: Missing output files: sharks/HetFra/20250411_CM071009.1_GCA_036365495.1_FROH.txt
    wildcards: CLADE=sharks, SPEC_NAME=HetFra, TODAY_DATE=20250411, CHR=CM071009.1, REF_NAME=GCA_036365495.1
    resources: tmpdir=/tmp


[Fri Apr 25 10:22:47 2025]
localrule FROH_PER_AUT_CHR:
    input: sharks/HetFra/HetFra_ROH_Results.csv, sharks/HetFra/Reference_HetFra_Chroms_Lengths.txt, sharks/chrom_lists/GCA_036365495.1_chroms.txt, sharks/HetFra/temp/20250411_CM071002.1_Var_Only.txt
    output: sharks/HetFra/20250411_CM071002.1_GCA_036365495.1_FROH.txt
    jobid: 209
    reason: Missing output files: sharks/HetFra/20250411_CM071002.1_GCA_036365495.1_FROH.txt
    wildcards: CLADE=sharks, SPEC_NAME=HetFra, TODAY_DATE=20250411, CHR=CM071002.1, REF_NAME=GCA_036365495.1
    resources: tmpdir=/tmp


[Fri Apr 25 10:22:47 2025]
localrule FROH_PER_AUT_CHR:
    input: sharks/HetFra/HetFra_ROH_Results.csv, sharks/HetFra/Reference_HetFra_Chroms_Lengths.txt, sharks/chrom_lists/GCA_036365495.1_chroms.txt, sharks/HetFra/temp/20250411_CM070995.1_Var_Only.txt
    output: sharks/HetFra/20250411_CM070995.1_GCA_036365495.1_FROH.txt
    jobid: 202
    reason: Missing output files: sharks/HetFra/20250411_CM070995.1_GCA_036365495.1_FROH.txt
    wildcards: CLADE=sharks, SPEC_NAME=HetFra, TODAY_DATE=20250411, CHR=CM070995.1, REF_NAME=GCA_036365495.1
    resources: tmpdir=/tmp


[Fri Apr 25 10:22:47 2025]
localrule FROH_PER_AUT_CHR:
    input: sharks/HetFra/HetFra_ROH_Results.csv, sharks/HetFra/Reference_HetFra_Chroms_Lengths.txt, sharks/chrom_lists/GCA_036365495.1_chroms.txt, sharks/HetFra/temp/20250411_CM070989.1_Var_Only.txt
    output: sharks/HetFra/20250411_CM070989.1_GCA_036365495.1_FROH.txt
    jobid: 196
    reason: Missing output files: sharks/HetFra/20250411_CM070989.1_GCA_036365495.1_FROH.txt
    wildcards: CLADE=sharks, SPEC_NAME=HetFra, TODAY_DATE=20250411, CHR=CM070989.1, REF_NAME=GCA_036365495.1
    resources: tmpdir=/tmp


[Fri Apr 25 10:22:47 2025]
localrule FROH_PER_AUT_CHR:
    input: sharks/HetFra/HetFra_ROH_Results.csv, sharks/HetFra/Reference_HetFra_Chroms_Lengths.txt, sharks/chrom_lists/GCA_036365495.1_chroms.txt, sharks/HetFra/temp/20250411_CM070982.1_Var_Only.txt
    output: sharks/HetFra/20250411_CM070982.1_GCA_036365495.1_FROH.txt
    jobid: 189
    reason: Missing output files: sharks/HetFra/20250411_CM070982.1_GCA_036365495.1_FROH.txt
    wildcards: CLADE=sharks, SPEC_NAME=HetFra, TODAY_DATE=20250411, CHR=CM070982.1, REF_NAME=GCA_036365495.1
    resources: tmpdir=/tmp


[Fri Apr 25 10:22:47 2025]
localrule FROH_PER_AUT_CHR:
    input: sharks/HetFra/HetFra_ROH_Results.csv, sharks/HetFra/Reference_HetFra_Chroms_Lengths.txt, sharks/chrom_lists/GCA_036365495.1_chroms.txt, sharks/HetFra/temp/20250411_CM070975.1_Var_Only.txt
    output: sharks/HetFra/20250411_CM070975.1_GCA_036365495.1_FROH.txt
    jobid: 182
    reason: Missing output files: sharks/HetFra/20250411_CM070975.1_GCA_036365495.1_FROH.txt
    wildcards: CLADE=sharks, SPEC_NAME=HetFra, TODAY_DATE=20250411, CHR=CM070975.1, REF_NAME=GCA_036365495.1
    resources: tmpdir=/tmp


[Fri Apr 25 10:22:47 2025]
localrule FROH_PER_AUT_CHR:
    input: sharks/HetFra/HetFra_ROH_Results.csv, sharks/HetFra/Reference_HetFra_Chroms_Lengths.txt, sharks/chrom_lists/GCA_036365495.1_chroms.txt, sharks/HetFra/temp/20250411_CM070968.1_Var_Only.txt
    output: sharks/HetFra/20250411_CM070968.1_GCA_036365495.1_FROH.txt
    jobid: 175
    reason: Missing output files: sharks/HetFra/20250411_CM070968.1_GCA_036365495.1_FROH.txt
    wildcards: CLADE=sharks, SPEC_NAME=HetFra, TODAY_DATE=20250411, CHR=CM070968.1, REF_NAME=GCA_036365495.1
    resources: tmpdir=/tmp


[Fri Apr 25 10:22:47 2025]
localrule Plot_ROH:
    input: sharks/HetFra/HetFra_ROH_Results.csv, sharks/HetFra/Reference_HetFra_Chroms_Lengths.txt
    output: sharks/HetFra/20250411_HetFra_ROH_Map.pdf
    jobid: 168
    reason: Missing output files: sharks/HetFra/20250411_HetFra_ROH_Map.pdf
    wildcards: CLADE=sharks, SPEC_NAME=HetFra, TODAY_DATE=20250411
    resources: tmpdir=/tmp


[Fri Apr 25 10:22:47 2025]
localrule FROH_PER_AUT_CHR:
    input: sharks/HetFra/HetFra_ROH_Results.csv, sharks/HetFra/Reference_HetFra_Chroms_Lengths.txt, sharks/chrom_lists/GCA_036365495.1_chroms.txt, sharks/HetFra/temp/20250411_CM071010.1_Var_Only.txt
    output: sharks/HetFra/20250411_CM071010.1_GCA_036365495.1_FROH.txt
    jobid: 217
    reason: Missing output files: sharks/HetFra/20250411_CM071010.1_GCA_036365495.1_FROH.txt
    wildcards: CLADE=sharks, SPEC_NAME=HetFra, TODAY_DATE=20250411, CHR=CM071010.1, REF_NAME=GCA_036365495.1
    resources: tmpdir=/tmp


[Fri Apr 25 10:22:47 2025]
localrule FROH_PER_AUT_CHR:
    input: sharks/HetFra/HetFra_ROH_Results.csv, sharks/HetFra/Reference_HetFra_Chroms_Lengths.txt, sharks/chrom_lists/GCA_036365495.1_chroms.txt, sharks/HetFra/temp/20250411_CM071003.1_Var_Only.txt
    output: sharks/HetFra/20250411_CM071003.1_GCA_036365495.1_FROH.txt
    jobid: 210
    reason: Missing output files: sharks/HetFra/20250411_CM071003.1_GCA_036365495.1_FROH.txt
    wildcards: CLADE=sharks, SPEC_NAME=HetFra, TODAY_DATE=20250411, CHR=CM071003.1, REF_NAME=GCA_036365495.1
    resources: tmpdir=/tmp


[Fri Apr 25 10:22:47 2025]
localrule FROH_PER_AUT_CHR:
    input: sharks/HetFra/HetFra_ROH_Results.csv, sharks/HetFra/Reference_HetFra_Chroms_Lengths.txt, sharks/chrom_lists/GCA_036365495.1_chroms.txt, sharks/HetFra/temp/20250411_CM070996.1_Var_Only.txt
    output: sharks/HetFra/20250411_CM070996.1_GCA_036365495.1_FROH.txt
    jobid: 203
    reason: Missing output files: sharks/HetFra/20250411_CM070996.1_GCA_036365495.1_FROH.txt
    wildcards: CLADE=sharks, SPEC_NAME=HetFra, TODAY_DATE=20250411, CHR=CM070996.1, REF_NAME=GCA_036365495.1
    resources: tmpdir=/tmp


[Fri Apr 25 10:22:47 2025]
localrule FROH_PER_AUT_CHR:
    input: sharks/HetFra/HetFra_ROH_Results.csv, sharks/HetFra/Reference_HetFra_Chroms_Lengths.txt, sharks/chrom_lists/GCA_036365495.1_chroms.txt, sharks/HetFra/temp/20250411_CM070990.1_Var_Only.txt
    output: sharks/HetFra/20250411_CM070990.1_GCA_036365495.1_FROH.txt
    jobid: 197
    reason: Missing output files: sharks/HetFra/20250411_CM070990.1_GCA_036365495.1_FROH.txt
    wildcards: CLADE=sharks, SPEC_NAME=HetFra, TODAY_DATE=20250411, CHR=CM070990.1, REF_NAME=GCA_036365495.1
    resources: tmpdir=/tmp


[Fri Apr 25 10:22:47 2025]
localrule FROH_PER_AUT_CHR:
    input: sharks/HetFra/HetFra_ROH_Results.csv, sharks/HetFra/Reference_HetFra_Chroms_Lengths.txt, sharks/chrom_lists/GCA_036365495.1_chroms.txt, sharks/HetFra/temp/20250411_CM070983.1_Var_Only.txt
    output: sharks/HetFra/20250411_CM070983.1_GCA_036365495.1_FROH.txt
    jobid: 190
    reason: Missing output files: sharks/HetFra/20250411_CM070983.1_GCA_036365495.1_FROH.txt
    wildcards: CLADE=sharks, SPEC_NAME=HetFra, TODAY_DATE=20250411, CHR=CM070983.1, REF_NAME=GCA_036365495.1
    resources: tmpdir=/tmp


[Fri Apr 25 10:22:47 2025]
localrule FROH_PER_AUT_CHR:
    input: sharks/HetFra/HetFra_ROH_Results.csv, sharks/HetFra/Reference_HetFra_Chroms_Lengths.txt, sharks/chrom_lists/GCA_036365495.1_chroms.txt, sharks/HetFra/temp/20250411_CM070976.1_Var_Only.txt
    output: sharks/HetFra/20250411_CM070976.1_GCA_036365495.1_FROH.txt
    jobid: 183
    reason: Missing output files: sharks/HetFra/20250411_CM070976.1_GCA_036365495.1_FROH.txt
    wildcards: CLADE=sharks, SPEC_NAME=HetFra, TODAY_DATE=20250411, CHR=CM070976.1, REF_NAME=GCA_036365495.1
    resources: tmpdir=/tmp


[Fri Apr 25 10:22:48 2025]
localrule FROH_PER_AUT_CHR:
    input: sharks/HetFra/HetFra_ROH_Results.csv, sharks/HetFra/Reference_HetFra_Chroms_Lengths.txt, sharks/chrom_lists/GCA_036365495.1_chroms.txt, sharks/HetFra/temp/20250411_CM070969.1_Var_Only.txt
    output: sharks/HetFra/20250411_CM070969.1_GCA_036365495.1_FROH.txt
    jobid: 176
    reason: Missing output files: sharks/HetFra/20250411_CM070969.1_GCA_036365495.1_FROH.txt
    wildcards: CLADE=sharks, SPEC_NAME=HetFra, TODAY_DATE=20250411, CHR=CM070969.1, REF_NAME=GCA_036365495.1
    resources: tmpdir=/tmp


[Fri Apr 25 10:22:48 2025]
localrule FROH_PER_AUT_CHR:
    input: sharks/HetFra/HetFra_ROH_Results.csv, sharks/HetFra/Reference_HetFra_Chroms_Lengths.txt, sharks/chrom_lists/GCA_036365495.1_chroms.txt, sharks/HetFra/temp/20250411_CM070962.1_Var_Only.txt
    output: sharks/HetFra/20250411_CM070962.1_GCA_036365495.1_FROH.txt
    jobid: 169
    reason: Missing output files: sharks/HetFra/20250411_CM070962.1_GCA_036365495.1_FROH.txt
    wildcards: CLADE=sharks, SPEC_NAME=HetFra, TODAY_DATE=20250411, CHR=CM070962.1, REF_NAME=GCA_036365495.1
    resources: tmpdir=/tmp


[Fri Apr 25 10:22:48 2025]
localrule FROH_PER_AUT_CHR:
    input: sharks/HetFra/HetFra_ROH_Results.csv, sharks/HetFra/Reference_HetFra_Chroms_Lengths.txt, sharks/chrom_lists/GCA_036365495.1_chroms.txt, sharks/HetFra/temp/20250411_CM071011.1_Var_Only.txt
    output: sharks/HetFra/20250411_CM071011.1_GCA_036365495.1_FROH.txt
    jobid: 218
    reason: Missing output files: sharks/HetFra/20250411_CM071011.1_GCA_036365495.1_FROH.txt
    wildcards: CLADE=sharks, SPEC_NAME=HetFra, TODAY_DATE=20250411, CHR=CM071011.1, REF_NAME=GCA_036365495.1
    resources: tmpdir=/tmp


[Fri Apr 25 10:22:48 2025]
localrule FROH_PER_AUT_CHR:
    input: sharks/HetFra/HetFra_ROH_Results.csv, sharks/HetFra/Reference_HetFra_Chroms_Lengths.txt, sharks/chrom_lists/GCA_036365495.1_chroms.txt, sharks/HetFra/temp/20250411_CM071004.1_Var_Only.txt
    output: sharks/HetFra/20250411_CM071004.1_GCA_036365495.1_FROH.txt
    jobid: 211
    reason: Missing output files: sharks/HetFra/20250411_CM071004.1_GCA_036365495.1_FROH.txt
    wildcards: CLADE=sharks, SPEC_NAME=HetFra, TODAY_DATE=20250411, CHR=CM071004.1, REF_NAME=GCA_036365495.1
    resources: tmpdir=/tmp


[Fri Apr 25 10:22:48 2025]
localrule FROH_PER_AUT_CHR:
    input: sharks/HetFra/HetFra_ROH_Results.csv, sharks/HetFra/Reference_HetFra_Chroms_Lengths.txt, sharks/chrom_lists/GCA_036365495.1_chroms.txt, sharks/HetFra/temp/20250411_CM070997.1_Var_Only.txt
    output: sharks/HetFra/20250411_CM070997.1_GCA_036365495.1_FROH.txt
    jobid: 204
    reason: Missing output files: sharks/HetFra/20250411_CM070997.1_GCA_036365495.1_FROH.txt
    wildcards: CLADE=sharks, SPEC_NAME=HetFra, TODAY_DATE=20250411, CHR=CM070997.1, REF_NAME=GCA_036365495.1
    resources: tmpdir=/tmp


[Fri Apr 25 10:22:48 2025]
localrule FROH_PER_AUT_CHR:
    input: sharks/HetFra/HetFra_ROH_Results.csv, sharks/HetFra/Reference_HetFra_Chroms_Lengths.txt, sharks/chrom_lists/GCA_036365495.1_chroms.txt, sharks/HetFra/temp/20250411_CM070991.1_Var_Only.txt
    output: sharks/HetFra/20250411_CM070991.1_GCA_036365495.1_FROH.txt
    jobid: 198
    reason: Missing output files: sharks/HetFra/20250411_CM070991.1_GCA_036365495.1_FROH.txt
    wildcards: CLADE=sharks, SPEC_NAME=HetFra, TODAY_DATE=20250411, CHR=CM070991.1, REF_NAME=GCA_036365495.1
    resources: tmpdir=/tmp


[Fri Apr 25 10:22:48 2025]
localrule FROH_PER_AUT_CHR:
    input: sharks/HetFra/HetFra_ROH_Results.csv, sharks/HetFra/Reference_HetFra_Chroms_Lengths.txt, sharks/chrom_lists/GCA_036365495.1_chroms.txt, sharks/HetFra/temp/20250411_CM070984.1_Var_Only.txt
    output: sharks/HetFra/20250411_CM070984.1_GCA_036365495.1_FROH.txt
    jobid: 191
    reason: Missing output files: sharks/HetFra/20250411_CM070984.1_GCA_036365495.1_FROH.txt
    wildcards: CLADE=sharks, SPEC_NAME=HetFra, TODAY_DATE=20250411, CHR=CM070984.1, REF_NAME=GCA_036365495.1
    resources: tmpdir=/tmp


[Fri Apr 25 10:22:48 2025]
localrule FROH_PER_AUT_CHR:
    input: sharks/HetFra/HetFra_ROH_Results.csv, sharks/HetFra/Reference_HetFra_Chroms_Lengths.txt, sharks/chrom_lists/GCA_036365495.1_chroms.txt, sharks/HetFra/temp/20250411_CM070977.1_Var_Only.txt
    output: sharks/HetFra/20250411_CM070977.1_GCA_036365495.1_FROH.txt
    jobid: 184
    reason: Missing output files: sharks/HetFra/20250411_CM070977.1_GCA_036365495.1_FROH.txt
    wildcards: CLADE=sharks, SPEC_NAME=HetFra, TODAY_DATE=20250411, CHR=CM070977.1, REF_NAME=GCA_036365495.1
    resources: tmpdir=/tmp


[Fri Apr 25 10:22:48 2025]
localrule FROH_PER_AUT_CHR:
    input: sharks/HetFra/HetFra_ROH_Results.csv, sharks/HetFra/Reference_HetFra_Chroms_Lengths.txt, sharks/chrom_lists/GCA_036365495.1_chroms.txt, sharks/HetFra/temp/20250411_CM070970.1_Var_Only.txt
    output: sharks/HetFra/20250411_CM070970.1_GCA_036365495.1_FROH.txt
    jobid: 177
    reason: Missing output files: sharks/HetFra/20250411_CM070970.1_GCA_036365495.1_FROH.txt
    wildcards: CLADE=sharks, SPEC_NAME=HetFra, TODAY_DATE=20250411, CHR=CM070970.1, REF_NAME=GCA_036365495.1
    resources: tmpdir=/tmp


[Fri Apr 25 10:22:48 2025]
localrule FROH_PER_AUT_CHR:
    input: sharks/HetFra/HetFra_ROH_Results.csv, sharks/HetFra/Reference_HetFra_Chroms_Lengths.txt, sharks/chrom_lists/GCA_036365495.1_chroms.txt, sharks/HetFra/temp/20250411_CM070963.1_Var_Only.txt
    output: sharks/HetFra/20250411_CM070963.1_GCA_036365495.1_FROH.txt
    jobid: 170
    reason: Missing output files: sharks/HetFra/20250411_CM070963.1_GCA_036365495.1_FROH.txt
    wildcards: CLADE=sharks, SPEC_NAME=HetFra, TODAY_DATE=20250411, CHR=CM070963.1, REF_NAME=GCA_036365495.1
    resources: tmpdir=/tmp


[Fri Apr 25 10:22:49 2025]
localrule FROH_PER_AUT_CHR:
    input: sharks/HetFra/HetFra_ROH_Results.csv, sharks/HetFra/Reference_HetFra_Chroms_Lengths.txt, sharks/chrom_lists/GCA_036365495.1_chroms.txt, sharks/HetFra/temp/20250411_CM071012.1_Var_Only.txt
    output: sharks/HetFra/20250411_CM071012.1_GCA_036365495.1_FROH.txt
    jobid: 219
    reason: Missing output files: sharks/HetFra/20250411_CM071012.1_GCA_036365495.1_FROH.txt
    wildcards: CLADE=sharks, SPEC_NAME=HetFra, TODAY_DATE=20250411, CHR=CM071012.1, REF_NAME=GCA_036365495.1
    resources: tmpdir=/tmp


[Fri Apr 25 10:22:49 2025]
localrule FROH_PER_AUT_CHR:
    input: sharks/HetFra/HetFra_ROH_Results.csv, sharks/HetFra/Reference_HetFra_Chroms_Lengths.txt, sharks/chrom_lists/GCA_036365495.1_chroms.txt, sharks/HetFra/temp/20250411_CM071005.1_Var_Only.txt
    output: sharks/HetFra/20250411_CM071005.1_GCA_036365495.1_FROH.txt
    jobid: 212
    reason: Missing output files: sharks/HetFra/20250411_CM071005.1_GCA_036365495.1_FROH.txt
    wildcards: CLADE=sharks, SPEC_NAME=HetFra, TODAY_DATE=20250411, CHR=CM071005.1, REF_NAME=GCA_036365495.1
    resources: tmpdir=/tmp


[Fri Apr 25 10:22:49 2025]
localrule FROH_PER_AUT_CHR:
    input: sharks/HetFra/HetFra_ROH_Results.csv, sharks/HetFra/Reference_HetFra_Chroms_Lengths.txt, sharks/chrom_lists/GCA_036365495.1_chroms.txt, sharks/HetFra/temp/20250411_CM070998.1_Var_Only.txt
    output: sharks/HetFra/20250411_CM070998.1_GCA_036365495.1_FROH.txt
    jobid: 205
    reason: Missing output files: sharks/HetFra/20250411_CM070998.1_GCA_036365495.1_FROH.txt
    wildcards: CLADE=sharks, SPEC_NAME=HetFra, TODAY_DATE=20250411, CHR=CM070998.1, REF_NAME=GCA_036365495.1
    resources: tmpdir=/tmp


[Fri Apr 25 10:22:49 2025]
localrule FROH_PER_AUT_CHR:
    input: sharks/HetFra/HetFra_ROH_Results.csv, sharks/HetFra/Reference_HetFra_Chroms_Lengths.txt, sharks/chrom_lists/GCA_036365495.1_chroms.txt, sharks/HetFra/temp/20250411_CM070985.1_Var_Only.txt
    output: sharks/HetFra/20250411_CM070985.1_GCA_036365495.1_FROH.txt
    jobid: 192
    reason: Missing output files: sharks/HetFra/20250411_CM070985.1_GCA_036365495.1_FROH.txt
    wildcards: CLADE=sharks, SPEC_NAME=HetFra, TODAY_DATE=20250411, CHR=CM070985.1, REF_NAME=GCA_036365495.1
    resources: tmpdir=/tmp


[Fri Apr 25 10:22:49 2025]
localrule FROH_PER_AUT_CHR:
    input: sharks/HetFra/HetFra_ROH_Results.csv, sharks/HetFra/Reference_HetFra_Chroms_Lengths.txt, sharks/chrom_lists/GCA_036365495.1_chroms.txt, sharks/HetFra/temp/20250411_CM070978.1_Var_Only.txt
    output: sharks/HetFra/20250411_CM070978.1_GCA_036365495.1_FROH.txt
    jobid: 185
    reason: Missing output files: sharks/HetFra/20250411_CM070978.1_GCA_036365495.1_FROH.txt
    wildcards: CLADE=sharks, SPEC_NAME=HetFra, TODAY_DATE=20250411, CHR=CM070978.1, REF_NAME=GCA_036365495.1
    resources: tmpdir=/tmp


[Fri Apr 25 10:22:49 2025]
localrule FROH_PER_AUT_CHR:
    input: sharks/HetFra/HetFra_ROH_Results.csv, sharks/HetFra/Reference_HetFra_Chroms_Lengths.txt, sharks/chrom_lists/GCA_036365495.1_chroms.txt, sharks/HetFra/temp/20250411_CM070971.1_Var_Only.txt
    output: sharks/HetFra/20250411_CM070971.1_GCA_036365495.1_FROH.txt
    jobid: 178
    reason: Missing output files: sharks/HetFra/20250411_CM070971.1_GCA_036365495.1_FROH.txt
    wildcards: CLADE=sharks, SPEC_NAME=HetFra, TODAY_DATE=20250411, CHR=CM070971.1, REF_NAME=GCA_036365495.1
    resources: tmpdir=/tmp


[Fri Apr 25 10:22:49 2025]
localrule FROH_PER_AUT_CHR:
    input: sharks/HetFra/HetFra_ROH_Results.csv, sharks/HetFra/Reference_HetFra_Chroms_Lengths.txt, sharks/chrom_lists/GCA_036365495.1_chroms.txt, sharks/HetFra/temp/20250411_CM070964.1_Var_Only.txt
    output: sharks/HetFra/20250411_CM070964.1_GCA_036365495.1_FROH.txt
    jobid: 171
    reason: Missing output files: sharks/HetFra/20250411_CM070964.1_GCA_036365495.1_FROH.txt
    wildcards: CLADE=sharks, SPEC_NAME=HetFra, TODAY_DATE=20250411, CHR=CM070964.1, REF_NAME=GCA_036365495.1
    resources: tmpdir=/tmp


[Fri Apr 25 10:22:49 2025]
localrule WHOLE_FROH:
    input: sharks/HetFra/HetFra_ROH_Results.csv, sharks/HetFra/Reference_HetFra_Chroms_Lengths.txt, sharks/chrom_lists/GCA_036365495.1_chroms.txt, sharks/HetFra/temp/HetFra_Var_Only.txt
    output: sharks/HetFra/20250411_HetFra_FROH.txt
    jobid: 220
    reason: Missing output files: sharks/HetFra/20250411_HetFra_FROH.txt
    wildcards: CLADE=sharks, SPEC_NAME=HetFra, TODAY_DATE=20250411
    resources: tmpdir=/tmp

[Fri Apr 25 10:23:02 2025]
Finished job 215.
1 of 54 steps (2%) done
[Fri Apr 25 10:23:02 2025]
Finished job 199.
2 of 54 steps (4%) done
[Fri Apr 25 10:23:03 2025]
Finished job 195.
3 of 54 steps (6%) done
[Fri Apr 25 10:23:03 2025]
Finished job 179.
4 of 54 steps (7%) done
[Fri Apr 25 10:23:03 2025]
Finished job 196.
5 of 54 steps (9%) done
[Fri Apr 25 10:23:03 2025]
Finished job 216.
6 of 54 steps (11%) done
[Fri Apr 25 10:23:03 2025]
Finished job 200.
7 of 54 steps (13%) done
[Fri Apr 25 10:23:03 2025]
Finished job 193.
8 of 54 steps (15%) done
[Fri Apr 25 10:23:03 2025]
Finished job 209.
9 of 54 steps (17%) done
[Fri Apr 25 10:23:03 2025]
Finished job 172.
10 of 54 steps (19%) done
[Fri Apr 25 10:23:03 2025]
Finished job 214.
11 of 54 steps (20%) done
[Fri Apr 25 10:23:03 2025]
Finished job 213.
12 of 54 steps (22%) done
[Fri Apr 25 10:23:03 2025]
Finished job 180.
13 of 54 steps (24%) done
[Fri Apr 25 10:23:03 2025]
Finished job 186.
14 of 54 steps (26%) done
[Fri Apr 25 10:23:03 2025]
Finished job 187.
15 of 54 steps (28%) done
[Fri Apr 25 10:23:04 2025]
Finished job 201.
16 of 54 steps (30%) done
[Fri Apr 25 10:23:04 2025]
Finished job 207.
17 of 54 steps (31%) done
[Fri Apr 25 10:23:04 2025]
Finished job 194.
18 of 54 steps (33%) done
[Fri Apr 25 10:23:04 2025]
Finished job 202.
19 of 54 steps (35%) done
[Fri Apr 25 10:23:04 2025]
Finished job 174.
20 of 54 steps (37%) done
[Fri Apr 25 10:23:04 2025]
Finished job 173.
21 of 54 steps (39%) done
[Fri Apr 25 10:23:04 2025]
Finished job 189.
22 of 54 steps (41%) done
[Fri Apr 25 10:23:04 2025]
Finished job 188.
23 of 54 steps (43%) done
[Fri Apr 25 10:23:04 2025]
Finished job 208.
24 of 54 steps (44%) done
[Fri Apr 25 10:23:04 2025]
Finished job 206.
25 of 54 steps (46%) done
[Fri Apr 25 10:23:04 2025]
Finished job 181.
26 of 54 steps (48%) done
[Fri Apr 25 10:23:04 2025]
Finished job 175.
27 of 54 steps (50%) done
[Fri Apr 25 10:23:04 2025]
Finished job 212.
28 of 54 steps (52%) done
[Fri Apr 25 10:23:04 2025]
Finished job 219.
29 of 54 steps (54%) done
[Fri Apr 25 10:23:04 2025]
Finished job 184.
30 of 54 steps (56%) done
[Fri Apr 25 10:23:04 2025]
Finished job 192.
31 of 54 steps (57%) done
[Fri Apr 25 10:23:04 2025]
Finished job 178.
32 of 54 steps (59%) done
[Fri Apr 25 10:23:04 2025]
Finished job 185.
33 of 54 steps (61%) done
[Fri Apr 25 10:23:04 2025]
Finished job 182.
34 of 54 steps (63%) done
[Fri Apr 25 10:23:04 2025]
Finished job 190.
35 of 54 steps (65%) done
[Fri Apr 25 10:23:04 2025]
Finished job 217.
36 of 54 steps (67%) done
[Fri Apr 25 10:23:04 2025]
Finished job 169.
37 of 54 steps (69%) done
[Fri Apr 25 10:23:04 2025]
Finished job 210.
38 of 54 steps (70%) done
[Fri Apr 25 10:23:04 2025]
Finished job 197.
39 of 54 steps (72%) done
[Fri Apr 25 10:23:04 2025]
Finished job 183.
40 of 54 steps (74%) done
[Fri Apr 25 10:23:04 2025]
Finished job 203.
41 of 54 steps (76%) done
[Fri Apr 25 10:23:04 2025]
Finished job 204.
42 of 54 steps (78%) done
[Fri Apr 25 10:23:04 2025]
Finished job 198.
43 of 54 steps (80%) done
[Fri Apr 25 10:23:04 2025]
Finished job 211.
44 of 54 steps (81%) done
[Fri Apr 25 10:23:04 2025]
Finished job 176.
45 of 54 steps (83%) done
[Fri Apr 25 10:23:04 2025]
Finished job 171.
46 of 54 steps (85%) done
[Fri Apr 25 10:23:04 2025]
Finished job 218.
47 of 54 steps (87%) done
[Fri Apr 25 10:23:04 2025]
Finished job 191.
48 of 54 steps (89%) done
[Fri Apr 25 10:23:04 2025]
Finished job 205.
49 of 54 steps (91%) done
[Fri Apr 25 10:23:04 2025]
Finished job 170.
50 of 54 steps (93%) done
[Fri Apr 25 10:23:04 2025]
Finished job 177.
51 of 54 steps (94%) done
[Fri Apr 25 10:23:05 2025]
Finished job 168.
52 of 54 steps (96%) done
[Fri Apr 25 10:24:17 2025]
Finished job 220.
53 of 54 steps (98%) done
Select jobs to execute...
Execute 1 jobs...

[Fri Apr 25 10:24:17 2025]
localrule all:
    input: sharks/HetFra/HetFra_FASTGA.chain.fltr.srt.paf, sharks/HetFra/temp/HetFra_Var_Only.txt, sharks/HetFra/temp/HetFra_Aln_Only.txt, sharks/HetFra/temp/20250411_CM070962.1_Aln_Only.txt, sharks/HetFra/temp/20250411_CM070963.1_Aln_Only.txt, sharks/HetFra/temp/20250411_CM070964.1_Aln_Only.txt, sharks/HetFra/temp/20250411_CM070965.1_Aln_Only.txt, sharks/HetFra/temp/20250411_CM070966.1_Aln_Only.txt, sharks/HetFra/temp/20250411_CM070967.1_Aln_Only.txt, sharks/HetFra/temp/20250411_CM070968.1_Aln_Only.txt, sharks/HetFra/temp/20250411_CM070969.1_Aln_Only.txt, sharks/HetFra/temp/20250411_CM070970.1_Aln_Only.txt, sharks/HetFra/temp/20250411_CM070971.1_Aln_Only.txt, sharks/HetFra/temp/20250411_CM070972.1_Aln_Only.txt, sharks/HetFra/temp/20250411_CM070973.1_Aln_Only.txt, sharks/HetFra/temp/20250411_CM070974.1_Aln_Only.txt, sharks/HetFra/temp/20250411_CM070975.1_Aln_Only.txt, sharks/HetFra/temp/20250411_CM070976.1_Aln_Only.txt, sharks/HetFra/temp/20250411_CM070977.1_Aln_Only.txt, sharks/HetFra/temp/20250411_CM070978.1_Aln_Only.txt, sharks/HetFra/temp/20250411_CM070979.1_Aln_Only.txt, sharks/HetFra/temp/20250411_CM070980.1_Aln_Only.txt, sharks/HetFra/temp/20250411_CM070981.1_Aln_Only.txt, sharks/HetFra/temp/20250411_CM070982.1_Aln_Only.txt, sharks/HetFra/temp/20250411_CM070983.1_Aln_Only.txt, sharks/HetFra/temp/20250411_CM070984.1_Aln_Only.txt, sharks/HetFra/temp/20250411_CM070985.1_Aln_Only.txt, sharks/HetFra/temp/20250411_CM070986.1_Aln_Only.txt, sharks/HetFra/temp/20250411_CM070987.1_Aln_Only.txt, sharks/HetFra/temp/20250411_CM070988.1_Aln_Only.txt, sharks/HetFra/temp/20250411_CM070989.1_Aln_Only.txt, sharks/HetFra/temp/20250411_CM070990.1_Aln_Only.txt, sharks/HetFra/temp/20250411_CM070991.1_Aln_Only.txt, sharks/HetFra/temp/20250411_CM070992.1_Aln_Only.txt, sharks/HetFra/temp/20250411_CM070993.1_Aln_Only.txt, sharks/HetFra/temp/20250411_CM070994.1_Aln_Only.txt, sharks/HetFra/temp/20250411_CM070995.1_Aln_Only.txt, sharks/HetFra/temp/20250411_CM070996.1_Aln_Only.txt, sharks/HetFra/temp/20250411_CM070997.1_Aln_Only.txt, sharks/HetFra/temp/20250411_CM070998.1_Aln_Only.txt, sharks/HetFra/temp/20250411_CM070999.1_Aln_Only.txt, sharks/HetFra/temp/20250411_CM071000.1_Aln_Only.txt, sharks/HetFra/temp/20250411_CM071001.1_Aln_Only.txt, sharks/HetFra/temp/20250411_CM071002.1_Aln_Only.txt, sharks/HetFra/temp/20250411_CM071003.1_Aln_Only.txt, sharks/HetFra/temp/20250411_CM071004.1_Aln_Only.txt, sharks/HetFra/temp/20250411_CM071005.1_Aln_Only.txt, sharks/HetFra/temp/20250411_CM071006.1_Aln_Only.txt, sharks/HetFra/temp/20250411_CM071007.1_Aln_Only.txt, sharks/HetFra/temp/20250411_CM071008.1_Aln_Only.txt, sharks/HetFra/temp/20250411_CM071009.1_Aln_Only.txt, sharks/HetFra/temp/20250411_CM071010.1_Aln_Only.txt, sharks/HetFra/temp/20250411_CM071011.1_Aln_Only.txt, sharks/HetFra/temp/20250411_CM071012.1_Aln_Only.txt, sharks/HetFra/temp/20250411_CM070962.1_Var_Only.txt, sharks/HetFra/temp/20250411_CM070963.1_Var_Only.txt, sharks/HetFra/temp/20250411_CM070964.1_Var_Only.txt, sharks/HetFra/temp/20250411_CM070965.1_Var_Only.txt, sharks/HetFra/temp/20250411_CM070966.1_Var_Only.txt, sharks/HetFra/temp/20250411_CM070967.1_Var_Only.txt, sharks/HetFra/temp/20250411_CM070968.1_Var_Only.txt, sharks/HetFra/temp/20250411_CM070969.1_Var_Only.txt, sharks/HetFra/temp/20250411_CM070970.1_Var_Only.txt, sharks/HetFra/temp/20250411_CM070971.1_Var_Only.txt, sharks/HetFra/temp/20250411_CM070972.1_Var_Only.txt, sharks/HetFra/temp/20250411_CM070973.1_Var_Only.txt, sharks/HetFra/temp/20250411_CM070974.1_Var_Only.txt, sharks/HetFra/temp/20250411_CM070975.1_Var_Only.txt, sharks/HetFra/temp/20250411_CM070976.1_Var_Only.txt, sharks/HetFra/temp/20250411_CM070977.1_Var_Only.txt, sharks/HetFra/temp/20250411_CM070978.1_Var_Only.txt, sharks/HetFra/temp/20250411_CM070979.1_Var_Only.txt, sharks/HetFra/temp/20250411_CM070980.1_Var_Only.txt, sharks/HetFra/temp/20250411_CM070981.1_Var_Only.txt, sharks/HetFra/temp/20250411_CM070982.1_Var_Only.txt, sharks/HetFra/temp/20250411_CM070983.1_Var_Only.txt, sharks/HetFra/temp/20250411_CM070984.1_Var_Only.txt, sharks/HetFra/temp/20250411_CM070985.1_Var_Only.txt, sharks/HetFra/temp/20250411_CM070986.1_Var_Only.txt, sharks/HetFra/temp/20250411_CM070987.1_Var_Only.txt, sharks/HetFra/temp/20250411_CM070988.1_Var_Only.txt, sharks/HetFra/temp/20250411_CM070989.1_Var_Only.txt, sharks/HetFra/temp/20250411_CM070990.1_Var_Only.txt, sharks/HetFra/temp/20250411_CM070991.1_Var_Only.txt, sharks/HetFra/temp/20250411_CM070992.1_Var_Only.txt, sharks/HetFra/temp/20250411_CM070993.1_Var_Only.txt, sharks/HetFra/temp/20250411_CM070994.1_Var_Only.txt, sharks/HetFra/temp/20250411_CM070995.1_Var_Only.txt, sharks/HetFra/temp/20250411_CM070996.1_Var_Only.txt, sharks/HetFra/temp/20250411_CM070997.1_Var_Only.txt, sharks/HetFra/temp/20250411_CM070998.1_Var_Only.txt, sharks/HetFra/temp/20250411_CM070999.1_Var_Only.txt, sharks/HetFra/temp/20250411_CM071000.1_Var_Only.txt, sharks/HetFra/temp/20250411_CM071001.1_Var_Only.txt, sharks/HetFra/temp/20250411_CM071002.1_Var_Only.txt, sharks/HetFra/temp/20250411_CM071003.1_Var_Only.txt, sharks/HetFra/temp/20250411_CM071004.1_Var_Only.txt, sharks/HetFra/temp/20250411_CM071005.1_Var_Only.txt, sharks/HetFra/temp/20250411_CM071006.1_Var_Only.txt, sharks/HetFra/temp/20250411_CM071007.1_Var_Only.txt, sharks/HetFra/temp/20250411_CM071008.1_Var_Only.txt, sharks/HetFra/temp/20250411_CM071009.1_Var_Only.txt, sharks/HetFra/temp/20250411_CM071010.1_Var_Only.txt, sharks/HetFra/temp/20250411_CM071011.1_Var_Only.txt, sharks/HetFra/temp/20250411_CM071012.1_Var_Only.txt, sharks/HetFra/20250411_CM070962.1_ROH_Results.txt, sharks/HetFra/20250411_CM070963.1_ROH_Results.txt, sharks/HetFra/20250411_CM070964.1_ROH_Results.txt, sharks/HetFra/20250411_CM070965.1_ROH_Results.txt, sharks/HetFra/20250411_CM070966.1_ROH_Results.txt, sharks/HetFra/20250411_CM070967.1_ROH_Results.txt, sharks/HetFra/20250411_CM070968.1_ROH_Results.txt, sharks/HetFra/20250411_CM070969.1_ROH_Results.txt, sharks/HetFra/20250411_CM070970.1_ROH_Results.txt, sharks/HetFra/20250411_CM070971.1_ROH_Results.txt, sharks/HetFra/20250411_CM070972.1_ROH_Results.txt, sharks/HetFra/20250411_CM070973.1_ROH_Results.txt, sharks/HetFra/20250411_CM070974.1_ROH_Results.txt, sharks/HetFra/20250411_CM070975.1_ROH_Results.txt, sharks/HetFra/20250411_CM070976.1_ROH_Results.txt, sharks/HetFra/20250411_CM070977.1_ROH_Results.txt, sharks/HetFra/20250411_CM070978.1_ROH_Results.txt, sharks/HetFra/20250411_CM070979.1_ROH_Results.txt, sharks/HetFra/20250411_CM070980.1_ROH_Results.txt, sharks/HetFra/20250411_CM070981.1_ROH_Results.txt, sharks/HetFra/20250411_CM070982.1_ROH_Results.txt, sharks/HetFra/20250411_CM070983.1_ROH_Results.txt, sharks/HetFra/20250411_CM070984.1_ROH_Results.txt, sharks/HetFra/20250411_CM070985.1_ROH_Results.txt, sharks/HetFra/20250411_CM070986.1_ROH_Results.txt, sharks/HetFra/20250411_CM070987.1_ROH_Results.txt, sharks/HetFra/20250411_CM070988.1_ROH_Results.txt, sharks/HetFra/20250411_CM070989.1_ROH_Results.txt, sharks/HetFra/20250411_CM070990.1_ROH_Results.txt, sharks/HetFra/20250411_CM070991.1_ROH_Results.txt, sharks/HetFra/20250411_CM070992.1_ROH_Results.txt, sharks/HetFra/20250411_CM070993.1_ROH_Results.txt, sharks/HetFra/20250411_CM070994.1_ROH_Results.txt, sharks/HetFra/20250411_CM070995.1_ROH_Results.txt, sharks/HetFra/20250411_CM070996.1_ROH_Results.txt, sharks/HetFra/20250411_CM070997.1_ROH_Results.txt, sharks/HetFra/20250411_CM070998.1_ROH_Results.txt, sharks/HetFra/20250411_CM070999.1_ROH_Results.txt, sharks/HetFra/20250411_CM071000.1_ROH_Results.txt, sharks/HetFra/20250411_CM071001.1_ROH_Results.txt, sharks/HetFra/20250411_CM071002.1_ROH_Results.txt, sharks/HetFra/20250411_CM071003.1_ROH_Results.txt, sharks/HetFra/20250411_CM071004.1_ROH_Results.txt, sharks/HetFra/20250411_CM071005.1_ROH_Results.txt, sharks/HetFra/20250411_CM071006.1_ROH_Results.txt, sharks/HetFra/20250411_CM071007.1_ROH_Results.txt, sharks/HetFra/20250411_CM071008.1_ROH_Results.txt, sharks/HetFra/20250411_CM071009.1_ROH_Results.txt, sharks/HetFra/20250411_CM071010.1_ROH_Results.txt, sharks/HetFra/20250411_CM071011.1_ROH_Results.txt, sharks/HetFra/20250411_CM071012.1_ROH_Results.txt, sharks/HetFra/HetFra_ROH_Results.csv, sharks/HetFra/20250411_HetFra_ROH_Map.pdf, sharks/HetFra/20250411_CM070962.1_GCA_036365495.1_FROH.txt, sharks/HetFra/20250411_CM070963.1_GCA_036365495.1_FROH.txt, sharks/HetFra/20250411_CM070964.1_GCA_036365495.1_FROH.txt, sharks/HetFra/20250411_CM070965.1_GCA_036365495.1_FROH.txt, sharks/HetFra/20250411_CM070966.1_GCA_036365495.1_FROH.txt, sharks/HetFra/20250411_CM070967.1_GCA_036365495.1_FROH.txt, sharks/HetFra/20250411_CM070968.1_GCA_036365495.1_FROH.txt, sharks/HetFra/20250411_CM070969.1_GCA_036365495.1_FROH.txt, sharks/HetFra/20250411_CM070970.1_GCA_036365495.1_FROH.txt, sharks/HetFra/20250411_CM070971.1_GCA_036365495.1_FROH.txt, sharks/HetFra/20250411_CM070972.1_GCA_036365495.1_FROH.txt, sharks/HetFra/20250411_CM070973.1_GCA_036365495.1_FROH.txt, sharks/HetFra/20250411_CM070974.1_GCA_036365495.1_FROH.txt, sharks/HetFra/20250411_CM070975.1_GCA_036365495.1_FROH.txt, sharks/HetFra/20250411_CM070976.1_GCA_036365495.1_FROH.txt, sharks/HetFra/20250411_CM070977.1_GCA_036365495.1_FROH.txt, sharks/HetFra/20250411_CM070978.1_GCA_036365495.1_FROH.txt, sharks/HetFra/20250411_CM070979.1_GCA_036365495.1_FROH.txt, sharks/HetFra/20250411_CM070980.1_GCA_036365495.1_FROH.txt, sharks/HetFra/20250411_CM070981.1_GCA_036365495.1_FROH.txt, sharks/HetFra/20250411_CM070982.1_GCA_036365495.1_FROH.txt, sharks/HetFra/20250411_CM070983.1_GCA_036365495.1_FROH.txt, sharks/HetFra/20250411_CM070984.1_GCA_036365495.1_FROH.txt, sharks/HetFra/20250411_CM070985.1_GCA_036365495.1_FROH.txt, sharks/HetFra/20250411_CM070986.1_GCA_036365495.1_FROH.txt, sharks/HetFra/20250411_CM070987.1_GCA_036365495.1_FROH.txt, sharks/HetFra/20250411_CM070988.1_GCA_036365495.1_FROH.txt, sharks/HetFra/20250411_CM070989.1_GCA_036365495.1_FROH.txt, sharks/HetFra/20250411_CM070990.1_GCA_036365495.1_FROH.txt, sharks/HetFra/20250411_CM070991.1_GCA_036365495.1_FROH.txt, sharks/HetFra/20250411_CM070992.1_GCA_036365495.1_FROH.txt, sharks/HetFra/20250411_CM070993.1_GCA_036365495.1_FROH.txt, sharks/HetFra/20250411_CM070994.1_GCA_036365495.1_FROH.txt, sharks/HetFra/20250411_CM070995.1_GCA_036365495.1_FROH.txt, sharks/HetFra/20250411_CM070996.1_GCA_036365495.1_FROH.txt, sharks/HetFra/20250411_CM070997.1_GCA_036365495.1_FROH.txt, sharks/HetFra/20250411_CM070998.1_GCA_036365495.1_FROH.txt, sharks/HetFra/20250411_CM070999.1_GCA_036365495.1_FROH.txt, sharks/HetFra/20250411_CM071000.1_GCA_036365495.1_FROH.txt, sharks/HetFra/20250411_CM071001.1_GCA_036365495.1_FROH.txt, sharks/HetFra/20250411_CM071002.1_GCA_036365495.1_FROH.txt, sharks/HetFra/20250411_CM071003.1_GCA_036365495.1_FROH.txt, sharks/HetFra/20250411_CM071004.1_GCA_036365495.1_FROH.txt, sharks/HetFra/20250411_CM071005.1_GCA_036365495.1_FROH.txt, sharks/HetFra/20250411_CM071006.1_GCA_036365495.1_FROH.txt, sharks/HetFra/20250411_CM071007.1_GCA_036365495.1_FROH.txt, sharks/HetFra/20250411_CM071008.1_GCA_036365495.1_FROH.txt, sharks/HetFra/20250411_CM071009.1_GCA_036365495.1_FROH.txt, sharks/HetFra/20250411_CM071010.1_GCA_036365495.1_FROH.txt, sharks/HetFra/20250411_CM071011.1_GCA_036365495.1_FROH.txt, sharks/HetFra/20250411_CM071012.1_GCA_036365495.1_FROH.txt, sharks/HetFra/20250411_HetFra_FROH.txt
    jobid: 0
    reason: Input files updated by another job: sharks/HetFra/20250411_CM070988.1_GCA_036365495.1_FROH.txt, sharks/HetFra/20250411_CM070965.1_GCA_036365495.1_FROH.txt, sharks/HetFra/20250411_CM070978.1_GCA_036365495.1_FROH.txt, sharks/HetFra/20250411_CM070983.1_GCA_036365495.1_FROH.txt, sharks/HetFra/20250411_CM070996.1_GCA_036365495.1_FROH.txt, sharks/HetFra/20250411_CM070994.1_GCA_036365495.1_FROH.txt, sharks/HetFra/20250411_CM070999.1_GCA_036365495.1_FROH.txt, sharks/HetFra/20250411_CM071001.1_GCA_036365495.1_FROH.txt, sharks/HetFra/20250411_CM071002.1_GCA_036365495.1_FROH.txt, sharks/HetFra/20250411_CM070971.1_GCA_036365495.1_FROH.txt, sharks/HetFra/20250411_CM070990.1_GCA_036365495.1_FROH.txt, sharks/HetFra/20250411_CM070970.1_GCA_036365495.1_FROH.txt, sharks/HetFra/20250411_CM070995.1_GCA_036365495.1_FROH.txt, sharks/HetFra/20250411_CM070984.1_GCA_036365495.1_FROH.txt, sharks/HetFra/20250411_CM070979.1_GCA_036365495.1_FROH.txt, sharks/HetFra/20250411_CM070963.1_GCA_036365495.1_FROH.txt, sharks/HetFra/20250411_CM070986.1_GCA_036365495.1_FROH.txt, sharks/HetFra/20250411_CM070980.1_GCA_036365495.1_FROH.txt, sharks/HetFra/20250411_CM070966.1_GCA_036365495.1_FROH.txt, sharks/HetFra/20250411_CM070985.1_GCA_036365495.1_FROH.txt, sharks/HetFra/20250411_CM070998.1_GCA_036365495.1_FROH.txt, sharks/HetFra/20250411_CM071008.1_GCA_036365495.1_FROH.txt, sharks/HetFra/20250411_HetFra_ROH_Map.pdf, sharks/HetFra/20250411_CM071009.1_GCA_036365495.1_FROH.txt, sharks/HetFra/20250411_CM071005.1_GCA_036365495.1_FROH.txt, sharks/HetFra/20250411_CM070977.1_GCA_036365495.1_FROH.txt, sharks/HetFra/20250411_CM071006.1_GCA_036365495.1_FROH.txt, sharks/HetFra/20250411_CM070975.1_GCA_036365495.1_FROH.txt, sharks/HetFra/20250411_CM070967.1_GCA_036365495.1_FROH.txt, sharks/HetFra/20250411_CM070964.1_GCA_036365495.1_FROH.txt, sharks/HetFra/20250411_CM070981.1_GCA_036365495.1_FROH.txt, sharks/HetFra/20250411_CM071011.1_GCA_036365495.1_FROH.txt, sharks/HetFra/20250411_CM070997.1_GCA_036365495.1_FROH.txt, sharks/HetFra/20250411_CM070974.1_GCA_036365495.1_FROH.txt, sharks/HetFra/20250411_CM070969.1_GCA_036365495.1_FROH.txt, sharks/HetFra/20250411_CM071010.1_GCA_036365495.1_FROH.txt, sharks/HetFra/20250411_CM070987.1_GCA_036365495.1_FROH.txt, sharks/HetFra/20250411_CM071003.1_GCA_036365495.1_FROH.txt, sharks/HetFra/20250411_HetFra_FROH.txt, sharks/HetFra/20250411_CM071012.1_GCA_036365495.1_FROH.txt, sharks/HetFra/20250411_CM070976.1_GCA_036365495.1_FROH.txt, sharks/HetFra/20250411_CM070993.1_GCA_036365495.1_FROH.txt, sharks/HetFra/20250411_CM070972.1_GCA_036365495.1_FROH.txt, sharks/HetFra/20250411_CM070991.1_GCA_036365495.1_FROH.txt, sharks/HetFra/20250411_CM071007.1_GCA_036365495.1_FROH.txt, sharks/HetFra/20250411_CM070982.1_GCA_036365495.1_FROH.txt, sharks/HetFra/20250411_CM070989.1_GCA_036365495.1_FROH.txt, sharks/HetFra/20250411_CM071004.1_GCA_036365495.1_FROH.txt, sharks/HetFra/20250411_CM070973.1_GCA_036365495.1_FROH.txt, sharks/HetFra/20250411_CM070962.1_GCA_036365495.1_FROH.txt, sharks/HetFra/20250411_CM070992.1_GCA_036365495.1_FROH.txt, sharks/HetFra/20250411_CM070968.1_GCA_036365495.1_FROH.txt, sharks/HetFra/20250411_CM071000.1_GCA_036365495.1_FROH.txt
    resources: tmpdir=/tmp

[Fri Apr 25 10:24:17 2025]
Finished job 0.
54 of 54 steps (100%) done
Complete log: .snakemake/log/2025-04-25T102245.852964.snakemake.log
