host: login-p-1
Building DAG of jobs...
Using shell: /usr/bin/bash
Provided cores: 56
Rules claiming more threads will be scaled down.
Job stats:
job         count
--------  -------
ROH_CALC        5
all             1
total           6

Select jobs to execute...
Execute 5 jobs...

[Wed Mar 26 15:27:46 2025]
localrule ROH_CALC:
    input: sharks/HydCol_Test/temp/20250326_CM068742.1_Aln_Only.txt, sharks/HydCol_Test/temp/20250326_CM068742.1_Var_Only.txt, sharks/HydCol_Test/Reference_HydCol_Test_Chroms_Lengths.txt
    output: sharks/HydCol_Test/20250326_CM068742.1_ROH_Results.txt
    jobid: 27
    reason: Missing output files: sharks/HydCol_Test/20250326_CM068742.1_ROH_Results.txt; Code has changed since last execution
    wildcards: CLADE=sharks, SPEC_NAME=HydCol_Test, TODAY_DATE=20250326, CHR=CM068742.1
    resources: tmpdir=/tmp


[Wed Mar 26 15:27:46 2025]
localrule ROH_CALC:
    input: sharks/HydCol_Test/temp/20250326_CM068744.1_Aln_Only.txt, sharks/HydCol_Test/temp/20250326_CM068744.1_Var_Only.txt, sharks/HydCol_Test/Reference_HydCol_Test_Chroms_Lengths.txt
    output: sharks/HydCol_Test/20250326_CM068744.1_ROH_Results.txt
    jobid: 30
    reason: Missing output files: sharks/HydCol_Test/20250326_CM068744.1_ROH_Results.txt; Code has changed since last execution
    wildcards: CLADE=sharks, SPEC_NAME=HydCol_Test, TODAY_DATE=20250326, CHR=CM068744.1
    resources: tmpdir=/tmp


[Wed Mar 26 15:27:46 2025]
localrule ROH_CALC:
    input: sharks/HydCol_Test/temp/20250326_CM068746.1_Aln_Only.txt, sharks/HydCol_Test/temp/20250326_CM068746.1_Var_Only.txt, sharks/HydCol_Test/Reference_HydCol_Test_Chroms_Lengths.txt
    output: sharks/HydCol_Test/20250326_CM068746.1_ROH_Results.txt
    jobid: 32
    reason: Missing output files: sharks/HydCol_Test/20250326_CM068746.1_ROH_Results.txt; Code has changed since last execution
    wildcards: CLADE=sharks, SPEC_NAME=HydCol_Test, TODAY_DATE=20250326, CHR=CM068746.1
    resources: tmpdir=/tmp


[Wed Mar 26 15:27:46 2025]
localrule ROH_CALC:
    input: sharks/HydCol_Test/temp/20250326_CM068743.1_Aln_Only.txt, sharks/HydCol_Test/temp/20250326_CM068743.1_Var_Only.txt, sharks/HydCol_Test/Reference_HydCol_Test_Chroms_Lengths.txt
    output: sharks/HydCol_Test/20250326_CM068743.1_ROH_Results.txt
    jobid: 29
    reason: Missing output files: sharks/HydCol_Test/20250326_CM068743.1_ROH_Results.txt; Code has changed since last execution
    wildcards: CLADE=sharks, SPEC_NAME=HydCol_Test, TODAY_DATE=20250326, CHR=CM068743.1
    resources: tmpdir=/tmp


[Wed Mar 26 15:27:46 2025]
localrule ROH_CALC:
    input: sharks/HydCol_Test/temp/20250326_CM068745.1_Aln_Only.txt, sharks/HydCol_Test/temp/20250326_CM068745.1_Var_Only.txt, sharks/HydCol_Test/Reference_HydCol_Test_Chroms_Lengths.txt
    output: sharks/HydCol_Test/20250326_CM068745.1_ROH_Results.txt
    jobid: 31
    reason: Missing output files: sharks/HydCol_Test/20250326_CM068745.1_ROH_Results.txt; Code has changed since last execution
    wildcards: CLADE=sharks, SPEC_NAME=HydCol_Test, TODAY_DATE=20250326, CHR=CM068745.1
    resources: tmpdir=/tmp

