host: login-q-4
Building DAG of jobs...
SLURM run ID: 93c0f263-28bf-4908-b86b-95ce895f8921
Using shell: /usr/bin/bash
Provided remote nodes: 25
Job stats:
job                            count
---------------------------  -------
BOOTSTRAPPING_MULTIHET_FILE      960
MAIN_MULTIHETSEP                  27
all                                1
total                            988

Select jobs to execute...
Execute 25 jobs...

[Fri May 23 12:56:31 2025]
rule BOOTSTRAPPING_MULTIHET_FILE:
    input: sharks/HypSab/MSMC/Output_multihet_filtered_95/NC_082725.1_multihet.txt
    output: sharks/HypSab/MSMC/Output_Multihet_Bootstrapped/13/NC_082725.1_multihet.txt
    jobid: 902
    reason: Forced execution
    wildcards: CLADE=sharks, SPEC_NAME=HypSab, BOOT=13, CHROM=NC_082725.1
    resources: mem_mb=10000, mem_mib=9537, disk_mb=1000, disk_mib=954, tmpdir=<TBD>, slurm_account=DURBIN-SL2-CPU, slurm_partition=cclake-himem, runtime=60

Job 902 has been submitted with SLURM jobid 9804828 (log: /rds/project/rds-p67MZilb2eQ/projects/VGP/heterozygosity/.snakemake/slurm_logs/rule_BOOTSTRAPPING_MULTIHET_FILE/sharks_HypSab_13_NC_082725.1/9804828.log).

[Fri May 23 12:56:33 2025]
rule BOOTSTRAPPING_MULTIHET_FILE:
    input: sharks/HypSab/MSMC/Output_multihet_filtered_95/NC_082710.1_multihet.txt
    output: sharks/HypSab/MSMC/Output_Multihet_Bootstrapped/15/NC_082710.1_multihet.txt
    jobid: 454
    reason: Forced execution
    wildcards: CLADE=sharks, SPEC_NAME=HypSab, BOOT=15, CHROM=NC_082710.1
    resources: mem_mb=10000, mem_mib=9537, disk_mb=1000, disk_mib=954, tmpdir=<TBD>, slurm_account=DURBIN-SL2-CPU, slurm_partition=cclake-himem, runtime=60

Job 454 has been submitted with SLURM jobid 9804830 (log: /rds/project/rds-p67MZilb2eQ/projects/VGP/heterozygosity/.snakemake/slurm_logs/rule_BOOTSTRAPPING_MULTIHET_FILE/sharks_HypSab_15_NC_082710.1/9804830.log).

[Fri May 23 12:56:36 2025]
rule MAIN_MULTIHETSEP:
    input: sharks/HypSab/NC_082734.1.recode.vcf.gz, sharks/HypSab/MSMC/Output_Bed/NC_082734.1/NC_082734.1_95.txt, sharks/HypSab/MSMC/Output_bam_caller_BED/NC_082734.1_modified_bed.txt.gz, sharks/HypSab/MSMC/Output_indel_BED_file/NC_082734.1_indel_bed.txt
    output: sharks/HypSab/MSMC/Output_multihet_filtered_95/NC_082734.1_multihet.txt
    jobid: 315
    reason: Forced execution
    wildcards: CLADE=sharks, SPEC_NAME=HypSab, CHROM=NC_082734.1
    resources: mem_mb=10000, mem_mib=9537, disk_mb=1000, disk_mib=954, tmpdir=<TBD>, slurm_account=DURBIN-SL2-CPU, slurm_partition=cclake-himem, runtime=60

Job 315 has been submitted with SLURM jobid 9804833 (log: /rds/project/rds-p67MZilb2eQ/projects/VGP/heterozygosity/.snakemake/slurm_logs/rule_MAIN_MULTIHETSEP/sharks_HypSab_NC_082734.1/9804833.log).

[Fri May 23 12:56:38 2025]
rule BOOTSTRAPPING_MULTIHET_FILE:
    input: sharks/HypSab/MSMC/Output_multihet_filtered_95/NC_082711.1_multihet.txt
    output: sharks/HypSab/MSMC/Output_Multihet_Bootstrapped/14/NC_082711.1_multihet.txt
    jobid: 483
    reason: Forced execution
    wildcards: CLADE=sharks, SPEC_NAME=HypSab, BOOT=14, CHROM=NC_082711.1
    resources: mem_mb=10000, mem_mib=9537, disk_mb=1000, disk_mib=954, tmpdir=<TBD>, slurm_account=DURBIN-SL2-CPU, slurm_partition=cclake-himem, runtime=60

Job 483 has been submitted with SLURM jobid 9804834 (log: /rds/project/rds-p67MZilb2eQ/projects/VGP/heterozygosity/.snakemake/slurm_logs/rule_BOOTSTRAPPING_MULTIHET_FILE/sharks_HypSab_14_NC_082711.1/9804834.log).

[Fri May 23 12:56:39 2025]
rule BOOTSTRAPPING_MULTIHET_FILE:
    input: sharks/HypSab/MSMC/Output_multihet_filtered_95/NC_082733.1_multihet.txt
    output: sharks/HypSab/MSMC/Output_Multihet_Bootstrapped/19/NC_082733.1_multihet.txt
    jobid: 1148
    reason: Forced execution
    wildcards: CLADE=sharks, SPEC_NAME=HypSab, BOOT=19, CHROM=NC_082733.1
    resources: mem_mb=10000, mem_mib=9537, disk_mb=1000, disk_mib=954, tmpdir=<TBD>, slurm_account=DURBIN-SL2-CPU, slurm_partition=cclake-himem, runtime=60

Job 1148 has been submitted with SLURM jobid 9804836 (log: /rds/project/rds-p67MZilb2eQ/projects/VGP/heterozygosity/.snakemake/slurm_logs/rule_BOOTSTRAPPING_MULTIHET_FILE/sharks_HypSab_19_NC_082733.1/9804836.log).

[Fri May 23 12:56:41 2025]
rule MAIN_MULTIHETSEP:
    input: sharks/HypSab/NC_082727.1.recode.vcf.gz, sharks/HypSab/MSMC/Output_Bed/NC_082727.1/NC_082727.1_95.txt, sharks/HypSab/MSMC/Output_bam_caller_BED/NC_082727.1_modified_bed.txt.gz, sharks/HypSab/MSMC/Output_indel_BED_file/NC_082727.1_indel_bed.txt
    output: sharks/HypSab/MSMC/Output_multihet_filtered_95/NC_082727.1_multihet.txt
    jobid: 308
    reason: Forced execution
    wildcards: CLADE=sharks, SPEC_NAME=HypSab, CHROM=NC_082727.1
    resources: mem_mb=10000, mem_mib=9537, disk_mb=1000, disk_mib=954, tmpdir=<TBD>, slurm_account=DURBIN-SL2-CPU, slurm_partition=cclake-himem, runtime=60

Job 308 has been submitted with SLURM jobid 9804838 (log: /rds/project/rds-p67MZilb2eQ/projects/VGP/heterozygosity/.snakemake/slurm_logs/rule_MAIN_MULTIHETSEP/sharks_HypSab_NC_082727.1/9804838.log).

[Fri May 23 12:56:44 2025]
rule BOOTSTRAPPING_MULTIHET_FILE:
    input: sharks/HypSab/MSMC/Output_multihet_filtered_95/NC_082718.1_multihet.txt
    output: sharks/HypSab/MSMC/Output_Multihet_Bootstrapped/21/NC_082718.1_multihet.txt
    jobid: 700
    reason: Forced execution
    wildcards: CLADE=sharks, SPEC_NAME=HypSab, BOOT=21, CHROM=NC_082718.1
    resources: mem_mb=10000, mem_mib=9537, disk_mb=1000, disk_mib=954, tmpdir=<TBD>, slurm_account=DURBIN-SL2-CPU, slurm_partition=cclake-himem, runtime=60

Job 700 has been submitted with SLURM jobid 9804841 (log: /rds/project/rds-p67MZilb2eQ/projects/VGP/heterozygosity/.snakemake/slurm_logs/rule_BOOTSTRAPPING_MULTIHET_FILE/sharks_HypSab_21_NC_082718.1/9804841.log).

[Fri May 23 12:56:46 2025]
rule BOOTSTRAPPING_MULTIHET_FILE:
    input: sharks/HypSab/MSMC/Output_multihet_filtered_95/NC_082718.1_multihet.txt
    output: sharks/HypSab/MSMC/Output_Multihet_Bootstrapped/28/NC_082718.1_multihet.txt
    jobid: 707
    reason: Forced execution
    wildcards: CLADE=sharks, SPEC_NAME=HypSab, BOOT=28, CHROM=NC_082718.1
    resources: mem_mb=10000, mem_mib=9537, disk_mb=1000, disk_mib=954, tmpdir=<TBD>, slurm_account=DURBIN-SL2-CPU, slurm_partition=cclake-himem, runtime=60

Job 707 has been submitted with SLURM jobid 9804845 (log: /rds/project/rds-p67MZilb2eQ/projects/VGP/heterozygosity/.snakemake/slurm_logs/rule_BOOTSTRAPPING_MULTIHET_FILE/sharks_HypSab_28_NC_082718.1/9804845.log).

[Fri May 23 12:56:46 2025]
rule BOOTSTRAPPING_MULTIHET_FILE:
    input: sharks/HypSab/MSMC/Output_multihet_filtered_95/NC_082733.1_multihet.txt
    output: sharks/HypSab/MSMC/Output_Multihet_Bootstrapped/26/NC_082733.1_multihet.txt
    jobid: 1155
    reason: Forced execution
    wildcards: CLADE=sharks, SPEC_NAME=HypSab, BOOT=26, CHROM=NC_082733.1
    resources: mem_mb=10000, mem_mib=9537, disk_mb=1000, disk_mib=954, tmpdir=<TBD>, slurm_account=DURBIN-SL2-CPU, slurm_partition=cclake-himem, runtime=60

Job 1155 has been submitted with SLURM jobid 9804848 (log: /rds/project/rds-p67MZilb2eQ/projects/VGP/heterozygosity/.snakemake/slurm_logs/rule_BOOTSTRAPPING_MULTIHET_FILE/sharks_HypSab_26_NC_082733.1/9804848.log).

[Fri May 23 12:56:49 2025]
rule MAIN_MULTIHETSEP:
    input: sharks/HypSab/NC_082706.1.recode.vcf.gz, sharks/HypSab/MSMC/Output_Bed/NC_082706.1/NC_082706.1_95.txt, sharks/HypSab/MSMC/Output_bam_caller_BED/NC_082706.1_modified_bed.txt.gz, sharks/HypSab/MSMC/Output_indel_BED_file/NC_082706.1_indel_bed.txt
    output: sharks/HypSab/MSMC/Output_multihet_filtered_95/NC_082706.1_multihet.txt
    jobid: 287
    reason: Forced execution
    wildcards: CLADE=sharks, SPEC_NAME=HypSab, CHROM=NC_082706.1
    resources: mem_mb=10000, mem_mib=9537, disk_mb=1000, disk_mib=954, tmpdir=<TBD>, slurm_account=DURBIN-SL2-CPU, slurm_partition=cclake-himem, runtime=60

Job 287 has been submitted with SLURM jobid 9804852 (log: /rds/project/rds-p67MZilb2eQ/projects/VGP/heterozygosity/.snakemake/slurm_logs/rule_MAIN_MULTIHETSEP/sharks_HypSab_NC_082706.1/9804852.log).

[Fri May 23 12:56:51 2025]
rule BOOTSTRAPPING_MULTIHET_FILE:
    input: sharks/HypSab/MSMC/Output_multihet_filtered_95/NC_082725.1_multihet.txt
    output: sharks/HypSab/MSMC/Output_Multihet_Bootstrapped/14/NC_082725.1_multihet.txt
    jobid: 903
    reason: Forced execution
    wildcards: CLADE=sharks, SPEC_NAME=HypSab, BOOT=14, CHROM=NC_082725.1
    resources: mem_mb=10000, mem_mib=9537, disk_mb=1000, disk_mib=954, tmpdir=<TBD>, slurm_account=DURBIN-SL2-CPU, slurm_partition=cclake-himem, runtime=60

Job 903 has been submitted with SLURM jobid 9804856 (log: /rds/project/rds-p67MZilb2eQ/projects/VGP/heterozygosity/.snakemake/slurm_logs/rule_BOOTSTRAPPING_MULTIHET_FILE/sharks_HypSab_14_NC_082725.1/9804856.log).

[Fri May 23 12:56:54 2025]
rule BOOTSTRAPPING_MULTIHET_FILE:
    input: sharks/HypSab/MSMC/Output_multihet_filtered_95/NC_082710.1_multihet.txt
    output: sharks/HypSab/MSMC/Output_Multihet_Bootstrapped/16/NC_082710.1_multihet.txt
    jobid: 455
    reason: Forced execution
    wildcards: CLADE=sharks, SPEC_NAME=HypSab, BOOT=16, CHROM=NC_082710.1
    resources: mem_mb=10000, mem_mib=9537, disk_mb=1000, disk_mib=954, tmpdir=<TBD>, slurm_account=DURBIN-SL2-CPU, slurm_partition=cclake-himem, runtime=60

Job 455 has been submitted with SLURM jobid 9804859 (log: /rds/project/rds-p67MZilb2eQ/projects/VGP/heterozygosity/.snakemake/slurm_logs/rule_BOOTSTRAPPING_MULTIHET_FILE/sharks_HypSab_16_NC_082710.1/9804859.log).

[Fri May 23 12:56:56 2025]
rule BOOTSTRAPPING_MULTIHET_FILE:
    input: sharks/HypSab/MSMC/Output_multihet_filtered_95/NC_082718.1_multihet.txt
    output: sharks/HypSab/MSMC/Output_Multihet_Bootstrapped/0/NC_082718.1_multihet.txt
    jobid: 679
    reason: Forced execution
    wildcards: CLADE=sharks, SPEC_NAME=HypSab, BOOT=0, CHROM=NC_082718.1
    resources: mem_mb=10000, mem_mib=9537, disk_mb=1000, disk_mib=954, tmpdir=<TBD>, slurm_account=DURBIN-SL2-CPU, slurm_partition=cclake-himem, runtime=60

Job 679 has been submitted with SLURM jobid 9804863 (log: /rds/project/rds-p67MZilb2eQ/projects/VGP/heterozygosity/.snakemake/slurm_logs/rule_BOOTSTRAPPING_MULTIHET_FILE/sharks_HypSab_0_NC_082718.1/9804863.log).

[Fri May 23 12:56:59 2025]
rule BOOTSTRAPPING_MULTIHET_FILE:
    input: sharks/HypSab/MSMC/Output_multihet_filtered_95/NC_082718.1_multihet.txt
    output: sharks/HypSab/MSMC/Output_Multihet_Bootstrapped/29/NC_082718.1_multihet.txt
    jobid: 708
    reason: Forced execution
    wildcards: CLADE=sharks, SPEC_NAME=HypSab, BOOT=29, CHROM=NC_082718.1
    resources: mem_mb=10000, mem_mib=9537, disk_mb=1000, disk_mib=954, tmpdir=<TBD>, slurm_account=DURBIN-SL2-CPU, slurm_partition=cclake-himem, runtime=60

Job 708 has been submitted with SLURM jobid 9804865 (log: /rds/project/rds-p67MZilb2eQ/projects/VGP/heterozygosity/.snakemake/slurm_logs/rule_BOOTSTRAPPING_MULTIHET_FILE/sharks_HypSab_29_NC_082718.1/9804865.log).

[Fri May 23 12:57:01 2025]
rule BOOTSTRAPPING_MULTIHET_FILE:
    input: sharks/HypSab/MSMC/Output_multihet_filtered_95/NC_082711.1_multihet.txt
    output: sharks/HypSab/MSMC/Output_Multihet_Bootstrapped/15/NC_082711.1_multihet.txt
    jobid: 484
    reason: Forced execution
    wildcards: CLADE=sharks, SPEC_NAME=HypSab, BOOT=15, CHROM=NC_082711.1
    resources: mem_mb=10000, mem_mib=9537, disk_mb=1000, disk_mib=954, tmpdir=<TBD>, slurm_account=DURBIN-SL2-CPU, slurm_partition=cclake-himem, runtime=60

Job 484 has been submitted with SLURM jobid 9804867 (log: /rds/project/rds-p67MZilb2eQ/projects/VGP/heterozygosity/.snakemake/slurm_logs/rule_BOOTSTRAPPING_MULTIHET_FILE/sharks_HypSab_15_NC_082711.1/9804867.log).

[Fri May 23 12:57:07 2025]
rule MAIN_MULTIHETSEP:
    input: sharks/HypSab/NC_082735.1.recode.vcf.gz, sharks/HypSab/MSMC/Output_Bed/NC_082735.1/NC_082735.1_95.txt, sharks/HypSab/MSMC/Output_bam_caller_BED/NC_082735.1_modified_bed.txt.gz, sharks/HypSab/MSMC/Output_indel_BED_file/NC_082735.1_indel_bed.txt
    output: sharks/HypSab/MSMC/Output_multihet_filtered_95/NC_082735.1_multihet.txt
    jobid: 316
    reason: Forced execution
    wildcards: CLADE=sharks, SPEC_NAME=HypSab, CHROM=NC_082735.1
    resources: mem_mb=10000, mem_mib=9537, disk_mb=1000, disk_mib=954, tmpdir=<TBD>, slurm_account=DURBIN-SL2-CPU, slurm_partition=cclake-himem, runtime=60

Job 316 has been submitted with SLURM jobid 9804871 (log: /rds/project/rds-p67MZilb2eQ/projects/VGP/heterozygosity/.snakemake/slurm_logs/rule_MAIN_MULTIHETSEP/sharks_HypSab_NC_082735.1/9804871.log).

[Fri May 23 12:57:09 2025]
rule BOOTSTRAPPING_MULTIHET_FILE:
    input: sharks/HypSab/MSMC/Output_multihet_filtered_95/NC_082733.1_multihet.txt
    output: sharks/HypSab/MSMC/Output_Multihet_Bootstrapped/27/NC_082733.1_multihet.txt
    jobid: 1156
    reason: Forced execution
    wildcards: CLADE=sharks, SPEC_NAME=HypSab, BOOT=27, CHROM=NC_082733.1
    resources: mem_mb=10000, mem_mib=9537, disk_mb=1000, disk_mib=954, tmpdir=<TBD>, slurm_account=DURBIN-SL2-CPU, slurm_partition=cclake-himem, runtime=60

Job 1156 has been submitted with SLURM jobid 9804875 (log: /rds/project/rds-p67MZilb2eQ/projects/VGP/heterozygosity/.snakemake/slurm_logs/rule_BOOTSTRAPPING_MULTIHET_FILE/sharks_HypSab_27_NC_082733.1/9804875.log).

[Fri May 23 12:57:12 2025]
rule MAIN_MULTIHETSEP:
    input: sharks/HypSab/NC_082707.1.recode.vcf.gz, sharks/HypSab/MSMC/Output_Bed/NC_082707.1/NC_082707.1_95.txt, sharks/HypSab/MSMC/Output_bam_caller_BED/NC_082707.1_modified_bed.txt.gz, sharks/HypSab/MSMC/Output_indel_BED_file/NC_082707.1_indel_bed.txt
    output: sharks/HypSab/MSMC/Output_multihet_filtered_95/NC_082707.1_multihet.txt
    jobid: 288
    reason: Forced execution
    wildcards: CLADE=sharks, SPEC_NAME=HypSab, CHROM=NC_082707.1
    resources: mem_mb=10000, mem_mib=9537, disk_mb=1000, disk_mib=954, tmpdir=<TBD>, slurm_account=DURBIN-SL2-CPU, slurm_partition=cclake-himem, runtime=60

Job 288 has been submitted with SLURM jobid 9804877 (log: /rds/project/rds-p67MZilb2eQ/projects/VGP/heterozygosity/.snakemake/slurm_logs/rule_MAIN_MULTIHETSEP/sharks_HypSab_NC_082707.1/9804877.log).

[Fri May 23 12:57:14 2025]
rule BOOTSTRAPPING_MULTIHET_FILE:
    input: sharks/HypSab/MSMC/Output_multihet_filtered_95/NC_082725.1_multihet.txt
    output: sharks/HypSab/MSMC/Output_Multihet_Bootstrapped/15/NC_082725.1_multihet.txt
    jobid: 904
    reason: Forced execution
    wildcards: CLADE=sharks, SPEC_NAME=HypSab, BOOT=15, CHROM=NC_082725.1
    resources: mem_mb=10000, mem_mib=9537, disk_mb=1000, disk_mib=954, tmpdir=<TBD>, slurm_account=DURBIN-SL2-CPU, slurm_partition=cclake-himem, runtime=60

Job 904 has been submitted with SLURM jobid 9804880 (log: /rds/project/rds-p67MZilb2eQ/projects/VGP/heterozygosity/.snakemake/slurm_logs/rule_BOOTSTRAPPING_MULTIHET_FILE/sharks_HypSab_15_NC_082725.1/9804880.log).

[Fri May 23 12:57:15 2025]
rule BOOTSTRAPPING_MULTIHET_FILE:
    input: sharks/HypSab/MSMC/Output_multihet_filtered_95/NC_082710.1_multihet.txt
    output: sharks/HypSab/MSMC/Output_Multihet_Bootstrapped/17/NC_082710.1_multihet.txt
    jobid: 456
    reason: Forced execution
    wildcards: CLADE=sharks, SPEC_NAME=HypSab, BOOT=17, CHROM=NC_082710.1
    resources: mem_mb=10000, mem_mib=9537, disk_mb=1000, disk_mib=954, tmpdir=<TBD>, slurm_account=DURBIN-SL2-CPU, slurm_partition=cclake-himem, runtime=60

Job 456 has been submitted with SLURM jobid 9804883 (log: /rds/project/rds-p67MZilb2eQ/projects/VGP/heterozygosity/.snakemake/slurm_logs/rule_BOOTSTRAPPING_MULTIHET_FILE/sharks_HypSab_17_NC_082710.1/9804883.log).

[Fri May 23 12:57:17 2025]
rule BOOTSTRAPPING_MULTIHET_FILE:
    input: sharks/HypSab/MSMC/Output_multihet_filtered_95/NC_082718.1_multihet.txt
    output: sharks/HypSab/MSMC/Output_Multihet_Bootstrapped/1/NC_082718.1_multihet.txt
    jobid: 680
    reason: Forced execution
    wildcards: CLADE=sharks, SPEC_NAME=HypSab, BOOT=1, CHROM=NC_082718.1
    resources: mem_mb=10000, mem_mib=9537, disk_mb=1000, disk_mib=954, tmpdir=<TBD>, slurm_account=DURBIN-SL2-CPU, slurm_partition=cclake-himem, runtime=60

Job 680 has been submitted with SLURM jobid 9804884 (log: /rds/project/rds-p67MZilb2eQ/projects/VGP/heterozygosity/.snakemake/slurm_logs/rule_BOOTSTRAPPING_MULTIHET_FILE/sharks_HypSab_1_NC_082718.1/9804884.log).

[Fri May 23 12:57:19 2025]
rule MAIN_MULTIHETSEP:
    input: sharks/HypSab/NC_082736.1.recode.vcf.gz, sharks/HypSab/MSMC/Output_Bed/NC_082736.1/NC_082736.1_95.txt, sharks/HypSab/MSMC/Output_bam_caller_BED/NC_082736.1_modified_bed.txt.gz, sharks/HypSab/MSMC/Output_indel_BED_file/NC_082736.1_indel_bed.txt
    output: sharks/HypSab/MSMC/Output_multihet_filtered_95/NC_082736.1_multihet.txt
    jobid: 317
    reason: Forced execution
    wildcards: CLADE=sharks, SPEC_NAME=HypSab, CHROM=NC_082736.1
    resources: mem_mb=10000, mem_mib=9537, disk_mb=1000, disk_mib=954, tmpdir=<TBD>, slurm_account=DURBIN-SL2-CPU, slurm_partition=cclake-himem, runtime=60

Job 317 has been submitted with SLURM jobid 9804887 (log: /rds/project/rds-p67MZilb2eQ/projects/VGP/heterozygosity/.snakemake/slurm_logs/rule_MAIN_MULTIHETSEP/sharks_HypSab_NC_082736.1/9804887.log).

[Fri May 23 12:57:19 2025]
rule BOOTSTRAPPING_MULTIHET_FILE:
    input: sharks/HypSab/MSMC/Output_multihet_filtered_95/NC_082733.1_multihet.txt
    output: sharks/HypSab/MSMC/Output_Multihet_Bootstrapped/23/NC_082733.1_multihet.txt
    jobid: 1152
    reason: Forced execution
    wildcards: CLADE=sharks, SPEC_NAME=HypSab, BOOT=23, CHROM=NC_082733.1
    resources: mem_mb=10000, mem_mib=9537, disk_mb=1000, disk_mib=954, tmpdir=<TBD>, slurm_account=DURBIN-SL2-CPU, slurm_partition=cclake-himem, runtime=60

Job 1152 has been submitted with SLURM jobid 9804889 (log: /rds/project/rds-p67MZilb2eQ/projects/VGP/heterozygosity/.snakemake/slurm_logs/rule_BOOTSTRAPPING_MULTIHET_FILE/sharks_HypSab_23_NC_082733.1/9804889.log).

[Fri May 23 12:57:22 2025]
rule BOOTSTRAPPING_MULTIHET_FILE:
    input: sharks/HypSab/MSMC/Output_multihet_filtered_95/NC_082733.1_multihet.txt
    output: sharks/HypSab/MSMC/Output_Multihet_Bootstrapped/25/NC_082733.1_multihet.txt
    jobid: 1154
    reason: Forced execution
    wildcards: CLADE=sharks, SPEC_NAME=HypSab, BOOT=25, CHROM=NC_082733.1
    resources: mem_mb=10000, mem_mib=9537, disk_mb=1000, disk_mib=954, tmpdir=<TBD>, slurm_account=DURBIN-SL2-CPU, slurm_partition=cclake-himem, runtime=60

Job 1154 has been submitted with SLURM jobid 9804891 (log: /rds/project/rds-p67MZilb2eQ/projects/VGP/heterozygosity/.snakemake/slurm_logs/rule_BOOTSTRAPPING_MULTIHET_FILE/sharks_HypSab_25_NC_082733.1/9804891.log).

[Fri May 23 12:57:24 2025]
rule BOOTSTRAPPING_MULTIHET_FILE:
    input: sharks/HypSab/MSMC/Output_multihet_filtered_95/NC_082711.1_multihet.txt
    output: sharks/HypSab/MSMC/Output_Multihet_Bootstrapped/13/NC_082711.1_multihet.txt
    jobid: 482
    reason: Forced execution
    wildcards: CLADE=sharks, SPEC_NAME=HypSab, BOOT=13, CHROM=NC_082711.1
    resources: mem_mb=10000, mem_mib=9537, disk_mb=1000, disk_mib=954, tmpdir=<TBD>, slurm_account=DURBIN-SL2-CPU, slurm_partition=cclake-himem, runtime=60

Job 482 has been submitted with SLURM jobid 9804894 (log: /rds/project/rds-p67MZilb2eQ/projects/VGP/heterozygosity/.snakemake/slurm_logs/rule_BOOTSTRAPPING_MULTIHET_FILE/sharks_HypSab_13_NC_082711.1/9804894.log).
[Fri May 23 13:28:33 2025]
Finished job 902.
1 of 988 steps (0.1%) done
Select jobs to execute...
Execute 1 jobs...

[Fri May 23 13:28:33 2025]
rule BOOTSTRAPPING_MULTIHET_FILE:
    input: sharks/HypSab/MSMC/Output_multihet_filtered_95/NC_082718.1_multihet.txt
    output: sharks/HypSab/MSMC/Output_Multihet_Bootstrapped/19/NC_082718.1_multihet.txt
    jobid: 698
    reason: Updated input files: sharks/HypSab/MSMC/Output_multihet_filtered_95/NC_082718.1_multihet.txt
    wildcards: CLADE=sharks, SPEC_NAME=HypSab, BOOT=19, CHROM=NC_082718.1
    resources: mem_mb=10000, mem_mib=9537, disk_mb=1000, disk_mib=954, tmpdir=<TBD>, slurm_account=DURBIN-SL2-CPU, slurm_partition=cclake-himem, runtime=60

Job 698 has been submitted with SLURM jobid 9805297 (log: /rds/project/rds-p67MZilb2eQ/projects/VGP/heterozygosity/.snakemake/slurm_logs/rule_BOOTSTRAPPING_MULTIHET_FILE/sharks_HypSab_19_NC_082718.1/9805297.log).
[Fri May 23 13:28:36 2025]
Finished job 454.
2 of 988 steps (0.2%) done
[Fri May 23 13:28:36 2025]
Finished job 315.
3 of 988 steps (0.3%) done
[Fri May 23 13:28:36 2025]
Finished job 483.
4 of 988 steps (0.4%) done
[Fri May 23 13:28:36 2025]
Finished job 1148.
5 of 988 steps (1%) done
[Fri May 23 13:28:36 2025]
Finished job 308.
6 of 988 steps (1%) done
[Fri May 23 13:28:36 2025]
Finished job 700.
7 of 988 steps (1%) done
[Fri May 23 13:28:36 2025]
Finished job 707.
8 of 988 steps (1%) done
[Fri May 23 13:28:36 2025]
Finished job 1155.
9 of 988 steps (1%) done
[Fri May 23 13:28:36 2025]
Finished job 903.
10 of 988 steps (1%) done
[Fri May 23 13:28:36 2025]
Finished job 455.
11 of 988 steps (1%) done
[Fri May 23 13:28:36 2025]
Finished job 679.
12 of 988 steps (1%) done
[Fri May 23 13:28:36 2025]
Finished job 708.
13 of 988 steps (1%) done
[Fri May 23 13:28:36 2025]
Finished job 484.
14 of 988 steps (1%) done
[Fri May 23 13:28:36 2025]
Finished job 316.
15 of 988 steps (2%) done
[Fri May 23 13:28:36 2025]
Finished job 1156.
16 of 988 steps (2%) done
[Fri May 23 13:28:36 2025]
Finished job 904.
17 of 988 steps (2%) done
[Fri May 23 13:28:36 2025]
Finished job 456.
18 of 988 steps (2%) done
[Fri May 23 13:28:36 2025]
Finished job 680.
19 of 988 steps (2%) done
[Fri May 23 13:28:36 2025]
Finished job 317.
20 of 988 steps (2%) done
[Fri May 23 13:28:36 2025]
Finished job 1152.
21 of 988 steps (2%) done
[Fri May 23 13:28:36 2025]
Finished job 1154.
22 of 988 steps (2%) done
[Fri May 23 13:28:36 2025]
Finished job 482.
23 of 988 steps (2%) done
Select jobs to execute...
Execute 22 jobs...

[Fri May 23 13:28:36 2025]
rule BOOTSTRAPPING_MULTIHET_FILE:
    input: sharks/HypSab/MSMC/Output_multihet_filtered_95/NC_082710.1_multihet.txt
    output: sharks/HypSab/MSMC/Output_Multihet_Bootstrapped/8/NC_082710.1_multihet.txt
    jobid: 447
    reason: Forced execution
    wildcards: CLADE=sharks, SPEC_NAME=HypSab, BOOT=8, CHROM=NC_082710.1
    resources: mem_mb=10000, mem_mib=9537, disk_mb=1000, disk_mib=954, tmpdir=<TBD>, slurm_account=DURBIN-SL2-CPU, slurm_partition=cclake-himem, runtime=60

Job 447 has been submitted with SLURM jobid 9805299 (log: /rds/project/rds-p67MZilb2eQ/projects/VGP/heterozygosity/.snakemake/slurm_logs/rule_BOOTSTRAPPING_MULTIHET_FILE/sharks_HypSab_8_NC_082710.1/9805299.log).

[Fri May 23 13:28:38 2025]
rule BOOTSTRAPPING_MULTIHET_FILE:
    input: sharks/HypSab/MSMC/Output_multihet_filtered_95/NC_082735.1_multihet.txt
    output: sharks/HypSab/MSMC/Output_Multihet_Bootstrapped/17/NC_082735.1_multihet.txt
    jobid: 1206
    reason: Input files updated by another job: sharks/HypSab/MSMC/Output_multihet_filtered_95/NC_082735.1_multihet.txt
    wildcards: CLADE=sharks, SPEC_NAME=HypSab, BOOT=17, CHROM=NC_082735.1
    resources: mem_mb=10000, mem_mib=9537, disk_mb=1000, disk_mib=954, tmpdir=<TBD>, slurm_account=DURBIN-SL2-CPU, slurm_partition=cclake-himem, runtime=60

Job 1206 has been submitted with SLURM jobid 9805300 (log: /rds/project/rds-p67MZilb2eQ/projects/VGP/heterozygosity/.snakemake/slurm_logs/rule_BOOTSTRAPPING_MULTIHET_FILE/sharks_HypSab_17_NC_082735.1/9805300.log).

[Fri May 23 13:28:38 2025]
rule BOOTSTRAPPING_MULTIHET_FILE:
    input: sharks/HypSab/MSMC/Output_multihet_filtered_95/NC_082733.1_multihet.txt
    output: sharks/HypSab/MSMC/Output_Multihet_Bootstrapped/22/NC_082733.1_multihet.txt
    jobid: 1151
    reason: Updated input files: sharks/HypSab/MSMC/Output_multihet_filtered_95/NC_082733.1_multihet.txt
    wildcards: CLADE=sharks, SPEC_NAME=HypSab, BOOT=22, CHROM=NC_082733.1
    resources: mem_mb=10000, mem_mib=9537, disk_mb=1000, disk_mib=954, tmpdir=<TBD>, slurm_account=DURBIN-SL2-CPU, slurm_partition=cclake-himem, runtime=60

Job 1151 has been submitted with SLURM jobid 9805301 (log: /rds/project/rds-p67MZilb2eQ/projects/VGP/heterozygosity/.snakemake/slurm_logs/rule_BOOTSTRAPPING_MULTIHET_FILE/sharks_HypSab_22_NC_082733.1/9805301.log).

[Fri May 23 13:28:38 2025]
rule BOOTSTRAPPING_MULTIHET_FILE:
    input: sharks/HypSab/MSMC/Output_multihet_filtered_95/NC_082735.1_multihet.txt
    output: sharks/HypSab/MSMC/Output_Multihet_Bootstrapped/18/NC_082735.1_multihet.txt
    jobid: 1207
    reason: Input files updated by another job: sharks/HypSab/MSMC/Output_multihet_filtered_95/NC_082735.1_multihet.txt
    wildcards: CLADE=sharks, SPEC_NAME=HypSab, BOOT=18, CHROM=NC_082735.1
    resources: mem_mb=10000, mem_mib=9537, disk_mb=1000, disk_mib=954, tmpdir=<TBD>, slurm_account=DURBIN-SL2-CPU, slurm_partition=cclake-himem, runtime=60

Job 1207 has been submitted with SLURM jobid 9805302 (log: /rds/project/rds-p67MZilb2eQ/projects/VGP/heterozygosity/.snakemake/slurm_logs/rule_BOOTSTRAPPING_MULTIHET_FILE/sharks_HypSab_18_NC_082735.1/9805302.log).

[Fri May 23 13:28:41 2025]
rule BOOTSTRAPPING_MULTIHET_FILE:
    input: sharks/HypSab/MSMC/Output_multihet_filtered_95/NC_082718.1_multihet.txt
    output: sharks/HypSab/MSMC/Output_Multihet_Bootstrapped/24/NC_082718.1_multihet.txt
    jobid: 703
    reason: Updated input files: sharks/HypSab/MSMC/Output_multihet_filtered_95/NC_082718.1_multihet.txt
    wildcards: CLADE=sharks, SPEC_NAME=HypSab, BOOT=24, CHROM=NC_082718.1
    resources: mem_mb=10000, mem_mib=9537, disk_mb=1000, disk_mib=954, tmpdir=<TBD>, slurm_account=DURBIN-SL2-CPU, slurm_partition=cclake-himem, runtime=60

Job 703 has been submitted with SLURM jobid 9805303 (log: /rds/project/rds-p67MZilb2eQ/projects/VGP/heterozygosity/.snakemake/slurm_logs/rule_BOOTSTRAPPING_MULTIHET_FILE/sharks_HypSab_24_NC_082718.1/9805303.log).

[Fri May 23 13:28:41 2025]
rule BOOTSTRAPPING_MULTIHET_FILE:
    input: sharks/HypSab/MSMC/Output_multihet_filtered_95/NC_082725.1_multihet.txt
    output: sharks/HypSab/MSMC/Output_Multihet_Bootstrapped/10/NC_082725.1_multihet.txt
    jobid: 899
    reason: Updated input files: sharks/HypSab/MSMC/Output_multihet_filtered_95/NC_082725.1_multihet.txt
    wildcards: CLADE=sharks, SPEC_NAME=HypSab, BOOT=10, CHROM=NC_082725.1
    resources: mem_mb=10000, mem_mib=9537, disk_mb=1000, disk_mib=954, tmpdir=<TBD>, slurm_account=DURBIN-SL2-CPU, slurm_partition=cclake-himem, runtime=60

Job 899 has been submitted with SLURM jobid 9805304 (log: /rds/project/rds-p67MZilb2eQ/projects/VGP/heterozygosity/.snakemake/slurm_logs/rule_BOOTSTRAPPING_MULTIHET_FILE/sharks_HypSab_10_NC_082725.1/9805304.log).

[Fri May 23 13:28:41 2025]
rule BOOTSTRAPPING_MULTIHET_FILE:
    input: sharks/HypSab/MSMC/Output_multihet_filtered_95/NC_082710.1_multihet.txt
    output: sharks/HypSab/MSMC/Output_Multihet_Bootstrapped/6/NC_082710.1_multihet.txt
    jobid: 445
    reason: Updated input files: sharks/HypSab/MSMC/Output_multihet_filtered_95/NC_082710.1_multihet.txt
    wildcards: CLADE=sharks, SPEC_NAME=HypSab, BOOT=6, CHROM=NC_082710.1
    resources: mem_mb=10000, mem_mib=9537, disk_mb=1000, disk_mib=954, tmpdir=<TBD>, slurm_account=DURBIN-SL2-CPU, slurm_partition=cclake-himem, runtime=60

Job 445 has been submitted with SLURM jobid 9805305 (log: /rds/project/rds-p67MZilb2eQ/projects/VGP/heterozygosity/.snakemake/slurm_logs/rule_BOOTSTRAPPING_MULTIHET_FILE/sharks_HypSab_6_NC_082710.1/9805305.log).

[Fri May 23 13:28:43 2025]
rule BOOTSTRAPPING_MULTIHET_FILE:
    input: sharks/HypSab/MSMC/Output_multihet_filtered_95/NC_082734.1_multihet.txt
    output: sharks/HypSab/MSMC/Output_Multihet_Bootstrapped/14/NC_082734.1_multihet.txt
    jobid: 1173
    reason: Input files updated by another job: sharks/HypSab/MSMC/Output_multihet_filtered_95/NC_082734.1_multihet.txt
    wildcards: CLADE=sharks, SPEC_NAME=HypSab, BOOT=14, CHROM=NC_082734.1
    resources: mem_mb=10000, mem_mib=9537, disk_mb=1000, disk_mib=954, tmpdir=<TBD>, slurm_account=DURBIN-SL2-CPU, slurm_partition=cclake-himem, runtime=60

Job 1173 has been submitted with SLURM jobid 9805307 (log: /rds/project/rds-p67MZilb2eQ/projects/VGP/heterozygosity/.snakemake/slurm_logs/rule_BOOTSTRAPPING_MULTIHET_FILE/sharks_HypSab_14_NC_082734.1/9805307.log).

[Fri May 23 13:28:44 2025]
rule BOOTSTRAPPING_MULTIHET_FILE:
    input: sharks/HypSab/MSMC/Output_multihet_filtered_95/NC_082727.1_multihet.txt
    output: sharks/HypSab/MSMC/Output_Multihet_Bootstrapped/0/NC_082727.1_multihet.txt
    jobid: 949
    reason: Input files updated by another job: sharks/HypSab/MSMC/Output_multihet_filtered_95/NC_082727.1_multihet.txt
    wildcards: CLADE=sharks, SPEC_NAME=HypSab, BOOT=0, CHROM=NC_082727.1
    resources: mem_mb=10000, mem_mib=9537, disk_mb=1000, disk_mib=954, tmpdir=<TBD>, slurm_account=DURBIN-SL2-CPU, slurm_partition=cclake-himem, runtime=60

Job 949 has been submitted with SLURM jobid 9805308 (log: /rds/project/rds-p67MZilb2eQ/projects/VGP/heterozygosity/.snakemake/slurm_logs/rule_BOOTSTRAPPING_MULTIHET_FILE/sharks_HypSab_0_NC_082727.1/9805308.log).

[Fri May 23 13:28:44 2025]
rule BOOTSTRAPPING_MULTIHET_FILE:
    input: sharks/HypSab/MSMC/Output_multihet_filtered_95/NC_082736.1_multihet.txt
    output: sharks/HypSab/MSMC/Output_Multihet_Bootstrapped/10/NC_082736.1_multihet.txt
    jobid: 1229
    reason: Input files updated by another job: sharks/HypSab/MSMC/Output_multihet_filtered_95/NC_082736.1_multihet.txt
    wildcards: CLADE=sharks, SPEC_NAME=HypSab, BOOT=10, CHROM=NC_082736.1
    resources: mem_mb=10000, mem_mib=9537, disk_mb=1000, disk_mib=954, tmpdir=<TBD>, slurm_account=DURBIN-SL2-CPU, slurm_partition=cclake-himem, runtime=60

Job 1229 has been submitted with SLURM jobid 9805309 (log: /rds/project/rds-p67MZilb2eQ/projects/VGP/heterozygosity/.snakemake/slurm_logs/rule_BOOTSTRAPPING_MULTIHET_FILE/sharks_HypSab_10_NC_082736.1/9805309.log).

[Fri May 23 13:28:46 2025]
rule BOOTSTRAPPING_MULTIHET_FILE:
    input: sharks/HypSab/MSMC/Output_multihet_filtered_95/NC_082711.1_multihet.txt
    output: sharks/HypSab/MSMC/Output_Multihet_Bootstrapped/4/NC_082711.1_multihet.txt
    jobid: 473
    reason: Updated input files: sharks/HypSab/MSMC/Output_multihet_filtered_95/NC_082711.1_multihet.txt
    wildcards: CLADE=sharks, SPEC_NAME=HypSab, BOOT=4, CHROM=NC_082711.1
    resources: mem_mb=10000, mem_mib=9537, disk_mb=1000, disk_mib=954, tmpdir=<TBD>, slurm_account=DURBIN-SL2-CPU, slurm_partition=cclake-himem, runtime=60

Job 473 has been submitted with SLURM jobid 9805310 (log: /rds/project/rds-p67MZilb2eQ/projects/VGP/heterozygosity/.snakemake/slurm_logs/rule_BOOTSTRAPPING_MULTIHET_FILE/sharks_HypSab_4_NC_082711.1/9805310.log).

[Fri May 23 13:28:46 2025]
rule BOOTSTRAPPING_MULTIHET_FILE:
    input: sharks/HypSab/MSMC/Output_multihet_filtered_95/NC_082718.1_multihet.txt
    output: sharks/HypSab/MSMC/Output_Multihet_Bootstrapped/18/NC_082718.1_multihet.txt
    jobid: 697
    reason: Updated input files: sharks/HypSab/MSMC/Output_multihet_filtered_95/NC_082718.1_multihet.txt
    wildcards: CLADE=sharks, SPEC_NAME=HypSab, BOOT=18, CHROM=NC_082718.1
    resources: mem_mb=10000, mem_mib=9537, disk_mb=1000, disk_mib=954, tmpdir=<TBD>, slurm_account=DURBIN-SL2-CPU, slurm_partition=cclake-himem, runtime=60

Job 697 has been submitted with SLURM jobid 9805311 (log: /rds/project/rds-p67MZilb2eQ/projects/VGP/heterozygosity/.snakemake/slurm_logs/rule_BOOTSTRAPPING_MULTIHET_FILE/sharks_HypSab_18_NC_082718.1/9805311.log).

[Fri May 23 13:28:47 2025]
rule BOOTSTRAPPING_MULTIHET_FILE:
    input: sharks/HypSab/MSMC/Output_multihet_filtered_95/NC_082733.1_multihet.txt
    output: sharks/HypSab/MSMC/Output_Multihet_Bootstrapped/16/NC_082733.1_multihet.txt
    jobid: 1145
    reason: Updated input files: sharks/HypSab/MSMC/Output_multihet_filtered_95/NC_082733.1_multihet.txt
    wildcards: CLADE=sharks, SPEC_NAME=HypSab, BOOT=16, CHROM=NC_082733.1
    resources: mem_mb=10000, mem_mib=9537, disk_mb=1000, disk_mib=954, tmpdir=<TBD>, slurm_account=DURBIN-SL2-CPU, slurm_partition=cclake-himem, runtime=60

Job 1145 has been submitted with SLURM jobid 9805313 (log: /rds/project/rds-p67MZilb2eQ/projects/VGP/heterozygosity/.snakemake/slurm_logs/rule_BOOTSTRAPPING_MULTIHET_FILE/sharks_HypSab_16_NC_082733.1/9805313.log).

[Fri May 23 13:28:51 2025]
rule BOOTSTRAPPING_MULTIHET_FILE:
    input: sharks/HypSab/MSMC/Output_multihet_filtered_95/NC_082727.1_multihet.txt
    output: sharks/HypSab/MSMC/Output_Multihet_Bootstrapped/28/NC_082727.1_multihet.txt
    jobid: 977
    reason: Input files updated by another job: sharks/HypSab/MSMC/Output_multihet_filtered_95/NC_082727.1_multihet.txt
    wildcards: CLADE=sharks, SPEC_NAME=HypSab, BOOT=28, CHROM=NC_082727.1
    resources: mem_mb=10000, mem_mib=9537, disk_mb=1000, disk_mib=954, tmpdir=<TBD>, slurm_account=DURBIN-SL2-CPU, slurm_partition=cclake-himem, runtime=60

Job 977 has been submitted with SLURM jobid 9805315 (log: /rds/project/rds-p67MZilb2eQ/projects/VGP/heterozygosity/.snakemake/slurm_logs/rule_BOOTSTRAPPING_MULTIHET_FILE/sharks_HypSab_28_NC_082727.1/9805315.log).

[Fri May 23 13:28:52 2025]
rule BOOTSTRAPPING_MULTIHET_FILE:
    input: sharks/HypSab/MSMC/Output_multihet_filtered_95/NC_082735.1_multihet.txt
    output: sharks/HypSab/MSMC/Output_Multihet_Bootstrapped/12/NC_082735.1_multihet.txt
    jobid: 1201
    reason: Input files updated by another job: sharks/HypSab/MSMC/Output_multihet_filtered_95/NC_082735.1_multihet.txt
    wildcards: CLADE=sharks, SPEC_NAME=HypSab, BOOT=12, CHROM=NC_082735.1
    resources: mem_mb=10000, mem_mib=9537, disk_mb=1000, disk_mib=954, tmpdir=<TBD>, slurm_account=DURBIN-SL2-CPU, slurm_partition=cclake-himem, runtime=60

Job 1201 has been submitted with SLURM jobid 9805316 (log: /rds/project/rds-p67MZilb2eQ/projects/VGP/heterozygosity/.snakemake/slurm_logs/rule_BOOTSTRAPPING_MULTIHET_FILE/sharks_HypSab_12_NC_082735.1/9805316.log).

[Fri May 23 13:28:54 2025]
rule MAIN_MULTIHETSEP:
    input: sharks/HypSab/NC_082724.1.recode.vcf.gz, sharks/HypSab/MSMC/Output_Bed/NC_082724.1/NC_082724.1_95.txt, sharks/HypSab/MSMC/Output_bam_caller_BED/NC_082724.1_modified_bed.txt.gz, sharks/HypSab/MSMC/Output_indel_BED_file/NC_082724.1_indel_bed.txt
    output: sharks/HypSab/MSMC/Output_multihet_filtered_95/NC_082724.1_multihet.txt
    jobid: 305
    reason: Forced execution
    wildcards: CLADE=sharks, SPEC_NAME=HypSab, CHROM=NC_082724.1
    resources: mem_mb=10000, mem_mib=9537, disk_mb=1000, disk_mib=954, tmpdir=<TBD>, slurm_account=DURBIN-SL2-CPU, slurm_partition=cclake-himem, runtime=60

Job 305 has been submitted with SLURM jobid 9805317 (log: /rds/project/rds-p67MZilb2eQ/projects/VGP/heterozygosity/.snakemake/slurm_logs/rule_MAIN_MULTIHETSEP/sharks_HypSab_NC_082724.1/9805317.log).

[Fri May 23 13:28:54 2025]
rule BOOTSTRAPPING_MULTIHET_FILE:
    input: sharks/HypSab/MSMC/Output_multihet_filtered_95/NC_082725.1_multihet.txt
    output: sharks/HypSab/MSMC/Output_Multihet_Bootstrapped/5/NC_082725.1_multihet.txt
    jobid: 894
    reason: Updated input files: sharks/HypSab/MSMC/Output_multihet_filtered_95/NC_082725.1_multihet.txt
    wildcards: CLADE=sharks, SPEC_NAME=HypSab, BOOT=5, CHROM=NC_082725.1
    resources: mem_mb=10000, mem_mib=9537, disk_mb=1000, disk_mib=954, tmpdir=<TBD>, slurm_account=DURBIN-SL2-CPU, slurm_partition=cclake-himem, runtime=60

Job 894 has been submitted with SLURM jobid 9805318 (log: /rds/project/rds-p67MZilb2eQ/projects/VGP/heterozygosity/.snakemake/slurm_logs/rule_BOOTSTRAPPING_MULTIHET_FILE/sharks_HypSab_5_NC_082725.1/9805318.log).

[Fri May 23 13:28:57 2025]
rule BOOTSTRAPPING_MULTIHET_FILE:
    input: sharks/HypSab/MSMC/Output_multihet_filtered_95/NC_082710.1_multihet.txt
    output: sharks/HypSab/MSMC/Output_Multihet_Bootstrapped/7/NC_082710.1_multihet.txt
    jobid: 446
    reason: Updated input files: sharks/HypSab/MSMC/Output_multihet_filtered_95/NC_082710.1_multihet.txt
    wildcards: CLADE=sharks, SPEC_NAME=HypSab, BOOT=7, CHROM=NC_082710.1
    resources: mem_mb=10000, mem_mib=9537, disk_mb=1000, disk_mib=954, tmpdir=<TBD>, slurm_account=DURBIN-SL2-CPU, slurm_partition=cclake-himem, runtime=60

Job 446 has been submitted with SLURM jobid 9805320 (log: /rds/project/rds-p67MZilb2eQ/projects/VGP/heterozygosity/.snakemake/slurm_logs/rule_BOOTSTRAPPING_MULTIHET_FILE/sharks_HypSab_7_NC_082710.1/9805320.log).

[Fri May 23 13:28:57 2025]
rule BOOTSTRAPPING_MULTIHET_FILE:
    input: sharks/HypSab/MSMC/Output_multihet_filtered_95/NC_082734.1_multihet.txt
    output: sharks/HypSab/MSMC/Output_Multihet_Bootstrapped/15/NC_082734.1_multihet.txt
    jobid: 1174
    reason: Input files updated by another job: sharks/HypSab/MSMC/Output_multihet_filtered_95/NC_082734.1_multihet.txt
    wildcards: CLADE=sharks, SPEC_NAME=HypSab, BOOT=15, CHROM=NC_082734.1
    resources: mem_mb=10000, mem_mib=9537, disk_mb=1000, disk_mib=954, tmpdir=<TBD>, slurm_account=DURBIN-SL2-CPU, slurm_partition=cclake-himem, runtime=60

Job 1174 has been submitted with SLURM jobid 9805321 (log: /rds/project/rds-p67MZilb2eQ/projects/VGP/heterozygosity/.snakemake/slurm_logs/rule_BOOTSTRAPPING_MULTIHET_FILE/sharks_HypSab_15_NC_082734.1/9805321.log).

[Fri May 23 13:28:57 2025]
rule BOOTSTRAPPING_MULTIHET_FILE:
    input: sharks/HypSab/MSMC/Output_multihet_filtered_95/NC_082727.1_multihet.txt
    output: sharks/HypSab/MSMC/Output_Multihet_Bootstrapped/1/NC_082727.1_multihet.txt
    jobid: 950
    reason: Input files updated by another job: sharks/HypSab/MSMC/Output_multihet_filtered_95/NC_082727.1_multihet.txt
    wildcards: CLADE=sharks, SPEC_NAME=HypSab, BOOT=1, CHROM=NC_082727.1
    resources: mem_mb=10000, mem_mib=9537, disk_mb=1000, disk_mib=954, tmpdir=<TBD>, slurm_account=DURBIN-SL2-CPU, slurm_partition=cclake-himem, runtime=60

Job 950 has been submitted with SLURM jobid 9805322 (log: /rds/project/rds-p67MZilb2eQ/projects/VGP/heterozygosity/.snakemake/slurm_logs/rule_BOOTSTRAPPING_MULTIHET_FILE/sharks_HypSab_1_NC_082727.1/9805322.log).

[Fri May 23 13:28:59 2025]
rule BOOTSTRAPPING_MULTIHET_FILE:
    input: sharks/HypSab/MSMC/Output_multihet_filtered_95/NC_082736.1_multihet.txt
    output: sharks/HypSab/MSMC/Output_Multihet_Bootstrapped/11/NC_082736.1_multihet.txt
    jobid: 1230
    reason: Input files updated by another job: sharks/HypSab/MSMC/Output_multihet_filtered_95/NC_082736.1_multihet.txt
    wildcards: CLADE=sharks, SPEC_NAME=HypSab, BOOT=11, CHROM=NC_082736.1
    resources: mem_mb=10000, mem_mib=9537, disk_mb=1000, disk_mib=954, tmpdir=<TBD>, slurm_account=DURBIN-SL2-CPU, slurm_partition=cclake-himem, runtime=60

Job 1230 has been submitted with SLURM jobid 9805324 (log: /rds/project/rds-p67MZilb2eQ/projects/VGP/heterozygosity/.snakemake/slurm_logs/rule_BOOTSTRAPPING_MULTIHET_FILE/sharks_HypSab_11_NC_082736.1/9805324.log).

[Fri May 23 13:29:00 2025]
rule BOOTSTRAPPING_MULTIHET_FILE:
    input: sharks/HypSab/MSMC/Output_multihet_filtered_95/NC_082711.1_multihet.txt
    output: sharks/HypSab/MSMC/Output_Multihet_Bootstrapped/5/NC_082711.1_multihet.txt
    jobid: 474
    reason: Updated input files: sharks/HypSab/MSMC/Output_multihet_filtered_95/NC_082711.1_multihet.txt
    wildcards: CLADE=sharks, SPEC_NAME=HypSab, BOOT=5, CHROM=NC_082711.1
    resources: mem_mb=10000, mem_mib=9537, disk_mb=1000, disk_mib=954, tmpdir=<TBD>, slurm_account=DURBIN-SL2-CPU, slurm_partition=cclake-himem, runtime=60

Job 474 has been submitted with SLURM jobid 9805325 (log: /rds/project/rds-p67MZilb2eQ/projects/VGP/heterozygosity/.snakemake/slurm_logs/rule_BOOTSTRAPPING_MULTIHET_FILE/sharks_HypSab_5_NC_082711.1/9805325.log).
Select jobs to execute...
Waiting for more resources.
Waiting for more resources.
Waiting for more resources.
Waiting for more resources.
Waiting for more resources.
Waiting for more resources.
Waiting for more resources.
Waiting for more resources.
Waiting for more resources.
Waiting for more resources.
Waiting for more resources.
Waiting for more resources.
Waiting for more resources.
Waiting for more resources.
Waiting for more resources.
Waiting for more resources.
Waiting for more resources.
Waiting for more resources.
Waiting for more resources.
Waiting for more resources.
Waiting for more resources.
[Fri May 23 13:30:04 2025]
Finished job 288.
24 of 988 steps (2%) done
Execute 1 jobs...

[Fri May 23 13:30:04 2025]
rule BOOTSTRAPPING_MULTIHET_FILE:
    input: sharks/HypSab/MSMC/Output_multihet_filtered_95/NC_082736.1_multihet.txt
    output: sharks/HypSab/MSMC/Output_Multihet_Bootstrapped/2/NC_082736.1_multihet.txt
    jobid: 1221
    reason: Input files updated by another job: sharks/HypSab/MSMC/Output_multihet_filtered_95/NC_082736.1_multihet.txt
    wildcards: CLADE=sharks, SPEC_NAME=HypSab, BOOT=2, CHROM=NC_082736.1
    resources: mem_mb=10000, mem_mib=9537, disk_mb=1000, disk_mib=954, tmpdir=<TBD>, slurm_account=DURBIN-SL2-CPU, slurm_partition=cclake-himem, runtime=60

Job 1221 has been submitted with SLURM jobid 9805379 (log: /rds/project/rds-p67MZilb2eQ/projects/VGP/heterozygosity/.snakemake/slurm_logs/rule_BOOTSTRAPPING_MULTIHET_FILE/sharks_HypSab_2_NC_082736.1/9805379.log).
[Fri May 23 13:30:44 2025]
Finished job 287.
25 of 988 steps (3%) done
Select jobs to execute...
Execute 1 jobs...

[Fri May 23 13:30:44 2025]
rule BOOTSTRAPPING_MULTIHET_FILE:
    input: sharks/HypSab/MSMC/Output_multihet_filtered_95/NC_082734.1_multihet.txt
    output: sharks/HypSab/MSMC/Output_Multihet_Bootstrapped/26/NC_082734.1_multihet.txt
    jobid: 1185
    reason: Input files updated by another job: sharks/HypSab/MSMC/Output_multihet_filtered_95/NC_082734.1_multihet.txt
    wildcards: CLADE=sharks, SPEC_NAME=HypSab, BOOT=26, CHROM=NC_082734.1
    resources: mem_mb=10000, mem_mib=9537, disk_mb=1000, disk_mib=954, tmpdir=<TBD>, slurm_account=DURBIN-SL2-CPU, slurm_partition=cclake-himem, runtime=60

Job 1185 has been submitted with SLURM jobid 9805399 (log: /rds/project/rds-p67MZilb2eQ/projects/VGP/heterozygosity/.snakemake/slurm_logs/rule_BOOTSTRAPPING_MULTIHET_FILE/sharks_HypSab_26_NC_082734.1/9805399.log).
