host: login-p-3
Building DAG of jobs...
Using shell: /usr/bin/bash
Provided cores: 56
Rules claiming more threads will be scaled down.
Job stats:
job                    count
-------------------  -------
FILTER_PAF_VARIANCE        1
SORT_PAF                   1
all                        1
total                      3

Select jobs to execute...
Execute 1 jobs...

[Fri Apr 11 17:39:20 2025]
localrule FILTER_PAF_VARIANCE:
    input: sharks/NarBan/NarBan_FASTGA.paf
    output: sharks/NarBan/NarBan_FASTGA.fltr.paf
    jobid: 2
    reason: Missing output files: sharks/NarBan/NarBan_FASTGA.fltr.paf; Updated input files: sharks/NarBan/NarBan_FASTGA.paf
    resources: tmpdir=/tmp

[Fri Apr 11 17:39:42 2025]
Finished job 2.
1 of 3 steps (33%) done
Select jobs to execute...
Execute 1 jobs...

[Fri Apr 11 17:39:42 2025]
localrule SORT_PAF:
    input: sharks/NarBan/NarBan_FASTGA.fltr.paf
    output: sharks/NarBan/NarBan_FASTGA.fltr.srt.paf
    jobid: 1
    reason: Input files updated by another job: sharks/NarBan/NarBan_FASTGA.fltr.paf
    resources: tmpdir=/tmp

[Fri Apr 11 17:41:55 2025]
Finished job 1.
2 of 3 steps (67%) done
Select jobs to execute...
Execute 1 jobs...

[Fri Apr 11 17:41:55 2025]
localrule all:
    input: sharks/NarBan/NarBan_FASTGA.fltr.srt.paf
    jobid: 0
    reason: Input files updated by another job: sharks/NarBan/NarBan_FASTGA.fltr.srt.paf
    resources: tmpdir=/tmp

[Fri Apr 11 17:41:55 2025]
Finished job 0.
3 of 3 steps (100%) done
Complete log: .snakemake/log/2025-04-11T173920.890106.snakemake.log
