host: login-q-1
Building DAG of jobs...
SLURM run ID: a8e72917-d753-45ef-8168-251e0ee9157c
Using shell: /usr/bin/bash
Provided remote nodes: 30
Job stats:
job                   count
------------------  -------
GEN_CHROM_VCF            40
GEN_INPUT_MASK_VCF       40
SEP_PAF_BY_CHR           40
all                       1
total                   121

Select jobs to execute...
Execute 30 jobs...

[Wed May 28 16:48:23 2025]
rule SEP_PAF_BY_CHR:
    input: sharks/HydCol/HydCol_FASTGA.chain.chr.fltr.srt.paf
    output: sharks/HydCol/MSMC/paf_files/HydCol_CM068775.1_only_snps.paf
    jobid: 446
    reason: Missing output files: sharks/HydCol/MSMC/paf_files/HydCol_CM068775.1_only_snps.paf
    wildcards: CLADE=sharks, SPEC_NAME=HydCol, CHROM=CM068775.1_only_snps
    resources: mem_mb=10000, mem_mib=9537, disk_mb=1000, disk_mib=954, tmpdir=<TBD>, slurm_account=DURBIN-SL2-CPU, slurm_partition=cclake-himem, runtime=60

Job 446 has been submitted with SLURM jobid 10034326 (log: /rds/project/rds-p67MZilb2eQ/projects/VGP/heterozygosity/.snakemake/slurm_logs/rule_SEP_PAF_BY_CHR/sharks_HydCol_CM068775.1_only_snps/10034326.log).

[Wed May 28 16:48:25 2025]
rule SEP_PAF_BY_CHR:
    input: sharks/HydCol/HydCol_FASTGA.chain.chr.fltr.srt.paf
    output: sharks/HydCol/MSMC/paf_files/HydCol_CM068748.1_only_snps.paf
    jobid: 392
    reason: Missing output files: sharks/HydCol/MSMC/paf_files/HydCol_CM068748.1_only_snps.paf
    wildcards: CLADE=sharks, SPEC_NAME=HydCol, CHROM=CM068748.1_only_snps
    resources: mem_mb=10000, mem_mib=9537, disk_mb=1000, disk_mib=954, tmpdir=<TBD>, slurm_account=DURBIN-SL2-CPU, slurm_partition=cclake-himem, runtime=60

Job 392 has been submitted with SLURM jobid 10034328 (log: /rds/project/rds-p67MZilb2eQ/projects/VGP/heterozygosity/.snakemake/slurm_logs/rule_SEP_PAF_BY_CHR/sharks_HydCol_CM068748.1_only_snps/10034328.log).

[Wed May 28 16:48:25 2025]
rule GEN_INPUT_MASK_VCF:
    input: sharks/HydCol/MSMC/vcf_files/HydCol_CM068755.1.vcf.gz
    output: sharks/HydCol/MSMC/Output_Mask/HydCol_CM068755.1.bed.gz, sharks/HydCol/MSMC/Output_VCF/HydCol_CM068755.1_only_snps.vcf.gz
    jobid: 352
    reason: Missing output files: sharks/HydCol/MSMC/Output_Mask/HydCol_CM068755.1.bed.gz
    wildcards: CLADE=sharks, SPEC_NAME=HydCol, CHROM=CM068755.1
    resources: mem_mb=10000, mem_mib=9537, disk_mb=1000, disk_mib=954, tmpdir=<TBD>, slurm_account=DURBIN-SL2-CPU, slurm_partition=cclake-himem, runtime=60

Job 352 has been submitted with SLURM jobid 10034329 (log: /rds/project/rds-p67MZilb2eQ/projects/VGP/heterozygosity/.snakemake/slurm_logs/rule_GEN_INPUT_MASK_VCF/sharks_HydCol_CM068755.1/10034329.log).

[Wed May 28 16:48:25 2025]
rule SEP_PAF_BY_CHR:
    input: sharks/HydCol/HydCol_FASTGA.chain.chr.fltr.srt.paf
    output: sharks/HydCol/MSMC/paf_files/HydCol_CM068776.1_only_snps.paf
    jobid: 448
    reason: Missing output files: sharks/HydCol/MSMC/paf_files/HydCol_CM068776.1_only_snps.paf
    wildcards: CLADE=sharks, SPEC_NAME=HydCol, CHROM=CM068776.1_only_snps
    resources: mem_mb=10000, mem_mib=9537, disk_mb=1000, disk_mib=954, tmpdir=<TBD>, slurm_account=DURBIN-SL2-CPU, slurm_partition=cclake-himem, runtime=60

Job 448 has been submitted with SLURM jobid 10034330 (log: /rds/project/rds-p67MZilb2eQ/projects/VGP/heterozygosity/.snakemake/slurm_logs/rule_SEP_PAF_BY_CHR/sharks_HydCol_CM068776.1_only_snps/10034330.log).

[Wed May 28 16:48:28 2025]
rule SEP_PAF_BY_CHR:
    input: sharks/HydCol/HydCol_FASTGA.chain.chr.fltr.srt.paf
    output: sharks/HydCol/MSMC/paf_files/HydCol_CM068749.1_only_snps.paf
    jobid: 394
    reason: Missing output files: sharks/HydCol/MSMC/paf_files/HydCol_CM068749.1_only_snps.paf
    wildcards: CLADE=sharks, SPEC_NAME=HydCol, CHROM=CM068749.1_only_snps
    resources: mem_mb=10000, mem_mib=9537, disk_mb=1000, disk_mib=954, tmpdir=<TBD>, slurm_account=DURBIN-SL2-CPU, slurm_partition=cclake-himem, runtime=60

Job 394 has been submitted with SLURM jobid 10034332 (log: /rds/project/rds-p67MZilb2eQ/projects/VGP/heterozygosity/.snakemake/slurm_logs/rule_SEP_PAF_BY_CHR/sharks_HydCol_CM068749.1_only_snps/10034332.log).

[Wed May 28 16:48:28 2025]
rule GEN_INPUT_MASK_VCF:
    input: sharks/HydCol/MSMC/vcf_files/HydCol_CM068756.1.vcf.gz
    output: sharks/HydCol/MSMC/Output_Mask/HydCol_CM068756.1.bed.gz, sharks/HydCol/MSMC/Output_VCF/HydCol_CM068756.1_only_snps.vcf.gz
    jobid: 353
    reason: Missing output files: sharks/HydCol/MSMC/Output_Mask/HydCol_CM068756.1.bed.gz
    wildcards: CLADE=sharks, SPEC_NAME=HydCol, CHROM=CM068756.1
    resources: mem_mb=10000, mem_mib=9537, disk_mb=1000, disk_mib=954, tmpdir=<TBD>, slurm_account=DURBIN-SL2-CPU, slurm_partition=cclake-himem, runtime=60

Job 353 has been submitted with SLURM jobid 10034333 (log: /rds/project/rds-p67MZilb2eQ/projects/VGP/heterozygosity/.snakemake/slurm_logs/rule_GEN_INPUT_MASK_VCF/sharks_HydCol_CM068756.1/10034333.log).

[Wed May 28 16:48:28 2025]
rule SEP_PAF_BY_CHR:
    input: sharks/HydCol/HydCol_FASTGA.chain.chr.fltr.srt.paf
    output: sharks/HydCol/MSMC/paf_files/HydCol_CM068777.1_only_snps.paf
    jobid: 450
    reason: Missing output files: sharks/HydCol/MSMC/paf_files/HydCol_CM068777.1_only_snps.paf
    wildcards: CLADE=sharks, SPEC_NAME=HydCol, CHROM=CM068777.1_only_snps
    resources: mem_mb=10000, mem_mib=9537, disk_mb=1000, disk_mib=954, tmpdir=<TBD>, slurm_account=DURBIN-SL2-CPU, slurm_partition=cclake-himem, runtime=60

Job 450 has been submitted with SLURM jobid 10034334 (log: /rds/project/rds-p67MZilb2eQ/projects/VGP/heterozygosity/.snakemake/slurm_logs/rule_SEP_PAF_BY_CHR/sharks_HydCol_CM068777.1_only_snps/10034334.log).

[Wed May 28 16:48:30 2025]
rule SEP_PAF_BY_CHR:
    input: sharks/HydCol/HydCol_FASTGA.chain.chr.fltr.srt.paf
    output: sharks/HydCol/MSMC/paf_files/HydCol_CM068763.1_only_snps.paf
    jobid: 422
    reason: Missing output files: sharks/HydCol/MSMC/paf_files/HydCol_CM068763.1_only_snps.paf
    wildcards: CLADE=sharks, SPEC_NAME=HydCol, CHROM=CM068763.1_only_snps
    resources: mem_mb=10000, mem_mib=9537, disk_mb=1000, disk_mib=954, tmpdir=<TBD>, slurm_account=DURBIN-SL2-CPU, slurm_partition=cclake-himem, runtime=60

Job 422 has been submitted with SLURM jobid 10034335 (log: /rds/project/rds-p67MZilb2eQ/projects/VGP/heterozygosity/.snakemake/slurm_logs/rule_SEP_PAF_BY_CHR/sharks_HydCol_CM068763.1_only_snps/10034335.log).

[Wed May 28 16:48:31 2025]
rule SEP_PAF_BY_CHR:
    input: sharks/HydCol/HydCol_FASTGA.chain.chr.fltr.srt.paf
    output: sharks/HydCol/MSMC/paf_files/HydCol_CM068750.1_only_snps.paf
    jobid: 396
    reason: Missing output files: sharks/HydCol/MSMC/paf_files/HydCol_CM068750.1_only_snps.paf
    wildcards: CLADE=sharks, SPEC_NAME=HydCol, CHROM=CM068750.1_only_snps
    resources: mem_mb=10000, mem_mib=9537, disk_mb=1000, disk_mib=954, tmpdir=<TBD>, slurm_account=DURBIN-SL2-CPU, slurm_partition=cclake-himem, runtime=60

Job 396 has been submitted with SLURM jobid 10034336 (log: /rds/project/rds-p67MZilb2eQ/projects/VGP/heterozygosity/.snakemake/slurm_logs/rule_SEP_PAF_BY_CHR/sharks_HydCol_CM068750.1_only_snps/10034336.log).

[Wed May 28 16:48:31 2025]
rule GEN_INPUT_MASK_VCF:
    input: sharks/HydCol/MSMC/vcf_files/HydCol_CM068771.1.vcf.gz
    output: sharks/HydCol/MSMC/Output_Mask/HydCol_CM068771.1.bed.gz, sharks/HydCol/MSMC/Output_VCF/HydCol_CM068771.1_only_snps.vcf.gz
    jobid: 368
    reason: Missing output files: sharks/HydCol/MSMC/Output_Mask/HydCol_CM068771.1.bed.gz
    wildcards: CLADE=sharks, SPEC_NAME=HydCol, CHROM=CM068771.1
    resources: mem_mb=10000, mem_mib=9537, disk_mb=1000, disk_mib=954, tmpdir=<TBD>, slurm_account=DURBIN-SL2-CPU, slurm_partition=cclake-himem, runtime=60

Job 368 has been submitted with SLURM jobid 10034337 (log: /rds/project/rds-p67MZilb2eQ/projects/VGP/heterozygosity/.snakemake/slurm_logs/rule_GEN_INPUT_MASK_VCF/sharks_HydCol_CM068771.1/10034337.log).

[Wed May 28 16:48:33 2025]
rule GEN_INPUT_MASK_VCF:
    input: sharks/HydCol/MSMC/vcf_files/HydCol_CM068764.1.vcf.gz
    output: sharks/HydCol/MSMC/Output_Mask/HydCol_CM068764.1.bed.gz, sharks/HydCol/MSMC/Output_VCF/HydCol_CM068764.1_only_snps.vcf.gz
    jobid: 361
    reason: Missing output files: sharks/HydCol/MSMC/Output_Mask/HydCol_CM068764.1.bed.gz
    wildcards: CLADE=sharks, SPEC_NAME=HydCol, CHROM=CM068764.1
    resources: mem_mb=10000, mem_mib=9537, disk_mb=1000, disk_mib=954, tmpdir=<TBD>, slurm_account=DURBIN-SL2-CPU, slurm_partition=cclake-himem, runtime=60

Job 361 has been submitted with SLURM jobid 10034338 (log: /rds/project/rds-p67MZilb2eQ/projects/VGP/heterozygosity/.snakemake/slurm_logs/rule_GEN_INPUT_MASK_VCF/sharks_HydCol_CM068764.1/10034338.log).

[Wed May 28 16:48:33 2025]
rule SEP_PAF_BY_CHR:
    input: sharks/HydCol/HydCol_FASTGA.chain.chr.fltr.srt.paf
    output: sharks/HydCol/MSMC/paf_files/HydCol_CM068778.1_only_snps.paf
    jobid: 452
    reason: Missing output files: sharks/HydCol/MSMC/paf_files/HydCol_CM068778.1_only_snps.paf
    wildcards: CLADE=sharks, SPEC_NAME=HydCol, CHROM=CM068778.1_only_snps
    resources: mem_mb=10000, mem_mib=9537, disk_mb=1000, disk_mib=954, tmpdir=<TBD>, slurm_account=DURBIN-SL2-CPU, slurm_partition=cclake-himem, runtime=60

Job 452 has been submitted with SLURM jobid 10034339 (log: /rds/project/rds-p67MZilb2eQ/projects/VGP/heterozygosity/.snakemake/slurm_logs/rule_SEP_PAF_BY_CHR/sharks_HydCol_CM068778.1_only_snps/10034339.log).

[Wed May 28 16:48:33 2025]
rule GEN_INPUT_MASK_VCF:
    input: sharks/HydCol/MSMC/vcf_files/HydCol_CM068757.1.vcf.gz
    output: sharks/HydCol/MSMC/Output_Mask/HydCol_CM068757.1.bed.gz, sharks/HydCol/MSMC/Output_VCF/HydCol_CM068757.1_only_snps.vcf.gz
    jobid: 354
    reason: Missing output files: sharks/HydCol/MSMC/Output_Mask/HydCol_CM068757.1.bed.gz
    wildcards: CLADE=sharks, SPEC_NAME=HydCol, CHROM=CM068757.1
    resources: mem_mb=10000, mem_mib=9537, disk_mb=1000, disk_mib=954, tmpdir=<TBD>, slurm_account=DURBIN-SL2-CPU, slurm_partition=cclake-himem, runtime=60

Job 354 has been submitted with SLURM jobid 10034340 (log: /rds/project/rds-p67MZilb2eQ/projects/VGP/heterozygosity/.snakemake/slurm_logs/rule_GEN_INPUT_MASK_VCF/sharks_HydCol_CM068757.1/10034340.log).

[Wed May 28 16:48:36 2025]
rule SEP_PAF_BY_CHR:
    input: sharks/HydCol/HydCol_FASTGA.chain.chr.fltr.srt.paf
    output: sharks/HydCol/MSMC/paf_files/HydCol_CM068764.1_only_snps.paf
    jobid: 424
    reason: Missing output files: sharks/HydCol/MSMC/paf_files/HydCol_CM068764.1_only_snps.paf
    wildcards: CLADE=sharks, SPEC_NAME=HydCol, CHROM=CM068764.1_only_snps
    resources: mem_mb=10000, mem_mib=9537, disk_mb=1000, disk_mib=954, tmpdir=<TBD>, slurm_account=DURBIN-SL2-CPU, slurm_partition=cclake-himem, runtime=60

Job 424 has been submitted with SLURM jobid 10034341 (log: /rds/project/rds-p67MZilb2eQ/projects/VGP/heterozygosity/.snakemake/slurm_logs/rule_SEP_PAF_BY_CHR/sharks_HydCol_CM068764.1_only_snps/10034341.log).

[Wed May 28 16:48:36 2025]
rule SEP_PAF_BY_CHR:
    input: sharks/HydCol/HydCol_FASTGA.chain.chr.fltr.srt.paf
    output: sharks/HydCol/MSMC/paf_files/HydCol_CM068758.1_only_snps.paf
    jobid: 412
    reason: Missing output files: sharks/HydCol/MSMC/paf_files/HydCol_CM068758.1_only_snps.paf
    wildcards: CLADE=sharks, SPEC_NAME=HydCol, CHROM=CM068758.1_only_snps
    resources: mem_mb=10000, mem_mib=9537, disk_mb=1000, disk_mib=954, tmpdir=<TBD>, slurm_account=DURBIN-SL2-CPU, slurm_partition=cclake-himem, runtime=60

Job 412 has been submitted with SLURM jobid 10034342 (log: /rds/project/rds-p67MZilb2eQ/projects/VGP/heterozygosity/.snakemake/slurm_logs/rule_SEP_PAF_BY_CHR/sharks_HydCol_CM068758.1_only_snps/10034342.log).

[Wed May 28 16:48:36 2025]
rule SEP_PAF_BY_CHR:
    input: sharks/HydCol/HydCol_FASTGA.chain.chr.fltr.srt.paf
    output: sharks/HydCol/MSMC/paf_files/HydCol_CM068751.1_only_snps.paf
    jobid: 398
    reason: Missing output files: sharks/HydCol/MSMC/paf_files/HydCol_CM068751.1_only_snps.paf
    wildcards: CLADE=sharks, SPEC_NAME=HydCol, CHROM=CM068751.1_only_snps
    resources: mem_mb=10000, mem_mib=9537, disk_mb=1000, disk_mib=954, tmpdir=<TBD>, slurm_account=DURBIN-SL2-CPU, slurm_partition=cclake-himem, runtime=60

Job 398 has been submitted with SLURM jobid 10034343 (log: /rds/project/rds-p67MZilb2eQ/projects/VGP/heterozygosity/.snakemake/slurm_logs/rule_SEP_PAF_BY_CHR/sharks_HydCol_CM068751.1_only_snps/10034343.log).

[Wed May 28 16:48:36 2025]
rule GEN_INPUT_MASK_VCF:
    input: sharks/HydCol/MSMC/vcf_files/HydCol_CM068772.1.vcf.gz
    output: sharks/HydCol/MSMC/Output_Mask/HydCol_CM068772.1.bed.gz, sharks/HydCol/MSMC/Output_VCF/HydCol_CM068772.1_only_snps.vcf.gz
    jobid: 369
    reason: Missing output files: sharks/HydCol/MSMC/Output_Mask/HydCol_CM068772.1.bed.gz
    wildcards: CLADE=sharks, SPEC_NAME=HydCol, CHROM=CM068772.1
    resources: mem_mb=10000, mem_mib=9537, disk_mb=1000, disk_mib=954, tmpdir=<TBD>, slurm_account=DURBIN-SL2-CPU, slurm_partition=cclake-himem, runtime=60

Job 369 has been submitted with SLURM jobid 10034344 (log: /rds/project/rds-p67MZilb2eQ/projects/VGP/heterozygosity/.snakemake/slurm_logs/rule_GEN_INPUT_MASK_VCF/sharks_HydCol_CM068772.1/10034344.log).

[Wed May 28 16:48:38 2025]
rule GEN_INPUT_MASK_VCF:
    input: sharks/HydCol/MSMC/vcf_files/HydCol_CM068765.1.vcf.gz
    output: sharks/HydCol/MSMC/Output_Mask/HydCol_CM068765.1.bed.gz, sharks/HydCol/MSMC/Output_VCF/HydCol_CM068765.1_only_snps.vcf.gz
    jobid: 362
    reason: Missing output files: sharks/HydCol/MSMC/Output_Mask/HydCol_CM068765.1.bed.gz
    wildcards: CLADE=sharks, SPEC_NAME=HydCol, CHROM=CM068765.1
    resources: mem_mb=10000, mem_mib=9537, disk_mb=1000, disk_mib=954, tmpdir=<TBD>, slurm_account=DURBIN-SL2-CPU, slurm_partition=cclake-himem, runtime=60

Job 362 has been submitted with SLURM jobid 10034346 (log: /rds/project/rds-p67MZilb2eQ/projects/VGP/heterozygosity/.snakemake/slurm_logs/rule_GEN_INPUT_MASK_VCF/sharks_HydCol_CM068765.1/10034346.log).

[Wed May 28 16:48:39 2025]
rule GEN_INPUT_MASK_VCF:
    input: sharks/HydCol/MSMC/vcf_files/HydCol_CM068758.1.vcf.gz
    output: sharks/HydCol/MSMC/Output_Mask/HydCol_CM068758.1.bed.gz, sharks/HydCol/MSMC/Output_VCF/HydCol_CM068758.1_only_snps.vcf.gz
    jobid: 355
    reason: Missing output files: sharks/HydCol/MSMC/Output_Mask/HydCol_CM068758.1.bed.gz
    wildcards: CLADE=sharks, SPEC_NAME=HydCol, CHROM=CM068758.1
    resources: mem_mb=10000, mem_mib=9537, disk_mb=1000, disk_mib=954, tmpdir=<TBD>, slurm_account=DURBIN-SL2-CPU, slurm_partition=cclake-himem, runtime=60

Job 355 has been submitted with SLURM jobid 10034347 (log: /rds/project/rds-p67MZilb2eQ/projects/VGP/heterozygosity/.snakemake/slurm_logs/rule_GEN_INPUT_MASK_VCF/sharks_HydCol_CM068758.1/10034347.log).

[Wed May 28 16:48:44 2025]
rule SEP_PAF_BY_CHR:
    input: sharks/HydCol/HydCol_FASTGA.chain.chr.fltr.srt.paf
    output: sharks/HydCol/MSMC/paf_files/HydCol_CM068779.1_only_snps.paf
    jobid: 454
    reason: Missing output files: sharks/HydCol/MSMC/paf_files/HydCol_CM068779.1_only_snps.paf
    wildcards: CLADE=sharks, SPEC_NAME=HydCol, CHROM=CM068779.1_only_snps
    resources: mem_mb=10000, mem_mib=9537, disk_mb=1000, disk_mib=954, tmpdir=<TBD>, slurm_account=DURBIN-SL2-CPU, slurm_partition=cclake-himem, runtime=60

Job 454 has been submitted with SLURM jobid 10034349 (log: /rds/project/rds-p67MZilb2eQ/projects/VGP/heterozygosity/.snakemake/slurm_logs/rule_SEP_PAF_BY_CHR/sharks_HydCol_CM068779.1_only_snps/10034349.log).

[Wed May 28 16:48:44 2025]
rule SEP_PAF_BY_CHR:
    input: sharks/HydCol/HydCol_FASTGA.chain.chr.fltr.srt.paf
    output: sharks/HydCol/MSMC/paf_files/HydCol_CM068759.1_only_snps.paf
    jobid: 414
    reason: Missing output files: sharks/HydCol/MSMC/paf_files/HydCol_CM068759.1_only_snps.paf
    wildcards: CLADE=sharks, SPEC_NAME=HydCol, CHROM=CM068759.1_only_snps
    resources: mem_mb=10000, mem_mib=9537, disk_mb=1000, disk_mib=954, tmpdir=<TBD>, slurm_account=DURBIN-SL2-CPU, slurm_partition=cclake-himem, runtime=60

Job 414 has been submitted with SLURM jobid 10034350 (log: /rds/project/rds-p67MZilb2eQ/projects/VGP/heterozygosity/.snakemake/slurm_logs/rule_SEP_PAF_BY_CHR/sharks_HydCol_CM068759.1_only_snps/10034350.log).

[Wed May 28 16:48:44 2025]
rule SEP_PAF_BY_CHR:
    input: sharks/HydCol/HydCol_FASTGA.chain.chr.fltr.srt.paf
    output: sharks/HydCol/MSMC/paf_files/HydCol_CM068752.1_only_snps.paf
    jobid: 400
    reason: Missing output files: sharks/HydCol/MSMC/paf_files/HydCol_CM068752.1_only_snps.paf
    wildcards: CLADE=sharks, SPEC_NAME=HydCol, CHROM=CM068752.1_only_snps
    resources: mem_mb=10000, mem_mib=9537, disk_mb=1000, disk_mib=954, tmpdir=<TBD>, slurm_account=DURBIN-SL2-CPU, slurm_partition=cclake-himem, runtime=60

Job 400 has been submitted with SLURM jobid 10034351 (log: /rds/project/rds-p67MZilb2eQ/projects/VGP/heterozygosity/.snakemake/slurm_logs/rule_SEP_PAF_BY_CHR/sharks_HydCol_CM068752.1_only_snps/10034351.log).

[Wed May 28 16:48:46 2025]
rule GEN_INPUT_MASK_VCF:
    input: sharks/HydCol/MSMC/vcf_files/HydCol_CM068766.1.vcf.gz
    output: sharks/HydCol/MSMC/Output_Mask/HydCol_CM068766.1.bed.gz, sharks/HydCol/MSMC/Output_VCF/HydCol_CM068766.1_only_snps.vcf.gz
    jobid: 363
    reason: Missing output files: sharks/HydCol/MSMC/Output_Mask/HydCol_CM068766.1.bed.gz
    wildcards: CLADE=sharks, SPEC_NAME=HydCol, CHROM=CM068766.1
    resources: mem_mb=10000, mem_mib=9537, disk_mb=1000, disk_mib=954, tmpdir=<TBD>, slurm_account=DURBIN-SL2-CPU, slurm_partition=cclake-himem, runtime=60

Job 363 has been submitted with SLURM jobid 10034354 (log: /rds/project/rds-p67MZilb2eQ/projects/VGP/heterozygosity/.snakemake/slurm_logs/rule_GEN_INPUT_MASK_VCF/sharks_HydCol_CM068766.1/10034354.log).

[Wed May 28 16:48:46 2025]
rule GEN_INPUT_MASK_VCF:
    input: sharks/HydCol/MSMC/vcf_files/HydCol_CM068759.1.vcf.gz
    output: sharks/HydCol/MSMC/Output_Mask/HydCol_CM068759.1.bed.gz, sharks/HydCol/MSMC/Output_VCF/HydCol_CM068759.1_only_snps.vcf.gz
    jobid: 356
    reason: Missing output files: sharks/HydCol/MSMC/Output_Mask/HydCol_CM068759.1.bed.gz
    wildcards: CLADE=sharks, SPEC_NAME=HydCol, CHROM=CM068759.1
    resources: mem_mb=10000, mem_mib=9537, disk_mb=1000, disk_mib=954, tmpdir=<TBD>, slurm_account=DURBIN-SL2-CPU, slurm_partition=cclake-himem, runtime=60

Job 356 has been submitted with SLURM jobid 10034355 (log: /rds/project/rds-p67MZilb2eQ/projects/VGP/heterozygosity/.snakemake/slurm_logs/rule_GEN_INPUT_MASK_VCF/sharks_HydCol_CM068759.1/10034355.log).

[Wed May 28 16:48:47 2025]
rule SEP_PAF_BY_CHR:
    input: sharks/HydCol/HydCol_FASTGA.chain.chr.fltr.srt.paf
    output: sharks/HydCol/MSMC/paf_files/HydCol_CM068780.1_only_snps.paf
    jobid: 456
    reason: Missing output files: sharks/HydCol/MSMC/paf_files/HydCol_CM068780.1_only_snps.paf
    wildcards: CLADE=sharks, SPEC_NAME=HydCol, CHROM=CM068780.1_only_snps
    resources: mem_mb=10000, mem_mib=9537, disk_mb=1000, disk_mib=954, tmpdir=<TBD>, slurm_account=DURBIN-SL2-CPU, slurm_partition=cclake-himem, runtime=60

Job 456 has been submitted with SLURM jobid 10034356 (log: /rds/project/rds-p67MZilb2eQ/projects/VGP/heterozygosity/.snakemake/slurm_logs/rule_SEP_PAF_BY_CHR/sharks_HydCol_CM068780.1_only_snps/10034356.log).

[Wed May 28 16:48:49 2025]
rule SEP_PAF_BY_CHR:
    input: sharks/HydCol/HydCol_FASTGA.chain.chr.fltr.srt.paf
    output: sharks/HydCol/MSMC/paf_files/HydCol_CM068760.1_only_snps.paf
    jobid: 416
    reason: Missing output files: sharks/HydCol/MSMC/paf_files/HydCol_CM068760.1_only_snps.paf
    wildcards: CLADE=sharks, SPEC_NAME=HydCol, CHROM=CM068760.1_only_snps
    resources: mem_mb=10000, mem_mib=9537, disk_mb=1000, disk_mib=954, tmpdir=<TBD>, slurm_account=DURBIN-SL2-CPU, slurm_partition=cclake-himem, runtime=60

Job 416 has been submitted with SLURM jobid 10034358 (log: /rds/project/rds-p67MZilb2eQ/projects/VGP/heterozygosity/.snakemake/slurm_logs/rule_SEP_PAF_BY_CHR/sharks_HydCol_CM068760.1_only_snps/10034358.log).

[Wed May 28 16:48:49 2025]
rule SEP_PAF_BY_CHR:
    input: sharks/HydCol/HydCol_FASTGA.chain.chr.fltr.srt.paf
    output: sharks/HydCol/MSMC/paf_files/HydCol_CM068753.1_only_snps.paf
    jobid: 402
    reason: Missing output files: sharks/HydCol/MSMC/paf_files/HydCol_CM068753.1_only_snps.paf
    wildcards: CLADE=sharks, SPEC_NAME=HydCol, CHROM=CM068753.1_only_snps
    resources: mem_mb=10000, mem_mib=9537, disk_mb=1000, disk_mib=954, tmpdir=<TBD>, slurm_account=DURBIN-SL2-CPU, slurm_partition=cclake-himem, runtime=60

Job 402 has been submitted with SLURM jobid 10034359 (log: /rds/project/rds-p67MZilb2eQ/projects/VGP/heterozygosity/.snakemake/slurm_logs/rule_SEP_PAF_BY_CHR/sharks_HydCol_CM068753.1_only_snps/10034359.log).

[Wed May 28 16:48:49 2025]
rule GEN_INPUT_MASK_VCF:
    input: sharks/HydCol/MSMC/vcf_files/HydCol_CM068767.1.vcf.gz
    output: sharks/HydCol/MSMC/Output_Mask/HydCol_CM068767.1.bed.gz, sharks/HydCol/MSMC/Output_VCF/HydCol_CM068767.1_only_snps.vcf.gz
    jobid: 364
    reason: Missing output files: sharks/HydCol/MSMC/Output_Mask/HydCol_CM068767.1.bed.gz
    wildcards: CLADE=sharks, SPEC_NAME=HydCol, CHROM=CM068767.1
    resources: mem_mb=10000, mem_mib=9537, disk_mb=1000, disk_mib=954, tmpdir=<TBD>, slurm_account=DURBIN-SL2-CPU, slurm_partition=cclake-himem, runtime=60

Job 364 has been submitted with SLURM jobid 10034361 (log: /rds/project/rds-p67MZilb2eQ/projects/VGP/heterozygosity/.snakemake/slurm_logs/rule_GEN_INPUT_MASK_VCF/sharks_HydCol_CM068767.1/10034361.log).

[Wed May 28 16:48:49 2025]
rule GEN_INPUT_MASK_VCF:
    input: sharks/HydCol/MSMC/vcf_files/HydCol_CM068760.1.vcf.gz
    output: sharks/HydCol/MSMC/Output_Mask/HydCol_CM068760.1.bed.gz, sharks/HydCol/MSMC/Output_VCF/HydCol_CM068760.1_only_snps.vcf.gz
    jobid: 357
    reason: Missing output files: sharks/HydCol/MSMC/Output_Mask/HydCol_CM068760.1.bed.gz
    wildcards: CLADE=sharks, SPEC_NAME=HydCol, CHROM=CM068760.1
    resources: mem_mb=10000, mem_mib=9537, disk_mb=1000, disk_mib=954, tmpdir=<TBD>, slurm_account=DURBIN-SL2-CPU, slurm_partition=cclake-himem, runtime=60

Job 357 has been submitted with SLURM jobid 10034362 (log: /rds/project/rds-p67MZilb2eQ/projects/VGP/heterozygosity/.snakemake/slurm_logs/rule_GEN_INPUT_MASK_VCF/sharks_HydCol_CM068760.1/10034362.log).

[Wed May 28 16:48:51 2025]
rule GEN_INPUT_MASK_VCF:
    input: sharks/HydCol/MSMC/vcf_files/HydCol_CM068768.1.vcf.gz
    output: sharks/HydCol/MSMC/Output_Mask/HydCol_CM068768.1.bed.gz, sharks/HydCol/MSMC/Output_VCF/HydCol_CM068768.1_only_snps.vcf.gz
    jobid: 365
    reason: Missing output files: sharks/HydCol/MSMC/Output_Mask/HydCol_CM068768.1.bed.gz
    wildcards: CLADE=sharks, SPEC_NAME=HydCol, CHROM=CM068768.1
    resources: mem_mb=10000, mem_mib=9537, disk_mb=1000, disk_mib=954, tmpdir=<TBD>, slurm_account=DURBIN-SL2-CPU, slurm_partition=cclake-himem, runtime=60

Job 365 has been submitted with SLURM jobid 10034363 (log: /rds/project/rds-p67MZilb2eQ/projects/VGP/heterozygosity/.snakemake/slurm_logs/rule_GEN_INPUT_MASK_VCF/sharks_HydCol_CM068768.1/10034363.log).
