host: login-q-1
Building DAG of jobs...
IncompleteFilesException:
The files below seem to be incomplete. If you are sure that certain files are not incomplete, mark them as complete with

    snakemake --cleanup-metadata <filenames>

To re-generate the files rerun your command with the --rerun-incomplete flag.
Incomplete files:
sharks/NarBan/20250425_CM072956.1_het.txt
sharks/NarBan/20250425_CM072957.1_het.txt
sharks/NarBan/20250425_CM072958.1_het.txt
sharks/NarBan/20250425_CM072959.1_het.txt
sharks/NarBan/20250425_CM072960.1_het.txt
sharks/NarBan/20250425_CM072961.1_het.txt
sharks/NarBan/20250425_CM072962.1_het.txt
sharks/NarBan/20250425_CM072963.1_het.txt
sharks/NarBan/20250425_CM072964.1_het.txt
sharks/NarBan/20250425_CM072965.1_het.txt
sharks/NarBan/20250425_CM072966.1_het.txt
sharks/NarBan/20250425_CM072967.1_het.txt
sharks/NarBan/20250425_CM072968.1_het.txt
sharks/NarBan/20250425_CM072969.1_het.txt
