host: login-p-1
Building DAG of jobs...
SLURM run ID: df9a1fca-964a-454d-a3d5-4f3020c9881d
Using shell: /usr/bin/bash
Provided remote nodes: 20
Job stats:
job                            count
---------------------------  -------
BAM_CALLER_BED                    46
BGZIP_VCF                         46
BOOTSTRAPPING_MULTIHET_FILE        1
CALL_PLOIDY                       46
EXTRACT_CHR_FASTA                 23
GENERATE_MASK                     46
GENERATE_MULTIHETSEP              46
INDEL_MASKER                      46
MAIN_MULTIHETSEP                  46
MAKE_BAM                           1
PILEUP_VARIANTS                    1
Plot_ROH                           1
REMOVE_INDELS                     46
RESTRUCTURE                       46
SEPARATE_BAM_BY_CHR               46
all                                1
total                            488

Select jobs to execute...
Execute 20 jobs...

[Wed May 14 09:08:23 2025]
rule EXTRACT_CHR_FASTA:
    input: /rds/project/rds-p67MZilb2eQ/projects/VGP/250430.VGP-Phase1/alignment/reference/sharks/GCA_035084215.1.fa.gz
    output: sharks/HepPer/temp/CM068655.1.fasta
    jobid: 317
    reason: Missing output files: sharks/HepPer/temp/CM068655.1.fasta; Code has changed since last execution
    wildcards: CLADE=sharks, SPEC_NAME=HepPer, CHR=CM068655.1
    resources: mem_mb=100000, mem_mib=95368, disk_mb=1872, disk_mib=1786, tmpdir=<TBD>, slurm_account=DURBIN-SL2-CPU, slurm_partition=icelake-himem, runtime=120

Job 317 has been submitted with SLURM jobid 9364335 (log: /rds/project/rds-p67MZilb2eQ/projects/VGP/heterozygosity/.snakemake/slurm_logs/rule_EXTRACT_CHR_FASTA/sharks_HepPer_CM068655.1/9364335.log).

[Wed May 14 09:08:24 2025]
rule EXTRACT_CHR_FASTA:
    input: /rds/project/rds-p67MZilb2eQ/projects/VGP/250430.VGP-Phase1/alignment/reference/sharks/GCA_035084215.1.fa.gz
    output: sharks/HepPer/temp/CM068641.1.fasta
    jobid: 303
    reason: Missing output files: sharks/HepPer/temp/CM068641.1.fasta; Code has changed since last execution
    wildcards: CLADE=sharks, SPEC_NAME=HepPer, CHR=CM068641.1
    resources: mem_mb=100000, mem_mib=95368, disk_mb=1872, disk_mib=1786, tmpdir=<TBD>, slurm_account=DURBIN-SL2-CPU, slurm_partition=icelake-himem, runtime=120

Job 303 has been submitted with SLURM jobid 9364336 (log: /rds/project/rds-p67MZilb2eQ/projects/VGP/heterozygosity/.snakemake/slurm_logs/rule_EXTRACT_CHR_FASTA/sharks_HepPer_CM068641.1/9364336.log).

[Wed May 14 09:08:24 2025]
rule EXTRACT_CHR_FASTA:
    input: /rds/project/rds-p67MZilb2eQ/projects/VGP/250430.VGP-Phase1/alignment/reference/sharks/GCA_035084215.1.fa.gz
    output: sharks/HepPer/temp/CM068677.1.fasta
    jobid: 339
    reason: Missing output files: sharks/HepPer/temp/CM068677.1.fasta
    wildcards: CLADE=sharks, SPEC_NAME=HepPer, CHR=CM068677.1
    resources: mem_mb=100000, mem_mib=95368, disk_mb=1872, disk_mib=1786, tmpdir=<TBD>, slurm_account=DURBIN-SL2-CPU, slurm_partition=icelake-himem, runtime=120

Job 339 has been submitted with SLURM jobid 9364337 (log: /rds/project/rds-p67MZilb2eQ/projects/VGP/heterozygosity/.snakemake/slurm_logs/rule_EXTRACT_CHR_FASTA/sharks_HepPer_CM068677.1/9364337.log).

[Wed May 14 09:08:24 2025]
rule EXTRACT_CHR_FASTA:
    input: /rds/project/rds-p67MZilb2eQ/projects/VGP/250430.VGP-Phase1/alignment/reference/sharks/GCA_035084215.1.fa.gz
    output: sharks/HepPer/temp/CM068678.1.fasta
    jobid: 340
    reason: Missing output files: sharks/HepPer/temp/CM068678.1.fasta
    wildcards: CLADE=sharks, SPEC_NAME=HepPer, CHR=CM068678.1
    resources: mem_mb=100000, mem_mib=95368, disk_mb=1872, disk_mib=1786, tmpdir=<TBD>, slurm_account=DURBIN-SL2-CPU, slurm_partition=icelake-himem, runtime=120

Job 340 has been submitted with SLURM jobid 9364338 (log: /rds/project/rds-p67MZilb2eQ/projects/VGP/heterozygosity/.snakemake/slurm_logs/rule_EXTRACT_CHR_FASTA/sharks_HepPer_CM068678.1/9364338.log).

[Wed May 14 09:08:27 2025]
rule EXTRACT_CHR_FASTA:
    input: /rds/project/rds-p67MZilb2eQ/projects/VGP/250430.VGP-Phase1/alignment/reference/sharks/GCA_035084215.1.fa.gz
    output: sharks/HepPer/temp/CM068671.1.fasta
    jobid: 333
    reason: Missing output files: sharks/HepPer/temp/CM068671.1.fasta; Code has changed since last execution
    wildcards: CLADE=sharks, SPEC_NAME=HepPer, CHR=CM068671.1
    resources: mem_mb=100000, mem_mib=95368, disk_mb=1872, disk_mib=1786, tmpdir=<TBD>, slurm_account=DURBIN-SL2-CPU, slurm_partition=icelake-himem, runtime=120

Job 333 has been submitted with SLURM jobid 9364339 (log: /rds/project/rds-p67MZilb2eQ/projects/VGP/heterozygosity/.snakemake/slurm_logs/rule_EXTRACT_CHR_FASTA/sharks_HepPer_CM068671.1/9364339.log).

[Wed May 14 09:08:27 2025]
rule EXTRACT_CHR_FASTA:
    input: /rds/project/rds-p67MZilb2eQ/projects/VGP/250430.VGP-Phase1/alignment/reference/sharks/GCA_035084215.1.fa.gz
    output: sharks/HepPer/temp/CM068664.1.fasta
    jobid: 326
    reason: Missing output files: sharks/HepPer/temp/CM068664.1.fasta; Code has changed since last execution
    wildcards: CLADE=sharks, SPEC_NAME=HepPer, CHR=CM068664.1
    resources: mem_mb=100000, mem_mib=95368, disk_mb=1872, disk_mib=1786, tmpdir=<TBD>, slurm_account=DURBIN-SL2-CPU, slurm_partition=icelake-himem, runtime=120

Job 326 has been submitted with SLURM jobid 9364340 (log: /rds/project/rds-p67MZilb2eQ/projects/VGP/heterozygosity/.snakemake/slurm_logs/rule_EXTRACT_CHR_FASTA/sharks_HepPer_CM068664.1/9364340.log).

[Wed May 14 09:08:27 2025]
rule EXTRACT_CHR_FASTA:
    input: /rds/project/rds-p67MZilb2eQ/projects/VGP/250430.VGP-Phase1/alignment/reference/sharks/GCA_035084215.1.fa.gz
    output: sharks/HepPer/temp/CM068657.1.fasta
    jobid: 319
    reason: Missing output files: sharks/HepPer/temp/CM068657.1.fasta; Code has changed since last execution
    wildcards: CLADE=sharks, SPEC_NAME=HepPer, CHR=CM068657.1
    resources: mem_mb=100000, mem_mib=95368, disk_mb=1872, disk_mib=1786, tmpdir=<TBD>, slurm_account=DURBIN-SL2-CPU, slurm_partition=icelake-himem, runtime=120

Job 319 has been submitted with SLURM jobid 9364341 (log: /rds/project/rds-p67MZilb2eQ/projects/VGP/heterozygosity/.snakemake/slurm_logs/rule_EXTRACT_CHR_FASTA/sharks_HepPer_CM068657.1/9364341.log).

[Wed May 14 09:08:28 2025]
rule EXTRACT_CHR_FASTA:
    input: /rds/project/rds-p67MZilb2eQ/projects/VGP/250430.VGP-Phase1/alignment/reference/sharks/GCA_035084215.1.fa.gz
    output: sharks/HepPer/temp/CM068650.1.fasta
    jobid: 312
    reason: Missing output files: sharks/HepPer/temp/CM068650.1.fasta; Code has changed since last execution
    wildcards: CLADE=sharks, SPEC_NAME=HepPer, CHR=CM068650.1
    resources: mem_mb=100000, mem_mib=95368, disk_mb=1872, disk_mib=1786, tmpdir=<TBD>, slurm_account=DURBIN-SL2-CPU, slurm_partition=icelake-himem, runtime=120

Job 312 has been submitted with SLURM jobid 9364342 (log: /rds/project/rds-p67MZilb2eQ/projects/VGP/heterozygosity/.snakemake/slurm_logs/rule_EXTRACT_CHR_FASTA/sharks_HepPer_CM068650.1/9364342.log).

[Wed May 14 09:08:30 2025]
rule EXTRACT_CHR_FASTA:
    input: /rds/project/rds-p67MZilb2eQ/projects/VGP/250430.VGP-Phase1/alignment/reference/sharks/GCA_035084215.1.fa.gz
    output: sharks/HepPer/temp/CM068643.1.fasta
    jobid: 305
    reason: Missing output files: sharks/HepPer/temp/CM068643.1.fasta; Code has changed since last execution
    wildcards: CLADE=sharks, SPEC_NAME=HepPer, CHR=CM068643.1
    resources: mem_mb=100000, mem_mib=95368, disk_mb=1872, disk_mib=1786, tmpdir=<TBD>, slurm_account=DURBIN-SL2-CPU, slurm_partition=icelake-himem, runtime=120

Job 305 has been submitted with SLURM jobid 9364343 (log: /rds/project/rds-p67MZilb2eQ/projects/VGP/heterozygosity/.snakemake/slurm_logs/rule_EXTRACT_CHR_FASTA/sharks_HepPer_CM068643.1/9364343.log).

[Wed May 14 09:08:30 2025]
rule EXTRACT_CHR_FASTA:
    input: /rds/project/rds-p67MZilb2eQ/projects/VGP/250430.VGP-Phase1/alignment/reference/sharks/GCA_035084215.1.fa.gz
    output: sharks/HepPer/temp/CM068658.1.fasta
    jobid: 320
    reason: Missing output files: sharks/HepPer/temp/CM068658.1.fasta; Code has changed since last execution
    wildcards: CLADE=sharks, SPEC_NAME=HepPer, CHR=CM068658.1
    resources: mem_mb=100000, mem_mib=95368, disk_mb=1872, disk_mib=1786, tmpdir=<TBD>, slurm_account=DURBIN-SL2-CPU, slurm_partition=icelake-himem, runtime=120

Job 320 has been submitted with SLURM jobid 9364344 (log: /rds/project/rds-p67MZilb2eQ/projects/VGP/heterozygosity/.snakemake/slurm_logs/rule_EXTRACT_CHR_FASTA/sharks_HepPer_CM068658.1/9364344.log).

[Wed May 14 09:08:30 2025]
rule EXTRACT_CHR_FASTA:
    input: /rds/project/rds-p67MZilb2eQ/projects/VGP/250430.VGP-Phase1/alignment/reference/sharks/GCA_035084215.1.fa.gz
    output: sharks/HepPer/temp/CM068651.1.fasta
    jobid: 313
    reason: Missing output files: sharks/HepPer/temp/CM068651.1.fasta; Code has changed since last execution
    wildcards: CLADE=sharks, SPEC_NAME=HepPer, CHR=CM068651.1
    resources: mem_mb=100000, mem_mib=95368, disk_mb=1872, disk_mib=1786, tmpdir=<TBD>, slurm_account=DURBIN-SL2-CPU, slurm_partition=icelake-himem, runtime=120

Job 313 has been submitted with SLURM jobid 9364345 (log: /rds/project/rds-p67MZilb2eQ/projects/VGP/heterozygosity/.snakemake/slurm_logs/rule_EXTRACT_CHR_FASTA/sharks_HepPer_CM068651.1/9364345.log).

[Wed May 14 09:08:32 2025]
rule Plot_ROH:
    input: sharks/HepPer/HepPer_ROH_Results.csv, sharks/HepPer/Reference_HepPer_Chroms_Lengths.txt
    output: sharks/HepPer/20250422_HepPer_ROH_Map.pdf
    jobid: 150
    reason: Code has changed since last execution; Params have changed since last execution: Union of exclusive params before and now across all output: before: <nothing exclusive> now: 46 
    wildcards: CLADE=sharks, SPEC_NAME=HepPer, TODAY_DATE=20250422
    resources: mem_mb=100000, mem_mib=95368, disk_mb=1000, disk_mib=954, tmpdir=<TBD>, slurm_account=DURBIN-SL2-CPU, slurm_partition=icelake-himem, runtime=120

Job 150 has been submitted with SLURM jobid 9364346 (log: /rds/project/rds-p67MZilb2eQ/projects/VGP/heterozygosity/.snakemake/slurm_logs/rule_Plot_ROH/sharks_HepPer_20250422/9364346.log).

[Wed May 14 09:08:32 2025]
rule EXTRACT_CHR_FASTA:
    input: /rds/project/rds-p67MZilb2eQ/projects/VGP/250430.VGP-Phase1/alignment/reference/sharks/GCA_035084215.1.fa.gz
    output: sharks/HepPer/temp/CM068644.1.fasta
    jobid: 306
    reason: Missing output files: sharks/HepPer/temp/CM068644.1.fasta; Code has changed since last execution
    wildcards: CLADE=sharks, SPEC_NAME=HepPer, CHR=CM068644.1
    resources: mem_mb=100000, mem_mib=95368, disk_mb=1872, disk_mib=1786, tmpdir=<TBD>, slurm_account=DURBIN-SL2-CPU, slurm_partition=icelake-himem, runtime=120

Job 306 has been submitted with SLURM jobid 9364347 (log: /rds/project/rds-p67MZilb2eQ/projects/VGP/heterozygosity/.snakemake/slurm_logs/rule_EXTRACT_CHR_FASTA/sharks_HepPer_CM068644.1/9364347.log).

[Wed May 14 09:08:33 2025]
rule EXTRACT_CHR_FASTA:
    input: /rds/project/rds-p67MZilb2eQ/projects/VGP/250430.VGP-Phase1/alignment/reference/sharks/GCA_035084215.1.fa.gz
    output: sharks/HepPer/temp/CM068638.1.fasta
    jobid: 300
    reason: Missing output files: sharks/HepPer/temp/CM068638.1.fasta; Code has changed since last execution
    wildcards: CLADE=sharks, SPEC_NAME=HepPer, CHR=CM068638.1
    resources: mem_mb=100000, mem_mib=95368, disk_mb=1872, disk_mib=1786, tmpdir=<TBD>, slurm_account=DURBIN-SL2-CPU, slurm_partition=icelake-himem, runtime=120

Job 300 has been submitted with SLURM jobid 9364348 (log: /rds/project/rds-p67MZilb2eQ/projects/VGP/heterozygosity/.snakemake/slurm_logs/rule_EXTRACT_CHR_FASTA/sharks_HepPer_CM068638.1/9364348.log).

[Wed May 14 09:08:35 2025]
rule EXTRACT_CHR_FASTA:
    input: /rds/project/rds-p67MZilb2eQ/projects/VGP/250430.VGP-Phase1/alignment/reference/sharks/GCA_035084215.1.fa.gz
    output: sharks/HepPer/temp/CM068680.1.fasta
    jobid: 342
    reason: Missing output files: sharks/HepPer/temp/CM068680.1.fasta
    wildcards: CLADE=sharks, SPEC_NAME=HepPer, CHR=CM068680.1
    resources: mem_mb=100000, mem_mib=95368, disk_mb=1872, disk_mib=1786, tmpdir=<TBD>, slurm_account=DURBIN-SL2-CPU, slurm_partition=icelake-himem, runtime=120

Job 342 has been submitted with SLURM jobid 9364349 (log: /rds/project/rds-p67MZilb2eQ/projects/VGP/heterozygosity/.snakemake/slurm_logs/rule_EXTRACT_CHR_FASTA/sharks_HepPer_CM068680.1/9364349.log).

[Wed May 14 09:08:35 2025]
rule EXTRACT_CHR_FASTA:
    input: /rds/project/rds-p67MZilb2eQ/projects/VGP/250430.VGP-Phase1/alignment/reference/sharks/GCA_035084215.1.fa.gz
    output: sharks/HepPer/temp/CM068673.1.fasta
    jobid: 335
    reason: Missing output files: sharks/HepPer/temp/CM068673.1.fasta
    wildcards: CLADE=sharks, SPEC_NAME=HepPer, CHR=CM068673.1
    resources: mem_mb=100000, mem_mib=95368, disk_mb=1872, disk_mib=1786, tmpdir=<TBD>, slurm_account=DURBIN-SL2-CPU, slurm_partition=icelake-himem, runtime=120

Job 335 has been submitted with SLURM jobid 9364350 (log: /rds/project/rds-p67MZilb2eQ/projects/VGP/heterozygosity/.snakemake/slurm_logs/rule_EXTRACT_CHR_FASTA/sharks_HepPer_CM068673.1/9364350.log).

[Wed May 14 09:08:35 2025]
rule MAKE_BAM:
    input: sharks/HepPer/HepPer.sam
    output: sharks/HepPer/HepPer.bam
    jobid: 346
    reason: Missing output files: sharks/HepPer/HepPer.bam
    wildcards: CLADE=sharks, SPEC_NAME=HepPer
    resources: mem_mb=100000, mem_mib=95368, disk_mb=14171, disk_mib=13515, tmpdir=<TBD>, slurm_account=DURBIN-SL2-CPU, slurm_partition=icelake-himem, runtime=120

Job 346 has been submitted with SLURM jobid 9364351 (log: /rds/project/rds-p67MZilb2eQ/projects/VGP/heterozygosity/.snakemake/slurm_logs/rule_MAKE_BAM/sharks_HepPer/9364351.log).

[Wed May 14 09:08:35 2025]
rule EXTRACT_CHR_FASTA:
    input: /rds/project/rds-p67MZilb2eQ/projects/VGP/250430.VGP-Phase1/alignment/reference/sharks/GCA_035084215.1.fa.gz
    output: sharks/HepPer/temp/CM068659.1.fasta
    jobid: 321
    reason: Missing output files: sharks/HepPer/temp/CM068659.1.fasta
    wildcards: CLADE=sharks, SPEC_NAME=HepPer, CHR=CM068659.1
    resources: mem_mb=100000, mem_mib=95368, disk_mb=1872, disk_mib=1786, tmpdir=<TBD>, slurm_account=DURBIN-SL2-CPU, slurm_partition=icelake-himem, runtime=120

Job 321 has been submitted with SLURM jobid 9364352 (log: /rds/project/rds-p67MZilb2eQ/projects/VGP/heterozygosity/.snakemake/slurm_logs/rule_EXTRACT_CHR_FASTA/sharks_HepPer_CM068659.1/9364352.log).

[Wed May 14 09:08:38 2025]
rule EXTRACT_CHR_FASTA:
    input: /rds/project/rds-p67MZilb2eQ/projects/VGP/250430.VGP-Phase1/alignment/reference/sharks/GCA_035084215.1.fa.gz
    output: sharks/HepPer/temp/CM068652.1.fasta
    jobid: 314
    reason: Missing output files: sharks/HepPer/temp/CM068652.1.fasta
    wildcards: CLADE=sharks, SPEC_NAME=HepPer, CHR=CM068652.1
    resources: mem_mb=100000, mem_mib=95368, disk_mb=1872, disk_mib=1786, tmpdir=<TBD>, slurm_account=DURBIN-SL2-CPU, slurm_partition=icelake-himem, runtime=120

Job 314 has been submitted with SLURM jobid 9364353 (log: /rds/project/rds-p67MZilb2eQ/projects/VGP/heterozygosity/.snakemake/slurm_logs/rule_EXTRACT_CHR_FASTA/sharks_HepPer_CM068652.1/9364353.log).

[Wed May 14 09:08:38 2025]
rule EXTRACT_CHR_FASTA:
    input: /rds/project/rds-p67MZilb2eQ/projects/VGP/250430.VGP-Phase1/alignment/reference/sharks/GCA_035084215.1.fa.gz
    output: sharks/HepPer/temp/CM068639.1.fasta
    jobid: 301
    reason: Missing output files: sharks/HepPer/temp/CM068639.1.fasta
    wildcards: CLADE=sharks, SPEC_NAME=HepPer, CHR=CM068639.1
    resources: mem_mb=100000, mem_mib=95368, disk_mb=1872, disk_mib=1786, tmpdir=<TBD>, slurm_account=DURBIN-SL2-CPU, slurm_partition=icelake-himem, runtime=120

Job 301 has been submitted with SLURM jobid 9364354 (log: /rds/project/rds-p67MZilb2eQ/projects/VGP/heterozygosity/.snakemake/slurm_logs/rule_EXTRACT_CHR_FASTA/sharks_HepPer_CM068639.1/9364354.log).
[Wed May 14 10:19:28 2025]
Error in rule EXTRACT_CHR_FASTA:
    message: SLURM-job '9364335' failed, SLURM status is: 'FAILED'. For further error details see the cluster/cloud log and the log files of the involved rule(s).
    jobid: 317
    input: /rds/project/rds-p67MZilb2eQ/projects/VGP/250430.VGP-Phase1/alignment/reference/sharks/GCA_035084215.1.fa.gz
    output: sharks/HepPer/temp/CM068655.1.fasta
    log: /rds/project/rds-p67MZilb2eQ/projects/VGP/heterozygosity/.snakemake/slurm_logs/rule_EXTRACT_CHR_FASTA/sharks_HepPer_CM068655.1/9364335.log (check log file(s) for error details)
    shell:
        
        gunzip -c /rds/project/rds-p67MZilb2eQ/projects/VGP/250430.VGP-Phase1/alignment/reference/sharks/GCA_035084215.1.fa.gz > sharks/HepPer/temp/GCA_035084215.1.fa
        samtools faidx sharks/HepPer/temp/GCA_035084215.1.fa CM068655.1 > sharks/HepPer/temp/CM068655.1.fasta
        samtools faidx sharks/HepPer/temp/CM068655.1.fasta
        rm -r -f sharks/HepPer/temp/GCA_035084215.1.fa
        
        (one of the commands exited with non-zero exit code; note that snakemake uses bash strict mode!)
    external_jobid: 9364335

[Wed May 14 10:28:28 2025]
Error in rule Plot_ROH:
    message: SLURM-job '9364346' failed, SLURM status is: 'FAILED'. For further error details see the cluster/cloud log and the log files of the involved rule(s).
    jobid: 150
    input: sharks/HepPer/HepPer_ROH_Results.csv, sharks/HepPer/Reference_HepPer_Chroms_Lengths.txt
    output: sharks/HepPer/20250422_HepPer_ROH_Map.pdf
    log: /rds/project/rds-p67MZilb2eQ/projects/VGP/heterozygosity/.snakemake/slurm_logs/rule_Plot_ROH/sharks_HepPer_20250422/9364346.log (check log file(s) for error details)
    shell:
        
        Rscript /rds/project/rds-p67MZilb2eQ/projects/VGP/heterozygosity/20250106_Plot_ROH.R sharks/HepPer/HepPer_ROH_Results.csv sharks/HepPer/Reference_HepPer_Chroms_Lengths.txt 20250422 GCA_035084215.1 sharks 45 HepPer 46 > sharks/HepPer/20250422_HepPer_ROH_Map.pdf
        
        (one of the commands exited with non-zero exit code; note that snakemake uses bash strict mode!)
    external_jobid: 9364346

[Wed May 14 10:31:28 2025]
Error in rule EXTRACT_CHR_FASTA:
    message: SLURM-job '9364336' failed, SLURM status is: 'FAILED'. For further error details see the cluster/cloud log and the log files of the involved rule(s).
    jobid: 303
    input: /rds/project/rds-p67MZilb2eQ/projects/VGP/250430.VGP-Phase1/alignment/reference/sharks/GCA_035084215.1.fa.gz
    output: sharks/HepPer/temp/CM068641.1.fasta
    log: /rds/project/rds-p67MZilb2eQ/projects/VGP/heterozygosity/.snakemake/slurm_logs/rule_EXTRACT_CHR_FASTA/sharks_HepPer_CM068641.1/9364336.log (check log file(s) for error details)
    shell:
        
        gunzip -c /rds/project/rds-p67MZilb2eQ/projects/VGP/250430.VGP-Phase1/alignment/reference/sharks/GCA_035084215.1.fa.gz > sharks/HepPer/temp/GCA_035084215.1.fa
        samtools faidx sharks/HepPer/temp/GCA_035084215.1.fa CM068641.1 > sharks/HepPer/temp/CM068641.1.fasta
        samtools faidx sharks/HepPer/temp/CM068641.1.fasta
        rm -r -f sharks/HepPer/temp/GCA_035084215.1.fa
        
        (one of the commands exited with non-zero exit code; note that snakemake uses bash strict mode!)
    external_jobid: 9364336

[Wed May 14 10:31:28 2025]
Error in rule EXTRACT_CHR_FASTA:
    message: SLURM-job '9364337' failed, SLURM status is: 'FAILED'. For further error details see the cluster/cloud log and the log files of the involved rule(s).
    jobid: 339
    input: /rds/project/rds-p67MZilb2eQ/projects/VGP/250430.VGP-Phase1/alignment/reference/sharks/GCA_035084215.1.fa.gz
    output: sharks/HepPer/temp/CM068677.1.fasta
    log: /rds/project/rds-p67MZilb2eQ/projects/VGP/heterozygosity/.snakemake/slurm_logs/rule_EXTRACT_CHR_FASTA/sharks_HepPer_CM068677.1/9364337.log (check log file(s) for error details)
    shell:
        
        gunzip -c /rds/project/rds-p67MZilb2eQ/projects/VGP/250430.VGP-Phase1/alignment/reference/sharks/GCA_035084215.1.fa.gz > sharks/HepPer/temp/GCA_035084215.1.fa
        samtools faidx sharks/HepPer/temp/GCA_035084215.1.fa CM068677.1 > sharks/HepPer/temp/CM068677.1.fasta
        samtools faidx sharks/HepPer/temp/CM068677.1.fasta
        rm -r -f sharks/HepPer/temp/GCA_035084215.1.fa
        
        (one of the commands exited with non-zero exit code; note that snakemake uses bash strict mode!)
    external_jobid: 9364337

[Wed May 14 10:31:28 2025]
Finished job 340.
1 of 488 steps (0.2%) done
[Wed May 14 10:31:28 2025]
Error in rule EXTRACT_CHR_FASTA:
    message: SLURM-job '9364340' failed, SLURM status is: 'FAILED'. For further error details see the cluster/cloud log and the log files of the involved rule(s).
    jobid: 326
    input: /rds/project/rds-p67MZilb2eQ/projects/VGP/250430.VGP-Phase1/alignment/reference/sharks/GCA_035084215.1.fa.gz
    output: sharks/HepPer/temp/CM068664.1.fasta
    log: /rds/project/rds-p67MZilb2eQ/projects/VGP/heterozygosity/.snakemake/slurm_logs/rule_EXTRACT_CHR_FASTA/sharks_HepPer_CM068664.1/9364340.log (check log file(s) for error details)
    shell:
        
        gunzip -c /rds/project/rds-p67MZilb2eQ/projects/VGP/250430.VGP-Phase1/alignment/reference/sharks/GCA_035084215.1.fa.gz > sharks/HepPer/temp/GCA_035084215.1.fa
        samtools faidx sharks/HepPer/temp/GCA_035084215.1.fa CM068664.1 > sharks/HepPer/temp/CM068664.1.fasta
        samtools faidx sharks/HepPer/temp/CM068664.1.fasta
        rm -r -f sharks/HepPer/temp/GCA_035084215.1.fa
        
        (one of the commands exited with non-zero exit code; note that snakemake uses bash strict mode!)
    external_jobid: 9364340

[Wed May 14 10:31:28 2025]
Finished job 333.
2 of 488 steps (0.4%) done
[Wed May 14 10:31:28 2025]
Error in rule EXTRACT_CHR_FASTA:
    message: SLURM-job '9364341' failed, SLURM status is: 'FAILED'. For further error details see the cluster/cloud log and the log files of the involved rule(s).
    jobid: 319
    input: /rds/project/rds-p67MZilb2eQ/projects/VGP/250430.VGP-Phase1/alignment/reference/sharks/GCA_035084215.1.fa.gz
    output: sharks/HepPer/temp/CM068657.1.fasta
    log: /rds/project/rds-p67MZilb2eQ/projects/VGP/heterozygosity/.snakemake/slurm_logs/rule_EXTRACT_CHR_FASTA/sharks_HepPer_CM068657.1/9364341.log (check log file(s) for error details)
    shell:
        
        gunzip -c /rds/project/rds-p67MZilb2eQ/projects/VGP/250430.VGP-Phase1/alignment/reference/sharks/GCA_035084215.1.fa.gz > sharks/HepPer/temp/GCA_035084215.1.fa
        samtools faidx sharks/HepPer/temp/GCA_035084215.1.fa CM068657.1 > sharks/HepPer/temp/CM068657.1.fasta
        samtools faidx sharks/HepPer/temp/CM068657.1.fasta
        rm -r -f sharks/HepPer/temp/GCA_035084215.1.fa
        
        (one of the commands exited with non-zero exit code; note that snakemake uses bash strict mode!)
    external_jobid: 9364341

[Wed May 14 10:31:28 2025]
Error in rule EXTRACT_CHR_FASTA:
    message: SLURM-job '9364342' failed, SLURM status is: 'FAILED'. For further error details see the cluster/cloud log and the log files of the involved rule(s).
    jobid: 312
    input: /rds/project/rds-p67MZilb2eQ/projects/VGP/250430.VGP-Phase1/alignment/reference/sharks/GCA_035084215.1.fa.gz
    output: sharks/HepPer/temp/CM068650.1.fasta
    log: /rds/project/rds-p67MZilb2eQ/projects/VGP/heterozygosity/.snakemake/slurm_logs/rule_EXTRACT_CHR_FASTA/sharks_HepPer_CM068650.1/9364342.log (check log file(s) for error details)
    shell:
        
        gunzip -c /rds/project/rds-p67MZilb2eQ/projects/VGP/250430.VGP-Phase1/alignment/reference/sharks/GCA_035084215.1.fa.gz > sharks/HepPer/temp/GCA_035084215.1.fa
        samtools faidx sharks/HepPer/temp/GCA_035084215.1.fa CM068650.1 > sharks/HepPer/temp/CM068650.1.fasta
        samtools faidx sharks/HepPer/temp/CM068650.1.fasta
        rm -r -f sharks/HepPer/temp/GCA_035084215.1.fa
        
        (one of the commands exited with non-zero exit code; note that snakemake uses bash strict mode!)
    external_jobid: 9364342

[Wed May 14 10:31:28 2025]
Error in rule EXTRACT_CHR_FASTA:
    message: SLURM-job '9364343' failed, SLURM status is: 'FAILED'. For further error details see the cluster/cloud log and the log files of the involved rule(s).
    jobid: 305
    input: /rds/project/rds-p67MZilb2eQ/projects/VGP/250430.VGP-Phase1/alignment/reference/sharks/GCA_035084215.1.fa.gz
    output: sharks/HepPer/temp/CM068643.1.fasta
    log: /rds/project/rds-p67MZilb2eQ/projects/VGP/heterozygosity/.snakemake/slurm_logs/rule_EXTRACT_CHR_FASTA/sharks_HepPer_CM068643.1/9364343.log (check log file(s) for error details)
    shell:
        
        gunzip -c /rds/project/rds-p67MZilb2eQ/projects/VGP/250430.VGP-Phase1/alignment/reference/sharks/GCA_035084215.1.fa.gz > sharks/HepPer/temp/GCA_035084215.1.fa
        samtools faidx sharks/HepPer/temp/GCA_035084215.1.fa CM068643.1 > sharks/HepPer/temp/CM068643.1.fasta
        samtools faidx sharks/HepPer/temp/CM068643.1.fasta
        rm -r -f sharks/HepPer/temp/GCA_035084215.1.fa
        
        (one of the commands exited with non-zero exit code; note that snakemake uses bash strict mode!)
    external_jobid: 9364343

[Wed May 14 10:31:28 2025]
Error in rule EXTRACT_CHR_FASTA:
    message: SLURM-job '9364344' failed, SLURM status is: 'FAILED'. For further error details see the cluster/cloud log and the log files of the involved rule(s).
    jobid: 320
    input: /rds/project/rds-p67MZilb2eQ/projects/VGP/250430.VGP-Phase1/alignment/reference/sharks/GCA_035084215.1.fa.gz
    output: sharks/HepPer/temp/CM068658.1.fasta
    log: /rds/project/rds-p67MZilb2eQ/projects/VGP/heterozygosity/.snakemake/slurm_logs/rule_EXTRACT_CHR_FASTA/sharks_HepPer_CM068658.1/9364344.log (check log file(s) for error details)
    shell:
        
        gunzip -c /rds/project/rds-p67MZilb2eQ/projects/VGP/250430.VGP-Phase1/alignment/reference/sharks/GCA_035084215.1.fa.gz > sharks/HepPer/temp/GCA_035084215.1.fa
        samtools faidx sharks/HepPer/temp/GCA_035084215.1.fa CM068658.1 > sharks/HepPer/temp/CM068658.1.fasta
        samtools faidx sharks/HepPer/temp/CM068658.1.fasta
        rm -r -f sharks/HepPer/temp/GCA_035084215.1.fa
        
        (one of the commands exited with non-zero exit code; note that snakemake uses bash strict mode!)
    external_jobid: 9364344

[Wed May 14 10:31:28 2025]
Error in rule EXTRACT_CHR_FASTA:
    message: SLURM-job '9364345' failed, SLURM status is: 'FAILED'. For further error details see the cluster/cloud log and the log files of the involved rule(s).
    jobid: 313
    input: /rds/project/rds-p67MZilb2eQ/projects/VGP/250430.VGP-Phase1/alignment/reference/sharks/GCA_035084215.1.fa.gz
    output: sharks/HepPer/temp/CM068651.1.fasta
    log: /rds/project/rds-p67MZilb2eQ/projects/VGP/heterozygosity/.snakemake/slurm_logs/rule_EXTRACT_CHR_FASTA/sharks_HepPer_CM068651.1/9364345.log (check log file(s) for error details)
    shell:
        
        gunzip -c /rds/project/rds-p67MZilb2eQ/projects/VGP/250430.VGP-Phase1/alignment/reference/sharks/GCA_035084215.1.fa.gz > sharks/HepPer/temp/GCA_035084215.1.fa
        samtools faidx sharks/HepPer/temp/GCA_035084215.1.fa CM068651.1 > sharks/HepPer/temp/CM068651.1.fasta
        samtools faidx sharks/HepPer/temp/CM068651.1.fasta
        rm -r -f sharks/HepPer/temp/GCA_035084215.1.fa
        
        (one of the commands exited with non-zero exit code; note that snakemake uses bash strict mode!)
    external_jobid: 9364345

[Wed May 14 10:31:28 2025]
Error in rule EXTRACT_CHR_FASTA:
    message: SLURM-job '9364347' failed, SLURM status is: 'FAILED'. For further error details see the cluster/cloud log and the log files of the involved rule(s).
    jobid: 306
    input: /rds/project/rds-p67MZilb2eQ/projects/VGP/250430.VGP-Phase1/alignment/reference/sharks/GCA_035084215.1.fa.gz
    output: sharks/HepPer/temp/CM068644.1.fasta
    log: /rds/project/rds-p67MZilb2eQ/projects/VGP/heterozygosity/.snakemake/slurm_logs/rule_EXTRACT_CHR_FASTA/sharks_HepPer_CM068644.1/9364347.log (check log file(s) for error details)
    shell:
        
        gunzip -c /rds/project/rds-p67MZilb2eQ/projects/VGP/250430.VGP-Phase1/alignment/reference/sharks/GCA_035084215.1.fa.gz > sharks/HepPer/temp/GCA_035084215.1.fa
        samtools faidx sharks/HepPer/temp/GCA_035084215.1.fa CM068644.1 > sharks/HepPer/temp/CM068644.1.fasta
        samtools faidx sharks/HepPer/temp/CM068644.1.fasta
        rm -r -f sharks/HepPer/temp/GCA_035084215.1.fa
        
        (one of the commands exited with non-zero exit code; note that snakemake uses bash strict mode!)
    external_jobid: 9364347

[Wed May 14 10:31:28 2025]
Error in rule EXTRACT_CHR_FASTA:
    message: SLURM-job '9364348' failed, SLURM status is: 'FAILED'. For further error details see the cluster/cloud log and the log files of the involved rule(s).
    jobid: 300
    input: /rds/project/rds-p67MZilb2eQ/projects/VGP/250430.VGP-Phase1/alignment/reference/sharks/GCA_035084215.1.fa.gz
    output: sharks/HepPer/temp/CM068638.1.fasta
    log: /rds/project/rds-p67MZilb2eQ/projects/VGP/heterozygosity/.snakemake/slurm_logs/rule_EXTRACT_CHR_FASTA/sharks_HepPer_CM068638.1/9364348.log (check log file(s) for error details)
    shell:
        
        gunzip -c /rds/project/rds-p67MZilb2eQ/projects/VGP/250430.VGP-Phase1/alignment/reference/sharks/GCA_035084215.1.fa.gz > sharks/HepPer/temp/GCA_035084215.1.fa
        samtools faidx sharks/HepPer/temp/GCA_035084215.1.fa CM068638.1 > sharks/HepPer/temp/CM068638.1.fasta
        samtools faidx sharks/HepPer/temp/CM068638.1.fasta
        rm -r -f sharks/HepPer/temp/GCA_035084215.1.fa
        
        (one of the commands exited with non-zero exit code; note that snakemake uses bash strict mode!)
    external_jobid: 9364348

[Wed May 14 10:31:28 2025]
Error in rule EXTRACT_CHR_FASTA:
    message: SLURM-job '9364349' failed, SLURM status is: 'FAILED'. For further error details see the cluster/cloud log and the log files of the involved rule(s).
    jobid: 342
    input: /rds/project/rds-p67MZilb2eQ/projects/VGP/250430.VGP-Phase1/alignment/reference/sharks/GCA_035084215.1.fa.gz
    output: sharks/HepPer/temp/CM068680.1.fasta
    log: /rds/project/rds-p67MZilb2eQ/projects/VGP/heterozygosity/.snakemake/slurm_logs/rule_EXTRACT_CHR_FASTA/sharks_HepPer_CM068680.1/9364349.log (check log file(s) for error details)
    shell:
        
        gunzip -c /rds/project/rds-p67MZilb2eQ/projects/VGP/250430.VGP-Phase1/alignment/reference/sharks/GCA_035084215.1.fa.gz > sharks/HepPer/temp/GCA_035084215.1.fa
        samtools faidx sharks/HepPer/temp/GCA_035084215.1.fa CM068680.1 > sharks/HepPer/temp/CM068680.1.fasta
        samtools faidx sharks/HepPer/temp/CM068680.1.fasta
        rm -r -f sharks/HepPer/temp/GCA_035084215.1.fa
        
        (one of the commands exited with non-zero exit code; note that snakemake uses bash strict mode!)
    external_jobid: 9364349

[Wed May 14 10:31:28 2025]
Error in rule EXTRACT_CHR_FASTA:
    message: SLURM-job '9364350' failed, SLURM status is: 'FAILED'. For further error details see the cluster/cloud log and the log files of the involved rule(s).
    jobid: 335
    input: /rds/project/rds-p67MZilb2eQ/projects/VGP/250430.VGP-Phase1/alignment/reference/sharks/GCA_035084215.1.fa.gz
    output: sharks/HepPer/temp/CM068673.1.fasta
    log: /rds/project/rds-p67MZilb2eQ/projects/VGP/heterozygosity/.snakemake/slurm_logs/rule_EXTRACT_CHR_FASTA/sharks_HepPer_CM068673.1/9364350.log (check log file(s) for error details)
    shell:
        
        gunzip -c /rds/project/rds-p67MZilb2eQ/projects/VGP/250430.VGP-Phase1/alignment/reference/sharks/GCA_035084215.1.fa.gz > sharks/HepPer/temp/GCA_035084215.1.fa
        samtools faidx sharks/HepPer/temp/GCA_035084215.1.fa CM068673.1 > sharks/HepPer/temp/CM068673.1.fasta
        samtools faidx sharks/HepPer/temp/CM068673.1.fasta
        rm -r -f sharks/HepPer/temp/GCA_035084215.1.fa
        
        (one of the commands exited with non-zero exit code; note that snakemake uses bash strict mode!)
    external_jobid: 9364350

[Wed May 14 10:31:28 2025]
Error in rule EXTRACT_CHR_FASTA:
    message: SLURM-job '9364352' failed, SLURM status is: 'FAILED'. For further error details see the cluster/cloud log and the log files of the involved rule(s).
    jobid: 321
    input: /rds/project/rds-p67MZilb2eQ/projects/VGP/250430.VGP-Phase1/alignment/reference/sharks/GCA_035084215.1.fa.gz
    output: sharks/HepPer/temp/CM068659.1.fasta
    log: /rds/project/rds-p67MZilb2eQ/projects/VGP/heterozygosity/.snakemake/slurm_logs/rule_EXTRACT_CHR_FASTA/sharks_HepPer_CM068659.1/9364352.log (check log file(s) for error details)
    shell:
        
        gunzip -c /rds/project/rds-p67MZilb2eQ/projects/VGP/250430.VGP-Phase1/alignment/reference/sharks/GCA_035084215.1.fa.gz > sharks/HepPer/temp/GCA_035084215.1.fa
        samtools faidx sharks/HepPer/temp/GCA_035084215.1.fa CM068659.1 > sharks/HepPer/temp/CM068659.1.fasta
        samtools faidx sharks/HepPer/temp/CM068659.1.fasta
        rm -r -f sharks/HepPer/temp/GCA_035084215.1.fa
        
        (one of the commands exited with non-zero exit code; note that snakemake uses bash strict mode!)
    external_jobid: 9364352

[Wed May 14 10:31:28 2025]
Finished job 346.
3 of 488 steps (1%) done
[Wed May 14 10:31:29 2025]
Error in rule EXTRACT_CHR_FASTA:
    message: SLURM-job '9364353' failed, SLURM status is: 'FAILED'. For further error details see the cluster/cloud log and the log files of the involved rule(s).
    jobid: 314
    input: /rds/project/rds-p67MZilb2eQ/projects/VGP/250430.VGP-Phase1/alignment/reference/sharks/GCA_035084215.1.fa.gz
    output: sharks/HepPer/temp/CM068652.1.fasta
    log: /rds/project/rds-p67MZilb2eQ/projects/VGP/heterozygosity/.snakemake/slurm_logs/rule_EXTRACT_CHR_FASTA/sharks_HepPer_CM068652.1/9364353.log (check log file(s) for error details)
    shell:
        
        gunzip -c /rds/project/rds-p67MZilb2eQ/projects/VGP/250430.VGP-Phase1/alignment/reference/sharks/GCA_035084215.1.fa.gz > sharks/HepPer/temp/GCA_035084215.1.fa
        samtools faidx sharks/HepPer/temp/GCA_035084215.1.fa CM068652.1 > sharks/HepPer/temp/CM068652.1.fasta
        samtools faidx sharks/HepPer/temp/CM068652.1.fasta
        rm -r -f sharks/HepPer/temp/GCA_035084215.1.fa
        
        (one of the commands exited with non-zero exit code; note that snakemake uses bash strict mode!)
    external_jobid: 9364353

[Wed May 14 10:39:40 2025]
Finished job 301.
4 of 488 steps (1%) done
Shutting down, this might take some time.
Exiting because a job execution failed. Look above for error message
Complete log: .snakemake/log/2025-05-14T090822.343155.snakemake.log
WorkflowError:
At least one job did not complete successfully.
