host: login-q-1
Building DAG of jobs...
SLURM run ID: 86f481dd-ffa3-41e3-b3ba-5c77974bf65c
Using shell: /usr/bin/bash
Provided remote nodes: 25
Job stats:
job                            count
---------------------------  -------
BAM_CALLER_BED                     2
BGZIP_VCF                         46
BOOTSTRAPPING_MULTIHET_FILE        1
GENERATE_MASK                     46
GENERATE_MULTIHETSEP              46
MAIN_MULTIHETSEP                  46
REMOVE_INDELS                     37
RESTRUCTURE                        1
all                                1
total                            226

Select jobs to execute...
Execute 25 jobs...

[Fri May 16 11:21:59 2025]
rule BGZIP_VCF:
    input: sharks/HepPer/CM068653.1.recode.vcf
    output: sharks/HepPer/CM068653.1.recode.vcf.gz
    jobid: 634
    reason: Updated input files: sharks/HepPer/CM068653.1.recode.vcf
    wildcards: CLADE=sharks, SPEC_NAME=HepPer, CHR=CM068653.1
    resources: mem_mb=100000, mem_mib=95368, disk_mb=1000, disk_mib=954, tmpdir=<TBD>, slurm_account=DURBIN-SL2-CPU, slurm_partition=cclake-himem, runtime=120

Job 634 has been submitted with SLURM jobid 9434711 (log: /rds/project/rds-p67MZilb2eQ/projects/VGP/heterozygosity/.snakemake/slurm_logs/rule_BGZIP_VCF/sharks_HepPer_CM068653.1/9434711.log).

[Fri May 16 11:21:59 2025]
rule REMOVE_INDELS:
    input: sharks/HepPer/temp/CM068637.1_restructured.vcf.gz
    output: sharks/HepPer/CM068637.1.recode.vcf
    jobid: 526
    reason: Missing output files: sharks/HepPer/CM068637.1.recode.vcf
    wildcards: CLADE=sharks, SPEC_NAME=HepPer, CHR=CM068637.1
    resources: mem_mb=100000, mem_mib=95368, disk_mb=1000, disk_mib=954, tmpdir=<TBD>, slurm_account=DURBIN-SL2-CPU, slurm_partition=cclake-himem, runtime=120

Job 526 has been submitted with SLURM jobid 9434713 (log: /rds/project/rds-p67MZilb2eQ/projects/VGP/heterozygosity/.snakemake/slurm_logs/rule_REMOVE_INDELS/sharks_HepPer_CM068637.1/9434713.log).

[Fri May 16 11:22:00 2025]
rule REMOVE_INDELS:
    input: sharks/HepPer/temp/CM068679.1_restructured.vcf.gz
    output: sharks/HepPer/CM068679.1.recode.vcf
    jobid: 610
    reason: Missing output files: sharks/HepPer/CM068679.1.recode.vcf
    wildcards: CLADE=sharks, SPEC_NAME=HepPer, CHR=CM068679.1
    resources: mem_mb=100000, mem_mib=95368, disk_mb=1000, disk_mib=954, tmpdir=<TBD>, slurm_account=DURBIN-SL2-CPU, slurm_partition=cclake-himem, runtime=120

Job 610 has been submitted with SLURM jobid 9434714 (log: /rds/project/rds-p67MZilb2eQ/projects/VGP/heterozygosity/.snakemake/slurm_logs/rule_REMOVE_INDELS/sharks_HepPer_CM068679.1/9434714.log).

[Fri May 16 11:22:00 2025]
rule REMOVE_INDELS:
    input: sharks/HepPer/temp/CM068665.1_restructured.vcf.gz
    output: sharks/HepPer/CM068665.1.recode.vcf
    jobid: 582
    reason: Missing output files: sharks/HepPer/CM068665.1.recode.vcf
    wildcards: CLADE=sharks, SPEC_NAME=HepPer, CHR=CM068665.1
    resources: mem_mb=100000, mem_mib=95368, disk_mb=1000, disk_mib=954, tmpdir=<TBD>, slurm_account=DURBIN-SL2-CPU, slurm_partition=cclake-himem, runtime=120

Job 582 has been submitted with SLURM jobid 9434715 (log: /rds/project/rds-p67MZilb2eQ/projects/VGP/heterozygosity/.snakemake/slurm_logs/rule_REMOVE_INDELS/sharks_HepPer_CM068665.1/9434715.log).

[Fri May 16 11:22:02 2025]
rule BGZIP_VCF:
    input: sharks/HepPer/CM068668.1.recode.vcf
    output: sharks/HepPer/CM068668.1.recode.vcf.gz
    jobid: 649
    reason: Updated input files: sharks/HepPer/CM068668.1.recode.vcf
    wildcards: CLADE=sharks, SPEC_NAME=HepPer, CHR=CM068668.1
    resources: mem_mb=100000, mem_mib=95368, disk_mb=1000, disk_mib=954, tmpdir=<TBD>, slurm_account=DURBIN-SL2-CPU, slurm_partition=cclake-himem, runtime=120

Job 649 has been submitted with SLURM jobid 9434716 (log: /rds/project/rds-p67MZilb2eQ/projects/VGP/heterozygosity/.snakemake/slurm_logs/rule_BGZIP_VCF/sharks_HepPer_CM068668.1/9434716.log).

[Fri May 16 11:22:02 2025]
rule BAM_CALLER_BED:
    input: sharks/HepPer/MSMC/Output_bam_caller_BED/CM068641.1_unmodified_bed.txt.gz
    output: sharks/HepPer/MSMC/Output_bam_caller_BED/CM068641.1_modified_bed.txt.gz
    jobid: 442
    reason: Missing output files: sharks/HepPer/MSMC/Output_bam_caller_BED/CM068641.1_modified_bed.txt.gz
    wildcards: CLADE=sharks, SPEC_NAME=HepPer, CHR=CM068641.1
    resources: mem_mb=100000, mem_mib=95368, disk_mb=1000, disk_mib=954, tmpdir=<TBD>, slurm_account=DURBIN-SL2-CPU, slurm_partition=cclake-himem, runtime=120

Job 442 has been submitted with SLURM jobid 9434717 (log: /rds/project/rds-p67MZilb2eQ/projects/VGP/heterozygosity/.snakemake/slurm_logs/rule_BAM_CALLER_BED/sharks_HepPer_CM068641.1/9434717.log).

[Fri May 16 11:22:02 2025]
rule REMOVE_INDELS:
    input: sharks/HepPer/temp/CM068651.1_restructured.vcf.gz
    output: sharks/HepPer/CM068651.1.recode.vcf
    jobid: 554
    reason: Missing output files: sharks/HepPer/CM068651.1.recode.vcf
    wildcards: CLADE=sharks, SPEC_NAME=HepPer, CHR=CM068651.1
    resources: mem_mb=100000, mem_mib=95368, disk_mb=1000, disk_mib=954, tmpdir=<TBD>, slurm_account=DURBIN-SL2-CPU, slurm_partition=cclake-himem, runtime=120

Job 554 has been submitted with SLURM jobid 9434718 (log: /rds/project/rds-p67MZilb2eQ/projects/VGP/heterozygosity/.snakemake/slurm_logs/rule_REMOVE_INDELS/sharks_HepPer_CM068651.1/9434718.log).

[Fri May 16 11:22:02 2025]
rule REMOVE_INDELS:
    input: sharks/HepPer/temp/CM068675.1_restructured.vcf.gz
    output: sharks/HepPer/CM068675.1.recode.vcf
    jobid: 602
    reason: Missing output files: sharks/HepPer/CM068675.1.recode.vcf
    wildcards: CLADE=sharks, SPEC_NAME=HepPer, CHR=CM068675.1
    resources: mem_mb=100000, mem_mib=95368, disk_mb=1000, disk_mib=954, tmpdir=<TBD>, slurm_account=DURBIN-SL2-CPU, slurm_partition=cclake-himem, runtime=120

Job 602 has been submitted with SLURM jobid 9434719 (log: /rds/project/rds-p67MZilb2eQ/projects/VGP/heterozygosity/.snakemake/slurm_logs/rule_REMOVE_INDELS/sharks_HepPer_CM068675.1/9434719.log).

[Fri May 16 11:22:05 2025]
rule REMOVE_INDELS:
    input: sharks/HepPer/temp/CM068661.1_restructured.vcf.gz
    output: sharks/HepPer/CM068661.1.recode.vcf
    jobid: 574
    reason: Missing output files: sharks/HepPer/CM068661.1.recode.vcf
    wildcards: CLADE=sharks, SPEC_NAME=HepPer, CHR=CM068661.1
    resources: mem_mb=100000, mem_mib=95368, disk_mb=1000, disk_mib=954, tmpdir=<TBD>, slurm_account=DURBIN-SL2-CPU, slurm_partition=cclake-himem, runtime=120

Job 574 has been submitted with SLURM jobid 9434720 (log: /rds/project/rds-p67MZilb2eQ/projects/VGP/heterozygosity/.snakemake/slurm_logs/rule_REMOVE_INDELS/sharks_HepPer_CM068661.1/9434720.log).

[Fri May 16 11:22:07 2025]
rule REMOVE_INDELS:
    input: sharks/HepPer/temp/CM068647.1_restructured.vcf.gz
    output: sharks/HepPer/CM068647.1.recode.vcf
    jobid: 546
    reason: Missing output files: sharks/HepPer/CM068647.1.recode.vcf
    wildcards: CLADE=sharks, SPEC_NAME=HepPer, CHR=CM068647.1
    resources: mem_mb=100000, mem_mib=95368, disk_mb=1000, disk_mib=954, tmpdir=<TBD>, slurm_account=DURBIN-SL2-CPU, slurm_partition=cclake-himem, runtime=120

Job 546 has been submitted with SLURM jobid 9434721 (log: /rds/project/rds-p67MZilb2eQ/projects/VGP/heterozygosity/.snakemake/slurm_logs/rule_REMOVE_INDELS/sharks_HepPer_CM068647.1/9434721.log).

[Fri May 16 11:22:07 2025]
rule REMOVE_INDELS:
    input: sharks/HepPer/temp/CM068669.1_restructured.vcf.gz
    output: sharks/HepPer/CM068669.1.recode.vcf
    jobid: 590
    reason: Missing output files: sharks/HepPer/CM068669.1.recode.vcf
    wildcards: CLADE=sharks, SPEC_NAME=HepPer, CHR=CM068669.1
    resources: mem_mb=100000, mem_mib=95368, disk_mb=1000, disk_mib=954, tmpdir=<TBD>, slurm_account=DURBIN-SL2-CPU, slurm_partition=cclake-himem, runtime=120

Job 590 has been submitted with SLURM jobid 9434722 (log: /rds/project/rds-p67MZilb2eQ/projects/VGP/heterozygosity/.snakemake/slurm_logs/rule_REMOVE_INDELS/sharks_HepPer_CM068669.1/9434722.log).

[Fri May 16 11:22:08 2025]
rule BGZIP_VCF:
    input: sharks/HepPer/CM068672.1.recode.vcf
    output: sharks/HepPer/CM068672.1.recode.vcf.gz
    jobid: 653
    reason: Missing output files: sharks/HepPer/CM068672.1.recode.vcf.gz
    wildcards: CLADE=sharks, SPEC_NAME=HepPer, CHR=CM068672.1
    resources: mem_mb=100000, mem_mib=95368, disk_mb=1000, disk_mib=954, tmpdir=<TBD>, slurm_account=DURBIN-SL2-CPU, slurm_partition=cclake-himem, runtime=120

Job 653 has been submitted with SLURM jobid 9434723 (log: /rds/project/rds-p67MZilb2eQ/projects/VGP/heterozygosity/.snakemake/slurm_logs/rule_BGZIP_VCF/sharks_HepPer_CM068672.1/9434723.log).

[Fri May 16 11:22:10 2025]
rule REMOVE_INDELS:
    input: sharks/HepPer/temp/CM068662.1_restructured.vcf.gz
    output: sharks/HepPer/CM068662.1.recode.vcf
    jobid: 576
    reason: Missing output files: sharks/HepPer/CM068662.1.recode.vcf
    wildcards: CLADE=sharks, SPEC_NAME=HepPer, CHR=CM068662.1
    resources: mem_mb=100000, mem_mib=95368, disk_mb=1000, disk_mib=954, tmpdir=<TBD>, slurm_account=DURBIN-SL2-CPU, slurm_partition=cclake-himem, runtime=120

Job 576 has been submitted with SLURM jobid 9434724 (log: /rds/project/rds-p67MZilb2eQ/projects/VGP/heterozygosity/.snakemake/slurm_logs/rule_REMOVE_INDELS/sharks_HepPer_CM068662.1/9434724.log).

[Fri May 16 11:22:10 2025]
rule REMOVE_INDELS:
    input: sharks/HepPer/temp/CM068655.1_restructured.vcf.gz
    output: sharks/HepPer/CM068655.1.recode.vcf
    jobid: 562
    reason: Missing output files: sharks/HepPer/CM068655.1.recode.vcf
    wildcards: CLADE=sharks, SPEC_NAME=HepPer, CHR=CM068655.1
    resources: mem_mb=100000, mem_mib=95368, disk_mb=1000, disk_mib=954, tmpdir=<TBD>, slurm_account=DURBIN-SL2-CPU, slurm_partition=cclake-himem, runtime=120

Job 562 has been submitted with SLURM jobid 9434725 (log: /rds/project/rds-p67MZilb2eQ/projects/VGP/heterozygosity/.snakemake/slurm_logs/rule_REMOVE_INDELS/sharks_HepPer_CM068655.1/9434725.log).

[Fri May 16 11:22:10 2025]
rule BGZIP_VCF:
    input: sharks/HepPer/CM068658.1.recode.vcf
    output: sharks/HepPer/CM068658.1.recode.vcf.gz
    jobid: 639
    reason: Missing output files: sharks/HepPer/CM068658.1.recode.vcf.gz
    wildcards: CLADE=sharks, SPEC_NAME=HepPer, CHR=CM068658.1
    resources: mem_mb=100000, mem_mib=95368, disk_mb=1000, disk_mib=954, tmpdir=<TBD>, slurm_account=DURBIN-SL2-CPU, slurm_partition=cclake-himem, runtime=120

Job 639 has been submitted with SLURM jobid 9434726 (log: /rds/project/rds-p67MZilb2eQ/projects/VGP/heterozygosity/.snakemake/slurm_logs/rule_BGZIP_VCF/sharks_HepPer_CM068658.1/9434726.log).

[Fri May 16 11:22:12 2025]
rule REMOVE_INDELS:
    input: sharks/HepPer/temp/CM068642.1_restructured.vcf.gz
    output: sharks/HepPer/CM068642.1.recode.vcf
    jobid: 536
    reason: Missing output files: sharks/HepPer/CM068642.1.recode.vcf
    wildcards: CLADE=sharks, SPEC_NAME=HepPer, CHR=CM068642.1
    resources: mem_mb=100000, mem_mib=95368, disk_mb=1000, disk_mib=954, tmpdir=<TBD>, slurm_account=DURBIN-SL2-CPU, slurm_partition=cclake-himem, runtime=120

Job 536 has been submitted with SLURM jobid 9434728 (log: /rds/project/rds-p67MZilb2eQ/projects/VGP/heterozygosity/.snakemake/slurm_logs/rule_REMOVE_INDELS/sharks_HepPer_CM068642.1/9434728.log).

[Fri May 16 11:22:12 2025]
rule REMOVE_INDELS:
    input: sharks/HepPer/temp/CM068677.1_restructured.vcf.gz
    output: sharks/HepPer/CM068677.1.recode.vcf
    jobid: 606
    reason: Missing output files: sharks/HepPer/CM068677.1.recode.vcf
    wildcards: CLADE=sharks, SPEC_NAME=HepPer, CHR=CM068677.1
    resources: mem_mb=100000, mem_mib=95368, disk_mb=1000, disk_mib=954, tmpdir=<TBD>, slurm_account=DURBIN-SL2-CPU, slurm_partition=cclake-himem, runtime=120

Job 606 has been submitted with SLURM jobid 9434729 (log: /rds/project/rds-p67MZilb2eQ/projects/VGP/heterozygosity/.snakemake/slurm_logs/rule_REMOVE_INDELS/sharks_HepPer_CM068677.1/9434729.log).

[Fri May 16 11:22:12 2025]
rule RESTRUCTURE:
    input: sharks/HepPer/temp/CM068676.1_only_snps.vcf.bgz
    output: sharks/HepPer/temp/CM068676.1_restructured.vcf.gz
    jobid: 605
    reason: Missing output files: sharks/HepPer/temp/CM068676.1_restructured.vcf.gz
    wildcards: CLADE=sharks, SPEC_NAME=HepPer, CHR=CM068676.1
    resources: mem_mb=100000, mem_mib=95368, disk_mb=1000, disk_mib=954, tmpdir=<TBD>, slurm_account=DURBIN-SL2-CPU, slurm_partition=cclake-himem, runtime=120

Job 605 has been submitted with SLURM jobid 9434730 (log: /rds/project/rds-p67MZilb2eQ/projects/VGP/heterozygosity/.snakemake/slurm_logs/rule_RESTRUCTURE/sharks_HepPer_CM068676.1/9434730.log).

[Fri May 16 11:22:13 2025]
rule REMOVE_INDELS:
    input: sharks/HepPer/temp/CM068670.1_restructured.vcf.gz
    output: sharks/HepPer/CM068670.1.recode.vcf
    jobid: 592
    reason: Missing output files: sharks/HepPer/CM068670.1.recode.vcf
    wildcards: CLADE=sharks, SPEC_NAME=HepPer, CHR=CM068670.1
    resources: mem_mb=100000, mem_mib=95368, disk_mb=1000, disk_mib=954, tmpdir=<TBD>, slurm_account=DURBIN-SL2-CPU, slurm_partition=cclake-himem, runtime=120

Job 592 has been submitted with SLURM jobid 9434731 (log: /rds/project/rds-p67MZilb2eQ/projects/VGP/heterozygosity/.snakemake/slurm_logs/rule_REMOVE_INDELS/sharks_HepPer_CM068670.1/9434731.log).

[Fri May 16 11:22:15 2025]
rule REMOVE_INDELS:
    input: sharks/HepPer/temp/CM068663.1_restructured.vcf.gz
    output: sharks/HepPer/CM068663.1.recode.vcf
    jobid: 578
    reason: Missing output files: sharks/HepPer/CM068663.1.recode.vcf
    wildcards: CLADE=sharks, SPEC_NAME=HepPer, CHR=CM068663.1
    resources: mem_mb=100000, mem_mib=95368, disk_mb=1000, disk_mib=954, tmpdir=<TBD>, slurm_account=DURBIN-SL2-CPU, slurm_partition=cclake-himem, runtime=120

Job 578 has been submitted with SLURM jobid 9434732 (log: /rds/project/rds-p67MZilb2eQ/projects/VGP/heterozygosity/.snakemake/slurm_logs/rule_REMOVE_INDELS/sharks_HepPer_CM068663.1/9434732.log).

[Fri May 16 11:22:15 2025]
rule REMOVE_INDELS:
    input: sharks/HepPer/temp/CM068656.1_restructured.vcf.gz
    output: sharks/HepPer/CM068656.1.recode.vcf
    jobid: 564
    reason: Missing output files: sharks/HepPer/CM068656.1.recode.vcf
    wildcards: CLADE=sharks, SPEC_NAME=HepPer, CHR=CM068656.1
    resources: mem_mb=100000, mem_mib=95368, disk_mb=1000, disk_mib=954, tmpdir=<TBD>, slurm_account=DURBIN-SL2-CPU, slurm_partition=cclake-himem, runtime=120

Job 564 has been submitted with SLURM jobid 9434733 (log: /rds/project/rds-p67MZilb2eQ/projects/VGP/heterozygosity/.snakemake/slurm_logs/rule_REMOVE_INDELS/sharks_HepPer_CM068656.1/9434733.log).

[Fri May 16 11:22:15 2025]
rule REMOVE_INDELS:
    input: sharks/HepPer/temp/CM068649.1_restructured.vcf.gz
    output: sharks/HepPer/CM068649.1.recode.vcf
    jobid: 550
    reason: Missing output files: sharks/HepPer/CM068649.1.recode.vcf
    wildcards: CLADE=sharks, SPEC_NAME=HepPer, CHR=CM068649.1
    resources: mem_mb=100000, mem_mib=95368, disk_mb=1000, disk_mib=954, tmpdir=<TBD>, slurm_account=DURBIN-SL2-CPU, slurm_partition=cclake-himem, runtime=120

Job 550 has been submitted with SLURM jobid 9434734 (log: /rds/project/rds-p67MZilb2eQ/projects/VGP/heterozygosity/.snakemake/slurm_logs/rule_REMOVE_INDELS/sharks_HepPer_CM068649.1/9434734.log).

[Fri May 16 11:22:17 2025]
rule REMOVE_INDELS:
    input: sharks/HepPer/temp/CM068678.1_restructured.vcf.gz
    output: sharks/HepPer/CM068678.1.recode.vcf
    jobid: 608
    reason: Missing output files: sharks/HepPer/CM068678.1.recode.vcf
    wildcards: CLADE=sharks, SPEC_NAME=HepPer, CHR=CM068678.1
    resources: mem_mb=100000, mem_mib=95368, disk_mb=1000, disk_mib=954, tmpdir=<TBD>, slurm_account=DURBIN-SL2-CPU, slurm_partition=cclake-himem, runtime=120

Job 608 has been submitted with SLURM jobid 9434735 (log: /rds/project/rds-p67MZilb2eQ/projects/VGP/heterozygosity/.snakemake/slurm_logs/rule_REMOVE_INDELS/sharks_HepPer_CM068678.1/9434735.log).

[Fri May 16 11:22:17 2025]
rule REMOVE_INDELS:
    input: sharks/HepPer/temp/CM068671.1_restructured.vcf.gz
    output: sharks/HepPer/CM068671.1.recode.vcf
    jobid: 594
    reason: Missing output files: sharks/HepPer/CM068671.1.recode.vcf
    wildcards: CLADE=sharks, SPEC_NAME=HepPer, CHR=CM068671.1
    resources: mem_mb=100000, mem_mib=95368, disk_mb=1000, disk_mib=954, tmpdir=<TBD>, slurm_account=DURBIN-SL2-CPU, slurm_partition=cclake-himem, runtime=120

Job 594 has been submitted with SLURM jobid 9434736 (log: /rds/project/rds-p67MZilb2eQ/projects/VGP/heterozygosity/.snakemake/slurm_logs/rule_REMOVE_INDELS/sharks_HepPer_CM068671.1/9434736.log).

[Fri May 16 11:22:18 2025]
rule BGZIP_VCF:
    input: sharks/HepPer/CM068674.1.recode.vcf
    output: sharks/HepPer/CM068674.1.recode.vcf.gz
    jobid: 655
    reason: Updated input files: sharks/HepPer/CM068674.1.recode.vcf
    wildcards: CLADE=sharks, SPEC_NAME=HepPer, CHR=CM068674.1
    resources: mem_mb=100000, mem_mib=95368, disk_mb=1000, disk_mib=954, tmpdir=<TBD>, slurm_account=DURBIN-SL2-CPU, slurm_partition=cclake-himem, runtime=120

Job 655 has been submitted with SLURM jobid 9434737 (log: /rds/project/rds-p67MZilb2eQ/projects/VGP/heterozygosity/.snakemake/slurm_logs/rule_BGZIP_VCF/sharks_HepPer_CM068674.1/9434737.log).
[Fri May 16 11:31:40 2025]
Finished job 634.
1 of 226 steps (0.4%) done
Select jobs to execute...
Execute 1 jobs...

[Fri May 16 11:31:40 2025]
rule REMOVE_INDELS:
    input: sharks/HepPer/temp/CM068650.1_restructured.vcf.gz
    output: sharks/HepPer/CM068650.1.recode.vcf
    jobid: 552
    reason: Missing output files: sharks/HepPer/CM068650.1.recode.vcf
    wildcards: CLADE=sharks, SPEC_NAME=HepPer, CHR=CM068650.1
    resources: mem_mb=100000, mem_mib=95368, disk_mb=1000, disk_mib=954, tmpdir=<TBD>, slurm_account=DURBIN-SL2-CPU, slurm_partition=cclake-himem, runtime=120

Job 552 has been submitted with SLURM jobid 9435186 (log: /rds/project/rds-p67MZilb2eQ/projects/VGP/heterozygosity/.snakemake/slurm_logs/rule_REMOVE_INDELS/sharks_HepPer_CM068650.1/9435186.log).
[Fri May 16 11:32:20 2025]
Finished job 526.
2 of 226 steps (1%) done
Select jobs to execute...
Execute 1 jobs...

[Fri May 16 11:32:20 2025]
rule BGZIP_VCF:
    input: sharks/HepPer/CM068654.1.recode.vcf
    output: sharks/HepPer/CM068654.1.recode.vcf.gz
    jobid: 635
    reason: Updated input files: sharks/HepPer/CM068654.1.recode.vcf
    wildcards: CLADE=sharks, SPEC_NAME=HepPer, CHR=CM068654.1
    resources: mem_mb=100000, mem_mib=95368, disk_mb=1000, disk_mib=954, tmpdir=<TBD>, slurm_account=DURBIN-SL2-CPU, slurm_partition=cclake-himem, runtime=120

Job 635 has been submitted with SLURM jobid 9435200 (log: /rds/project/rds-p67MZilb2eQ/projects/VGP/heterozygosity/.snakemake/slurm_logs/rule_BGZIP_VCF/sharks_HepPer_CM068654.1/9435200.log).
[Fri May 16 11:32:20 2025]
Finished job 610.
3 of 226 steps (1%) done
[Fri May 16 11:32:20 2025]
Finished job 582.
4 of 226 steps (2%) done
Select jobs to execute...
Execute 2 jobs...

[Fri May 16 11:32:20 2025]
rule BGZIP_VCF:
    input: sharks/HepPer/CM068648.1.recode.vcf
    output: sharks/HepPer/CM068648.1.recode.vcf.gz
    jobid: 629
    reason: Missing output files: sharks/HepPer/CM068648.1.recode.vcf.gz
    wildcards: CLADE=sharks, SPEC_NAME=HepPer, CHR=CM068648.1
    resources: mem_mb=100000, mem_mib=95368, disk_mb=1000, disk_mib=954, tmpdir=<TBD>, slurm_account=DURBIN-SL2-CPU, slurm_partition=cclake-himem, runtime=120

Job 629 has been submitted with SLURM jobid 9435201 (log: /rds/project/rds-p67MZilb2eQ/projects/VGP/heterozygosity/.snakemake/slurm_logs/rule_BGZIP_VCF/sharks_HepPer_CM068648.1/9435201.log).

[Fri May 16 11:32:20 2025]
rule REMOVE_INDELS:
    input: sharks/HepPer/temp/CM068659.1_restructured.vcf.gz
    output: sharks/HepPer/CM068659.1.recode.vcf
    jobid: 570
    reason: Missing output files: sharks/HepPer/CM068659.1.recode.vcf
    wildcards: CLADE=sharks, SPEC_NAME=HepPer, CHR=CM068659.1
    resources: mem_mb=100000, mem_mib=95368, disk_mb=1000, disk_mib=954, tmpdir=<TBD>, slurm_account=DURBIN-SL2-CPU, slurm_partition=cclake-himem, runtime=120

Job 570 has been submitted with SLURM jobid 9435202 (log: /rds/project/rds-p67MZilb2eQ/projects/VGP/heterozygosity/.snakemake/slurm_logs/rule_REMOVE_INDELS/sharks_HepPer_CM068659.1/9435202.log).
Select jobs to execute...
Waiting for more resources.
[Fri May 16 11:33:00 2025]
Finished job 649.
5 of 226 steps (2%) done
Execute 1 jobs...

[Fri May 16 11:33:00 2025]
rule REMOVE_INDELS:
    input: sharks/HepPer/temp/CM068644.1_restructured.vcf.gz
    output: sharks/HepPer/CM068644.1.recode.vcf
    jobid: 540
    reason: Missing output files: sharks/HepPer/CM068644.1.recode.vcf
    wildcards: CLADE=sharks, SPEC_NAME=HepPer, CHR=CM068644.1
    resources: mem_mb=100000, mem_mib=95368, disk_mb=1000, disk_mib=954, tmpdir=<TBD>, slurm_account=DURBIN-SL2-CPU, slurm_partition=cclake-himem, runtime=120

Job 540 has been submitted with SLURM jobid 9435229 (log: /rds/project/rds-p67MZilb2eQ/projects/VGP/heterozygosity/.snakemake/slurm_logs/rule_REMOVE_INDELS/sharks_HepPer_CM068644.1/9435229.log).
[Fri May 16 11:33:02 2025]
Finished job 442.
6 of 226 steps (3%) done
[Fri May 16 11:33:02 2025]
Finished job 554.
7 of 226 steps (3%) done
[Fri May 16 11:33:02 2025]
Finished job 602.
8 of 226 steps (4%) done
[Fri May 16 11:33:02 2025]
Finished job 574.
9 of 226 steps (4%) done
[Fri May 16 11:33:02 2025]
Finished job 546.
10 of 226 steps (4%) done
[Fri May 16 11:33:02 2025]
Finished job 590.
11 of 226 steps (5%) done
Select jobs to execute...
Execute 6 jobs...

[Fri May 16 11:33:02 2025]
rule REMOVE_INDELS:
    input: sharks/HepPer/temp/CM068673.1_restructured.vcf.gz
    output: sharks/HepPer/CM068673.1.recode.vcf
    jobid: 598
    reason: Missing output files: sharks/HepPer/CM068673.1.recode.vcf
    wildcards: CLADE=sharks, SPEC_NAME=HepPer, CHR=CM068673.1
    resources: mem_mb=100000, mem_mib=95368, disk_mb=1000, disk_mib=954, tmpdir=<TBD>, slurm_account=DURBIN-SL2-CPU, slurm_partition=cclake-himem, runtime=120

Job 598 has been submitted with SLURM jobid 9435230 (log: /rds/project/rds-p67MZilb2eQ/projects/VGP/heterozygosity/.snakemake/slurm_logs/rule_REMOVE_INDELS/sharks_HepPer_CM068673.1/9435230.log).

[Fri May 16 11:33:02 2025]
rule REMOVE_INDELS:
    input: sharks/HepPer/temp/CM068666.1_restructured.vcf.gz
    output: sharks/HepPer/CM068666.1.recode.vcf
    jobid: 584
    reason: Missing output files: sharks/HepPer/CM068666.1.recode.vcf
    wildcards: CLADE=sharks, SPEC_NAME=HepPer, CHR=CM068666.1
    resources: mem_mb=100000, mem_mib=95368, disk_mb=1000, disk_mib=954, tmpdir=<TBD>, slurm_account=DURBIN-SL2-CPU, slurm_partition=cclake-himem, runtime=120

Job 584 has been submitted with SLURM jobid 9435231 (log: /rds/project/rds-p67MZilb2eQ/projects/VGP/heterozygosity/.snakemake/slurm_logs/rule_REMOVE_INDELS/sharks_HepPer_CM068666.1/9435231.log).

[Fri May 16 11:33:02 2025]
rule GENERATE_MULTIHETSEP:
    input: sharks/HepPer/CM068653.1.recode.vcf.gz
    output: sharks/HepPer/MSMC/Output_Multihet/CM068653.1_multihet.txt
    jobid: 760
    reason: Missing output files: sharks/HepPer/MSMC/Output_Multihet/CM068653.1_multihet.txt; Input files updated by another job: sharks/HepPer/CM068653.1.recode.vcf.gz
    wildcards: CLADE=sharks, SPEC_NAME=HepPer, CHR=CM068653.1
    resources: mem_mb=100000, mem_mib=95368, disk_mb=1000, disk_mib=954, tmpdir=<TBD>, slurm_account=DURBIN-SL2-CPU, slurm_partition=cclake-himem, runtime=120

Job 760 has been submitted with SLURM jobid 9435232 (log: /rds/project/rds-p67MZilb2eQ/projects/VGP/heterozygosity/.snakemake/slurm_logs/rule_GENERATE_MULTIHETSEP/sharks_HepPer_CM068653.1/9435232.log).

[Fri May 16 11:33:05 2025]
rule REMOVE_INDELS:
    input: sharks/HepPer/temp/CM068680.1_restructured.vcf.gz
    output: sharks/HepPer/CM068680.1.recode.vcf
    jobid: 612
    reason: Missing output files: sharks/HepPer/CM068680.1.recode.vcf
    wildcards: CLADE=sharks, SPEC_NAME=HepPer, CHR=CM068680.1
    resources: mem_mb=100000, mem_mib=95368, disk_mb=1000, disk_mib=954, tmpdir=<TBD>, slurm_account=DURBIN-SL2-CPU, slurm_partition=cclake-himem, runtime=120

Job 612 has been submitted with SLURM jobid 9435233 (log: /rds/project/rds-p67MZilb2eQ/projects/VGP/heterozygosity/.snakemake/slurm_logs/rule_REMOVE_INDELS/sharks_HepPer_CM068680.1/9435233.log).

[Fri May 16 11:33:05 2025]
rule BGZIP_VCF:
    input: sharks/HepPer/CM068641.1.recode.vcf
    output: sharks/HepPer/CM068641.1.recode.vcf.gz
    jobid: 622
    reason: Updated input files: sharks/HepPer/CM068641.1.recode.vcf
    wildcards: CLADE=sharks, SPEC_NAME=HepPer, CHR=CM068641.1
    resources: mem_mb=100000, mem_mib=95368, disk_mb=1000, disk_mib=954, tmpdir=<TBD>, slurm_account=DURBIN-SL2-CPU, slurm_partition=cclake-himem, runtime=120

Job 622 has been submitted with SLURM jobid 9435234 (log: /rds/project/rds-p67MZilb2eQ/projects/VGP/heterozygosity/.snakemake/slurm_logs/rule_BGZIP_VCF/sharks_HepPer_CM068641.1/9435234.log).

[Fri May 16 11:33:05 2025]
rule BAM_CALLER_BED:
    input: sharks/HepPer/MSMC/Output_bam_caller_BED/CM068670.1_unmodified_bed.txt.gz
    output: sharks/HepPer/MSMC/Output_bam_caller_BED/CM068670.1_modified_bed.txt.gz
    jobid: 500
    reason: Missing output files: sharks/HepPer/MSMC/Output_bam_caller_BED/CM068670.1_modified_bed.txt.gz
    wildcards: CLADE=sharks, SPEC_NAME=HepPer, CHR=CM068670.1
    resources: mem_mb=100000, mem_mib=95368, disk_mb=1000, disk_mib=954, tmpdir=<TBD>, slurm_account=DURBIN-SL2-CPU, slurm_partition=cclake-himem, runtime=120

Job 500 has been submitted with SLURM jobid 9435235 (log: /rds/project/rds-p67MZilb2eQ/projects/VGP/heterozygosity/.snakemake/slurm_logs/rule_BAM_CALLER_BED/sharks_HepPer_CM068670.1/9435235.log).
Select jobs to execute...
Waiting for more resources.
Waiting for more resources.
Waiting for more resources.
Waiting for more resources.
Waiting for more resources.
[Fri May 16 11:33:40 2025]
Finished job 653.
12 of 226 steps (5%) done
Execute 1 jobs...

[Fri May 16 11:33:40 2025]
rule GENERATE_MULTIHETSEP:
    input: sharks/HepPer/CM068672.1.recode.vcf.gz
    output: sharks/HepPer/MSMC/Output_Multihet/CM068672.1_multihet.txt
    jobid: 817
    reason: Missing output files: sharks/HepPer/MSMC/Output_Multihet/CM068672.1_multihet.txt; Input files updated by another job: sharks/HepPer/CM068672.1.recode.vcf.gz
    wildcards: CLADE=sharks, SPEC_NAME=HepPer, CHR=CM068672.1
    resources: mem_mb=100000, mem_mib=95368, disk_mb=1000, disk_mib=954, tmpdir=<TBD>, slurm_account=DURBIN-SL2-CPU, slurm_partition=cclake-himem, runtime=120

Job 817 has been submitted with SLURM jobid 9435239 (log: /rds/project/rds-p67MZilb2eQ/projects/VGP/heterozygosity/.snakemake/slurm_logs/rule_GENERATE_MULTIHETSEP/sharks_HepPer_CM068672.1/9435239.log).
[Fri May 16 11:33:41 2025]
Finished job 576.
13 of 226 steps (6%) done
[Fri May 16 11:33:41 2025]
Finished job 562.
14 of 226 steps (6%) done
[Fri May 16 11:33:41 2025]
Finished job 639.
15 of 226 steps (7%) done
Select jobs to execute...
Execute 3 jobs...

[Fri May 16 11:33:41 2025]
rule BGZIP_VCF:
    input: sharks/HepPer/CM068675.1.recode.vcf
    output: sharks/HepPer/CM068675.1.recode.vcf.gz
    jobid: 656
    reason: Input files updated by another job: sharks/HepPer/CM068675.1.recode.vcf
    wildcards: CLADE=sharks, SPEC_NAME=HepPer, CHR=CM068675.1
    resources: mem_mb=100000, mem_mib=95368, disk_mb=1000, disk_mib=954, tmpdir=<TBD>, slurm_account=DURBIN-SL2-CPU, slurm_partition=cclake-himem, runtime=120

Job 656 has been submitted with SLURM jobid 9435240 (log: /rds/project/rds-p67MZilb2eQ/projects/VGP/heterozygosity/.snakemake/slurm_logs/rule_BGZIP_VCF/sharks_HepPer_CM068675.1/9435240.log).

[Fri May 16 11:33:41 2025]
rule BGZIP_VCF:
    input: sharks/HepPer/CM068655.1.recode.vcf
    output: sharks/HepPer/CM068655.1.recode.vcf.gz
    jobid: 636
    reason: Input files updated by another job: sharks/HepPer/CM068655.1.recode.vcf
    wildcards: CLADE=sharks, SPEC_NAME=HepPer, CHR=CM068655.1
    resources: mem_mb=100000, mem_mib=95368, disk_mb=1000, disk_mib=954, tmpdir=<TBD>, slurm_account=DURBIN-SL2-CPU, slurm_partition=cclake-himem, runtime=120

Job 636 has been submitted with SLURM jobid 9435241 (log: /rds/project/rds-p67MZilb2eQ/projects/VGP/heterozygosity/.snakemake/slurm_logs/rule_BGZIP_VCF/sharks_HepPer_CM068655.1/9435241.log).

[Fri May 16 11:33:41 2025]
rule REMOVE_INDELS:
    input: sharks/HepPer/temp/CM068645.1_restructured.vcf.gz
    output: sharks/HepPer/CM068645.1.recode.vcf
    jobid: 542
    reason: Missing output files: sharks/HepPer/CM068645.1.recode.vcf
    wildcards: CLADE=sharks, SPEC_NAME=HepPer, CHR=CM068645.1
    resources: mem_mb=100000, mem_mib=95368, disk_mb=1000, disk_mib=954, tmpdir=<TBD>, slurm_account=DURBIN-SL2-CPU, slurm_partition=cclake-himem, runtime=120

Job 542 has been submitted with SLURM jobid 9435256 (log: /rds/project/rds-p67MZilb2eQ/projects/VGP/heterozygosity/.snakemake/slurm_logs/rule_REMOVE_INDELS/sharks_HepPer_CM068645.1/9435256.log).
Select jobs to execute...
Waiting for more resources.
Waiting for more resources.
[Fri May 16 11:34:20 2025]
Finished job 536.
16 of 226 steps (7%) done
Execute 1 jobs...

[Fri May 16 11:34:20 2025]
rule BGZIP_VCF:
    input: sharks/HepPer/CM068647.1.recode.vcf
    output: sharks/HepPer/CM068647.1.recode.vcf.gz
    jobid: 628
    reason: Input files updated by another job: sharks/HepPer/CM068647.1.recode.vcf
    wildcards: CLADE=sharks, SPEC_NAME=HepPer, CHR=CM068647.1
    resources: mem_mb=100000, mem_mib=95368, disk_mb=1000, disk_mib=954, tmpdir=<TBD>, slurm_account=DURBIN-SL2-CPU, slurm_partition=cclake-himem, runtime=120

Job 628 has been submitted with SLURM jobid 9435261 (log: /rds/project/rds-p67MZilb2eQ/projects/VGP/heterozygosity/.snakemake/slurm_logs/rule_BGZIP_VCF/sharks_HepPer_CM068647.1/9435261.log).
[Fri May 16 11:34:22 2025]
Finished job 606.
17 of 226 steps (8%) done
[Fri May 16 11:34:22 2025]
Finished job 605.
18 of 226 steps (8%) done
[Fri May 16 11:34:22 2025]
Finished job 592.
19 of 226 steps (8%) done
Select jobs to execute...
Execute 3 jobs...

[Fri May 16 11:34:22 2025]
rule REMOVE_INDELS:
    input: sharks/HepPer/temp/CM068681.1_restructured.vcf.gz
    output: sharks/HepPer/CM068681.1.recode.vcf
    jobid: 614
    reason: Missing output files: sharks/HepPer/CM068681.1.recode.vcf
    wildcards: CLADE=sharks, SPEC_NAME=HepPer, CHR=CM068681.1
    resources: mem_mb=100000, mem_mib=95368, disk_mb=1000, disk_mib=954, tmpdir=<TBD>, slurm_account=DURBIN-SL2-CPU, slurm_partition=cclake-himem, runtime=120

Job 614 has been submitted with SLURM jobid 9435262 (log: /rds/project/rds-p67MZilb2eQ/projects/VGP/heterozygosity/.snakemake/slurm_logs/rule_REMOVE_INDELS/sharks_HepPer_CM068681.1/9435262.log).

[Fri May 16 11:34:23 2025]
rule REMOVE_INDELS:
    input: sharks/HepPer/temp/CM068638.1_restructured.vcf.gz
    output: sharks/HepPer/CM068638.1.recode.vcf
    jobid: 528
    reason: Missing output files: sharks/HepPer/CM068638.1.recode.vcf
    wildcards: CLADE=sharks, SPEC_NAME=HepPer, CHR=CM068638.1
    resources: mem_mb=100000, mem_mib=95368, disk_mb=1000, disk_mib=954, tmpdir=<TBD>, slurm_account=DURBIN-SL2-CPU, slurm_partition=cclake-himem, runtime=120

Job 528 has been submitted with SLURM jobid 9435263 (log: /rds/project/rds-p67MZilb2eQ/projects/VGP/heterozygosity/.snakemake/slurm_logs/rule_REMOVE_INDELS/sharks_HepPer_CM068638.1/9435263.log).

[Fri May 16 11:34:25 2025]
rule REMOVE_INDELS:
    input: sharks/HepPer/temp/CM068667.1_restructured.vcf.gz
    output: sharks/HepPer/CM068667.1.recode.vcf
    jobid: 586
    reason: Missing output files: sharks/HepPer/CM068667.1.recode.vcf
    wildcards: CLADE=sharks, SPEC_NAME=HepPer, CHR=CM068667.1
    resources: mem_mb=100000, mem_mib=95368, disk_mb=1000, disk_mib=954, tmpdir=<TBD>, slurm_account=DURBIN-SL2-CPU, slurm_partition=cclake-himem, runtime=120

Job 586 has been submitted with SLURM jobid 9435264 (log: /rds/project/rds-p67MZilb2eQ/projects/VGP/heterozygosity/.snakemake/slurm_logs/rule_REMOVE_INDELS/sharks_HepPer_CM068667.1/9435264.log).
Select jobs to execute...
Waiting for more resources.
Waiting for more resources.
[Fri May 16 11:35:01 2025]
Finished job 578.
20 of 226 steps (9%) done
Execute 1 jobs...

[Fri May 16 11:35:01 2025]
rule BGZIP_VCF:
    input: sharks/HepPer/CM068661.1.recode.vcf
    output: sharks/HepPer/CM068661.1.recode.vcf.gz
    jobid: 642
    reason: Missing output files: sharks/HepPer/CM068661.1.recode.vcf.gz; Input files updated by another job: sharks/HepPer/CM068661.1.recode.vcf
    wildcards: CLADE=sharks, SPEC_NAME=HepPer, CHR=CM068661.1
    resources: mem_mb=100000, mem_mib=95368, disk_mb=1000, disk_mib=954, tmpdir=<TBD>, slurm_account=DURBIN-SL2-CPU, slurm_partition=cclake-himem, runtime=120

Job 642 has been submitted with SLURM jobid 9435269 (log: /rds/project/rds-p67MZilb2eQ/projects/VGP/heterozygosity/.snakemake/slurm_logs/rule_BGZIP_VCF/sharks_HepPer_CM068661.1/9435269.log).
[Fri May 16 11:35:01 2025]
Finished job 564.
21 of 226 steps (9%) done
[Fri May 16 11:35:01 2025]
Finished job 550.
22 of 226 steps (10%) done
[Fri May 16 11:35:01 2025]
Finished job 608.
23 of 226 steps (10%) done
[Fri May 16 11:35:01 2025]
Finished job 594.
24 of 226 steps (11%) done
Select jobs to execute...
Execute 4 jobs...

[Fri May 16 11:35:01 2025]
rule BGZIP_VCF:
    input: sharks/HepPer/CM068670.1.recode.vcf
    output: sharks/HepPer/CM068670.1.recode.vcf.gz
    jobid: 651
    reason: Input files updated by another job: sharks/HepPer/CM068670.1.recode.vcf
    wildcards: CLADE=sharks, SPEC_NAME=HepPer, CHR=CM068670.1
    resources: mem_mb=100000, mem_mib=95368, disk_mb=1000, disk_mib=954, tmpdir=<TBD>, slurm_account=DURBIN-SL2-CPU, slurm_partition=cclake-himem, runtime=120

Job 651 has been submitted with SLURM jobid 9435270 (log: /rds/project/rds-p67MZilb2eQ/projects/VGP/heterozygosity/.snakemake/slurm_logs/rule_BGZIP_VCF/sharks_HepPer_CM068670.1/9435270.log).

[Fri May 16 11:35:03 2025]
rule BGZIP_VCF:
    input: sharks/HepPer/CM068677.1.recode.vcf
    output: sharks/HepPer/CM068677.1.recode.vcf.gz
    jobid: 658
    reason: Input files updated by another job: sharks/HepPer/CM068677.1.recode.vcf
    wildcards: CLADE=sharks, SPEC_NAME=HepPer, CHR=CM068677.1
    resources: mem_mb=100000, mem_mib=95368, disk_mb=1000, disk_mib=954, tmpdir=<TBD>, slurm_account=DURBIN-SL2-CPU, slurm_partition=cclake-himem, runtime=120

Job 658 has been submitted with SLURM jobid 9435271 (log: /rds/project/rds-p67MZilb2eQ/projects/VGP/heterozygosity/.snakemake/slurm_logs/rule_BGZIP_VCF/sharks_HepPer_CM068677.1/9435271.log).

[Fri May 16 11:35:03 2025]
rule REMOVE_INDELS:
    input: sharks/HepPer/temp/CM068676.1_restructured.vcf.gz
    output: sharks/HepPer/CM068676.1.recode.vcf
    jobid: 604
    reason: Missing output files: sharks/HepPer/CM068676.1.recode.vcf; Input files updated by another job: sharks/HepPer/temp/CM068676.1_restructured.vcf.gz
    wildcards: CLADE=sharks, SPEC_NAME=HepPer, CHR=CM068676.1
    resources: mem_mb=100000, mem_mib=95368, disk_mb=1000, disk_mib=954, tmpdir=<TBD>, slurm_account=DURBIN-SL2-CPU, slurm_partition=cclake-himem, runtime=120

Job 604 has been submitted with SLURM jobid 9435272 (log: /rds/project/rds-p67MZilb2eQ/projects/VGP/heterozygosity/.snakemake/slurm_logs/rule_REMOVE_INDELS/sharks_HepPer_CM068676.1/9435272.log).

[Fri May 16 11:35:03 2025]
rule REMOVE_INDELS:
    input: sharks/HepPer/temp/CM068660.1_restructured.vcf.gz
    output: sharks/HepPer/CM068660.1.recode.vcf
    jobid: 572
    reason: Missing output files: sharks/HepPer/CM068660.1.recode.vcf
    wildcards: CLADE=sharks, SPEC_NAME=HepPer, CHR=CM068660.1
    resources: mem_mb=100000, mem_mib=95368, disk_mb=1000, disk_mib=954, tmpdir=<TBD>, slurm_account=DURBIN-SL2-CPU, slurm_partition=cclake-himem, runtime=120

Job 572 has been submitted with SLURM jobid 9435273 (log: /rds/project/rds-p67MZilb2eQ/projects/VGP/heterozygosity/.snakemake/slurm_logs/rule_REMOVE_INDELS/sharks_HepPer_CM068660.1/9435273.log).
Select jobs to execute...
Waiting for more resources.
Waiting for more resources.
Waiting for more resources.
[Fri May 16 11:35:41 2025]
Finished job 655.
25 of 226 steps (11%) done
Execute 1 jobs...

[Fri May 16 11:35:41 2025]
rule BGZIP_VCF:
    input: sharks/HepPer/CM068669.1.recode.vcf
    output: sharks/HepPer/CM068669.1.recode.vcf.gz
    jobid: 650
    reason: Input files updated by another job: sharks/HepPer/CM068669.1.recode.vcf
    wildcards: CLADE=sharks, SPEC_NAME=HepPer, CHR=CM068669.1
    resources: mem_mb=100000, mem_mib=95368, disk_mb=1000, disk_mib=954, tmpdir=<TBD>, slurm_account=DURBIN-SL2-CPU, slurm_partition=cclake-himem, runtime=120

Job 650 has been submitted with SLURM jobid 9435275 (log: /rds/project/rds-p67MZilb2eQ/projects/VGP/heterozygosity/.snakemake/slurm_logs/rule_BGZIP_VCF/sharks_HepPer_CM068669.1/9435275.log).
[Fri May 16 11:40:41 2025]
Finished job 552.
26 of 226 steps (12%) done
Select jobs to execute...
Execute 1 jobs...

[Fri May 16 11:40:41 2025]
rule BGZIP_VCF:
    input: sharks/HepPer/CM068662.1.recode.vcf
    output: sharks/HepPer/CM068662.1.recode.vcf.gz
    jobid: 643
    reason: Input files updated by another job: sharks/HepPer/CM068662.1.recode.vcf
    wildcards: CLADE=sharks, SPEC_NAME=HepPer, CHR=CM068662.1
    resources: mem_mb=100000, mem_mib=95368, disk_mb=1000, disk_mib=954, tmpdir=<TBD>, slurm_account=DURBIN-SL2-CPU, slurm_partition=cclake-himem, runtime=120

Job 643 has been submitted with SLURM jobid 9435509 (log: /rds/project/rds-p67MZilb2eQ/projects/VGP/heterozygosity/.snakemake/slurm_logs/rule_BGZIP_VCF/sharks_HepPer_CM068662.1/9435509.log).
[Fri May 16 11:40:42 2025]
Finished job 635.
27 of 226 steps (12%) done
[Fri May 16 11:40:42 2025]
Finished job 629.
28 of 226 steps (12%) done
[Fri May 16 11:40:42 2025]
Finished job 570.
29 of 226 steps (13%) done
[Fri May 16 11:40:42 2025]
Finished job 540.
30 of 226 steps (13%) done
[Fri May 16 11:40:42 2025]
Finished job 598.
31 of 226 steps (14%) done
[Fri May 16 11:40:42 2025]
Finished job 584.
32 of 226 steps (14%) done
Select jobs to execute...
Execute 6 jobs...

[Fri May 16 11:40:42 2025]
rule GENERATE_MULTIHETSEP:
    input: sharks/HepPer/CM068668.1.recode.vcf.gz
    output: sharks/HepPer/MSMC/Output_Multihet/CM068668.1_multihet.txt
    jobid: 805
    reason: Input files updated by another job: sharks/HepPer/CM068668.1.recode.vcf.gz
    wildcards: CLADE=sharks, SPEC_NAME=HepPer, CHR=CM068668.1
    resources: mem_mb=100000, mem_mib=95368, disk_mb=1000, disk_mib=954, tmpdir=<TBD>, slurm_account=DURBIN-SL2-CPU, slurm_partition=cclake-himem, runtime=120

Job 805 has been submitted with SLURM jobid 9435510 (log: /rds/project/rds-p67MZilb2eQ/projects/VGP/heterozygosity/.snakemake/slurm_logs/rule_GENERATE_MULTIHETSEP/sharks_HepPer_CM068668.1/9435510.log).

[Fri May 16 11:40:43 2025]
rule REMOVE_INDELS:
    input: sharks/HepPer/temp/CM068646.1_restructured.vcf.gz
    output: sharks/HepPer/CM068646.1.recode.vcf
    jobid: 544
    reason: Missing output files: sharks/HepPer/CM068646.1.recode.vcf
    wildcards: CLADE=sharks, SPEC_NAME=HepPer, CHR=CM068646.1
    resources: mem_mb=100000, mem_mib=95368, disk_mb=1000, disk_mib=954, tmpdir=<TBD>, slurm_account=DURBIN-SL2-CPU, slurm_partition=cclake-himem, runtime=120

Job 544 has been submitted with SLURM jobid 9435511 (log: /rds/project/rds-p67MZilb2eQ/projects/VGP/heterozygosity/.snakemake/slurm_logs/rule_REMOVE_INDELS/sharks_HepPer_CM068646.1/9435511.log).

[Fri May 16 11:40:45 2025]
rule BGZIP_VCF:
    input: sharks/HepPer/CM068642.1.recode.vcf
    output: sharks/HepPer/CM068642.1.recode.vcf.gz
    jobid: 623
    reason: Input files updated by another job: sharks/HepPer/CM068642.1.recode.vcf
    wildcards: CLADE=sharks, SPEC_NAME=HepPer, CHR=CM068642.1
    resources: mem_mb=100000, mem_mib=95368, disk_mb=1000, disk_mib=954, tmpdir=<TBD>, slurm_account=DURBIN-SL2-CPU, slurm_partition=cclake-himem, runtime=120

Job 623 has been submitted with SLURM jobid 9435512 (log: /rds/project/rds-p67MZilb2eQ/projects/VGP/heterozygosity/.snakemake/slurm_logs/rule_BGZIP_VCF/sharks_HepPer_CM068642.1/9435512.log).

[Fri May 16 11:40:45 2025]
rule BGZIP_VCF:
    input: sharks/HepPer/CM068663.1.recode.vcf
    output: sharks/HepPer/CM068663.1.recode.vcf.gz
    jobid: 644
    reason: Input files updated by another job: sharks/HepPer/CM068663.1.recode.vcf
    wildcards: CLADE=sharks, SPEC_NAME=HepPer, CHR=CM068663.1
    resources: mem_mb=100000, mem_mib=95368, disk_mb=1000, disk_mib=954, tmpdir=<TBD>, slurm_account=DURBIN-SL2-CPU, slurm_partition=cclake-himem, runtime=120

Job 644 has been submitted with SLURM jobid 9435513 (log: /rds/project/rds-p67MZilb2eQ/projects/VGP/heterozygosity/.snakemake/slurm_logs/rule_BGZIP_VCF/sharks_HepPer_CM068663.1/9435513.log).

[Fri May 16 11:40:45 2025]
rule BGZIP_VCF:
    input: sharks/HepPer/CM068656.1.recode.vcf
    output: sharks/HepPer/CM068656.1.recode.vcf.gz
    jobid: 637
    reason: Input files updated by another job: sharks/HepPer/CM068656.1.recode.vcf
    wildcards: CLADE=sharks, SPEC_NAME=HepPer, CHR=CM068656.1
    resources: mem_mb=100000, mem_mib=95368, disk_mb=1000, disk_mib=954, tmpdir=<TBD>, slurm_account=DURBIN-SL2-CPU, slurm_partition=cclake-himem, runtime=120

Job 637 has been submitted with SLURM jobid 9435514 (log: /rds/project/rds-p67MZilb2eQ/projects/VGP/heterozygosity/.snakemake/slurm_logs/rule_BGZIP_VCF/sharks_HepPer_CM068656.1/9435514.log).

[Fri May 16 11:40:47 2025]
rule BGZIP_VCF:
    input: sharks/HepPer/CM068650.1.recode.vcf
    output: sharks/HepPer/CM068650.1.recode.vcf.gz
    jobid: 631
    reason: Input files updated by another job: sharks/HepPer/CM068650.1.recode.vcf
    wildcards: CLADE=sharks, SPEC_NAME=HepPer, CHR=CM068650.1
    resources: mem_mb=100000, mem_mib=95368, disk_mb=1000, disk_mib=954, tmpdir=<TBD>, slurm_account=DURBIN-SL2-CPU, slurm_partition=cclake-himem, runtime=120

Job 631 has been submitted with SLURM jobid 9435515 (log: /rds/project/rds-p67MZilb2eQ/projects/VGP/heterozygosity/.snakemake/slurm_logs/rule_BGZIP_VCF/sharks_HepPer_CM068650.1/9435515.log).
Select jobs to execute...
Waiting for more resources.
Waiting for more resources.
Waiting for more resources.
Waiting for more resources.
Waiting for more resources.
[Fri May 16 11:41:22 2025]
Finished job 760.
33 of 226 steps (15%) done
Execute 1 jobs...

[Fri May 16 11:41:22 2025]
rule GENERATE_MULTIHETSEP:
    input: sharks/HepPer/CM068648.1.recode.vcf.gz
    output: sharks/HepPer/MSMC/Output_Multihet/CM068648.1_multihet.txt
    jobid: 745
    reason: Missing output files: sharks/HepPer/MSMC/Output_Multihet/CM068648.1_multihet.txt; Input files updated by another job: sharks/HepPer/CM068648.1.recode.vcf.gz
    wildcards: CLADE=sharks, SPEC_NAME=HepPer, CHR=CM068648.1
    resources: mem_mb=100000, mem_mib=95368, disk_mb=1000, disk_mib=954, tmpdir=<TBD>, slurm_account=DURBIN-SL2-CPU, slurm_partition=cclake-himem, runtime=120

Job 745 has been submitted with SLURM jobid 9435523 (log: /rds/project/rds-p67MZilb2eQ/projects/VGP/heterozygosity/.snakemake/slurm_logs/rule_GENERATE_MULTIHETSEP/sharks_HepPer_CM068648.1/9435523.log).
[Fri May 16 11:41:24 2025]
Finished job 612.
34 of 226 steps (15%) done
[Fri May 16 11:41:24 2025]
Finished job 622.
35 of 226 steps (15%) done
[Fri May 16 11:41:24 2025]
Finished job 500.
36 of 226 steps (16%) done
[Fri May 16 11:41:24 2025]
Finished job 817.
37 of 226 steps (16%) done
[Fri May 16 11:41:24 2025]
Finished job 656.
38 of 226 steps (17%) done
Select jobs to execute...
Execute 5 jobs...

[Fri May 16 11:41:24 2025]
rule BGZIP_VCF:
    input: sharks/HepPer/CM068643.1.recode.vcf
    output: sharks/HepPer/CM068643.1.recode.vcf.gz
    jobid: 624
    reason: Missing output files: sharks/HepPer/CM068643.1.recode.vcf.gz
    wildcards: CLADE=sharks, SPEC_NAME=HepPer, CHR=CM068643.1
    resources: mem_mb=100000, mem_mib=95368, disk_mb=1000, disk_mib=954, tmpdir=<TBD>, slurm_account=DURBIN-SL2-CPU, slurm_partition=cclake-himem, runtime=120

Job 624 has been submitted with SLURM jobid 9435525 (log: /rds/project/rds-p67MZilb2eQ/projects/VGP/heterozygosity/.snakemake/slurm_logs/rule_BGZIP_VCF/sharks_HepPer_CM068643.1/9435525.log).

[Fri May 16 11:41:24 2025]
rule REMOVE_INDELS:
    input: sharks/HepPer/temp/CM068682.1_restructured.vcf.gz
    output: sharks/HepPer/CM068682.1.recode.vcf
    jobid: 616
    reason: Missing output files: sharks/HepPer/CM068682.1.recode.vcf
    wildcards: CLADE=sharks, SPEC_NAME=HepPer, CHR=CM068682.1
    resources: mem_mb=100000, mem_mib=95368, disk_mb=1000, disk_mib=954, tmpdir=<TBD>, slurm_account=DURBIN-SL2-CPU, slurm_partition=cclake-himem, runtime=120

Job 616 has been submitted with SLURM jobid 9435527 (log: /rds/project/rds-p67MZilb2eQ/projects/VGP/heterozygosity/.snakemake/slurm_logs/rule_REMOVE_INDELS/sharks_HepPer_CM068682.1/9435527.log).

[Fri May 16 11:41:26 2025]
rule BGZIP_VCF:
    input: sharks/HepPer/CM068678.1.recode.vcf
    output: sharks/HepPer/CM068678.1.recode.vcf.gz
    jobid: 659
    reason: Input files updated by another job: sharks/HepPer/CM068678.1.recode.vcf
    wildcards: CLADE=sharks, SPEC_NAME=HepPer, CHR=CM068678.1
    resources: mem_mb=100000, mem_mib=95368, disk_mb=1000, disk_mib=954, tmpdir=<TBD>, slurm_account=DURBIN-SL2-CPU, slurm_partition=cclake-himem, runtime=120

Job 659 has been submitted with SLURM jobid 9435529 (log: /rds/project/rds-p67MZilb2eQ/projects/VGP/heterozygosity/.snakemake/slurm_logs/rule_BGZIP_VCF/sharks_HepPer_CM068678.1/9435529.log).

[Fri May 16 11:41:27 2025]
rule BGZIP_VCF:
    input: sharks/HepPer/CM068673.1.recode.vcf
    output: sharks/HepPer/CM068673.1.recode.vcf.gz
    jobid: 654
    reason: Input files updated by another job: sharks/HepPer/CM068673.1.recode.vcf
    wildcards: CLADE=sharks, SPEC_NAME=HepPer, CHR=CM068673.1
    resources: mem_mb=100000, mem_mib=95368, disk_mb=1000, disk_mib=954, tmpdir=<TBD>, slurm_account=DURBIN-SL2-CPU, slurm_partition=cclake-himem, runtime=120

Job 654 has been submitted with SLURM jobid 9435530 (log: /rds/project/rds-p67MZilb2eQ/projects/VGP/heterozygosity/.snakemake/slurm_logs/rule_BGZIP_VCF/sharks_HepPer_CM068673.1/9435530.log).

[Fri May 16 11:41:27 2025]
rule REMOVE_INDELS:
    input: sharks/HepPer/temp/CM068640.1_restructured.vcf.gz
    output: sharks/HepPer/CM068640.1.recode.vcf
    jobid: 532
    reason: Missing output files: sharks/HepPer/CM068640.1.recode.vcf
    wildcards: CLADE=sharks, SPEC_NAME=HepPer, CHR=CM068640.1
    resources: mem_mb=100000, mem_mib=95368, disk_mb=1000, disk_mib=954, tmpdir=<TBD>, slurm_account=DURBIN-SL2-CPU, slurm_partition=cclake-himem, runtime=120

Job 532 has been submitted with SLURM jobid 9435531 (log: /rds/project/rds-p67MZilb2eQ/projects/VGP/heterozygosity/.snakemake/slurm_logs/rule_REMOVE_INDELS/sharks_HepPer_CM068640.1/9435531.log).
Select jobs to execute...
Waiting for more resources.
Waiting for more resources.
Waiting for more resources.
Waiting for more resources.
[Fri May 16 11:42:02 2025]
Finished job 636.
39 of 226 steps (17%) done
Execute 1 jobs...

[Fri May 16 11:42:02 2025]
rule GENERATE_MULTIHETSEP:
    input: sharks/HepPer/CM068641.1.recode.vcf.gz
    output: sharks/HepPer/MSMC/Output_Multihet/CM068641.1_multihet.txt
    jobid: 724
    reason: Missing output files: sharks/HepPer/MSMC/Output_Multihet/CM068641.1_multihet.txt; Input files updated by another job: sharks/HepPer/CM068641.1.recode.vcf.gz
    wildcards: CLADE=sharks, SPEC_NAME=HepPer, CHR=CM068641.1
    resources: mem_mb=100000, mem_mib=95368, disk_mb=1000, disk_mib=954, tmpdir=<TBD>, slurm_account=DURBIN-SL2-CPU, slurm_partition=cclake-himem, runtime=120

Job 724 has been submitted with SLURM jobid 9435539 (log: /rds/project/rds-p67MZilb2eQ/projects/VGP/heterozygosity/.snakemake/slurm_logs/rule_GENERATE_MULTIHETSEP/sharks_HepPer_CM068641.1/9435539.log).
[Fri May 16 11:42:03 2025]
Finished job 542.
40 of 226 steps (18%) done
[Fri May 16 11:42:03 2025]
Finished job 628.
41 of 226 steps (18%) done
[Fri May 16 11:42:03 2025]
Finished job 614.
42 of 226 steps (19%) done
[Fri May 16 11:42:03 2025]
Finished job 528.
43 of 226 steps (19%) done
[Fri May 16 11:42:03 2025]
Finished job 586.
44 of 226 steps (19%) done
Select jobs to execute...
Execute 5 jobs...

[Fri May 16 11:42:03 2025]
rule BGZIP_VCF:
    input: sharks/HepPer/CM068671.1.recode.vcf
    output: sharks/HepPer/CM068671.1.recode.vcf.gz
    jobid: 652
    reason: Input files updated by another job: sharks/HepPer/CM068671.1.recode.vcf
    wildcards: CLADE=sharks, SPEC_NAME=HepPer, CHR=CM068671.1
    resources: mem_mb=100000, mem_mib=95368, disk_mb=1000, disk_mib=954, tmpdir=<TBD>, slurm_account=DURBIN-SL2-CPU, slurm_partition=cclake-himem, runtime=120

Job 652 has been submitted with SLURM jobid 9435540 (log: /rds/project/rds-p67MZilb2eQ/projects/VGP/heterozygosity/.snakemake/slurm_logs/rule_BGZIP_VCF/sharks_HepPer_CM068671.1/9435540.log).

[Fri May 16 11:42:03 2025]
rule GENERATE_MULTIHETSEP:
    input: sharks/HepPer/CM068674.1.recode.vcf.gz
    output: sharks/HepPer/MSMC/Output_Multihet/CM068674.1_multihet.txt
    jobid: 823
    reason: Missing output files: sharks/HepPer/MSMC/Output_Multihet/CM068674.1_multihet.txt; Input files updated by another job: sharks/HepPer/CM068674.1.recode.vcf.gz
    wildcards: CLADE=sharks, SPEC_NAME=HepPer, CHR=CM068674.1
    resources: mem_mb=100000, mem_mib=95368, disk_mb=1000, disk_mib=954, tmpdir=<TBD>, slurm_account=DURBIN-SL2-CPU, slurm_partition=cclake-himem, runtime=120

Job 823 has been submitted with SLURM jobid 9435541 (log: /rds/project/rds-p67MZilb2eQ/projects/VGP/heterozygosity/.snakemake/slurm_logs/rule_GENERATE_MULTIHETSEP/sharks_HepPer_CM068674.1/9435541.log).

[Fri May 16 11:42:05 2025]
rule BGZIP_VCF:
    input: sharks/HepPer/CM068649.1.recode.vcf
    output: sharks/HepPer/CM068649.1.recode.vcf.gz
    jobid: 630
    reason: Input files updated by another job: sharks/HepPer/CM068649.1.recode.vcf
    wildcards: CLADE=sharks, SPEC_NAME=HepPer, CHR=CM068649.1
    resources: mem_mb=100000, mem_mib=95368, disk_mb=1000, disk_mib=954, tmpdir=<TBD>, slurm_account=DURBIN-SL2-CPU, slurm_partition=cclake-himem, runtime=120

Job 630 has been submitted with SLURM jobid 9435542 (log: /rds/project/rds-p67MZilb2eQ/projects/VGP/heterozygosity/.snakemake/slurm_logs/rule_BGZIP_VCF/sharks_HepPer_CM068649.1/9435542.log).

[Fri May 16 11:42:06 2025]
rule BGZIP_VCF:
    input: sharks/HepPer/CM068666.1.recode.vcf
    output: sharks/HepPer/CM068666.1.recode.vcf.gz
    jobid: 647
    reason: Input files updated by another job: sharks/HepPer/CM068666.1.recode.vcf
    wildcards: CLADE=sharks, SPEC_NAME=HepPer, CHR=CM068666.1
    resources: mem_mb=100000, mem_mib=95368, disk_mb=1000, disk_mib=954, tmpdir=<TBD>, slurm_account=DURBIN-SL2-CPU, slurm_partition=cclake-himem, runtime=120

Job 647 has been submitted with SLURM jobid 9435543 (log: /rds/project/rds-p67MZilb2eQ/projects/VGP/heterozygosity/.snakemake/slurm_logs/rule_BGZIP_VCF/sharks_HepPer_CM068666.1/9435543.log).

[Fri May 16 11:42:06 2025]
rule GENERATE_MASK:
    input: sharks/HepPer/MSMC/Output_Multihet/CM068653.1_multihet.txt
    output: sharks/HepPer/MSMC/Output_Bed/CM068653.1/CM068653.1_95.txt
    jobid: 759
    reason: Missing output files: sharks/HepPer/MSMC/Output_Bed/CM068653.1/CM068653.1_95.txt; Input files updated by another job: sharks/HepPer/MSMC/Output_Multihet/CM068653.1_multihet.txt
    wildcards: CLADE=sharks, SPEC_NAME=HepPer, CHR=CM068653.1
    resources: mem_mb=100000, mem_mib=95368, disk_mb=1000, disk_mib=954, tmpdir=<TBD>, slurm_account=DURBIN-SL2-CPU, slurm_partition=cclake-himem, runtime=120

Job 759 has been submitted with SLURM jobid 9435544 (log: /rds/project/rds-p67MZilb2eQ/projects/VGP/heterozygosity/.snakemake/slurm_logs/rule_GENERATE_MASK/sharks_HepPer_CM068653.1/9435544.log).
Select jobs to execute...
Waiting for more resources.
Waiting for more resources.
Waiting for more resources.
Waiting for more resources.
[Fri May 16 11:42:42 2025]
Finished job 642.
45 of 226 steps (20%) done
Execute 1 jobs...

[Fri May 16 11:42:42 2025]
rule BGZIP_VCF:
    input: sharks/HepPer/CM068667.1.recode.vcf
    output: sharks/HepPer/CM068667.1.recode.vcf.gz
    jobid: 648
    reason: Input files updated by another job: sharks/HepPer/CM068667.1.recode.vcf
    wildcards: CLADE=sharks, SPEC_NAME=HepPer, CHR=CM068667.1
    resources: mem_mb=100000, mem_mib=95368, disk_mb=1000, disk_mib=954, tmpdir=<TBD>, slurm_account=DURBIN-SL2-CPU, slurm_partition=cclake-himem, runtime=120

Job 648 has been submitted with SLURM jobid 9435551 (log: /rds/project/rds-p67MZilb2eQ/projects/VGP/heterozygosity/.snakemake/slurm_logs/rule_BGZIP_VCF/sharks_HepPer_CM068667.1/9435551.log).
[Fri May 16 11:42:42 2025]
Finished job 651.
46 of 226 steps (20%) done
[Fri May 16 11:42:42 2025]
Finished job 658.
47 of 226 steps (21%) done
[Fri May 16 11:42:42 2025]
Finished job 604.
48 of 226 steps (21%) done
[Fri May 16 11:42:42 2025]
Finished job 572.
49 of 226 steps (22%) done
[Fri May 16 11:42:42 2025]
Finished job 650.
50 of 226 steps (22%) done
Select jobs to execute...
Execute 5 jobs...

[Fri May 16 11:42:42 2025]
rule REMOVE_INDELS:
    input: sharks/HepPer/temp/CM068652.1_restructured.vcf.gz
    output: sharks/HepPer/CM068652.1.recode.vcf
    jobid: 556
    reason: Missing output files: sharks/HepPer/CM068652.1.recode.vcf
    wildcards: CLADE=sharks, SPEC_NAME=HepPer, CHR=CM068652.1
    resources: mem_mb=100000, mem_mib=95368, disk_mb=1000, disk_mib=954, tmpdir=<TBD>, slurm_account=DURBIN-SL2-CPU, slurm_partition=cclake-himem, runtime=120

Job 556 has been submitted with SLURM jobid 9435552 (log: /rds/project/rds-p67MZilb2eQ/projects/VGP/heterozygosity/.snakemake/slurm_logs/rule_REMOVE_INDELS/sharks_HepPer_CM068652.1/9435552.log).

[Fri May 16 11:42:44 2025]
rule GENERATE_MULTIHETSEP:
    input: sharks/HepPer/CM068654.1.recode.vcf.gz
    output: sharks/HepPer/MSMC/Output_Multihet/CM068654.1_multihet.txt
    jobid: 763
    reason: Missing output files: sharks/HepPer/MSMC/Output_Multihet/CM068654.1_multihet.txt; Input files updated by another job: sharks/HepPer/CM068654.1.recode.vcf.gz
    wildcards: CLADE=sharks, SPEC_NAME=HepPer, CHR=CM068654.1
    resources: mem_mb=100000, mem_mib=95368, disk_mb=1000, disk_mib=954, tmpdir=<TBD>, slurm_account=DURBIN-SL2-CPU, slurm_partition=cclake-himem, runtime=120

Job 763 has been submitted with SLURM jobid 9435553 (log: /rds/project/rds-p67MZilb2eQ/projects/VGP/heterozygosity/.snakemake/slurm_logs/rule_GENERATE_MULTIHETSEP/sharks_HepPer_CM068654.1/9435553.log).

[Fri May 16 11:42:45 2025]
rule GENERATE_MULTIHETSEP:
    input: sharks/HepPer/CM068670.1.recode.vcf.gz
    output: sharks/HepPer/MSMC/Output_Multihet/CM068670.1_multihet.txt
    jobid: 811
    reason: Input files updated by another job: sharks/HepPer/CM068670.1.recode.vcf.gz
    wildcards: CLADE=sharks, SPEC_NAME=HepPer, CHR=CM068670.1
    resources: mem_mb=100000, mem_mib=95368, disk_mb=1000, disk_mib=954, tmpdir=<TBD>, slurm_account=DURBIN-SL2-CPU, slurm_partition=cclake-himem, runtime=120

Job 811 has been submitted with SLURM jobid 9435554 (log: /rds/project/rds-p67MZilb2eQ/projects/VGP/heterozygosity/.snakemake/slurm_logs/rule_GENERATE_MULTIHETSEP/sharks_HepPer_CM068670.1/9435554.log).

[Fri May 16 11:42:45 2025]
rule REMOVE_INDELS:
    input: sharks/HepPer/temp/CM068639.1_restructured.vcf.gz
    output: sharks/HepPer/CM068639.1.recode.vcf
    jobid: 530
    reason: Missing output files: sharks/HepPer/CM068639.1.recode.vcf
    wildcards: CLADE=sharks, SPEC_NAME=HepPer, CHR=CM068639.1
    resources: mem_mb=100000, mem_mib=95368, disk_mb=1000, disk_mib=954, tmpdir=<TBD>, slurm_account=DURBIN-SL2-CPU, slurm_partition=cclake-himem, runtime=120

Job 530 has been submitted with SLURM jobid 9435555 (log: /rds/project/rds-p67MZilb2eQ/projects/VGP/heterozygosity/.snakemake/slurm_logs/rule_REMOVE_INDELS/sharks_HepPer_CM068639.1/9435555.log).

[Fri May 16 11:42:47 2025]
rule GENERATE_MULTIHETSEP:
    input: sharks/HepPer/CM068677.1.recode.vcf.gz
    output: sharks/HepPer/MSMC/Output_Multihet/CM068677.1_multihet.txt
    jobid: 832
    reason: Input files updated by another job: sharks/HepPer/CM068677.1.recode.vcf.gz
    wildcards: CLADE=sharks, SPEC_NAME=HepPer, CHR=CM068677.1
    resources: mem_mb=100000, mem_mib=95368, disk_mb=1000, disk_mib=954, tmpdir=<TBD>, slurm_account=DURBIN-SL2-CPU, slurm_partition=cclake-himem, runtime=120

Job 832 has been submitted with SLURM jobid 9435556 (log: /rds/project/rds-p67MZilb2eQ/projects/VGP/heterozygosity/.snakemake/slurm_logs/rule_GENERATE_MULTIHETSEP/sharks_HepPer_CM068677.1/9435556.log).
Select jobs to execute...
Waiting for more resources.
Waiting for more resources.
Waiting for more resources.
Waiting for more resources.
[Fri May 16 11:45:12 2025]
Finished job 643.
51 of 226 steps (23%) done
Execute 1 jobs...

[Fri May 16 11:45:12 2025]
rule GENERATE_MULTIHETSEP:
    input: sharks/HepPer/CM068658.1.recode.vcf.gz
    output: sharks/HepPer/MSMC/Output_Multihet/CM068658.1_multihet.txt
    jobid: 775
    reason: Missing output files: sharks/HepPer/MSMC/Output_Multihet/CM068658.1_multihet.txt; Input files updated by another job: sharks/HepPer/CM068658.1.recode.vcf.gz
    wildcards: CLADE=sharks, SPEC_NAME=HepPer, CHR=CM068658.1
    resources: mem_mb=100000, mem_mib=95368, disk_mb=1000, disk_mib=954, tmpdir=<TBD>, slurm_account=DURBIN-SL2-CPU, slurm_partition=cclake-himem, runtime=120

Job 775 has been submitted with SLURM jobid 9435665 (log: /rds/project/rds-p67MZilb2eQ/projects/VGP/heterozygosity/.snakemake/slurm_logs/rule_GENERATE_MULTIHETSEP/sharks_HepPer_CM068658.1/9435665.log).
[Fri May 16 11:45:13 2025]
Finished job 805.
52 of 226 steps (23%) done
[Fri May 16 11:45:13 2025]
Finished job 544.
53 of 226 steps (23%) done
[Fri May 16 11:45:13 2025]
Finished job 623.
54 of 226 steps (24%) done
[Fri May 16 11:45:13 2025]
Finished job 644.
55 of 226 steps (24%) done
[Fri May 16 11:45:13 2025]
Finished job 637.
56 of 226 steps (25%) done
[Fri May 16 11:45:13 2025]
Finished job 631.
57 of 226 steps (25%) done
Select jobs to execute...
Execute 6 jobs...

[Fri May 16 11:45:13 2025]
rule BGZIP_VCF:
    input: sharks/HepPer/CM068676.1.recode.vcf
    output: sharks/HepPer/CM068676.1.recode.vcf.gz
    jobid: 657
    reason: Missing output files: sharks/HepPer/CM068676.1.recode.vcf.gz; Input files updated by another job: sharks/HepPer/CM068676.1.recode.vcf
    wildcards: CLADE=sharks, SPEC_NAME=HepPer, CHR=CM068676.1
    resources: mem_mb=100000, mem_mib=95368, disk_mb=1000, disk_mib=954, tmpdir=<TBD>, slurm_account=DURBIN-SL2-CPU, slurm_partition=cclake-himem, runtime=120

Job 657 has been submitted with SLURM jobid 9435666 (log: /rds/project/rds-p67MZilb2eQ/projects/VGP/heterozygosity/.snakemake/slurm_logs/rule_BGZIP_VCF/sharks_HepPer_CM068676.1/9435666.log).

[Fri May 16 11:45:13 2025]
rule BGZIP_VCF:
    input: sharks/HepPer/CM068680.1.recode.vcf
    output: sharks/HepPer/CM068680.1.recode.vcf.gz
    jobid: 661
    reason: Input files updated by another job: sharks/HepPer/CM068680.1.recode.vcf
    wildcards: CLADE=sharks, SPEC_NAME=HepPer, CHR=CM068680.1
    resources: mem_mb=100000, mem_mib=95368, disk_mb=1000, disk_mib=954, tmpdir=<TBD>, slurm_account=DURBIN-SL2-CPU, slurm_partition=cclake-himem, runtime=120

Job 661 has been submitted with SLURM jobid 9435667 (log: /rds/project/rds-p67MZilb2eQ/projects/VGP/heterozygosity/.snakemake/slurm_logs/rule_BGZIP_VCF/sharks_HepPer_CM068680.1/9435667.log).

[Fri May 16 11:45:13 2025]
rule GENERATE_MULTIHETSEP:
    input: sharks/HepPer/CM068642.1.recode.vcf.gz
    output: sharks/HepPer/MSMC/Output_Multihet/CM068642.1_multihet.txt
    jobid: 727
    reason: Input files updated by another job: sharks/HepPer/CM068642.1.recode.vcf.gz
    wildcards: CLADE=sharks, SPEC_NAME=HepPer, CHR=CM068642.1
    resources: mem_mb=100000, mem_mib=95368, disk_mb=1000, disk_mib=954, tmpdir=<TBD>, slurm_account=DURBIN-SL2-CPU, slurm_partition=cclake-himem, runtime=120

Job 727 has been submitted with SLURM jobid 9435668 (log: /rds/project/rds-p67MZilb2eQ/projects/VGP/heterozygosity/.snakemake/slurm_logs/rule_GENERATE_MULTIHETSEP/sharks_HepPer_CM068642.1/9435668.log).

[Fri May 16 11:45:13 2025]
rule GENERATE_MULTIHETSEP:
    input: sharks/HepPer/CM068663.1.recode.vcf.gz
    output: sharks/HepPer/MSMC/Output_Multihet/CM068663.1_multihet.txt
    jobid: 790
    reason: Input files updated by another job: sharks/HepPer/CM068663.1.recode.vcf.gz
    wildcards: CLADE=sharks, SPEC_NAME=HepPer, CHR=CM068663.1
    resources: mem_mb=100000, mem_mib=95368, disk_mb=1000, disk_mib=954, tmpdir=<TBD>, slurm_account=DURBIN-SL2-CPU, slurm_partition=cclake-himem, runtime=120

Job 790 has been submitted with SLURM jobid 9435669 (log: /rds/project/rds-p67MZilb2eQ/projects/VGP/heterozygosity/.snakemake/slurm_logs/rule_GENERATE_MULTIHETSEP/sharks_HepPer_CM068663.1/9435669.log).

[Fri May 16 11:45:13 2025]
rule BGZIP_VCF:
    input: sharks/HepPer/CM068651.1.recode.vcf
    output: sharks/HepPer/CM068651.1.recode.vcf.gz
    jobid: 632
    reason: Missing output files: sharks/HepPer/CM068651.1.recode.vcf.gz; Input files updated by another job: sharks/HepPer/CM068651.1.recode.vcf
    wildcards: CLADE=sharks, SPEC_NAME=HepPer, CHR=CM068651.1
    resources: mem_mb=100000, mem_mib=95368, disk_mb=1000, disk_mib=954, tmpdir=<TBD>, slurm_account=DURBIN-SL2-CPU, slurm_partition=cclake-himem, runtime=120

Job 632 has been submitted with SLURM jobid 9435670 (log: /rds/project/rds-p67MZilb2eQ/projects/VGP/heterozygosity/.snakemake/slurm_logs/rule_BGZIP_VCF/sharks_HepPer_CM068651.1/9435670.log).

[Fri May 16 11:45:14 2025]
rule GENERATE_MULTIHETSEP:
    input: sharks/HepPer/CM068656.1.recode.vcf.gz
    output: sharks/HepPer/MSMC/Output_Multihet/CM068656.1_multihet.txt
    jobid: 769
    reason: Missing output files: sharks/HepPer/MSMC/Output_Multihet/CM068656.1_multihet.txt; Input files updated by another job: sharks/HepPer/CM068656.1.recode.vcf.gz
    wildcards: CLADE=sharks, SPEC_NAME=HepPer, CHR=CM068656.1
    resources: mem_mb=100000, mem_mib=95368, disk_mb=1000, disk_mib=954, tmpdir=<TBD>, slurm_account=DURBIN-SL2-CPU, slurm_partition=cclake-himem, runtime=120

Job 769 has been submitted with SLURM jobid 9435671 (log: /rds/project/rds-p67MZilb2eQ/projects/VGP/heterozygosity/.snakemake/slurm_logs/rule_GENERATE_MULTIHETSEP/sharks_HepPer_CM068656.1/9435671.log).
Select jobs to execute...
Waiting for more resources.
Waiting for more resources.
Waiting for more resources.
Waiting for more resources.
Waiting for more resources.
[Fri May 16 11:45:52 2025]
Finished job 745.
58 of 226 steps (26%) done
Execute 1 jobs...

[Fri May 16 11:45:52 2025]
rule BGZIP_VCF:
    input: sharks/HepPer/CM068660.1.recode.vcf
    output: sharks/HepPer/CM068660.1.recode.vcf.gz
    jobid: 641
    reason: Input files updated by another job: sharks/HepPer/CM068660.1.recode.vcf
    wildcards: CLADE=sharks, SPEC_NAME=HepPer, CHR=CM068660.1
    resources: mem_mb=100000, mem_mib=95368, disk_mb=1000, disk_mib=954, tmpdir=<TBD>, slurm_account=DURBIN-SL2-CPU, slurm_partition=cclake-himem, runtime=120

Job 641 has been submitted with SLURM jobid 9435679 (log: /rds/project/rds-p67MZilb2eQ/projects/VGP/heterozygosity/.snakemake/slurm_logs/rule_BGZIP_VCF/sharks_HepPer_CM068660.1/9435679.log).
[Fri May 16 11:45:53 2025]
Finished job 624.
59 of 226 steps (26%) done
[Fri May 16 11:45:53 2025]
Finished job 616.
60 of 226 steps (27%) done
[Fri May 16 11:45:53 2025]
Finished job 659.
61 of 226 steps (27%) done
[Fri May 16 11:45:53 2025]
Finished job 654.
62 of 226 steps (27%) done
[Fri May 16 11:45:53 2025]
Finished job 532.
63 of 226 steps (28%) done
[Fri May 16 11:45:53 2025]
Finished job 724.
64 of 226 steps (28%) done
[Fri May 16 11:45:53 2025]
Finished job 652.
65 of 226 steps (29%) done
Select jobs to execute...
Execute 7 jobs...

[Fri May 16 11:45:53 2025]
rule GENERATE_MULTIHETSEP:
    input: sharks/HepPer/CM068673.1.recode.vcf.gz
    output: sharks/HepPer/MSMC/Output_Multihet/CM068673.1_multihet.txt
    jobid: 820
    reason: Input files updated by another job: sharks/HepPer/CM068673.1.recode.vcf.gz
    wildcards: CLADE=sharks, SPEC_NAME=HepPer, CHR=CM068673.1
    resources: mem_mb=100000, mem_mib=95368, disk_mb=1000, disk_mib=954, tmpdir=<TBD>, slurm_account=DURBIN-SL2-CPU, slurm_partition=cclake-himem, runtime=120

Job 820 has been submitted with SLURM jobid 9435680 (log: /rds/project/rds-p67MZilb2eQ/projects/VGP/heterozygosity/.snakemake/slurm_logs/rule_GENERATE_MULTIHETSEP/sharks_HepPer_CM068673.1/9435680.log).

[Fri May 16 11:45:53 2025]
rule GENERATE_MULTIHETSEP:
    input: sharks/HepPer/CM068662.1.recode.vcf.gz
    output: sharks/HepPer/MSMC/Output_Multihet/CM068662.1_multihet.txt
    jobid: 787
    reason: Missing output files: sharks/HepPer/MSMC/Output_Multihet/CM068662.1_multihet.txt; Input files updated by another job: sharks/HepPer/CM068662.1.recode.vcf.gz
    wildcards: CLADE=sharks, SPEC_NAME=HepPer, CHR=CM068662.1
    resources: mem_mb=100000, mem_mib=95368, disk_mb=1000, disk_mib=954, tmpdir=<TBD>, slurm_account=DURBIN-SL2-CPU, slurm_partition=cclake-himem, runtime=120

Job 787 has been submitted with SLURM jobid 9435681 (log: /rds/project/rds-p67MZilb2eQ/projects/VGP/heterozygosity/.snakemake/slurm_logs/rule_GENERATE_MULTIHETSEP/sharks_HepPer_CM068662.1/9435681.log).

[Fri May 16 11:45:53 2025]
rule BGZIP_VCF:
    input: sharks/HepPer/CM068682.1.recode.vcf
    output: sharks/HepPer/CM068682.1.recode.vcf.gz
    jobid: 663
    reason: Input files updated by another job: sharks/HepPer/CM068682.1.recode.vcf
    wildcards: CLADE=sharks, SPEC_NAME=HepPer, CHR=CM068682.1
    resources: mem_mb=100000, mem_mib=95368, disk_mb=1000, disk_mib=954, tmpdir=<TBD>, slurm_account=DURBIN-SL2-CPU, slurm_partition=cclake-himem, runtime=120

Job 663 has been submitted with SLURM jobid 9435682 (log: /rds/project/rds-p67MZilb2eQ/projects/VGP/heterozygosity/.snakemake/slurm_logs/rule_BGZIP_VCF/sharks_HepPer_CM068682.1/9435682.log).

[Fri May 16 11:45:53 2025]
rule GENERATE_MULTIHETSEP:
    input: sharks/HepPer/CM068655.1.recode.vcf.gz
    output: sharks/HepPer/MSMC/Output_Multihet/CM068655.1_multihet.txt
    jobid: 766
    reason: Missing output files: sharks/HepPer/MSMC/Output_Multihet/CM068655.1_multihet.txt; Input files updated by another job: sharks/HepPer/CM068655.1.recode.vcf.gz
    wildcards: CLADE=sharks, SPEC_NAME=HepPer, CHR=CM068655.1
    resources: mem_mb=100000, mem_mib=95368, disk_mb=1000, disk_mib=954, tmpdir=<TBD>, slurm_account=DURBIN-SL2-CPU, slurm_partition=cclake-himem, runtime=120

Job 766 has been submitted with SLURM jobid 9435683 (log: /rds/project/rds-p67MZilb2eQ/projects/VGP/heterozygosity/.snakemake/slurm_logs/rule_GENERATE_MULTIHETSEP/sharks_HepPer_CM068655.1/9435683.log).

[Fri May 16 11:45:54 2025]
rule GENERATE_MULTIHETSEP:
    input: sharks/HepPer/CM068643.1.recode.vcf.gz
    output: sharks/HepPer/MSMC/Output_Multihet/CM068643.1_multihet.txt
    jobid: 730
    reason: Missing output files: sharks/HepPer/MSMC/Output_Multihet/CM068643.1_multihet.txt; Input files updated by another job: sharks/HepPer/CM068643.1.recode.vcf.gz
    wildcards: CLADE=sharks, SPEC_NAME=HepPer, CHR=CM068643.1
    resources: mem_mb=100000, mem_mib=95368, disk_mb=1000, disk_mib=954, tmpdir=<TBD>, slurm_account=DURBIN-SL2-CPU, slurm_partition=cclake-himem, runtime=120

Job 730 has been submitted with SLURM jobid 9435684 (log: /rds/project/rds-p67MZilb2eQ/projects/VGP/heterozygosity/.snakemake/slurm_logs/rule_GENERATE_MULTIHETSEP/sharks_HepPer_CM068643.1/9435684.log).

[Fri May 16 11:45:54 2025]
rule GENERATE_MULTIHETSEP:
    input: sharks/HepPer/CM068671.1.recode.vcf.gz
    output: sharks/HepPer/MSMC/Output_Multihet/CM068671.1_multihet.txt
    jobid: 814
    reason: Input files updated by another job: sharks/HepPer/CM068671.1.recode.vcf.gz
    wildcards: CLADE=sharks, SPEC_NAME=HepPer, CHR=CM068671.1
    resources: mem_mb=100000, mem_mib=95368, disk_mb=1000, disk_mib=954, tmpdir=<TBD>, slurm_account=DURBIN-SL2-CPU, slurm_partition=cclake-himem, runtime=120

Job 814 has been submitted with SLURM jobid 9435685 (log: /rds/project/rds-p67MZilb2eQ/projects/VGP/heterozygosity/.snakemake/slurm_logs/rule_GENERATE_MULTIHETSEP/sharks_HepPer_CM068671.1/9435685.log).

[Fri May 16 11:45:54 2025]
rule BGZIP_VCF:
    input: sharks/HepPer/CM068646.1.recode.vcf
    output: sharks/HepPer/CM068646.1.recode.vcf.gz
    jobid: 627
    reason: Input files updated by another job: sharks/HepPer/CM068646.1.recode.vcf
    wildcards: CLADE=sharks, SPEC_NAME=HepPer, CHR=CM068646.1
    resources: mem_mb=100000, mem_mib=95368, disk_mb=1000, disk_mib=954, tmpdir=<TBD>, slurm_account=DURBIN-SL2-CPU, slurm_partition=cclake-himem, runtime=120

Job 627 has been submitted with SLURM jobid 9435686 (log: /rds/project/rds-p67MZilb2eQ/projects/VGP/heterozygosity/.snakemake/slurm_logs/rule_BGZIP_VCF/sharks_HepPer_CM068646.1/9435686.log).
Select jobs to execute...
Waiting for more resources.
Waiting for more resources.
Waiting for more resources.
Waiting for more resources.
Waiting for more resources.
Waiting for more resources.
[Fri May 16 11:46:33 2025]
Finished job 823.
66 of 226 steps (29%) done
[Fri May 16 11:46:33 2025]
Error in rule GENERATE_MASK:
    message: SLURM-job '9435544' failed, SLURM status is: 'FAILED'. For further error details see the cluster/cloud log and the log files of the involved rule(s).
    jobid: 759
    input: sharks/HepPer/MSMC/Output_Multihet/CM068653.1_multihet.txt
    output: sharks/HepPer/MSMC/Output_Bed/CM068653.1/CM068653.1_95.txt
    log: /rds/project/rds-p67MZilb2eQ/projects/VGP/heterozygosity/.snakemake/slurm_logs/rule_GENERATE_MASK/sharks_HepPer_CM068653.1/9435544.log (check log file(s) for error details)
    shell:
        
        python /rds/project/rds-8b3VcZwY7rY/users/ag2427/hpc-work/20241011_jaskaran_script_msmc_fileprep/mask_file.py --input_file sharks/HepPer/MSMC/Output_Multihet/CM068653.1_multihet.txt --Chromosome_name CM068653.1 --output_BED sharks/HepPer/Output_Bed
        
        (one of the commands exited with non-zero exit code; note that snakemake uses bash strict mode!)
    external_jobid: 9435544

Execute 1 jobs...

[Fri May 16 11:46:33 2025]
rule GENERATE_MASK:
    input: sharks/HepPer/MSMC/Output_Multihet/CM068648.1_multihet.txt
    output: sharks/HepPer/MSMC/Output_Bed/CM068648.1/CM068648.1_95.txt
    jobid: 744
    reason: Missing output files: sharks/HepPer/MSMC/Output_Bed/CM068648.1/CM068648.1_95.txt; Input files updated by another job: sharks/HepPer/MSMC/Output_Multihet/CM068648.1_multihet.txt
    wildcards: CLADE=sharks, SPEC_NAME=HepPer, CHR=CM068648.1
    resources: mem_mb=100000, mem_mib=95368, disk_mb=1000, disk_mib=954, tmpdir=<TBD>, slurm_account=DURBIN-SL2-CPU, slurm_partition=cclake-himem, runtime=120

Job 744 has been submitted with SLURM jobid 9435722 (log: /rds/project/rds-p67MZilb2eQ/projects/VGP/heterozygosity/.snakemake/slurm_logs/rule_GENERATE_MASK/sharks_HepPer_CM068648.1/9435722.log).
[Fri May 16 11:46:33 2025]
Finished job 630.
67 of 226 steps (30%) done
[Fri May 16 11:46:33 2025]
Finished job 647.
68 of 226 steps (30%) done
[Fri May 16 11:46:33 2025]
Finished job 648.
69 of 226 steps (31%) done
[Fri May 16 11:47:13 2025]
Finished job 556.
70 of 226 steps (31%) done
[Fri May 16 11:47:13 2025]
Finished job 763.
71 of 226 steps (31%) done
[Fri May 16 11:47:13 2025]
Finished job 811.
72 of 226 steps (32%) done
[Fri May 16 11:47:13 2025]
Finished job 530.
73 of 226 steps (32%) done
[Fri May 16 11:47:13 2025]
Finished job 832.
74 of 226 steps (33%) done
[Fri May 16 11:47:53 2025]
Finished job 775.
75 of 226 steps (33%) done
[Fri May 16 11:47:53 2025]
Finished job 657.
76 of 226 steps (34%) done
[Fri May 16 11:48:33 2025]
Finished job 661.
77 of 226 steps (34%) done
[Fri May 16 11:48:33 2025]
Finished job 790.
78 of 226 steps (35%) done
[Fri May 16 11:48:33 2025]
Finished job 632.
79 of 226 steps (35%) done
[Fri May 16 11:48:33 2025]
Finished job 769.
80 of 226 steps (35%) done
[Fri May 16 11:49:13 2025]
Finished job 727.
81 of 226 steps (36%) done
[Fri May 16 11:49:13 2025]
Finished job 641.
82 of 226 steps (36%) done
[Fri May 16 11:49:13 2025]
Finished job 820.
83 of 226 steps (37%) done
[Fri May 16 11:49:13 2025]
Finished job 787.
84 of 226 steps (37%) done
[Fri May 16 11:49:13 2025]
Finished job 663.
85 of 226 steps (38%) done
[Fri May 16 11:49:13 2025]
Finished job 627.
86 of 226 steps (38%) done
[Fri May 16 11:49:53 2025]
Finished job 766.
87 of 226 steps (38%) done
[Fri May 16 11:49:53 2025]
Finished job 814.
88 of 226 steps (39%) done
[Fri May 16 11:50:34 2025]
Finished job 730.
89 of 226 steps (39%) done
[Fri May 16 11:52:04 2025]
Finished job 744.
90 of 226 steps (40%) done
Shutting down, this might take some time.
Exiting because a job execution failed. Look above for error message
Complete log: .snakemake/log/2025-05-16T112134.043641.snakemake.log
WorkflowError:
At least one job did not complete successfully.
