host: login-q-4
Building DAG of jobs...
IncompleteFilesException:
The files below seem to be incomplete. If you are sure that certain files are not incomplete, mark them as complete with

    snakemake --cleanup-metadata <filenames>

To re-generate the files rerun your command with the --rerun-incomplete flag.
Incomplete files:
sharks/HemOce/MSMC/Output_multihet_filtered_95/NC_083407.1_multihet.txt
sharks/HemOce/MSMC/Output_multihet_filtered_95/NC_083408.1_multihet.txt
sharks/HemOce/MSMC/Output_multihet_filtered_95/NC_083409.1_multihet.txt
sharks/HemOce/MSMC/Output_multihet_filtered_95/NC_083428.1_multihet.txt
sharks/HemOce/MSMC/Output_multihet_filtered_95/NC_083432.1_multihet.txt
sharks/HemOce/MSMC/Output_multihet_filtered_95/NC_083436.1_multihet.txt
sharks/HemOce/MSMC/Output_multihet_filtered_95/NC_083437.1_multihet.txt
sharks/HemOce/MSMC/Output_Multihet_Bootstrapped/5/NC_083402.1_multihet.txt
sharks/HemOce/MSMC/Output_Multihet_Bootstrapped/8/NC_083402.1_multihet.txt
sharks/HemOce/MSMC/Output_Multihet_Bootstrapped/9/NC_083402.1_multihet.txt
sharks/HemOce/MSMC/Output_Multihet_Bootstrapped/10/NC_083402.1_multihet.txt
sharks/HemOce/MSMC/Output_Multihet_Bootstrapped/8/NC_083430.1_multihet.txt
sharks/HemOce/MSMC/Output_Multihet_Bootstrapped/9/NC_083430.1_multihet.txt
sharks/HemOce/MSMC/Output_Multihet_Bootstrapped/10/NC_083430.1_multihet.txt
sharks/HemOce/MSMC/Output_Multihet_Bootstrapped/2/NC_083433.1_multihet.txt
sharks/HemOce/MSMC/Output_Multihet_Bootstrapped/3/NC_083433.1_multihet.txt
sharks/HemOce/MSMC/Output_Multihet_Bootstrapped/4/NC_083433.1_multihet.txt
sharks/HemOce/MSMC/Output_Multihet_Bootstrapped/27/NC_083433.1_multihet.txt
sharks/HemOce/MSMC/Output_Multihet_Bootstrapped/0/NC_083435.1_multihet.txt
sharks/HemOce/MSMC/Output_Multihet_Bootstrapped/26/NC_083435.1_multihet.txt
sharks/HemOce/MSMC/Output_Multihet_Bootstrapped/27/NC_083435.1_multihet.txt
sharks/HemOce/MSMC/Output_Multihet_Bootstrapped/28/NC_083435.1_multihet.txt
