host: login-q-4
Building DAG of jobs...
Using shell: /usr/bin/bash
Provided cores: 76
Rules claiming more threads will be scaled down.
Job stats:
job                       count
----------------------  -------
CALC_HET_PER_CHR             14
CALC_HET_WHOLE_GENOME         1
COMPILE_HET                   1
COMPILE_ROH                   1
FROH_PER_AUT_CHR             14
GET_ALN_ONLY_PER_CHROM       14
GET_VAR_ONLY_PER_CHROM       14
PLOT_HET_PER_CHR             14
PLOT_WHOLE_HET                1
Plot_ROH                      1
ROH_CALC                     14
WHOLE_FROH                    1
all                           1
total                        91

Select jobs to execute...
Execute 28 jobs...

[Wed Apr 16 18:41:46 2025]
localrule GET_VAR_ONLY_PER_CHROM:
    input: sharks/NarBan/temp/NarBan_Var_Only.txt
    output: sharks/NarBan/temp/20250411_CM072964.1_Var_Only.txt
    jobid: 34
    reason: Missing output files: sharks/NarBan/temp/20250411_CM072964.1_Var_Only.txt
    wildcards: CLADE=sharks, SPEC_NAME=NarBan, TODAY_DATE=20250411, CHR=CM072964.1
    resources: tmpdir=/tmp


[Wed Apr 16 18:41:46 2025]
localrule GET_VAR_ONLY_PER_CHROM:
    input: sharks/NarBan/temp/NarBan_Var_Only.txt
    output: sharks/NarBan/temp/20250411_CM072958.1_Var_Only.txt
    jobid: 28
    reason: Missing output files: sharks/NarBan/temp/20250411_CM072958.1_Var_Only.txt
    wildcards: CLADE=sharks, SPEC_NAME=NarBan, TODAY_DATE=20250411, CHR=CM072958.1
    resources: tmpdir=/tmp


[Wed Apr 16 18:41:46 2025]
localrule GET_ALN_ONLY_PER_CHROM:
    input: sharks/NarBan/temp/NarBan_Aln_Only.txt
    output: sharks/NarBan/temp/20250411_CM072965.1_Aln_Only.txt
    jobid: 21
    reason: Missing output files: sharks/NarBan/temp/20250411_CM072965.1_Aln_Only.txt
    wildcards: CLADE=sharks, SPEC_NAME=NarBan, TODAY_DATE=20250411, CHR=CM072965.1
    resources: tmpdir=/tmp


[Wed Apr 16 18:41:46 2025]
localrule GET_ALN_ONLY_PER_CHROM:
    input: sharks/NarBan/temp/NarBan_Aln_Only.txt
    output: sharks/NarBan/temp/20250411_CM072963.1_Aln_Only.txt
    jobid: 19
    reason: Missing output files: sharks/NarBan/temp/20250411_CM072963.1_Aln_Only.txt
    wildcards: CLADE=sharks, SPEC_NAME=NarBan, TODAY_DATE=20250411, CHR=CM072963.1
    resources: tmpdir=/tmp


[Wed Apr 16 18:41:46 2025]
localrule GET_VAR_ONLY_PER_CHROM:
    input: sharks/NarBan/temp/NarBan_Var_Only.txt
    output: sharks/NarBan/temp/20250411_CM072965.1_Var_Only.txt
    jobid: 35
    reason: Missing output files: sharks/NarBan/temp/20250411_CM072965.1_Var_Only.txt
    wildcards: CLADE=sharks, SPEC_NAME=NarBan, TODAY_DATE=20250411, CHR=CM072965.1
    resources: tmpdir=/tmp


[Wed Apr 16 18:41:46 2025]
localrule GET_VAR_ONLY_PER_CHROM:
    input: sharks/NarBan/temp/NarBan_Var_Only.txt
    output: sharks/NarBan/temp/20250411_CM072959.1_Var_Only.txt
    jobid: 29
    reason: Missing output files: sharks/NarBan/temp/20250411_CM072959.1_Var_Only.txt
    wildcards: CLADE=sharks, SPEC_NAME=NarBan, TODAY_DATE=20250411, CHR=CM072959.1
    resources: tmpdir=/tmp


[Wed Apr 16 18:41:46 2025]
localrule GET_ALN_ONLY_PER_CHROM:
    input: sharks/NarBan/temp/NarBan_Aln_Only.txt
    output: sharks/NarBan/temp/20250411_CM072966.1_Aln_Only.txt
    jobid: 22
    reason: Missing output files: sharks/NarBan/temp/20250411_CM072966.1_Aln_Only.txt
    wildcards: CLADE=sharks, SPEC_NAME=NarBan, TODAY_DATE=20250411, CHR=CM072966.1
    resources: tmpdir=/tmp


[Wed Apr 16 18:41:46 2025]
localrule GET_ALN_ONLY_PER_CHROM:
    input: sharks/NarBan/temp/NarBan_Aln_Only.txt
    output: sharks/NarBan/temp/20250411_CM072958.1_Aln_Only.txt
    jobid: 14
    reason: Missing output files: sharks/NarBan/temp/20250411_CM072958.1_Aln_Only.txt
    wildcards: CLADE=sharks, SPEC_NAME=NarBan, TODAY_DATE=20250411, CHR=CM072958.1
    resources: tmpdir=/tmp


[Wed Apr 16 18:41:46 2025]
localrule GET_VAR_ONLY_PER_CHROM:
    input: sharks/NarBan/temp/NarBan_Var_Only.txt
    output: sharks/NarBan/temp/20250411_CM072966.1_Var_Only.txt
    jobid: 36
    reason: Missing output files: sharks/NarBan/temp/20250411_CM072966.1_Var_Only.txt
    wildcards: CLADE=sharks, SPEC_NAME=NarBan, TODAY_DATE=20250411, CHR=CM072966.1
    resources: tmpdir=/tmp


[Wed Apr 16 18:41:46 2025]
localrule GET_VAR_ONLY_PER_CHROM:
    input: sharks/NarBan/temp/NarBan_Var_Only.txt
    output: sharks/NarBan/temp/20250411_CM072960.1_Var_Only.txt
    jobid: 30
    reason: Missing output files: sharks/NarBan/temp/20250411_CM072960.1_Var_Only.txt
    wildcards: CLADE=sharks, SPEC_NAME=NarBan, TODAY_DATE=20250411, CHR=CM072960.1
    resources: tmpdir=/tmp


[Wed Apr 16 18:41:46 2025]
localrule GET_ALN_ONLY_PER_CHROM:
    input: sharks/NarBan/temp/NarBan_Aln_Only.txt
    output: sharks/NarBan/temp/20250411_CM072967.1_Aln_Only.txt
    jobid: 23
    reason: Missing output files: sharks/NarBan/temp/20250411_CM072967.1_Aln_Only.txt
    wildcards: CLADE=sharks, SPEC_NAME=NarBan, TODAY_DATE=20250411, CHR=CM072967.1
    resources: tmpdir=/tmp


[Wed Apr 16 18:41:46 2025]
localrule GET_ALN_ONLY_PER_CHROM:
    input: sharks/NarBan/temp/NarBan_Aln_Only.txt
    output: sharks/NarBan/temp/20250411_CM072964.1_Aln_Only.txt
    jobid: 20
    reason: Missing output files: sharks/NarBan/temp/20250411_CM072964.1_Aln_Only.txt
    wildcards: CLADE=sharks, SPEC_NAME=NarBan, TODAY_DATE=20250411, CHR=CM072964.1
    resources: tmpdir=/tmp


[Wed Apr 16 18:41:46 2025]
localrule GET_VAR_ONLY_PER_CHROM:
    input: sharks/NarBan/temp/NarBan_Var_Only.txt
    output: sharks/NarBan/temp/20250411_CM072967.1_Var_Only.txt
    jobid: 37
    reason: Missing output files: sharks/NarBan/temp/20250411_CM072967.1_Var_Only.txt
    wildcards: CLADE=sharks, SPEC_NAME=NarBan, TODAY_DATE=20250411, CHR=CM072967.1
    resources: tmpdir=/tmp


[Wed Apr 16 18:41:46 2025]
localrule GET_VAR_ONLY_PER_CHROM:
    input: sharks/NarBan/temp/NarBan_Var_Only.txt
    output: sharks/NarBan/temp/20250411_CM072961.1_Var_Only.txt
    jobid: 31
    reason: Missing output files: sharks/NarBan/temp/20250411_CM072961.1_Var_Only.txt
    wildcards: CLADE=sharks, SPEC_NAME=NarBan, TODAY_DATE=20250411, CHR=CM072961.1
    resources: tmpdir=/tmp


[Wed Apr 16 18:41:47 2025]
localrule GET_ALN_ONLY_PER_CHROM:
    input: sharks/NarBan/temp/NarBan_Aln_Only.txt
    output: sharks/NarBan/temp/20250411_CM072968.1_Aln_Only.txt
    jobid: 24
    reason: Missing output files: sharks/NarBan/temp/20250411_CM072968.1_Aln_Only.txt
    wildcards: CLADE=sharks, SPEC_NAME=NarBan, TODAY_DATE=20250411, CHR=CM072968.1
    resources: tmpdir=/tmp


[Wed Apr 16 18:41:47 2025]
localrule GET_ALN_ONLY_PER_CHROM:
    input: sharks/NarBan/temp/NarBan_Aln_Only.txt
    output: sharks/NarBan/temp/20250411_CM072959.1_Aln_Only.txt
    jobid: 15
    reason: Missing output files: sharks/NarBan/temp/20250411_CM072959.1_Aln_Only.txt
    wildcards: CLADE=sharks, SPEC_NAME=NarBan, TODAY_DATE=20250411, CHR=CM072959.1
    resources: tmpdir=/tmp


[Wed Apr 16 18:41:47 2025]
localrule GET_VAR_ONLY_PER_CHROM:
    input: sharks/NarBan/temp/NarBan_Var_Only.txt
    output: sharks/NarBan/temp/20250411_CM072968.1_Var_Only.txt
    jobid: 38
    reason: Missing output files: sharks/NarBan/temp/20250411_CM072968.1_Var_Only.txt
    wildcards: CLADE=sharks, SPEC_NAME=NarBan, TODAY_DATE=20250411, CHR=CM072968.1
    resources: tmpdir=/tmp


[Wed Apr 16 18:41:47 2025]
localrule GET_VAR_ONLY_PER_CHROM:
    input: sharks/NarBan/temp/NarBan_Var_Only.txt
    output: sharks/NarBan/temp/20250411_CM072962.1_Var_Only.txt
    jobid: 32
    reason: Missing output files: sharks/NarBan/temp/20250411_CM072962.1_Var_Only.txt
    wildcards: CLADE=sharks, SPEC_NAME=NarBan, TODAY_DATE=20250411, CHR=CM072962.1
    resources: tmpdir=/tmp


[Wed Apr 16 18:41:47 2025]
localrule GET_ALN_ONLY_PER_CHROM:
    input: sharks/NarBan/temp/NarBan_Aln_Only.txt
    output: sharks/NarBan/temp/20250411_CM072969.1_Aln_Only.txt
    jobid: 25
    reason: Missing output files: sharks/NarBan/temp/20250411_CM072969.1_Aln_Only.txt
    wildcards: CLADE=sharks, SPEC_NAME=NarBan, TODAY_DATE=20250411, CHR=CM072969.1
    resources: tmpdir=/tmp


[Wed Apr 16 18:41:47 2025]
localrule GET_ALN_ONLY_PER_CHROM:
    input: sharks/NarBan/temp/NarBan_Aln_Only.txt
    output: sharks/NarBan/temp/20250411_CM072960.1_Aln_Only.txt
    jobid: 16
    reason: Missing output files: sharks/NarBan/temp/20250411_CM072960.1_Aln_Only.txt
    wildcards: CLADE=sharks, SPEC_NAME=NarBan, TODAY_DATE=20250411, CHR=CM072960.1
    resources: tmpdir=/tmp


[Wed Apr 16 18:41:47 2025]
localrule GET_VAR_ONLY_PER_CHROM:
    input: sharks/NarBan/temp/NarBan_Var_Only.txt
    output: sharks/NarBan/temp/20250411_CM072969.1_Var_Only.txt
    jobid: 39
    reason: Missing output files: sharks/NarBan/temp/20250411_CM072969.1_Var_Only.txt
    wildcards: CLADE=sharks, SPEC_NAME=NarBan, TODAY_DATE=20250411, CHR=CM072969.1
    resources: tmpdir=/tmp


[Wed Apr 16 18:41:47 2025]
localrule GET_VAR_ONLY_PER_CHROM:
    input: sharks/NarBan/temp/NarBan_Var_Only.txt
    output: sharks/NarBan/temp/20250411_CM072963.1_Var_Only.txt
    jobid: 33
    reason: Missing output files: sharks/NarBan/temp/20250411_CM072963.1_Var_Only.txt
    wildcards: CLADE=sharks, SPEC_NAME=NarBan, TODAY_DATE=20250411, CHR=CM072963.1
    resources: tmpdir=/tmp


[Wed Apr 16 18:41:47 2025]
localrule GET_VAR_ONLY_PER_CHROM:
    input: sharks/NarBan/temp/NarBan_Var_Only.txt
    output: sharks/NarBan/temp/20250411_CM072956.1_Var_Only.txt
    jobid: 26
    reason: Missing output files: sharks/NarBan/temp/20250411_CM072956.1_Var_Only.txt
    wildcards: CLADE=sharks, SPEC_NAME=NarBan, TODAY_DATE=20250411, CHR=CM072956.1
    resources: tmpdir=/tmp


[Wed Apr 16 18:41:47 2025]
localrule GET_ALN_ONLY_PER_CHROM:
    input: sharks/NarBan/temp/NarBan_Aln_Only.txt
    output: sharks/NarBan/temp/20250411_CM072961.1_Aln_Only.txt
    jobid: 17
    reason: Missing output files: sharks/NarBan/temp/20250411_CM072961.1_Aln_Only.txt
    wildcards: CLADE=sharks, SPEC_NAME=NarBan, TODAY_DATE=20250411, CHR=CM072961.1
    resources: tmpdir=/tmp


[Wed Apr 16 18:41:47 2025]
localrule GET_ALN_ONLY_PER_CHROM:
    input: sharks/NarBan/temp/NarBan_Aln_Only.txt
    output: sharks/NarBan/temp/20250411_CM072956.1_Aln_Only.txt
    jobid: 12
    reason: Missing output files: sharks/NarBan/temp/20250411_CM072956.1_Aln_Only.txt
    wildcards: CLADE=sharks, SPEC_NAME=NarBan, TODAY_DATE=20250411, CHR=CM072956.1
    resources: tmpdir=/tmp


[Wed Apr 16 18:41:47 2025]
localrule GET_VAR_ONLY_PER_CHROM:
    input: sharks/NarBan/temp/NarBan_Var_Only.txt
    output: sharks/NarBan/temp/20250411_CM072957.1_Var_Only.txt
    jobid: 27
    reason: Missing output files: sharks/NarBan/temp/20250411_CM072957.1_Var_Only.txt
    wildcards: CLADE=sharks, SPEC_NAME=NarBan, TODAY_DATE=20250411, CHR=CM072957.1
    resources: tmpdir=/tmp


[Wed Apr 16 18:41:47 2025]
localrule GET_ALN_ONLY_PER_CHROM:
    input: sharks/NarBan/temp/NarBan_Aln_Only.txt
    output: sharks/NarBan/temp/20250411_CM072962.1_Aln_Only.txt
    jobid: 18
    reason: Missing output files: sharks/NarBan/temp/20250411_CM072962.1_Aln_Only.txt
    wildcards: CLADE=sharks, SPEC_NAME=NarBan, TODAY_DATE=20250411, CHR=CM072962.1
    resources: tmpdir=/tmp


[Wed Apr 16 18:41:47 2025]
localrule GET_ALN_ONLY_PER_CHROM:
    input: sharks/NarBan/temp/NarBan_Aln_Only.txt
    output: sharks/NarBan/temp/20250411_CM072957.1_Aln_Only.txt
    jobid: 13
    reason: Missing output files: sharks/NarBan/temp/20250411_CM072957.1_Aln_Only.txt
    wildcards: CLADE=sharks, SPEC_NAME=NarBan, TODAY_DATE=20250411, CHR=CM072957.1
    resources: tmpdir=/tmp

[Wed Apr 16 18:41:47 2025]
Finished job 21.
1 of 91 steps (1%) done
[Wed Apr 16 18:41:47 2025]
Finished job 19.
2 of 91 steps (2%) done
[Wed Apr 16 18:41:47 2025]
Finished job 22.
3 of 91 steps (3%) done
[Wed Apr 16 18:41:47 2025]
Finished job 14.
4 of 91 steps (4%) done
[Wed Apr 16 18:41:47 2025]
Finished job 23.
5 of 91 steps (5%) done
[Wed Apr 16 18:41:47 2025]
Finished job 20.
6 of 91 steps (7%) done
[Wed Apr 16 18:41:47 2025]
Finished job 24.
7 of 91 steps (8%) done
[Wed Apr 16 18:41:47 2025]
Finished job 15.
8 of 91 steps (9%) done
[Wed Apr 16 18:41:47 2025]
Finished job 25.
9 of 91 steps (10%) done
[Wed Apr 16 18:41:47 2025]
Finished job 16.
10 of 91 steps (11%) done
[Wed Apr 16 18:41:47 2025]
Finished job 17.
11 of 91 steps (12%) done
[Wed Apr 16 18:41:47 2025]
Finished job 12.
12 of 91 steps (13%) done
[Wed Apr 16 18:41:47 2025]
Finished job 18.
13 of 91 steps (14%) done
[Wed Apr 16 18:41:47 2025]
Finished job 13.
14 of 91 steps (15%) done
[Wed Apr 16 18:42:05 2025]
Finished job 34.
15 of 91 steps (16%) done
Select jobs to execute...
Execute 1 jobs...

[Wed Apr 16 18:42:05 2025]
localrule ROH_CALC:
    input: sharks/NarBan/temp/20250411_CM072964.1_Aln_Only.txt, sharks/NarBan/temp/20250411_CM072964.1_Var_Only.txt, sharks/NarBan/Reference_NarBan_Chroms_Lengths.txt
    output: sharks/NarBan/20250411_CM072964.1_ROH_Results.txt
    jobid: 49
    reason: Missing output files: sharks/NarBan/20250411_CM072964.1_ROH_Results.txt; Input files updated by another job: sharks/NarBan/temp/20250411_CM072964.1_Aln_Only.txt, sharks/NarBan/temp/20250411_CM072964.1_Var_Only.txt
    wildcards: CLADE=sharks, SPEC_NAME=NarBan, TODAY_DATE=20250411, CHR=CM072964.1
    resources: tmpdir=/tmp

[Wed Apr 16 18:42:05 2025]
Finished job 39.
16 of 91 steps (18%) done
Select jobs to execute...
Execute 1 jobs...

[Wed Apr 16 18:42:05 2025]
localrule ROH_CALC:
    input: sharks/NarBan/temp/20250411_CM072969.1_Aln_Only.txt, sharks/NarBan/temp/20250411_CM072969.1_Var_Only.txt, sharks/NarBan/Reference_NarBan_Chroms_Lengths.txt
    output: sharks/NarBan/20250411_CM072969.1_ROH_Results.txt
    jobid: 54
    reason: Missing output files: sharks/NarBan/20250411_CM072969.1_ROH_Results.txt; Input files updated by another job: sharks/NarBan/temp/20250411_CM072969.1_Aln_Only.txt, sharks/NarBan/temp/20250411_CM072969.1_Var_Only.txt
    wildcards: CLADE=sharks, SPEC_NAME=NarBan, TODAY_DATE=20250411, CHR=CM072969.1
    resources: tmpdir=/tmp

[Wed Apr 16 18:42:05 2025]
Finished job 37.
17 of 91 steps (19%) done
Select jobs to execute...
Execute 1 jobs...

[Wed Apr 16 18:42:05 2025]
localrule ROH_CALC:
    input: sharks/NarBan/temp/20250411_CM072967.1_Aln_Only.txt, sharks/NarBan/temp/20250411_CM072967.1_Var_Only.txt, sharks/NarBan/Reference_NarBan_Chroms_Lengths.txt
    output: sharks/NarBan/20250411_CM072967.1_ROH_Results.txt
    jobid: 52
    reason: Missing output files: sharks/NarBan/20250411_CM072967.1_ROH_Results.txt; Input files updated by another job: sharks/NarBan/temp/20250411_CM072967.1_Aln_Only.txt, sharks/NarBan/temp/20250411_CM072967.1_Var_Only.txt
    wildcards: CLADE=sharks, SPEC_NAME=NarBan, TODAY_DATE=20250411, CHR=CM072967.1
    resources: tmpdir=/tmp

[Wed Apr 16 18:42:05 2025]
Finished job 32.
18 of 91 steps (20%) done
Select jobs to execute...
Execute 1 jobs...

[Wed Apr 16 18:42:05 2025]
localrule ROH_CALC:
    input: sharks/NarBan/temp/20250411_CM072962.1_Aln_Only.txt, sharks/NarBan/temp/20250411_CM072962.1_Var_Only.txt, sharks/NarBan/Reference_NarBan_Chroms_Lengths.txt
    output: sharks/NarBan/20250411_CM072962.1_ROH_Results.txt
    jobid: 47
    reason: Missing output files: sharks/NarBan/20250411_CM072962.1_ROH_Results.txt; Input files updated by another job: sharks/NarBan/temp/20250411_CM072962.1_Var_Only.txt, sharks/NarBan/temp/20250411_CM072962.1_Aln_Only.txt
    wildcards: CLADE=sharks, SPEC_NAME=NarBan, TODAY_DATE=20250411, CHR=CM072962.1
    resources: tmpdir=/tmp

[Wed Apr 16 18:42:05 2025]
Finished job 26.
19 of 91 steps (21%) done
Select jobs to execute...
Execute 1 jobs...

[Wed Apr 16 18:42:05 2025]
localrule ROH_CALC:
    input: sharks/NarBan/temp/20250411_CM072956.1_Aln_Only.txt, sharks/NarBan/temp/20250411_CM072956.1_Var_Only.txt, sharks/NarBan/Reference_NarBan_Chroms_Lengths.txt
    output: sharks/NarBan/20250411_CM072956.1_ROH_Results.txt
    jobid: 40
    reason: Missing output files: sharks/NarBan/20250411_CM072956.1_ROH_Results.txt; Input files updated by another job: sharks/NarBan/temp/20250411_CM072956.1_Aln_Only.txt, sharks/NarBan/temp/20250411_CM072956.1_Var_Only.txt
    wildcards: CLADE=sharks, SPEC_NAME=NarBan, TODAY_DATE=20250411, CHR=CM072956.1
    resources: tmpdir=/tmp

[Wed Apr 16 18:42:06 2025]
Finished job 38.
20 of 91 steps (22%) done
Select jobs to execute...
Execute 1 jobs...

[Wed Apr 16 18:42:06 2025]
localrule ROH_CALC:
    input: sharks/NarBan/temp/20250411_CM072968.1_Aln_Only.txt, sharks/NarBan/temp/20250411_CM072968.1_Var_Only.txt, sharks/NarBan/Reference_NarBan_Chroms_Lengths.txt
    output: sharks/NarBan/20250411_CM072968.1_ROH_Results.txt
    jobid: 53
    reason: Missing output files: sharks/NarBan/20250411_CM072968.1_ROH_Results.txt; Input files updated by another job: sharks/NarBan/temp/20250411_CM072968.1_Aln_Only.txt, sharks/NarBan/temp/20250411_CM072968.1_Var_Only.txt
    wildcards: CLADE=sharks, SPEC_NAME=NarBan, TODAY_DATE=20250411, CHR=CM072968.1
    resources: tmpdir=/tmp

[Wed Apr 16 18:42:06 2025]
Finished job 30.
21 of 91 steps (23%) done
Select jobs to execute...
Execute 1 jobs...

[Wed Apr 16 18:42:06 2025]
localrule ROH_CALC:
    input: sharks/NarBan/temp/20250411_CM072960.1_Aln_Only.txt, sharks/NarBan/temp/20250411_CM072960.1_Var_Only.txt, sharks/NarBan/Reference_NarBan_Chroms_Lengths.txt
    output: sharks/NarBan/20250411_CM072960.1_ROH_Results.txt
    jobid: 45
    reason: Missing output files: sharks/NarBan/20250411_CM072960.1_ROH_Results.txt; Input files updated by another job: sharks/NarBan/temp/20250411_CM072960.1_Aln_Only.txt, sharks/NarBan/temp/20250411_CM072960.1_Var_Only.txt
    wildcards: CLADE=sharks, SPEC_NAME=NarBan, TODAY_DATE=20250411, CHR=CM072960.1
    resources: tmpdir=/tmp

[Wed Apr 16 18:42:06 2025]
Finished job 35.
22 of 91 steps (24%) done
Select jobs to execute...
Execute 1 jobs...

[Wed Apr 16 18:42:06 2025]
localrule ROH_CALC:
    input: sharks/NarBan/temp/20250411_CM072965.1_Aln_Only.txt, sharks/NarBan/temp/20250411_CM072965.1_Var_Only.txt, sharks/NarBan/Reference_NarBan_Chroms_Lengths.txt
    output: sharks/NarBan/20250411_CM072965.1_ROH_Results.txt
    jobid: 50
    reason: Missing output files: sharks/NarBan/20250411_CM072965.1_ROH_Results.txt; Input files updated by another job: sharks/NarBan/temp/20250411_CM072965.1_Var_Only.txt, sharks/NarBan/temp/20250411_CM072965.1_Aln_Only.txt
    wildcards: CLADE=sharks, SPEC_NAME=NarBan, TODAY_DATE=20250411, CHR=CM072965.1
    resources: tmpdir=/tmp

[Wed Apr 16 18:42:06 2025]
Finished job 27.
23 of 91 steps (25%) done
Select jobs to execute...
Execute 1 jobs...

[Wed Apr 16 18:42:06 2025]
localrule ROH_CALC:
    input: sharks/NarBan/temp/20250411_CM072957.1_Aln_Only.txt, sharks/NarBan/temp/20250411_CM072957.1_Var_Only.txt, sharks/NarBan/Reference_NarBan_Chroms_Lengths.txt
    output: sharks/NarBan/20250411_CM072957.1_ROH_Results.txt
    jobid: 42
    reason: Missing output files: sharks/NarBan/20250411_CM072957.1_ROH_Results.txt; Input files updated by another job: sharks/NarBan/temp/20250411_CM072957.1_Var_Only.txt, sharks/NarBan/temp/20250411_CM072957.1_Aln_Only.txt
    wildcards: CLADE=sharks, SPEC_NAME=NarBan, TODAY_DATE=20250411, CHR=CM072957.1
    resources: tmpdir=/tmp

[Wed Apr 16 18:42:06 2025]
Finished job 28.
24 of 91 steps (26%) done
Select jobs to execute...
Execute 1 jobs...

[Wed Apr 16 18:42:06 2025]
localrule ROH_CALC:
    input: sharks/NarBan/temp/20250411_CM072958.1_Aln_Only.txt, sharks/NarBan/temp/20250411_CM072958.1_Var_Only.txt, sharks/NarBan/Reference_NarBan_Chroms_Lengths.txt
    output: sharks/NarBan/20250411_CM072958.1_ROH_Results.txt
    jobid: 43
    reason: Missing output files: sharks/NarBan/20250411_CM072958.1_ROH_Results.txt; Input files updated by another job: sharks/NarBan/temp/20250411_CM072958.1_Aln_Only.txt, sharks/NarBan/temp/20250411_CM072958.1_Var_Only.txt
    wildcards: CLADE=sharks, SPEC_NAME=NarBan, TODAY_DATE=20250411, CHR=CM072958.1
    resources: tmpdir=/tmp

[Wed Apr 16 18:42:06 2025]
Finished job 36.
25 of 91 steps (27%) done
Select jobs to execute...
Execute 1 jobs...

[Wed Apr 16 18:42:06 2025]
localrule ROH_CALC:
    input: sharks/NarBan/temp/20250411_CM072966.1_Aln_Only.txt, sharks/NarBan/temp/20250411_CM072966.1_Var_Only.txt, sharks/NarBan/Reference_NarBan_Chroms_Lengths.txt
    output: sharks/NarBan/20250411_CM072966.1_ROH_Results.txt
    jobid: 51
    reason: Missing output files: sharks/NarBan/20250411_CM072966.1_ROH_Results.txt; Input files updated by another job: sharks/NarBan/temp/20250411_CM072966.1_Aln_Only.txt, sharks/NarBan/temp/20250411_CM072966.1_Var_Only.txt
    wildcards: CLADE=sharks, SPEC_NAME=NarBan, TODAY_DATE=20250411, CHR=CM072966.1
    resources: tmpdir=/tmp

[Wed Apr 16 18:42:07 2025]
Finished job 33.
26 of 91 steps (29%) done
Select jobs to execute...
Execute 1 jobs...

[Wed Apr 16 18:42:07 2025]
localrule ROH_CALC:
    input: sharks/NarBan/temp/20250411_CM072963.1_Aln_Only.txt, sharks/NarBan/temp/20250411_CM072963.1_Var_Only.txt, sharks/NarBan/Reference_NarBan_Chroms_Lengths.txt
    output: sharks/NarBan/20250411_CM072963.1_ROH_Results.txt
    jobid: 48
    reason: Missing output files: sharks/NarBan/20250411_CM072963.1_ROH_Results.txt; Input files updated by another job: sharks/NarBan/temp/20250411_CM072963.1_Var_Only.txt, sharks/NarBan/temp/20250411_CM072963.1_Aln_Only.txt
    wildcards: CLADE=sharks, SPEC_NAME=NarBan, TODAY_DATE=20250411, CHR=CM072963.1
    resources: tmpdir=/tmp

[Wed Apr 16 18:42:08 2025]
Finished job 31.
27 of 91 steps (30%) done
Select jobs to execute...
Execute 1 jobs...

[Wed Apr 16 18:42:08 2025]
localrule ROH_CALC:
    input: sharks/NarBan/temp/20250411_CM072961.1_Aln_Only.txt, sharks/NarBan/temp/20250411_CM072961.1_Var_Only.txt, sharks/NarBan/Reference_NarBan_Chroms_Lengths.txt
    output: sharks/NarBan/20250411_CM072961.1_ROH_Results.txt
    jobid: 46
    reason: Missing output files: sharks/NarBan/20250411_CM072961.1_ROH_Results.txt; Input files updated by another job: sharks/NarBan/temp/20250411_CM072961.1_Var_Only.txt, sharks/NarBan/temp/20250411_CM072961.1_Aln_Only.txt
    wildcards: CLADE=sharks, SPEC_NAME=NarBan, TODAY_DATE=20250411, CHR=CM072961.1
    resources: tmpdir=/tmp

[Wed Apr 16 18:42:08 2025]
Finished job 29.
28 of 91 steps (31%) done
Select jobs to execute...
Execute 1 jobs...

[Wed Apr 16 18:42:08 2025]
localrule ROH_CALC:
    input: sharks/NarBan/temp/20250411_CM072959.1_Aln_Only.txt, sharks/NarBan/temp/20250411_CM072959.1_Var_Only.txt, sharks/NarBan/Reference_NarBan_Chroms_Lengths.txt
    output: sharks/NarBan/20250411_CM072959.1_ROH_Results.txt
    jobid: 44
    reason: Missing output files: sharks/NarBan/20250411_CM072959.1_ROH_Results.txt; Input files updated by another job: sharks/NarBan/temp/20250411_CM072959.1_Aln_Only.txt, sharks/NarBan/temp/20250411_CM072959.1_Var_Only.txt
    wildcards: CLADE=sharks, SPEC_NAME=NarBan, TODAY_DATE=20250411, CHR=CM072959.1
    resources: tmpdir=/tmp

RuleException:
CalledProcessError in file /rds/project/rds-p67MZilb2eQ/projects/VGP/heterozygosity/Snakefile, line 307:
Command 'set -euo pipefail;  
        CHROM_LENGTH="$(awk -v var='CM072956.1' '$1 == var {print $2; exit}' sharks/NarBan/Reference_NarBan_Chroms_Lengths.txt)"
        python /rds/project/rds-p67MZilb2eQ/projects/VGP/heterozygosity/20250320_ROH_Durbin_Calc_Eqns_V6.py CM072956.1 "$CHROM_LENGTH" 20250411 GCA_036971175.1 sharks sharks/NarBan/temp/20250411_CM072956.1_Aln_Only.txt sharks/NarBan/temp/20250411_CM072956.1_Var_Only.txt NarBan' died with <Signals.SIGKILL: 9>.
[Wed Apr 16 18:42:30 2025]
Error in rule ROH_CALC:
    jobid: 40
    input: sharks/NarBan/temp/20250411_CM072956.1_Aln_Only.txt, sharks/NarBan/temp/20250411_CM072956.1_Var_Only.txt, sharks/NarBan/Reference_NarBan_Chroms_Lengths.txt
    output: sharks/NarBan/20250411_CM072956.1_ROH_Results.txt
    shell:
        
        CHROM_LENGTH="$(awk -v var='CM072956.1' '$1 == var {print $2; exit}' sharks/NarBan/Reference_NarBan_Chroms_Lengths.txt)"
        python /rds/project/rds-p67MZilb2eQ/projects/VGP/heterozygosity/20250320_ROH_Durbin_Calc_Eqns_V6.py CM072956.1 "$CHROM_LENGTH" 20250411 GCA_036971175.1 sharks sharks/NarBan/temp/20250411_CM072956.1_Aln_Only.txt sharks/NarBan/temp/20250411_CM072956.1_Var_Only.txt NarBan
        
        (one of the commands exited with non-zero exit code; note that snakemake uses bash strict mode!)

RuleException:
CalledProcessError in file /rds/project/rds-p67MZilb2eQ/projects/VGP/heterozygosity/Snakefile, line 307:
Command 'set -euo pipefail;  
        CHROM_LENGTH="$(awk -v var='CM072958.1' '$1 == var {print $2; exit}' sharks/NarBan/Reference_NarBan_Chroms_Lengths.txt)"
        python /rds/project/rds-p67MZilb2eQ/projects/VGP/heterozygosity/20250320_ROH_Durbin_Calc_Eqns_V6.py CM072958.1 "$CHROM_LENGTH" 20250411 GCA_036971175.1 sharks sharks/NarBan/temp/20250411_CM072958.1_Aln_Only.txt sharks/NarBan/temp/20250411_CM072958.1_Var_Only.txt NarBan' died with <Signals.SIGKILL: 9>.
[Wed Apr 16 18:42:51 2025]
Error in rule ROH_CALC:
    jobid: 43
    input: sharks/NarBan/temp/20250411_CM072958.1_Aln_Only.txt, sharks/NarBan/temp/20250411_CM072958.1_Var_Only.txt, sharks/NarBan/Reference_NarBan_Chroms_Lengths.txt
    output: sharks/NarBan/20250411_CM072958.1_ROH_Results.txt
    shell:
        
        CHROM_LENGTH="$(awk -v var='CM072958.1' '$1 == var {print $2; exit}' sharks/NarBan/Reference_NarBan_Chroms_Lengths.txt)"
        python /rds/project/rds-p67MZilb2eQ/projects/VGP/heterozygosity/20250320_ROH_Durbin_Calc_Eqns_V6.py CM072958.1 "$CHROM_LENGTH" 20250411 GCA_036971175.1 sharks sharks/NarBan/temp/20250411_CM072958.1_Aln_Only.txt sharks/NarBan/temp/20250411_CM072958.1_Var_Only.txt NarBan
        
        (one of the commands exited with non-zero exit code; note that snakemake uses bash strict mode!)

RuleException:
CalledProcessError in file /rds/project/rds-p67MZilb2eQ/projects/VGP/heterozygosity/Snakefile, line 307:
Command 'set -euo pipefail;  
        CHROM_LENGTH="$(awk -v var='CM072957.1' '$1 == var {print $2; exit}' sharks/NarBan/Reference_NarBan_Chroms_Lengths.txt)"
        python /rds/project/rds-p67MZilb2eQ/projects/VGP/heterozygosity/20250320_ROH_Durbin_Calc_Eqns_V6.py CM072957.1 "$CHROM_LENGTH" 20250411 GCA_036971175.1 sharks sharks/NarBan/temp/20250411_CM072957.1_Aln_Only.txt sharks/NarBan/temp/20250411_CM072957.1_Var_Only.txt NarBan' died with <Signals.SIGKILL: 9>.
[Wed Apr 16 18:43:12 2025]
Error in rule ROH_CALC:
    jobid: 42
    input: sharks/NarBan/temp/20250411_CM072957.1_Aln_Only.txt, sharks/NarBan/temp/20250411_CM072957.1_Var_Only.txt, sharks/NarBan/Reference_NarBan_Chroms_Lengths.txt
    output: sharks/NarBan/20250411_CM072957.1_ROH_Results.txt
    shell:
        
        CHROM_LENGTH="$(awk -v var='CM072957.1' '$1 == var {print $2; exit}' sharks/NarBan/Reference_NarBan_Chroms_Lengths.txt)"
        python /rds/project/rds-p67MZilb2eQ/projects/VGP/heterozygosity/20250320_ROH_Durbin_Calc_Eqns_V6.py CM072957.1 "$CHROM_LENGTH" 20250411 GCA_036971175.1 sharks sharks/NarBan/temp/20250411_CM072957.1_Aln_Only.txt sharks/NarBan/temp/20250411_CM072957.1_Var_Only.txt NarBan
        
        (one of the commands exited with non-zero exit code; note that snakemake uses bash strict mode!)

RuleException:
CalledProcessError in file /rds/project/rds-p67MZilb2eQ/projects/VGP/heterozygosity/Snakefile, line 307:
Command 'set -euo pipefail;  
        CHROM_LENGTH="$(awk -v var='CM072959.1' '$1 == var {print $2; exit}' sharks/NarBan/Reference_NarBan_Chroms_Lengths.txt)"
        python /rds/project/rds-p67MZilb2eQ/projects/VGP/heterozygosity/20250320_ROH_Durbin_Calc_Eqns_V6.py CM072959.1 "$CHROM_LENGTH" 20250411 GCA_036971175.1 sharks sharks/NarBan/temp/20250411_CM072959.1_Aln_Only.txt sharks/NarBan/temp/20250411_CM072959.1_Var_Only.txt NarBan' died with <Signals.SIGKILL: 9>.
[Wed Apr 16 18:43:35 2025]
Error in rule ROH_CALC:
    jobid: 44
    input: sharks/NarBan/temp/20250411_CM072959.1_Aln_Only.txt, sharks/NarBan/temp/20250411_CM072959.1_Var_Only.txt, sharks/NarBan/Reference_NarBan_Chroms_Lengths.txt
    output: sharks/NarBan/20250411_CM072959.1_ROH_Results.txt
    shell:
        
        CHROM_LENGTH="$(awk -v var='CM072959.1' '$1 == var {print $2; exit}' sharks/NarBan/Reference_NarBan_Chroms_Lengths.txt)"
        python /rds/project/rds-p67MZilb2eQ/projects/VGP/heterozygosity/20250320_ROH_Durbin_Calc_Eqns_V6.py CM072959.1 "$CHROM_LENGTH" 20250411 GCA_036971175.1 sharks sharks/NarBan/temp/20250411_CM072959.1_Aln_Only.txt sharks/NarBan/temp/20250411_CM072959.1_Var_Only.txt NarBan
        
        (one of the commands exited with non-zero exit code; note that snakemake uses bash strict mode!)

