host: cpu-p-248
Building DAG of jobs...
Using shell: /usr/bin/bash
Provided remote nodes: 1
Provided resources: mem_mb=100000, mem_mib=95368, disk_mb=4127, disk_mib=3936
Select jobs to execute...
Execute 1 jobs...

[Tue May 20 19:34:47 2025]
rule CALC_HET_PER_CHR:
    input: sharks/HetFra/temp/HetFra_Var_Only.txt, sharks/HetFra/Reference_HetFra_Chroms_Lengths.txt, sharks/HetFra/HetFra_ROH_Results.csv
    output: sharks/HetFra/20250411_CM070988.1_het.txt
    jobid: 0
    reason: Forced execution
    wildcards: CLADE=sharks, SPEC_NAME=HetFra, TODAY_DATE=20250411, CHR=CM070988.1
    resources: mem_mb=100000, mem_mib=95368, disk_mb=4127, disk_mib=3936, tmpdir=<TBD>, slurm_account=DURBIN-SL2-CPU, slurm_partition=cclake-himem, runtime=120

host: cpu-p-248
Building DAG of jobs...
Using shell: /usr/bin/bash
Provided cores: 1 (use --cores to define parallelism)
Rules claiming more threads will be scaled down.
Provided resources: mem_mb=100000, mem_mib=95368, disk_mb=4127, disk_mib=3936
Select jobs to execute...
Execute 1 jobs...

[Tue May 20 19:34:50 2025]
localrule CALC_HET_PER_CHR:
    input: sharks/HetFra/temp/HetFra_Var_Only.txt, sharks/HetFra/Reference_HetFra_Chroms_Lengths.txt, sharks/HetFra/HetFra_ROH_Results.csv
    output: sharks/HetFra/20250411_CM070988.1_het.txt
    jobid: 0
    reason: Forced execution
    wildcards: CLADE=sharks, SPEC_NAME=HetFra, TODAY_DATE=20250411, CHR=CM070988.1
    resources: mem_mb=100000, mem_mib=95368, disk_mb=4127, disk_mib=3936, tmpdir=/tmp, slurm_account=DURBIN-SL2-CPU, slurm_partition=cclake-himem, runtime=120

[Tue May 20 19:35:13 2025]
Finished job 0.
1 of 1 steps (100%) done
Storing output in storage.
[Tue May 20 19:35:13 2025]
Finished job 0.
1 of 1 steps (100%) done
Storing output in storage.
