host: cpu-p-199
Building DAG of jobs...
Using shell: /usr/bin/bash
Provided remote nodes: 1
Provided resources: mem_mb=100000, mem_mib=95368, disk_mb=1000, disk_mib=954
Select jobs to execute...
Execute 1 jobs...

[Tue May 20 11:55:47 2025]
rule BOOTSTRAPPING_MULTIHET_FILE:
    input: sharks/HepPer/MSMC/Output_multihet_filtered_95/CM068641.1_multihet.txt
    output: sharks/HepPer/MSMC/Output_Multihet_Bootstrapped/27/CM068641.1_multihet.txt
    jobid: 0
    reason: Forced execution
    wildcards: CLADE=sharks, SPEC_NAME=HepPer, BOOT=27, CHR=CM068641.1
    resources: mem_mb=100000, mem_mib=95368, disk_mb=1000, disk_mib=954, tmpdir=<TBD>, slurm_account=DURBIN-SL2-CPU, slurm_partition=cclake-himem, runtime=120

host: cpu-p-199
Building DAG of jobs...
Using shell: /usr/bin/bash
Provided cores: 1 (use --cores to define parallelism)
Rules claiming more threads will be scaled down.
Provided resources: mem_mb=100000, mem_mib=95368, disk_mb=1000, disk_mib=954
Select jobs to execute...
Execute 1 jobs...

[Tue May 20 11:55:50 2025]
localrule BOOTSTRAPPING_MULTIHET_FILE:
    input: sharks/HepPer/MSMC/Output_multihet_filtered_95/CM068641.1_multihet.txt
    output: sharks/HepPer/MSMC/Output_Multihet_Bootstrapped/27/CM068641.1_multihet.txt
    jobid: 0
    reason: Forced execution
    wildcards: CLADE=sharks, SPEC_NAME=HepPer, BOOT=27, CHR=CM068641.1
    resources: mem_mb=100000, mem_mib=95368, disk_mb=1000, disk_mib=954, tmpdir=/tmp, slurm_account=DURBIN-SL2-CPU, slurm_partition=cclake-himem, runtime=120

inmhs is sharks/HepPer/MSMC/Output_multihet_filtered_95/CM068641.1_multihet.txt
outmhs is sharks/HepPer/MSMC/Output_Multihet_Bootstrapped/27/CM068641.1_multihet.txt
start_block is 1000
windowsize is 5e+05
Traceback (most recent call last):
  File "/rds/project/rds-8b3VcZwY7rY/users/ag2427/hpc-work/20241011_jaskaran_script_msmc_fileprep/block_bootstrap_mhs.py", line 44, in <module>
    data = pd.read_csv(inmhs, header = None,sep='\t') # load data
           ^^^^^^^^^^^^^^^^^^^^^^^^^^^^^^^^^^^^^^^^^^
  File "/home/ag2427/.conda/envs/snakemake/lib/python3.11/site-packages/pandas/io/parsers/readers.py", line 1026, in read_csv
    return _read(filepath_or_buffer, kwds)
           ^^^^^^^^^^^^^^^^^^^^^^^^^^^^^^^
  File "/home/ag2427/.conda/envs/snakemake/lib/python3.11/site-packages/pandas/io/parsers/readers.py", line 620, in _read
    parser = TextFileReader(filepath_or_buffer, **kwds)
             ^^^^^^^^^^^^^^^^^^^^^^^^^^^^^^^^^^^^^^^^^^
  File "/home/ag2427/.conda/envs/snakemake/lib/python3.11/site-packages/pandas/io/parsers/readers.py", line 1620, in __init__
    self._engine = self._make_engine(f, self.engine)
                   ^^^^^^^^^^^^^^^^^^^^^^^^^^^^^^^^^
  File "/home/ag2427/.conda/envs/snakemake/lib/python3.11/site-packages/pandas/io/parsers/readers.py", line 1898, in _make_engine
    return mapping[engine](f, **self.options)
           ^^^^^^^^^^^^^^^^^^^^^^^^^^^^^^^^^^
  File "/home/ag2427/.conda/envs/snakemake/lib/python3.11/site-packages/pandas/io/parsers/c_parser_wrapper.py", line 93, in __init__
    self._reader = parsers.TextReader(src, **kwds)
                   ^^^^^^^^^^^^^^^^^^^^^^^^^^^^^^^
  File "parsers.pyx", line 581, in pandas._libs.parsers.TextReader.__cinit__
pandas.errors.EmptyDataError: No columns to parse from file
RuleException:
CalledProcessError in file /rds/project/rds-p67MZilb2eQ/projects/VGP/heterozygosity/Snakefile, line 750:
Command 'set -euo pipefail;  
        mkdir -p sharks/HepPer/MSMC/Output_Multihet_Bootstrapped/27
        python /rds/project/rds-8b3VcZwY7rY/users/ag2427/hpc-work/20241011_jaskaran_script_msmc_fileprep/block_bootstrap_mhs.py --inmhs sharks/HepPer/MSMC/Output_multihet_filtered_95/CM068641.1_multihet.txt --windowsize 5e+05 --outmhs sharks/HepPer/MSMC/Output_Multihet_Bootstrapped/27/CM068641.1_multihet.txt' returned non-zero exit status 1.
[Tue May 20 11:55:50 2025]
Error in rule BOOTSTRAPPING_MULTIHET_FILE:
    jobid: 0
    input: sharks/HepPer/MSMC/Output_multihet_filtered_95/CM068641.1_multihet.txt
    output: sharks/HepPer/MSMC/Output_Multihet_Bootstrapped/27/CM068641.1_multihet.txt
    shell:
        
        mkdir -p sharks/HepPer/MSMC/Output_Multihet_Bootstrapped/27
        python /rds/project/rds-8b3VcZwY7rY/users/ag2427/hpc-work/20241011_jaskaran_script_msmc_fileprep/block_bootstrap_mhs.py --inmhs sharks/HepPer/MSMC/Output_multihet_filtered_95/CM068641.1_multihet.txt --windowsize 5e+05 --outmhs sharks/HepPer/MSMC/Output_Multihet_Bootstrapped/27/CM068641.1_multihet.txt
        
        (one of the commands exited with non-zero exit code; note that snakemake uses bash strict mode!)

Shutting down, this might take some time.
Exiting because a job execution failed. Look above for error message
Storing output in storage.
WorkflowError:
At least one job did not complete successfully.
srun: error: cpu-p-199: task 0: Exited with exit code 1
[Tue May 20 11:55:50 2025]
Error in rule BOOTSTRAPPING_MULTIHET_FILE:
    jobid: 0
    input: sharks/HepPer/MSMC/Output_multihet_filtered_95/CM068641.1_multihet.txt
    output: sharks/HepPer/MSMC/Output_Multihet_Bootstrapped/27/CM068641.1_multihet.txt
    shell:
        
        mkdir -p sharks/HepPer/MSMC/Output_Multihet_Bootstrapped/27
        python /rds/project/rds-8b3VcZwY7rY/users/ag2427/hpc-work/20241011_jaskaran_script_msmc_fileprep/block_bootstrap_mhs.py --inmhs sharks/HepPer/MSMC/Output_multihet_filtered_95/CM068641.1_multihet.txt --windowsize 5e+05 --outmhs sharks/HepPer/MSMC/Output_Multihet_Bootstrapped/27/CM068641.1_multihet.txt
        
        (one of the commands exited with non-zero exit code; note that snakemake uses bash strict mode!)

Shutting down, this might take some time.
Exiting because a job execution failed. Look above for error message
Storing output in storage.
WorkflowError:
At least one job did not complete successfully.
