host: cpu-p-200
Building DAG of jobs...
Using shell: /usr/bin/bash
Provided remote nodes: 1
Provided resources: mem_mb=100000, mem_mib=95368, disk_mb=1000, disk_mib=954
Select jobs to execute...
Execute 1 jobs...

[Tue May 20 10:06:37 2025]
rule BOOTSTRAPPING_MULTIHET_FILE:
    input: sharks/HepPer/MSMC/Output_multihet_filtered_95/CM068637.1_multihet.txt
    output: sharks/HepPer/MSMC/Output_Multihet_Bootstrapped/23/CM068637.1_multihet.txt
    jobid: 0
    reason: Forced execution
    wildcards: CLADE=sharks, SPEC_NAME=HepPer, BOOT=23, CHR=CM068637.1
    resources: mem_mb=100000, mem_mib=95368, disk_mb=1000, disk_mib=954, tmpdir=<TBD>, slurm_account=DURBIN-SL2-CPU, slurm_partition=cclake-himem, runtime=120

host: cpu-p-200
Building DAG of jobs...
Using shell: /usr/bin/bash
Provided cores: 1 (use --cores to define parallelism)
Rules claiming more threads will be scaled down.
Provided resources: mem_mb=100000, mem_mib=95368, disk_mb=1000, disk_mib=954
Select jobs to execute...
Execute 1 jobs...

[Tue May 20 10:06:40 2025]
localrule BOOTSTRAPPING_MULTIHET_FILE:
    input: sharks/HepPer/MSMC/Output_multihet_filtered_95/CM068637.1_multihet.txt
    output: sharks/HepPer/MSMC/Output_Multihet_Bootstrapped/23/CM068637.1_multihet.txt
    jobid: 0
    reason: Forced execution
    wildcards: CLADE=sharks, SPEC_NAME=HepPer, BOOT=23, CHR=CM068637.1
    resources: mem_mb=100000, mem_mib=95368, disk_mb=1000, disk_mib=954, tmpdir=/tmp, slurm_account=DURBIN-SL2-CPU, slurm_partition=cclake-himem, runtime=120

inmhs is sharks/HepPer/MSMC/Output_multihet_filtered_95/CM068637.1_multihet.txt
outmhs is sharks/HepPer/MSMC/Output_Multihet_Bootstrapped/23/CM068637.1_multihet.txt
start_block is 1000
windowsize is 5e+06
heterozygosity of sharks/HepPer/MSMC/Output_multihet_filtered_95/CM068637.1_multihet.txt = 0.0025291161331013755
seq_length=198523354
num_windows=39
heterozygosity of sharks/HepPer/MSMC/Output_Multihet_Bootstrapped/23/CM068637.1_multihet.txt = 0.002448964505784099
		written mhs file to sharks/HepPer/MSMC/Output_Multihet_Bootstrapped/23/CM068637.1_multihet.txt
[Tue May 20 10:06:42 2025]
Finished job 0.
1 of 1 steps (100%) done
Storing output in storage.
[Tue May 20 10:06:42 2025]
Finished job 0.
1 of 1 steps (100%) done
Storing output in storage.
