host: cpu-p-199
Building DAG of jobs...
Using shell: /usr/bin/bash
Provided remote nodes: 1
Provided resources: mem_mb=100000, mem_mib=95368, disk_mb=1000, disk_mib=954
Select jobs to execute...
Execute 1 jobs...

[Mon May 19 21:37:54 2025]
rule PLOT_HET_PER_CHR:
    input: sharks/NarBan/NarBan_Het_Compiled.tsv
    output: sharks/NarBan/20250425_NarBan_CM072964.1_Het_Map.svg
    jobid: 0
    reason: Forced execution
    wildcards: CLADE=sharks, SPEC_NAME=NarBan, TODAY_DATE=20250425, CHR=CM072964.1
    resources: mem_mb=100000, mem_mib=95368, disk_mb=1000, disk_mib=954, tmpdir=<TBD>, slurm_account=DURBIN-SL2-CPU, slurm_partition=cclake-himem, runtime=120

host: cpu-p-199
Building DAG of jobs...
Using shell: /usr/bin/bash
Provided cores: 1 (use --cores to define parallelism)
Rules claiming more threads will be scaled down.
Provided resources: mem_mb=100000, mem_mib=95368, disk_mb=1000, disk_mib=954
Select jobs to execute...
Execute 1 jobs...

[Mon May 19 21:37:57 2025]
localrule PLOT_HET_PER_CHR:
    input: sharks/NarBan/NarBan_Het_Compiled.tsv
    output: sharks/NarBan/20250425_NarBan_CM072964.1_Het_Map.svg
    jobid: 0
    reason: Forced execution
    wildcards: CLADE=sharks, SPEC_NAME=NarBan, TODAY_DATE=20250425, CHR=CM072964.1
    resources: mem_mb=100000, mem_mib=95368, disk_mb=1000, disk_mib=954, tmpdir=/tmp, slurm_account=DURBIN-SL2-CPU, slurm_partition=cclake-himem, runtime=120


Attaching package: ‘dplyr’

The following objects are masked from ‘package:stats’:

    filter, lag

The following objects are masked from ‘package:base’:

    intersect, setdiff, setequal, union


Attaching package: ‘gridExtra’

The following object is masked from ‘package:dplyr’:

    combine

Error in names(x) <- value : 
  'names' attribute [9] must be the same length as the vector [8]
Calls: colnames<-
Execution halted
RuleException:
CalledProcessError in file /rds/project/rds-p67MZilb2eQ/projects/VGP/heterozygosity/Snakefile, line 504:
Command 'set -euo pipefail;  
        Rscript /rds/project/rds-p67MZilb2eQ/projects/VGP/heterozygosity/20250123_Plot_het_per_chr.R sharks/NarBan/NarBan_Het_Compiled.tsv 20250425 GCA_036971175.1 sharks 14 NarBan' returned non-zero exit status 1.
[Mon May 19 21:37:57 2025]
Error in rule PLOT_HET_PER_CHR:
    jobid: 0
    input: sharks/NarBan/NarBan_Het_Compiled.tsv
    output: sharks/NarBan/20250425_NarBan_CM072964.1_Het_Map.svg
    shell:
        
        Rscript /rds/project/rds-p67MZilb2eQ/projects/VGP/heterozygosity/20250123_Plot_het_per_chr.R sharks/NarBan/NarBan_Het_Compiled.tsv 20250425 GCA_036971175.1 sharks 14 NarBan
        
        (one of the commands exited with non-zero exit code; note that snakemake uses bash strict mode!)

Shutting down, this might take some time.
Exiting because a job execution failed. Look above for error message
Storing output in storage.
WorkflowError:
At least one job did not complete successfully.
srun: error: cpu-p-199: task 0: Exited with exit code 1
[Mon May 19 21:37:58 2025]
Error in rule PLOT_HET_PER_CHR:
    jobid: 0
    input: sharks/NarBan/NarBan_Het_Compiled.tsv
    output: sharks/NarBan/20250425_NarBan_CM072964.1_Het_Map.svg
    shell:
        
        Rscript /rds/project/rds-p67MZilb2eQ/projects/VGP/heterozygosity/20250123_Plot_het_per_chr.R sharks/NarBan/NarBan_Het_Compiled.tsv 20250425 GCA_036971175.1 sharks 14 NarBan
        
        (one of the commands exited with non-zero exit code; note that snakemake uses bash strict mode!)

Shutting down, this might take some time.
Exiting because a job execution failed. Look above for error message
Storing output in storage.
WorkflowError:
At least one job did not complete successfully.
