host: cpu-p-160
Building DAG of jobs...
Using shell: /usr/bin/bash
Provided remote nodes: 1
Provided resources: mem_mb=100000, mem_mib=95368, disk_mb=1000, disk_mib=954
Select jobs to execute...
Execute 1 jobs...

[Wed May 21 23:35:34 2025]
rule CALL_PLOIDY:
    input: sharks/HemOce/temp/NC_083445.1_pileup.vcf.gz
    output: sharks/HemOce/MSMC/Output_bam_caller_BED/NC_083445.1_unmodified_bed.txt.gz, sharks/HemOce/temp/NC_083445.1_only_snps.vcf.bgz
    jobid: 0
    reason: Forced execution
    wildcards: CLADE=sharks, SPEC_NAME=HemOce, CHROM=NC_083445.1
    resources: mem_mb=100000, mem_mib=95368, disk_mb=1000, disk_mib=954, tmpdir=<TBD>, slurm_account=DURBIN-SL2-CPU, slurm_partition=cclake-himem, runtime=120

host: cpu-p-160
Building DAG of jobs...
Using shell: /usr/bin/bash
Provided cores: 1 (use --cores to define parallelism)
Rules claiming more threads will be scaled down.
Provided resources: mem_mb=100000, mem_mib=95368, disk_mb=1000, disk_mib=954
Select jobs to execute...
Execute 1 jobs...

[Wed May 21 23:35:35 2025]
localrule CALL_PLOIDY:
    input: sharks/HemOce/temp/NC_083445.1_pileup.vcf.gz
    output: sharks/HemOce/MSMC/Output_bam_caller_BED/NC_083445.1_unmodified_bed.txt.gz, sharks/HemOce/temp/NC_083445.1_only_snps.vcf.bgz
    jobid: 0
    reason: Forced execution
    wildcards: CLADE=sharks, SPEC_NAME=HemOce, CHROM=NC_083445.1
    resources: mem_mb=100000, mem_mib=95368, disk_mb=1000, disk_mib=954, tmpdir=/tmp, slurm_account=DURBIN-SL2-CPU, slurm_partition=cclake-himem, runtime=120

parsing position 1
parsing position 13139
parsing position 23139
parsing position 33139
parsing position 43139
parsing position 53139
parsing position 63139
parsing position 73139
parsing position 83139
parsing position 93139
parsing position 103139
parsing position 113139
parsing position 123139
parsing position 133139
parsing position 143139
parsing position 153139
parsing position 177228
parsing position 187228
parsing position 197228
parsing position 207228
parsing position 217228
parsing position 227228
parsing position 237228
parsing position 247228
parsing position 257228
parsing position 267228
parsing position 277228
parsing position 287228
parsing position 297228
parsing position 307228
parsing position 317228
parsing position 327228
parsing position 337228
parsing position 347228
parsing position 357228
parsing position 367228
parsing position 377228
parsing position 387228
parsing position 397228
parsing position 407228
parsing position 417228
parsing position 427228
parsing position 437228
parsing position 447228
parsing position 457228
parsing position 467228
parsing position 477277
parsing position 487277
parsing position 497277
parsing position 507277
parsing position 517277
parsing position 527277
parsing position 537277
parsing position 547277
parsing position 557277
parsing position 567816
parsing position 577816
parsing position 587816
parsing position 597816
parsing position 607816
parsing position 617816
parsing position 627816
parsing position 637816
parsing position 647816
parsing position 658735
parsing position 668735
parsing position 678735
parsing position 688735
parsing position 698735
parsing position 708735
parsing position 718735
parsing position 734051
parsing position 744051
parsing position 754051
parsing position 764051
parsing position 774051
parsing position 784051
parsing position 794051
parsing position 804051
parsing position 814051
parsing position 824051
parsing position 834051
parsing position 844051
parsing position 854051
parsing position 864051
parsing position 874051
parsing position 884051
parsing position 894051
parsing position 904051
parsing position 914051
parsing position 924051
parsing position 934051
parsing position 944051
parsing position 954051
parsing position 964051
parsing position 974051
parsing position 984051
parsing position 994051
parsing position 1004051
parsing position 1014051
parsing position 1024051
parsing position 1034051
parsing position 1044051
parsing position 1054051
parsing position 1064051
parsing position 1074051
parsing position 1084051
parsing position 1094051
parsing position 1104051
parsing position 1114051
parsing position 1124051
parsing position 1134051
parsing position 1144051
parsing position 1154051
parsing position 1164051
parsing position 1174051
parsing position 1184051
parsing position 1194051
parsing position 1204051
parsing position 1214051
parsing position 1224051
parsing position 1234051
parsing position 1325562
parsing position 1338743
parsing position 1348743
parsing position 1358743
parsing position 1368743
parsing position 1378743
parsing position 1388743
parsing position 1398743
parsing position 1408743
parsing position 1418743
parsing position 1429002
parsing position 1439002
parsing position 1449002
parsing position 1459002
parsing position 1469002
parsing position 1480631
parsing position 1490631
parsing position 1500631
parsing position 1514935
parsing position 1525051
parsing position 1535306
parsing position 1547081
parsing position 1557108
parsing position 1567108
parsing position 1577356
parsing position 1587356
parsing position 1597627
parsing position 1607627
parsing position 1617627
parsing position 1627627
parsing position 1637627
parsing position 1647627
parsing position 1657627
parsing position 1667627
parsing position 1677627
parsing position 1687627
parsing position 1697627
parsing position 1707627
parsing position 1717627
parsing position 1727627
parsing position 1737627
parsing position 1747627
parsing position 1757627
parsing position 1767627
parsing position 1777627
parsing position 1787627
parsing position 1797627
parsing position 1807627
parsing position 1817627
parsing position 1827627
parsing position 1837627
parsing position 1847627
parsing position 1857627
parsing position 1867627
parsing position 1877627
parsing position 1887627
parsing position 1897627
parsing position 1907627
parsing position 1917627
parsing position 1927627
parsing position 1937627
parsing position 1947627
parsing position 1957627
parsing position 1967627
parsing position 1977627
parsing position 1987627
parsing position 1997627
parsing position 2007627
parsing position 2017627
parsing position 2027627
parsing position 2037627
parsing position 2047627
parsing position 2057627
parsing position 2067627
parsing position 2077627
parsing position 2087627
parsing position 2097627
parsing position 2107627
parsing position 2117627
parsing position 2127627
parsing position 2137627
parsing position 2147627
parsing position 2157627
parsing position 2167627
parsing position 2177627
parsing position 2187627
parsing position 2197627
parsing position 2207627
parsing position 2217627
parsing position 2227627
parsing position 2237627
parsing position 2247627
parsing position 2257627
parsing position 2267627
parsing position 2277627
parsing position 2287627
parsing position 2297627
parsing position 2307627
parsing position 2317627
parsing position 2327627
parsing position 2337663
parsing position 2347663
parsing position 2358643
parsing position 2368643
parsing position 2378643
parsing position 2388643
parsing position 2398643
parsing position 2408643
parsing position 2418643
parsing position 2428643
parsing position 2438643
parsing position 2448643
parsing position 2458643
parsing position 2468643
parsing position 2479344
parsing position 2491681
parsing position 2501781
parsing position 2511781
parsing position 2521781
parsing position 2531781
parsing position 2541781
parsing position 2551781
parsing position 2561781
parsing position 2571781
parsing position 2581781
parsing position 2591781
parsing position 2601781
parsing position 2611781
parsing position 2621781
parsing position 2631781
parsing position 2641781
parsing position 2651781
parsing position 2661781
parsing position 2671781
parsing position 2683309
parsing position 2693309
parsing position 2705863
parsing position 2715863
parsing position 2725863
parsing position 2735863
parsing position 2745863
parsing position 2755863
parsing position 2765863
parsing position 2775863
parsing position 2785863
parsing position 2795863
parsing position 2805962
parsing position 2815962
parsing position 2825962
parsing position 2835962
parsing position 2848592
parsing position 2858592
parsing position 2869119
parsing position 2879486
parsing position 2889486
parsing position 2899486
parsing position 2909486
parsing position 2919486
parsing position 2929631
parsing position 2939631
parsing position 2949631
parsing position 2959631
parsing position 2969631
parsing position 2979631
parsing position 2989631
parsing position 3000028
parsing position 3010051
parsing position 3020051
parsing position 3030051
parsing position 3040573
parsing position 3050573
parsing position 3060573
parsing position 3070573
parsing position 3080573
parsing position 3090573
parsing position 3100573
parsing position 3110573
parsing position 3120573
parsing position 3130573
parsing position 3140573
parsing position 3150573
parsing position 3160573
parsing position 3170573
parsing position 3180573
parsing position 3190573
parsing position 3200573
parsing position 3210573
parsing position 3220573
parsing position 3230573
parsing position 3240573
parsing position 3250573
parsing position 3260573
parsing position 3270573
parsing position 3280573
parsing position 3290573
parsing position 3300573
parsing position 3310573
parsing position 3320573
parsing position 3330573
parsing position 3340573
parsing position 3350573
parsing position 3360573
parsing position 3370573
parsing position 3380573
parsing position 3390573
parsing position 3400573
parsing position 3410573
parsing position 3420573
parsing position 3430573
parsing position 3440573
parsing position 3450573
parsing position 3460573
parsing position 3470573
parsing position 3480573
parsing position 3490573
parsing position 3500573
parsing position 3510573
parsing position 3520573
parsing position 3530573
parsing position 3540573
parsing position 3550573
parsing position 3560573
parsing position 3570573
parsing position 3580573
parsing position 3590573
parsing position 3600573
parsing position 3610573
parsing position 3620573
parsing position 3630573
parsing position 3640573
parsing position 3650573
parsing position 3660573
parsing position 3670573
parsing position 3680573
parsing position 3690573
parsing position 3700573
parsing position 3710573
parsing position 3720573
parsing position 3730573
parsing position 3740573
parsing position 3750573
parsing position 3760573
parsing position 3770573
parsing position 3780573
parsing position 3790573
parsing position 3800573
parsing position 3810573
parsing position 3820573
parsing position 3830573
parsing position 3840573
parsing position 3850573
parsing position 3860573
parsing position 3870573
parsing position 3880573
parsing position 3890573
parsing position 3900573
parsing position 3910573
parsing position 3920573
parsing position 3930573
parsing position 3940573
parsing position 3950679
parsing position 3960679
parsing position 3970709
parsing position 3980741
parsing position 3991613
parsing position 4001613
parsing position 4011613
parsing position 4021613
parsing position 4031613
parsing position 4041613
parsing position 4051613
parsing position 4061613
parsing position 4071673
parsing position 4081673
parsing position 4091910
parsing position 4101910
parsing position 4111910
parsing position 4123052
parsing position 4133052
parsing position 4143052
parsing position 4153052
parsing position 4163052
parsing position 4173052
parsing position 4183052
parsing position 4193260
parsing position 4203376
parsing position 4215047
parsing position 4225125
parsing position 4235125
parsing position 4245125
parsing position 4255125
parsing position 4265125
parsing position 4275125
parsing position 4285125
parsing position 4295125
parsing position 4307966
parsing position 4317966
parsing position 4327966
parsing position 4337966
parsing position 4347966
parsing position 4357966
parsing position 4367966
parsing position 4377966
parsing position 4387966
parsing position 4410464
parsing position 4420464
parsing position 4430464
parsing position 4440464
parsing position 4450464
parsing position 4460464
parsing position 4470464
parsing position 4480464
parsing position 4491104
parsing position 4501420
parsing position 4511420
parsing position 4521420
parsing position 4531420
parsing position 4541420
parsing position 4551420
parsing position 4561420
parsing position 4571420
parsing position 4581663
parsing position 4591725
parsing position 4603883
parsing position 4615312
parsing position 4625312
parsing position 4635312
parsing position 4645312
parsing position 4655312
parsing position 4665312
parsing position 4676920
parsing position 4697572
parsing position 4708868
parsing position 4719370
parsing position 4729934
parsing position 4740099
parsing position 4751944
parsing position 4762255
parsing position 4772255
parsing position 4782255
parsing position 4792255
parsing position 4802703
parsing position 4813661
parsing position 4823661
parsing position 4833661
parsing position 4843661
parsing position 4853661
parsing position 4863661
parsing position 4873661
parsing position 4883661
parsing position 4893661
parsing position 4903661
parsing position 4913661
parsing position 4923661
parsing position 4933661
parsing position 4943661
parsing position 4953661
parsing position 4963661
parsing position 4973661
parsing position 4983661
parsing position 4993661
parsing position 5004355
parsing position 5014355
parsing position 5024355
parsing position 5034355
parsing position 5044355
parsing position 5054355
parsing position 5064355
parsing position 5074355
parsing position 5084355
parsing position 5094355
parsing position 5104355
parsing position 5114355
parsing position 5124355
parsing position 5134355
parsing position 5144355
parsing position 5154692
parsing position 5164692
parsing position 5174860
parsing position 5184860
parsing position 5194860
parsing position 5205020
parsing position 5215020
parsing position 5225020
parsing position 5235020
parsing position 5245020
parsing position 5255020
parsing position 5265020
parsing position 5275020
parsing position 5285020
parsing position 5295020
parsing position 5305020
parsing position 5315020
parsing position 5325020
parsing position 5335020
parsing position 5345020
parsing position 5355020
parsing position 5365020
parsing position 5375261
parsing position 5385261
parsing position 5395261
parsing position 5405261
parsing position 5415261
parsing position 5425261
parsing position 5435261
parsing position 5445261
parsing position 5455261
parsing position 5465261
parsing position 5475261
parsing position 5485261
parsing position 5495261
parsing position 5505261
parsing position 5515261
parsing position 5525261
parsing position 5535261
parsing position 5545261
parsing position 5555261
parsing position 5565261
parsing position 5575261
parsing position 5585261
parsing position 5595262
parsing position 5605262
parsing position 5615262
parsing position 5625262
parsing position 5635262
parsing position 5645262
parsing position 5655262
parsing position 5665262
parsing position 5675262
parsing position 5685262
parsing position 5695262
parsing position 5705262
parsing position 5715262
parsing position 5725262
parsing position 5735262
parsing position 5745262
parsing position 5755262
parsing position 5766047
parsing position 5776047
parsing position 5786047
parsing position 5796047
parsing position 5806047
parsing position 5816047
parsing position 5826047
parsing position 5836047
parsing position 5846047
parsing position 5856047
parsing position 5866047
parsing position 5876047
parsing position 5886047
parsing position 5896047
parsing position 5906047
parsing position 5916047
parsing position 5926047
parsing position 5936047
parsing position 5946047
parsing position 5956047
parsing position 5966047
parsing position 5976047
parsing position 5986047
parsing position 5996047
parsing position 6006047
parsing position 6016047
parsing position 6026047
parsing position 6036047
parsing position 6046047
parsing position 6056047
parsing position 6066047
parsing position 6076047
parsing position 6086847
parsing position 6097091
parsing position 6107091
parsing position 6117091
parsing position 6127091
parsing position 6137091
parsing position 6147091
parsing position 6157091
parsing position 6167091
parsing position 6177091
parsing position 6187240
parsing position 6197240
parsing position 6207240
parsing position 6217240
parsing position 6227240
parsing position 6237240
parsing position 6247240
parsing position 6257816
parsing position 6267816
parsing position 6277816
parsing position 6287816
parsing position 6297816
parsing position 6307816
parsing position 6317816
parsing position 6327905
parsing position 6337905
parsing position 6347905
parsing position 6357905
parsing position 6367905
parsing position 6377905
parsing position 6387905
parsing position 6397905
parsing position 6407905
parsing position 6417905
parsing position 6427905
parsing position 6437905
parsing position 6447905
parsing position 6457905
parsing position 6467905
parsing position 6477905
parsing position 6487905
parsing position 6503230
parsing position 6514149
parsing position 6524149
parsing position 6534149
parsing position 6544149
parsing position 6554149
parsing position 6564149
parsing position 6574149
parsing position 6584149
parsing position 6594149
parsing position 6604149
parsing position 6614149
parsing position 6624149
parsing position 6635495
parsing position 6645495
parsing position 6655495
parsing position 6665495
parsing position 6675495
parsing position 6685495
parsing position 6695495
parsing position 6705495
parsing position 6715495
parsing position 6725495
parsing position 6735495
parsing position 6745495
parsing position 6755495
parsing position 6765495
parsing position 6775495
parsing position 6785495
parsing position 6796759
parsing position 6806759
parsing position 6816759
parsing position 6826759
parsing position 6836759
parsing position 6846759
parsing position 6856759
parsing position 6866759
parsing position 6877524
parsing position 6887524
parsing position 6897524
parsing position 6907524
parsing position 6917524
parsing position 6927524
parsing position 6937524
parsing position 6947524
parsing position 6957524
parsing position 6967524
parsing position 6977524
parsing position 6987524
parsing position 6997524
parsing position 7007524
parsing position 7017524
parsing position 7027524
parsing position 7037524
parsing position 7047524
parsing position 7057524
parsing position 7067524
parsing position 7077524
parsing position 7087524
parsing position 7102662
parsing position 7112662
parsing position 7122662
parsing position 7132662
parsing position 7143418
parsing position 7153418
parsing position 7163418
parsing position 7173483
parsing position 7183483
parsing position 7193483
parsing position 7203733
parsing position 7213733
parsing position 7223733
parsing position 7233733
parsing position 7243733
parsing position 7253733
parsing position 7263733
parsing position 7273733
parsing position 7283733
parsing position 7293733
parsing position 7303733
parsing position 7313733
parsing position 7323733
parsing position 7333733
parsing position 7343733
parsing position 7353733
parsing position 7363733
parsing position 7373733
parsing position 7383733
parsing position 7393733
parsing position 7403733
parsing position 7413733
parsing position 7423733
parsing position 7433733
parsing position 7443733
parsing position 7453733
parsing position 7463733
parsing position 7473733
parsing position 7483733
parsing position 7493733
parsing position 7503733
parsing position 7513733
parsing position 7523733
parsing position 7533733
parsing position 7543733
parsing position 7553733
parsing position 7563733
parsing position 7573733
parsing position 7583733
parsing position 7593733
parsing position 7603733
parsing position 7613733
parsing position 7623733
parsing position 7633733
parsing position 7643733
parsing position 7653733
parsing position 7663733
parsing position 7673733
parsing position 7683733
parsing position 7693733
parsing position 7703733
parsing position 7713733
parsing position 7723733
parsing position 7733733
parsing position 7743733
parsing position 7753733
parsing position 7764198
parsing position 7774198
parsing position 7784198
parsing position 7794198
parsing position 7804300
parsing position 7814300
parsing position 7824300
parsing position 7834403
parsing position 7844403
parsing position 7854403
parsing position 7864403
parsing position 7874403
parsing position 7884403
parsing position 7894403
parsing position 7904403
parsing position 7914403
parsing position 7924403
parsing position 7934403
parsing position 7944403
parsing position 7954403
parsing position 7964403
parsing position 7974403
parsing position 7984403
parsing position 7994403
parsing position 8004403
parsing position 8014403
parsing position 8024403
parsing position 8034403
parsing position 8044403
parsing position 8054403
parsing position 8064403
parsing position 8074403
parsing position 8084403
parsing position 8094403
parsing position 8104403
parsing position 8114403
parsing position 8124403
parsing position 8134403
parsing position 8144403
parsing position 8154403
parsing position 8164403
parsing position 8174403
parsing position 8184403
parsing position 8194403
parsing position 8204403
parsing position 8214403
parsing position 8224403
parsing position 8234403
parsing position 8244403
parsing position 8254403
parsing position 8264403
parsing position 8274403
parsing position 8284403
parsing position 8294403
parsing position 8304403
parsing position 8314403
parsing position 8324403
parsing position 8334403
parsing position 8344403
parsing position 8354403
parsing position 8364403
parsing position 8374403
parsing position 8384403
parsing position 8394403
parsing position 8404403
parsing position 8414403
parsing position 8424403
parsing position 8434403
parsing position 8444403
parsing position 8454403
parsing position 8464403
parsing position 8474403
parsing position 8484403
parsing position 8494403
parsing position 8504403
parsing position 8514403
parsing position 8524403
parsing position 8534403
parsing position 8544403
parsing position 8554403
parsing position 8564403
parsing position 8574403
parsing position 8584403
parsing position 8594403
parsing position 8604403
parsing position 8614403
parsing position 8624403
parsing position 8634403
parsing position 8644403
parsing position 8654403
parsing position 8664403
parsing position 8674403
parsing position 8684403
parsing position 8694403
parsing position 8704403
parsing position 8714403
parsing position 8724403
parsing position 8734403
parsing position 8744403
parsing position 8754403
parsing position 8764403
parsing position 8774403
parsing position 8784403
parsing position 8794403
parsing position 8804403
parsing position 8814403
parsing position 8824403
parsing position 8834403
parsing position 8844403
parsing position 8854403
parsing position 8864403
parsing position 8874403
parsing position 8884403
parsing position 8894403
parsing position 8904403
parsing position 8914403
parsing position 8924403
parsing position 8934403
parsing position 8944403
parsing position 8954403
parsing position 8964403
parsing position 8974403
parsing position 8984403
parsing position 8994403
parsing position 9004403
parsing position 9014403
parsing position 9024403
parsing position 9034403
parsing position 9044403
parsing position 9054403
parsing position 9064403
parsing position 9074403
parsing position 9084403
parsing position 9094403
parsing position 9104403
parsing position 9114403
parsing position 9124403
parsing position 9134403
parsing position 9144403
parsing position 9154403
parsing position 9164403
parsing position 9174478
parsing position 9184478
parsing position 9195386
parsing position 9205725
parsing position 9215725
parsing position 9225725
parsing position 9235725
parsing position 9245725
parsing position 9256069
parsing position 9266069
parsing position 9276069
parsing position 9286367
parsing position 9296367
parsing position 9306367
parsing position 9316367
parsing position 9326367
parsing position 9336367
parsing position 9346367
parsing position 9356367
parsing position 9366367
parsing position 9376367
parsing position 9386367
parsing position 9396367
parsing position 9406367
parsing position 9416367
parsing position 9426367
parsing position 9436367
parsing position 9446367
parsing position 9456367
parsing position 9466367
parsing position 9476367
parsing position 9486367
parsing position 9496367
parsing position 9506367
parsing position 9516367
parsing position 9526367
parsing position 9536367
parsing position 9546367
parsing position 9556367
parsing position 9566367
parsing position 9576367
parsing position 9586367
parsing position 9596367
parsing position 9606367
parsing position 9616367
parsing position 9626367
parsing position 9636367
parsing position 9646367
parsing position 9656367
parsing position 9666367
parsing position 9676367
parsing position 9686367
parsing position 9696367
parsing position 9706367
parsing position 9716367
parsing position 9726367
parsing position 9736367
parsing position 9746367
parsing position 9756367
parsing position 9766367
parsing position 9776367
parsing position 9786367
parsing position 9796367
parsing position 9806367
parsing position 9816367
parsing position 9826367
parsing position 9836367
parsing position 9846367
parsing position 9856367
parsing position 9866367
parsing position 9876367
parsing position 9886367
parsing position 9896367
parsing position 9906367
parsing position 9916367
parsing position 9926367
parsing position 9936367
parsing position 9946367
parsing position 9956367
parsing position 9966367
parsing position 9976367
parsing position 9986367
parsing position 9996367
parsing position 10006367
parsing position 10016367
parsing position 10026367
parsing position 10036367
parsing position 10046367
parsing position 10056367
parsing position 10066367
parsing position 10076367
parsing position 10086367
parsing position 10096367
parsing position 10106367
parsing position 10116367
parsing position 10126367
parsing position 10136367
parsing position 10146367
parsing position 10156367
parsing position 10166367
parsing position 10176367
parsing position 10187312
parsing position 10197312
parsing position 10207312
parsing position 10217312
parsing position 10227312
parsing position 10237312
parsing position 10247418
parsing position 10257577
parsing position 10267577
parsing position 10277577
parsing position 10287577
parsing position 10297577
parsing position 10307577
parsing position 10317577
parsing position 10327577
parsing position 10337577
parsing position 10347577
parsing position 10357577
parsing position 10369135
parsing position 10379135
parsing position 10389135
parsing position 10399135
parsing position 10409135
parsing position 10420395
parsing position 10430435
parsing position 10440435
parsing position 10453567
parsing position 10463567
parsing position 10473567
parsing position 10484401
parsing position 10494401
parsing position 10504401
parsing position 10514401
parsing position 10524401
parsing position 10534401
parsing position 10544401
parsing position 10554401
parsing position 10564401
parsing position 10574401
parsing position 10584401
parsing position 10594401
parsing position 10604401
parsing position 10614401
parsing position 10624401
parsing position 10634401
parsing position 10644401
parsing position 10654401
parsing position 10664401
parsing position 10674401
parsing position 10684401
parsing position 10700907
parsing position 10710907
parsing position 10720907
parsing position 10730907
parsing position 10740907
parsing position 10750907
parsing position 10760907
parsing position 10770907
parsing position 10780907
parsing position 10790907
parsing position 10800907
parsing position 10810907
parsing position 10821388
parsing position 10833271
parsing position 10843372
parsing position 10853372
parsing position 10863372
parsing position 10873372
parsing position 10883372
parsing position 10893372
parsing position 10903372
parsing position 10984176
parsing position 10994849
parsing position 11023659
parsing position 11033659
parsing position 11043659
parsing position 11053659
parsing position 11063659
parsing position 11073659
parsing position 11083659
parsing position 11093659
parsing position 11103659
parsing position 11113659
parsing position 11123659
parsing position 11133659
parsing position 11143659
parsing position 11153659
parsing position 11163659
parsing position 11173659
parsing position 11183659
parsing position 11193659
parsing position 11203659
parsing position 11215418
parsing position 11225418
parsing position 11235418
parsing position 11245547
parsing position 11255547
parsing position 11266378
parsing position 11276378
parsing position 11286378
parsing position 11296378
parsing position 11306378
parsing position 11316378
parsing position 11326378
parsing position 11336378
parsing position 11346378
parsing position 11358093
parsing position 11368093
parsing position 11378093
parsing position 11388093
parsing position 11398093
parsing position 11408093
parsing position 11418093
parsing position 11428093
parsing position 11438093
parsing position 11448093
parsing position 11458093
parsing position 11468093
parsing position 11478093
parsing position 11488093
parsing position 11498093
parsing position 11508637
parsing position 11518637
parsing position 11528637
parsing position 11538637
parsing position 11548637
parsing position 11559745
parsing position 11569745
parsing position 11579745
parsing position 11590122
parsing position 11601534
parsing position 11625244
parsing position 11640393
parsing position 11655649
parsing position 11681598
parsing position 11696615
parsing position 11707210
parsing position 11717838
parsing position 11727838
parsing position 11737838
parsing position 11748056
parsing position 11758056
parsing position 11768056
parsing position 11778056
parsing position 11788056
parsing position 11798056
parsing position 11808056
parsing position 11818056
parsing position 11828056
parsing position 11838056
parsing position 11848056
parsing position 11858582
parsing position 11868582
parsing position 11878582
parsing position 11888582
parsing position 11898582
parsing position 11908582
parsing position 11918582
parsing position 11928582
parsing position 11938582
parsing position 11948582
parsing position 11958582
parsing position 11968582
parsing position 11978582
parsing position 11988582
parsing position 11998582
parsing position 12008582
parsing position 12018582
parsing position 12028582
parsing position 12038582
parsing position 12048905
parsing position 12058905
parsing position 12068905
parsing position 12078905
parsing position 12088905
parsing position 12098905
parsing position 12108905
parsing position 12118905
parsing position 12128905
parsing position 12138905
parsing position 12148905
parsing position 12158905
parsing position 12168905
parsing position 12178905
parsing position 12188905
parsing position 12198905
parsing position 12208905
parsing position 12218905
parsing position 12228905
parsing position 12238905
parsing position 12248905
parsing position 12258905
parsing position 12268905
parsing position 12278905
parsing position 12288905
parsing position 12298905
parsing position 12308905
parsing position 12318905
parsing position 12328905
parsing position 12338905
parsing position 12348905
parsing position 12358905
parsing position 12368905
parsing position 12378905
parsing position 12388905
parsing position 12398905
parsing position 12408905
parsing position 12418905
parsing position 12428905
parsing position 12438905
parsing position 12448905
parsing position 12458905
parsing position 12468905
parsing position 12478905
parsing position 12488905
parsing position 12498938
parsing position 12508938
parsing position 12518938
parsing position 12528938
parsing position 12538938
parsing position 12548938
parsing position 12558938
parsing position 12568938
parsing position 12578938
parsing position 12589128
parsing position 12599128
parsing position 12609128
parsing position 12619128
parsing position 12629128
parsing position 12639128
parsing position 12650321
parsing position 12660321
parsing position 12670321
parsing position 12680321
parsing position 12690321
parsing position 12700321
parsing position 12710578
parsing position 12720578
parsing position 12730578
parsing position 12740578
parsing position 12750578
parsing position 12760578
parsing position 12770578
parsing position 12780834
parsing position 12790834
parsing position 12800834
parsing position 12813413
parsing position 12823413
parsing position 12833413
parsing position 12843413
parsing position 12853413
parsing position 12863413
parsing position 12873413
parsing position 12883413
parsing position 12893415
parsing position 12903415
parsing position 12913415
parsing position 12923415
parsing position 12933415
parsing position 12943415
parsing position 12953415
parsing position 12963415
parsing position 12973415
parsing position 12983415
parsing position 12993415
parsing position 13003415
parsing position 13013415
parsing position 13023415
parsing position 13033415
parsing position 13043415
parsing position 13053415
parsing position 13063415
parsing position 13073415
parsing position 13083415
parsing position 13093415
parsing position 13103415
parsing position 13113415
parsing position 13123415
parsing position 13133415
parsing position 13143415
parsing position 13153415
parsing position 13163415
parsing position 13173415
parsing position 13183415
parsing position 13193415
parsing position 13203415
parsing position 13213415
parsing position 13223415
parsing position 13233415
parsing position 13243415
parsing position 13253415
parsing position 13263415
parsing position 13273415
parsing position 13283415
parsing position 13293415
parsing position 13303415
parsing position 13313415
parsing position 13323415
parsing position 13333415
parsing position 13343415
parsing position 13353415
parsing position 13363415
parsing position 13373415
parsing position 13383415
parsing position 13393415
parsing position 13403415
parsing position 13413415
parsing position 13423415
parsing position 13435156
parsing position 13445156
parsing position 13455156
parsing position 13465156
parsing position 13475156
parsing position 13485156
parsing position 13495156
parsing position 13505156
parsing position 13515156
parsing position 13525156
parsing position 13535156
parsing position 13545156
parsing position 13555156
parsing position 13565156
parsing position 13575156
parsing position 13585156
parsing position 13595156
parsing position 13605156
parsing position 13615156
parsing position 13625156
parsing position 13635156
parsing position 13645156
parsing position 13655156
parsing position 13665156
parsing position 13675156
parsing position 13685156
parsing position 13695156
parsing position 13705156
parsing position 13715156
parsing position 13725156
parsing position 13735156
parsing position 13745156
parsing position 13755156
parsing position 13765156
parsing position 13775156
parsing position 13785156
parsing position 13795156
parsing position 13805156
parsing position 13815156
parsing position 13825156
parsing position 13835156
parsing position 13845156
parsing position 13855156
parsing position 13865156
parsing position 13875156
parsing position 13885156
parsing position 13895156
parsing position 13905156
parsing position 13915156
parsing position 13925156
parsing position 13935156
parsing position 13945156
parsing position 13955156
parsing position 13965156
parsing position 13975156
parsing position 13985156
parsing position 13995156
parsing position 14005156
parsing position 14015156
parsing position 14025156
parsing position 14035156
parsing position 14045156
parsing position 14055156
parsing position 14065156
parsing position 14075156
parsing position 14085156
parsing position 14095156
parsing position 14105156
parsing position 14115156
parsing position 14125156
parsing position 14135156
parsing position 14145156
parsing position 14155156
parsing position 14165156
parsing position 14175156
parsing position 14185156
parsing position 14195156
parsing position 14205156
parsing position 14215156
parsing position 14225156
parsing position 14235156
parsing position 14245156
parsing position 14257707
parsing position 14268451
parsing position 14278800
parsing position 14288927
parsing position 14298927
parsing position 14308927
parsing position 14318927
parsing position 14328927
parsing position 14338927
parsing position 14348927
parsing position 14358927
parsing position 14368927
parsing position 14379008
parsing position 14389008
parsing position 14399184
parsing position 14409278
parsing position 14419278
parsing position 14429278
parsing position 14439278
parsing position 14449278
parsing position 14459278
parsing position 14469278
parsing position 14479278
parsing position 14489278
parsing position 14499278
parsing position 14509278
parsing position 14519278
parsing position 14529278
parsing position 14539278
parsing position 14549278
parsing position 14569126
parsing position 14579126
parsing position 14589126
parsing position 14599126
parsing position 14609126
parsing position 14619126
parsing position 14629126
parsing position 14639126
parsing position 14649126
parsing position 14659126
parsing position 14669409
parsing position 14679409
parsing position 14689409
parsing position 14699409
parsing position 14709409
parsing position 14719409
parsing position 14729409
parsing position 14739409
parsing position 14749512
parsing position 14759512
parsing position 14769512
parsing position 14779512
parsing position 14789512
parsing position 14799512
parsing position 14809512
parsing position 14819950
parsing position 14830290
parsing position 14840290
parsing position 14850290
parsing position 14860290
parsing position 14870290
parsing position 14880290
parsing position 14890290
parsing position 14900290
parsing position 14910290
parsing position 14920290
parsing position 14930290
parsing position 14940290
parsing position 14950290
parsing position 14960290
parsing position 14970290
parsing position 14980290
parsing position 14990290
parsing position 15000290
parsing position 15010290
parsing position 15020290
parsing position 15030290
parsing position 15040290
parsing position 15050290
parsing position 15060290
parsing position 15070290
parsing position 15080290
parsing position 15090290
parsing position 15100290
parsing position 15110290
parsing position 15120290
parsing position 15130290
parsing position 15140290
parsing position 15150290
parsing position 15160290
parsing position 15170290
parsing position 15180290
parsing position 15190290
parsing position 15200290
parsing position 15210290
parsing position 15220290
parsing position 15230290
parsing position 15240290
parsing position 15250290
parsing position 15260290
parsing position 15270290
parsing position 15280290
parsing position 15290290
parsing position 15300290
parsing position 15310290
parsing position 15320290
parsing position 15330290
parsing position 15340290
parsing position 15350290
parsing position 15360290
parsing position 15370290
parsing position 15380290
parsing position 15390290
parsing position 15400290
parsing position 15410290
parsing position 15420290
parsing position 15430290
parsing position 15440290
parsing position 15450290
parsing position 15460290
parsing position 15470290
parsing position 15480290
parsing position 15490290
parsing position 15500290
parsing position 15510290
parsing position 15520290
parsing position 15530290
parsing position 15540290
parsing position 15550290
parsing position 15560290
parsing position 15570290
parsing position 15580290
parsing position 15590290
parsing position 15600290
parsing position 15610290
parsing position 15620290
parsing position 15630290
parsing position 15640290
parsing position 15650290
parsing position 15660290
parsing position 15670290
parsing position 15680290
parsing position 15690290
parsing position 15700290
parsing position 15710290
parsing position 15720290
parsing position 15730290
parsing position 15740290
parsing position 15750290
parsing position 15760290
parsing position 15770290
parsing position 15780290
parsing position 15790290
parsing position 15800290
parsing position 15810290
parsing position 15820290
parsing position 15830290
parsing position 15840290
parsing position 15850290
parsing position 15860290
parsing position 15870290
parsing position 15880290
parsing position 15890290
parsing position 15900290
parsing position 15910290
parsing position 15920290
parsing position 15930290
parsing position 15940290
parsing position 15950290
parsing position 15960290
parsing position 15970290
parsing position 15980290
parsing position 15990682
parsing position 16000682
parsing position 16010682
parsing position 16020682
parsing position 16030682
parsing position 16123678
parsing position 16133678
parsing position 16143678
parsing position 16153678
parsing position 16163678
parsing position 16173678
parsing position 16183678
parsing position 16193678
parsing position 16203678
parsing position 16213678
parsing position 16223678
parsing position 16233678
parsing position 16243678
parsing position 16253678
parsing position 16263678
parsing position 16273678
parsing position 16283678
parsing position 16293678
parsing position 16303678
parsing position 16313678
parsing position 16323678
parsing position 16333678
parsing position 16343678
parsing position 16353678
parsing position 16363678
parsing position 16373678
parsing position 16383678
parsing position 16393678
parsing position 16403678
parsing position 16413678
parsing position 16424735
parsing position 16434735
parsing position 16444735
parsing position 16454735
parsing position 16464832
parsing position 16474832
parsing position 16484832
parsing position 16496630
parsing position 16506784
parsing position 16516784
parsing position 16526784
parsing position 16536784
parsing position 16546784
parsing position 16556784
parsing position 16566784
parsing position 16576784
parsing position 16586784
parsing position 16596784
parsing position 16606784
parsing position 16616784
parsing position 16626784
parsing position 16636784
parsing position 16646784
parsing position 16656784
parsing position 16666784
parsing position 16676784
parsing position 16686784
parsing position 16696784
parsing position 16706784
parsing position 16716784
parsing position 16726784
parsing position 16736784
parsing position 16746784
parsing position 16756784
parsing position 16766784
parsing position 16776784
parsing position 16786784
parsing position 16796784
parsing position 16806784
parsing position 16816784
parsing position 16826784
parsing position 16836784
parsing position 16846784
parsing position 16856784
parsing position 16866784
parsing position 16876784
parsing position 16886784
parsing position 16896784
parsing position 16906784
parsing position 16916784
parsing position 16926784
parsing position 16936784
parsing position 16946784
parsing position 16956784
parsing position 16966784
parsing position 16976784
parsing position 16986784
parsing position 16996784
parsing position 17006784
parsing position 17016784
parsing position 17026784
parsing position 17036784
parsing position 17046784
parsing position 17056784
parsing position 17066784
parsing position 17076784
parsing position 17086784
parsing position 17096784
parsing position 17106784
parsing position 17116784
parsing position 17126784
parsing position 17136784
parsing position 17146784
parsing position 17156784
parsing position 17166784
parsing position 17176784
parsing position 17187183
parsing position 17197183
parsing position 17207183
parsing position 17217183
parsing position 17227183
parsing position 17237183
parsing position 17247183
parsing position 17257183
parsing position 17267183
parsing position 17277183
parsing position 17287183
parsing position 17297183
parsing position 17307183
parsing position 17317183
parsing position 17327183
parsing position 17337183
parsing position 17347183
parsing position 17357183
parsing position 17367183
parsing position 17377183
parsing position 17387183
parsing position 17397183
parsing position 17407183
parsing position 17417183
parsing position 17427183
parsing position 17437183
parsing position 17447183
parsing position 17457183
parsing position 17467183
parsing position 17477183
parsing position 17488582
parsing position 17498911
parsing position 17508986
parsing position 17518986
parsing position 17528986
parsing position 17538986
parsing position 17548986
parsing position 17558986
parsing position 17568986
parsing position 17581705
parsing position 17591705
parsing position 17601705
parsing position 17611705
parsing position 17621705
parsing position 17631705
parsing position 17641705
parsing position 17651705
parsing position 17661769
parsing position 17671769
parsing position 17681769
parsing position 17691769
parsing position 17701769
parsing position 17711769
parsing position 17721769
parsing position 17731769
parsing position 17741769
parsing position 17751769
parsing position 17761769
parsing position 17771769
parsing position 17781769
parsing position 17791769
parsing position 17801769
parsing position 17811769
parsing position 17821769
parsing position 17831769
parsing position 17841914
parsing position 17851914
parsing position 17861914
parsing position 17871914
parsing position 17881914
parsing position 17891914
parsing position 17901914
parsing position 17911914
parsing position 17921914
parsing position 17931914
parsing position 17941914
parsing position 17951914
parsing position 17961914
parsing position 17971914
parsing position 17981914
parsing position 17991914
parsing position 18001914
parsing position 18011914
parsing position 18021914
parsing position 18031914
parsing position 18041914
parsing position 18051914
parsing position 18061914
parsing position 18071914
parsing position 18081914
parsing position 18091914
parsing position 18101914
parsing position 18111914
parsing position 18124332
parsing position 18134332
parsing position 18144332
parsing position 18154332
parsing position 18164332
parsing position 18174332
parsing position 18184332
parsing position 18194332
parsing position 18204332
parsing position 18214332
parsing position 18224332
parsing position 18234332
parsing position 18244332
parsing position 18254426
parsing position 18264426
parsing position 18274426
parsing position 18284426
parsing position 18294426
parsing position 18304426
parsing position 18314426
parsing position 18324426
parsing position 18334426
parsing position 18344426
parsing position 18354524
parsing position 18364524
parsing position 18374524
parsing position 18384524
parsing position 18394524
parsing position 18404524
parsing position 18414524
parsing position 18424524
parsing position 18434524
parsing position 18444524
parsing position 18454524
parsing position 18464524
parsing position 18474524
parsing position 18484524
parsing position 18494524
parsing position 18504524
parsing position 18515127
parsing position 18525127
parsing position 18535127
parsing position 18545127
parsing position 18555127
parsing position 18565127
parsing position 18575127
parsing position 18585127
parsing position 18595127
parsing position 18605127
parsing position 18615127
parsing position 18625127
parsing position 18635127
parsing position 18645127
parsing position 18655127
parsing position 18665127
parsing position 18675127
parsing position 18685127
parsing position 18695127
parsing position 18705127
parsing position 18715127
parsing position 18725127
parsing position 18735127
parsing position 18747096
parsing position 18757096
parsing position 18767096
parsing position 18779121
parsing position 18789121
parsing position 18799121
parsing position 18809121
parsing position 18819121
parsing position 18829121
parsing position 18847674
parsing position 18859910
parsing position 18869910
parsing position 18879910
parsing position 18889910
parsing position 18899910
parsing position 18909910
parsing position 18919910
parsing position 18929910
parsing position 18940066
parsing position 18950066
parsing position 18960066
parsing position 18970066
parsing position 18980066
parsing position 18990066
parsing position 19000066
parsing position 19010066
parsing position 19020066
parsing position 19030066
parsing position 19040066
parsing position 19050066
parsing position 19060066
parsing position 19070066
parsing position 19080066
parsing position 19090066
parsing position 19100066
parsing position 19110066
parsing position 19120066
parsing position 19130066
parsing position 19140066
parsing position 19150066
parsing position 19160066
parsing position 19170066
parsing position 19180066
parsing position 19190066
parsing position 19200066
parsing position 19210066
parsing position 19220066
parsing position 19230066
parsing position 19240066
parsing position 19250066
parsing position 19260066
parsing position 19270066
parsing position 19280066
parsing position 19290066
parsing position 19300066
parsing position 19310066
parsing position 19320066
parsing position 19330066
parsing position 19340066
parsing position 19350066
parsing position 19360066
parsing position 19370066
parsing position 19380066
parsing position 19390066
parsing position 19400066
parsing position 19410066
parsing position 19420066
parsing position 19430066
parsing position 19440066
parsing position 19450066
parsing position 19460179
parsing position 19470179
parsing position 19480688
parsing position 19490688
parsing position 19500688
parsing position 19510688
parsing position 19520688
parsing position 19530688
parsing position 19540688
parsing position 19550688
parsing position 19560688
parsing position 19570949
parsing position 19580949
parsing position 19590949
parsing position 19600949
parsing position 19610949
parsing position 19620949
parsing position 19630993
parsing position 19640993
parsing position 19650993
parsing position 19660993
parsing position 19670993
parsing position 19680993
parsing position 19690993
parsing position 19700993
parsing position 19710993
parsing position 19720993
parsing position 19730993
parsing position 19740993
parsing position 19750993
parsing position 19760993
parsing position 19770993
parsing position 19780993
parsing position 19790993
parsing position 19800993
parsing position 19810993
parsing position 19820993
parsing position 19873355
parsing position 19883355
parsing position 19893745
parsing position 19903745
parsing position 19913745
parsing position 19923745
parsing position 19933745
parsing position 19943745
parsing position 19953745
parsing position 19963745
parsing position 19973745
parsing position 19983745
parsing position 19993745
parsing position 20003745
parsing position 20013745
parsing position 20023745
parsing position 20033745
parsing position 20043745
parsing position 20053745
parsing position 20063745
parsing position 20073745
parsing position 20083745
parsing position 20093745
parsing position 20103745
parsing position 20113745
parsing position 20123745
parsing position 20133745
parsing position 20143745
parsing position 20153745
parsing position 20163745
parsing position 20173745
parsing position 20183745
parsing position 20193745
parsing position 20203745
parsing position 20213745
parsing position 20223745
parsing position 20233745
parsing position 20243745
parsing position 20253745
parsing position 20263745
parsing position 20273745
parsing position 20283745
parsing position 20293795
parsing position 20303795
parsing position 20313795
parsing position 20323795
parsing position 20333795
parsing position 20343795
parsing position 20353795
parsing position 20363795
parsing position 20373795
parsing position 20383795
parsing position 20393795
parsing position 20403795
parsing position 20413795
parsing position 20423795
parsing position 20433795
parsing position 20443795
parsing position 20453795
parsing position 20463795
parsing position 20473795
parsing position 20483795
parsing position 20493795
parsing position 20503795
parsing position 20513795
parsing position 20523795
parsing position 20533795
parsing position 20543795
parsing position 20553795
parsing position 20563795
parsing position 20573795
parsing position 20583795
parsing position 20593808
parsing position 20603808
parsing position 20613808
parsing position 20623808
parsing position 20633808
parsing position 20643916
parsing position 20653916
parsing position 20663916
parsing position 20673916
parsing position 20683916
parsing position 20693916
parsing position 20703916
parsing position 20713916
parsing position 20723916
parsing position 20733916
parsing position 20743916
parsing position 20753916
parsing position 20763916
parsing position 20773916
parsing position 20783916
parsing position 20793916
parsing position 20803916
parsing position 20813916
parsing position 20823916
parsing position 20833916
parsing position 20843916
parsing position 20853916
parsing position 20863916
parsing position 20873916
parsing position 20883916
parsing position 20893916
parsing position 20903916
parsing position 20913916
parsing position 20923916
parsing position 20933916
parsing position 20943916
parsing position 20953916
parsing position 20963916
parsing position 20973916
parsing position 20983916
parsing position 20993916
parsing position 21003916
parsing position 21013916
parsing position 21023916
parsing position 21033916
parsing position 21043916
parsing position 21053916
parsing position 21063916
parsing position 21073916
parsing position 21083916
parsing position 21093916
parsing position 21103916
parsing position 21113916
parsing position 21123916
parsing position 21133916
parsing position 21143916
parsing position 21153916
parsing position 21163916
parsing position 21173916
parsing position 21183916
parsing position 21193916
parsing position 21203916
parsing position 21213916
parsing position 21223916
parsing position 21233916
parsing position 21243916
parsing position 21253916
parsing position 21263916
parsing position 21273923
parsing position 21283923
parsing position 21293923
parsing position 21303923
parsing position 21313923
parsing position 21323923
parsing position 21333923
parsing position 21343923
parsing position 21353923
parsing position 21363923
parsing position 21373923
parsing position 21383923
parsing position 21394783
parsing position 21404783
parsing position 21414783
parsing position 21424783
parsing position 21434783
parsing position 21444783
parsing position 21454783
parsing position 21464783
parsing position 21474783
parsing position 21484783
parsing position 21494783
parsing position 21504783
parsing position 21514783
parsing position 21524783
parsing position 21534783
parsing position 21544783
parsing position 21554783
parsing position 21564783
parsing position 21574783
parsing position 21584783
parsing position 21594783
parsing position 21604783
parsing position 21614783
parsing position 21624783
parsing position 21634783
parsing position 21644783
parsing position 21654783
parsing position 21664783
parsing position 21674783
parsing position 21684783
parsing position 21694783
parsing position 21704783
parsing position 21714783
parsing position 21724783
parsing position 21734783
parsing position 21744783
parsing position 21754783
parsing position 21764783
parsing position 21774783
parsing position 21784783
parsing position 21794783
parsing position 21804783
parsing position 21814783
parsing position 21824783
parsing position 21834783
parsing position 21844783
parsing position 21854783
parsing position 21864783
parsing position 21874783
parsing position 21884783
parsing position 21894783
parsing position 21904783
parsing position 21914783
parsing position 21924783
parsing position 21934783
parsing position 21944783
parsing position 21954783
parsing position 21964783
parsing position 21974783
parsing position 21984783
parsing position 22014846
parsing position 22024846
parsing position 22034846
parsing position 22044846
parsing position 22054846
parsing position 22064846
parsing position 22074846
parsing position 22084846
parsing position 22094846
parsing position 22104846
parsing position 22114846
parsing position 22124846
parsing position 22134846
parsing position 22144846
parsing position 22154846
parsing position 22164846
parsing position 22174846
parsing position 22184846
parsing position 22194846
parsing position 22204846
parsing position 22214846
parsing position 22224846
parsing position 22234846
parsing position 22244846
parsing position 22254846
parsing position 22264846
parsing position 22274846
parsing position 22284846
parsing position 22294846
parsing position 22304846
parsing position 22314846
parsing position 22324846
parsing position 22334846
parsing position 22344946
parsing position 22354946
parsing position 22364946
parsing position 22374946
parsing position 22384946
parsing position 22394946
parsing position 22404946
parsing position 22414946
parsing position 22424946
parsing position 22434946
parsing position 22444946
parsing position 22454946
parsing position 22464946
parsing position 22474946
parsing position 22484946
parsing position 22494946
parsing position 22504946
parsing position 22514946
parsing position 22524946
parsing position 22534946
parsing position 22544946
parsing position 22554946
parsing position 22564946
parsing position 22574946
parsing position 22584946
parsing position 22594946
parsing position 22604946
parsing position 22614946
parsing position 22624946
parsing position 22634946
parsing position 22644946
parsing position 22654946
parsing position 22664946
parsing position 22674946
parsing position 22684946
parsing position 22694946
parsing position 22704946
parsing position 22714946
parsing position 22724946
parsing position 22734946
parsing position 22744946
parsing position 22754946
parsing position 22764946
parsing position 22774946
parsing position 22785102
parsing position 22795102
parsing position 22805102
parsing position 22815102
parsing position 22825102
parsing position 22835102
parsing position 22845102
parsing position 22855102
parsing position 22865102
parsing position 22875102
parsing position 22885102
parsing position 22895102
parsing position 22905102
parsing position 22915102
parsing position 22925102
parsing position 22935102
parsing position 22945102
parsing position 22955102
parsing position 22965102
parsing position 22975102
parsing position 22985102
parsing position 22995102
parsing position 23005102
parsing position 23015102
parsing position 23025102
parsing position 23035102
parsing position 23045102
parsing position 23055102
parsing position 23065102
parsing position 23075102
parsing position 23085102
parsing position 23095102
parsing position 23105102
parsing position 23115102
parsing position 23125102
parsing position 23135102
parsing position 23145102
parsing position 23155102
parsing position 23165102
parsing position 23175102
parsing position 23185102
parsing position 23195102
parsing position 23205102
parsing position 23215102
parsing position 23225102
parsing position 23235102
parsing position 23245102
parsing position 23255102
parsing position 23265102
parsing position 23275102
parsing position 23285145
parsing position 23295145
parsing position 23305145
parsing position 23315145
parsing position 23325145
parsing position 23335245
parsing position 23345245
parsing position 23355245
parsing position 23365245
parsing position 23375245
parsing position 23385245
parsing position 23395245
parsing position 23405245
parsing position 23447214
parsing position 23457214
parsing position 23467214
parsing position 23477214
parsing position 23487214
parsing position 23497214
parsing position 23507214
parsing position 23517214
parsing position 23527214
parsing position 23537214
parsing position 23547214
parsing position 23664595
parsing position 23674595
parsing position 23684595
parsing position 23694595
parsing position 23704595
parsing position 23714595
parsing position 23724595
parsing position 23734595
parsing position 23744595
parsing position 23754595
parsing position 23764595
parsing position 23774595
parsing position 23786869
parsing position 23796869
parsing position 23806869
parsing position 23816869
parsing position 23826869
parsing position 23836869
parsing position 23846869
parsing position 23856869
parsing position 23866869
parsing position 23876869
parsing position 23886869
parsing position 23896869
parsing position 23906869
parsing position 23916869
parsing position 23927153
parsing position 23937153
parsing position 23947153
parsing position 23957153
parsing position 23967153
parsing position 23977153
parsing position 23987153
parsing position 23997153
parsing position 24007153
parsing position 24017153
parsing position 24027153
parsing position 24037153
parsing position 24047153
parsing position 24057153
parsing position 24067153
parsing position 24077153
parsing position 24089942
parsing position 24099942
parsing position 24109942
parsing position 24119942
parsing position 24129942
parsing position 24139942
parsing position 24159658
parsing position 24169658
parsing position 24278970
parsing position 24289159
parsing position 24299159
parsing position 24309159
parsing position 24319159
parsing position 24330744
parsing position 24340744
parsing position 24350744
parsing position 24361637
parsing position 24371637
parsing position 24384281
parsing position 24394281
parsing position 24404281
parsing position 24414281
parsing position 24424281
parsing position 24434281
parsing position 24444281
parsing position 24454281
parsing position 24464281
parsing position 24474281
parsing position 24484281
parsing position 24494281
parsing position 24504281
parsing position 24514281
parsing position 24524281
parsing position 24534281
parsing position 24544281
parsing position 24554281
parsing position 24564281
parsing position 24574281
parsing position 24584281
parsing position 24594680
parsing position 24604680
parsing position 24614680
parsing position 24624680
parsing position 24634680
parsing position 24650253
parsing position 24662536
parsing position 24676560
parsing position 24688644
parsing position 24698644
parsing position 24708644
parsing position 24718644
parsing position 24728644
parsing position 24738644
parsing position 24748644
parsing position 24758644
parsing position 24769053
parsing position 24779053
parsing position 24789053
parsing position 24799053
parsing position 24809053
parsing position 24822319
parsing position 24832319
parsing position 24842319
parsing position 24854888
parsing position 24864888
parsing position 24874888
parsing position 24884888
parsing position 24894888
parsing position 24904888
parsing position 24914888
parsing position 24924888
parsing position 24934888
parsing position 24944888
parsing position 24954888
parsing position 24964888
parsing position 24974888
parsing position 24984888
parsing position 24994988
parsing position 25004988
parsing position 25014988
parsing position 25024988
parsing position 25034988
parsing position 25044988
parsing position 25054988
parsing position 25064988
parsing position 25076839
parsing position 25105681
parsing position 25115681
parsing position 25125681
parsing position 25135681
parsing position 25145681
parsing position 25155681
parsing position 25165681
parsing position 25175681
parsing position 25185681
parsing position 25195681
parsing position 25205681
parsing position 25215681
parsing position 25225681
parsing position 25235681
parsing position 25737381
parsing position 25747381
parsing position 25757381
parsing position 25767381
parsing position 25777381
parsing position 25787381
parsing position 25797381
parsing position 25807394
parsing position 25817394
parsing position 25827394
parsing position 25837394
parsing position 25847394
parsing position 25857394
parsing position 25867394
parsing position 25877394
parsing position 25895929
parsing position 25922149
parsing position 25932149
parsing position 25942149
parsing position 25952149
parsing position 25962149
parsing position 25972149
parsing position 25982149
parsing position 25992149
parsing position 26041928
parsing position 26052359
parsing position 26098155
parsing position 26108155
parsing position 26118155
parsing position 26128155
parsing position 26138155
parsing position 26148155
parsing position 26158155
parsing position 26168155
parsing position 26178155
parsing position 26188155
parsing position 26198155
parsing position 26208155
parsing position 26218155
parsing position 26228155
parsing position 26238155
parsing position 26248155
parsing position 26258155
parsing position 26268168
parsing position 26279981
parsing position 26289981
parsing position 26299981
parsing position 26309981
parsing position 26319981
parsing position 26329981
parsing position 26339981
parsing position 26349981
parsing position 26360181
parsing position 26370181
parsing position 26380181
parsing position 26390181
parsing position 26400181
parsing position 26410181
parsing position 26420181
parsing position 26430181
parsing position 26440181
parsing position 26450181
parsing position 26460181
parsing position 26470181
parsing position 26480181
parsing position 26490281
parsing position 26500281
parsing position 26510281
parsing position 26520281
parsing position 26530281
parsing position 26540281
parsing position 26550281
parsing position 26563338
parsing position 26583129
parsing position 26593129
parsing position 26603129
parsing position 26613129
parsing position 26623129
parsing position 26633463
parsing position 26643831
parsing position 26653831
parsing position 26663831
parsing position 26673831
parsing position 26683831
parsing position 26693831
parsing position 26703831
parsing position 26714331
parsing position 26724331
parsing position 26734331
parsing position 26744331
parsing position 26754331
parsing position 26764331
parsing position 26774331
parsing position 26784331
parsing position 26794331
parsing position 26804331
parsing position 26814331
parsing position 26824331
parsing position 26834331
parsing position 26844331
parsing position 26854331
parsing position 26864331
parsing position 26874331
parsing position 26884331
parsing position 26894331
parsing position 26904331
parsing position 26914331
parsing position 26924331
parsing position 26934331
parsing position 27073234
parsing position 27083234
parsing position 27093234
parsing position 27321621
parsing position 27331621
parsing position 27341621
parsing position 27351621
parsing position 27361621
parsing position 27371721
parsing position 27381721
parsing position 27391721
parsing position 27401721
parsing position 27411721
parsing position 27421721
parsing position 27431721
parsing position 27441721
parsing position 27451721
parsing position 27461721
parsing position 27471721
parsing position 27481721
parsing position 27491721
parsing position 27501721
parsing position 27511721
parsing position 27521721
parsing position 27531721
parsing position 27541721
parsing position 27551721
parsing position 27561721
parsing position 27571721
parsing position 27581721
parsing position 27591721
parsing position 27601721
parsing position 27611721
parsing position 27621721
parsing position 27631721
parsing position 27641721
parsing position 27651721
parsing position 27661721
parsing position 27671721
parsing position 27681721
parsing position 27691721
parsing position 27701821
parsing position 27717234
parsing position 27727234
parsing position 27737234
parsing position 27747234
parsing position 27757234
parsing position 27767234
parsing position 27777234
parsing position 27787234
parsing position 27797234
parsing position 27807234
parsing position 27817234
parsing position 27827234
parsing position 27837234
parsing position 27847234
parsing position 27889868
parsing position 27899868
parsing position 27909868
parsing position 27919868
parsing position 27929868
parsing position 27939868
parsing position 27949868
parsing position 27959868
parsing position 27973785
parsing position 27983785
parsing position 27993785
parsing position 28014051
parsing position 28024051
parsing position 28034051
parsing position 28044051
parsing position 28054051
parsing position 28064051
parsing position 28074051
parsing position 28084051
parsing position 28094051
parsing position 28104051
parsing position 28114051
parsing position 28124051
parsing position 28134051
parsing position 28144051
parsing position 28154051
parsing position 28164051
parsing position 28174051
parsing position 28184051
parsing position 28194051
parsing position 28204051
parsing position 28214051
parsing position 28224051
parsing position 28234051
parsing position 28244051
parsing position 28254051
parsing position 28264051
parsing position 28274051
parsing position 28284051
parsing position 28294051
parsing position 28304051
parsing position 28314051
parsing position 28324051
parsing position 28334051
parsing position 28344051
parsing position 28354051
parsing position 28364051
parsing position 28374051
parsing position 28384051
parsing position 28394051
parsing position 28404051
parsing position 28686001
parsing position 28696001
parsing position 28706001
parsing position 28716001
parsing position 28726001
parsing position 28736001
parsing position 28746001
parsing position 28756001
parsing position 28766001
parsing position 28776001
parsing position 28786001
parsing position 28796001
parsing position 28806001
parsing position 28816001
parsing position 28826001
parsing position 28836001
parsing position 28846001
parsing position 28856001
parsing position 28866001
parsing position 28876001
parsing position 28886001
parsing position 28896001
parsing position 28906001
parsing position 28916001
parsing position 28926001
parsing position 28936001
parsing position 28946001
parsing position 28956001
parsing position 28966001
parsing position 28976001
parsing position 28986501
parsing position 28996501
parsing position 29006501
parsing position 29016501
parsing position 29026501
parsing position 29036501
parsing position 29046501
parsing position 29056501
parsing position 29066501
parsing position 29076501
parsing position 29086501
parsing position 29096501
parsing position 29106501
parsing position 29116501
parsing position 29126501
parsing position 29136501
parsing position 29146501
parsing position 29156501
parsing position 29166501
parsing position 29176501
parsing position 29186501
parsing position 29330107
parsing position 29340107
parsing position 29350107
parsing position 29616090
parsing position 29626090
parsing position 29636090
parsing position 29646090
parsing position 29656090
parsing position 29666090
parsing position 29764866
parsing position 29774866
parsing position 29784866
parsing position 29794866
parsing position 29804866
parsing position 29814866
parsing position 29824866
parsing position 29834866
parsing position 29844966
parsing position 29854966
parsing position 29864966
parsing position 29874966
parsing position 29884966
parsing position 29894966
parsing position 29904966
parsing position 29914966
parsing position 29925066
parsing position 29935066
parsing position 29945066
parsing position 29955066
parsing position 29965066
parsing position 29975066
parsing position 29985066
parsing position 29995066
parsing position 30069793
parsing position 30079793
parsing position 30089793
parsing position 30099793
parsing position 30109793
parsing position 30119793
parsing position 30129793
parsing position 30139793
parsing position 30149793
parsing position 30159793
parsing position 30169793
parsing position 30179793
parsing position 30189793
parsing position 30199793
parsing position 30209793
parsing position 30219793
parsing position 30269636
parsing position 30279636
parsing position 30289636
parsing position 30299636
parsing position 30309636
parsing position 30319636
parsing position 30583773
parsing position 30593873
parsing position 30603873
parsing position 30614002
parsing position 30624002
parsing position 30634002
parsing position 30644002
parsing position 30654002
parsing position 30664002
parsing position 30674002
parsing position 30684002
parsing position 30694002
parsing position 30704002
parsing position 30714002
parsing position 30724002
parsing position 30734002
parsing position 30744333
parsing position 30754333
parsing position 30764333
parsing position 30774333
parsing position 30784333
parsing position 30794333
parsing position 30804333
parsing position 30815913
parsing position 30830994
parsing position 30840994
parsing position 30850994
parsing position 30860994
parsing position 30870994
parsing position 30880994
parsing position 30890994
parsing position 30900994
parsing position 30922638
parsing position 30932638
parsing position 30942638
parsing position 30952638
parsing position 30962752
parsing position 30972752
parsing position 30982752
parsing position 30992752
parsing position 31002752
parsing position 31012752
parsing position 31022866
parsing position 31032866
parsing position 31045970
parsing position 31059178
parsing position 31069178
parsing position 31079178
parsing position 31089773
parsing position 31099833
parsing position 31109833
parsing position 31119833
parsing position 31129833
parsing position 31139833
parsing position 31149833
parsing position 31159833
parsing position 31169833
parsing position 31179833
parsing position 31189833
parsing position 31199833
parsing position 31210202
parsing position 31220653
parsing position 31230653
parsing position 31240653
parsing position 31250653
parsing position 31308796
parsing position 31318796
parsing position 31328796
parsing position 31338796
parsing position 31348796
parsing position 31358796
parsing position 31368796
parsing position 31378796
parsing position 31388796
parsing position 31398796
parsing position 31408796
parsing position 31418796
parsing position 31428796
parsing position 31438796
parsing position 31448796
parsing position 31458796
parsing position 31468796
parsing position 31478796
parsing position 31488796
parsing position 31498796
parsing position 31508796
parsing position 31518796
parsing position 31528796
parsing position 31538796
parsing position 31548796
parsing position 31558796
parsing position 31568796
parsing position 31578796
parsing position 31589566
parsing position 31599566
parsing position 31609566
parsing position 31619566
parsing position 31629566
parsing position 31639566
parsing position 31649566
parsing position 31659566
parsing position 31669566
parsing position 31679566
parsing position 31689566
parsing position 31699566
parsing position 31709913
parsing position 31719913
parsing position 31729913
parsing position 31739913
parsing position 31749913
parsing position 31759913
parsing position 31769913
parsing position 31779913
parsing position 31789913
parsing position 31799913
parsing position 31809913
parsing position 31819913
parsing position 31829913
parsing position 31839913
parsing position 31849913
parsing position 31859913
parsing position 31869913
parsing position 31879913
parsing position 31889913
parsing position 31899913
parsing position 31909913
parsing position 31919913
parsing position 31929913
parsing position 31939913
parsing position 31949913
parsing position 31959913
parsing position 31969913
parsing position 31979913
parsing position 31989913
parsing position 31999913
parsing position 32009913
parsing position 32019913
parsing position 32029913
parsing position 32039913
parsing position 32049913
parsing position 32059913
parsing position 32069913
parsing position 32080159
parsing position 32090159
parsing position 32100159
parsing position 32110159
parsing position 32120159
parsing position 32130159
parsing position 32140159
parsing position 32150159
parsing position 32160159
parsing position 32170159
parsing position 32180159
parsing position 32190159
parsing position 32200159
parsing position 32210159
parsing position 32234676
parsing position 32244676
parsing position 32254676
parsing position 32264676
parsing position 32274676
parsing position 32284676
parsing position 32294676
parsing position 32304676
parsing position 32314676
parsing position 32325039
parsing position 32335039
parsing position 32345039
parsing position 32355039
parsing position 32365039
parsing position 32375039
parsing position 32385039
parsing position 32395039
parsing position 32405039
parsing position 32415039
parsing position 32425039
parsing position 32435039
parsing position 32445039
parsing position 32455039
parsing position 32465039
parsing position 32475039
parsing position 32485039
parsing position 32495039
parsing position 32505039
parsing position 32515039
parsing position 32525039
parsing position 32535039
parsing position 32545039
parsing position 32555039
parsing position 32565039
parsing position 32575039
parsing position 32585039
parsing position 32595039
parsing position 32605039
parsing position 32615039
parsing position 32625039
parsing position 32635039
parsing position 32645039
parsing position 32655039
parsing position 32665039
parsing position 32675039
parsing position 32685039
parsing position 32695039
parsing position 32705039
parsing position 32715039
parsing position 32725039
parsing position 32735707
parsing position 32745707
parsing position 32756931
parsing position 32768963
parsing position 32779154
parsing position 32790035
parsing position 32802012
parsing position 32812012
parsing position 32822012
parsing position 32832012
parsing position 32842012
parsing position 32852012
parsing position 32862012
parsing position 32872012
parsing position 32882012
parsing position 32892012
parsing position 32902012
parsing position 32912012
parsing position 32922012
parsing position 32932012
parsing position 32942012
parsing position 32952012
parsing position 32962012
parsing position 32972012
parsing position 32982012
parsing position 33000922
parsing position 33010922
parsing position 33020922
parsing position 33030922
parsing position 33040922
parsing position 33050922
parsing position 33060922
parsing position 33070922
parsing position 33080922
parsing position 33090922
parsing position 33100922
parsing position 33110922
parsing position 33120922
parsing position 33130922
parsing position 33140922
parsing position 33150922
parsing position 33160922
parsing position 33170922
parsing position 33180922
parsing position 33190922
parsing position 33200922
parsing position 33210922
parsing position 33220922
parsing position 33230922
parsing position 33240922
parsing position 33250922
parsing position 33260922
parsing position 33270922
parsing position 33280922
parsing position 33290922
[Wed May 21 23:38:52 2025]
Finished job 0.
1 of 1 steps (100%) done
Storing output in storage.
[Wed May 21 23:38:52 2025]
Finished job 0.
1 of 1 steps (100%) done
Storing output in storage.
