host: cpu-p-245
Building DAG of jobs...
Using shell: /usr/bin/bash
Provided remote nodes: 1
Provided resources: mem_mb=100000, mem_mib=95368, disk_mb=1000, disk_mib=954
Select jobs to execute...
Execute 1 jobs...

[Mon May 19 21:00:23 2025]
rule BOOTSTRAPPING_MULTIHET_FILE:
    input: sharks/HydCol/MSMC/Output_multihet_filtered_95/CM068771.1_multihet.txt
    output: sharks/HydCol/MSMC/Output_Multihet_Bootstrapped/17/CM068771.1_multihet.txt
    jobid: 0
    reason: Forced execution
    wildcards: CLADE=sharks, SPEC_NAME=HydCol, BOOT=17, CHR=CM068771.1
    resources: mem_mb=100000, mem_mib=95368, disk_mb=1000, disk_mib=954, tmpdir=<TBD>, slurm_account=DURBIN-SL2-CPU, slurm_partition=cclake-himem, runtime=120

host: cpu-p-245
Building DAG of jobs...
Using shell: /usr/bin/bash
Provided cores: 1 (use --cores to define parallelism)
Rules claiming more threads will be scaled down.
Provided resources: mem_mb=100000, mem_mib=95368, disk_mb=1000, disk_mib=954
Select jobs to execute...
Execute 1 jobs...

[Mon May 19 21:00:25 2025]
localrule BOOTSTRAPPING_MULTIHET_FILE:
    input: sharks/HydCol/MSMC/Output_multihet_filtered_95/CM068771.1_multihet.txt
    output: sharks/HydCol/MSMC/Output_Multihet_Bootstrapped/17/CM068771.1_multihet.txt
    jobid: 0
    reason: Forced execution
    wildcards: CLADE=sharks, SPEC_NAME=HydCol, BOOT=17, CHR=CM068771.1
    resources: mem_mb=100000, mem_mib=95368, disk_mb=1000, disk_mib=954, tmpdir=/tmp, slurm_account=DURBIN-SL2-CPU, slurm_partition=cclake-himem, runtime=120

inmhs is sharks/HydCol/MSMC/Output_multihet_filtered_95/CM068771.1_multihet.txt
outmhs is sharks/HydCol/MSMC/Output_Multihet_Bootstrapped/17/CM068771.1_multihet.txt
start_block is 1000
windowsize is 5e+06
heterozygosity of sharks/HydCol/MSMC/Output_multihet_filtered_95/CM068771.1_multihet.txt = 0.003889325026732901
seq_length=5222721
num_windows=1
Traceback (most recent call last):
  File "/rds/project/rds-8b3VcZwY7rY/users/ag2427/hpc-work/20241011_jaskaran_script_msmc_fileprep/block_bootstrap_mhs.py", line 55, in <module>
    block_indices_to_use = np.random.randint(1,num_windows,num_windows)
                           ^^^^^^^^^^^^^^^^^^^^^^^^^^^^^^^^^^^^^^^^^^^^
  File "numpy/random/mtrand.pyx", line 782, in numpy.random.mtrand.RandomState.randint
  File "numpy/random/_bounded_integers.pyx", line 1334, in numpy.random._bounded_integers._rand_int64
ValueError: low >= high
RuleException:
CalledProcessError in file /rds/project/rds-p67MZilb2eQ/projects/VGP/heterozygosity/Snakefile, line 737:
Command 'set -euo pipefail;  
        mkdir -p sharks/HydCol/MSMC/Output_Multihet_Bootstrapped/17
        python /rds/project/rds-8b3VcZwY7rY/users/ag2427/hpc-work/20241011_jaskaran_script_msmc_fileprep/block_bootstrap_mhs.py --inmhs sharks/HydCol/MSMC/Output_multihet_filtered_95/CM068771.1_multihet.txt --windowsize 5e+06 --outmhs sharks/HydCol/MSMC/Output_Multihet_Bootstrapped/17/CM068771.1_multihet.txt' returned non-zero exit status 1.
[Mon May 19 21:00:26 2025]
Error in rule BOOTSTRAPPING_MULTIHET_FILE:
    jobid: 0
    input: sharks/HydCol/MSMC/Output_multihet_filtered_95/CM068771.1_multihet.txt
    output: sharks/HydCol/MSMC/Output_Multihet_Bootstrapped/17/CM068771.1_multihet.txt
    shell:
        
        mkdir -p sharks/HydCol/MSMC/Output_Multihet_Bootstrapped/17
        python /rds/project/rds-8b3VcZwY7rY/users/ag2427/hpc-work/20241011_jaskaran_script_msmc_fileprep/block_bootstrap_mhs.py --inmhs sharks/HydCol/MSMC/Output_multihet_filtered_95/CM068771.1_multihet.txt --windowsize 5e+06 --outmhs sharks/HydCol/MSMC/Output_Multihet_Bootstrapped/17/CM068771.1_multihet.txt
        
        (one of the commands exited with non-zero exit code; note that snakemake uses bash strict mode!)

Shutting down, this might take some time.
Exiting because a job execution failed. Look above for error message
Storing output in storage.
WorkflowError:
At least one job did not complete successfully.
srun: error: cpu-p-245: task 0: Exited with exit code 1
[Mon May 19 21:00:26 2025]
Error in rule BOOTSTRAPPING_MULTIHET_FILE:
    jobid: 0
    input: sharks/HydCol/MSMC/Output_multihet_filtered_95/CM068771.1_multihet.txt
    output: sharks/HydCol/MSMC/Output_Multihet_Bootstrapped/17/CM068771.1_multihet.txt
    shell:
        
        mkdir -p sharks/HydCol/MSMC/Output_Multihet_Bootstrapped/17
        python /rds/project/rds-8b3VcZwY7rY/users/ag2427/hpc-work/20241011_jaskaran_script_msmc_fileprep/block_bootstrap_mhs.py --inmhs sharks/HydCol/MSMC/Output_multihet_filtered_95/CM068771.1_multihet.txt --windowsize 5e+06 --outmhs sharks/HydCol/MSMC/Output_Multihet_Bootstrapped/17/CM068771.1_multihet.txt
        
        (one of the commands exited with non-zero exit code; note that snakemake uses bash strict mode!)

Shutting down, this might take some time.
Exiting because a job execution failed. Look above for error message
Storing output in storage.
WorkflowError:
At least one job did not complete successfully.
