host: cpu-p-160
Building DAG of jobs...
Using shell: /usr/bin/bash
Provided remote nodes: 1
Provided resources: mem_mb=100000, mem_mib=95368, disk_mb=1479, disk_mib=1411
Select jobs to execute...
Execute 1 jobs...

[Mon May 19 22:13:41 2025]
rule CALC_HET_PER_CHR:
    input: sharks/MobBir/temp/MobBir_Var_Only.txt, sharks/MobBir/Reference_MobBir_Chroms_Lengths.txt, sharks/MobBir/MobBir_ROH_Results.csv
    output: sharks/MobBir/20250411_CM057588.1_het.txt
    jobid: 0
    reason: Forced execution
    wildcards: CLADE=sharks, SPEC_NAME=MobBir, TODAY_DATE=20250411, CHR=CM057588.1
    resources: mem_mb=100000, mem_mib=95368, disk_mb=1479, disk_mib=1411, tmpdir=<TBD>, slurm_account=DURBIN-SL2-CPU, slurm_partition=cclake-himem, runtime=120

host: cpu-p-160
Building DAG of jobs...
Using shell: /usr/bin/bash
Provided cores: 1 (use --cores to define parallelism)
Rules claiming more threads will be scaled down.
Provided resources: mem_mb=100000, mem_mib=95368, disk_mb=1479, disk_mib=1411
Select jobs to execute...
Execute 1 jobs...

[Mon May 19 22:13:43 2025]
localrule CALC_HET_PER_CHR:
    input: sharks/MobBir/temp/MobBir_Var_Only.txt, sharks/MobBir/Reference_MobBir_Chroms_Lengths.txt, sharks/MobBir/MobBir_ROH_Results.csv
    output: sharks/MobBir/20250411_CM057588.1_het.txt
    jobid: 0
    reason: Forced execution
    wildcards: CLADE=sharks, SPEC_NAME=MobBir, TODAY_DATE=20250411, CHR=CM057588.1
    resources: mem_mb=100000, mem_mib=95368, disk_mb=1479, disk_mib=1411, tmpdir=/tmp, slurm_account=DURBIN-SL2-CPU, slurm_partition=cclake-himem, runtime=120

Waiting at most 60 seconds for missing files:
sharks/MobBir/20250411_CM057588.1_het.txt (missing locally)
MissingOutputException in rule CALC_HET_PER_CHR in file /rds/project/rds-p67MZilb2eQ/projects/VGP/heterozygosity/Snakefile, line 441:
Job 0 completed successfully, but some output files are missing. Missing files after 60 seconds. This might be due to filesystem latency. If that is the case, consider to increase the wait time with --latency-wait:
sharks/MobBir/20250411_CM057588.1_het.txt (missing locally, parent dir contents: 20250411_CM057556.1_het.txt, 20250411_CM057585.1_ROH_Results.txt, 20250411_CM057580.1_ROH_Results.txt, 20250411_CM057572.1_het.txt, 20250411_CM057563.1_het.txt, MobBir_ROH_Results.csv, 20250411_CM057581.1_het.txt, 20250411_CM057569.1_GCA_030028105.1_FROH.txt, 20250411_CM057568.1_ROH_Results.txt, 20250411_CM057569.1_het.txt, 20250411_CM057556.1_ROH_Results.txt, 20250411_CM057567.1_het.txt, 20250411_CM057583.1_ROH_Results.txt, 20250411_CM057569.1_ROH_Results.txt, 20250411_CM057583.1_GCA_030028105.1_FROH.txt, MobBir_FASTGA.chain.fltr.srt.paf, 20250411_CM057566.1_GCA_030028105.1_FROH.txt, 20250411_CM057562.1_het.txt, 20250411_CM057574.1_het.txt, temp, 20250411_CM057566.1_het.txt, 20250411_CM057563.1_ROH_Results.txt, 20250411_CM057565.1_ROH_Results.txt, 20250411_CM057558.1_GCA_030028105.1_FROH.txt, 20250411_CM057575.1_het.txt, 20250411_CM057564.1_het.txt, 20250411_CM057584.1_het.txt, 20250411_CM057576.1_GCA_030028105.1_FROH.txt, 20250411_CM057564.1_ROH_Results.txt, 20250411_CM057573.1_ROH_Results.txt, 20250411_CM057570.1_ROH_Results.txt, 20250411_CM057581.1_ROH_Results.txt, MSMC, 20250411_CM057560.1_het.txt, 20250411_CM057576.1_ROH_Results.txt, 20250411_CM057572.1_ROH_Results.txt, MobBir_FASTGA.chain.chr.fltr.srt.paf, 20250411_CM057584.1_ROH_Results.txt, 20250411_CM057587.1_het.txt, 20250411_CM057558.1_het.txt, 20250411_CM057559.1_GCA_030028105.1_FROH.txt, 20250411_CM057587.1_GCA_030028105.1_FROH.txt, 20250411_CM057585.1_het.txt, MobBir.sam, 20250411_CM057568.1_het.txt, 20250411_CM057578.1_het.txt, Reference_MobBir_Chroms_Lengths.txt, 20250411_CM057578.1_ROH_Results.txt, 20250411_CM057560.1_ROH_Results.txt, 20250411_CM057576.1_het.txt, 20250411_CM057571.1_het.txt, 20250411_CM057558.1_ROH_Results.txt, 20250411_CM057557.1_ROH_Results.txt, 20250411_CM057586.1_het.txt, 20250411_CM057586.1_ROH_Results.txt, 20250411_CM057561.1_ROH_Results.txt, 20250411_CM057565.1_het.txt, 20250411_CM057573.1_GCA_030028105.1_FROH.txt, MobBir_FASTGA.chain.fltr.paf, 20250411_CM057588.1_ROH_Results.txt, 20250411_CM057575.1_GCA_030028105.1_FROH.txt, 20250411_CM057577.1_ROH_Results.txt, 20250411_CM057565.1_GCA_030028105.1_FROH.txt, MobBir_ALN.1aln, 20250411_CM057587.1_ROH_Results.txt, 20250411_CM057580.1_GCA_030028105.1_FROH.txt, MobBir_ALN.chain.1aln, MobBir_FASTGA.chain.paf, 20250411_CM057577.1_het.txt, 20250411_CM057561.1_het.txt, 20250411_CM057580.1_het.txt, 20250411_CM057571.1_ROH_Results.txt, 20250411_CM057579.1_ROH_Results.txt, 20250411_CM057562.1_ROH_Results.txt, 20250411_CM057567.1_ROH_Results.txt, 20250411_CM057582.1_GCA_030028105.1_FROH.txt, 20250411_CM057575.1_ROH_Results.txt, 20250411_MobBir_FROH.txt, 20250411_CM057574.1_ROH_Results.txt, 20250411_CM057570.1_het.txt, 20250411_CM057557.1_het.txt, 20250411_CM057559.1_ROH_Results.txt, 20250411_CM057566.1_ROH_Results.txt, 20250411_CM057573.1_het.txt, 20250411_CM057559.1_het.txt, 20250411_CM057583.1_het.txt, 20250411_CM057579.1_het.txt, 20250411_CM057582.1_ROH_Results.txt)
Shutting down, this might take some time.
Exiting because a job execution failed. Look above for error message
Storing output in storage.
WorkflowError:
At least one job did not complete successfully.
srun: error: cpu-p-160: task 0: Exited with exit code 1
[Mon May 19 22:19:01 2025]
Error in rule CALC_HET_PER_CHR:
    jobid: 0
    input: sharks/MobBir/temp/MobBir_Var_Only.txt, sharks/MobBir/Reference_MobBir_Chroms_Lengths.txt, sharks/MobBir/MobBir_ROH_Results.csv
    output: sharks/MobBir/20250411_CM057588.1_het.txt
    shell:
        
        python /rds/project/rds-p67MZilb2eQ/projects/VGP/heterozygosity/20250325_find_het_per_chr_V3.py sharks/MobBir/temp/MobBir_Var_Only.txt sharks/MobBir/Reference_MobBir_Chroms_Lengths.txt sharks MobBir 20250411 1000000 500000 32 sharks/MobBir/MobBir_ROH_Results.csv
        
        (one of the commands exited with non-zero exit code; note that snakemake uses bash strict mode!)

Shutting down, this might take some time.
Exiting because a job execution failed. Look above for error message
Storing output in storage.
WorkflowError:
At least one job did not complete successfully.
