host: cpu-p-248
Building DAG of jobs...
Using shell: /usr/bin/bash
Provided remote nodes: 1
Provided resources: mem_mb=10000, mem_mib=9537, disk_mb=1000, disk_mib=954
Select jobs to execute...
Execute 1 jobs...

[Fri May 23 14:37:44 2025]
rule PLOT_MSMC:
    input: sharks/HypSab/20250425_HypSab.msmc2.final.txt
    output: sharks/HypSab/20250425_HypSab_MSMC2.svg
    jobid: 0
    reason: Forced execution
    wildcards: CLADE=sharks, SPEC_NAME=HypSab, TODAY_DATE=20250425
    resources: mem_mb=10000, mem_mib=9537, disk_mb=1000, disk_mib=954, tmpdir=<TBD>, slurm_account=DURBIN-SL2-CPU, slurm_partition=cclake-himem, runtime=60

host: cpu-p-248
Building DAG of jobs...
Using shell: /usr/bin/bash
Provided cores: 1 (use --cores to define parallelism)
Rules claiming more threads will be scaled down.
Provided resources: mem_mb=10000, mem_mib=9537, disk_mb=1000, disk_mib=954
Select jobs to execute...
Execute 1 jobs...

[Fri May 23 14:37:46 2025]
localrule PLOT_MSMC:
    input: sharks/HypSab/20250425_HypSab.msmc2.final.txt
    output: sharks/HypSab/20250425_HypSab_MSMC2.svg
    jobid: 0
    reason: Forced execution
    wildcards: CLADE=sharks, SPEC_NAME=HypSab, TODAY_DATE=20250425
    resources: mem_mb=10000, mem_mib=9537, disk_mb=1000, disk_mib=954, tmpdir=/tmp, slurm_account=DURBIN-SL2-CPU, slurm_partition=cclake-himem, runtime=60


Attaching package: ‘dplyr’

The following objects are masked from ‘package:stats’:

    filter, lag

The following objects are masked from ‘package:base’:

    intersect, setdiff, setequal, union

Error in dat$left_time_boundary/mu : 
  non-numeric argument to binary operator
Calls: plot
Execution halted
RuleException:
CalledProcessError in file /rds/project/rds-p67MZilb2eQ/projects/VGP/heterozygosity/Snakefile, line 813:
Command 'set -euo pipefail;  
        Rscript /rds/project/rds-p67MZilb2eQ/projects/VGP/heterozygosity/20250508_Plot_MSMC.R sharks 20250425 HypSab 1.25e-08 18.8 sharks/HypSab/20250425_HypSab_MSMC2.svg sharks/HypSab/20250425_HypSab.msmc2.final.txt' returned non-zero exit status 1.
[Fri May 23 14:37:48 2025]
Error in rule PLOT_MSMC:
    jobid: 0
    input: sharks/HypSab/20250425_HypSab.msmc2.final.txt
    output: sharks/HypSab/20250425_HypSab_MSMC2.svg
    shell:
        
        Rscript /rds/project/rds-p67MZilb2eQ/projects/VGP/heterozygosity/20250508_Plot_MSMC.R sharks 20250425 HypSab 1.25e-08 18.8 sharks/HypSab/20250425_HypSab_MSMC2.svg sharks/HypSab/20250425_HypSab.msmc2.final.txt
        
        (one of the commands exited with non-zero exit code; note that snakemake uses bash strict mode!)

Removing output files of failed job PLOT_MSMC since they might be corrupted:
sharks/HypSab/20250425_HypSab_MSMC2.svg
Shutting down, this might take some time.
Exiting because a job execution failed. Look above for error message
Storing output in storage.
WorkflowError:
At least one job did not complete successfully.
srun: error: cpu-p-248: task 0: Exited with exit code 1
[Fri May 23 14:37:49 2025]
Error in rule PLOT_MSMC:
    jobid: 0
    input: sharks/HypSab/20250425_HypSab.msmc2.final.txt
    output: sharks/HypSab/20250425_HypSab_MSMC2.svg
    shell:
        
        Rscript /rds/project/rds-p67MZilb2eQ/projects/VGP/heterozygosity/20250508_Plot_MSMC.R sharks 20250425 HypSab 1.25e-08 18.8 sharks/HypSab/20250425_HypSab_MSMC2.svg sharks/HypSab/20250425_HypSab.msmc2.final.txt
        
        (one of the commands exited with non-zero exit code; note that snakemake uses bash strict mode!)

Shutting down, this might take some time.
Exiting because a job execution failed. Look above for error message
Storing output in storage.
WorkflowError:
At least one job did not complete successfully.
