host: cpu-p-250
Building DAG of jobs...
Using shell: /usr/bin/bash
Provided remote nodes: 1
Provided resources: mem_mb=10000, mem_mib=9537, disk_mb=1000, disk_mib=954
Select jobs to execute...
Execute 1 jobs...

[Sun May 25 17:07:53 2025]
rule CALL_PLOIDY:
    input: sharks/HetFra/temp/CM070964.1_pileup.vcf.gz
    output: sharks/HetFra/MSMC/Output_bam_caller_BED/CM070964.1_unmodified_bed.txt.gz, sharks/HetFra/temp/CM070964.1_only_snps.vcf.bgz
    jobid: 0
    reason: Forced execution
    wildcards: CLADE=sharks, SPEC_NAME=HetFra, CHROM=CM070964.1
    resources: mem_mb=10000, mem_mib=9537, disk_mb=1000, disk_mib=954, tmpdir=<TBD>, slurm_account=DURBIN-SL2-CPU, slurm_partition=cclake-himem, runtime=60

host: cpu-p-250
Building DAG of jobs...
Using shell: /usr/bin/bash
Provided cores: 1 (use --cores to define parallelism)
Rules claiming more threads will be scaled down.
Provided resources: mem_mb=10000, mem_mib=9537, disk_mb=1000, disk_mib=954
Select jobs to execute...
Execute 1 jobs...

[Sun May 25 17:07:54 2025]
localrule CALL_PLOIDY:
    input: sharks/HetFra/temp/CM070964.1_pileup.vcf.gz
    output: sharks/HetFra/MSMC/Output_bam_caller_BED/CM070964.1_unmodified_bed.txt.gz, sharks/HetFra/temp/CM070964.1_only_snps.vcf.bgz
    jobid: 0
    reason: Forced execution
    wildcards: CLADE=sharks, SPEC_NAME=HetFra, CHROM=CM070964.1
    resources: mem_mb=10000, mem_mib=9537, disk_mb=1000, disk_mib=954, tmpdir=/tmp, slurm_account=DURBIN-SL2-CPU, slurm_partition=cclake-himem, runtime=60

Waiting at most 60 seconds for missing files:
sharks/HetFra/MSMC/Output_bam_caller_BED/CM070964.1_unmodified_bed.txt.gz (missing locally)
MissingOutputException in rule CALL_PLOIDY in file /rds/project/rds-p67MZilb2eQ/projects/VGP/heterozygosity/Snakefile, line 660:
Job 0 completed successfully, but some output files are missing. Missing files after 60 seconds. This might be due to filesystem latency. If that is the case, consider to increase the wait time with --latency-wait:
sharks/HetFra/MSMC/Output_bam_caller_BED/CM070964.1_unmodified_bed.txt.gz (missing locally, parent dir contents: )
Removing output files of failed job CALL_PLOIDY since they might be corrupted:
sharks/HetFra/temp/CM070964.1_only_snps.vcf.bgz
Shutting down, this might take some time.
Exiting because a job execution failed. Look above for error message
Storing output in storage.
WorkflowError:
At least one job did not complete successfully.
srun: error: cpu-p-250: task 0: Exited with exit code 1
[Sun May 25 17:08:54 2025]
Error in rule CALL_PLOIDY:
    jobid: 0
    input: sharks/HetFra/temp/CM070964.1_pileup.vcf.gz
    output: sharks/HetFra/MSMC/Output_bam_caller_BED/CM070964.1_unmodified_bed.txt.gz, sharks/HetFra/temp/CM070964.1_only_snps.vcf.bgz
    shell:
        
        bcftools call --ploidy 2 -c -V indels sharks/HetFra/temp/CM070964.1_pileup.vcf.gz | /rds/project/rds-8b3VcZwY7rY/users/ag2427/hpc-work/msmc-tools/bamCaller.py 1 sharks/HetFra/MSMC/Output_bam_caller_BED/CM070964.1_unmodified_bed.txt.gz | bgzip -c > sharks/HetFra/temp/CM070964.1_only_snps.vcf.bgz
        
        (one of the commands exited with non-zero exit code; note that snakemake uses bash strict mode!)

Shutting down, this might take some time.
Exiting because a job execution failed. Look above for error message
Storing output in storage.
WorkflowError:
At least one job did not complete successfully.
