host: cpu-p-252
Building DAG of jobs...
Using shell: /usr/bin/bash
Provided remote nodes: 1
Provided resources: mem_mb=100000, mem_mib=95368, disk_mb=1000, disk_mib=954
Select jobs to execute...
Execute 1 jobs...

[Tue May 20 12:46:44 2025]
rule PLOT_HET_PER_CHR:
    input: sharks/HetFra/HetFra_Het_Compiled.tsv
    output: sharks/HetFra/20250411_HetFra_CM070981.1_Het_Map.svg
    jobid: 0
    reason: Forced execution
    wildcards: CLADE=sharks, SPEC_NAME=HetFra, TODAY_DATE=20250411, CHR=CM070981.1
    resources: mem_mb=100000, mem_mib=95368, disk_mb=1000, disk_mib=954, tmpdir=<TBD>, slurm_account=DURBIN-SL2-CPU, slurm_partition=cclake-himem, runtime=120

host: cpu-p-252
Building DAG of jobs...
Using shell: /usr/bin/bash
Provided cores: 1 (use --cores to define parallelism)
Rules claiming more threads will be scaled down.
Provided resources: mem_mb=100000, mem_mib=95368, disk_mb=1000, disk_mib=954
Select jobs to execute...
Execute 1 jobs...

[Tue May 20 12:46:45 2025]
localrule PLOT_HET_PER_CHR:
    input: sharks/HetFra/HetFra_Het_Compiled.tsv
    output: sharks/HetFra/20250411_HetFra_CM070981.1_Het_Map.svg
    jobid: 0
    reason: Forced execution
    wildcards: CLADE=sharks, SPEC_NAME=HetFra, TODAY_DATE=20250411, CHR=CM070981.1
    resources: mem_mb=100000, mem_mib=95368, disk_mb=1000, disk_mib=954, tmpdir=/tmp, slurm_account=DURBIN-SL2-CPU, slurm_partition=cclake-himem, runtime=120


Attaching package: ‘dplyr’

The following objects are masked from ‘package:stats’:

    filter, lag

The following objects are masked from ‘package:base’:

    intersect, setdiff, setequal, union


Attaching package: ‘gridExtra’

The following object is masked from ‘package:dplyr’:

    combine

Error in names(x) <- value : 
  'names' attribute [9] must be the same length as the vector [8]
Calls: colnames<-
Execution halted
RuleException:
CalledProcessError in file /rds/project/rds-p67MZilb2eQ/projects/VGP/heterozygosity/Snakefile, line 517:
Command 'set -euo pipefail;  
        Rscript /rds/project/rds-p67MZilb2eQ/projects/VGP/heterozygosity/20250123_Plot_het_per_chr.R sharks/HetFra/HetFra_Het_Compiled.tsv 20250411 GCA_036365495.1 sharks 51 HetFra' returned non-zero exit status 1.
[Tue May 20 12:46:46 2025]
Error in rule PLOT_HET_PER_CHR:
    jobid: 0
    input: sharks/HetFra/HetFra_Het_Compiled.tsv
    output: sharks/HetFra/20250411_HetFra_CM070981.1_Het_Map.svg
    shell:
        
        Rscript /rds/project/rds-p67MZilb2eQ/projects/VGP/heterozygosity/20250123_Plot_het_per_chr.R sharks/HetFra/HetFra_Het_Compiled.tsv 20250411 GCA_036365495.1 sharks 51 HetFra
        
        (one of the commands exited with non-zero exit code; note that snakemake uses bash strict mode!)

Shutting down, this might take some time.
Exiting because a job execution failed. Look above for error message
Storing output in storage.
WorkflowError:
At least one job did not complete successfully.
srun: error: cpu-p-252: task 0: Exited with exit code 1
[Tue May 20 12:46:47 2025]
Error in rule PLOT_HET_PER_CHR:
    jobid: 0
    input: sharks/HetFra/HetFra_Het_Compiled.tsv
    output: sharks/HetFra/20250411_HetFra_CM070981.1_Het_Map.svg
    shell:
        
        Rscript /rds/project/rds-p67MZilb2eQ/projects/VGP/heterozygosity/20250123_Plot_het_per_chr.R sharks/HetFra/HetFra_Het_Compiled.tsv 20250411 GCA_036365495.1 sharks 51 HetFra
        
        (one of the commands exited with non-zero exit code; note that snakemake uses bash strict mode!)

Shutting down, this might take some time.
Exiting because a job execution failed. Look above for error message
Storing output in storage.
WorkflowError:
At least one job did not complete successfully.
