host: cpu-p-598
Building DAG of jobs...
Using shell: /usr/bin/bash
Provided remote nodes: 1
Provided resources: mem_mb=100000, mem_mib=95368, disk_mb=1000, disk_mib=954
Select jobs to execute...
Execute 1 jobs...

[Wed May 21 09:59:38 2025]
rule FROH_PER_AUT_CHR:
    input: sharks/HemOce/HemOce_ROH_Results.csv, sharks/HemOce/Reference_HemOce_Chroms_Lengths.txt, sharks/chrom_lists/GCF_020745735.1_chroms.txt, sharks/HemOce/temp/20250428_NC_083448.1_Var_Only.txt
    output: sharks/HemOce/20250428_NC_083448.1_GCF_020745735.1_FROH.txt
    jobid: 0
    reason: Forced execution
    wildcards: CLADE=sharks, SPEC_NAME=HemOce, TODAY_DATE=20250428, CHR=NC_083448.1, REF_NAME=GCF_020745735.1
    resources: mem_mb=100000, mem_mib=95368, disk_mb=1000, disk_mib=954, tmpdir=<TBD>, slurm_account=DURBIN-SL2-CPU, slurm_partition=cclake-himem, runtime=120

host: cpu-p-598
Building DAG of jobs...
Using shell: /usr/bin/bash
Provided cores: 1 (use --cores to define parallelism)
Rules claiming more threads will be scaled down.
Provided resources: mem_mb=100000, mem_mib=95368, disk_mb=1000, disk_mib=954
Select jobs to execute...
Execute 1 jobs...

[Wed May 21 09:59:39 2025]
localrule FROH_PER_AUT_CHR:
    input: sharks/HemOce/HemOce_ROH_Results.csv, sharks/HemOce/Reference_HemOce_Chroms_Lengths.txt, sharks/chrom_lists/GCF_020745735.1_chroms.txt, sharks/HemOce/temp/20250428_NC_083448.1_Var_Only.txt
    output: sharks/HemOce/20250428_NC_083448.1_GCF_020745735.1_FROH.txt
    jobid: 0
    reason: Forced execution
    wildcards: CLADE=sharks, SPEC_NAME=HemOce, TODAY_DATE=20250428, CHR=NC_083448.1, REF_NAME=GCF_020745735.1
    resources: mem_mb=100000, mem_mib=95368, disk_mb=1000, disk_mib=954, tmpdir=/tmp, slurm_account=DURBIN-SL2-CPU, slurm_partition=cclake-himem, runtime=120


Attaching package: ‘dplyr’

The following objects are masked from ‘package:stats’:

    filter, lag

The following objects are masked from ‘package:base’:

    intersect, setdiff, setequal, union

[Wed May 21 09:59:41 2025]
Finished job 0.
1 of 1 steps (100%) done
Storing output in storage.
[Wed May 21 09:59:41 2025]
Finished job 0.
1 of 1 steps (100%) done
Storing output in storage.
